[2024-05-06T12:18:10.735+0000] {local_task_job_runner.py:120} INFO - ::group::Pre task execution logs
[2024-05-06T12:18:10.763+0000] {taskinstance.py:2073} INFO - Dependencies all met for dep_context=non-requeueable deps ti=<TaskInstance: postgres_operator_dag.get_birth_date_mysql manual__2024-05-06T12:07:58.579599+00:00 [queued]>
[2024-05-06T12:18:10.777+0000] {taskinstance.py:2073} INFO - Dependencies all met for dep_context=requeueable deps ti=<TaskInstance: postgres_operator_dag.get_birth_date_mysql manual__2024-05-06T12:07:58.579599+00:00 [queued]>
[2024-05-06T12:18:10.779+0000] {taskinstance.py:2303} INFO - Starting attempt 3 of 3
[2024-05-06T12:18:10.796+0000] {taskinstance.py:2327} INFO - Executing <Task(MySqlOperator): get_birth_date_mysql> on 2024-05-06 12:07:58.579599+00:00
[2024-05-06T12:18:10.806+0000] {warnings.py:110} WARNING - /home/***/.local/lib/python3.12/site-packages/***/task/task_runner/standard_task_runner.py:61: DeprecationWarning: This process (pid=2297) is multi-threaded, use of fork() may lead to deadlocks in the child.
  pid = os.fork()

[2024-05-06T12:18:10.808+0000] {standard_task_runner.py:63} INFO - Started process 2299 to run task
[2024-05-06T12:18:10.808+0000] {standard_task_runner.py:90} INFO - Running: ['***', 'tasks', 'run', 'postgres_operator_dag', 'get_birth_date_mysql', 'manual__2024-05-06T12:07:58.579599+00:00', '--job-id', '234', '--raw', '--subdir', 'DAGS_FOLDER/kachevo.py', '--cfg-path', '/tmp/tmpo5bhy4l5']
[2024-05-06T12:18:10.811+0000] {standard_task_runner.py:91} INFO - Job 234: Subtask get_birth_date_mysql
[2024-05-06T12:18:10.876+0000] {task_command.py:426} INFO - Running <TaskInstance: postgres_operator_dag.get_birth_date_mysql manual__2024-05-06T12:07:58.579599+00:00 [running]> on host db2363de7199
[2024-05-06T12:18:10.992+0000] {taskinstance.py:2644} INFO - Exporting env vars: AIRFLOW_CTX_DAG_OWNER='***' AIRFLOW_CTX_DAG_ID='postgres_operator_dag' AIRFLOW_CTX_TASK_ID='get_birth_date_mysql' AIRFLOW_CTX_EXECUTION_DATE='2024-05-06T12:07:58.579599+00:00' AIRFLOW_CTX_TRY_NUMBER='3' AIRFLOW_CTX_DAG_RUN_ID='manual__2024-05-06T12:07:58.579599+00:00'
[2024-05-06T12:18:10.993+0000] {taskinstance.py:430} INFO - ::endgroup::
[2024-05-06T12:18:11.008+0000] {sql.py:276} INFO - Executing: SELECT birth_date FROM pet
[2024-05-06T12:18:11.026+0000] {base.py:84} INFO - Using connection ID 'mysql' for task execution.
[2024-05-06T12:18:11.041+0000] {base.py:84} INFO - Using connection ID 'mysql' for task execution.
[2024-05-06T12:18:11.057+0000] {sql.py:457} INFO - Running statement: SELECT birth_date FROM pet, parameters: {'begin_date': '2020-01-01', 'end_date': '2020-12-31'}
[2024-05-06T12:18:11.066+0000] {sql.py:466} INFO - Rows affected: 0
[2024-05-06T12:18:11.068+0000] {warnings.py:110} WARNING - /home/***/.local/lib/python3.12/site-packages/***/providers/common/sql/hooks/sql.py:407: AirflowProviderDeprecationWarning: Call to deprecated method _make_common_data_structure. (The `_make_serializable` method is deprecated and support will be removed in a future version of the common.sql provider. Please update the DbApiHook's provider to a version based on common.sql >= 1.9.1.)
  result = self._make_common_data_structure(handler(cur))

[2024-05-06T12:18:11.077+0000] {taskinstance.py:441} INFO - ::group::Post task execution logs
[2024-05-06T12:18:11.122+0000] {taskinstance.py:1205} INFO - Marking task as SUCCESS. dag_id=postgres_operator_dag, task_id=get_birth_date_mysql, execution_date=20240506T120758, start_date=20240506T121810, end_date=20240506T121811
[2024-05-06T12:18:11.183+0000] {local_task_job_runner.py:240} INFO - Task exited with return code 0
[2024-05-06T12:18:11.199+0000] {warnings.py:110} WARNING - /home/***/.local/lib/python3.12/site-packages/***/models/baseoperator.py:1296: AirflowProviderDeprecationWarning: Call to deprecated class MySqlOperator. (Please use `***.providers.common.sql.operators.sql.SQLExecuteQueryOperator`.Also, you can provide `hook_params={'schema': <database>}`.)
  result = cls.__new__(cls)

[2024-05-06T12:18:11.227+0000] {taskinstance.py:3482} INFO - 1 downstream tasks scheduled from follow-on schedule check
[2024-05-06T12:18:11.230+0000] {local_task_job_runner.py:222} INFO - ::endgroup::
