[2024-05-06T10:07:43.412+0000] {local_task_job_runner.py:120} INFO - ::group::Pre task execution logs
[2024-05-06T10:07:43.435+0000] {taskinstance.py:2073} INFO - Dependencies all met for dep_context=non-requeueable deps ti=<TaskInstance: postgres_operator_dag.create_pet_table manual__2024-05-06T10:07:42.295325+00:00 [queued]>
[2024-05-06T10:07:43.444+0000] {taskinstance.py:2073} INFO - Dependencies all met for dep_context=requeueable deps ti=<TaskInstance: postgres_operator_dag.create_pet_table manual__2024-05-06T10:07:42.295325+00:00 [queued]>
[2024-05-06T10:07:43.445+0000] {taskinstance.py:2303} INFO - Starting attempt 1 of 1
[2024-05-06T10:07:43.461+0000] {taskinstance.py:2327} INFO - Executing <Task(PostgresOperator): create_pet_table> on 2024-05-06 10:07:42.295325+00:00
[2024-05-06T10:07:43.468+0000] {warnings.py:110} WARNING - /home/***/.local/lib/python3.12/site-packages/***/task/task_runner/standard_task_runner.py:61: DeprecationWarning: This process (pid=233) is multi-threaded, use of fork() may lead to deadlocks in the child.
  pid = os.fork()

[2024-05-06T10:07:43.470+0000] {standard_task_runner.py:63} INFO - Started process 234 to run task
[2024-05-06T10:07:43.470+0000] {standard_task_runner.py:90} INFO - Running: ['***', 'tasks', 'run', 'postgres_operator_dag', 'create_pet_table', 'manual__2024-05-06T10:07:42.295325+00:00', '--job-id', '58', '--raw', '--subdir', 'DAGS_FOLDER/kachevo.py', '--cfg-path', '/tmp/tmp_0xffoeq']
[2024-05-06T10:07:43.474+0000] {standard_task_runner.py:91} INFO - Job 58: Subtask create_pet_table
[2024-05-06T10:07:43.518+0000] {task_command.py:426} INFO - Running <TaskInstance: postgres_operator_dag.create_pet_table manual__2024-05-06T10:07:42.295325+00:00 [running]> on host db2363de7199
[2024-05-06T10:07:43.605+0000] {taskinstance.py:2644} INFO - Exporting env vars: AIRFLOW_CTX_DAG_OWNER='***' AIRFLOW_CTX_DAG_ID='postgres_operator_dag' AIRFLOW_CTX_TASK_ID='create_pet_table' AIRFLOW_CTX_EXECUTION_DATE='2024-05-06T10:07:42.295325+00:00' AIRFLOW_CTX_TRY_NUMBER='1' AIRFLOW_CTX_DAG_RUN_ID='manual__2024-05-06T10:07:42.295325+00:00'
[2024-05-06T10:07:43.606+0000] {taskinstance.py:430} INFO - ::endgroup::
[2024-05-06T10:07:43.618+0000] {sql.py:276} INFO - Executing: 
            CREATE TABLE IF NOT EXISTS pet (
            pet_id SERIAL PRIMARY KEY,
            name VARCHAR NOT NULL,
            pet_type VARCHAR NOT NULL,
            birth_date DATE NOT NULL,
            OWNER VARCHAR NOT NULL);
          
[2024-05-06T10:07:43.627+0000] {base.py:84} INFO - Using connection ID 'postgres' for task execution.
[2024-05-06T10:07:43.637+0000] {base.py:84} INFO - Using connection ID 'postgres' for task execution.
[2024-05-06T10:07:43.690+0000] {sql.py:457} INFO - Running statement: 
            CREATE TABLE IF NOT EXISTS pet (
            pet_id SERIAL PRIMARY KEY,
            name VARCHAR NOT NULL,
            pet_type VARCHAR NOT NULL,
            birth_date DATE NOT NULL,
            OWNER VARCHAR NOT NULL);
          , parameters: None
[2024-05-06T10:07:43.699+0000] {warnings.py:110} WARNING - /home/***/.local/lib/python3.12/site-packages/***/providers/common/sql/hooks/sql.py:407: AirflowProviderDeprecationWarning: Call to deprecated method _make_common_data_structure. (The `_make_serializable` method is deprecated and support will be removed in a future version of the common.sql provider. Please update the DbApiHook's provider to a version based on common.sql >= 1.9.1.)
  result = self._make_common_data_structure(handler(cur))

[2024-05-06T10:07:43.702+0000] {taskinstance.py:441} INFO - ::group::Post task execution logs
[2024-05-06T10:07:43.713+0000] {taskinstance.py:1205} INFO - Marking task as SUCCESS. dag_id=postgres_operator_dag, task_id=create_pet_table, execution_date=20240506T100742, start_date=20240506T100743, end_date=20240506T100743
[2024-05-06T10:07:43.765+0000] {local_task_job_runner.py:240} INFO - Task exited with return code 0
[2024-05-06T10:07:43.775+0000] {warnings.py:110} WARNING - /home/***/.local/lib/python3.12/site-packages/***/models/baseoperator.py:1296: AirflowProviderDeprecationWarning: Call to deprecated class PostgresOperator. (Please use `***.providers.common.sql.operators.sql.SQLExecuteQueryOperator`.Also, you can provide `hook_params={'schema': <database>}`.)
  result = cls.__new__(cls)

[2024-05-06T10:07:43.776+0000] {warnings.py:110} WARNING - /home/***/.local/lib/python3.12/site-packages/***/models/baseoperator.py:1296: AirflowProviderDeprecationWarning: Call to deprecated class MySqlOperator. (Please use `***.providers.common.sql.operators.sql.SQLExecuteQueryOperator`.Also, you can provide `hook_params={'schema': <database>}`.)
  result = cls.__new__(cls)

[2024-05-06T10:07:43.792+0000] {taskinstance.py:3482} INFO - 1 downstream tasks scheduled from follow-on schedule check
[2024-05-06T10:07:43.793+0000] {local_task_job_runner.py:222} INFO - ::endgroup::
