[2024-05-06T10:01:28.341+0000] {local_task_job_runner.py:120} INFO - ::group::Pre task execution logs
[2024-05-06T10:01:28.360+0000] {taskinstance.py:2073} INFO - Dependencies all met for dep_context=non-requeueable deps ti=<TaskInstance: postgres_operator_dag.get_all_pets manual__2024-05-06T10:01:24.851160+00:00 [queued]>
[2024-05-06T10:01:28.367+0000] {taskinstance.py:2073} INFO - Dependencies all met for dep_context=requeueable deps ti=<TaskInstance: postgres_operator_dag.get_all_pets manual__2024-05-06T10:01:24.851160+00:00 [queued]>
[2024-05-06T10:01:28.368+0000] {taskinstance.py:2303} INFO - Starting attempt 1 of 1
[2024-05-06T10:01:28.379+0000] {taskinstance.py:2327} INFO - Executing <Task(PostgresOperator): get_all_pets> on 2024-05-06 10:01:24.851160+00:00
[2024-05-06T10:01:28.384+0000] {warnings.py:110} WARNING - /home/***/.local/lib/python3.12/site-packages/***/task/task_runner/standard_task_runner.py:61: DeprecationWarning: This process (pid=150) is multi-threaded, use of fork() may lead to deadlocks in the child.
  pid = os.fork()

[2024-05-06T10:01:28.385+0000] {standard_task_runner.py:63} INFO - Started process 151 to run task
[2024-05-06T10:01:28.385+0000] {standard_task_runner.py:90} INFO - Running: ['***', 'tasks', 'run', 'postgres_operator_dag', 'get_all_pets', 'manual__2024-05-06T10:01:24.851160+00:00', '--job-id', '55', '--raw', '--subdir', 'DAGS_FOLDER/kachevo.py', '--cfg-path', '/tmp/tmp2xtrxetb']
[2024-05-06T10:01:28.387+0000] {standard_task_runner.py:91} INFO - Job 55: Subtask get_all_pets
[2024-05-06T10:01:28.420+0000] {task_command.py:426} INFO - Running <TaskInstance: postgres_operator_dag.get_all_pets manual__2024-05-06T10:01:24.851160+00:00 [running]> on host db2363de7199
[2024-05-06T10:01:28.497+0000] {taskinstance.py:2644} INFO - Exporting env vars: AIRFLOW_CTX_DAG_OWNER='***' AIRFLOW_CTX_DAG_ID='postgres_operator_dag' AIRFLOW_CTX_TASK_ID='get_all_pets' AIRFLOW_CTX_EXECUTION_DATE='2024-05-06T10:01:24.851160+00:00' AIRFLOW_CTX_TRY_NUMBER='1' AIRFLOW_CTX_DAG_RUN_ID='manual__2024-05-06T10:01:24.851160+00:00'
[2024-05-06T10:01:28.499+0000] {taskinstance.py:430} INFO - ::endgroup::
[2024-05-06T10:01:28.509+0000] {sql.py:276} INFO - Executing: SELECT * FROM pet;
[2024-05-06T10:01:28.517+0000] {base.py:84} INFO - Using connection ID 'postgres' for task execution.
[2024-05-06T10:01:28.525+0000] {base.py:84} INFO - Using connection ID 'postgres' for task execution.
[2024-05-06T10:01:28.564+0000] {sql.py:457} INFO - Running statement: SELECT * FROM pet;, parameters: None
[2024-05-06T10:01:28.567+0000] {sql.py:466} INFO - Rows affected: 20
[2024-05-06T10:01:28.568+0000] {warnings.py:110} WARNING - /home/***/.local/lib/python3.12/site-packages/***/providers/common/sql/hooks/sql.py:407: AirflowProviderDeprecationWarning: Call to deprecated method _make_common_data_structure. (The `_make_serializable` method is deprecated and support will be removed in a future version of the common.sql provider. Please update the DbApiHook's provider to a version based on common.sql >= 1.9.1.)
  result = self._make_common_data_structure(handler(cur))

[2024-05-06T10:01:28.569+0000] {taskinstance.py:441} INFO - ::group::Post task execution logs
[2024-05-06T10:01:28.587+0000] {taskinstance.py:1205} INFO - Marking task as SUCCESS. dag_id=postgres_operator_dag, task_id=get_all_pets, execution_date=20240506T100124, start_date=20240506T100128, end_date=20240506T100128
[2024-05-06T10:01:28.599+0000] {local_task_job_runner.py:240} INFO - Task exited with return code 0
[2024-05-06T10:01:28.607+0000] {warnings.py:110} WARNING - /home/***/.local/lib/python3.12/site-packages/***/models/baseoperator.py:1296: AirflowProviderDeprecationWarning: Call to deprecated class PostgresOperator. (Please use `***.providers.common.sql.operators.sql.SQLExecuteQueryOperator`.Also, you can provide `hook_params={'schema': <database>}`.)
  result = cls.__new__(cls)

[2024-05-06T10:01:28.608+0000] {warnings.py:110} WARNING - /home/***/.local/lib/python3.12/site-packages/***/models/baseoperator.py:1296: AirflowProviderDeprecationWarning: Call to deprecated class MySqlOperator. (Please use `***.providers.common.sql.operators.sql.SQLExecuteQueryOperator`.Also, you can provide `hook_params={'schema': <database>}`.)
  result = cls.__new__(cls)

[2024-05-06T10:01:28.621+0000] {taskinstance.py:3482} INFO - 1 downstream tasks scheduled from follow-on schedule check
[2024-05-06T10:01:28.623+0000] {local_task_job_runner.py:222} INFO - ::endgroup::
