[2024-05-06T12:32:56.598+0000] {local_task_job_runner.py:120} INFO - ::group::Pre task execution logs
[2024-05-06T12:32:56.618+0000] {taskinstance.py:2073} INFO - Dependencies all met for dep_context=non-requeueable deps ti=<TaskInstance: postgres_operator_dag.getfrommysql manual__2024-05-06T12:32:45.351407+00:00 [queued]>
[2024-05-06T12:32:56.627+0000] {taskinstance.py:2073} INFO - Dependencies all met for dep_context=requeueable deps ti=<TaskInstance: postgres_operator_dag.getfrommysql manual__2024-05-06T12:32:45.351407+00:00 [queued]>
[2024-05-06T12:32:56.628+0000] {taskinstance.py:2303} INFO - Starting attempt 1 of 3
[2024-05-06T12:32:56.642+0000] {taskinstance.py:2327} INFO - Executing <Task(MySqlOperator): getfrommysql> on 2024-05-06 12:32:45.351407+00:00
[2024-05-06T12:32:56.648+0000] {warnings.py:110} WARNING - /home/***/.local/lib/python3.12/site-packages/***/task/task_runner/standard_task_runner.py:61: DeprecationWarning: This process (pid=2619) is multi-threaded, use of fork() may lead to deadlocks in the child.
  pid = os.fork()

[2024-05-06T12:32:56.649+0000] {standard_task_runner.py:63} INFO - Started process 2620 to run task
[2024-05-06T12:32:56.649+0000] {standard_task_runner.py:90} INFO - Running: ['***', 'tasks', 'run', 'postgres_operator_dag', 'getfrommysql', 'manual__2024-05-06T12:32:45.351407+00:00', '--job-id', '297', '--raw', '--subdir', 'DAGS_FOLDER/kachevo.py', '--cfg-path', '/tmp/tmpaa9n5vve']
[2024-05-06T12:32:56.652+0000] {standard_task_runner.py:91} INFO - Job 297: Subtask getfrommysql
[2024-05-06T12:32:56.692+0000] {task_command.py:426} INFO - Running <TaskInstance: postgres_operator_dag.getfrommysql manual__2024-05-06T12:32:45.351407+00:00 [running]> on host db2363de7199
[2024-05-06T12:32:56.794+0000] {taskinstance.py:2644} INFO - Exporting env vars: AIRFLOW_CTX_DAG_OWNER='***' AIRFLOW_CTX_DAG_ID='postgres_operator_dag' AIRFLOW_CTX_TASK_ID='getfrommysql' AIRFLOW_CTX_EXECUTION_DATE='2024-05-06T12:32:45.351407+00:00' AIRFLOW_CTX_TRY_NUMBER='1' AIRFLOW_CTX_DAG_RUN_ID='manual__2024-05-06T12:32:45.351407+00:00'
[2024-05-06T12:32:56.797+0000] {taskinstance.py:430} INFO - ::endgroup::
[2024-05-06T12:32:56.813+0000] {sql.py:276} INFO - Executing: select * from pet where name = "Samurai"
[2024-05-06T12:32:56.834+0000] {base.py:84} INFO - Using connection ID 'mysql' for task execution.
[2024-05-06T12:32:56.849+0000] {base.py:84} INFO - Using connection ID 'mysql' for task execution.
[2024-05-06T12:32:56.868+0000] {sql.py:457} INFO - Running statement: select * from pet where name = "Samurai", parameters: None
[2024-05-06T12:32:56.871+0000] {sql.py:466} INFO - Rows affected: 1
[2024-05-06T12:32:56.873+0000] {warnings.py:110} WARNING - /home/***/.local/lib/python3.12/site-packages/***/providers/common/sql/hooks/sql.py:407: AirflowProviderDeprecationWarning: Call to deprecated method _make_common_data_structure. (The `_make_serializable` method is deprecated and support will be removed in a future version of the common.sql provider. Please update the DbApiHook's provider to a version based on common.sql >= 1.9.1.)
  result = self._make_common_data_structure(handler(cur))

[2024-05-06T12:32:56.877+0000] {taskinstance.py:441} INFO - ::group::Post task execution logs
[2024-05-06T12:32:56.934+0000] {taskinstance.py:1205} INFO - Marking task as SUCCESS. dag_id=postgres_operator_dag, task_id=getfrommysql, execution_date=20240506T123245, start_date=20240506T123256, end_date=20240506T123256
[2024-05-06T12:32:56.984+0000] {local_task_job_runner.py:240} INFO - Task exited with return code 0
[2024-05-06T12:32:57.000+0000] {warnings.py:110} WARNING - /home/***/.local/lib/python3.12/site-packages/***/models/baseoperator.py:1296: AirflowProviderDeprecationWarning: Call to deprecated class MySqlOperator. (Please use `***.providers.common.sql.operators.sql.SQLExecuteQueryOperator`.Also, you can provide `hook_params={'schema': <database>}`.)
  result = cls.__new__(cls)

[2024-05-06T12:32:57.019+0000] {taskinstance.py:3482} INFO - 1 downstream tasks scheduled from follow-on schedule check
[2024-05-06T12:32:57.022+0000] {local_task_job_runner.py:222} INFO - ::endgroup::
