[2024-05-03T10:37:33.281+0000] {processor.py:161} INFO - Started process (PID=54) to work on /home/airflow/.local/lib/python3.12/site-packages/airflow/example_dags/example_subdag_operator.py
[2024-05-03T10:37:33.282+0000] {processor.py:830} INFO - Processing file /home/airflow/.local/lib/python3.12/site-packages/airflow/example_dags/example_subdag_operator.py for tasks to queue
[2024-05-03T10:37:33.284+0000] {logging_mixin.py:188} INFO - [2024-05-03T10:37:33.284+0000] {dagbag.py:540} INFO - Filling up the DagBag from /home/airflow/.local/lib/python3.12/site-packages/airflow/example_dags/example_subdag_operator.py
[2024-05-03T10:37:33.313+0000] {processor.py:840} INFO - DAG(s) 'example_subdag_operator.section-1', 'example_subdag_operator.section-2', 'example_subdag_operator' retrieved from /home/airflow/.local/lib/python3.12/site-packages/airflow/example_dags/example_subdag_operator.py
[2024-05-03T10:37:33.424+0000] {logging_mixin.py:188} INFO - [2024-05-03T10:37:33.424+0000] {dag.py:3096} INFO - Sync 3 DAGs
[2024-05-03T10:37:33.443+0000] {logging_mixin.py:188} INFO - [2024-05-03T10:37:33.443+0000] {dag.py:3954} INFO - Setting next_dagrun for example_subdag_operator to 2022-01-01 00:00:00+00:00, run_after=2022-01-01 00:00:00+00:00
[2024-05-03T10:37:33.447+0000] {logging_mixin.py:188} INFO - [2024-05-03T10:37:33.446+0000] {dag.py:3954} INFO - Setting next_dagrun for example_subdag_operator.section-1 to None, run_after=None
[2024-05-03T10:37:33.448+0000] {logging_mixin.py:188} INFO - [2024-05-03T10:37:33.448+0000] {dag.py:3954} INFO - Setting next_dagrun for example_subdag_operator.section-2 to None, run_after=None
[2024-05-03T10:37:33.460+0000] {logging_mixin.py:188} INFO - [2024-05-03T10:37:33.460+0000] {dag.py:3096} INFO - Sync 2 DAGs
[2024-05-03T10:37:33.467+0000] {logging_mixin.py:188} INFO - [2024-05-03T10:37:33.467+0000] {dag.py:3954} INFO - Setting next_dagrun for example_subdag_operator.section-1 to None, run_after=None
[2024-05-03T10:37:33.468+0000] {logging_mixin.py:188} INFO - [2024-05-03T10:37:33.468+0000] {dag.py:3954} INFO - Setting next_dagrun for example_subdag_operator.section-2 to None, run_after=None
[2024-05-03T10:37:33.479+0000] {processor.py:183} INFO - Processing /home/airflow/.local/lib/python3.12/site-packages/airflow/example_dags/example_subdag_operator.py took 0.205 seconds
[2024-05-03T10:38:04.135+0000] {processor.py:161} INFO - Started process (PID=112) to work on /home/airflow/.local/lib/python3.12/site-packages/airflow/example_dags/example_subdag_operator.py
[2024-05-03T10:38:04.136+0000] {processor.py:830} INFO - Processing file /home/airflow/.local/lib/python3.12/site-packages/airflow/example_dags/example_subdag_operator.py for tasks to queue
[2024-05-03T10:38:04.138+0000] {logging_mixin.py:188} INFO - [2024-05-03T10:38:04.138+0000] {dagbag.py:540} INFO - Filling up the DagBag from /home/airflow/.local/lib/python3.12/site-packages/airflow/example_dags/example_subdag_operator.py
[2024-05-03T10:38:04.156+0000] {processor.py:840} INFO - DAG(s) 'example_subdag_operator.section-1', 'example_subdag_operator.section-2', 'example_subdag_operator' retrieved from /home/airflow/.local/lib/python3.12/site-packages/airflow/example_dags/example_subdag_operator.py
[2024-05-03T10:38:04.170+0000] {logging_mixin.py:188} INFO - [2024-05-03T10:38:04.170+0000] {dag.py:3096} INFO - Sync 3 DAGs
[2024-05-03T10:38:04.187+0000] {logging_mixin.py:188} INFO - [2024-05-03T10:38:04.187+0000] {dag.py:3954} INFO - Setting next_dagrun for example_subdag_operator to 2022-01-01 00:00:00+00:00, run_after=2022-01-01 00:00:00+00:00
[2024-05-03T10:38:04.190+0000] {logging_mixin.py:188} INFO - [2024-05-03T10:38:04.190+0000] {dag.py:3954} INFO - Setting next_dagrun for example_subdag_operator.section-1 to None, run_after=None
[2024-05-03T10:38:04.191+0000] {logging_mixin.py:188} INFO - [2024-05-03T10:38:04.191+0000] {dag.py:3954} INFO - Setting next_dagrun for example_subdag_operator.section-2 to None, run_after=None
[2024-05-03T10:38:04.198+0000] {logging_mixin.py:188} INFO - [2024-05-03T10:38:04.198+0000] {dag.py:3096} INFO - Sync 2 DAGs
[2024-05-03T10:38:04.203+0000] {logging_mixin.py:188} INFO - [2024-05-03T10:38:04.203+0000] {dag.py:3954} INFO - Setting next_dagrun for example_subdag_operator.section-1 to None, run_after=None
[2024-05-03T10:38:04.204+0000] {logging_mixin.py:188} INFO - [2024-05-03T10:38:04.204+0000] {dag.py:3954} INFO - Setting next_dagrun for example_subdag_operator.section-2 to None, run_after=None
[2024-05-03T10:38:04.213+0000] {processor.py:183} INFO - Processing /home/airflow/.local/lib/python3.12/site-packages/airflow/example_dags/example_subdag_operator.py took 0.083 seconds
[2024-05-03T10:38:34.835+0000] {processor.py:161} INFO - Started process (PID=170) to work on /home/airflow/.local/lib/python3.12/site-packages/airflow/example_dags/example_subdag_operator.py
[2024-05-03T10:38:34.836+0000] {processor.py:830} INFO - Processing file /home/airflow/.local/lib/python3.12/site-packages/airflow/example_dags/example_subdag_operator.py for tasks to queue
[2024-05-03T10:38:34.838+0000] {logging_mixin.py:188} INFO - [2024-05-03T10:38:34.837+0000] {dagbag.py:540} INFO - Filling up the DagBag from /home/airflow/.local/lib/python3.12/site-packages/airflow/example_dags/example_subdag_operator.py
[2024-05-03T10:38:34.859+0000] {processor.py:840} INFO - DAG(s) 'example_subdag_operator.section-1', 'example_subdag_operator.section-2', 'example_subdag_operator' retrieved from /home/airflow/.local/lib/python3.12/site-packages/airflow/example_dags/example_subdag_operator.py
[2024-05-03T10:38:34.872+0000] {logging_mixin.py:188} INFO - [2024-05-03T10:38:34.872+0000] {dag.py:3096} INFO - Sync 3 DAGs
[2024-05-03T10:38:34.893+0000] {logging_mixin.py:188} INFO - [2024-05-03T10:38:34.893+0000] {dag.py:3954} INFO - Setting next_dagrun for example_subdag_operator to 2022-01-01 00:00:00+00:00, run_after=2022-01-01 00:00:00+00:00
[2024-05-03T10:38:34.898+0000] {logging_mixin.py:188} INFO - [2024-05-03T10:38:34.898+0000] {dag.py:3954} INFO - Setting next_dagrun for example_subdag_operator.section-1 to None, run_after=None
[2024-05-03T10:38:34.900+0000] {logging_mixin.py:188} INFO - [2024-05-03T10:38:34.899+0000] {dag.py:3954} INFO - Setting next_dagrun for example_subdag_operator.section-2 to None, run_after=None
[2024-05-03T10:38:34.906+0000] {logging_mixin.py:188} INFO - [2024-05-03T10:38:34.906+0000] {dag.py:3096} INFO - Sync 2 DAGs
[2024-05-03T10:38:34.915+0000] {logging_mixin.py:188} INFO - [2024-05-03T10:38:34.914+0000] {dag.py:3954} INFO - Setting next_dagrun for example_subdag_operator.section-1 to None, run_after=None
[2024-05-03T10:38:34.915+0000] {logging_mixin.py:188} INFO - [2024-05-03T10:38:34.915+0000] {dag.py:3954} INFO - Setting next_dagrun for example_subdag_operator.section-2 to None, run_after=None
[2024-05-03T10:38:34.927+0000] {processor.py:183} INFO - Processing /home/airflow/.local/lib/python3.12/site-packages/airflow/example_dags/example_subdag_operator.py took 0.097 seconds
[2024-05-03T10:39:05.039+0000] {processor.py:161} INFO - Started process (PID=228) to work on /home/airflow/.local/lib/python3.12/site-packages/airflow/example_dags/example_subdag_operator.py
[2024-05-03T10:39:05.040+0000] {processor.py:830} INFO - Processing file /home/airflow/.local/lib/python3.12/site-packages/airflow/example_dags/example_subdag_operator.py for tasks to queue
[2024-05-03T10:39:05.041+0000] {logging_mixin.py:188} INFO - [2024-05-03T10:39:05.041+0000] {dagbag.py:540} INFO - Filling up the DagBag from /home/airflow/.local/lib/python3.12/site-packages/airflow/example_dags/example_subdag_operator.py
[2024-05-03T10:39:05.060+0000] {processor.py:840} INFO - DAG(s) 'example_subdag_operator.section-1', 'example_subdag_operator.section-2', 'example_subdag_operator' retrieved from /home/airflow/.local/lib/python3.12/site-packages/airflow/example_dags/example_subdag_operator.py
[2024-05-03T10:39:05.071+0000] {logging_mixin.py:188} INFO - [2024-05-03T10:39:05.071+0000] {dag.py:3096} INFO - Sync 3 DAGs
[2024-05-03T10:39:05.089+0000] {logging_mixin.py:188} INFO - [2024-05-03T10:39:05.089+0000] {dag.py:3954} INFO - Setting next_dagrun for example_subdag_operator to 2022-01-01 00:00:00+00:00, run_after=2022-01-01 00:00:00+00:00
[2024-05-03T10:39:05.093+0000] {logging_mixin.py:188} INFO - [2024-05-03T10:39:05.093+0000] {dag.py:3954} INFO - Setting next_dagrun for example_subdag_operator.section-1 to None, run_after=None
[2024-05-03T10:39:05.094+0000] {logging_mixin.py:188} INFO - [2024-05-03T10:39:05.094+0000] {dag.py:3954} INFO - Setting next_dagrun for example_subdag_operator.section-2 to None, run_after=None
[2024-05-03T10:39:05.100+0000] {logging_mixin.py:188} INFO - [2024-05-03T10:39:05.100+0000] {dag.py:3096} INFO - Sync 2 DAGs
[2024-05-03T10:39:05.104+0000] {logging_mixin.py:188} INFO - [2024-05-03T10:39:05.104+0000] {dag.py:3954} INFO - Setting next_dagrun for example_subdag_operator.section-1 to None, run_after=None
[2024-05-03T10:39:05.104+0000] {logging_mixin.py:188} INFO - [2024-05-03T10:39:05.104+0000] {dag.py:3954} INFO - Setting next_dagrun for example_subdag_operator.section-2 to None, run_after=None
[2024-05-03T10:39:05.112+0000] {processor.py:183} INFO - Processing /home/airflow/.local/lib/python3.12/site-packages/airflow/example_dags/example_subdag_operator.py took 0.078 seconds
[2024-05-03T10:39:35.841+0000] {processor.py:161} INFO - Started process (PID=286) to work on /home/airflow/.local/lib/python3.12/site-packages/airflow/example_dags/example_subdag_operator.py
[2024-05-03T10:39:35.842+0000] {processor.py:830} INFO - Processing file /home/airflow/.local/lib/python3.12/site-packages/airflow/example_dags/example_subdag_operator.py for tasks to queue
[2024-05-03T10:39:35.844+0000] {logging_mixin.py:188} INFO - [2024-05-03T10:39:35.843+0000] {dagbag.py:540} INFO - Filling up the DagBag from /home/airflow/.local/lib/python3.12/site-packages/airflow/example_dags/example_subdag_operator.py
[2024-05-03T10:39:35.862+0000] {processor.py:840} INFO - DAG(s) 'example_subdag_operator.section-1', 'example_subdag_operator.section-2', 'example_subdag_operator' retrieved from /home/airflow/.local/lib/python3.12/site-packages/airflow/example_dags/example_subdag_operator.py
[2024-05-03T10:39:35.875+0000] {logging_mixin.py:188} INFO - [2024-05-03T10:39:35.875+0000] {dag.py:3096} INFO - Sync 3 DAGs
[2024-05-03T10:39:35.895+0000] {logging_mixin.py:188} INFO - [2024-05-03T10:39:35.895+0000] {dag.py:3954} INFO - Setting next_dagrun for example_subdag_operator to 2022-01-01 00:00:00+00:00, run_after=2022-01-01 00:00:00+00:00
[2024-05-03T10:39:35.900+0000] {logging_mixin.py:188} INFO - [2024-05-03T10:39:35.900+0000] {dag.py:3954} INFO - Setting next_dagrun for example_subdag_operator.section-1 to None, run_after=None
[2024-05-03T10:39:35.901+0000] {logging_mixin.py:188} INFO - [2024-05-03T10:39:35.901+0000] {dag.py:3954} INFO - Setting next_dagrun for example_subdag_operator.section-2 to None, run_after=None
[2024-05-03T10:39:35.908+0000] {logging_mixin.py:188} INFO - [2024-05-03T10:39:35.908+0000] {dag.py:3096} INFO - Sync 2 DAGs
[2024-05-03T10:39:35.913+0000] {logging_mixin.py:188} INFO - [2024-05-03T10:39:35.913+0000] {dag.py:3954} INFO - Setting next_dagrun for example_subdag_operator.section-1 to None, run_after=None
[2024-05-03T10:39:35.913+0000] {logging_mixin.py:188} INFO - [2024-05-03T10:39:35.913+0000] {dag.py:3954} INFO - Setting next_dagrun for example_subdag_operator.section-2 to None, run_after=None
[2024-05-03T10:39:35.923+0000] {processor.py:183} INFO - Processing /home/airflow/.local/lib/python3.12/site-packages/airflow/example_dags/example_subdag_operator.py took 0.087 seconds
[2024-05-03T10:40:06.344+0000] {processor.py:161} INFO - Started process (PID=344) to work on /home/airflow/.local/lib/python3.12/site-packages/airflow/example_dags/example_subdag_operator.py
[2024-05-03T10:40:06.345+0000] {processor.py:830} INFO - Processing file /home/airflow/.local/lib/python3.12/site-packages/airflow/example_dags/example_subdag_operator.py for tasks to queue
[2024-05-03T10:40:06.347+0000] {logging_mixin.py:188} INFO - [2024-05-03T10:40:06.346+0000] {dagbag.py:540} INFO - Filling up the DagBag from /home/airflow/.local/lib/python3.12/site-packages/airflow/example_dags/example_subdag_operator.py
[2024-05-03T10:40:06.367+0000] {processor.py:840} INFO - DAG(s) 'example_subdag_operator.section-1', 'example_subdag_operator.section-2', 'example_subdag_operator' retrieved from /home/airflow/.local/lib/python3.12/site-packages/airflow/example_dags/example_subdag_operator.py
[2024-05-03T10:40:06.381+0000] {logging_mixin.py:188} INFO - [2024-05-03T10:40:06.380+0000] {dag.py:3096} INFO - Sync 3 DAGs
[2024-05-03T10:40:06.400+0000] {logging_mixin.py:188} INFO - [2024-05-03T10:40:06.399+0000] {dag.py:3954} INFO - Setting next_dagrun for example_subdag_operator to 2022-01-01 00:00:00+00:00, run_after=2022-01-01 00:00:00+00:00
[2024-05-03T10:40:06.403+0000] {logging_mixin.py:188} INFO - [2024-05-03T10:40:06.403+0000] {dag.py:3954} INFO - Setting next_dagrun for example_subdag_operator.section-1 to None, run_after=None
[2024-05-03T10:40:06.405+0000] {logging_mixin.py:188} INFO - [2024-05-03T10:40:06.405+0000] {dag.py:3954} INFO - Setting next_dagrun for example_subdag_operator.section-2 to None, run_after=None
[2024-05-03T10:40:06.412+0000] {logging_mixin.py:188} INFO - [2024-05-03T10:40:06.412+0000] {dag.py:3096} INFO - Sync 2 DAGs
[2024-05-03T10:40:06.421+0000] {logging_mixin.py:188} INFO - [2024-05-03T10:40:06.421+0000] {dag.py:3954} INFO - Setting next_dagrun for example_subdag_operator.section-1 to None, run_after=None
[2024-05-03T10:40:06.422+0000] {logging_mixin.py:188} INFO - [2024-05-03T10:40:06.422+0000] {dag.py:3954} INFO - Setting next_dagrun for example_subdag_operator.section-2 to None, run_after=None
[2024-05-03T10:40:06.433+0000] {processor.py:183} INFO - Processing /home/airflow/.local/lib/python3.12/site-packages/airflow/example_dags/example_subdag_operator.py took 0.094 seconds
[2024-05-03T10:40:36.693+0000] {processor.py:161} INFO - Started process (PID=402) to work on /home/airflow/.local/lib/python3.12/site-packages/airflow/example_dags/example_subdag_operator.py
[2024-05-03T10:40:36.694+0000] {processor.py:830} INFO - Processing file /home/airflow/.local/lib/python3.12/site-packages/airflow/example_dags/example_subdag_operator.py for tasks to queue
[2024-05-03T10:40:36.696+0000] {logging_mixin.py:188} INFO - [2024-05-03T10:40:36.695+0000] {dagbag.py:540} INFO - Filling up the DagBag from /home/airflow/.local/lib/python3.12/site-packages/airflow/example_dags/example_subdag_operator.py
[2024-05-03T10:40:36.715+0000] {processor.py:840} INFO - DAG(s) 'example_subdag_operator.section-1', 'example_subdag_operator.section-2', 'example_subdag_operator' retrieved from /home/airflow/.local/lib/python3.12/site-packages/airflow/example_dags/example_subdag_operator.py
[2024-05-03T10:40:36.729+0000] {logging_mixin.py:188} INFO - [2024-05-03T10:40:36.729+0000] {dag.py:3096} INFO - Sync 3 DAGs
[2024-05-03T10:40:36.750+0000] {logging_mixin.py:188} INFO - [2024-05-03T10:40:36.749+0000] {dag.py:3954} INFO - Setting next_dagrun for example_subdag_operator to 2022-01-01 00:00:00+00:00, run_after=2022-01-01 00:00:00+00:00
[2024-05-03T10:40:36.754+0000] {logging_mixin.py:188} INFO - [2024-05-03T10:40:36.753+0000] {dag.py:3954} INFO - Setting next_dagrun for example_subdag_operator.section-1 to None, run_after=None
[2024-05-03T10:40:36.756+0000] {logging_mixin.py:188} INFO - [2024-05-03T10:40:36.756+0000] {dag.py:3954} INFO - Setting next_dagrun for example_subdag_operator.section-2 to None, run_after=None
[2024-05-03T10:40:36.763+0000] {logging_mixin.py:188} INFO - [2024-05-03T10:40:36.762+0000] {dag.py:3096} INFO - Sync 2 DAGs
[2024-05-03T10:40:36.768+0000] {logging_mixin.py:188} INFO - [2024-05-03T10:40:36.767+0000] {dag.py:3954} INFO - Setting next_dagrun for example_subdag_operator.section-1 to None, run_after=None
[2024-05-03T10:40:36.768+0000] {logging_mixin.py:188} INFO - [2024-05-03T10:40:36.768+0000] {dag.py:3954} INFO - Setting next_dagrun for example_subdag_operator.section-2 to None, run_after=None
[2024-05-03T10:40:36.779+0000] {processor.py:183} INFO - Processing /home/airflow/.local/lib/python3.12/site-packages/airflow/example_dags/example_subdag_operator.py took 0.091 seconds
[2024-05-03T10:41:07.311+0000] {processor.py:161} INFO - Started process (PID=460) to work on /home/airflow/.local/lib/python3.12/site-packages/airflow/example_dags/example_subdag_operator.py
[2024-05-03T10:41:07.312+0000] {processor.py:830} INFO - Processing file /home/airflow/.local/lib/python3.12/site-packages/airflow/example_dags/example_subdag_operator.py for tasks to queue
[2024-05-03T10:41:07.313+0000] {logging_mixin.py:188} INFO - [2024-05-03T10:41:07.313+0000] {dagbag.py:540} INFO - Filling up the DagBag from /home/airflow/.local/lib/python3.12/site-packages/airflow/example_dags/example_subdag_operator.py
[2024-05-03T10:41:07.332+0000] {processor.py:840} INFO - DAG(s) 'example_subdag_operator.section-1', 'example_subdag_operator.section-2', 'example_subdag_operator' retrieved from /home/airflow/.local/lib/python3.12/site-packages/airflow/example_dags/example_subdag_operator.py
[2024-05-03T10:41:07.346+0000] {logging_mixin.py:188} INFO - [2024-05-03T10:41:07.346+0000] {dag.py:3096} INFO - Sync 3 DAGs
[2024-05-03T10:41:07.366+0000] {logging_mixin.py:188} INFO - [2024-05-03T10:41:07.366+0000] {dag.py:3954} INFO - Setting next_dagrun for example_subdag_operator to 2022-01-01 00:00:00+00:00, run_after=2022-01-01 00:00:00+00:00
[2024-05-03T10:41:07.371+0000] {logging_mixin.py:188} INFO - [2024-05-03T10:41:07.371+0000] {dag.py:3954} INFO - Setting next_dagrun for example_subdag_operator.section-1 to None, run_after=None
[2024-05-03T10:41:07.373+0000] {logging_mixin.py:188} INFO - [2024-05-03T10:41:07.373+0000] {dag.py:3954} INFO - Setting next_dagrun for example_subdag_operator.section-2 to None, run_after=None
[2024-05-03T10:41:07.381+0000] {logging_mixin.py:188} INFO - [2024-05-03T10:41:07.381+0000] {dag.py:3096} INFO - Sync 2 DAGs
[2024-05-03T10:41:07.387+0000] {logging_mixin.py:188} INFO - [2024-05-03T10:41:07.387+0000] {dag.py:3954} INFO - Setting next_dagrun for example_subdag_operator.section-1 to None, run_after=None
[2024-05-03T10:41:07.388+0000] {logging_mixin.py:188} INFO - [2024-05-03T10:41:07.388+0000] {dag.py:3954} INFO - Setting next_dagrun for example_subdag_operator.section-2 to None, run_after=None
[2024-05-03T10:41:07.400+0000] {processor.py:183} INFO - Processing /home/airflow/.local/lib/python3.12/site-packages/airflow/example_dags/example_subdag_operator.py took 0.094 seconds
[2024-05-03T10:41:37.867+0000] {processor.py:161} INFO - Started process (PID=518) to work on /home/airflow/.local/lib/python3.12/site-packages/airflow/example_dags/example_subdag_operator.py
[2024-05-03T10:41:37.868+0000] {processor.py:830} INFO - Processing file /home/airflow/.local/lib/python3.12/site-packages/airflow/example_dags/example_subdag_operator.py for tasks to queue
[2024-05-03T10:41:37.869+0000] {logging_mixin.py:188} INFO - [2024-05-03T10:41:37.869+0000] {dagbag.py:540} INFO - Filling up the DagBag from /home/airflow/.local/lib/python3.12/site-packages/airflow/example_dags/example_subdag_operator.py
[2024-05-03T10:41:37.892+0000] {processor.py:840} INFO - DAG(s) 'example_subdag_operator.section-1', 'example_subdag_operator.section-2', 'example_subdag_operator' retrieved from /home/airflow/.local/lib/python3.12/site-packages/airflow/example_dags/example_subdag_operator.py
[2024-05-03T10:41:37.906+0000] {logging_mixin.py:188} INFO - [2024-05-03T10:41:37.906+0000] {dag.py:3096} INFO - Sync 3 DAGs
[2024-05-03T10:41:37.926+0000] {logging_mixin.py:188} INFO - [2024-05-03T10:41:37.926+0000] {dag.py:3954} INFO - Setting next_dagrun for example_subdag_operator to 2022-01-01 00:00:00+00:00, run_after=2022-01-01 00:00:00+00:00
[2024-05-03T10:41:37.931+0000] {logging_mixin.py:188} INFO - [2024-05-03T10:41:37.930+0000] {dag.py:3954} INFO - Setting next_dagrun for example_subdag_operator.section-1 to None, run_after=None
[2024-05-03T10:41:37.933+0000] {logging_mixin.py:188} INFO - [2024-05-03T10:41:37.932+0000] {dag.py:3954} INFO - Setting next_dagrun for example_subdag_operator.section-2 to None, run_after=None
[2024-05-03T10:41:37.942+0000] {logging_mixin.py:188} INFO - [2024-05-03T10:41:37.941+0000] {dag.py:3096} INFO - Sync 2 DAGs
[2024-05-03T10:41:37.948+0000] {logging_mixin.py:188} INFO - [2024-05-03T10:41:37.948+0000] {dag.py:3954} INFO - Setting next_dagrun for example_subdag_operator.section-1 to None, run_after=None
[2024-05-03T10:41:37.949+0000] {logging_mixin.py:188} INFO - [2024-05-03T10:41:37.949+0000] {dag.py:3954} INFO - Setting next_dagrun for example_subdag_operator.section-2 to None, run_after=None
[2024-05-03T10:41:37.962+0000] {processor.py:183} INFO - Processing /home/airflow/.local/lib/python3.12/site-packages/airflow/example_dags/example_subdag_operator.py took 0.099 seconds
[2024-05-03T10:42:08.359+0000] {processor.py:161} INFO - Started process (PID=576) to work on /home/airflow/.local/lib/python3.12/site-packages/airflow/example_dags/example_subdag_operator.py
[2024-05-03T10:42:08.360+0000] {processor.py:830} INFO - Processing file /home/airflow/.local/lib/python3.12/site-packages/airflow/example_dags/example_subdag_operator.py for tasks to queue
[2024-05-03T10:42:08.361+0000] {logging_mixin.py:188} INFO - [2024-05-03T10:42:08.361+0000] {dagbag.py:540} INFO - Filling up the DagBag from /home/airflow/.local/lib/python3.12/site-packages/airflow/example_dags/example_subdag_operator.py
[2024-05-03T10:42:08.379+0000] {processor.py:840} INFO - DAG(s) 'example_subdag_operator.section-1', 'example_subdag_operator.section-2', 'example_subdag_operator' retrieved from /home/airflow/.local/lib/python3.12/site-packages/airflow/example_dags/example_subdag_operator.py
[2024-05-03T10:42:08.391+0000] {logging_mixin.py:188} INFO - [2024-05-03T10:42:08.390+0000] {dag.py:3096} INFO - Sync 3 DAGs
[2024-05-03T10:42:08.408+0000] {logging_mixin.py:188} INFO - [2024-05-03T10:42:08.408+0000] {dag.py:3954} INFO - Setting next_dagrun for example_subdag_operator to 2022-01-01 00:00:00+00:00, run_after=2022-01-01 00:00:00+00:00
[2024-05-03T10:42:08.411+0000] {logging_mixin.py:188} INFO - [2024-05-03T10:42:08.411+0000] {dag.py:3954} INFO - Setting next_dagrun for example_subdag_operator.section-1 to None, run_after=None
[2024-05-03T10:42:08.413+0000] {logging_mixin.py:188} INFO - [2024-05-03T10:42:08.412+0000] {dag.py:3954} INFO - Setting next_dagrun for example_subdag_operator.section-2 to None, run_after=None
[2024-05-03T10:42:08.418+0000] {logging_mixin.py:188} INFO - [2024-05-03T10:42:08.418+0000] {dag.py:3096} INFO - Sync 2 DAGs
[2024-05-03T10:42:08.423+0000] {logging_mixin.py:188} INFO - [2024-05-03T10:42:08.423+0000] {dag.py:3954} INFO - Setting next_dagrun for example_subdag_operator.section-1 to None, run_after=None
[2024-05-03T10:42:08.423+0000] {logging_mixin.py:188} INFO - [2024-05-03T10:42:08.423+0000] {dag.py:3954} INFO - Setting next_dagrun for example_subdag_operator.section-2 to None, run_after=None
[2024-05-03T10:42:08.432+0000] {processor.py:183} INFO - Processing /home/airflow/.local/lib/python3.12/site-packages/airflow/example_dags/example_subdag_operator.py took 0.078 seconds
[2024-05-03T10:42:39.259+0000] {processor.py:161} INFO - Started process (PID=634) to work on /home/airflow/.local/lib/python3.12/site-packages/airflow/example_dags/example_subdag_operator.py
[2024-05-03T10:42:39.260+0000] {processor.py:830} INFO - Processing file /home/airflow/.local/lib/python3.12/site-packages/airflow/example_dags/example_subdag_operator.py for tasks to queue
[2024-05-03T10:42:39.262+0000] {logging_mixin.py:188} INFO - [2024-05-03T10:42:39.262+0000] {dagbag.py:540} INFO - Filling up the DagBag from /home/airflow/.local/lib/python3.12/site-packages/airflow/example_dags/example_subdag_operator.py
[2024-05-03T10:42:39.284+0000] {processor.py:840} INFO - DAG(s) 'example_subdag_operator.section-1', 'example_subdag_operator.section-2', 'example_subdag_operator' retrieved from /home/airflow/.local/lib/python3.12/site-packages/airflow/example_dags/example_subdag_operator.py
[2024-05-03T10:42:39.299+0000] {logging_mixin.py:188} INFO - [2024-05-03T10:42:39.299+0000] {dag.py:3096} INFO - Sync 3 DAGs
[2024-05-03T10:42:39.319+0000] {logging_mixin.py:188} INFO - [2024-05-03T10:42:39.319+0000] {dag.py:3954} INFO - Setting next_dagrun for example_subdag_operator to 2022-01-01 00:00:00+00:00, run_after=2022-01-01 00:00:00+00:00
[2024-05-03T10:42:39.324+0000] {logging_mixin.py:188} INFO - [2024-05-03T10:42:39.324+0000] {dag.py:3954} INFO - Setting next_dagrun for example_subdag_operator.section-1 to None, run_after=None
[2024-05-03T10:42:39.325+0000] {logging_mixin.py:188} INFO - [2024-05-03T10:42:39.325+0000] {dag.py:3954} INFO - Setting next_dagrun for example_subdag_operator.section-2 to None, run_after=None
[2024-05-03T10:42:39.334+0000] {logging_mixin.py:188} INFO - [2024-05-03T10:42:39.333+0000] {dag.py:3096} INFO - Sync 2 DAGs
[2024-05-03T10:42:39.340+0000] {logging_mixin.py:188} INFO - [2024-05-03T10:42:39.339+0000] {dag.py:3954} INFO - Setting next_dagrun for example_subdag_operator.section-1 to None, run_after=None
[2024-05-03T10:42:39.341+0000] {logging_mixin.py:188} INFO - [2024-05-03T10:42:39.340+0000] {dag.py:3954} INFO - Setting next_dagrun for example_subdag_operator.section-2 to None, run_after=None
[2024-05-03T10:42:39.351+0000] {processor.py:183} INFO - Processing /home/airflow/.local/lib/python3.12/site-packages/airflow/example_dags/example_subdag_operator.py took 0.096 seconds
[2024-05-03T10:43:09.572+0000] {processor.py:161} INFO - Started process (PID=692) to work on /home/airflow/.local/lib/python3.12/site-packages/airflow/example_dags/example_subdag_operator.py
[2024-05-03T10:43:09.573+0000] {processor.py:830} INFO - Processing file /home/airflow/.local/lib/python3.12/site-packages/airflow/example_dags/example_subdag_operator.py for tasks to queue
[2024-05-03T10:43:09.576+0000] {logging_mixin.py:188} INFO - [2024-05-03T10:43:09.575+0000] {dagbag.py:540} INFO - Filling up the DagBag from /home/airflow/.local/lib/python3.12/site-packages/airflow/example_dags/example_subdag_operator.py
[2024-05-03T10:43:09.598+0000] {processor.py:840} INFO - DAG(s) 'example_subdag_operator.section-1', 'example_subdag_operator.section-2', 'example_subdag_operator' retrieved from /home/airflow/.local/lib/python3.12/site-packages/airflow/example_dags/example_subdag_operator.py
[2024-05-03T10:43:09.614+0000] {logging_mixin.py:188} INFO - [2024-05-03T10:43:09.614+0000] {dag.py:3096} INFO - Sync 3 DAGs
[2024-05-03T10:43:09.634+0000] {logging_mixin.py:188} INFO - [2024-05-03T10:43:09.634+0000] {dag.py:3954} INFO - Setting next_dagrun for example_subdag_operator to 2022-01-01 00:00:00+00:00, run_after=2022-01-01 00:00:00+00:00
[2024-05-03T10:43:09.638+0000] {logging_mixin.py:188} INFO - [2024-05-03T10:43:09.638+0000] {dag.py:3954} INFO - Setting next_dagrun for example_subdag_operator.section-1 to None, run_after=None
[2024-05-03T10:43:09.640+0000] {logging_mixin.py:188} INFO - [2024-05-03T10:43:09.640+0000] {dag.py:3954} INFO - Setting next_dagrun for example_subdag_operator.section-2 to None, run_after=None
[2024-05-03T10:43:09.647+0000] {logging_mixin.py:188} INFO - [2024-05-03T10:43:09.647+0000] {dag.py:3096} INFO - Sync 2 DAGs
[2024-05-03T10:43:09.653+0000] {logging_mixin.py:188} INFO - [2024-05-03T10:43:09.653+0000] {dag.py:3954} INFO - Setting next_dagrun for example_subdag_operator.section-1 to None, run_after=None
[2024-05-03T10:43:09.654+0000] {logging_mixin.py:188} INFO - [2024-05-03T10:43:09.654+0000] {dag.py:3954} INFO - Setting next_dagrun for example_subdag_operator.section-2 to None, run_after=None
[2024-05-03T10:43:09.664+0000] {processor.py:183} INFO - Processing /home/airflow/.local/lib/python3.12/site-packages/airflow/example_dags/example_subdag_operator.py took 0.098 seconds
[2024-05-03T10:43:39.903+0000] {processor.py:161} INFO - Started process (PID=750) to work on /home/airflow/.local/lib/python3.12/site-packages/airflow/example_dags/example_subdag_operator.py
[2024-05-03T10:43:39.903+0000] {processor.py:830} INFO - Processing file /home/airflow/.local/lib/python3.12/site-packages/airflow/example_dags/example_subdag_operator.py for tasks to queue
[2024-05-03T10:43:39.905+0000] {logging_mixin.py:188} INFO - [2024-05-03T10:43:39.905+0000] {dagbag.py:540} INFO - Filling up the DagBag from /home/airflow/.local/lib/python3.12/site-packages/airflow/example_dags/example_subdag_operator.py
[2024-05-03T10:43:39.922+0000] {processor.py:840} INFO - DAG(s) 'example_subdag_operator.section-1', 'example_subdag_operator.section-2', 'example_subdag_operator' retrieved from /home/airflow/.local/lib/python3.12/site-packages/airflow/example_dags/example_subdag_operator.py
[2024-05-03T10:43:39.935+0000] {logging_mixin.py:188} INFO - [2024-05-03T10:43:39.934+0000] {dag.py:3096} INFO - Sync 3 DAGs
[2024-05-03T10:43:39.951+0000] {logging_mixin.py:188} INFO - [2024-05-03T10:43:39.951+0000] {dag.py:3954} INFO - Setting next_dagrun for example_subdag_operator to 2022-01-01 00:00:00+00:00, run_after=2022-01-01 00:00:00+00:00
[2024-05-03T10:43:39.954+0000] {logging_mixin.py:188} INFO - [2024-05-03T10:43:39.954+0000] {dag.py:3954} INFO - Setting next_dagrun for example_subdag_operator.section-1 to None, run_after=None
[2024-05-03T10:43:39.955+0000] {logging_mixin.py:188} INFO - [2024-05-03T10:43:39.955+0000] {dag.py:3954} INFO - Setting next_dagrun for example_subdag_operator.section-2 to None, run_after=None
[2024-05-03T10:43:39.961+0000] {logging_mixin.py:188} INFO - [2024-05-03T10:43:39.961+0000] {dag.py:3096} INFO - Sync 2 DAGs
[2024-05-03T10:43:39.966+0000] {logging_mixin.py:188} INFO - [2024-05-03T10:43:39.966+0000] {dag.py:3954} INFO - Setting next_dagrun for example_subdag_operator.section-1 to None, run_after=None
[2024-05-03T10:43:39.967+0000] {logging_mixin.py:188} INFO - [2024-05-03T10:43:39.967+0000] {dag.py:3954} INFO - Setting next_dagrun for example_subdag_operator.section-2 to None, run_after=None
[2024-05-03T10:43:39.978+0000] {processor.py:183} INFO - Processing /home/airflow/.local/lib/python3.12/site-packages/airflow/example_dags/example_subdag_operator.py took 0.079 seconds
[2024-05-03T10:44:10.297+0000] {processor.py:161} INFO - Started process (PID=808) to work on /home/airflow/.local/lib/python3.12/site-packages/airflow/example_dags/example_subdag_operator.py
[2024-05-03T10:44:10.298+0000] {processor.py:830} INFO - Processing file /home/airflow/.local/lib/python3.12/site-packages/airflow/example_dags/example_subdag_operator.py for tasks to queue
[2024-05-03T10:44:10.299+0000] {logging_mixin.py:188} INFO - [2024-05-03T10:44:10.299+0000] {dagbag.py:540} INFO - Filling up the DagBag from /home/airflow/.local/lib/python3.12/site-packages/airflow/example_dags/example_subdag_operator.py
[2024-05-03T10:44:10.317+0000] {processor.py:840} INFO - DAG(s) 'example_subdag_operator.section-1', 'example_subdag_operator.section-2', 'example_subdag_operator' retrieved from /home/airflow/.local/lib/python3.12/site-packages/airflow/example_dags/example_subdag_operator.py
[2024-05-03T10:44:10.330+0000] {logging_mixin.py:188} INFO - [2024-05-03T10:44:10.330+0000] {dag.py:3096} INFO - Sync 3 DAGs
[2024-05-03T10:44:10.347+0000] {logging_mixin.py:188} INFO - [2024-05-03T10:44:10.347+0000] {dag.py:3954} INFO - Setting next_dagrun for example_subdag_operator to 2022-01-01 00:00:00+00:00, run_after=2022-01-01 00:00:00+00:00
[2024-05-03T10:44:10.351+0000] {logging_mixin.py:188} INFO - [2024-05-03T10:44:10.351+0000] {dag.py:3954} INFO - Setting next_dagrun for example_subdag_operator.section-1 to None, run_after=None
[2024-05-03T10:44:10.352+0000] {logging_mixin.py:188} INFO - [2024-05-03T10:44:10.352+0000] {dag.py:3954} INFO - Setting next_dagrun for example_subdag_operator.section-2 to None, run_after=None
[2024-05-03T10:44:10.358+0000] {logging_mixin.py:188} INFO - [2024-05-03T10:44:10.358+0000] {dag.py:3096} INFO - Sync 2 DAGs
[2024-05-03T10:44:10.363+0000] {logging_mixin.py:188} INFO - [2024-05-03T10:44:10.363+0000] {dag.py:3954} INFO - Setting next_dagrun for example_subdag_operator.section-1 to None, run_after=None
[2024-05-03T10:44:10.364+0000] {logging_mixin.py:188} INFO - [2024-05-03T10:44:10.363+0000] {dag.py:3954} INFO - Setting next_dagrun for example_subdag_operator.section-2 to None, run_after=None
[2024-05-03T10:44:10.372+0000] {processor.py:183} INFO - Processing /home/airflow/.local/lib/python3.12/site-packages/airflow/example_dags/example_subdag_operator.py took 0.080 seconds
[2024-05-03T10:44:40.517+0000] {processor.py:161} INFO - Started process (PID=866) to work on /home/airflow/.local/lib/python3.12/site-packages/airflow/example_dags/example_subdag_operator.py
[2024-05-03T10:44:40.518+0000] {processor.py:830} INFO - Processing file /home/airflow/.local/lib/python3.12/site-packages/airflow/example_dags/example_subdag_operator.py for tasks to queue
[2024-05-03T10:44:40.519+0000] {logging_mixin.py:188} INFO - [2024-05-03T10:44:40.519+0000] {dagbag.py:540} INFO - Filling up the DagBag from /home/airflow/.local/lib/python3.12/site-packages/airflow/example_dags/example_subdag_operator.py
[2024-05-03T10:44:40.539+0000] {processor.py:840} INFO - DAG(s) 'example_subdag_operator.section-1', 'example_subdag_operator.section-2', 'example_subdag_operator' retrieved from /home/airflow/.local/lib/python3.12/site-packages/airflow/example_dags/example_subdag_operator.py
[2024-05-03T10:44:40.553+0000] {logging_mixin.py:188} INFO - [2024-05-03T10:44:40.553+0000] {dag.py:3096} INFO - Sync 3 DAGs
[2024-05-03T10:44:40.573+0000] {logging_mixin.py:188} INFO - [2024-05-03T10:44:40.573+0000] {dag.py:3954} INFO - Setting next_dagrun for example_subdag_operator to 2022-01-01 00:00:00+00:00, run_after=2022-01-01 00:00:00+00:00
[2024-05-03T10:44:40.578+0000] {logging_mixin.py:188} INFO - [2024-05-03T10:44:40.577+0000] {dag.py:3954} INFO - Setting next_dagrun for example_subdag_operator.section-1 to None, run_after=None
[2024-05-03T10:44:40.580+0000] {logging_mixin.py:188} INFO - [2024-05-03T10:44:40.580+0000] {dag.py:3954} INFO - Setting next_dagrun for example_subdag_operator.section-2 to None, run_after=None
[2024-05-03T10:44:40.598+0000] {logging_mixin.py:188} INFO - [2024-05-03T10:44:40.598+0000] {dag.py:3096} INFO - Sync 2 DAGs
[2024-05-03T10:44:40.610+0000] {logging_mixin.py:188} INFO - [2024-05-03T10:44:40.610+0000] {dag.py:3954} INFO - Setting next_dagrun for example_subdag_operator.section-1 to None, run_after=None
[2024-05-03T10:44:40.611+0000] {logging_mixin.py:188} INFO - [2024-05-03T10:44:40.611+0000] {dag.py:3954} INFO - Setting next_dagrun for example_subdag_operator.section-2 to None, run_after=None
[2024-05-03T10:44:40.637+0000] {processor.py:183} INFO - Processing /home/airflow/.local/lib/python3.12/site-packages/airflow/example_dags/example_subdag_operator.py took 0.125 seconds
[2024-05-03T10:45:10.936+0000] {processor.py:161} INFO - Started process (PID=924) to work on /home/airflow/.local/lib/python3.12/site-packages/airflow/example_dags/example_subdag_operator.py
[2024-05-03T10:45:10.937+0000] {processor.py:830} INFO - Processing file /home/airflow/.local/lib/python3.12/site-packages/airflow/example_dags/example_subdag_operator.py for tasks to queue
[2024-05-03T10:45:10.938+0000] {logging_mixin.py:188} INFO - [2024-05-03T10:45:10.938+0000] {dagbag.py:540} INFO - Filling up the DagBag from /home/airflow/.local/lib/python3.12/site-packages/airflow/example_dags/example_subdag_operator.py
[2024-05-03T10:45:10.957+0000] {processor.py:840} INFO - DAG(s) 'example_subdag_operator.section-1', 'example_subdag_operator.section-2', 'example_subdag_operator' retrieved from /home/airflow/.local/lib/python3.12/site-packages/airflow/example_dags/example_subdag_operator.py
[2024-05-03T10:45:10.970+0000] {logging_mixin.py:188} INFO - [2024-05-03T10:45:10.969+0000] {dag.py:3096} INFO - Sync 3 DAGs
[2024-05-03T10:45:10.988+0000] {logging_mixin.py:188} INFO - [2024-05-03T10:45:10.987+0000] {dag.py:3954} INFO - Setting next_dagrun for example_subdag_operator to 2022-01-01 00:00:00+00:00, run_after=2022-01-01 00:00:00+00:00
[2024-05-03T10:45:10.991+0000] {logging_mixin.py:188} INFO - [2024-05-03T10:45:10.991+0000] {dag.py:3954} INFO - Setting next_dagrun for example_subdag_operator.section-1 to None, run_after=None
[2024-05-03T10:45:10.993+0000] {logging_mixin.py:188} INFO - [2024-05-03T10:45:10.993+0000] {dag.py:3954} INFO - Setting next_dagrun for example_subdag_operator.section-2 to None, run_after=None
[2024-05-03T10:45:10.999+0000] {logging_mixin.py:188} INFO - [2024-05-03T10:45:10.999+0000] {dag.py:3096} INFO - Sync 2 DAGs
[2024-05-03T10:45:11.004+0000] {logging_mixin.py:188} INFO - [2024-05-03T10:45:11.003+0000] {dag.py:3954} INFO - Setting next_dagrun for example_subdag_operator.section-1 to None, run_after=None
[2024-05-03T10:45:11.004+0000] {logging_mixin.py:188} INFO - [2024-05-03T10:45:11.004+0000] {dag.py:3954} INFO - Setting next_dagrun for example_subdag_operator.section-2 to None, run_after=None
[2024-05-03T10:45:11.013+0000] {processor.py:183} INFO - Processing /home/airflow/.local/lib/python3.12/site-packages/airflow/example_dags/example_subdag_operator.py took 0.081 seconds
[2024-05-03T10:45:41.608+0000] {processor.py:161} INFO - Started process (PID=983) to work on /home/airflow/.local/lib/python3.12/site-packages/airflow/example_dags/example_subdag_operator.py
[2024-05-03T10:45:41.608+0000] {processor.py:830} INFO - Processing file /home/airflow/.local/lib/python3.12/site-packages/airflow/example_dags/example_subdag_operator.py for tasks to queue
[2024-05-03T10:45:41.610+0000] {logging_mixin.py:188} INFO - [2024-05-03T10:45:41.610+0000] {dagbag.py:540} INFO - Filling up the DagBag from /home/airflow/.local/lib/python3.12/site-packages/airflow/example_dags/example_subdag_operator.py
[2024-05-03T10:45:41.628+0000] {processor.py:840} INFO - DAG(s) 'example_subdag_operator.section-1', 'example_subdag_operator.section-2', 'example_subdag_operator' retrieved from /home/airflow/.local/lib/python3.12/site-packages/airflow/example_dags/example_subdag_operator.py
[2024-05-03T10:45:41.643+0000] {logging_mixin.py:188} INFO - [2024-05-03T10:45:41.642+0000] {dag.py:3096} INFO - Sync 3 DAGs
[2024-05-03T10:45:41.662+0000] {logging_mixin.py:188} INFO - [2024-05-03T10:45:41.662+0000] {dag.py:3954} INFO - Setting next_dagrun for example_subdag_operator to 2022-01-01 00:00:00+00:00, run_after=2022-01-01 00:00:00+00:00
[2024-05-03T10:45:41.666+0000] {logging_mixin.py:188} INFO - [2024-05-03T10:45:41.666+0000] {dag.py:3954} INFO - Setting next_dagrun for example_subdag_operator.section-1 to None, run_after=None
[2024-05-03T10:45:41.668+0000] {logging_mixin.py:188} INFO - [2024-05-03T10:45:41.668+0000] {dag.py:3954} INFO - Setting next_dagrun for example_subdag_operator.section-2 to None, run_after=None
[2024-05-03T10:45:41.677+0000] {logging_mixin.py:188} INFO - [2024-05-03T10:45:41.676+0000] {dag.py:3096} INFO - Sync 2 DAGs
[2024-05-03T10:45:41.685+0000] {logging_mixin.py:188} INFO - [2024-05-03T10:45:41.685+0000] {dag.py:3954} INFO - Setting next_dagrun for example_subdag_operator.section-1 to None, run_after=None
[2024-05-03T10:45:41.687+0000] {logging_mixin.py:188} INFO - [2024-05-03T10:45:41.686+0000] {dag.py:3954} INFO - Setting next_dagrun for example_subdag_operator.section-2 to None, run_after=None
[2024-05-03T10:45:41.712+0000] {processor.py:183} INFO - Processing /home/airflow/.local/lib/python3.12/site-packages/airflow/example_dags/example_subdag_operator.py took 0.109 seconds
[2024-05-03T10:46:12.451+0000] {processor.py:161} INFO - Started process (PID=1041) to work on /home/airflow/.local/lib/python3.12/site-packages/airflow/example_dags/example_subdag_operator.py
[2024-05-03T10:46:12.452+0000] {processor.py:830} INFO - Processing file /home/airflow/.local/lib/python3.12/site-packages/airflow/example_dags/example_subdag_operator.py for tasks to queue
[2024-05-03T10:46:12.453+0000] {logging_mixin.py:188} INFO - [2024-05-03T10:46:12.453+0000] {dagbag.py:540} INFO - Filling up the DagBag from /home/airflow/.local/lib/python3.12/site-packages/airflow/example_dags/example_subdag_operator.py
[2024-05-03T10:46:12.471+0000] {processor.py:840} INFO - DAG(s) 'example_subdag_operator.section-1', 'example_subdag_operator.section-2', 'example_subdag_operator' retrieved from /home/airflow/.local/lib/python3.12/site-packages/airflow/example_dags/example_subdag_operator.py
[2024-05-03T10:46:12.483+0000] {logging_mixin.py:188} INFO - [2024-05-03T10:46:12.483+0000] {dag.py:3096} INFO - Sync 3 DAGs
[2024-05-03T10:46:12.635+0000] {logging_mixin.py:188} INFO - [2024-05-03T10:46:12.634+0000] {dag.py:3954} INFO - Setting next_dagrun for example_subdag_operator to 2022-01-01 00:00:00+00:00, run_after=2022-01-01 00:00:00+00:00
[2024-05-03T10:46:12.638+0000] {logging_mixin.py:188} INFO - [2024-05-03T10:46:12.638+0000] {dag.py:3954} INFO - Setting next_dagrun for example_subdag_operator.section-1 to None, run_after=None
[2024-05-03T10:46:12.640+0000] {logging_mixin.py:188} INFO - [2024-05-03T10:46:12.640+0000] {dag.py:3954} INFO - Setting next_dagrun for example_subdag_operator.section-2 to None, run_after=None
[2024-05-03T10:46:12.646+0000] {logging_mixin.py:188} INFO - [2024-05-03T10:46:12.646+0000] {dag.py:3096} INFO - Sync 2 DAGs
[2024-05-03T10:46:12.651+0000] {logging_mixin.py:188} INFO - [2024-05-03T10:46:12.651+0000] {dag.py:3954} INFO - Setting next_dagrun for example_subdag_operator.section-1 to None, run_after=None
[2024-05-03T10:46:12.652+0000] {logging_mixin.py:188} INFO - [2024-05-03T10:46:12.652+0000] {dag.py:3954} INFO - Setting next_dagrun for example_subdag_operator.section-2 to None, run_after=None
[2024-05-03T10:46:12.664+0000] {processor.py:183} INFO - Processing /home/airflow/.local/lib/python3.12/site-packages/airflow/example_dags/example_subdag_operator.py took 0.217 seconds
[2024-05-03T10:46:42.698+0000] {processor.py:161} INFO - Started process (PID=1099) to work on /home/airflow/.local/lib/python3.12/site-packages/airflow/example_dags/example_subdag_operator.py
[2024-05-03T10:46:42.699+0000] {processor.py:830} INFO - Processing file /home/airflow/.local/lib/python3.12/site-packages/airflow/example_dags/example_subdag_operator.py for tasks to queue
[2024-05-03T10:46:42.700+0000] {logging_mixin.py:188} INFO - [2024-05-03T10:46:42.700+0000] {dagbag.py:540} INFO - Filling up the DagBag from /home/airflow/.local/lib/python3.12/site-packages/airflow/example_dags/example_subdag_operator.py
[2024-05-03T10:46:42.719+0000] {processor.py:840} INFO - DAG(s) 'example_subdag_operator.section-1', 'example_subdag_operator.section-2', 'example_subdag_operator' retrieved from /home/airflow/.local/lib/python3.12/site-packages/airflow/example_dags/example_subdag_operator.py
[2024-05-03T10:46:42.733+0000] {logging_mixin.py:188} INFO - [2024-05-03T10:46:42.733+0000] {dag.py:3096} INFO - Sync 3 DAGs
[2024-05-03T10:46:42.752+0000] {logging_mixin.py:188} INFO - [2024-05-03T10:46:42.752+0000] {dag.py:3954} INFO - Setting next_dagrun for example_subdag_operator to 2022-01-01 00:00:00+00:00, run_after=2022-01-01 00:00:00+00:00
[2024-05-03T10:46:42.756+0000] {logging_mixin.py:188} INFO - [2024-05-03T10:46:42.756+0000] {dag.py:3954} INFO - Setting next_dagrun for example_subdag_operator.section-1 to None, run_after=None
[2024-05-03T10:46:42.757+0000] {logging_mixin.py:188} INFO - [2024-05-03T10:46:42.757+0000] {dag.py:3954} INFO - Setting next_dagrun for example_subdag_operator.section-2 to None, run_after=None
[2024-05-03T10:46:42.764+0000] {logging_mixin.py:188} INFO - [2024-05-03T10:46:42.764+0000] {dag.py:3096} INFO - Sync 2 DAGs
[2024-05-03T10:46:42.892+0000] {logging_mixin.py:188} INFO - [2024-05-03T10:46:42.891+0000] {dag.py:3954} INFO - Setting next_dagrun for example_subdag_operator.section-1 to None, run_after=None
[2024-05-03T10:46:42.892+0000] {logging_mixin.py:188} INFO - [2024-05-03T10:46:42.892+0000] {dag.py:3954} INFO - Setting next_dagrun for example_subdag_operator.section-2 to None, run_after=None
[2024-05-03T10:46:42.902+0000] {processor.py:183} INFO - Processing /home/airflow/.local/lib/python3.12/site-packages/airflow/example_dags/example_subdag_operator.py took 0.209 seconds
[2024-05-03T10:47:13.813+0000] {processor.py:161} INFO - Started process (PID=1157) to work on /home/airflow/.local/lib/python3.12/site-packages/airflow/example_dags/example_subdag_operator.py
[2024-05-03T10:47:13.813+0000] {processor.py:830} INFO - Processing file /home/airflow/.local/lib/python3.12/site-packages/airflow/example_dags/example_subdag_operator.py for tasks to queue
[2024-05-03T10:47:13.815+0000] {logging_mixin.py:188} INFO - [2024-05-03T10:47:13.815+0000] {dagbag.py:540} INFO - Filling up the DagBag from /home/airflow/.local/lib/python3.12/site-packages/airflow/example_dags/example_subdag_operator.py
[2024-05-03T10:47:13.833+0000] {processor.py:840} INFO - DAG(s) 'example_subdag_operator.section-1', 'example_subdag_operator.section-2', 'example_subdag_operator' retrieved from /home/airflow/.local/lib/python3.12/site-packages/airflow/example_dags/example_subdag_operator.py
[2024-05-03T10:47:13.845+0000] {logging_mixin.py:188} INFO - [2024-05-03T10:47:13.845+0000] {dag.py:3096} INFO - Sync 3 DAGs
[2024-05-03T10:47:13.861+0000] {logging_mixin.py:188} INFO - [2024-05-03T10:47:13.861+0000] {dag.py:3954} INFO - Setting next_dagrun for example_subdag_operator to 2022-01-01 00:00:00+00:00, run_after=2022-01-01 00:00:00+00:00
[2024-05-03T10:47:13.865+0000] {logging_mixin.py:188} INFO - [2024-05-03T10:47:13.865+0000] {dag.py:3954} INFO - Setting next_dagrun for example_subdag_operator.section-1 to None, run_after=None
[2024-05-03T10:47:13.866+0000] {logging_mixin.py:188} INFO - [2024-05-03T10:47:13.866+0000] {dag.py:3954} INFO - Setting next_dagrun for example_subdag_operator.section-2 to None, run_after=None
[2024-05-03T10:47:13.873+0000] {logging_mixin.py:188} INFO - [2024-05-03T10:47:13.872+0000] {dag.py:3096} INFO - Sync 2 DAGs
[2024-05-03T10:47:13.877+0000] {logging_mixin.py:188} INFO - [2024-05-03T10:47:13.877+0000] {dag.py:3954} INFO - Setting next_dagrun for example_subdag_operator.section-1 to None, run_after=None
[2024-05-03T10:47:13.878+0000] {logging_mixin.py:188} INFO - [2024-05-03T10:47:13.878+0000] {dag.py:3954} INFO - Setting next_dagrun for example_subdag_operator.section-2 to None, run_after=None
[2024-05-03T10:47:13.887+0000] {processor.py:183} INFO - Processing /home/airflow/.local/lib/python3.12/site-packages/airflow/example_dags/example_subdag_operator.py took 0.079 seconds
[2024-05-03T10:47:43.977+0000] {processor.py:161} INFO - Started process (PID=1215) to work on /home/airflow/.local/lib/python3.12/site-packages/airflow/example_dags/example_subdag_operator.py
[2024-05-03T10:47:43.977+0000] {processor.py:830} INFO - Processing file /home/airflow/.local/lib/python3.12/site-packages/airflow/example_dags/example_subdag_operator.py for tasks to queue
[2024-05-03T10:47:43.979+0000] {logging_mixin.py:188} INFO - [2024-05-03T10:47:43.979+0000] {dagbag.py:540} INFO - Filling up the DagBag from /home/airflow/.local/lib/python3.12/site-packages/airflow/example_dags/example_subdag_operator.py
[2024-05-03T10:47:43.997+0000] {processor.py:840} INFO - DAG(s) 'example_subdag_operator.section-1', 'example_subdag_operator.section-2', 'example_subdag_operator' retrieved from /home/airflow/.local/lib/python3.12/site-packages/airflow/example_dags/example_subdag_operator.py
[2024-05-03T10:47:44.010+0000] {logging_mixin.py:188} INFO - [2024-05-03T10:47:44.010+0000] {dag.py:3096} INFO - Sync 3 DAGs
[2024-05-03T10:47:44.028+0000] {logging_mixin.py:188} INFO - [2024-05-03T10:47:44.028+0000] {dag.py:3954} INFO - Setting next_dagrun for example_subdag_operator to 2022-01-01 00:00:00+00:00, run_after=2022-01-01 00:00:00+00:00
[2024-05-03T10:47:44.032+0000] {logging_mixin.py:188} INFO - [2024-05-03T10:47:44.032+0000] {dag.py:3954} INFO - Setting next_dagrun for example_subdag_operator.section-1 to None, run_after=None
[2024-05-03T10:47:44.033+0000] {logging_mixin.py:188} INFO - [2024-05-03T10:47:44.033+0000] {dag.py:3954} INFO - Setting next_dagrun for example_subdag_operator.section-2 to None, run_after=None
[2024-05-03T10:47:44.040+0000] {logging_mixin.py:188} INFO - [2024-05-03T10:47:44.040+0000] {dag.py:3096} INFO - Sync 2 DAGs
[2024-05-03T10:47:44.045+0000] {logging_mixin.py:188} INFO - [2024-05-03T10:47:44.045+0000] {dag.py:3954} INFO - Setting next_dagrun for example_subdag_operator.section-1 to None, run_after=None
[2024-05-03T10:47:44.046+0000] {logging_mixin.py:188} INFO - [2024-05-03T10:47:44.045+0000] {dag.py:3954} INFO - Setting next_dagrun for example_subdag_operator.section-2 to None, run_after=None
[2024-05-03T10:47:44.055+0000] {processor.py:183} INFO - Processing /home/airflow/.local/lib/python3.12/site-packages/airflow/example_dags/example_subdag_operator.py took 0.083 seconds
[2024-05-03T10:48:14.536+0000] {processor.py:161} INFO - Started process (PID=1273) to work on /home/airflow/.local/lib/python3.12/site-packages/airflow/example_dags/example_subdag_operator.py
[2024-05-03T10:48:14.537+0000] {processor.py:830} INFO - Processing file /home/airflow/.local/lib/python3.12/site-packages/airflow/example_dags/example_subdag_operator.py for tasks to queue
[2024-05-03T10:48:14.539+0000] {logging_mixin.py:188} INFO - [2024-05-03T10:48:14.539+0000] {dagbag.py:540} INFO - Filling up the DagBag from /home/airflow/.local/lib/python3.12/site-packages/airflow/example_dags/example_subdag_operator.py
[2024-05-03T10:48:14.557+0000] {processor.py:840} INFO - DAG(s) 'example_subdag_operator.section-1', 'example_subdag_operator.section-2', 'example_subdag_operator' retrieved from /home/airflow/.local/lib/python3.12/site-packages/airflow/example_dags/example_subdag_operator.py
[2024-05-03T10:48:14.570+0000] {logging_mixin.py:188} INFO - [2024-05-03T10:48:14.570+0000] {dag.py:3096} INFO - Sync 3 DAGs
[2024-05-03T10:48:14.589+0000] {logging_mixin.py:188} INFO - [2024-05-03T10:48:14.588+0000] {dag.py:3954} INFO - Setting next_dagrun for example_subdag_operator to 2022-01-01 00:00:00+00:00, run_after=2022-01-01 00:00:00+00:00
[2024-05-03T10:48:14.593+0000] {logging_mixin.py:188} INFO - [2024-05-03T10:48:14.592+0000] {dag.py:3954} INFO - Setting next_dagrun for example_subdag_operator.section-1 to None, run_after=None
[2024-05-03T10:48:14.594+0000] {logging_mixin.py:188} INFO - [2024-05-03T10:48:14.594+0000] {dag.py:3954} INFO - Setting next_dagrun for example_subdag_operator.section-2 to None, run_after=None
[2024-05-03T10:48:14.602+0000] {logging_mixin.py:188} INFO - [2024-05-03T10:48:14.601+0000] {dag.py:3096} INFO - Sync 2 DAGs
[2024-05-03T10:48:14.606+0000] {logging_mixin.py:188} INFO - [2024-05-03T10:48:14.606+0000] {dag.py:3954} INFO - Setting next_dagrun for example_subdag_operator.section-1 to None, run_after=None
[2024-05-03T10:48:14.607+0000] {logging_mixin.py:188} INFO - [2024-05-03T10:48:14.607+0000] {dag.py:3954} INFO - Setting next_dagrun for example_subdag_operator.section-2 to None, run_after=None
[2024-05-03T10:48:14.618+0000] {processor.py:183} INFO - Processing /home/airflow/.local/lib/python3.12/site-packages/airflow/example_dags/example_subdag_operator.py took 0.086 seconds
[2024-05-03T10:48:44.734+0000] {processor.py:161} INFO - Started process (PID=1331) to work on /home/airflow/.local/lib/python3.12/site-packages/airflow/example_dags/example_subdag_operator.py
[2024-05-03T10:48:44.734+0000] {processor.py:830} INFO - Processing file /home/airflow/.local/lib/python3.12/site-packages/airflow/example_dags/example_subdag_operator.py for tasks to queue
[2024-05-03T10:48:44.736+0000] {logging_mixin.py:188} INFO - [2024-05-03T10:48:44.735+0000] {dagbag.py:540} INFO - Filling up the DagBag from /home/airflow/.local/lib/python3.12/site-packages/airflow/example_dags/example_subdag_operator.py
[2024-05-03T10:48:44.753+0000] {processor.py:840} INFO - DAG(s) 'example_subdag_operator.section-1', 'example_subdag_operator.section-2', 'example_subdag_operator' retrieved from /home/airflow/.local/lib/python3.12/site-packages/airflow/example_dags/example_subdag_operator.py
[2024-05-03T10:48:44.766+0000] {logging_mixin.py:188} INFO - [2024-05-03T10:48:44.766+0000] {dag.py:3096} INFO - Sync 3 DAGs
[2024-05-03T10:48:44.785+0000] {logging_mixin.py:188} INFO - [2024-05-03T10:48:44.784+0000] {dag.py:3954} INFO - Setting next_dagrun for example_subdag_operator to 2022-01-01 00:00:00+00:00, run_after=2022-01-01 00:00:00+00:00
[2024-05-03T10:48:44.788+0000] {logging_mixin.py:188} INFO - [2024-05-03T10:48:44.788+0000] {dag.py:3954} INFO - Setting next_dagrun for example_subdag_operator.section-1 to None, run_after=None
[2024-05-03T10:48:44.789+0000] {logging_mixin.py:188} INFO - [2024-05-03T10:48:44.789+0000] {dag.py:3954} INFO - Setting next_dagrun for example_subdag_operator.section-2 to None, run_after=None
[2024-05-03T10:48:44.796+0000] {logging_mixin.py:188} INFO - [2024-05-03T10:48:44.796+0000] {dag.py:3096} INFO - Sync 2 DAGs
[2024-05-03T10:48:44.800+0000] {logging_mixin.py:188} INFO - [2024-05-03T10:48:44.800+0000] {dag.py:3954} INFO - Setting next_dagrun for example_subdag_operator.section-1 to None, run_after=None
[2024-05-03T10:48:44.801+0000] {logging_mixin.py:188} INFO - [2024-05-03T10:48:44.801+0000] {dag.py:3954} INFO - Setting next_dagrun for example_subdag_operator.section-2 to None, run_after=None
[2024-05-03T10:48:44.811+0000] {processor.py:183} INFO - Processing /home/airflow/.local/lib/python3.12/site-packages/airflow/example_dags/example_subdag_operator.py took 0.082 seconds
[2024-05-03T10:49:14.993+0000] {processor.py:161} INFO - Started process (PID=1395) to work on /home/airflow/.local/lib/python3.12/site-packages/airflow/example_dags/example_subdag_operator.py
[2024-05-03T10:49:14.994+0000] {processor.py:830} INFO - Processing file /home/airflow/.local/lib/python3.12/site-packages/airflow/example_dags/example_subdag_operator.py for tasks to queue
[2024-05-03T10:49:14.996+0000] {logging_mixin.py:188} INFO - [2024-05-03T10:49:14.996+0000] {dagbag.py:540} INFO - Filling up the DagBag from /home/airflow/.local/lib/python3.12/site-packages/airflow/example_dags/example_subdag_operator.py
[2024-05-03T10:49:15.017+0000] {processor.py:840} INFO - DAG(s) 'example_subdag_operator.section-1', 'example_subdag_operator.section-2', 'example_subdag_operator' retrieved from /home/airflow/.local/lib/python3.12/site-packages/airflow/example_dags/example_subdag_operator.py
[2024-05-03T10:49:15.030+0000] {logging_mixin.py:188} INFO - [2024-05-03T10:49:15.030+0000] {dag.py:3096} INFO - Sync 3 DAGs
[2024-05-03T10:49:15.048+0000] {logging_mixin.py:188} INFO - [2024-05-03T10:49:15.048+0000] {dag.py:3954} INFO - Setting next_dagrun for example_subdag_operator to 2022-01-01 00:00:00+00:00, run_after=2022-01-01 00:00:00+00:00
[2024-05-03T10:49:15.052+0000] {logging_mixin.py:188} INFO - [2024-05-03T10:49:15.052+0000] {dag.py:3954} INFO - Setting next_dagrun for example_subdag_operator.section-1 to None, run_after=None
[2024-05-03T10:49:15.053+0000] {logging_mixin.py:188} INFO - [2024-05-03T10:49:15.053+0000] {dag.py:3954} INFO - Setting next_dagrun for example_subdag_operator.section-2 to None, run_after=None
[2024-05-03T10:49:15.060+0000] {logging_mixin.py:188} INFO - [2024-05-03T10:49:15.059+0000] {dag.py:3096} INFO - Sync 2 DAGs
[2024-05-03T10:49:15.065+0000] {logging_mixin.py:188} INFO - [2024-05-03T10:49:15.065+0000] {dag.py:3954} INFO - Setting next_dagrun for example_subdag_operator.section-1 to None, run_after=None
[2024-05-03T10:49:15.066+0000] {logging_mixin.py:188} INFO - [2024-05-03T10:49:15.066+0000] {dag.py:3954} INFO - Setting next_dagrun for example_subdag_operator.section-2 to None, run_after=None
[2024-05-03T10:49:15.077+0000] {processor.py:183} INFO - Processing /home/airflow/.local/lib/python3.12/site-packages/airflow/example_dags/example_subdag_operator.py took 0.089 seconds
[2024-05-03T10:49:45.448+0000] {processor.py:161} INFO - Started process (PID=1453) to work on /home/airflow/.local/lib/python3.12/site-packages/airflow/example_dags/example_subdag_operator.py
[2024-05-03T10:49:45.449+0000] {processor.py:830} INFO - Processing file /home/airflow/.local/lib/python3.12/site-packages/airflow/example_dags/example_subdag_operator.py for tasks to queue
[2024-05-03T10:49:45.451+0000] {logging_mixin.py:188} INFO - [2024-05-03T10:49:45.450+0000] {dagbag.py:540} INFO - Filling up the DagBag from /home/airflow/.local/lib/python3.12/site-packages/airflow/example_dags/example_subdag_operator.py
[2024-05-03T10:49:45.470+0000] {processor.py:840} INFO - DAG(s) 'example_subdag_operator.section-1', 'example_subdag_operator.section-2', 'example_subdag_operator' retrieved from /home/airflow/.local/lib/python3.12/site-packages/airflow/example_dags/example_subdag_operator.py
[2024-05-03T10:49:45.484+0000] {logging_mixin.py:188} INFO - [2024-05-03T10:49:45.484+0000] {dag.py:3096} INFO - Sync 3 DAGs
[2024-05-03T10:49:45.504+0000] {logging_mixin.py:188} INFO - [2024-05-03T10:49:45.504+0000] {dag.py:3954} INFO - Setting next_dagrun for example_subdag_operator to 2022-01-01 00:00:00+00:00, run_after=2022-01-01 00:00:00+00:00
[2024-05-03T10:49:45.508+0000] {logging_mixin.py:188} INFO - [2024-05-03T10:49:45.508+0000] {dag.py:3954} INFO - Setting next_dagrun for example_subdag_operator.section-1 to None, run_after=None
[2024-05-03T10:49:45.509+0000] {logging_mixin.py:188} INFO - [2024-05-03T10:49:45.509+0000] {dag.py:3954} INFO - Setting next_dagrun for example_subdag_operator.section-2 to None, run_after=None
[2024-05-03T10:49:45.517+0000] {logging_mixin.py:188} INFO - [2024-05-03T10:49:45.516+0000] {dag.py:3096} INFO - Sync 2 DAGs
[2024-05-03T10:49:45.522+0000] {logging_mixin.py:188} INFO - [2024-05-03T10:49:45.522+0000] {dag.py:3954} INFO - Setting next_dagrun for example_subdag_operator.section-1 to None, run_after=None
[2024-05-03T10:49:45.523+0000] {logging_mixin.py:188} INFO - [2024-05-03T10:49:45.522+0000] {dag.py:3954} INFO - Setting next_dagrun for example_subdag_operator.section-2 to None, run_after=None
[2024-05-03T10:49:45.534+0000] {processor.py:183} INFO - Processing /home/airflow/.local/lib/python3.12/site-packages/airflow/example_dags/example_subdag_operator.py took 0.090 seconds
[2024-05-03T10:50:15.641+0000] {processor.py:161} INFO - Started process (PID=1511) to work on /home/airflow/.local/lib/python3.12/site-packages/airflow/example_dags/example_subdag_operator.py
[2024-05-03T10:50:15.641+0000] {processor.py:830} INFO - Processing file /home/airflow/.local/lib/python3.12/site-packages/airflow/example_dags/example_subdag_operator.py for tasks to queue
[2024-05-03T10:50:15.643+0000] {logging_mixin.py:188} INFO - [2024-05-03T10:50:15.643+0000] {dagbag.py:540} INFO - Filling up the DagBag from /home/airflow/.local/lib/python3.12/site-packages/airflow/example_dags/example_subdag_operator.py
[2024-05-03T10:50:15.662+0000] {processor.py:840} INFO - DAG(s) 'example_subdag_operator.section-1', 'example_subdag_operator.section-2', 'example_subdag_operator' retrieved from /home/airflow/.local/lib/python3.12/site-packages/airflow/example_dags/example_subdag_operator.py
[2024-05-03T10:50:15.676+0000] {logging_mixin.py:188} INFO - [2024-05-03T10:50:15.676+0000] {dag.py:3096} INFO - Sync 3 DAGs
[2024-05-03T10:50:15.695+0000] {logging_mixin.py:188} INFO - [2024-05-03T10:50:15.695+0000] {dag.py:3954} INFO - Setting next_dagrun for example_subdag_operator to 2022-01-01 00:00:00+00:00, run_after=2022-01-01 00:00:00+00:00
[2024-05-03T10:50:15.699+0000] {logging_mixin.py:188} INFO - [2024-05-03T10:50:15.698+0000] {dag.py:3954} INFO - Setting next_dagrun for example_subdag_operator.section-1 to None, run_after=None
[2024-05-03T10:50:15.700+0000] {logging_mixin.py:188} INFO - [2024-05-03T10:50:15.700+0000] {dag.py:3954} INFO - Setting next_dagrun for example_subdag_operator.section-2 to None, run_after=None
[2024-05-03T10:50:15.706+0000] {logging_mixin.py:188} INFO - [2024-05-03T10:50:15.706+0000] {dag.py:3096} INFO - Sync 2 DAGs
[2024-05-03T10:50:15.711+0000] {logging_mixin.py:188} INFO - [2024-05-03T10:50:15.710+0000] {dag.py:3954} INFO - Setting next_dagrun for example_subdag_operator.section-1 to None, run_after=None
[2024-05-03T10:50:15.711+0000] {logging_mixin.py:188} INFO - [2024-05-03T10:50:15.711+0000] {dag.py:3954} INFO - Setting next_dagrun for example_subdag_operator.section-2 to None, run_after=None
[2024-05-03T10:50:15.720+0000] {processor.py:183} INFO - Processing /home/airflow/.local/lib/python3.12/site-packages/airflow/example_dags/example_subdag_operator.py took 0.084 seconds
[2024-05-03T10:50:45.874+0000] {processor.py:161} INFO - Started process (PID=1569) to work on /home/airflow/.local/lib/python3.12/site-packages/airflow/example_dags/example_subdag_operator.py
[2024-05-03T10:50:45.875+0000] {processor.py:830} INFO - Processing file /home/airflow/.local/lib/python3.12/site-packages/airflow/example_dags/example_subdag_operator.py for tasks to queue
[2024-05-03T10:50:45.876+0000] {logging_mixin.py:188} INFO - [2024-05-03T10:50:45.876+0000] {dagbag.py:540} INFO - Filling up the DagBag from /home/airflow/.local/lib/python3.12/site-packages/airflow/example_dags/example_subdag_operator.py
[2024-05-03T10:50:45.895+0000] {processor.py:840} INFO - DAG(s) 'example_subdag_operator.section-1', 'example_subdag_operator.section-2', 'example_subdag_operator' retrieved from /home/airflow/.local/lib/python3.12/site-packages/airflow/example_dags/example_subdag_operator.py
[2024-05-03T10:50:45.908+0000] {logging_mixin.py:188} INFO - [2024-05-03T10:50:45.908+0000] {dag.py:3096} INFO - Sync 3 DAGs
[2024-05-03T10:50:45.926+0000] {logging_mixin.py:188} INFO - [2024-05-03T10:50:45.925+0000] {dag.py:3954} INFO - Setting next_dagrun for example_subdag_operator to 2022-01-01 00:00:00+00:00, run_after=2022-01-01 00:00:00+00:00
[2024-05-03T10:50:45.929+0000] {logging_mixin.py:188} INFO - [2024-05-03T10:50:45.929+0000] {dag.py:3954} INFO - Setting next_dagrun for example_subdag_operator.section-1 to None, run_after=None
[2024-05-03T10:50:45.931+0000] {logging_mixin.py:188} INFO - [2024-05-03T10:50:45.930+0000] {dag.py:3954} INFO - Setting next_dagrun for example_subdag_operator.section-2 to None, run_after=None
[2024-05-03T10:50:45.937+0000] {logging_mixin.py:188} INFO - [2024-05-03T10:50:45.937+0000] {dag.py:3096} INFO - Sync 2 DAGs
[2024-05-03T10:50:45.942+0000] {logging_mixin.py:188} INFO - [2024-05-03T10:50:45.942+0000] {dag.py:3954} INFO - Setting next_dagrun for example_subdag_operator.section-1 to None, run_after=None
[2024-05-03T10:50:45.943+0000] {logging_mixin.py:188} INFO - [2024-05-03T10:50:45.943+0000] {dag.py:3954} INFO - Setting next_dagrun for example_subdag_operator.section-2 to None, run_after=None
[2024-05-03T10:50:45.952+0000] {processor.py:183} INFO - Processing /home/airflow/.local/lib/python3.12/site-packages/airflow/example_dags/example_subdag_operator.py took 0.083 seconds
[2024-05-03T10:51:16.144+0000] {processor.py:161} INFO - Started process (PID=1627) to work on /home/airflow/.local/lib/python3.12/site-packages/airflow/example_dags/example_subdag_operator.py
[2024-05-03T10:51:16.144+0000] {processor.py:830} INFO - Processing file /home/airflow/.local/lib/python3.12/site-packages/airflow/example_dags/example_subdag_operator.py for tasks to queue
[2024-05-03T10:51:16.146+0000] {logging_mixin.py:188} INFO - [2024-05-03T10:51:16.146+0000] {dagbag.py:540} INFO - Filling up the DagBag from /home/airflow/.local/lib/python3.12/site-packages/airflow/example_dags/example_subdag_operator.py
[2024-05-03T10:51:16.164+0000] {processor.py:840} INFO - DAG(s) 'example_subdag_operator.section-1', 'example_subdag_operator.section-2', 'example_subdag_operator' retrieved from /home/airflow/.local/lib/python3.12/site-packages/airflow/example_dags/example_subdag_operator.py
[2024-05-03T10:51:16.177+0000] {logging_mixin.py:188} INFO - [2024-05-03T10:51:16.177+0000] {dag.py:3096} INFO - Sync 3 DAGs
[2024-05-03T10:51:16.195+0000] {logging_mixin.py:188} INFO - [2024-05-03T10:51:16.194+0000] {dag.py:3954} INFO - Setting next_dagrun for example_subdag_operator to 2022-01-01 00:00:00+00:00, run_after=2022-01-01 00:00:00+00:00
[2024-05-03T10:51:16.198+0000] {logging_mixin.py:188} INFO - [2024-05-03T10:51:16.198+0000] {dag.py:3954} INFO - Setting next_dagrun for example_subdag_operator.section-1 to None, run_after=None
[2024-05-03T10:51:16.199+0000] {logging_mixin.py:188} INFO - [2024-05-03T10:51:16.199+0000] {dag.py:3954} INFO - Setting next_dagrun for example_subdag_operator.section-2 to None, run_after=None
[2024-05-03T10:51:16.206+0000] {logging_mixin.py:188} INFO - [2024-05-03T10:51:16.205+0000] {dag.py:3096} INFO - Sync 2 DAGs
[2024-05-03T10:51:16.210+0000] {logging_mixin.py:188} INFO - [2024-05-03T10:51:16.210+0000] {dag.py:3954} INFO - Setting next_dagrun for example_subdag_operator.section-1 to None, run_after=None
[2024-05-03T10:51:16.211+0000] {logging_mixin.py:188} INFO - [2024-05-03T10:51:16.211+0000] {dag.py:3954} INFO - Setting next_dagrun for example_subdag_operator.section-2 to None, run_after=None
[2024-05-03T10:51:16.220+0000] {processor.py:183} INFO - Processing /home/airflow/.local/lib/python3.12/site-packages/airflow/example_dags/example_subdag_operator.py took 0.082 seconds
[2024-05-03T10:51:46.356+0000] {processor.py:161} INFO - Started process (PID=1685) to work on /home/airflow/.local/lib/python3.12/site-packages/airflow/example_dags/example_subdag_operator.py
[2024-05-03T10:51:46.357+0000] {processor.py:830} INFO - Processing file /home/airflow/.local/lib/python3.12/site-packages/airflow/example_dags/example_subdag_operator.py for tasks to queue
[2024-05-03T10:51:46.359+0000] {logging_mixin.py:188} INFO - [2024-05-03T10:51:46.358+0000] {dagbag.py:540} INFO - Filling up the DagBag from /home/airflow/.local/lib/python3.12/site-packages/airflow/example_dags/example_subdag_operator.py
[2024-05-03T10:51:46.377+0000] {processor.py:840} INFO - DAG(s) 'example_subdag_operator.section-1', 'example_subdag_operator.section-2', 'example_subdag_operator' retrieved from /home/airflow/.local/lib/python3.12/site-packages/airflow/example_dags/example_subdag_operator.py
[2024-05-03T10:51:46.391+0000] {logging_mixin.py:188} INFO - [2024-05-03T10:51:46.391+0000] {dag.py:3096} INFO - Sync 3 DAGs
[2024-05-03T10:51:46.408+0000] {logging_mixin.py:188} INFO - [2024-05-03T10:51:46.408+0000] {dag.py:3954} INFO - Setting next_dagrun for example_subdag_operator to 2022-01-01 00:00:00+00:00, run_after=2022-01-01 00:00:00+00:00
[2024-05-03T10:51:46.413+0000] {logging_mixin.py:188} INFO - [2024-05-03T10:51:46.412+0000] {dag.py:3954} INFO - Setting next_dagrun for example_subdag_operator.section-1 to None, run_after=None
[2024-05-03T10:51:46.414+0000] {logging_mixin.py:188} INFO - [2024-05-03T10:51:46.414+0000] {dag.py:3954} INFO - Setting next_dagrun for example_subdag_operator.section-2 to None, run_after=None
[2024-05-03T10:51:46.421+0000] {logging_mixin.py:188} INFO - [2024-05-03T10:51:46.420+0000] {dag.py:3096} INFO - Sync 2 DAGs
[2024-05-03T10:51:46.425+0000] {logging_mixin.py:188} INFO - [2024-05-03T10:51:46.425+0000] {dag.py:3954} INFO - Setting next_dagrun for example_subdag_operator.section-1 to None, run_after=None
[2024-05-03T10:51:46.426+0000] {logging_mixin.py:188} INFO - [2024-05-03T10:51:46.426+0000] {dag.py:3954} INFO - Setting next_dagrun for example_subdag_operator.section-2 to None, run_after=None
[2024-05-03T10:51:46.436+0000] {processor.py:183} INFO - Processing /home/airflow/.local/lib/python3.12/site-packages/airflow/example_dags/example_subdag_operator.py took 0.084 seconds
[2024-05-03T10:52:16.629+0000] {processor.py:161} INFO - Started process (PID=1743) to work on /home/airflow/.local/lib/python3.12/site-packages/airflow/example_dags/example_subdag_operator.py
[2024-05-03T10:52:16.629+0000] {processor.py:830} INFO - Processing file /home/airflow/.local/lib/python3.12/site-packages/airflow/example_dags/example_subdag_operator.py for tasks to queue
[2024-05-03T10:52:16.631+0000] {logging_mixin.py:188} INFO - [2024-05-03T10:52:16.631+0000] {dagbag.py:540} INFO - Filling up the DagBag from /home/airflow/.local/lib/python3.12/site-packages/airflow/example_dags/example_subdag_operator.py
[2024-05-03T10:52:16.653+0000] {processor.py:840} INFO - DAG(s) 'example_subdag_operator.section-1', 'example_subdag_operator.section-2', 'example_subdag_operator' retrieved from /home/airflow/.local/lib/python3.12/site-packages/airflow/example_dags/example_subdag_operator.py
[2024-05-03T10:52:16.667+0000] {logging_mixin.py:188} INFO - [2024-05-03T10:52:16.666+0000] {dag.py:3096} INFO - Sync 3 DAGs
[2024-05-03T10:52:16.686+0000] {logging_mixin.py:188} INFO - [2024-05-03T10:52:16.686+0000] {dag.py:3954} INFO - Setting next_dagrun for example_subdag_operator to 2022-01-01 00:00:00+00:00, run_after=2022-01-01 00:00:00+00:00
[2024-05-03T10:52:16.690+0000] {logging_mixin.py:188} INFO - [2024-05-03T10:52:16.690+0000] {dag.py:3954} INFO - Setting next_dagrun for example_subdag_operator.section-1 to None, run_after=None
[2024-05-03T10:52:16.691+0000] {logging_mixin.py:188} INFO - [2024-05-03T10:52:16.691+0000] {dag.py:3954} INFO - Setting next_dagrun for example_subdag_operator.section-2 to None, run_after=None
[2024-05-03T10:52:16.700+0000] {logging_mixin.py:188} INFO - [2024-05-03T10:52:16.699+0000] {dag.py:3096} INFO - Sync 2 DAGs
[2024-05-03T10:52:16.705+0000] {logging_mixin.py:188} INFO - [2024-05-03T10:52:16.705+0000] {dag.py:3954} INFO - Setting next_dagrun for example_subdag_operator.section-1 to None, run_after=None
[2024-05-03T10:52:16.706+0000] {logging_mixin.py:188} INFO - [2024-05-03T10:52:16.706+0000] {dag.py:3954} INFO - Setting next_dagrun for example_subdag_operator.section-2 to None, run_after=None
[2024-05-03T10:52:16.715+0000] {processor.py:183} INFO - Processing /home/airflow/.local/lib/python3.12/site-packages/airflow/example_dags/example_subdag_operator.py took 0.091 seconds
[2024-05-03T10:52:46.951+0000] {processor.py:161} INFO - Started process (PID=1801) to work on /home/airflow/.local/lib/python3.12/site-packages/airflow/example_dags/example_subdag_operator.py
[2024-05-03T10:52:46.952+0000] {processor.py:830} INFO - Processing file /home/airflow/.local/lib/python3.12/site-packages/airflow/example_dags/example_subdag_operator.py for tasks to queue
[2024-05-03T10:52:46.953+0000] {logging_mixin.py:188} INFO - [2024-05-03T10:52:46.953+0000] {dagbag.py:540} INFO - Filling up the DagBag from /home/airflow/.local/lib/python3.12/site-packages/airflow/example_dags/example_subdag_operator.py
[2024-05-03T10:52:46.970+0000] {processor.py:840} INFO - DAG(s) 'example_subdag_operator.section-1', 'example_subdag_operator.section-2', 'example_subdag_operator' retrieved from /home/airflow/.local/lib/python3.12/site-packages/airflow/example_dags/example_subdag_operator.py
[2024-05-03T10:52:46.983+0000] {logging_mixin.py:188} INFO - [2024-05-03T10:52:46.983+0000] {dag.py:3096} INFO - Sync 3 DAGs
[2024-05-03T10:52:47.001+0000] {logging_mixin.py:188} INFO - [2024-05-03T10:52:47.000+0000] {dag.py:3954} INFO - Setting next_dagrun for example_subdag_operator to 2022-01-01 00:00:00+00:00, run_after=2022-01-01 00:00:00+00:00
[2024-05-03T10:52:47.005+0000] {logging_mixin.py:188} INFO - [2024-05-03T10:52:47.004+0000] {dag.py:3954} INFO - Setting next_dagrun for example_subdag_operator.section-1 to None, run_after=None
[2024-05-03T10:52:47.006+0000] {logging_mixin.py:188} INFO - [2024-05-03T10:52:47.006+0000] {dag.py:3954} INFO - Setting next_dagrun for example_subdag_operator.section-2 to None, run_after=None
[2024-05-03T10:52:47.014+0000] {logging_mixin.py:188} INFO - [2024-05-03T10:52:47.014+0000] {dag.py:3096} INFO - Sync 2 DAGs
[2024-05-03T10:52:47.019+0000] {logging_mixin.py:188} INFO - [2024-05-03T10:52:47.018+0000] {dag.py:3954} INFO - Setting next_dagrun for example_subdag_operator.section-1 to None, run_after=None
[2024-05-03T10:52:47.019+0000] {logging_mixin.py:188} INFO - [2024-05-03T10:52:47.019+0000] {dag.py:3954} INFO - Setting next_dagrun for example_subdag_operator.section-2 to None, run_after=None
[2024-05-03T10:52:47.028+0000] {processor.py:183} INFO - Processing /home/airflow/.local/lib/python3.12/site-packages/airflow/example_dags/example_subdag_operator.py took 0.082 seconds
[2024-05-03T10:53:17.122+0000] {processor.py:161} INFO - Started process (PID=1860) to work on /home/airflow/.local/lib/python3.12/site-packages/airflow/example_dags/example_subdag_operator.py
[2024-05-03T10:53:17.123+0000] {processor.py:830} INFO - Processing file /home/airflow/.local/lib/python3.12/site-packages/airflow/example_dags/example_subdag_operator.py for tasks to queue
[2024-05-03T10:53:17.124+0000] {logging_mixin.py:188} INFO - [2024-05-03T10:53:17.124+0000] {dagbag.py:540} INFO - Filling up the DagBag from /home/airflow/.local/lib/python3.12/site-packages/airflow/example_dags/example_subdag_operator.py
[2024-05-03T10:53:17.143+0000] {processor.py:840} INFO - DAG(s) 'example_subdag_operator.section-1', 'example_subdag_operator.section-2', 'example_subdag_operator' retrieved from /home/airflow/.local/lib/python3.12/site-packages/airflow/example_dags/example_subdag_operator.py
[2024-05-03T10:53:17.156+0000] {logging_mixin.py:188} INFO - [2024-05-03T10:53:17.155+0000] {dag.py:3096} INFO - Sync 3 DAGs
[2024-05-03T10:53:17.173+0000] {logging_mixin.py:188} INFO - [2024-05-03T10:53:17.172+0000] {dag.py:3954} INFO - Setting next_dagrun for example_subdag_operator to 2022-01-01 00:00:00+00:00, run_after=2022-01-01 00:00:00+00:00
[2024-05-03T10:53:17.176+0000] {logging_mixin.py:188} INFO - [2024-05-03T10:53:17.176+0000] {dag.py:3954} INFO - Setting next_dagrun for example_subdag_operator.section-1 to None, run_after=None
[2024-05-03T10:53:17.178+0000] {logging_mixin.py:188} INFO - [2024-05-03T10:53:17.178+0000] {dag.py:3954} INFO - Setting next_dagrun for example_subdag_operator.section-2 to None, run_after=None
[2024-05-03T10:53:17.184+0000] {logging_mixin.py:188} INFO - [2024-05-03T10:53:17.184+0000] {dag.py:3096} INFO - Sync 2 DAGs
[2024-05-03T10:53:17.190+0000] {logging_mixin.py:188} INFO - [2024-05-03T10:53:17.189+0000] {dag.py:3954} INFO - Setting next_dagrun for example_subdag_operator.section-1 to None, run_after=None
[2024-05-03T10:53:17.190+0000] {logging_mixin.py:188} INFO - [2024-05-03T10:53:17.190+0000] {dag.py:3954} INFO - Setting next_dagrun for example_subdag_operator.section-2 to None, run_after=None
[2024-05-03T10:53:17.200+0000] {processor.py:183} INFO - Processing /home/airflow/.local/lib/python3.12/site-packages/airflow/example_dags/example_subdag_operator.py took 0.082 seconds
[2024-05-03T10:53:47.414+0000] {processor.py:161} INFO - Started process (PID=1918) to work on /home/airflow/.local/lib/python3.12/site-packages/airflow/example_dags/example_subdag_operator.py
[2024-05-03T10:53:47.414+0000] {processor.py:830} INFO - Processing file /home/airflow/.local/lib/python3.12/site-packages/airflow/example_dags/example_subdag_operator.py for tasks to queue
[2024-05-03T10:53:47.416+0000] {logging_mixin.py:188} INFO - [2024-05-03T10:53:47.416+0000] {dagbag.py:540} INFO - Filling up the DagBag from /home/airflow/.local/lib/python3.12/site-packages/airflow/example_dags/example_subdag_operator.py
[2024-05-03T10:53:47.439+0000] {processor.py:840} INFO - DAG(s) 'example_subdag_operator.section-1', 'example_subdag_operator.section-2', 'example_subdag_operator' retrieved from /home/airflow/.local/lib/python3.12/site-packages/airflow/example_dags/example_subdag_operator.py
[2024-05-03T10:53:47.452+0000] {logging_mixin.py:188} INFO - [2024-05-03T10:53:47.452+0000] {dag.py:3096} INFO - Sync 3 DAGs
[2024-05-03T10:53:47.472+0000] {logging_mixin.py:188} INFO - [2024-05-03T10:53:47.472+0000] {dag.py:3954} INFO - Setting next_dagrun for example_subdag_operator to 2022-01-01 00:00:00+00:00, run_after=2022-01-01 00:00:00+00:00
[2024-05-03T10:53:47.476+0000] {logging_mixin.py:188} INFO - [2024-05-03T10:53:47.476+0000] {dag.py:3954} INFO - Setting next_dagrun for example_subdag_operator.section-1 to None, run_after=None
[2024-05-03T10:53:47.478+0000] {logging_mixin.py:188} INFO - [2024-05-03T10:53:47.478+0000] {dag.py:3954} INFO - Setting next_dagrun for example_subdag_operator.section-2 to None, run_after=None
[2024-05-03T10:53:47.487+0000] {logging_mixin.py:188} INFO - [2024-05-03T10:53:47.486+0000] {dag.py:3096} INFO - Sync 2 DAGs
[2024-05-03T10:53:47.492+0000] {logging_mixin.py:188} INFO - [2024-05-03T10:53:47.491+0000] {dag.py:3954} INFO - Setting next_dagrun for example_subdag_operator.section-1 to None, run_after=None
[2024-05-03T10:53:47.492+0000] {logging_mixin.py:188} INFO - [2024-05-03T10:53:47.492+0000] {dag.py:3954} INFO - Setting next_dagrun for example_subdag_operator.section-2 to None, run_after=None
[2024-05-03T10:53:47.502+0000] {processor.py:183} INFO - Processing /home/airflow/.local/lib/python3.12/site-packages/airflow/example_dags/example_subdag_operator.py took 0.094 seconds
[2024-05-03T10:54:17.957+0000] {processor.py:161} INFO - Started process (PID=1976) to work on /home/airflow/.local/lib/python3.12/site-packages/airflow/example_dags/example_subdag_operator.py
[2024-05-03T10:54:17.958+0000] {processor.py:830} INFO - Processing file /home/airflow/.local/lib/python3.12/site-packages/airflow/example_dags/example_subdag_operator.py for tasks to queue
[2024-05-03T10:54:17.959+0000] {logging_mixin.py:188} INFO - [2024-05-03T10:54:17.959+0000] {dagbag.py:540} INFO - Filling up the DagBag from /home/airflow/.local/lib/python3.12/site-packages/airflow/example_dags/example_subdag_operator.py
[2024-05-03T10:54:17.982+0000] {processor.py:840} INFO - DAG(s) 'example_subdag_operator.section-1', 'example_subdag_operator.section-2', 'example_subdag_operator' retrieved from /home/airflow/.local/lib/python3.12/site-packages/airflow/example_dags/example_subdag_operator.py
[2024-05-03T10:54:17.998+0000] {logging_mixin.py:188} INFO - [2024-05-03T10:54:17.997+0000] {dag.py:3096} INFO - Sync 3 DAGs
[2024-05-03T10:54:18.019+0000] {logging_mixin.py:188} INFO - [2024-05-03T10:54:18.018+0000] {dag.py:3954} INFO - Setting next_dagrun for example_subdag_operator to 2022-01-01 00:00:00+00:00, run_after=2022-01-01 00:00:00+00:00
[2024-05-03T10:54:18.023+0000] {logging_mixin.py:188} INFO - [2024-05-03T10:54:18.022+0000] {dag.py:3954} INFO - Setting next_dagrun for example_subdag_operator.section-1 to None, run_after=None
[2024-05-03T10:54:18.024+0000] {logging_mixin.py:188} INFO - [2024-05-03T10:54:18.024+0000] {dag.py:3954} INFO - Setting next_dagrun for example_subdag_operator.section-2 to None, run_after=None
[2024-05-03T10:54:18.031+0000] {logging_mixin.py:188} INFO - [2024-05-03T10:54:18.031+0000] {dag.py:3096} INFO - Sync 2 DAGs
[2024-05-03T10:54:18.036+0000] {logging_mixin.py:188} INFO - [2024-05-03T10:54:18.036+0000] {dag.py:3954} INFO - Setting next_dagrun for example_subdag_operator.section-1 to None, run_after=None
[2024-05-03T10:54:18.037+0000] {logging_mixin.py:188} INFO - [2024-05-03T10:54:18.037+0000] {dag.py:3954} INFO - Setting next_dagrun for example_subdag_operator.section-2 to None, run_after=None
[2024-05-03T10:54:18.057+0000] {processor.py:183} INFO - Processing /home/airflow/.local/lib/python3.12/site-packages/airflow/example_dags/example_subdag_operator.py took 0.105 seconds
[2024-05-03T10:54:48.240+0000] {processor.py:161} INFO - Started process (PID=2034) to work on /home/airflow/.local/lib/python3.12/site-packages/airflow/example_dags/example_subdag_operator.py
[2024-05-03T10:54:48.241+0000] {processor.py:830} INFO - Processing file /home/airflow/.local/lib/python3.12/site-packages/airflow/example_dags/example_subdag_operator.py for tasks to queue
[2024-05-03T10:54:48.243+0000] {logging_mixin.py:188} INFO - [2024-05-03T10:54:48.242+0000] {dagbag.py:540} INFO - Filling up the DagBag from /home/airflow/.local/lib/python3.12/site-packages/airflow/example_dags/example_subdag_operator.py
[2024-05-03T10:54:48.260+0000] {processor.py:840} INFO - DAG(s) 'example_subdag_operator.section-1', 'example_subdag_operator.section-2', 'example_subdag_operator' retrieved from /home/airflow/.local/lib/python3.12/site-packages/airflow/example_dags/example_subdag_operator.py
[2024-05-03T10:54:48.273+0000] {logging_mixin.py:188} INFO - [2024-05-03T10:54:48.273+0000] {dag.py:3096} INFO - Sync 3 DAGs
[2024-05-03T10:54:48.290+0000] {logging_mixin.py:188} INFO - [2024-05-03T10:54:48.290+0000] {dag.py:3954} INFO - Setting next_dagrun for example_subdag_operator to 2022-01-01 00:00:00+00:00, run_after=2022-01-01 00:00:00+00:00
[2024-05-03T10:54:48.294+0000] {logging_mixin.py:188} INFO - [2024-05-03T10:54:48.294+0000] {dag.py:3954} INFO - Setting next_dagrun for example_subdag_operator.section-1 to None, run_after=None
[2024-05-03T10:54:48.295+0000] {logging_mixin.py:188} INFO - [2024-05-03T10:54:48.295+0000] {dag.py:3954} INFO - Setting next_dagrun for example_subdag_operator.section-2 to None, run_after=None
[2024-05-03T10:54:48.302+0000] {logging_mixin.py:188} INFO - [2024-05-03T10:54:48.302+0000] {dag.py:3096} INFO - Sync 2 DAGs
[2024-05-03T10:54:48.306+0000] {logging_mixin.py:188} INFO - [2024-05-03T10:54:48.306+0000] {dag.py:3954} INFO - Setting next_dagrun for example_subdag_operator.section-1 to None, run_after=None
[2024-05-03T10:54:48.307+0000] {logging_mixin.py:188} INFO - [2024-05-03T10:54:48.307+0000] {dag.py:3954} INFO - Setting next_dagrun for example_subdag_operator.section-2 to None, run_after=None
[2024-05-03T10:54:48.316+0000] {processor.py:183} INFO - Processing /home/airflow/.local/lib/python3.12/site-packages/airflow/example_dags/example_subdag_operator.py took 0.081 seconds
[2024-05-03T10:55:18.404+0000] {processor.py:161} INFO - Started process (PID=2092) to work on /home/airflow/.local/lib/python3.12/site-packages/airflow/example_dags/example_subdag_operator.py
[2024-05-03T10:55:18.404+0000] {processor.py:830} INFO - Processing file /home/airflow/.local/lib/python3.12/site-packages/airflow/example_dags/example_subdag_operator.py for tasks to queue
[2024-05-03T10:55:18.406+0000] {logging_mixin.py:188} INFO - [2024-05-03T10:55:18.406+0000] {dagbag.py:540} INFO - Filling up the DagBag from /home/airflow/.local/lib/python3.12/site-packages/airflow/example_dags/example_subdag_operator.py
[2024-05-03T10:55:18.423+0000] {processor.py:840} INFO - DAG(s) 'example_subdag_operator.section-1', 'example_subdag_operator.section-2', 'example_subdag_operator' retrieved from /home/airflow/.local/lib/python3.12/site-packages/airflow/example_dags/example_subdag_operator.py
[2024-05-03T10:55:18.435+0000] {logging_mixin.py:188} INFO - [2024-05-03T10:55:18.435+0000] {dag.py:3096} INFO - Sync 3 DAGs
[2024-05-03T10:55:18.452+0000] {logging_mixin.py:188} INFO - [2024-05-03T10:55:18.451+0000] {dag.py:3954} INFO - Setting next_dagrun for example_subdag_operator to 2022-01-01 00:00:00+00:00, run_after=2022-01-01 00:00:00+00:00
[2024-05-03T10:55:18.455+0000] {logging_mixin.py:188} INFO - [2024-05-03T10:55:18.455+0000] {dag.py:3954} INFO - Setting next_dagrun for example_subdag_operator.section-1 to None, run_after=None
[2024-05-03T10:55:18.457+0000] {logging_mixin.py:188} INFO - [2024-05-03T10:55:18.457+0000] {dag.py:3954} INFO - Setting next_dagrun for example_subdag_operator.section-2 to None, run_after=None
[2024-05-03T10:55:18.463+0000] {logging_mixin.py:188} INFO - [2024-05-03T10:55:18.463+0000] {dag.py:3096} INFO - Sync 2 DAGs
[2024-05-03T10:55:18.468+0000] {logging_mixin.py:188} INFO - [2024-05-03T10:55:18.467+0000] {dag.py:3954} INFO - Setting next_dagrun for example_subdag_operator.section-1 to None, run_after=None
[2024-05-03T10:55:18.468+0000] {logging_mixin.py:188} INFO - [2024-05-03T10:55:18.468+0000] {dag.py:3954} INFO - Setting next_dagrun for example_subdag_operator.section-2 to None, run_after=None
[2024-05-03T10:55:18.478+0000] {processor.py:183} INFO - Processing /home/airflow/.local/lib/python3.12/site-packages/airflow/example_dags/example_subdag_operator.py took 0.079 seconds
[2024-05-03T10:55:48.647+0000] {processor.py:161} INFO - Started process (PID=2150) to work on /home/airflow/.local/lib/python3.12/site-packages/airflow/example_dags/example_subdag_operator.py
[2024-05-03T10:55:48.648+0000] {processor.py:830} INFO - Processing file /home/airflow/.local/lib/python3.12/site-packages/airflow/example_dags/example_subdag_operator.py for tasks to queue
[2024-05-03T10:55:48.649+0000] {logging_mixin.py:188} INFO - [2024-05-03T10:55:48.649+0000] {dagbag.py:540} INFO - Filling up the DagBag from /home/airflow/.local/lib/python3.12/site-packages/airflow/example_dags/example_subdag_operator.py
[2024-05-03T10:55:48.669+0000] {processor.py:840} INFO - DAG(s) 'example_subdag_operator.section-1', 'example_subdag_operator.section-2', 'example_subdag_operator' retrieved from /home/airflow/.local/lib/python3.12/site-packages/airflow/example_dags/example_subdag_operator.py
[2024-05-03T10:55:48.683+0000] {logging_mixin.py:188} INFO - [2024-05-03T10:55:48.683+0000] {dag.py:3096} INFO - Sync 3 DAGs
[2024-05-03T10:55:48.702+0000] {logging_mixin.py:188} INFO - [2024-05-03T10:55:48.702+0000] {dag.py:3954} INFO - Setting next_dagrun for example_subdag_operator to 2022-01-01 00:00:00+00:00, run_after=2022-01-01 00:00:00+00:00
[2024-05-03T10:55:48.706+0000] {logging_mixin.py:188} INFO - [2024-05-03T10:55:48.706+0000] {dag.py:3954} INFO - Setting next_dagrun for example_subdag_operator.section-1 to None, run_after=None
[2024-05-03T10:55:48.708+0000] {logging_mixin.py:188} INFO - [2024-05-03T10:55:48.707+0000] {dag.py:3954} INFO - Setting next_dagrun for example_subdag_operator.section-2 to None, run_after=None
[2024-05-03T10:55:48.715+0000] {logging_mixin.py:188} INFO - [2024-05-03T10:55:48.715+0000] {dag.py:3096} INFO - Sync 2 DAGs
[2024-05-03T10:55:48.721+0000] {logging_mixin.py:188} INFO - [2024-05-03T10:55:48.720+0000] {dag.py:3954} INFO - Setting next_dagrun for example_subdag_operator.section-1 to None, run_after=None
[2024-05-03T10:55:48.721+0000] {logging_mixin.py:188} INFO - [2024-05-03T10:55:48.721+0000] {dag.py:3954} INFO - Setting next_dagrun for example_subdag_operator.section-2 to None, run_after=None
[2024-05-03T10:55:48.731+0000] {processor.py:183} INFO - Processing /home/airflow/.local/lib/python3.12/site-packages/airflow/example_dags/example_subdag_operator.py took 0.089 seconds
[2024-05-03T10:56:18.869+0000] {processor.py:161} INFO - Started process (PID=2208) to work on /home/airflow/.local/lib/python3.12/site-packages/airflow/example_dags/example_subdag_operator.py
[2024-05-03T10:56:18.870+0000] {processor.py:830} INFO - Processing file /home/airflow/.local/lib/python3.12/site-packages/airflow/example_dags/example_subdag_operator.py for tasks to queue
[2024-05-03T10:56:18.871+0000] {logging_mixin.py:188} INFO - [2024-05-03T10:56:18.871+0000] {dagbag.py:540} INFO - Filling up the DagBag from /home/airflow/.local/lib/python3.12/site-packages/airflow/example_dags/example_subdag_operator.py
[2024-05-03T10:56:18.891+0000] {processor.py:840} INFO - DAG(s) 'example_subdag_operator.section-1', 'example_subdag_operator.section-2', 'example_subdag_operator' retrieved from /home/airflow/.local/lib/python3.12/site-packages/airflow/example_dags/example_subdag_operator.py
[2024-05-03T10:56:18.905+0000] {logging_mixin.py:188} INFO - [2024-05-03T10:56:18.905+0000] {dag.py:3096} INFO - Sync 3 DAGs
[2024-05-03T10:56:18.923+0000] {logging_mixin.py:188} INFO - [2024-05-03T10:56:18.923+0000] {dag.py:3954} INFO - Setting next_dagrun for example_subdag_operator to 2022-01-01 00:00:00+00:00, run_after=2022-01-01 00:00:00+00:00
[2024-05-03T10:56:18.926+0000] {logging_mixin.py:188} INFO - [2024-05-03T10:56:18.926+0000] {dag.py:3954} INFO - Setting next_dagrun for example_subdag_operator.section-1 to None, run_after=None
[2024-05-03T10:56:18.928+0000] {logging_mixin.py:188} INFO - [2024-05-03T10:56:18.927+0000] {dag.py:3954} INFO - Setting next_dagrun for example_subdag_operator.section-2 to None, run_after=None
[2024-05-03T10:56:18.934+0000] {logging_mixin.py:188} INFO - [2024-05-03T10:56:18.933+0000] {dag.py:3096} INFO - Sync 2 DAGs
[2024-05-03T10:56:18.938+0000] {logging_mixin.py:188} INFO - [2024-05-03T10:56:18.938+0000] {dag.py:3954} INFO - Setting next_dagrun for example_subdag_operator.section-1 to None, run_after=None
[2024-05-03T10:56:18.939+0000] {logging_mixin.py:188} INFO - [2024-05-03T10:56:18.939+0000] {dag.py:3954} INFO - Setting next_dagrun for example_subdag_operator.section-2 to None, run_after=None
[2024-05-03T10:56:18.948+0000] {processor.py:183} INFO - Processing /home/airflow/.local/lib/python3.12/site-packages/airflow/example_dags/example_subdag_operator.py took 0.083 seconds
[2024-05-03T10:56:49.070+0000] {processor.py:161} INFO - Started process (PID=2266) to work on /home/airflow/.local/lib/python3.12/site-packages/airflow/example_dags/example_subdag_operator.py
[2024-05-03T10:56:49.071+0000] {processor.py:830} INFO - Processing file /home/airflow/.local/lib/python3.12/site-packages/airflow/example_dags/example_subdag_operator.py for tasks to queue
[2024-05-03T10:56:49.072+0000] {logging_mixin.py:188} INFO - [2024-05-03T10:56:49.072+0000] {dagbag.py:540} INFO - Filling up the DagBag from /home/airflow/.local/lib/python3.12/site-packages/airflow/example_dags/example_subdag_operator.py
[2024-05-03T10:56:49.090+0000] {processor.py:840} INFO - DAG(s) 'example_subdag_operator.section-1', 'example_subdag_operator.section-2', 'example_subdag_operator' retrieved from /home/airflow/.local/lib/python3.12/site-packages/airflow/example_dags/example_subdag_operator.py
[2024-05-03T10:56:49.105+0000] {logging_mixin.py:188} INFO - [2024-05-03T10:56:49.104+0000] {dag.py:3096} INFO - Sync 3 DAGs
[2024-05-03T10:56:49.124+0000] {logging_mixin.py:188} INFO - [2024-05-03T10:56:49.123+0000] {dag.py:3954} INFO - Setting next_dagrun for example_subdag_operator to 2022-01-01 00:00:00+00:00, run_after=2022-01-01 00:00:00+00:00
[2024-05-03T10:56:49.128+0000] {logging_mixin.py:188} INFO - [2024-05-03T10:56:49.127+0000] {dag.py:3954} INFO - Setting next_dagrun for example_subdag_operator.section-1 to None, run_after=None
[2024-05-03T10:56:49.129+0000] {logging_mixin.py:188} INFO - [2024-05-03T10:56:49.129+0000] {dag.py:3954} INFO - Setting next_dagrun for example_subdag_operator.section-2 to None, run_after=None
[2024-05-03T10:56:49.136+0000] {logging_mixin.py:188} INFO - [2024-05-03T10:56:49.135+0000] {dag.py:3096} INFO - Sync 2 DAGs
[2024-05-03T10:56:49.140+0000] {logging_mixin.py:188} INFO - [2024-05-03T10:56:49.140+0000] {dag.py:3954} INFO - Setting next_dagrun for example_subdag_operator.section-1 to None, run_after=None
[2024-05-03T10:56:49.141+0000] {logging_mixin.py:188} INFO - [2024-05-03T10:56:49.141+0000] {dag.py:3954} INFO - Setting next_dagrun for example_subdag_operator.section-2 to None, run_after=None
[2024-05-03T10:56:49.151+0000] {processor.py:183} INFO - Processing /home/airflow/.local/lib/python3.12/site-packages/airflow/example_dags/example_subdag_operator.py took 0.085 seconds
[2024-05-03T10:57:19.225+0000] {processor.py:161} INFO - Started process (PID=2324) to work on /home/airflow/.local/lib/python3.12/site-packages/airflow/example_dags/example_subdag_operator.py
[2024-05-03T10:57:19.226+0000] {processor.py:830} INFO - Processing file /home/airflow/.local/lib/python3.12/site-packages/airflow/example_dags/example_subdag_operator.py for tasks to queue
[2024-05-03T10:57:19.227+0000] {logging_mixin.py:188} INFO - [2024-05-03T10:57:19.227+0000] {dagbag.py:540} INFO - Filling up the DagBag from /home/airflow/.local/lib/python3.12/site-packages/airflow/example_dags/example_subdag_operator.py
[2024-05-03T10:57:19.245+0000] {processor.py:840} INFO - DAG(s) 'example_subdag_operator.section-1', 'example_subdag_operator.section-2', 'example_subdag_operator' retrieved from /home/airflow/.local/lib/python3.12/site-packages/airflow/example_dags/example_subdag_operator.py
[2024-05-03T10:57:19.257+0000] {logging_mixin.py:188} INFO - [2024-05-03T10:57:19.257+0000] {dag.py:3096} INFO - Sync 3 DAGs
[2024-05-03T10:57:19.275+0000] {logging_mixin.py:188} INFO - [2024-05-03T10:57:19.275+0000] {dag.py:3954} INFO - Setting next_dagrun for example_subdag_operator to 2022-01-01 00:00:00+00:00, run_after=2022-01-01 00:00:00+00:00
[2024-05-03T10:57:19.280+0000] {logging_mixin.py:188} INFO - [2024-05-03T10:57:19.280+0000] {dag.py:3954} INFO - Setting next_dagrun for example_subdag_operator.section-1 to None, run_after=None
[2024-05-03T10:57:19.281+0000] {logging_mixin.py:188} INFO - [2024-05-03T10:57:19.281+0000] {dag.py:3954} INFO - Setting next_dagrun for example_subdag_operator.section-2 to None, run_after=None
[2024-05-03T10:57:19.288+0000] {logging_mixin.py:188} INFO - [2024-05-03T10:57:19.288+0000] {dag.py:3096} INFO - Sync 2 DAGs
[2024-05-03T10:57:19.293+0000] {logging_mixin.py:188} INFO - [2024-05-03T10:57:19.293+0000] {dag.py:3954} INFO - Setting next_dagrun for example_subdag_operator.section-1 to None, run_after=None
[2024-05-03T10:57:19.293+0000] {logging_mixin.py:188} INFO - [2024-05-03T10:57:19.293+0000] {dag.py:3954} INFO - Setting next_dagrun for example_subdag_operator.section-2 to None, run_after=None
[2024-05-03T10:57:19.302+0000] {processor.py:183} INFO - Processing /home/airflow/.local/lib/python3.12/site-packages/airflow/example_dags/example_subdag_operator.py took 0.082 seconds
[2024-05-03T10:57:49.443+0000] {processor.py:161} INFO - Started process (PID=2382) to work on /home/airflow/.local/lib/python3.12/site-packages/airflow/example_dags/example_subdag_operator.py
[2024-05-03T10:57:49.444+0000] {processor.py:830} INFO - Processing file /home/airflow/.local/lib/python3.12/site-packages/airflow/example_dags/example_subdag_operator.py for tasks to queue
[2024-05-03T10:57:49.445+0000] {logging_mixin.py:188} INFO - [2024-05-03T10:57:49.445+0000] {dagbag.py:540} INFO - Filling up the DagBag from /home/airflow/.local/lib/python3.12/site-packages/airflow/example_dags/example_subdag_operator.py
[2024-05-03T10:57:49.463+0000] {processor.py:840} INFO - DAG(s) 'example_subdag_operator.section-1', 'example_subdag_operator.section-2', 'example_subdag_operator' retrieved from /home/airflow/.local/lib/python3.12/site-packages/airflow/example_dags/example_subdag_operator.py
[2024-05-03T10:57:49.476+0000] {logging_mixin.py:188} INFO - [2024-05-03T10:57:49.476+0000] {dag.py:3096} INFO - Sync 3 DAGs
[2024-05-03T10:57:49.494+0000] {logging_mixin.py:188} INFO - [2024-05-03T10:57:49.494+0000] {dag.py:3954} INFO - Setting next_dagrun for example_subdag_operator to 2022-01-01 00:00:00+00:00, run_after=2022-01-01 00:00:00+00:00
[2024-05-03T10:57:49.498+0000] {logging_mixin.py:188} INFO - [2024-05-03T10:57:49.498+0000] {dag.py:3954} INFO - Setting next_dagrun for example_subdag_operator.section-1 to None, run_after=None
[2024-05-03T10:57:49.501+0000] {logging_mixin.py:188} INFO - [2024-05-03T10:57:49.501+0000] {dag.py:3954} INFO - Setting next_dagrun for example_subdag_operator.section-2 to None, run_after=None
[2024-05-03T10:57:49.511+0000] {logging_mixin.py:188} INFO - [2024-05-03T10:57:49.511+0000] {dag.py:3096} INFO - Sync 2 DAGs
[2024-05-03T10:57:49.517+0000] {logging_mixin.py:188} INFO - [2024-05-03T10:57:49.516+0000] {dag.py:3954} INFO - Setting next_dagrun for example_subdag_operator.section-1 to None, run_after=None
[2024-05-03T10:57:49.517+0000] {logging_mixin.py:188} INFO - [2024-05-03T10:57:49.517+0000] {dag.py:3954} INFO - Setting next_dagrun for example_subdag_operator.section-2 to None, run_after=None
[2024-05-03T10:57:49.527+0000] {processor.py:183} INFO - Processing /home/airflow/.local/lib/python3.12/site-packages/airflow/example_dags/example_subdag_operator.py took 0.089 seconds
[2024-05-03T10:58:19.663+0000] {processor.py:161} INFO - Started process (PID=2441) to work on /home/airflow/.local/lib/python3.12/site-packages/airflow/example_dags/example_subdag_operator.py
[2024-05-03T10:58:19.664+0000] {processor.py:830} INFO - Processing file /home/airflow/.local/lib/python3.12/site-packages/airflow/example_dags/example_subdag_operator.py for tasks to queue
[2024-05-03T10:58:19.666+0000] {logging_mixin.py:188} INFO - [2024-05-03T10:58:19.665+0000] {dagbag.py:540} INFO - Filling up the DagBag from /home/airflow/.local/lib/python3.12/site-packages/airflow/example_dags/example_subdag_operator.py
[2024-05-03T10:58:19.685+0000] {processor.py:840} INFO - DAG(s) 'example_subdag_operator.section-1', 'example_subdag_operator.section-2', 'example_subdag_operator' retrieved from /home/airflow/.local/lib/python3.12/site-packages/airflow/example_dags/example_subdag_operator.py
[2024-05-03T10:58:19.699+0000] {logging_mixin.py:188} INFO - [2024-05-03T10:58:19.698+0000] {dag.py:3096} INFO - Sync 3 DAGs
[2024-05-03T10:58:19.718+0000] {logging_mixin.py:188} INFO - [2024-05-03T10:58:19.717+0000] {dag.py:3954} INFO - Setting next_dagrun for example_subdag_operator to 2022-01-01 00:00:00+00:00, run_after=2022-01-01 00:00:00+00:00
[2024-05-03T10:58:19.721+0000] {logging_mixin.py:188} INFO - [2024-05-03T10:58:19.721+0000] {dag.py:3954} INFO - Setting next_dagrun for example_subdag_operator.section-1 to None, run_after=None
[2024-05-03T10:58:19.723+0000] {logging_mixin.py:188} INFO - [2024-05-03T10:58:19.722+0000] {dag.py:3954} INFO - Setting next_dagrun for example_subdag_operator.section-2 to None, run_after=None
[2024-05-03T10:58:19.729+0000] {logging_mixin.py:188} INFO - [2024-05-03T10:58:19.729+0000] {dag.py:3096} INFO - Sync 2 DAGs
[2024-05-03T10:58:19.734+0000] {logging_mixin.py:188} INFO - [2024-05-03T10:58:19.734+0000] {dag.py:3954} INFO - Setting next_dagrun for example_subdag_operator.section-1 to None, run_after=None
[2024-05-03T10:58:19.735+0000] {logging_mixin.py:188} INFO - [2024-05-03T10:58:19.735+0000] {dag.py:3954} INFO - Setting next_dagrun for example_subdag_operator.section-2 to None, run_after=None
[2024-05-03T10:58:19.744+0000] {processor.py:183} INFO - Processing /home/airflow/.local/lib/python3.12/site-packages/airflow/example_dags/example_subdag_operator.py took 0.086 seconds
