[2024-05-03T10:37:34.812+0000] {processor.py:161} INFO - Started process (PID=68) to work on /home/airflow/.local/lib/python3.12/site-packages/airflow/example_dags/example_latest_only.py
[2024-05-03T10:37:34.813+0000] {processor.py:830} INFO - Processing file /home/airflow/.local/lib/python3.12/site-packages/airflow/example_dags/example_latest_only.py for tasks to queue
[2024-05-03T10:37:34.815+0000] {logging_mixin.py:188} INFO - [2024-05-03T10:37:34.815+0000] {dagbag.py:540} INFO - Filling up the DagBag from /home/airflow/.local/lib/python3.12/site-packages/airflow/example_dags/example_latest_only.py
[2024-05-03T10:37:34.819+0000] {processor.py:840} INFO - DAG(s) 'latest_only' retrieved from /home/airflow/.local/lib/python3.12/site-packages/airflow/example_dags/example_latest_only.py
[2024-05-03T10:37:34.946+0000] {logging_mixin.py:188} INFO - [2024-05-03T10:37:34.945+0000] {dag.py:3096} INFO - Sync 1 DAGs
[2024-05-03T10:37:34.966+0000] {logging_mixin.py:188} INFO - [2024-05-03T10:37:34.966+0000] {dag.py:3954} INFO - Setting next_dagrun for latest_only to 2024-05-03 04:00:00+00:00, run_after=2024-05-03 08:00:00+00:00
[2024-05-03T10:37:34.996+0000] {processor.py:183} INFO - Processing /home/airflow/.local/lib/python3.12/site-packages/airflow/example_dags/example_latest_only.py took 0.188 seconds
[2024-05-03T10:38:05.761+0000] {processor.py:161} INFO - Started process (PID=126) to work on /home/airflow/.local/lib/python3.12/site-packages/airflow/example_dags/example_latest_only.py
[2024-05-03T10:38:05.762+0000] {processor.py:830} INFO - Processing file /home/airflow/.local/lib/python3.12/site-packages/airflow/example_dags/example_latest_only.py for tasks to queue
[2024-05-03T10:38:05.763+0000] {logging_mixin.py:188} INFO - [2024-05-03T10:38:05.763+0000] {dagbag.py:540} INFO - Filling up the DagBag from /home/airflow/.local/lib/python3.12/site-packages/airflow/example_dags/example_latest_only.py
[2024-05-03T10:38:05.768+0000] {processor.py:840} INFO - DAG(s) 'latest_only' retrieved from /home/airflow/.local/lib/python3.12/site-packages/airflow/example_dags/example_latest_only.py
[2024-05-03T10:38:05.787+0000] {logging_mixin.py:188} INFO - [2024-05-03T10:38:05.787+0000] {dag.py:3096} INFO - Sync 1 DAGs
[2024-05-03T10:38:05.807+0000] {logging_mixin.py:188} INFO - [2024-05-03T10:38:05.807+0000] {dag.py:3954} INFO - Setting next_dagrun for latest_only to 2024-05-03 04:00:00+00:00, run_after=2024-05-03 08:00:00+00:00
[2024-05-03T10:38:05.823+0000] {processor.py:183} INFO - Processing /home/airflow/.local/lib/python3.12/site-packages/airflow/example_dags/example_latest_only.py took 0.067 seconds
[2024-05-03T10:38:36.031+0000] {processor.py:161} INFO - Started process (PID=184) to work on /home/airflow/.local/lib/python3.12/site-packages/airflow/example_dags/example_latest_only.py
[2024-05-03T10:38:36.032+0000] {processor.py:830} INFO - Processing file /home/airflow/.local/lib/python3.12/site-packages/airflow/example_dags/example_latest_only.py for tasks to queue
[2024-05-03T10:38:36.034+0000] {logging_mixin.py:188} INFO - [2024-05-03T10:38:36.034+0000] {dagbag.py:540} INFO - Filling up the DagBag from /home/airflow/.local/lib/python3.12/site-packages/airflow/example_dags/example_latest_only.py
[2024-05-03T10:38:36.040+0000] {processor.py:840} INFO - DAG(s) 'latest_only' retrieved from /home/airflow/.local/lib/python3.12/site-packages/airflow/example_dags/example_latest_only.py
[2024-05-03T10:38:36.060+0000] {logging_mixin.py:188} INFO - [2024-05-03T10:38:36.059+0000] {dag.py:3096} INFO - Sync 1 DAGs
[2024-05-03T10:38:36.079+0000] {logging_mixin.py:188} INFO - [2024-05-03T10:38:36.079+0000] {dag.py:3954} INFO - Setting next_dagrun for latest_only to 2024-05-03 04:00:00+00:00, run_after=2024-05-03 08:00:00+00:00
[2024-05-03T10:38:36.097+0000] {processor.py:183} INFO - Processing /home/airflow/.local/lib/python3.12/site-packages/airflow/example_dags/example_latest_only.py took 0.072 seconds
[2024-05-03T10:39:06.891+0000] {processor.py:161} INFO - Started process (PID=242) to work on /home/airflow/.local/lib/python3.12/site-packages/airflow/example_dags/example_latest_only.py
[2024-05-03T10:39:06.892+0000] {processor.py:830} INFO - Processing file /home/airflow/.local/lib/python3.12/site-packages/airflow/example_dags/example_latest_only.py for tasks to queue
[2024-05-03T10:39:06.894+0000] {logging_mixin.py:188} INFO - [2024-05-03T10:39:06.893+0000] {dagbag.py:540} INFO - Filling up the DagBag from /home/airflow/.local/lib/python3.12/site-packages/airflow/example_dags/example_latest_only.py
[2024-05-03T10:39:06.898+0000] {processor.py:840} INFO - DAG(s) 'latest_only' retrieved from /home/airflow/.local/lib/python3.12/site-packages/airflow/example_dags/example_latest_only.py
[2024-05-03T10:39:06.916+0000] {logging_mixin.py:188} INFO - [2024-05-03T10:39:06.915+0000] {dag.py:3096} INFO - Sync 1 DAGs
[2024-05-03T10:39:06.933+0000] {logging_mixin.py:188} INFO - [2024-05-03T10:39:06.933+0000] {dag.py:3954} INFO - Setting next_dagrun for latest_only to 2024-05-03 04:00:00+00:00, run_after=2024-05-03 08:00:00+00:00
[2024-05-03T10:39:06.950+0000] {processor.py:183} INFO - Processing /home/airflow/.local/lib/python3.12/site-packages/airflow/example_dags/example_latest_only.py took 0.064 seconds
[2024-05-03T10:39:37.405+0000] {processor.py:161} INFO - Started process (PID=300) to work on /home/airflow/.local/lib/python3.12/site-packages/airflow/example_dags/example_latest_only.py
[2024-05-03T10:39:37.406+0000] {processor.py:830} INFO - Processing file /home/airflow/.local/lib/python3.12/site-packages/airflow/example_dags/example_latest_only.py for tasks to queue
[2024-05-03T10:39:37.408+0000] {logging_mixin.py:188} INFO - [2024-05-03T10:39:37.408+0000] {dagbag.py:540} INFO - Filling up the DagBag from /home/airflow/.local/lib/python3.12/site-packages/airflow/example_dags/example_latest_only.py
[2024-05-03T10:39:37.412+0000] {processor.py:840} INFO - DAG(s) 'latest_only' retrieved from /home/airflow/.local/lib/python3.12/site-packages/airflow/example_dags/example_latest_only.py
[2024-05-03T10:39:37.429+0000] {logging_mixin.py:188} INFO - [2024-05-03T10:39:37.428+0000] {dag.py:3096} INFO - Sync 1 DAGs
[2024-05-03T10:39:37.450+0000] {logging_mixin.py:188} INFO - [2024-05-03T10:39:37.450+0000] {dag.py:3954} INFO - Setting next_dagrun for latest_only to 2024-05-03 04:00:00+00:00, run_after=2024-05-03 08:00:00+00:00
[2024-05-03T10:39:37.465+0000] {processor.py:183} INFO - Processing /home/airflow/.local/lib/python3.12/site-packages/airflow/example_dags/example_latest_only.py took 0.065 seconds
[2024-05-03T10:40:07.970+0000] {processor.py:161} INFO - Started process (PID=358) to work on /home/airflow/.local/lib/python3.12/site-packages/airflow/example_dags/example_latest_only.py
[2024-05-03T10:40:07.971+0000] {processor.py:830} INFO - Processing file /home/airflow/.local/lib/python3.12/site-packages/airflow/example_dags/example_latest_only.py for tasks to queue
[2024-05-03T10:40:07.972+0000] {logging_mixin.py:188} INFO - [2024-05-03T10:40:07.972+0000] {dagbag.py:540} INFO - Filling up the DagBag from /home/airflow/.local/lib/python3.12/site-packages/airflow/example_dags/example_latest_only.py
[2024-05-03T10:40:07.977+0000] {processor.py:840} INFO - DAG(s) 'latest_only' retrieved from /home/airflow/.local/lib/python3.12/site-packages/airflow/example_dags/example_latest_only.py
[2024-05-03T10:40:07.992+0000] {logging_mixin.py:188} INFO - [2024-05-03T10:40:07.992+0000] {dag.py:3096} INFO - Sync 1 DAGs
[2024-05-03T10:40:08.010+0000] {logging_mixin.py:188} INFO - [2024-05-03T10:40:08.010+0000] {dag.py:3954} INFO - Setting next_dagrun for latest_only to 2024-05-03 04:00:00+00:00, run_after=2024-05-03 08:00:00+00:00
[2024-05-03T10:40:08.027+0000] {processor.py:183} INFO - Processing /home/airflow/.local/lib/python3.12/site-packages/airflow/example_dags/example_latest_only.py took 0.062 seconds
[2024-05-03T10:40:38.340+0000] {processor.py:161} INFO - Started process (PID=416) to work on /home/airflow/.local/lib/python3.12/site-packages/airflow/example_dags/example_latest_only.py
[2024-05-03T10:40:38.340+0000] {processor.py:830} INFO - Processing file /home/airflow/.local/lib/python3.12/site-packages/airflow/example_dags/example_latest_only.py for tasks to queue
[2024-05-03T10:40:38.342+0000] {logging_mixin.py:188} INFO - [2024-05-03T10:40:38.342+0000] {dagbag.py:540} INFO - Filling up the DagBag from /home/airflow/.local/lib/python3.12/site-packages/airflow/example_dags/example_latest_only.py
[2024-05-03T10:40:38.346+0000] {processor.py:840} INFO - DAG(s) 'latest_only' retrieved from /home/airflow/.local/lib/python3.12/site-packages/airflow/example_dags/example_latest_only.py
[2024-05-03T10:40:38.362+0000] {logging_mixin.py:188} INFO - [2024-05-03T10:40:38.361+0000] {dag.py:3096} INFO - Sync 1 DAGs
[2024-05-03T10:40:38.380+0000] {logging_mixin.py:188} INFO - [2024-05-03T10:40:38.380+0000] {dag.py:3954} INFO - Setting next_dagrun for latest_only to 2024-05-03 04:00:00+00:00, run_after=2024-05-03 08:00:00+00:00
[2024-05-03T10:40:38.397+0000] {processor.py:183} INFO - Processing /home/airflow/.local/lib/python3.12/site-packages/airflow/example_dags/example_latest_only.py took 0.062 seconds
[2024-05-03T10:41:08.968+0000] {processor.py:161} INFO - Started process (PID=474) to work on /home/airflow/.local/lib/python3.12/site-packages/airflow/example_dags/example_latest_only.py
[2024-05-03T10:41:08.969+0000] {processor.py:830} INFO - Processing file /home/airflow/.local/lib/python3.12/site-packages/airflow/example_dags/example_latest_only.py for tasks to queue
[2024-05-03T10:41:08.970+0000] {logging_mixin.py:188} INFO - [2024-05-03T10:41:08.970+0000] {dagbag.py:540} INFO - Filling up the DagBag from /home/airflow/.local/lib/python3.12/site-packages/airflow/example_dags/example_latest_only.py
[2024-05-03T10:41:08.974+0000] {processor.py:840} INFO - DAG(s) 'latest_only' retrieved from /home/airflow/.local/lib/python3.12/site-packages/airflow/example_dags/example_latest_only.py
[2024-05-03T10:41:08.991+0000] {logging_mixin.py:188} INFO - [2024-05-03T10:41:08.990+0000] {dag.py:3096} INFO - Sync 1 DAGs
[2024-05-03T10:41:09.010+0000] {logging_mixin.py:188} INFO - [2024-05-03T10:41:09.010+0000] {dag.py:3954} INFO - Setting next_dagrun for latest_only to 2024-05-03 04:00:00+00:00, run_after=2024-05-03 08:00:00+00:00
[2024-05-03T10:41:09.025+0000] {processor.py:183} INFO - Processing /home/airflow/.local/lib/python3.12/site-packages/airflow/example_dags/example_latest_only.py took 0.062 seconds
[2024-05-03T10:41:39.637+0000] {processor.py:161} INFO - Started process (PID=532) to work on /home/airflow/.local/lib/python3.12/site-packages/airflow/example_dags/example_latest_only.py
[2024-05-03T10:41:39.638+0000] {processor.py:830} INFO - Processing file /home/airflow/.local/lib/python3.12/site-packages/airflow/example_dags/example_latest_only.py for tasks to queue
[2024-05-03T10:41:39.640+0000] {logging_mixin.py:188} INFO - [2024-05-03T10:41:39.640+0000] {dagbag.py:540} INFO - Filling up the DagBag from /home/airflow/.local/lib/python3.12/site-packages/airflow/example_dags/example_latest_only.py
[2024-05-03T10:41:39.644+0000] {processor.py:840} INFO - DAG(s) 'latest_only' retrieved from /home/airflow/.local/lib/python3.12/site-packages/airflow/example_dags/example_latest_only.py
[2024-05-03T10:41:39.662+0000] {logging_mixin.py:188} INFO - [2024-05-03T10:41:39.662+0000] {dag.py:3096} INFO - Sync 1 DAGs
[2024-05-03T10:41:39.681+0000] {logging_mixin.py:188} INFO - [2024-05-03T10:41:39.681+0000] {dag.py:3954} INFO - Setting next_dagrun for latest_only to 2024-05-03 04:00:00+00:00, run_after=2024-05-03 08:00:00+00:00
[2024-05-03T10:41:39.698+0000] {processor.py:183} INFO - Processing /home/airflow/.local/lib/python3.12/site-packages/airflow/example_dags/example_latest_only.py took 0.065 seconds
[2024-05-03T10:42:09.991+0000] {processor.py:161} INFO - Started process (PID=590) to work on /home/airflow/.local/lib/python3.12/site-packages/airflow/example_dags/example_latest_only.py
[2024-05-03T10:42:09.992+0000] {processor.py:830} INFO - Processing file /home/airflow/.local/lib/python3.12/site-packages/airflow/example_dags/example_latest_only.py for tasks to queue
[2024-05-03T10:42:09.994+0000] {logging_mixin.py:188} INFO - [2024-05-03T10:42:09.994+0000] {dagbag.py:540} INFO - Filling up the DagBag from /home/airflow/.local/lib/python3.12/site-packages/airflow/example_dags/example_latest_only.py
[2024-05-03T10:42:09.998+0000] {processor.py:840} INFO - DAG(s) 'latest_only' retrieved from /home/airflow/.local/lib/python3.12/site-packages/airflow/example_dags/example_latest_only.py
[2024-05-03T10:42:10.017+0000] {logging_mixin.py:188} INFO - [2024-05-03T10:42:10.017+0000] {dag.py:3096} INFO - Sync 1 DAGs
[2024-05-03T10:42:10.037+0000] {logging_mixin.py:188} INFO - [2024-05-03T10:42:10.037+0000] {dag.py:3954} INFO - Setting next_dagrun for latest_only to 2024-05-03 04:00:00+00:00, run_after=2024-05-03 08:00:00+00:00
[2024-05-03T10:42:10.053+0000] {processor.py:183} INFO - Processing /home/airflow/.local/lib/python3.12/site-packages/airflow/example_dags/example_latest_only.py took 0.067 seconds
[2024-05-03T10:42:40.950+0000] {processor.py:161} INFO - Started process (PID=648) to work on /home/airflow/.local/lib/python3.12/site-packages/airflow/example_dags/example_latest_only.py
[2024-05-03T10:42:40.951+0000] {processor.py:830} INFO - Processing file /home/airflow/.local/lib/python3.12/site-packages/airflow/example_dags/example_latest_only.py for tasks to queue
[2024-05-03T10:42:40.953+0000] {logging_mixin.py:188} INFO - [2024-05-03T10:42:40.953+0000] {dagbag.py:540} INFO - Filling up the DagBag from /home/airflow/.local/lib/python3.12/site-packages/airflow/example_dags/example_latest_only.py
[2024-05-03T10:42:40.959+0000] {processor.py:840} INFO - DAG(s) 'latest_only' retrieved from /home/airflow/.local/lib/python3.12/site-packages/airflow/example_dags/example_latest_only.py
[2024-05-03T10:42:40.980+0000] {logging_mixin.py:188} INFO - [2024-05-03T10:42:40.979+0000] {dag.py:3096} INFO - Sync 1 DAGs
[2024-05-03T10:42:41.009+0000] {logging_mixin.py:188} INFO - [2024-05-03T10:42:41.009+0000] {dag.py:3954} INFO - Setting next_dagrun for latest_only to 2024-05-03 04:00:00+00:00, run_after=2024-05-03 08:00:00+00:00
[2024-05-03T10:42:41.032+0000] {processor.py:183} INFO - Processing /home/airflow/.local/lib/python3.12/site-packages/airflow/example_dags/example_latest_only.py took 0.089 seconds
[2024-05-03T10:43:11.226+0000] {processor.py:161} INFO - Started process (PID=706) to work on /home/airflow/.local/lib/python3.12/site-packages/airflow/example_dags/example_latest_only.py
[2024-05-03T10:43:11.228+0000] {processor.py:830} INFO - Processing file /home/airflow/.local/lib/python3.12/site-packages/airflow/example_dags/example_latest_only.py for tasks to queue
[2024-05-03T10:43:11.230+0000] {logging_mixin.py:188} INFO - [2024-05-03T10:43:11.230+0000] {dagbag.py:540} INFO - Filling up the DagBag from /home/airflow/.local/lib/python3.12/site-packages/airflow/example_dags/example_latest_only.py
[2024-05-03T10:43:11.236+0000] {processor.py:840} INFO - DAG(s) 'latest_only' retrieved from /home/airflow/.local/lib/python3.12/site-packages/airflow/example_dags/example_latest_only.py
[2024-05-03T10:43:11.252+0000] {logging_mixin.py:188} INFO - [2024-05-03T10:43:11.251+0000] {dag.py:3096} INFO - Sync 1 DAGs
[2024-05-03T10:43:11.270+0000] {logging_mixin.py:188} INFO - [2024-05-03T10:43:11.270+0000] {dag.py:3954} INFO - Setting next_dagrun for latest_only to 2024-05-03 04:00:00+00:00, run_after=2024-05-03 08:00:00+00:00
[2024-05-03T10:43:11.286+0000] {processor.py:183} INFO - Processing /home/airflow/.local/lib/python3.12/site-packages/airflow/example_dags/example_latest_only.py took 0.067 seconds
[2024-05-03T10:43:41.411+0000] {processor.py:161} INFO - Started process (PID=764) to work on /home/airflow/.local/lib/python3.12/site-packages/airflow/example_dags/example_latest_only.py
[2024-05-03T10:43:41.412+0000] {processor.py:830} INFO - Processing file /home/airflow/.local/lib/python3.12/site-packages/airflow/example_dags/example_latest_only.py for tasks to queue
[2024-05-03T10:43:41.414+0000] {logging_mixin.py:188} INFO - [2024-05-03T10:43:41.413+0000] {dagbag.py:540} INFO - Filling up the DagBag from /home/airflow/.local/lib/python3.12/site-packages/airflow/example_dags/example_latest_only.py
[2024-05-03T10:43:41.418+0000] {processor.py:840} INFO - DAG(s) 'latest_only' retrieved from /home/airflow/.local/lib/python3.12/site-packages/airflow/example_dags/example_latest_only.py
[2024-05-03T10:43:41.434+0000] {logging_mixin.py:188} INFO - [2024-05-03T10:43:41.434+0000] {dag.py:3096} INFO - Sync 1 DAGs
[2024-05-03T10:43:41.453+0000] {logging_mixin.py:188} INFO - [2024-05-03T10:43:41.453+0000] {dag.py:3954} INFO - Setting next_dagrun for latest_only to 2024-05-03 04:00:00+00:00, run_after=2024-05-03 08:00:00+00:00
[2024-05-03T10:43:41.469+0000] {processor.py:183} INFO - Processing /home/airflow/.local/lib/python3.12/site-packages/airflow/example_dags/example_latest_only.py took 0.062 seconds
[2024-05-03T10:44:11.935+0000] {processor.py:161} INFO - Started process (PID=822) to work on /home/airflow/.local/lib/python3.12/site-packages/airflow/example_dags/example_latest_only.py
[2024-05-03T10:44:11.936+0000] {processor.py:830} INFO - Processing file /home/airflow/.local/lib/python3.12/site-packages/airflow/example_dags/example_latest_only.py for tasks to queue
[2024-05-03T10:44:11.938+0000] {logging_mixin.py:188} INFO - [2024-05-03T10:44:11.938+0000] {dagbag.py:540} INFO - Filling up the DagBag from /home/airflow/.local/lib/python3.12/site-packages/airflow/example_dags/example_latest_only.py
[2024-05-03T10:44:11.942+0000] {processor.py:840} INFO - DAG(s) 'latest_only' retrieved from /home/airflow/.local/lib/python3.12/site-packages/airflow/example_dags/example_latest_only.py
[2024-05-03T10:44:11.959+0000] {logging_mixin.py:188} INFO - [2024-05-03T10:44:11.958+0000] {dag.py:3096} INFO - Sync 1 DAGs
[2024-05-03T10:44:11.976+0000] {logging_mixin.py:188} INFO - [2024-05-03T10:44:11.976+0000] {dag.py:3954} INFO - Setting next_dagrun for latest_only to 2024-05-03 04:00:00+00:00, run_after=2024-05-03 08:00:00+00:00
[2024-05-03T10:44:11.992+0000] {processor.py:183} INFO - Processing /home/airflow/.local/lib/python3.12/site-packages/airflow/example_dags/example_latest_only.py took 0.061 seconds
[2024-05-03T10:44:42.091+0000] {processor.py:161} INFO - Started process (PID=880) to work on /home/airflow/.local/lib/python3.12/site-packages/airflow/example_dags/example_latest_only.py
[2024-05-03T10:44:42.092+0000] {processor.py:830} INFO - Processing file /home/airflow/.local/lib/python3.12/site-packages/airflow/example_dags/example_latest_only.py for tasks to queue
[2024-05-03T10:44:42.094+0000] {logging_mixin.py:188} INFO - [2024-05-03T10:44:42.093+0000] {dagbag.py:540} INFO - Filling up the DagBag from /home/airflow/.local/lib/python3.12/site-packages/airflow/example_dags/example_latest_only.py
[2024-05-03T10:44:42.097+0000] {processor.py:840} INFO - DAG(s) 'latest_only' retrieved from /home/airflow/.local/lib/python3.12/site-packages/airflow/example_dags/example_latest_only.py
[2024-05-03T10:44:42.112+0000] {logging_mixin.py:188} INFO - [2024-05-03T10:44:42.112+0000] {dag.py:3096} INFO - Sync 1 DAGs
[2024-05-03T10:44:42.133+0000] {logging_mixin.py:188} INFO - [2024-05-03T10:44:42.133+0000] {dag.py:3954} INFO - Setting next_dagrun for latest_only to 2024-05-03 04:00:00+00:00, run_after=2024-05-03 08:00:00+00:00
[2024-05-03T10:44:42.150+0000] {processor.py:183} INFO - Processing /home/airflow/.local/lib/python3.12/site-packages/airflow/example_dags/example_latest_only.py took 0.063 seconds
[2024-05-03T10:45:12.529+0000] {processor.py:161} INFO - Started process (PID=938) to work on /home/airflow/.local/lib/python3.12/site-packages/airflow/example_dags/example_latest_only.py
[2024-05-03T10:45:12.529+0000] {processor.py:830} INFO - Processing file /home/airflow/.local/lib/python3.12/site-packages/airflow/example_dags/example_latest_only.py for tasks to queue
[2024-05-03T10:45:12.531+0000] {logging_mixin.py:188} INFO - [2024-05-03T10:45:12.531+0000] {dagbag.py:540} INFO - Filling up the DagBag from /home/airflow/.local/lib/python3.12/site-packages/airflow/example_dags/example_latest_only.py
[2024-05-03T10:45:12.535+0000] {processor.py:840} INFO - DAG(s) 'latest_only' retrieved from /home/airflow/.local/lib/python3.12/site-packages/airflow/example_dags/example_latest_only.py
[2024-05-03T10:45:12.550+0000] {logging_mixin.py:188} INFO - [2024-05-03T10:45:12.550+0000] {dag.py:3096} INFO - Sync 1 DAGs
[2024-05-03T10:45:12.568+0000] {logging_mixin.py:188} INFO - [2024-05-03T10:45:12.568+0000] {dag.py:3954} INFO - Setting next_dagrun for latest_only to 2024-05-03 04:00:00+00:00, run_after=2024-05-03 08:00:00+00:00
[2024-05-03T10:45:12.586+0000] {processor.py:183} INFO - Processing /home/airflow/.local/lib/python3.12/site-packages/airflow/example_dags/example_latest_only.py took 0.061 seconds
[2024-05-03T10:45:43.458+0000] {processor.py:161} INFO - Started process (PID=997) to work on /home/airflow/.local/lib/python3.12/site-packages/airflow/example_dags/example_latest_only.py
[2024-05-03T10:45:43.459+0000] {processor.py:830} INFO - Processing file /home/airflow/.local/lib/python3.12/site-packages/airflow/example_dags/example_latest_only.py for tasks to queue
[2024-05-03T10:45:43.460+0000] {logging_mixin.py:188} INFO - [2024-05-03T10:45:43.460+0000] {dagbag.py:540} INFO - Filling up the DagBag from /home/airflow/.local/lib/python3.12/site-packages/airflow/example_dags/example_latest_only.py
[2024-05-03T10:45:43.465+0000] {processor.py:840} INFO - DAG(s) 'latest_only' retrieved from /home/airflow/.local/lib/python3.12/site-packages/airflow/example_dags/example_latest_only.py
[2024-05-03T10:45:43.481+0000] {logging_mixin.py:188} INFO - [2024-05-03T10:45:43.480+0000] {dag.py:3096} INFO - Sync 1 DAGs
[2024-05-03T10:45:43.499+0000] {logging_mixin.py:188} INFO - [2024-05-03T10:45:43.498+0000] {dag.py:3954} INFO - Setting next_dagrun for latest_only to 2024-05-03 04:00:00+00:00, run_after=2024-05-03 08:00:00+00:00
[2024-05-03T10:45:43.514+0000] {processor.py:183} INFO - Processing /home/airflow/.local/lib/python3.12/site-packages/airflow/example_dags/example_latest_only.py took 0.061 seconds
[2024-05-03T10:46:14.344+0000] {processor.py:161} INFO - Started process (PID=1055) to work on /home/airflow/.local/lib/python3.12/site-packages/airflow/example_dags/example_latest_only.py
[2024-05-03T10:46:14.345+0000] {processor.py:830} INFO - Processing file /home/airflow/.local/lib/python3.12/site-packages/airflow/example_dags/example_latest_only.py for tasks to queue
[2024-05-03T10:46:14.347+0000] {logging_mixin.py:188} INFO - [2024-05-03T10:46:14.347+0000] {dagbag.py:540} INFO - Filling up the DagBag from /home/airflow/.local/lib/python3.12/site-packages/airflow/example_dags/example_latest_only.py
[2024-05-03T10:46:14.351+0000] {processor.py:840} INFO - DAG(s) 'latest_only' retrieved from /home/airflow/.local/lib/python3.12/site-packages/airflow/example_dags/example_latest_only.py
[2024-05-03T10:46:14.367+0000] {logging_mixin.py:188} INFO - [2024-05-03T10:46:14.367+0000] {dag.py:3096} INFO - Sync 1 DAGs
[2024-05-03T10:46:14.386+0000] {logging_mixin.py:188} INFO - [2024-05-03T10:46:14.386+0000] {dag.py:3954} INFO - Setting next_dagrun for latest_only to 2024-05-03 04:00:00+00:00, run_after=2024-05-03 08:00:00+00:00
[2024-05-03T10:46:14.403+0000] {processor.py:183} INFO - Processing /home/airflow/.local/lib/python3.12/site-packages/airflow/example_dags/example_latest_only.py took 0.064 seconds
[2024-05-03T10:46:45.536+0000] {processor.py:161} INFO - Started process (PID=1119) to work on /home/airflow/.local/lib/python3.12/site-packages/airflow/example_dags/example_latest_only.py
[2024-05-03T10:46:45.538+0000] {processor.py:830} INFO - Processing file /home/airflow/.local/lib/python3.12/site-packages/airflow/example_dags/example_latest_only.py for tasks to queue
[2024-05-03T10:46:45.540+0000] {logging_mixin.py:188} INFO - [2024-05-03T10:46:45.540+0000] {dagbag.py:540} INFO - Filling up the DagBag from /home/airflow/.local/lib/python3.12/site-packages/airflow/example_dags/example_latest_only.py
[2024-05-03T10:46:45.545+0000] {processor.py:840} INFO - DAG(s) 'latest_only' retrieved from /home/airflow/.local/lib/python3.12/site-packages/airflow/example_dags/example_latest_only.py
[2024-05-03T10:46:45.564+0000] {logging_mixin.py:188} INFO - [2024-05-03T10:46:45.564+0000] {dag.py:3096} INFO - Sync 1 DAGs
[2024-05-03T10:46:45.806+0000] {logging_mixin.py:188} INFO - [2024-05-03T10:46:45.806+0000] {dag.py:3954} INFO - Setting next_dagrun for latest_only to 2024-05-03 04:00:00+00:00, run_after=2024-05-03 08:00:00+00:00
[2024-05-03T10:46:45.825+0000] {processor.py:183} INFO - Processing /home/airflow/.local/lib/python3.12/site-packages/airflow/example_dags/example_latest_only.py took 0.294 seconds
[2024-05-03T10:47:16.704+0000] {processor.py:161} INFO - Started process (PID=1177) to work on /home/airflow/.local/lib/python3.12/site-packages/airflow/example_dags/example_latest_only.py
[2024-05-03T10:47:16.705+0000] {processor.py:830} INFO - Processing file /home/airflow/.local/lib/python3.12/site-packages/airflow/example_dags/example_latest_only.py for tasks to queue
[2024-05-03T10:47:16.706+0000] {logging_mixin.py:188} INFO - [2024-05-03T10:47:16.706+0000] {dagbag.py:540} INFO - Filling up the DagBag from /home/airflow/.local/lib/python3.12/site-packages/airflow/example_dags/example_latest_only.py
[2024-05-03T10:47:16.710+0000] {processor.py:840} INFO - DAG(s) 'latest_only' retrieved from /home/airflow/.local/lib/python3.12/site-packages/airflow/example_dags/example_latest_only.py
[2024-05-03T10:47:16.726+0000] {logging_mixin.py:188} INFO - [2024-05-03T10:47:16.726+0000] {dag.py:3096} INFO - Sync 1 DAGs
[2024-05-03T10:47:16.743+0000] {logging_mixin.py:188} INFO - [2024-05-03T10:47:16.743+0000] {dag.py:3954} INFO - Setting next_dagrun for latest_only to 2024-05-03 04:00:00+00:00, run_after=2024-05-03 08:00:00+00:00
[2024-05-03T10:47:16.875+0000] {processor.py:183} INFO - Processing /home/airflow/.local/lib/python3.12/site-packages/airflow/example_dags/example_latest_only.py took 0.176 seconds
[2024-05-03T10:47:46.904+0000] {processor.py:161} INFO - Started process (PID=1236) to work on /home/airflow/.local/lib/python3.12/site-packages/airflow/example_dags/example_latest_only.py
[2024-05-03T10:47:46.905+0000] {processor.py:830} INFO - Processing file /home/airflow/.local/lib/python3.12/site-packages/airflow/example_dags/example_latest_only.py for tasks to queue
[2024-05-03T10:47:46.907+0000] {logging_mixin.py:188} INFO - [2024-05-03T10:47:46.906+0000] {dagbag.py:540} INFO - Filling up the DagBag from /home/airflow/.local/lib/python3.12/site-packages/airflow/example_dags/example_latest_only.py
[2024-05-03T10:47:46.912+0000] {processor.py:840} INFO - DAG(s) 'latest_only' retrieved from /home/airflow/.local/lib/python3.12/site-packages/airflow/example_dags/example_latest_only.py
[2024-05-03T10:47:46.932+0000] {logging_mixin.py:188} INFO - [2024-05-03T10:47:46.931+0000] {dag.py:3096} INFO - Sync 1 DAGs
[2024-05-03T10:47:46.953+0000] {logging_mixin.py:188} INFO - [2024-05-03T10:47:46.953+0000] {dag.py:3954} INFO - Setting next_dagrun for latest_only to 2024-05-03 04:00:00+00:00, run_after=2024-05-03 08:00:00+00:00
[2024-05-03T10:47:47.110+0000] {processor.py:183} INFO - Processing /home/airflow/.local/lib/python3.12/site-packages/airflow/example_dags/example_latest_only.py took 0.212 seconds
[2024-05-03T10:48:17.180+0000] {processor.py:161} INFO - Started process (PID=1294) to work on /home/airflow/.local/lib/python3.12/site-packages/airflow/example_dags/example_latest_only.py
[2024-05-03T10:48:17.181+0000] {processor.py:830} INFO - Processing file /home/airflow/.local/lib/python3.12/site-packages/airflow/example_dags/example_latest_only.py for tasks to queue
[2024-05-03T10:48:17.182+0000] {logging_mixin.py:188} INFO - [2024-05-03T10:48:17.182+0000] {dagbag.py:540} INFO - Filling up the DagBag from /home/airflow/.local/lib/python3.12/site-packages/airflow/example_dags/example_latest_only.py
[2024-05-03T10:48:17.187+0000] {processor.py:840} INFO - DAG(s) 'latest_only' retrieved from /home/airflow/.local/lib/python3.12/site-packages/airflow/example_dags/example_latest_only.py
[2024-05-03T10:48:17.208+0000] {logging_mixin.py:188} INFO - [2024-05-03T10:48:17.208+0000] {dag.py:3096} INFO - Sync 1 DAGs
[2024-05-03T10:48:17.227+0000] {logging_mixin.py:188} INFO - [2024-05-03T10:48:17.227+0000] {dag.py:3954} INFO - Setting next_dagrun for latest_only to 2024-05-03 04:00:00+00:00, run_after=2024-05-03 08:00:00+00:00
[2024-05-03T10:48:17.245+0000] {processor.py:183} INFO - Processing /home/airflow/.local/lib/python3.12/site-packages/airflow/example_dags/example_latest_only.py took 0.070 seconds
[2024-05-03T10:48:47.351+0000] {processor.py:161} INFO - Started process (PID=1351) to work on /home/airflow/.local/lib/python3.12/site-packages/airflow/example_dags/example_latest_only.py
[2024-05-03T10:48:47.352+0000] {processor.py:830} INFO - Processing file /home/airflow/.local/lib/python3.12/site-packages/airflow/example_dags/example_latest_only.py for tasks to queue
[2024-05-03T10:48:47.354+0000] {logging_mixin.py:188} INFO - [2024-05-03T10:48:47.354+0000] {dagbag.py:540} INFO - Filling up the DagBag from /home/airflow/.local/lib/python3.12/site-packages/airflow/example_dags/example_latest_only.py
[2024-05-03T10:48:47.358+0000] {processor.py:840} INFO - DAG(s) 'latest_only' retrieved from /home/airflow/.local/lib/python3.12/site-packages/airflow/example_dags/example_latest_only.py
[2024-05-03T10:48:47.375+0000] {logging_mixin.py:188} INFO - [2024-05-03T10:48:47.374+0000] {dag.py:3096} INFO - Sync 1 DAGs
[2024-05-03T10:48:47.393+0000] {logging_mixin.py:188} INFO - [2024-05-03T10:48:47.393+0000] {dag.py:3954} INFO - Setting next_dagrun for latest_only to 2024-05-03 04:00:00+00:00, run_after=2024-05-03 08:00:00+00:00
[2024-05-03T10:48:47.409+0000] {processor.py:183} INFO - Processing /home/airflow/.local/lib/python3.12/site-packages/airflow/example_dags/example_latest_only.py took 0.064 seconds
[2024-05-03T10:49:17.782+0000] {processor.py:161} INFO - Started process (PID=1409) to work on /home/airflow/.local/lib/python3.12/site-packages/airflow/example_dags/example_latest_only.py
[2024-05-03T10:49:17.783+0000] {processor.py:830} INFO - Processing file /home/airflow/.local/lib/python3.12/site-packages/airflow/example_dags/example_latest_only.py for tasks to queue
[2024-05-03T10:49:17.787+0000] {logging_mixin.py:188} INFO - [2024-05-03T10:49:17.786+0000] {dagbag.py:540} INFO - Filling up the DagBag from /home/airflow/.local/lib/python3.12/site-packages/airflow/example_dags/example_latest_only.py
[2024-05-03T10:49:17.792+0000] {processor.py:840} INFO - DAG(s) 'latest_only' retrieved from /home/airflow/.local/lib/python3.12/site-packages/airflow/example_dags/example_latest_only.py
[2024-05-03T10:49:17.815+0000] {logging_mixin.py:188} INFO - [2024-05-03T10:49:17.814+0000] {dag.py:3096} INFO - Sync 1 DAGs
[2024-05-03T10:49:17.837+0000] {logging_mixin.py:188} INFO - [2024-05-03T10:49:17.837+0000] {dag.py:3954} INFO - Setting next_dagrun for latest_only to 2024-05-03 04:00:00+00:00, run_after=2024-05-03 08:00:00+00:00
[2024-05-03T10:49:17.855+0000] {processor.py:183} INFO - Processing /home/airflow/.local/lib/python3.12/site-packages/airflow/example_dags/example_latest_only.py took 0.079 seconds
[2024-05-03T10:49:48.061+0000] {processor.py:161} INFO - Started process (PID=1467) to work on /home/airflow/.local/lib/python3.12/site-packages/airflow/example_dags/example_latest_only.py
[2024-05-03T10:49:48.062+0000] {processor.py:830} INFO - Processing file /home/airflow/.local/lib/python3.12/site-packages/airflow/example_dags/example_latest_only.py for tasks to queue
[2024-05-03T10:49:48.064+0000] {logging_mixin.py:188} INFO - [2024-05-03T10:49:48.063+0000] {dagbag.py:540} INFO - Filling up the DagBag from /home/airflow/.local/lib/python3.12/site-packages/airflow/example_dags/example_latest_only.py
[2024-05-03T10:49:48.068+0000] {processor.py:840} INFO - DAG(s) 'latest_only' retrieved from /home/airflow/.local/lib/python3.12/site-packages/airflow/example_dags/example_latest_only.py
[2024-05-03T10:49:48.084+0000] {logging_mixin.py:188} INFO - [2024-05-03T10:49:48.084+0000] {dag.py:3096} INFO - Sync 1 DAGs
[2024-05-03T10:49:48.106+0000] {logging_mixin.py:188} INFO - [2024-05-03T10:49:48.105+0000] {dag.py:3954} INFO - Setting next_dagrun for latest_only to 2024-05-03 04:00:00+00:00, run_after=2024-05-03 08:00:00+00:00
[2024-05-03T10:49:48.122+0000] {processor.py:183} INFO - Processing /home/airflow/.local/lib/python3.12/site-packages/airflow/example_dags/example_latest_only.py took 0.067 seconds
[2024-05-03T10:50:18.243+0000] {processor.py:161} INFO - Started process (PID=1525) to work on /home/airflow/.local/lib/python3.12/site-packages/airflow/example_dags/example_latest_only.py
[2024-05-03T10:50:18.244+0000] {processor.py:830} INFO - Processing file /home/airflow/.local/lib/python3.12/site-packages/airflow/example_dags/example_latest_only.py for tasks to queue
[2024-05-03T10:50:18.246+0000] {logging_mixin.py:188} INFO - [2024-05-03T10:50:18.246+0000] {dagbag.py:540} INFO - Filling up the DagBag from /home/airflow/.local/lib/python3.12/site-packages/airflow/example_dags/example_latest_only.py
[2024-05-03T10:50:18.250+0000] {processor.py:840} INFO - DAG(s) 'latest_only' retrieved from /home/airflow/.local/lib/python3.12/site-packages/airflow/example_dags/example_latest_only.py
[2024-05-03T10:50:18.267+0000] {logging_mixin.py:188} INFO - [2024-05-03T10:50:18.267+0000] {dag.py:3096} INFO - Sync 1 DAGs
[2024-05-03T10:50:18.285+0000] {logging_mixin.py:188} INFO - [2024-05-03T10:50:18.285+0000] {dag.py:3954} INFO - Setting next_dagrun for latest_only to 2024-05-03 04:00:00+00:00, run_after=2024-05-03 08:00:00+00:00
[2024-05-03T10:50:18.300+0000] {processor.py:183} INFO - Processing /home/airflow/.local/lib/python3.12/site-packages/airflow/example_dags/example_latest_only.py took 0.061 seconds
[2024-05-03T10:50:48.483+0000] {processor.py:161} INFO - Started process (PID=1583) to work on /home/airflow/.local/lib/python3.12/site-packages/airflow/example_dags/example_latest_only.py
[2024-05-03T10:50:48.484+0000] {processor.py:830} INFO - Processing file /home/airflow/.local/lib/python3.12/site-packages/airflow/example_dags/example_latest_only.py for tasks to queue
[2024-05-03T10:50:48.486+0000] {logging_mixin.py:188} INFO - [2024-05-03T10:50:48.485+0000] {dagbag.py:540} INFO - Filling up the DagBag from /home/airflow/.local/lib/python3.12/site-packages/airflow/example_dags/example_latest_only.py
[2024-05-03T10:50:48.490+0000] {processor.py:840} INFO - DAG(s) 'latest_only' retrieved from /home/airflow/.local/lib/python3.12/site-packages/airflow/example_dags/example_latest_only.py
[2024-05-03T10:50:48.506+0000] {logging_mixin.py:188} INFO - [2024-05-03T10:50:48.506+0000] {dag.py:3096} INFO - Sync 1 DAGs
[2024-05-03T10:50:48.524+0000] {logging_mixin.py:188} INFO - [2024-05-03T10:50:48.524+0000] {dag.py:3954} INFO - Setting next_dagrun for latest_only to 2024-05-03 04:00:00+00:00, run_after=2024-05-03 08:00:00+00:00
[2024-05-03T10:50:48.542+0000] {processor.py:183} INFO - Processing /home/airflow/.local/lib/python3.12/site-packages/airflow/example_dags/example_latest_only.py took 0.063 seconds
[2024-05-03T10:51:18.748+0000] {processor.py:161} INFO - Started process (PID=1641) to work on /home/airflow/.local/lib/python3.12/site-packages/airflow/example_dags/example_latest_only.py
[2024-05-03T10:51:18.749+0000] {processor.py:830} INFO - Processing file /home/airflow/.local/lib/python3.12/site-packages/airflow/example_dags/example_latest_only.py for tasks to queue
[2024-05-03T10:51:18.751+0000] {logging_mixin.py:188} INFO - [2024-05-03T10:51:18.751+0000] {dagbag.py:540} INFO - Filling up the DagBag from /home/airflow/.local/lib/python3.12/site-packages/airflow/example_dags/example_latest_only.py
[2024-05-03T10:51:18.755+0000] {processor.py:840} INFO - DAG(s) 'latest_only' retrieved from /home/airflow/.local/lib/python3.12/site-packages/airflow/example_dags/example_latest_only.py
[2024-05-03T10:51:18.770+0000] {logging_mixin.py:188} INFO - [2024-05-03T10:51:18.770+0000] {dag.py:3096} INFO - Sync 1 DAGs
[2024-05-03T10:51:18.788+0000] {logging_mixin.py:188} INFO - [2024-05-03T10:51:18.788+0000] {dag.py:3954} INFO - Setting next_dagrun for latest_only to 2024-05-03 04:00:00+00:00, run_after=2024-05-03 08:00:00+00:00
[2024-05-03T10:51:18.804+0000] {processor.py:183} INFO - Processing /home/airflow/.local/lib/python3.12/site-packages/airflow/example_dags/example_latest_only.py took 0.061 seconds
[2024-05-03T10:51:48.979+0000] {processor.py:161} INFO - Started process (PID=1699) to work on /home/airflow/.local/lib/python3.12/site-packages/airflow/example_dags/example_latest_only.py
[2024-05-03T10:51:48.979+0000] {processor.py:830} INFO - Processing file /home/airflow/.local/lib/python3.12/site-packages/airflow/example_dags/example_latest_only.py for tasks to queue
[2024-05-03T10:51:48.981+0000] {logging_mixin.py:188} INFO - [2024-05-03T10:51:48.981+0000] {dagbag.py:540} INFO - Filling up the DagBag from /home/airflow/.local/lib/python3.12/site-packages/airflow/example_dags/example_latest_only.py
[2024-05-03T10:51:48.985+0000] {processor.py:840} INFO - DAG(s) 'latest_only' retrieved from /home/airflow/.local/lib/python3.12/site-packages/airflow/example_dags/example_latest_only.py
[2024-05-03T10:51:49.001+0000] {logging_mixin.py:188} INFO - [2024-05-03T10:51:49.001+0000] {dag.py:3096} INFO - Sync 1 DAGs
[2024-05-03T10:51:49.019+0000] {logging_mixin.py:188} INFO - [2024-05-03T10:51:49.019+0000] {dag.py:3954} INFO - Setting next_dagrun for latest_only to 2024-05-03 04:00:00+00:00, run_after=2024-05-03 08:00:00+00:00
[2024-05-03T10:51:49.036+0000] {processor.py:183} INFO - Processing /home/airflow/.local/lib/python3.12/site-packages/airflow/example_dags/example_latest_only.py took 0.062 seconds
[2024-05-03T10:52:19.294+0000] {processor.py:161} INFO - Started process (PID=1757) to work on /home/airflow/.local/lib/python3.12/site-packages/airflow/example_dags/example_latest_only.py
[2024-05-03T10:52:19.295+0000] {processor.py:830} INFO - Processing file /home/airflow/.local/lib/python3.12/site-packages/airflow/example_dags/example_latest_only.py for tasks to queue
[2024-05-03T10:52:19.297+0000] {logging_mixin.py:188} INFO - [2024-05-03T10:52:19.297+0000] {dagbag.py:540} INFO - Filling up the DagBag from /home/airflow/.local/lib/python3.12/site-packages/airflow/example_dags/example_latest_only.py
[2024-05-03T10:52:19.301+0000] {processor.py:840} INFO - DAG(s) 'latest_only' retrieved from /home/airflow/.local/lib/python3.12/site-packages/airflow/example_dags/example_latest_only.py
[2024-05-03T10:52:19.317+0000] {logging_mixin.py:188} INFO - [2024-05-03T10:52:19.317+0000] {dag.py:3096} INFO - Sync 1 DAGs
[2024-05-03T10:52:19.339+0000] {logging_mixin.py:188} INFO - [2024-05-03T10:52:19.339+0000] {dag.py:3954} INFO - Setting next_dagrun for latest_only to 2024-05-03 04:00:00+00:00, run_after=2024-05-03 08:00:00+00:00
[2024-05-03T10:52:19.356+0000] {processor.py:183} INFO - Processing /home/airflow/.local/lib/python3.12/site-packages/airflow/example_dags/example_latest_only.py took 0.067 seconds
[2024-05-03T10:52:49.552+0000] {processor.py:161} INFO - Started process (PID=1815) to work on /home/airflow/.local/lib/python3.12/site-packages/airflow/example_dags/example_latest_only.py
[2024-05-03T10:52:49.553+0000] {processor.py:830} INFO - Processing file /home/airflow/.local/lib/python3.12/site-packages/airflow/example_dags/example_latest_only.py for tasks to queue
[2024-05-03T10:52:49.554+0000] {logging_mixin.py:188} INFO - [2024-05-03T10:52:49.554+0000] {dagbag.py:540} INFO - Filling up the DagBag from /home/airflow/.local/lib/python3.12/site-packages/airflow/example_dags/example_latest_only.py
[2024-05-03T10:52:49.558+0000] {processor.py:840} INFO - DAG(s) 'latest_only' retrieved from /home/airflow/.local/lib/python3.12/site-packages/airflow/example_dags/example_latest_only.py
[2024-05-03T10:52:49.574+0000] {logging_mixin.py:188} INFO - [2024-05-03T10:52:49.574+0000] {dag.py:3096} INFO - Sync 1 DAGs
[2024-05-03T10:52:49.594+0000] {logging_mixin.py:188} INFO - [2024-05-03T10:52:49.594+0000] {dag.py:3954} INFO - Setting next_dagrun for latest_only to 2024-05-03 04:00:00+00:00, run_after=2024-05-03 08:00:00+00:00
[2024-05-03T10:52:49.610+0000] {processor.py:183} INFO - Processing /home/airflow/.local/lib/python3.12/site-packages/airflow/example_dags/example_latest_only.py took 0.063 seconds
[2024-05-03T10:53:19.708+0000] {processor.py:161} INFO - Started process (PID=1874) to work on /home/airflow/.local/lib/python3.12/site-packages/airflow/example_dags/example_latest_only.py
[2024-05-03T10:53:19.709+0000] {processor.py:830} INFO - Processing file /home/airflow/.local/lib/python3.12/site-packages/airflow/example_dags/example_latest_only.py for tasks to queue
[2024-05-03T10:53:19.711+0000] {logging_mixin.py:188} INFO - [2024-05-03T10:53:19.711+0000] {dagbag.py:540} INFO - Filling up the DagBag from /home/airflow/.local/lib/python3.12/site-packages/airflow/example_dags/example_latest_only.py
[2024-05-03T10:53:19.715+0000] {processor.py:840} INFO - DAG(s) 'latest_only' retrieved from /home/airflow/.local/lib/python3.12/site-packages/airflow/example_dags/example_latest_only.py
[2024-05-03T10:53:19.731+0000] {logging_mixin.py:188} INFO - [2024-05-03T10:53:19.730+0000] {dag.py:3096} INFO - Sync 1 DAGs
[2024-05-03T10:53:19.749+0000] {logging_mixin.py:188} INFO - [2024-05-03T10:53:19.749+0000] {dag.py:3954} INFO - Setting next_dagrun for latest_only to 2024-05-03 04:00:00+00:00, run_after=2024-05-03 08:00:00+00:00
[2024-05-03T10:53:19.764+0000] {processor.py:183} INFO - Processing /home/airflow/.local/lib/python3.12/site-packages/airflow/example_dags/example_latest_only.py took 0.061 seconds
[2024-05-03T10:53:50.183+0000] {processor.py:161} INFO - Started process (PID=1932) to work on /home/airflow/.local/lib/python3.12/site-packages/airflow/example_dags/example_latest_only.py
[2024-05-03T10:53:50.184+0000] {processor.py:830} INFO - Processing file /home/airflow/.local/lib/python3.12/site-packages/airflow/example_dags/example_latest_only.py for tasks to queue
[2024-05-03T10:53:50.185+0000] {logging_mixin.py:188} INFO - [2024-05-03T10:53:50.185+0000] {dagbag.py:540} INFO - Filling up the DagBag from /home/airflow/.local/lib/python3.12/site-packages/airflow/example_dags/example_latest_only.py
[2024-05-03T10:53:50.190+0000] {processor.py:840} INFO - DAG(s) 'latest_only' retrieved from /home/airflow/.local/lib/python3.12/site-packages/airflow/example_dags/example_latest_only.py
[2024-05-03T10:53:50.206+0000] {logging_mixin.py:188} INFO - [2024-05-03T10:53:50.205+0000] {dag.py:3096} INFO - Sync 1 DAGs
[2024-05-03T10:53:50.224+0000] {logging_mixin.py:188} INFO - [2024-05-03T10:53:50.224+0000] {dag.py:3954} INFO - Setting next_dagrun for latest_only to 2024-05-03 04:00:00+00:00, run_after=2024-05-03 08:00:00+00:00
[2024-05-03T10:53:50.242+0000] {processor.py:183} INFO - Processing /home/airflow/.local/lib/python3.12/site-packages/airflow/example_dags/example_latest_only.py took 0.065 seconds
[2024-05-03T10:54:20.655+0000] {processor.py:161} INFO - Started process (PID=1990) to work on /home/airflow/.local/lib/python3.12/site-packages/airflow/example_dags/example_latest_only.py
[2024-05-03T10:54:20.656+0000] {processor.py:830} INFO - Processing file /home/airflow/.local/lib/python3.12/site-packages/airflow/example_dags/example_latest_only.py for tasks to queue
[2024-05-03T10:54:20.658+0000] {logging_mixin.py:188} INFO - [2024-05-03T10:54:20.657+0000] {dagbag.py:540} INFO - Filling up the DagBag from /home/airflow/.local/lib/python3.12/site-packages/airflow/example_dags/example_latest_only.py
[2024-05-03T10:54:20.662+0000] {processor.py:840} INFO - DAG(s) 'latest_only' retrieved from /home/airflow/.local/lib/python3.12/site-packages/airflow/example_dags/example_latest_only.py
[2024-05-03T10:54:20.679+0000] {logging_mixin.py:188} INFO - [2024-05-03T10:54:20.678+0000] {dag.py:3096} INFO - Sync 1 DAGs
[2024-05-03T10:54:20.698+0000] {logging_mixin.py:188} INFO - [2024-05-03T10:54:20.698+0000] {dag.py:3954} INFO - Setting next_dagrun for latest_only to 2024-05-03 04:00:00+00:00, run_after=2024-05-03 08:00:00+00:00
[2024-05-03T10:54:20.717+0000] {processor.py:183} INFO - Processing /home/airflow/.local/lib/python3.12/site-packages/airflow/example_dags/example_latest_only.py took 0.067 seconds
[2024-05-03T10:54:50.838+0000] {processor.py:161} INFO - Started process (PID=2048) to work on /home/airflow/.local/lib/python3.12/site-packages/airflow/example_dags/example_latest_only.py
[2024-05-03T10:54:50.839+0000] {processor.py:830} INFO - Processing file /home/airflow/.local/lib/python3.12/site-packages/airflow/example_dags/example_latest_only.py for tasks to queue
[2024-05-03T10:54:50.841+0000] {logging_mixin.py:188} INFO - [2024-05-03T10:54:50.841+0000] {dagbag.py:540} INFO - Filling up the DagBag from /home/airflow/.local/lib/python3.12/site-packages/airflow/example_dags/example_latest_only.py
[2024-05-03T10:54:50.845+0000] {processor.py:840} INFO - DAG(s) 'latest_only' retrieved from /home/airflow/.local/lib/python3.12/site-packages/airflow/example_dags/example_latest_only.py
[2024-05-03T10:54:50.861+0000] {logging_mixin.py:188} INFO - [2024-05-03T10:54:50.861+0000] {dag.py:3096} INFO - Sync 1 DAGs
[2024-05-03T10:54:50.880+0000] {logging_mixin.py:188} INFO - [2024-05-03T10:54:50.879+0000] {dag.py:3954} INFO - Setting next_dagrun for latest_only to 2024-05-03 04:00:00+00:00, run_after=2024-05-03 08:00:00+00:00
[2024-05-03T10:54:50.896+0000] {processor.py:183} INFO - Processing /home/airflow/.local/lib/python3.12/site-packages/airflow/example_dags/example_latest_only.py took 0.063 seconds
[2024-05-03T10:55:20.992+0000] {processor.py:161} INFO - Started process (PID=2106) to work on /home/airflow/.local/lib/python3.12/site-packages/airflow/example_dags/example_latest_only.py
[2024-05-03T10:55:20.992+0000] {processor.py:830} INFO - Processing file /home/airflow/.local/lib/python3.12/site-packages/airflow/example_dags/example_latest_only.py for tasks to queue
[2024-05-03T10:55:20.994+0000] {logging_mixin.py:188} INFO - [2024-05-03T10:55:20.994+0000] {dagbag.py:540} INFO - Filling up the DagBag from /home/airflow/.local/lib/python3.12/site-packages/airflow/example_dags/example_latest_only.py
[2024-05-03T10:55:20.998+0000] {processor.py:840} INFO - DAG(s) 'latest_only' retrieved from /home/airflow/.local/lib/python3.12/site-packages/airflow/example_dags/example_latest_only.py
[2024-05-03T10:55:21.015+0000] {logging_mixin.py:188} INFO - [2024-05-03T10:55:21.015+0000] {dag.py:3096} INFO - Sync 1 DAGs
[2024-05-03T10:55:21.033+0000] {logging_mixin.py:188} INFO - [2024-05-03T10:55:21.033+0000] {dag.py:3954} INFO - Setting next_dagrun for latest_only to 2024-05-03 04:00:00+00:00, run_after=2024-05-03 08:00:00+00:00
[2024-05-03T10:55:21.047+0000] {processor.py:183} INFO - Processing /home/airflow/.local/lib/python3.12/site-packages/airflow/example_dags/example_latest_only.py took 0.060 seconds
[2024-05-03T10:55:51.253+0000] {processor.py:161} INFO - Started process (PID=2164) to work on /home/airflow/.local/lib/python3.12/site-packages/airflow/example_dags/example_latest_only.py
[2024-05-03T10:55:51.254+0000] {processor.py:830} INFO - Processing file /home/airflow/.local/lib/python3.12/site-packages/airflow/example_dags/example_latest_only.py for tasks to queue
[2024-05-03T10:55:51.256+0000] {logging_mixin.py:188} INFO - [2024-05-03T10:55:51.256+0000] {dagbag.py:540} INFO - Filling up the DagBag from /home/airflow/.local/lib/python3.12/site-packages/airflow/example_dags/example_latest_only.py
[2024-05-03T10:55:51.261+0000] {processor.py:840} INFO - DAG(s) 'latest_only' retrieved from /home/airflow/.local/lib/python3.12/site-packages/airflow/example_dags/example_latest_only.py
[2024-05-03T10:55:51.277+0000] {logging_mixin.py:188} INFO - [2024-05-03T10:55:51.276+0000] {dag.py:3096} INFO - Sync 1 DAGs
[2024-05-03T10:55:51.296+0000] {logging_mixin.py:188} INFO - [2024-05-03T10:55:51.296+0000] {dag.py:3954} INFO - Setting next_dagrun for latest_only to 2024-05-03 04:00:00+00:00, run_after=2024-05-03 08:00:00+00:00
[2024-05-03T10:55:51.313+0000] {processor.py:183} INFO - Processing /home/airflow/.local/lib/python3.12/site-packages/airflow/example_dags/example_latest_only.py took 0.065 seconds
[2024-05-03T10:56:21.491+0000] {processor.py:161} INFO - Started process (PID=2222) to work on /home/airflow/.local/lib/python3.12/site-packages/airflow/example_dags/example_latest_only.py
[2024-05-03T10:56:21.492+0000] {processor.py:830} INFO - Processing file /home/airflow/.local/lib/python3.12/site-packages/airflow/example_dags/example_latest_only.py for tasks to queue
[2024-05-03T10:56:21.493+0000] {logging_mixin.py:188} INFO - [2024-05-03T10:56:21.493+0000] {dagbag.py:540} INFO - Filling up the DagBag from /home/airflow/.local/lib/python3.12/site-packages/airflow/example_dags/example_latest_only.py
[2024-05-03T10:56:21.497+0000] {processor.py:840} INFO - DAG(s) 'latest_only' retrieved from /home/airflow/.local/lib/python3.12/site-packages/airflow/example_dags/example_latest_only.py
[2024-05-03T10:56:21.516+0000] {logging_mixin.py:188} INFO - [2024-05-03T10:56:21.515+0000] {dag.py:3096} INFO - Sync 1 DAGs
[2024-05-03T10:56:21.535+0000] {logging_mixin.py:188} INFO - [2024-05-03T10:56:21.534+0000] {dag.py:3954} INFO - Setting next_dagrun for latest_only to 2024-05-03 04:00:00+00:00, run_after=2024-05-03 08:00:00+00:00
[2024-05-03T10:56:21.551+0000] {processor.py:183} INFO - Processing /home/airflow/.local/lib/python3.12/site-packages/airflow/example_dags/example_latest_only.py took 0.065 seconds
[2024-05-03T10:56:51.671+0000] {processor.py:161} INFO - Started process (PID=2280) to work on /home/airflow/.local/lib/python3.12/site-packages/airflow/example_dags/example_latest_only.py
[2024-05-03T10:56:51.672+0000] {processor.py:830} INFO - Processing file /home/airflow/.local/lib/python3.12/site-packages/airflow/example_dags/example_latest_only.py for tasks to queue
[2024-05-03T10:56:51.674+0000] {logging_mixin.py:188} INFO - [2024-05-03T10:56:51.673+0000] {dagbag.py:540} INFO - Filling up the DagBag from /home/airflow/.local/lib/python3.12/site-packages/airflow/example_dags/example_latest_only.py
[2024-05-03T10:56:51.677+0000] {processor.py:840} INFO - DAG(s) 'latest_only' retrieved from /home/airflow/.local/lib/python3.12/site-packages/airflow/example_dags/example_latest_only.py
[2024-05-03T10:56:51.693+0000] {logging_mixin.py:188} INFO - [2024-05-03T10:56:51.693+0000] {dag.py:3096} INFO - Sync 1 DAGs
[2024-05-03T10:56:51.712+0000] {logging_mixin.py:188} INFO - [2024-05-03T10:56:51.712+0000] {dag.py:3954} INFO - Setting next_dagrun for latest_only to 2024-05-03 04:00:00+00:00, run_after=2024-05-03 08:00:00+00:00
[2024-05-03T10:56:51.726+0000] {processor.py:183} INFO - Processing /home/airflow/.local/lib/python3.12/site-packages/airflow/example_dags/example_latest_only.py took 0.060 seconds
[2024-05-03T10:57:21.835+0000] {processor.py:161} INFO - Started process (PID=2338) to work on /home/airflow/.local/lib/python3.12/site-packages/airflow/example_dags/example_latest_only.py
[2024-05-03T10:57:21.836+0000] {processor.py:830} INFO - Processing file /home/airflow/.local/lib/python3.12/site-packages/airflow/example_dags/example_latest_only.py for tasks to queue
[2024-05-03T10:57:21.838+0000] {logging_mixin.py:188} INFO - [2024-05-03T10:57:21.838+0000] {dagbag.py:540} INFO - Filling up the DagBag from /home/airflow/.local/lib/python3.12/site-packages/airflow/example_dags/example_latest_only.py
[2024-05-03T10:57:21.842+0000] {processor.py:840} INFO - DAG(s) 'latest_only' retrieved from /home/airflow/.local/lib/python3.12/site-packages/airflow/example_dags/example_latest_only.py
[2024-05-03T10:57:21.859+0000] {logging_mixin.py:188} INFO - [2024-05-03T10:57:21.858+0000] {dag.py:3096} INFO - Sync 1 DAGs
[2024-05-03T10:57:21.878+0000] {logging_mixin.py:188} INFO - [2024-05-03T10:57:21.877+0000] {dag.py:3954} INFO - Setting next_dagrun for latest_only to 2024-05-03 04:00:00+00:00, run_after=2024-05-03 08:00:00+00:00
[2024-05-03T10:57:21.895+0000] {processor.py:183} INFO - Processing /home/airflow/.local/lib/python3.12/site-packages/airflow/example_dags/example_latest_only.py took 0.065 seconds
[2024-05-03T10:57:52.050+0000] {processor.py:161} INFO - Started process (PID=2396) to work on /home/airflow/.local/lib/python3.12/site-packages/airflow/example_dags/example_latest_only.py
[2024-05-03T10:57:52.050+0000] {processor.py:830} INFO - Processing file /home/airflow/.local/lib/python3.12/site-packages/airflow/example_dags/example_latest_only.py for tasks to queue
[2024-05-03T10:57:52.052+0000] {logging_mixin.py:188} INFO - [2024-05-03T10:57:52.052+0000] {dagbag.py:540} INFO - Filling up the DagBag from /home/airflow/.local/lib/python3.12/site-packages/airflow/example_dags/example_latest_only.py
[2024-05-03T10:57:52.056+0000] {processor.py:840} INFO - DAG(s) 'latest_only' retrieved from /home/airflow/.local/lib/python3.12/site-packages/airflow/example_dags/example_latest_only.py
[2024-05-03T10:57:52.071+0000] {logging_mixin.py:188} INFO - [2024-05-03T10:57:52.071+0000] {dag.py:3096} INFO - Sync 1 DAGs
[2024-05-03T10:57:52.091+0000] {logging_mixin.py:188} INFO - [2024-05-03T10:57:52.091+0000] {dag.py:3954} INFO - Setting next_dagrun for latest_only to 2024-05-03 04:00:00+00:00, run_after=2024-05-03 08:00:00+00:00
[2024-05-03T10:57:52.108+0000] {processor.py:183} INFO - Processing /home/airflow/.local/lib/python3.12/site-packages/airflow/example_dags/example_latest_only.py took 0.063 seconds
[2024-05-03T10:58:22.267+0000] {processor.py:161} INFO - Started process (PID=2455) to work on /home/airflow/.local/lib/python3.12/site-packages/airflow/example_dags/example_latest_only.py
[2024-05-03T10:58:22.268+0000] {processor.py:830} INFO - Processing file /home/airflow/.local/lib/python3.12/site-packages/airflow/example_dags/example_latest_only.py for tasks to queue
[2024-05-03T10:58:22.270+0000] {logging_mixin.py:188} INFO - [2024-05-03T10:58:22.269+0000] {dagbag.py:540} INFO - Filling up the DagBag from /home/airflow/.local/lib/python3.12/site-packages/airflow/example_dags/example_latest_only.py
[2024-05-03T10:58:22.274+0000] {processor.py:840} INFO - DAG(s) 'latest_only' retrieved from /home/airflow/.local/lib/python3.12/site-packages/airflow/example_dags/example_latest_only.py
[2024-05-03T10:58:22.289+0000] {logging_mixin.py:188} INFO - [2024-05-03T10:58:22.288+0000] {dag.py:3096} INFO - Sync 1 DAGs
[2024-05-03T10:58:22.307+0000] {logging_mixin.py:188} INFO - [2024-05-03T10:58:22.307+0000] {dag.py:3954} INFO - Setting next_dagrun for latest_only to 2024-05-03 04:00:00+00:00, run_after=2024-05-03 08:00:00+00:00
[2024-05-03T10:58:22.323+0000] {processor.py:183} INFO - Processing /home/airflow/.local/lib/python3.12/site-packages/airflow/example_dags/example_latest_only.py took 0.061 seconds
