[2024-05-03T10:37:33.510+0000] {processor.py:161} INFO - Started process (PID=56) to work on /home/airflow/.local/lib/python3.12/site-packages/airflow/example_dags/example_sla_dag.py
[2024-05-03T10:37:33.511+0000] {processor.py:830} INFO - Processing file /home/airflow/.local/lib/python3.12/site-packages/airflow/example_dags/example_sla_dag.py for tasks to queue
[2024-05-03T10:37:33.513+0000] {logging_mixin.py:188} INFO - [2024-05-03T10:37:33.513+0000] {dagbag.py:540} INFO - Filling up the DagBag from /home/airflow/.local/lib/python3.12/site-packages/airflow/example_dags/example_sla_dag.py
[2024-05-03T10:37:33.521+0000] {processor.py:840} INFO - DAG(s) 'example_sla_dag' retrieved from /home/airflow/.local/lib/python3.12/site-packages/airflow/example_dags/example_sla_dag.py
[2024-05-03T10:37:33.616+0000] {logging_mixin.py:188} INFO - [2024-05-03T10:37:33.615+0000] {dag.py:3096} INFO - Sync 1 DAGs
[2024-05-03T10:37:33.636+0000] {logging_mixin.py:188} INFO - [2024-05-03T10:37:33.636+0000] {dag.py:3954} INFO - Setting next_dagrun for example_sla_dag to 2024-05-03 10:34:00+00:00, run_after=2024-05-03 10:36:00+00:00
[2024-05-03T10:37:33.652+0000] {processor.py:183} INFO - Processing /home/airflow/.local/lib/python3.12/site-packages/airflow/example_dags/example_sla_dag.py took 0.147 seconds
[2024-05-03T10:38:04.213+0000] {processor.py:161} INFO - Started process (PID=114) to work on /home/airflow/.local/lib/python3.12/site-packages/airflow/example_dags/example_sla_dag.py
[2024-05-03T10:38:04.214+0000] {processor.py:830} INFO - Processing file /home/airflow/.local/lib/python3.12/site-packages/airflow/example_dags/example_sla_dag.py for tasks to queue
[2024-05-03T10:38:04.216+0000] {logging_mixin.py:188} INFO - [2024-05-03T10:38:04.215+0000] {dagbag.py:540} INFO - Filling up the DagBag from /home/airflow/.local/lib/python3.12/site-packages/airflow/example_dags/example_sla_dag.py
[2024-05-03T10:38:04.222+0000] {processor.py:840} INFO - DAG(s) 'example_sla_dag' retrieved from /home/airflow/.local/lib/python3.12/site-packages/airflow/example_dags/example_sla_dag.py
[2024-05-03T10:38:04.237+0000] {logging_mixin.py:188} INFO - [2024-05-03T10:38:04.237+0000] {dag.py:3096} INFO - Sync 1 DAGs
[2024-05-03T10:38:04.257+0000] {logging_mixin.py:188} INFO - [2024-05-03T10:38:04.257+0000] {dag.py:3954} INFO - Setting next_dagrun for example_sla_dag to 2024-05-03 10:36:00+00:00, run_after=2024-05-03 10:38:00+00:00
[2024-05-03T10:38:04.272+0000] {processor.py:183} INFO - Processing /home/airflow/.local/lib/python3.12/site-packages/airflow/example_dags/example_sla_dag.py took 0.064 seconds
[2024-05-03T10:38:34.984+0000] {processor.py:161} INFO - Started process (PID=172) to work on /home/airflow/.local/lib/python3.12/site-packages/airflow/example_dags/example_sla_dag.py
[2024-05-03T10:38:34.985+0000] {processor.py:830} INFO - Processing file /home/airflow/.local/lib/python3.12/site-packages/airflow/example_dags/example_sla_dag.py for tasks to queue
[2024-05-03T10:38:34.988+0000] {logging_mixin.py:188} INFO - [2024-05-03T10:38:34.987+0000] {dagbag.py:540} INFO - Filling up the DagBag from /home/airflow/.local/lib/python3.12/site-packages/airflow/example_dags/example_sla_dag.py
[2024-05-03T10:38:34.999+0000] {processor.py:840} INFO - DAG(s) 'example_sla_dag' retrieved from /home/airflow/.local/lib/python3.12/site-packages/airflow/example_dags/example_sla_dag.py
[2024-05-03T10:38:35.050+0000] {logging_mixin.py:188} INFO - [2024-05-03T10:38:35.049+0000] {dag.py:3096} INFO - Sync 1 DAGs
[2024-05-03T10:38:35.093+0000] {logging_mixin.py:188} INFO - [2024-05-03T10:38:35.093+0000] {dag.py:3954} INFO - Setting next_dagrun for example_sla_dag to 2024-05-03 10:36:00+00:00, run_after=2024-05-03 10:38:00+00:00
[2024-05-03T10:38:35.124+0000] {processor.py:183} INFO - Processing /home/airflow/.local/lib/python3.12/site-packages/airflow/example_dags/example_sla_dag.py took 0.151 seconds
[2024-05-03T10:39:05.223+0000] {processor.py:161} INFO - Started process (PID=230) to work on /home/airflow/.local/lib/python3.12/site-packages/airflow/example_dags/example_sla_dag.py
[2024-05-03T10:39:05.224+0000] {processor.py:830} INFO - Processing file /home/airflow/.local/lib/python3.12/site-packages/airflow/example_dags/example_sla_dag.py for tasks to queue
[2024-05-03T10:39:05.225+0000] {logging_mixin.py:188} INFO - [2024-05-03T10:39:05.225+0000] {dagbag.py:540} INFO - Filling up the DagBag from /home/airflow/.local/lib/python3.12/site-packages/airflow/example_dags/example_sla_dag.py
[2024-05-03T10:39:05.232+0000] {processor.py:840} INFO - DAG(s) 'example_sla_dag' retrieved from /home/airflow/.local/lib/python3.12/site-packages/airflow/example_dags/example_sla_dag.py
[2024-05-03T10:39:05.246+0000] {logging_mixin.py:188} INFO - [2024-05-03T10:39:05.246+0000] {dag.py:3096} INFO - Sync 1 DAGs
[2024-05-03T10:39:05.264+0000] {logging_mixin.py:188} INFO - [2024-05-03T10:39:05.263+0000] {dag.py:3954} INFO - Setting next_dagrun for example_sla_dag to 2024-05-03 10:36:00+00:00, run_after=2024-05-03 10:38:00+00:00
[2024-05-03T10:39:05.281+0000] {processor.py:183} INFO - Processing /home/airflow/.local/lib/python3.12/site-packages/airflow/example_dags/example_sla_dag.py took 0.063 seconds
[2024-05-03T10:39:35.922+0000] {processor.py:161} INFO - Started process (PID=288) to work on /home/airflow/.local/lib/python3.12/site-packages/airflow/example_dags/example_sla_dag.py
[2024-05-03T10:39:35.923+0000] {processor.py:830} INFO - Processing file /home/airflow/.local/lib/python3.12/site-packages/airflow/example_dags/example_sla_dag.py for tasks to queue
[2024-05-03T10:39:35.924+0000] {logging_mixin.py:188} INFO - [2024-05-03T10:39:35.924+0000] {dagbag.py:540} INFO - Filling up the DagBag from /home/airflow/.local/lib/python3.12/site-packages/airflow/example_dags/example_sla_dag.py
[2024-05-03T10:39:35.931+0000] {processor.py:840} INFO - DAG(s) 'example_sla_dag' retrieved from /home/airflow/.local/lib/python3.12/site-packages/airflow/example_dags/example_sla_dag.py
[2024-05-03T10:39:35.946+0000] {logging_mixin.py:188} INFO - [2024-05-03T10:39:35.946+0000] {dag.py:3096} INFO - Sync 1 DAGs
[2024-05-03T10:39:35.968+0000] {logging_mixin.py:188} INFO - [2024-05-03T10:39:35.968+0000] {dag.py:3954} INFO - Setting next_dagrun for example_sla_dag to 2024-05-03 10:36:00+00:00, run_after=2024-05-03 10:38:00+00:00
[2024-05-03T10:39:35.987+0000] {processor.py:183} INFO - Processing /home/airflow/.local/lib/python3.12/site-packages/airflow/example_dags/example_sla_dag.py took 0.070 seconds
[2024-05-03T10:40:06.430+0000] {processor.py:161} INFO - Started process (PID=346) to work on /home/airflow/.local/lib/python3.12/site-packages/airflow/example_dags/example_sla_dag.py
[2024-05-03T10:40:06.431+0000] {processor.py:830} INFO - Processing file /home/airflow/.local/lib/python3.12/site-packages/airflow/example_dags/example_sla_dag.py for tasks to queue
[2024-05-03T10:40:06.433+0000] {logging_mixin.py:188} INFO - [2024-05-03T10:40:06.432+0000] {dagbag.py:540} INFO - Filling up the DagBag from /home/airflow/.local/lib/python3.12/site-packages/airflow/example_dags/example_sla_dag.py
[2024-05-03T10:40:06.441+0000] {processor.py:840} INFO - DAG(s) 'example_sla_dag' retrieved from /home/airflow/.local/lib/python3.12/site-packages/airflow/example_dags/example_sla_dag.py
[2024-05-03T10:40:06.458+0000] {logging_mixin.py:188} INFO - [2024-05-03T10:40:06.458+0000] {dag.py:3096} INFO - Sync 1 DAGs
[2024-05-03T10:40:06.479+0000] {logging_mixin.py:188} INFO - [2024-05-03T10:40:06.478+0000] {dag.py:3954} INFO - Setting next_dagrun for example_sla_dag to 2024-05-03 10:38:00+00:00, run_after=2024-05-03 10:40:00+00:00
[2024-05-03T10:40:06.495+0000] {processor.py:183} INFO - Processing /home/airflow/.local/lib/python3.12/site-packages/airflow/example_dags/example_sla_dag.py took 0.070 seconds
[2024-05-03T10:40:36.804+0000] {processor.py:161} INFO - Started process (PID=404) to work on /home/airflow/.local/lib/python3.12/site-packages/airflow/example_dags/example_sla_dag.py
[2024-05-03T10:40:36.805+0000] {processor.py:830} INFO - Processing file /home/airflow/.local/lib/python3.12/site-packages/airflow/example_dags/example_sla_dag.py for tasks to queue
[2024-05-03T10:40:36.806+0000] {logging_mixin.py:188} INFO - [2024-05-03T10:40:36.806+0000] {dagbag.py:540} INFO - Filling up the DagBag from /home/airflow/.local/lib/python3.12/site-packages/airflow/example_dags/example_sla_dag.py
[2024-05-03T10:40:36.813+0000] {processor.py:840} INFO - DAG(s) 'example_sla_dag' retrieved from /home/airflow/.local/lib/python3.12/site-packages/airflow/example_dags/example_sla_dag.py
[2024-05-03T10:40:36.835+0000] {logging_mixin.py:188} INFO - [2024-05-03T10:40:36.835+0000] {dag.py:3096} INFO - Sync 1 DAGs
[2024-05-03T10:40:36.858+0000] {logging_mixin.py:188} INFO - [2024-05-03T10:40:36.858+0000] {dag.py:3954} INFO - Setting next_dagrun for example_sla_dag to 2024-05-03 10:38:00+00:00, run_after=2024-05-03 10:40:00+00:00
[2024-05-03T10:40:36.874+0000] {processor.py:183} INFO - Processing /home/airflow/.local/lib/python3.12/site-packages/airflow/example_dags/example_sla_dag.py took 0.075 seconds
[2024-05-03T10:41:07.429+0000] {processor.py:161} INFO - Started process (PID=462) to work on /home/airflow/.local/lib/python3.12/site-packages/airflow/example_dags/example_sla_dag.py
[2024-05-03T10:41:07.431+0000] {processor.py:830} INFO - Processing file /home/airflow/.local/lib/python3.12/site-packages/airflow/example_dags/example_sla_dag.py for tasks to queue
[2024-05-03T10:41:07.432+0000] {logging_mixin.py:188} INFO - [2024-05-03T10:41:07.432+0000] {dagbag.py:540} INFO - Filling up the DagBag from /home/airflow/.local/lib/python3.12/site-packages/airflow/example_dags/example_sla_dag.py
[2024-05-03T10:41:07.439+0000] {processor.py:840} INFO - DAG(s) 'example_sla_dag' retrieved from /home/airflow/.local/lib/python3.12/site-packages/airflow/example_dags/example_sla_dag.py
[2024-05-03T10:41:07.459+0000] {logging_mixin.py:188} INFO - [2024-05-03T10:41:07.459+0000] {dag.py:3096} INFO - Sync 1 DAGs
[2024-05-03T10:41:07.480+0000] {logging_mixin.py:188} INFO - [2024-05-03T10:41:07.480+0000] {dag.py:3954} INFO - Setting next_dagrun for example_sla_dag to 2024-05-03 10:38:00+00:00, run_after=2024-05-03 10:40:00+00:00
[2024-05-03T10:41:07.498+0000] {processor.py:183} INFO - Processing /home/airflow/.local/lib/python3.12/site-packages/airflow/example_dags/example_sla_dag.py took 0.074 seconds
[2024-05-03T10:41:37.987+0000] {processor.py:161} INFO - Started process (PID=520) to work on /home/airflow/.local/lib/python3.12/site-packages/airflow/example_dags/example_sla_dag.py
[2024-05-03T10:41:37.988+0000] {processor.py:830} INFO - Processing file /home/airflow/.local/lib/python3.12/site-packages/airflow/example_dags/example_sla_dag.py for tasks to queue
[2024-05-03T10:41:37.990+0000] {logging_mixin.py:188} INFO - [2024-05-03T10:41:37.990+0000] {dagbag.py:540} INFO - Filling up the DagBag from /home/airflow/.local/lib/python3.12/site-packages/airflow/example_dags/example_sla_dag.py
[2024-05-03T10:41:37.999+0000] {processor.py:840} INFO - DAG(s) 'example_sla_dag' retrieved from /home/airflow/.local/lib/python3.12/site-packages/airflow/example_dags/example_sla_dag.py
[2024-05-03T10:41:38.019+0000] {logging_mixin.py:188} INFO - [2024-05-03T10:41:38.019+0000] {dag.py:3096} INFO - Sync 1 DAGs
[2024-05-03T10:41:38.052+0000] {logging_mixin.py:188} INFO - [2024-05-03T10:41:38.051+0000] {dag.py:3954} INFO - Setting next_dagrun for example_sla_dag to 2024-05-03 10:38:00+00:00, run_after=2024-05-03 10:40:00+00:00
[2024-05-03T10:41:38.071+0000] {processor.py:183} INFO - Processing /home/airflow/.local/lib/python3.12/site-packages/airflow/example_dags/example_sla_dag.py took 0.089 seconds
[2024-05-03T10:42:08.458+0000] {processor.py:161} INFO - Started process (PID=578) to work on /home/airflow/.local/lib/python3.12/site-packages/airflow/example_dags/example_sla_dag.py
[2024-05-03T10:42:08.459+0000] {processor.py:830} INFO - Processing file /home/airflow/.local/lib/python3.12/site-packages/airflow/example_dags/example_sla_dag.py for tasks to queue
[2024-05-03T10:42:08.460+0000] {logging_mixin.py:188} INFO - [2024-05-03T10:42:08.460+0000] {dagbag.py:540} INFO - Filling up the DagBag from /home/airflow/.local/lib/python3.12/site-packages/airflow/example_dags/example_sla_dag.py
[2024-05-03T10:42:08.468+0000] {processor.py:840} INFO - DAG(s) 'example_sla_dag' retrieved from /home/airflow/.local/lib/python3.12/site-packages/airflow/example_dags/example_sla_dag.py
[2024-05-03T10:42:08.484+0000] {logging_mixin.py:188} INFO - [2024-05-03T10:42:08.483+0000] {dag.py:3096} INFO - Sync 1 DAGs
[2024-05-03T10:42:08.503+0000] {logging_mixin.py:188} INFO - [2024-05-03T10:42:08.503+0000] {dag.py:3954} INFO - Setting next_dagrun for example_sla_dag to 2024-05-03 10:40:00+00:00, run_after=2024-05-03 10:42:00+00:00
[2024-05-03T10:42:08.519+0000] {processor.py:183} INFO - Processing /home/airflow/.local/lib/python3.12/site-packages/airflow/example_dags/example_sla_dag.py took 0.065 seconds
[2024-05-03T10:42:39.351+0000] {processor.py:161} INFO - Started process (PID=636) to work on /home/airflow/.local/lib/python3.12/site-packages/airflow/example_dags/example_sla_dag.py
[2024-05-03T10:42:39.352+0000] {processor.py:830} INFO - Processing file /home/airflow/.local/lib/python3.12/site-packages/airflow/example_dags/example_sla_dag.py for tasks to queue
[2024-05-03T10:42:39.353+0000] {logging_mixin.py:188} INFO - [2024-05-03T10:42:39.353+0000] {dagbag.py:540} INFO - Filling up the DagBag from /home/airflow/.local/lib/python3.12/site-packages/airflow/example_dags/example_sla_dag.py
[2024-05-03T10:42:39.361+0000] {processor.py:840} INFO - DAG(s) 'example_sla_dag' retrieved from /home/airflow/.local/lib/python3.12/site-packages/airflow/example_dags/example_sla_dag.py
[2024-05-03T10:42:39.376+0000] {logging_mixin.py:188} INFO - [2024-05-03T10:42:39.376+0000] {dag.py:3096} INFO - Sync 1 DAGs
[2024-05-03T10:42:39.397+0000] {logging_mixin.py:188} INFO - [2024-05-03T10:42:39.397+0000] {dag.py:3954} INFO - Setting next_dagrun for example_sla_dag to 2024-05-03 10:40:00+00:00, run_after=2024-05-03 10:42:00+00:00
[2024-05-03T10:42:39.413+0000] {processor.py:183} INFO - Processing /home/airflow/.local/lib/python3.12/site-packages/airflow/example_dags/example_sla_dag.py took 0.066 seconds
[2024-05-03T10:43:09.659+0000] {processor.py:161} INFO - Started process (PID=694) to work on /home/airflow/.local/lib/python3.12/site-packages/airflow/example_dags/example_sla_dag.py
[2024-05-03T10:43:09.660+0000] {processor.py:830} INFO - Processing file /home/airflow/.local/lib/python3.12/site-packages/airflow/example_dags/example_sla_dag.py for tasks to queue
[2024-05-03T10:43:09.661+0000] {logging_mixin.py:188} INFO - [2024-05-03T10:43:09.661+0000] {dagbag.py:540} INFO - Filling up the DagBag from /home/airflow/.local/lib/python3.12/site-packages/airflow/example_dags/example_sla_dag.py
[2024-05-03T10:43:09.669+0000] {processor.py:840} INFO - DAG(s) 'example_sla_dag' retrieved from /home/airflow/.local/lib/python3.12/site-packages/airflow/example_dags/example_sla_dag.py
[2024-05-03T10:43:09.685+0000] {logging_mixin.py:188} INFO - [2024-05-03T10:43:09.685+0000] {dag.py:3096} INFO - Sync 1 DAGs
[2024-05-03T10:43:09.709+0000] {logging_mixin.py:188} INFO - [2024-05-03T10:43:09.708+0000] {dag.py:3954} INFO - Setting next_dagrun for example_sla_dag to 2024-05-03 10:40:00+00:00, run_after=2024-05-03 10:42:00+00:00
[2024-05-03T10:43:09.726+0000] {processor.py:183} INFO - Processing /home/airflow/.local/lib/python3.12/site-packages/airflow/example_dags/example_sla_dag.py took 0.072 seconds
[2024-05-03T10:43:39.980+0000] {processor.py:161} INFO - Started process (PID=752) to work on /home/airflow/.local/lib/python3.12/site-packages/airflow/example_dags/example_sla_dag.py
[2024-05-03T10:43:39.981+0000] {processor.py:830} INFO - Processing file /home/airflow/.local/lib/python3.12/site-packages/airflow/example_dags/example_sla_dag.py for tasks to queue
[2024-05-03T10:43:39.983+0000] {logging_mixin.py:188} INFO - [2024-05-03T10:43:39.983+0000] {dagbag.py:540} INFO - Filling up the DagBag from /home/airflow/.local/lib/python3.12/site-packages/airflow/example_dags/example_sla_dag.py
[2024-05-03T10:43:39.989+0000] {processor.py:840} INFO - DAG(s) 'example_sla_dag' retrieved from /home/airflow/.local/lib/python3.12/site-packages/airflow/example_dags/example_sla_dag.py
[2024-05-03T10:43:40.004+0000] {logging_mixin.py:188} INFO - [2024-05-03T10:43:40.004+0000] {dag.py:3096} INFO - Sync 1 DAGs
[2024-05-03T10:43:40.023+0000] {logging_mixin.py:188} INFO - [2024-05-03T10:43:40.023+0000] {dag.py:3954} INFO - Setting next_dagrun for example_sla_dag to 2024-05-03 10:40:00+00:00, run_after=2024-05-03 10:42:00+00:00
[2024-05-03T10:43:40.039+0000] {processor.py:183} INFO - Processing /home/airflow/.local/lib/python3.12/site-packages/airflow/example_dags/example_sla_dag.py took 0.063 seconds
[2024-05-03T10:44:10.371+0000] {processor.py:161} INFO - Started process (PID=810) to work on /home/airflow/.local/lib/python3.12/site-packages/airflow/example_dags/example_sla_dag.py
[2024-05-03T10:44:10.372+0000] {processor.py:830} INFO - Processing file /home/airflow/.local/lib/python3.12/site-packages/airflow/example_dags/example_sla_dag.py for tasks to queue
[2024-05-03T10:44:10.374+0000] {logging_mixin.py:188} INFO - [2024-05-03T10:44:10.374+0000] {dagbag.py:540} INFO - Filling up the DagBag from /home/airflow/.local/lib/python3.12/site-packages/airflow/example_dags/example_sla_dag.py
[2024-05-03T10:44:10.380+0000] {processor.py:840} INFO - DAG(s) 'example_sla_dag' retrieved from /home/airflow/.local/lib/python3.12/site-packages/airflow/example_dags/example_sla_dag.py
[2024-05-03T10:44:10.396+0000] {logging_mixin.py:188} INFO - [2024-05-03T10:44:10.396+0000] {dag.py:3096} INFO - Sync 1 DAGs
[2024-05-03T10:44:10.415+0000] {logging_mixin.py:188} INFO - [2024-05-03T10:44:10.415+0000] {dag.py:3954} INFO - Setting next_dagrun for example_sla_dag to 2024-05-03 10:42:00+00:00, run_after=2024-05-03 10:44:00+00:00
[2024-05-03T10:44:10.430+0000] {processor.py:183} INFO - Processing /home/airflow/.local/lib/python3.12/site-packages/airflow/example_dags/example_sla_dag.py took 0.063 seconds
[2024-05-03T10:44:40.618+0000] {processor.py:161} INFO - Started process (PID=868) to work on /home/airflow/.local/lib/python3.12/site-packages/airflow/example_dags/example_sla_dag.py
[2024-05-03T10:44:40.620+0000] {processor.py:830} INFO - Processing file /home/airflow/.local/lib/python3.12/site-packages/airflow/example_dags/example_sla_dag.py for tasks to queue
[2024-05-03T10:44:40.622+0000] {logging_mixin.py:188} INFO - [2024-05-03T10:44:40.622+0000] {dagbag.py:540} INFO - Filling up the DagBag from /home/airflow/.local/lib/python3.12/site-packages/airflow/example_dags/example_sla_dag.py
[2024-05-03T10:44:40.637+0000] {processor.py:840} INFO - DAG(s) 'example_sla_dag' retrieved from /home/airflow/.local/lib/python3.12/site-packages/airflow/example_dags/example_sla_dag.py
[2024-05-03T10:44:40.658+0000] {logging_mixin.py:188} INFO - [2024-05-03T10:44:40.658+0000] {dag.py:3096} INFO - Sync 1 DAGs
[2024-05-03T10:44:40.681+0000] {logging_mixin.py:188} INFO - [2024-05-03T10:44:40.680+0000] {dag.py:3954} INFO - Setting next_dagrun for example_sla_dag to 2024-05-03 10:42:00+00:00, run_after=2024-05-03 10:44:00+00:00
[2024-05-03T10:44:40.700+0000] {processor.py:183} INFO - Processing /home/airflow/.local/lib/python3.12/site-packages/airflow/example_dags/example_sla_dag.py took 0.089 seconds
[2024-05-03T10:45:11.018+0000] {processor.py:161} INFO - Started process (PID=926) to work on /home/airflow/.local/lib/python3.12/site-packages/airflow/example_dags/example_sla_dag.py
[2024-05-03T10:45:11.018+0000] {processor.py:830} INFO - Processing file /home/airflow/.local/lib/python3.12/site-packages/airflow/example_dags/example_sla_dag.py for tasks to queue
[2024-05-03T10:45:11.020+0000] {logging_mixin.py:188} INFO - [2024-05-03T10:45:11.020+0000] {dagbag.py:540} INFO - Filling up the DagBag from /home/airflow/.local/lib/python3.12/site-packages/airflow/example_dags/example_sla_dag.py
[2024-05-03T10:45:11.027+0000] {processor.py:840} INFO - DAG(s) 'example_sla_dag' retrieved from /home/airflow/.local/lib/python3.12/site-packages/airflow/example_dags/example_sla_dag.py
[2024-05-03T10:45:11.042+0000] {logging_mixin.py:188} INFO - [2024-05-03T10:45:11.042+0000] {dag.py:3096} INFO - Sync 1 DAGs
[2024-05-03T10:45:11.062+0000] {logging_mixin.py:188} INFO - [2024-05-03T10:45:11.061+0000] {dag.py:3954} INFO - Setting next_dagrun for example_sla_dag to 2024-05-03 10:42:00+00:00, run_after=2024-05-03 10:44:00+00:00
[2024-05-03T10:45:11.077+0000] {processor.py:183} INFO - Processing /home/airflow/.local/lib/python3.12/site-packages/airflow/example_dags/example_sla_dag.py took 0.065 seconds
[2024-05-03T10:45:41.758+0000] {processor.py:161} INFO - Started process (PID=985) to work on /home/airflow/.local/lib/python3.12/site-packages/airflow/example_dags/example_sla_dag.py
[2024-05-03T10:45:41.761+0000] {processor.py:830} INFO - Processing file /home/airflow/.local/lib/python3.12/site-packages/airflow/example_dags/example_sla_dag.py for tasks to queue
[2024-05-03T10:45:41.764+0000] {logging_mixin.py:188} INFO - [2024-05-03T10:45:41.763+0000] {dagbag.py:540} INFO - Filling up the DagBag from /home/airflow/.local/lib/python3.12/site-packages/airflow/example_dags/example_sla_dag.py
[2024-05-03T10:45:41.776+0000] {processor.py:840} INFO - DAG(s) 'example_sla_dag' retrieved from /home/airflow/.local/lib/python3.12/site-packages/airflow/example_dags/example_sla_dag.py
[2024-05-03T10:45:41.811+0000] {logging_mixin.py:188} INFO - [2024-05-03T10:45:41.810+0000] {dag.py:3096} INFO - Sync 1 DAGs
[2024-05-03T10:45:41.852+0000] {logging_mixin.py:188} INFO - [2024-05-03T10:45:41.851+0000] {dag.py:3954} INFO - Setting next_dagrun for example_sla_dag to 2024-05-03 10:42:00+00:00, run_after=2024-05-03 10:44:00+00:00
[2024-05-03T10:45:41.893+0000] {processor.py:183} INFO - Processing /home/airflow/.local/lib/python3.12/site-packages/airflow/example_dags/example_sla_dag.py took 0.143 seconds
[2024-05-03T10:46:12.689+0000] {processor.py:161} INFO - Started process (PID=1043) to work on /home/airflow/.local/lib/python3.12/site-packages/airflow/example_dags/example_sla_dag.py
[2024-05-03T10:46:12.689+0000] {processor.py:830} INFO - Processing file /home/airflow/.local/lib/python3.12/site-packages/airflow/example_dags/example_sla_dag.py for tasks to queue
[2024-05-03T10:46:12.691+0000] {logging_mixin.py:188} INFO - [2024-05-03T10:46:12.691+0000] {dagbag.py:540} INFO - Filling up the DagBag from /home/airflow/.local/lib/python3.12/site-packages/airflow/example_dags/example_sla_dag.py
[2024-05-03T10:46:12.698+0000] {processor.py:840} INFO - DAG(s) 'example_sla_dag' retrieved from /home/airflow/.local/lib/python3.12/site-packages/airflow/example_dags/example_sla_dag.py
[2024-05-03T10:46:12.713+0000] {logging_mixin.py:188} INFO - [2024-05-03T10:46:12.713+0000] {dag.py:3096} INFO - Sync 1 DAGs
[2024-05-03T10:46:12.845+0000] {logging_mixin.py:188} INFO - [2024-05-03T10:46:12.845+0000] {dag.py:3954} INFO - Setting next_dagrun for example_sla_dag to 2024-05-03 10:44:00+00:00, run_after=2024-05-03 10:46:00+00:00
[2024-05-03T10:46:12.861+0000] {processor.py:183} INFO - Processing /home/airflow/.local/lib/python3.12/site-packages/airflow/example_dags/example_sla_dag.py took 0.177 seconds
[2024-05-03T10:46:42.929+0000] {processor.py:161} INFO - Started process (PID=1101) to work on /home/airflow/.local/lib/python3.12/site-packages/airflow/example_dags/example_sla_dag.py
[2024-05-03T10:46:42.930+0000] {processor.py:830} INFO - Processing file /home/airflow/.local/lib/python3.12/site-packages/airflow/example_dags/example_sla_dag.py for tasks to queue
[2024-05-03T10:46:42.932+0000] {logging_mixin.py:188} INFO - [2024-05-03T10:46:42.931+0000] {dagbag.py:540} INFO - Filling up the DagBag from /home/airflow/.local/lib/python3.12/site-packages/airflow/example_dags/example_sla_dag.py
[2024-05-03T10:46:42.939+0000] {processor.py:840} INFO - DAG(s) 'example_sla_dag' retrieved from /home/airflow/.local/lib/python3.12/site-packages/airflow/example_dags/example_sla_dag.py
[2024-05-03T10:46:42.954+0000] {logging_mixin.py:188} INFO - [2024-05-03T10:46:42.954+0000] {dag.py:3096} INFO - Sync 1 DAGs
[2024-05-03T10:46:42.975+0000] {logging_mixin.py:188} INFO - [2024-05-03T10:46:42.974+0000] {dag.py:3954} INFO - Setting next_dagrun for example_sla_dag to 2024-05-03 10:44:00+00:00, run_after=2024-05-03 10:46:00+00:00
[2024-05-03T10:46:43.113+0000] {processor.py:183} INFO - Processing /home/airflow/.local/lib/python3.12/site-packages/airflow/example_dags/example_sla_dag.py took 0.189 seconds
[2024-05-03T10:47:13.908+0000] {processor.py:161} INFO - Started process (PID=1159) to work on /home/airflow/.local/lib/python3.12/site-packages/airflow/example_dags/example_sla_dag.py
[2024-05-03T10:47:13.909+0000] {processor.py:830} INFO - Processing file /home/airflow/.local/lib/python3.12/site-packages/airflow/example_dags/example_sla_dag.py for tasks to queue
[2024-05-03T10:47:13.911+0000] {logging_mixin.py:188} INFO - [2024-05-03T10:47:13.910+0000] {dagbag.py:540} INFO - Filling up the DagBag from /home/airflow/.local/lib/python3.12/site-packages/airflow/example_dags/example_sla_dag.py
[2024-05-03T10:47:13.917+0000] {processor.py:840} INFO - DAG(s) 'example_sla_dag' retrieved from /home/airflow/.local/lib/python3.12/site-packages/airflow/example_dags/example_sla_dag.py
[2024-05-03T10:47:13.932+0000] {logging_mixin.py:188} INFO - [2024-05-03T10:47:13.932+0000] {dag.py:3096} INFO - Sync 1 DAGs
[2024-05-03T10:47:13.950+0000] {logging_mixin.py:188} INFO - [2024-05-03T10:47:13.950+0000] {dag.py:3954} INFO - Setting next_dagrun for example_sla_dag to 2024-05-03 10:44:00+00:00, run_after=2024-05-03 10:46:00+00:00
[2024-05-03T10:47:13.966+0000] {processor.py:183} INFO - Processing /home/airflow/.local/lib/python3.12/site-packages/airflow/example_dags/example_sla_dag.py took 0.063 seconds
[2024-05-03T10:47:44.078+0000] {processor.py:161} INFO - Started process (PID=1217) to work on /home/airflow/.local/lib/python3.12/site-packages/airflow/example_dags/example_sla_dag.py
[2024-05-03T10:47:44.079+0000] {processor.py:830} INFO - Processing file /home/airflow/.local/lib/python3.12/site-packages/airflow/example_dags/example_sla_dag.py for tasks to queue
[2024-05-03T10:47:44.080+0000] {logging_mixin.py:188} INFO - [2024-05-03T10:47:44.080+0000] {dagbag.py:540} INFO - Filling up the DagBag from /home/airflow/.local/lib/python3.12/site-packages/airflow/example_dags/example_sla_dag.py
[2024-05-03T10:47:44.087+0000] {processor.py:840} INFO - DAG(s) 'example_sla_dag' retrieved from /home/airflow/.local/lib/python3.12/site-packages/airflow/example_dags/example_sla_dag.py
[2024-05-03T10:47:44.104+0000] {logging_mixin.py:188} INFO - [2024-05-03T10:47:44.103+0000] {dag.py:3096} INFO - Sync 1 DAGs
[2024-05-03T10:47:44.124+0000] {logging_mixin.py:188} INFO - [2024-05-03T10:47:44.124+0000] {dag.py:3954} INFO - Setting next_dagrun for example_sla_dag to 2024-05-03 10:44:00+00:00, run_after=2024-05-03 10:46:00+00:00
[2024-05-03T10:47:44.141+0000] {processor.py:183} INFO - Processing /home/airflow/.local/lib/python3.12/site-packages/airflow/example_dags/example_sla_dag.py took 0.068 seconds
[2024-05-03T10:48:14.642+0000] {processor.py:161} INFO - Started process (PID=1275) to work on /home/airflow/.local/lib/python3.12/site-packages/airflow/example_dags/example_sla_dag.py
[2024-05-03T10:48:14.643+0000] {processor.py:830} INFO - Processing file /home/airflow/.local/lib/python3.12/site-packages/airflow/example_dags/example_sla_dag.py for tasks to queue
[2024-05-03T10:48:14.644+0000] {logging_mixin.py:188} INFO - [2024-05-03T10:48:14.644+0000] {dagbag.py:540} INFO - Filling up the DagBag from /home/airflow/.local/lib/python3.12/site-packages/airflow/example_dags/example_sla_dag.py
[2024-05-03T10:48:14.651+0000] {processor.py:840} INFO - DAG(s) 'example_sla_dag' retrieved from /home/airflow/.local/lib/python3.12/site-packages/airflow/example_dags/example_sla_dag.py
[2024-05-03T10:48:14.671+0000] {logging_mixin.py:188} INFO - [2024-05-03T10:48:14.670+0000] {dag.py:3096} INFO - Sync 1 DAGs
[2024-05-03T10:48:14.694+0000] {logging_mixin.py:188} INFO - [2024-05-03T10:48:14.694+0000] {dag.py:3954} INFO - Setting next_dagrun for example_sla_dag to 2024-05-03 10:46:00+00:00, run_after=2024-05-03 10:48:00+00:00
[2024-05-03T10:48:14.710+0000] {processor.py:183} INFO - Processing /home/airflow/.local/lib/python3.12/site-packages/airflow/example_dags/example_sla_dag.py took 0.074 seconds
[2024-05-03T10:48:44.834+0000] {processor.py:161} INFO - Started process (PID=1333) to work on /home/airflow/.local/lib/python3.12/site-packages/airflow/example_dags/example_sla_dag.py
[2024-05-03T10:48:44.835+0000] {processor.py:830} INFO - Processing file /home/airflow/.local/lib/python3.12/site-packages/airflow/example_dags/example_sla_dag.py for tasks to queue
[2024-05-03T10:48:44.837+0000] {logging_mixin.py:188} INFO - [2024-05-03T10:48:44.836+0000] {dagbag.py:540} INFO - Filling up the DagBag from /home/airflow/.local/lib/python3.12/site-packages/airflow/example_dags/example_sla_dag.py
[2024-05-03T10:48:44.844+0000] {processor.py:840} INFO - DAG(s) 'example_sla_dag' retrieved from /home/airflow/.local/lib/python3.12/site-packages/airflow/example_dags/example_sla_dag.py
[2024-05-03T10:48:44.859+0000] {logging_mixin.py:188} INFO - [2024-05-03T10:48:44.859+0000] {dag.py:3096} INFO - Sync 1 DAGs
[2024-05-03T10:48:44.879+0000] {logging_mixin.py:188} INFO - [2024-05-03T10:48:44.879+0000] {dag.py:3954} INFO - Setting next_dagrun for example_sla_dag to 2024-05-03 10:46:00+00:00, run_after=2024-05-03 10:48:00+00:00
[2024-05-03T10:48:44.896+0000] {processor.py:183} INFO - Processing /home/airflow/.local/lib/python3.12/site-packages/airflow/example_dags/example_sla_dag.py took 0.067 seconds
[2024-05-03T10:49:15.103+0000] {processor.py:161} INFO - Started process (PID=1397) to work on /home/airflow/.local/lib/python3.12/site-packages/airflow/example_dags/example_sla_dag.py
[2024-05-03T10:49:15.104+0000] {processor.py:830} INFO - Processing file /home/airflow/.local/lib/python3.12/site-packages/airflow/example_dags/example_sla_dag.py for tasks to queue
[2024-05-03T10:49:15.105+0000] {logging_mixin.py:188} INFO - [2024-05-03T10:49:15.105+0000] {dagbag.py:540} INFO - Filling up the DagBag from /home/airflow/.local/lib/python3.12/site-packages/airflow/example_dags/example_sla_dag.py
[2024-05-03T10:49:15.112+0000] {processor.py:840} INFO - DAG(s) 'example_sla_dag' retrieved from /home/airflow/.local/lib/python3.12/site-packages/airflow/example_dags/example_sla_dag.py
[2024-05-03T10:49:15.129+0000] {logging_mixin.py:188} INFO - [2024-05-03T10:49:15.129+0000] {dag.py:3096} INFO - Sync 1 DAGs
[2024-05-03T10:49:15.149+0000] {logging_mixin.py:188} INFO - [2024-05-03T10:49:15.149+0000] {dag.py:3954} INFO - Setting next_dagrun for example_sla_dag to 2024-05-03 10:46:00+00:00, run_after=2024-05-03 10:48:00+00:00
[2024-05-03T10:49:15.205+0000] {processor.py:183} INFO - Processing /home/airflow/.local/lib/python3.12/site-packages/airflow/example_dags/example_sla_dag.py took 0.108 seconds
[2024-05-03T10:49:45.559+0000] {processor.py:161} INFO - Started process (PID=1455) to work on /home/airflow/.local/lib/python3.12/site-packages/airflow/example_dags/example_sla_dag.py
[2024-05-03T10:49:45.560+0000] {processor.py:830} INFO - Processing file /home/airflow/.local/lib/python3.12/site-packages/airflow/example_dags/example_sla_dag.py for tasks to queue
[2024-05-03T10:49:45.562+0000] {logging_mixin.py:188} INFO - [2024-05-03T10:49:45.561+0000] {dagbag.py:540} INFO - Filling up the DagBag from /home/airflow/.local/lib/python3.12/site-packages/airflow/example_dags/example_sla_dag.py
[2024-05-03T10:49:45.569+0000] {processor.py:840} INFO - DAG(s) 'example_sla_dag' retrieved from /home/airflow/.local/lib/python3.12/site-packages/airflow/example_dags/example_sla_dag.py
[2024-05-03T10:49:45.585+0000] {logging_mixin.py:188} INFO - [2024-05-03T10:49:45.585+0000] {dag.py:3096} INFO - Sync 1 DAGs
[2024-05-03T10:49:45.605+0000] {logging_mixin.py:188} INFO - [2024-05-03T10:49:45.605+0000] {dag.py:3954} INFO - Setting next_dagrun for example_sla_dag to 2024-05-03 10:46:00+00:00, run_after=2024-05-03 10:48:00+00:00
[2024-05-03T10:49:45.621+0000] {processor.py:183} INFO - Processing /home/airflow/.local/lib/python3.12/site-packages/airflow/example_dags/example_sla_dag.py took 0.067 seconds
[2024-05-03T10:50:15.744+0000] {processor.py:161} INFO - Started process (PID=1513) to work on /home/airflow/.local/lib/python3.12/site-packages/airflow/example_dags/example_sla_dag.py
[2024-05-03T10:50:15.745+0000] {processor.py:830} INFO - Processing file /home/airflow/.local/lib/python3.12/site-packages/airflow/example_dags/example_sla_dag.py for tasks to queue
[2024-05-03T10:50:15.747+0000] {logging_mixin.py:188} INFO - [2024-05-03T10:50:15.747+0000] {dagbag.py:540} INFO - Filling up the DagBag from /home/airflow/.local/lib/python3.12/site-packages/airflow/example_dags/example_sla_dag.py
[2024-05-03T10:50:15.753+0000] {processor.py:840} INFO - DAG(s) 'example_sla_dag' retrieved from /home/airflow/.local/lib/python3.12/site-packages/airflow/example_dags/example_sla_dag.py
[2024-05-03T10:50:15.770+0000] {logging_mixin.py:188} INFO - [2024-05-03T10:50:15.770+0000] {dag.py:3096} INFO - Sync 1 DAGs
[2024-05-03T10:50:15.790+0000] {logging_mixin.py:188} INFO - [2024-05-03T10:50:15.790+0000] {dag.py:3954} INFO - Setting next_dagrun for example_sla_dag to 2024-05-03 10:48:00+00:00, run_after=2024-05-03 10:50:00+00:00
[2024-05-03T10:50:15.807+0000] {processor.py:183} INFO - Processing /home/airflow/.local/lib/python3.12/site-packages/airflow/example_dags/example_sla_dag.py took 0.067 seconds
[2024-05-03T10:50:45.976+0000] {processor.py:161} INFO - Started process (PID=1571) to work on /home/airflow/.local/lib/python3.12/site-packages/airflow/example_dags/example_sla_dag.py
[2024-05-03T10:50:45.977+0000] {processor.py:830} INFO - Processing file /home/airflow/.local/lib/python3.12/site-packages/airflow/example_dags/example_sla_dag.py for tasks to queue
[2024-05-03T10:50:45.979+0000] {logging_mixin.py:188} INFO - [2024-05-03T10:50:45.979+0000] {dagbag.py:540} INFO - Filling up the DagBag from /home/airflow/.local/lib/python3.12/site-packages/airflow/example_dags/example_sla_dag.py
[2024-05-03T10:50:45.986+0000] {processor.py:840} INFO - DAG(s) 'example_sla_dag' retrieved from /home/airflow/.local/lib/python3.12/site-packages/airflow/example_dags/example_sla_dag.py
[2024-05-03T10:50:46.002+0000] {logging_mixin.py:188} INFO - [2024-05-03T10:50:46.002+0000] {dag.py:3096} INFO - Sync 1 DAGs
[2024-05-03T10:50:46.022+0000] {logging_mixin.py:188} INFO - [2024-05-03T10:50:46.022+0000] {dag.py:3954} INFO - Setting next_dagrun for example_sla_dag to 2024-05-03 10:48:00+00:00, run_after=2024-05-03 10:50:00+00:00
[2024-05-03T10:50:46.037+0000] {processor.py:183} INFO - Processing /home/airflow/.local/lib/python3.12/site-packages/airflow/example_dags/example_sla_dag.py took 0.066 seconds
[2024-05-03T10:51:16.245+0000] {processor.py:161} INFO - Started process (PID=1629) to work on /home/airflow/.local/lib/python3.12/site-packages/airflow/example_dags/example_sla_dag.py
[2024-05-03T10:51:16.246+0000] {processor.py:830} INFO - Processing file /home/airflow/.local/lib/python3.12/site-packages/airflow/example_dags/example_sla_dag.py for tasks to queue
[2024-05-03T10:51:16.248+0000] {logging_mixin.py:188} INFO - [2024-05-03T10:51:16.248+0000] {dagbag.py:540} INFO - Filling up the DagBag from /home/airflow/.local/lib/python3.12/site-packages/airflow/example_dags/example_sla_dag.py
[2024-05-03T10:51:16.255+0000] {processor.py:840} INFO - DAG(s) 'example_sla_dag' retrieved from /home/airflow/.local/lib/python3.12/site-packages/airflow/example_dags/example_sla_dag.py
[2024-05-03T10:51:16.275+0000] {logging_mixin.py:188} INFO - [2024-05-03T10:51:16.274+0000] {dag.py:3096} INFO - Sync 1 DAGs
[2024-05-03T10:51:16.298+0000] {logging_mixin.py:188} INFO - [2024-05-03T10:51:16.298+0000] {dag.py:3954} INFO - Setting next_dagrun for example_sla_dag to 2024-05-03 10:48:00+00:00, run_after=2024-05-03 10:50:00+00:00
[2024-05-03T10:51:16.313+0000] {processor.py:183} INFO - Processing /home/airflow/.local/lib/python3.12/site-packages/airflow/example_dags/example_sla_dag.py took 0.073 seconds
[2024-05-03T10:51:46.459+0000] {processor.py:161} INFO - Started process (PID=1687) to work on /home/airflow/.local/lib/python3.12/site-packages/airflow/example_dags/example_sla_dag.py
[2024-05-03T10:51:46.460+0000] {processor.py:830} INFO - Processing file /home/airflow/.local/lib/python3.12/site-packages/airflow/example_dags/example_sla_dag.py for tasks to queue
[2024-05-03T10:51:46.462+0000] {logging_mixin.py:188} INFO - [2024-05-03T10:51:46.461+0000] {dagbag.py:540} INFO - Filling up the DagBag from /home/airflow/.local/lib/python3.12/site-packages/airflow/example_dags/example_sla_dag.py
[2024-05-03T10:51:46.468+0000] {processor.py:840} INFO - DAG(s) 'example_sla_dag' retrieved from /home/airflow/.local/lib/python3.12/site-packages/airflow/example_dags/example_sla_dag.py
[2024-05-03T10:51:46.485+0000] {logging_mixin.py:188} INFO - [2024-05-03T10:51:46.485+0000] {dag.py:3096} INFO - Sync 1 DAGs
[2024-05-03T10:51:46.505+0000] {logging_mixin.py:188} INFO - [2024-05-03T10:51:46.504+0000] {dag.py:3954} INFO - Setting next_dagrun for example_sla_dag to 2024-05-03 10:48:00+00:00, run_after=2024-05-03 10:50:00+00:00
[2024-05-03T10:51:46.524+0000] {processor.py:183} INFO - Processing /home/airflow/.local/lib/python3.12/site-packages/airflow/example_dags/example_sla_dag.py took 0.069 seconds
[2024-05-03T10:52:16.742+0000] {processor.py:161} INFO - Started process (PID=1745) to work on /home/airflow/.local/lib/python3.12/site-packages/airflow/example_dags/example_sla_dag.py
[2024-05-03T10:52:16.743+0000] {processor.py:830} INFO - Processing file /home/airflow/.local/lib/python3.12/site-packages/airflow/example_dags/example_sla_dag.py for tasks to queue
[2024-05-03T10:52:16.745+0000] {logging_mixin.py:188} INFO - [2024-05-03T10:52:16.744+0000] {dagbag.py:540} INFO - Filling up the DagBag from /home/airflow/.local/lib/python3.12/site-packages/airflow/example_dags/example_sla_dag.py
[2024-05-03T10:52:16.752+0000] {processor.py:840} INFO - DAG(s) 'example_sla_dag' retrieved from /home/airflow/.local/lib/python3.12/site-packages/airflow/example_dags/example_sla_dag.py
[2024-05-03T10:52:16.770+0000] {logging_mixin.py:188} INFO - [2024-05-03T10:52:16.770+0000] {dag.py:3096} INFO - Sync 1 DAGs
[2024-05-03T10:52:16.792+0000] {logging_mixin.py:188} INFO - [2024-05-03T10:52:16.792+0000] {dag.py:3954} INFO - Setting next_dagrun for example_sla_dag to 2024-05-03 10:50:00+00:00, run_after=2024-05-03 10:52:00+00:00
[2024-05-03T10:52:16.809+0000] {processor.py:183} INFO - Processing /home/airflow/.local/lib/python3.12/site-packages/airflow/example_dags/example_sla_dag.py took 0.072 seconds
[2024-05-03T10:52:47.052+0000] {processor.py:161} INFO - Started process (PID=1803) to work on /home/airflow/.local/lib/python3.12/site-packages/airflow/example_dags/example_sla_dag.py
[2024-05-03T10:52:47.053+0000] {processor.py:830} INFO - Processing file /home/airflow/.local/lib/python3.12/site-packages/airflow/example_dags/example_sla_dag.py for tasks to queue
[2024-05-03T10:52:47.055+0000] {logging_mixin.py:188} INFO - [2024-05-03T10:52:47.055+0000] {dagbag.py:540} INFO - Filling up the DagBag from /home/airflow/.local/lib/python3.12/site-packages/airflow/example_dags/example_sla_dag.py
[2024-05-03T10:52:47.061+0000] {processor.py:840} INFO - DAG(s) 'example_sla_dag' retrieved from /home/airflow/.local/lib/python3.12/site-packages/airflow/example_dags/example_sla_dag.py
[2024-05-03T10:52:47.076+0000] {logging_mixin.py:188} INFO - [2024-05-03T10:52:47.076+0000] {dag.py:3096} INFO - Sync 1 DAGs
[2024-05-03T10:52:47.096+0000] {logging_mixin.py:188} INFO - [2024-05-03T10:52:47.096+0000] {dag.py:3954} INFO - Setting next_dagrun for example_sla_dag to 2024-05-03 10:50:00+00:00, run_after=2024-05-03 10:52:00+00:00
[2024-05-03T10:52:47.113+0000] {processor.py:183} INFO - Processing /home/airflow/.local/lib/python3.12/site-packages/airflow/example_dags/example_sla_dag.py took 0.065 seconds
[2024-05-03T10:53:17.224+0000] {processor.py:161} INFO - Started process (PID=1862) to work on /home/airflow/.local/lib/python3.12/site-packages/airflow/example_dags/example_sla_dag.py
[2024-05-03T10:53:17.225+0000] {processor.py:830} INFO - Processing file /home/airflow/.local/lib/python3.12/site-packages/airflow/example_dags/example_sla_dag.py for tasks to queue
[2024-05-03T10:53:17.226+0000] {logging_mixin.py:188} INFO - [2024-05-03T10:53:17.226+0000] {dagbag.py:540} INFO - Filling up the DagBag from /home/airflow/.local/lib/python3.12/site-packages/airflow/example_dags/example_sla_dag.py
[2024-05-03T10:53:17.233+0000] {processor.py:840} INFO - DAG(s) 'example_sla_dag' retrieved from /home/airflow/.local/lib/python3.12/site-packages/airflow/example_dags/example_sla_dag.py
[2024-05-03T10:53:17.248+0000] {logging_mixin.py:188} INFO - [2024-05-03T10:53:17.248+0000] {dag.py:3096} INFO - Sync 1 DAGs
[2024-05-03T10:53:17.267+0000] {logging_mixin.py:188} INFO - [2024-05-03T10:53:17.267+0000] {dag.py:3954} INFO - Setting next_dagrun for example_sla_dag to 2024-05-03 10:50:00+00:00, run_after=2024-05-03 10:52:00+00:00
[2024-05-03T10:53:17.282+0000] {processor.py:183} INFO - Processing /home/airflow/.local/lib/python3.12/site-packages/airflow/example_dags/example_sla_dag.py took 0.063 seconds
[2024-05-03T10:53:47.531+0000] {processor.py:161} INFO - Started process (PID=1920) to work on /home/airflow/.local/lib/python3.12/site-packages/airflow/example_dags/example_sla_dag.py
[2024-05-03T10:53:47.532+0000] {processor.py:830} INFO - Processing file /home/airflow/.local/lib/python3.12/site-packages/airflow/example_dags/example_sla_dag.py for tasks to queue
[2024-05-03T10:53:47.534+0000] {logging_mixin.py:188} INFO - [2024-05-03T10:53:47.533+0000] {dagbag.py:540} INFO - Filling up the DagBag from /home/airflow/.local/lib/python3.12/site-packages/airflow/example_dags/example_sla_dag.py
[2024-05-03T10:53:47.542+0000] {processor.py:840} INFO - DAG(s) 'example_sla_dag' retrieved from /home/airflow/.local/lib/python3.12/site-packages/airflow/example_dags/example_sla_dag.py
[2024-05-03T10:53:47.560+0000] {logging_mixin.py:188} INFO - [2024-05-03T10:53:47.560+0000] {dag.py:3096} INFO - Sync 1 DAGs
[2024-05-03T10:53:47.582+0000] {logging_mixin.py:188} INFO - [2024-05-03T10:53:47.582+0000] {dag.py:3954} INFO - Setting next_dagrun for example_sla_dag to 2024-05-03 10:50:00+00:00, run_after=2024-05-03 10:52:00+00:00
[2024-05-03T10:53:47.601+0000] {processor.py:183} INFO - Processing /home/airflow/.local/lib/python3.12/site-packages/airflow/example_dags/example_sla_dag.py took 0.076 seconds
[2024-05-03T10:54:18.090+0000] {processor.py:161} INFO - Started process (PID=1978) to work on /home/airflow/.local/lib/python3.12/site-packages/airflow/example_dags/example_sla_dag.py
[2024-05-03T10:54:18.091+0000] {processor.py:830} INFO - Processing file /home/airflow/.local/lib/python3.12/site-packages/airflow/example_dags/example_sla_dag.py for tasks to queue
[2024-05-03T10:54:18.094+0000] {logging_mixin.py:188} INFO - [2024-05-03T10:54:18.093+0000] {dagbag.py:540} INFO - Filling up the DagBag from /home/airflow/.local/lib/python3.12/site-packages/airflow/example_dags/example_sla_dag.py
[2024-05-03T10:54:18.104+0000] {processor.py:840} INFO - DAG(s) 'example_sla_dag' retrieved from /home/airflow/.local/lib/python3.12/site-packages/airflow/example_dags/example_sla_dag.py
[2024-05-03T10:54:18.122+0000] {logging_mixin.py:188} INFO - [2024-05-03T10:54:18.122+0000] {dag.py:3096} INFO - Sync 1 DAGs
[2024-05-03T10:54:18.146+0000] {logging_mixin.py:188} INFO - [2024-05-03T10:54:18.146+0000] {dag.py:3954} INFO - Setting next_dagrun for example_sla_dag to 2024-05-03 10:52:00+00:00, run_after=2024-05-03 10:54:00+00:00
[2024-05-03T10:54:18.169+0000] {processor.py:183} INFO - Processing /home/airflow/.local/lib/python3.12/site-packages/airflow/example_dags/example_sla_dag.py took 0.085 seconds
[2024-05-03T10:54:48.341+0000] {processor.py:161} INFO - Started process (PID=2036) to work on /home/airflow/.local/lib/python3.12/site-packages/airflow/example_dags/example_sla_dag.py
[2024-05-03T10:54:48.342+0000] {processor.py:830} INFO - Processing file /home/airflow/.local/lib/python3.12/site-packages/airflow/example_dags/example_sla_dag.py for tasks to queue
[2024-05-03T10:54:48.344+0000] {logging_mixin.py:188} INFO - [2024-05-03T10:54:48.343+0000] {dagbag.py:540} INFO - Filling up the DagBag from /home/airflow/.local/lib/python3.12/site-packages/airflow/example_dags/example_sla_dag.py
[2024-05-03T10:54:48.350+0000] {processor.py:840} INFO - DAG(s) 'example_sla_dag' retrieved from /home/airflow/.local/lib/python3.12/site-packages/airflow/example_dags/example_sla_dag.py
[2024-05-03T10:54:48.366+0000] {logging_mixin.py:188} INFO - [2024-05-03T10:54:48.366+0000] {dag.py:3096} INFO - Sync 1 DAGs
[2024-05-03T10:54:48.387+0000] {logging_mixin.py:188} INFO - [2024-05-03T10:54:48.386+0000] {dag.py:3954} INFO - Setting next_dagrun for example_sla_dag to 2024-05-03 10:52:00+00:00, run_after=2024-05-03 10:54:00+00:00
[2024-05-03T10:54:48.402+0000] {processor.py:183} INFO - Processing /home/airflow/.local/lib/python3.12/site-packages/airflow/example_dags/example_sla_dag.py took 0.066 seconds
[2024-05-03T10:55:18.502+0000] {processor.py:161} INFO - Started process (PID=2094) to work on /home/airflow/.local/lib/python3.12/site-packages/airflow/example_dags/example_sla_dag.py
[2024-05-03T10:55:18.503+0000] {processor.py:830} INFO - Processing file /home/airflow/.local/lib/python3.12/site-packages/airflow/example_dags/example_sla_dag.py for tasks to queue
[2024-05-03T10:55:18.504+0000] {logging_mixin.py:188} INFO - [2024-05-03T10:55:18.504+0000] {dagbag.py:540} INFO - Filling up the DagBag from /home/airflow/.local/lib/python3.12/site-packages/airflow/example_dags/example_sla_dag.py
[2024-05-03T10:55:18.511+0000] {processor.py:840} INFO - DAG(s) 'example_sla_dag' retrieved from /home/airflow/.local/lib/python3.12/site-packages/airflow/example_dags/example_sla_dag.py
[2024-05-03T10:55:18.527+0000] {logging_mixin.py:188} INFO - [2024-05-03T10:55:18.527+0000] {dag.py:3096} INFO - Sync 1 DAGs
[2024-05-03T10:55:18.548+0000] {logging_mixin.py:188} INFO - [2024-05-03T10:55:18.548+0000] {dag.py:3954} INFO - Setting next_dagrun for example_sla_dag to 2024-05-03 10:52:00+00:00, run_after=2024-05-03 10:54:00+00:00
[2024-05-03T10:55:18.564+0000] {processor.py:183} INFO - Processing /home/airflow/.local/lib/python3.12/site-packages/airflow/example_dags/example_sla_dag.py took 0.067 seconds
[2024-05-03T10:55:48.754+0000] {processor.py:161} INFO - Started process (PID=2152) to work on /home/airflow/.local/lib/python3.12/site-packages/airflow/example_dags/example_sla_dag.py
[2024-05-03T10:55:48.755+0000] {processor.py:830} INFO - Processing file /home/airflow/.local/lib/python3.12/site-packages/airflow/example_dags/example_sla_dag.py for tasks to queue
[2024-05-03T10:55:48.757+0000] {logging_mixin.py:188} INFO - [2024-05-03T10:55:48.757+0000] {dagbag.py:540} INFO - Filling up the DagBag from /home/airflow/.local/lib/python3.12/site-packages/airflow/example_dags/example_sla_dag.py
[2024-05-03T10:55:48.764+0000] {processor.py:840} INFO - DAG(s) 'example_sla_dag' retrieved from /home/airflow/.local/lib/python3.12/site-packages/airflow/example_dags/example_sla_dag.py
[2024-05-03T10:55:48.780+0000] {logging_mixin.py:188} INFO - [2024-05-03T10:55:48.779+0000] {dag.py:3096} INFO - Sync 1 DAGs
[2024-05-03T10:55:48.800+0000] {logging_mixin.py:188} INFO - [2024-05-03T10:55:48.800+0000] {dag.py:3954} INFO - Setting next_dagrun for example_sla_dag to 2024-05-03 10:52:00+00:00, run_after=2024-05-03 10:54:00+00:00
[2024-05-03T10:55:48.816+0000] {processor.py:183} INFO - Processing /home/airflow/.local/lib/python3.12/site-packages/airflow/example_dags/example_sla_dag.py took 0.067 seconds
[2024-05-03T10:56:18.972+0000] {processor.py:161} INFO - Started process (PID=2210) to work on /home/airflow/.local/lib/python3.12/site-packages/airflow/example_dags/example_sla_dag.py
[2024-05-03T10:56:18.973+0000] {processor.py:830} INFO - Processing file /home/airflow/.local/lib/python3.12/site-packages/airflow/example_dags/example_sla_dag.py for tasks to queue
[2024-05-03T10:56:18.974+0000] {logging_mixin.py:188} INFO - [2024-05-03T10:56:18.974+0000] {dagbag.py:540} INFO - Filling up the DagBag from /home/airflow/.local/lib/python3.12/site-packages/airflow/example_dags/example_sla_dag.py
[2024-05-03T10:56:18.981+0000] {processor.py:840} INFO - DAG(s) 'example_sla_dag' retrieved from /home/airflow/.local/lib/python3.12/site-packages/airflow/example_dags/example_sla_dag.py
[2024-05-03T10:56:18.997+0000] {logging_mixin.py:188} INFO - [2024-05-03T10:56:18.996+0000] {dag.py:3096} INFO - Sync 1 DAGs
[2024-05-03T10:56:19.018+0000] {logging_mixin.py:188} INFO - [2024-05-03T10:56:19.018+0000] {dag.py:3954} INFO - Setting next_dagrun for example_sla_dag to 2024-05-03 10:54:00+00:00, run_after=2024-05-03 10:56:00+00:00
[2024-05-03T10:56:19.034+0000] {processor.py:183} INFO - Processing /home/airflow/.local/lib/python3.12/site-packages/airflow/example_dags/example_sla_dag.py took 0.067 seconds
[2024-05-03T10:56:49.174+0000] {processor.py:161} INFO - Started process (PID=2268) to work on /home/airflow/.local/lib/python3.12/site-packages/airflow/example_dags/example_sla_dag.py
[2024-05-03T10:56:49.175+0000] {processor.py:830} INFO - Processing file /home/airflow/.local/lib/python3.12/site-packages/airflow/example_dags/example_sla_dag.py for tasks to queue
[2024-05-03T10:56:49.177+0000] {logging_mixin.py:188} INFO - [2024-05-03T10:56:49.177+0000] {dagbag.py:540} INFO - Filling up the DagBag from /home/airflow/.local/lib/python3.12/site-packages/airflow/example_dags/example_sla_dag.py
[2024-05-03T10:56:49.184+0000] {processor.py:840} INFO - DAG(s) 'example_sla_dag' retrieved from /home/airflow/.local/lib/python3.12/site-packages/airflow/example_dags/example_sla_dag.py
[2024-05-03T10:56:49.199+0000] {logging_mixin.py:188} INFO - [2024-05-03T10:56:49.199+0000] {dag.py:3096} INFO - Sync 1 DAGs
[2024-05-03T10:56:49.220+0000] {logging_mixin.py:188} INFO - [2024-05-03T10:56:49.220+0000] {dag.py:3954} INFO - Setting next_dagrun for example_sla_dag to 2024-05-03 10:54:00+00:00, run_after=2024-05-03 10:56:00+00:00
[2024-05-03T10:56:49.236+0000] {processor.py:183} INFO - Processing /home/airflow/.local/lib/python3.12/site-packages/airflow/example_dags/example_sla_dag.py took 0.067 seconds
[2024-05-03T10:57:19.329+0000] {processor.py:161} INFO - Started process (PID=2326) to work on /home/airflow/.local/lib/python3.12/site-packages/airflow/example_dags/example_sla_dag.py
[2024-05-03T10:57:19.330+0000] {processor.py:830} INFO - Processing file /home/airflow/.local/lib/python3.12/site-packages/airflow/example_dags/example_sla_dag.py for tasks to queue
[2024-05-03T10:57:19.332+0000] {logging_mixin.py:188} INFO - [2024-05-03T10:57:19.331+0000] {dagbag.py:540} INFO - Filling up the DagBag from /home/airflow/.local/lib/python3.12/site-packages/airflow/example_dags/example_sla_dag.py
[2024-05-03T10:57:19.338+0000] {processor.py:840} INFO - DAG(s) 'example_sla_dag' retrieved from /home/airflow/.local/lib/python3.12/site-packages/airflow/example_dags/example_sla_dag.py
[2024-05-03T10:57:19.353+0000] {logging_mixin.py:188} INFO - [2024-05-03T10:57:19.353+0000] {dag.py:3096} INFO - Sync 1 DAGs
[2024-05-03T10:57:19.373+0000] {logging_mixin.py:188} INFO - [2024-05-03T10:57:19.372+0000] {dag.py:3954} INFO - Setting next_dagrun for example_sla_dag to 2024-05-03 10:54:00+00:00, run_after=2024-05-03 10:56:00+00:00
[2024-05-03T10:57:19.392+0000] {processor.py:183} INFO - Processing /home/airflow/.local/lib/python3.12/site-packages/airflow/example_dags/example_sla_dag.py took 0.068 seconds
[2024-05-03T10:57:49.554+0000] {processor.py:161} INFO - Started process (PID=2384) to work on /home/airflow/.local/lib/python3.12/site-packages/airflow/example_dags/example_sla_dag.py
[2024-05-03T10:57:49.555+0000] {processor.py:830} INFO - Processing file /home/airflow/.local/lib/python3.12/site-packages/airflow/example_dags/example_sla_dag.py for tasks to queue
[2024-05-03T10:57:49.556+0000] {logging_mixin.py:188} INFO - [2024-05-03T10:57:49.556+0000] {dagbag.py:540} INFO - Filling up the DagBag from /home/airflow/.local/lib/python3.12/site-packages/airflow/example_dags/example_sla_dag.py
[2024-05-03T10:57:49.563+0000] {processor.py:840} INFO - DAG(s) 'example_sla_dag' retrieved from /home/airflow/.local/lib/python3.12/site-packages/airflow/example_dags/example_sla_dag.py
[2024-05-03T10:57:49.579+0000] {logging_mixin.py:188} INFO - [2024-05-03T10:57:49.579+0000] {dag.py:3096} INFO - Sync 1 DAGs
[2024-05-03T10:57:49.600+0000] {logging_mixin.py:188} INFO - [2024-05-03T10:57:49.600+0000] {dag.py:3954} INFO - Setting next_dagrun for example_sla_dag to 2024-05-03 10:54:00+00:00, run_after=2024-05-03 10:56:00+00:00
[2024-05-03T10:57:49.615+0000] {processor.py:183} INFO - Processing /home/airflow/.local/lib/python3.12/site-packages/airflow/example_dags/example_sla_dag.py took 0.067 seconds
[2024-05-03T10:58:19.768+0000] {processor.py:161} INFO - Started process (PID=2443) to work on /home/airflow/.local/lib/python3.12/site-packages/airflow/example_dags/example_sla_dag.py
[2024-05-03T10:58:19.769+0000] {processor.py:830} INFO - Processing file /home/airflow/.local/lib/python3.12/site-packages/airflow/example_dags/example_sla_dag.py for tasks to queue
[2024-05-03T10:58:19.771+0000] {logging_mixin.py:188} INFO - [2024-05-03T10:58:19.770+0000] {dagbag.py:540} INFO - Filling up the DagBag from /home/airflow/.local/lib/python3.12/site-packages/airflow/example_dags/example_sla_dag.py
[2024-05-03T10:58:19.778+0000] {processor.py:840} INFO - DAG(s) 'example_sla_dag' retrieved from /home/airflow/.local/lib/python3.12/site-packages/airflow/example_dags/example_sla_dag.py
[2024-05-03T10:58:19.793+0000] {logging_mixin.py:188} INFO - [2024-05-03T10:58:19.793+0000] {dag.py:3096} INFO - Sync 1 DAGs
[2024-05-03T10:58:19.813+0000] {logging_mixin.py:188} INFO - [2024-05-03T10:58:19.813+0000] {dag.py:3954} INFO - Setting next_dagrun for example_sla_dag to 2024-05-03 10:56:00+00:00, run_after=2024-05-03 10:58:00+00:00
[2024-05-03T10:58:19.831+0000] {processor.py:183} INFO - Processing /home/airflow/.local/lib/python3.12/site-packages/airflow/example_dags/example_sla_dag.py took 0.068 seconds
