[2024-05-03T10:37:33.684+0000] {processor.py:161} INFO - Started process (PID=58) to work on /home/airflow/.local/lib/python3.12/site-packages/airflow/example_dags/example_task_group.py
[2024-05-03T10:37:33.687+0000] {processor.py:830} INFO - Processing file /home/airflow/.local/lib/python3.12/site-packages/airflow/example_dags/example_task_group.py for tasks to queue
[2024-05-03T10:37:33.690+0000] {logging_mixin.py:188} INFO - [2024-05-03T10:37:33.689+0000] {dagbag.py:540} INFO - Filling up the DagBag from /home/airflow/.local/lib/python3.12/site-packages/airflow/example_dags/example_task_group.py
[2024-05-03T10:37:33.696+0000] {processor.py:840} INFO - DAG(s) 'example_task_group' retrieved from /home/airflow/.local/lib/python3.12/site-packages/airflow/example_dags/example_task_group.py
[2024-05-03T10:37:33.812+0000] {logging_mixin.py:188} INFO - [2024-05-03T10:37:33.812+0000] {dag.py:3096} INFO - Sync 1 DAGs
[2024-05-03T10:37:33.834+0000] {logging_mixin.py:188} INFO - [2024-05-03T10:37:33.834+0000] {dag.py:3954} INFO - Setting next_dagrun for example_task_group to 2024-05-02 00:00:00+00:00, run_after=2024-05-03 00:00:00+00:00
[2024-05-03T10:37:33.851+0000] {processor.py:183} INFO - Processing /home/airflow/.local/lib/python3.12/site-packages/airflow/example_dags/example_task_group.py took 0.174 seconds
[2024-05-03T10:38:04.296+0000] {processor.py:161} INFO - Started process (PID=116) to work on /home/airflow/.local/lib/python3.12/site-packages/airflow/example_dags/example_task_group.py
[2024-05-03T10:38:04.297+0000] {processor.py:830} INFO - Processing file /home/airflow/.local/lib/python3.12/site-packages/airflow/example_dags/example_task_group.py for tasks to queue
[2024-05-03T10:38:04.299+0000] {logging_mixin.py:188} INFO - [2024-05-03T10:38:04.299+0000] {dagbag.py:540} INFO - Filling up the DagBag from /home/airflow/.local/lib/python3.12/site-packages/airflow/example_dags/example_task_group.py
[2024-05-03T10:38:04.305+0000] {processor.py:840} INFO - DAG(s) 'example_task_group' retrieved from /home/airflow/.local/lib/python3.12/site-packages/airflow/example_dags/example_task_group.py
[2024-05-03T10:38:04.323+0000] {logging_mixin.py:188} INFO - [2024-05-03T10:38:04.322+0000] {dag.py:3096} INFO - Sync 1 DAGs
[2024-05-03T10:38:04.341+0000] {logging_mixin.py:188} INFO - [2024-05-03T10:38:04.341+0000] {dag.py:3954} INFO - Setting next_dagrun for example_task_group to 2024-05-02 00:00:00+00:00, run_after=2024-05-03 00:00:00+00:00
[2024-05-03T10:38:04.356+0000] {processor.py:183} INFO - Processing /home/airflow/.local/lib/python3.12/site-packages/airflow/example_dags/example_task_group.py took 0.065 seconds
[2024-05-03T10:38:35.163+0000] {processor.py:161} INFO - Started process (PID=174) to work on /home/airflow/.local/lib/python3.12/site-packages/airflow/example_dags/example_task_group.py
[2024-05-03T10:38:35.165+0000] {processor.py:830} INFO - Processing file /home/airflow/.local/lib/python3.12/site-packages/airflow/example_dags/example_task_group.py for tasks to queue
[2024-05-03T10:38:35.168+0000] {logging_mixin.py:188} INFO - [2024-05-03T10:38:35.168+0000] {dagbag.py:540} INFO - Filling up the DagBag from /home/airflow/.local/lib/python3.12/site-packages/airflow/example_dags/example_task_group.py
[2024-05-03T10:38:35.178+0000] {processor.py:840} INFO - DAG(s) 'example_task_group' retrieved from /home/airflow/.local/lib/python3.12/site-packages/airflow/example_dags/example_task_group.py
[2024-05-03T10:38:35.212+0000] {logging_mixin.py:188} INFO - [2024-05-03T10:38:35.212+0000] {dag.py:3096} INFO - Sync 1 DAGs
[2024-05-03T10:38:35.249+0000] {logging_mixin.py:188} INFO - [2024-05-03T10:38:35.248+0000] {dag.py:3954} INFO - Setting next_dagrun for example_task_group to 2024-05-02 00:00:00+00:00, run_after=2024-05-03 00:00:00+00:00
[2024-05-03T10:38:35.285+0000] {processor.py:183} INFO - Processing /home/airflow/.local/lib/python3.12/site-packages/airflow/example_dags/example_task_group.py took 0.129 seconds
[2024-05-03T10:39:05.384+0000] {processor.py:161} INFO - Started process (PID=232) to work on /home/airflow/.local/lib/python3.12/site-packages/airflow/example_dags/example_task_group.py
[2024-05-03T10:39:05.385+0000] {processor.py:830} INFO - Processing file /home/airflow/.local/lib/python3.12/site-packages/airflow/example_dags/example_task_group.py for tasks to queue
[2024-05-03T10:39:05.387+0000] {logging_mixin.py:188} INFO - [2024-05-03T10:39:05.386+0000] {dagbag.py:540} INFO - Filling up the DagBag from /home/airflow/.local/lib/python3.12/site-packages/airflow/example_dags/example_task_group.py
[2024-05-03T10:39:05.392+0000] {processor.py:840} INFO - DAG(s) 'example_task_group' retrieved from /home/airflow/.local/lib/python3.12/site-packages/airflow/example_dags/example_task_group.py
[2024-05-03T10:39:05.408+0000] {logging_mixin.py:188} INFO - [2024-05-03T10:39:05.408+0000] {dag.py:3096} INFO - Sync 1 DAGs
[2024-05-03T10:39:05.425+0000] {logging_mixin.py:188} INFO - [2024-05-03T10:39:05.425+0000] {dag.py:3954} INFO - Setting next_dagrun for example_task_group to 2024-05-02 00:00:00+00:00, run_after=2024-05-03 00:00:00+00:00
[2024-05-03T10:39:05.440+0000] {processor.py:183} INFO - Processing /home/airflow/.local/lib/python3.12/site-packages/airflow/example_dags/example_task_group.py took 0.060 seconds
[2024-05-03T10:39:36.011+0000] {processor.py:161} INFO - Started process (PID=290) to work on /home/airflow/.local/lib/python3.12/site-packages/airflow/example_dags/example_task_group.py
[2024-05-03T10:39:36.012+0000] {processor.py:830} INFO - Processing file /home/airflow/.local/lib/python3.12/site-packages/airflow/example_dags/example_task_group.py for tasks to queue
[2024-05-03T10:39:36.014+0000] {logging_mixin.py:188} INFO - [2024-05-03T10:39:36.013+0000] {dagbag.py:540} INFO - Filling up the DagBag from /home/airflow/.local/lib/python3.12/site-packages/airflow/example_dags/example_task_group.py
[2024-05-03T10:39:36.020+0000] {processor.py:840} INFO - DAG(s) 'example_task_group' retrieved from /home/airflow/.local/lib/python3.12/site-packages/airflow/example_dags/example_task_group.py
[2024-05-03T10:39:36.041+0000] {logging_mixin.py:188} INFO - [2024-05-03T10:39:36.041+0000] {dag.py:3096} INFO - Sync 1 DAGs
[2024-05-03T10:39:36.061+0000] {logging_mixin.py:188} INFO - [2024-05-03T10:39:36.061+0000] {dag.py:3954} INFO - Setting next_dagrun for example_task_group to 2024-05-02 00:00:00+00:00, run_after=2024-05-03 00:00:00+00:00
[2024-05-03T10:39:36.078+0000] {processor.py:183} INFO - Processing /home/airflow/.local/lib/python3.12/site-packages/airflow/example_dags/example_task_group.py took 0.072 seconds
[2024-05-03T10:40:06.517+0000] {processor.py:161} INFO - Started process (PID=348) to work on /home/airflow/.local/lib/python3.12/site-packages/airflow/example_dags/example_task_group.py
[2024-05-03T10:40:06.519+0000] {processor.py:830} INFO - Processing file /home/airflow/.local/lib/python3.12/site-packages/airflow/example_dags/example_task_group.py for tasks to queue
[2024-05-03T10:40:06.521+0000] {logging_mixin.py:188} INFO - [2024-05-03T10:40:06.521+0000] {dagbag.py:540} INFO - Filling up the DagBag from /home/airflow/.local/lib/python3.12/site-packages/airflow/example_dags/example_task_group.py
[2024-05-03T10:40:06.528+0000] {processor.py:840} INFO - DAG(s) 'example_task_group' retrieved from /home/airflow/.local/lib/python3.12/site-packages/airflow/example_dags/example_task_group.py
[2024-05-03T10:40:06.546+0000] {logging_mixin.py:188} INFO - [2024-05-03T10:40:06.546+0000] {dag.py:3096} INFO - Sync 1 DAGs
[2024-05-03T10:40:06.566+0000] {logging_mixin.py:188} INFO - [2024-05-03T10:40:06.565+0000] {dag.py:3954} INFO - Setting next_dagrun for example_task_group to 2024-05-02 00:00:00+00:00, run_after=2024-05-03 00:00:00+00:00
[2024-05-03T10:40:06.583+0000] {processor.py:183} INFO - Processing /home/airflow/.local/lib/python3.12/site-packages/airflow/example_dags/example_task_group.py took 0.070 seconds
[2024-05-03T10:40:36.978+0000] {processor.py:161} INFO - Started process (PID=406) to work on /home/airflow/.local/lib/python3.12/site-packages/airflow/example_dags/example_task_group.py
[2024-05-03T10:40:36.979+0000] {processor.py:830} INFO - Processing file /home/airflow/.local/lib/python3.12/site-packages/airflow/example_dags/example_task_group.py for tasks to queue
[2024-05-03T10:40:36.980+0000] {logging_mixin.py:188} INFO - [2024-05-03T10:40:36.980+0000] {dagbag.py:540} INFO - Filling up the DagBag from /home/airflow/.local/lib/python3.12/site-packages/airflow/example_dags/example_task_group.py
[2024-05-03T10:40:36.986+0000] {processor.py:840} INFO - DAG(s) 'example_task_group' retrieved from /home/airflow/.local/lib/python3.12/site-packages/airflow/example_dags/example_task_group.py
[2024-05-03T10:40:37.002+0000] {logging_mixin.py:188} INFO - [2024-05-03T10:40:37.002+0000] {dag.py:3096} INFO - Sync 1 DAGs
[2024-05-03T10:40:37.023+0000] {logging_mixin.py:188} INFO - [2024-05-03T10:40:37.023+0000] {dag.py:3954} INFO - Setting next_dagrun for example_task_group to 2024-05-02 00:00:00+00:00, run_after=2024-05-03 00:00:00+00:00
[2024-05-03T10:40:37.052+0000] {processor.py:183} INFO - Processing /home/airflow/.local/lib/python3.12/site-packages/airflow/example_dags/example_task_group.py took 0.079 seconds
[2024-05-03T10:41:07.614+0000] {processor.py:161} INFO - Started process (PID=464) to work on /home/airflow/.local/lib/python3.12/site-packages/airflow/example_dags/example_task_group.py
[2024-05-03T10:41:07.615+0000] {processor.py:830} INFO - Processing file /home/airflow/.local/lib/python3.12/site-packages/airflow/example_dags/example_task_group.py for tasks to queue
[2024-05-03T10:41:07.616+0000] {logging_mixin.py:188} INFO - [2024-05-03T10:41:07.616+0000] {dagbag.py:540} INFO - Filling up the DagBag from /home/airflow/.local/lib/python3.12/site-packages/airflow/example_dags/example_task_group.py
[2024-05-03T10:41:07.622+0000] {processor.py:840} INFO - DAG(s) 'example_task_group' retrieved from /home/airflow/.local/lib/python3.12/site-packages/airflow/example_dags/example_task_group.py
[2024-05-03T10:41:07.643+0000] {logging_mixin.py:188} INFO - [2024-05-03T10:41:07.643+0000] {dag.py:3096} INFO - Sync 1 DAGs
[2024-05-03T10:41:07.661+0000] {logging_mixin.py:188} INFO - [2024-05-03T10:41:07.661+0000] {dag.py:3954} INFO - Setting next_dagrun for example_task_group to 2024-05-02 00:00:00+00:00, run_after=2024-05-03 00:00:00+00:00
[2024-05-03T10:41:07.678+0000] {processor.py:183} INFO - Processing /home/airflow/.local/lib/python3.12/site-packages/airflow/example_dags/example_task_group.py took 0.069 seconds
[2024-05-03T10:41:38.102+0000] {processor.py:161} INFO - Started process (PID=522) to work on /home/airflow/.local/lib/python3.12/site-packages/airflow/example_dags/example_task_group.py
[2024-05-03T10:41:38.103+0000] {processor.py:830} INFO - Processing file /home/airflow/.local/lib/python3.12/site-packages/airflow/example_dags/example_task_group.py for tasks to queue
[2024-05-03T10:41:38.105+0000] {logging_mixin.py:188} INFO - [2024-05-03T10:41:38.105+0000] {dagbag.py:540} INFO - Filling up the DagBag from /home/airflow/.local/lib/python3.12/site-packages/airflow/example_dags/example_task_group.py
[2024-05-03T10:41:38.111+0000] {processor.py:840} INFO - DAG(s) 'example_task_group' retrieved from /home/airflow/.local/lib/python3.12/site-packages/airflow/example_dags/example_task_group.py
[2024-05-03T10:41:38.138+0000] {logging_mixin.py:188} INFO - [2024-05-03T10:41:38.138+0000] {dag.py:3096} INFO - Sync 1 DAGs
[2024-05-03T10:41:38.159+0000] {logging_mixin.py:188} INFO - [2024-05-03T10:41:38.159+0000] {dag.py:3954} INFO - Setting next_dagrun for example_task_group to 2024-05-02 00:00:00+00:00, run_after=2024-05-03 00:00:00+00:00
[2024-05-03T10:41:38.179+0000] {processor.py:183} INFO - Processing /home/airflow/.local/lib/python3.12/site-packages/airflow/example_dags/example_task_group.py took 0.082 seconds
[2024-05-03T10:42:08.621+0000] {processor.py:161} INFO - Started process (PID=580) to work on /home/airflow/.local/lib/python3.12/site-packages/airflow/example_dags/example_task_group.py
[2024-05-03T10:42:08.622+0000] {processor.py:830} INFO - Processing file /home/airflow/.local/lib/python3.12/site-packages/airflow/example_dags/example_task_group.py for tasks to queue
[2024-05-03T10:42:08.624+0000] {logging_mixin.py:188} INFO - [2024-05-03T10:42:08.623+0000] {dagbag.py:540} INFO - Filling up the DagBag from /home/airflow/.local/lib/python3.12/site-packages/airflow/example_dags/example_task_group.py
[2024-05-03T10:42:08.629+0000] {processor.py:840} INFO - DAG(s) 'example_task_group' retrieved from /home/airflow/.local/lib/python3.12/site-packages/airflow/example_dags/example_task_group.py
[2024-05-03T10:42:08.646+0000] {logging_mixin.py:188} INFO - [2024-05-03T10:42:08.645+0000] {dag.py:3096} INFO - Sync 1 DAGs
[2024-05-03T10:42:08.663+0000] {logging_mixin.py:188} INFO - [2024-05-03T10:42:08.663+0000] {dag.py:3954} INFO - Setting next_dagrun for example_task_group to 2024-05-02 00:00:00+00:00, run_after=2024-05-03 00:00:00+00:00
[2024-05-03T10:42:08.678+0000] {processor.py:183} INFO - Processing /home/airflow/.local/lib/python3.12/site-packages/airflow/example_dags/example_task_group.py took 0.061 seconds
[2024-05-03T10:42:39.436+0000] {processor.py:161} INFO - Started process (PID=638) to work on /home/airflow/.local/lib/python3.12/site-packages/airflow/example_dags/example_task_group.py
[2024-05-03T10:42:39.437+0000] {processor.py:830} INFO - Processing file /home/airflow/.local/lib/python3.12/site-packages/airflow/example_dags/example_task_group.py for tasks to queue
[2024-05-03T10:42:39.438+0000] {logging_mixin.py:188} INFO - [2024-05-03T10:42:39.438+0000] {dagbag.py:540} INFO - Filling up the DagBag from /home/airflow/.local/lib/python3.12/site-packages/airflow/example_dags/example_task_group.py
[2024-05-03T10:42:39.444+0000] {processor.py:840} INFO - DAG(s) 'example_task_group' retrieved from /home/airflow/.local/lib/python3.12/site-packages/airflow/example_dags/example_task_group.py
[2024-05-03T10:42:39.465+0000] {logging_mixin.py:188} INFO - [2024-05-03T10:42:39.464+0000] {dag.py:3096} INFO - Sync 1 DAGs
[2024-05-03T10:42:39.486+0000] {logging_mixin.py:188} INFO - [2024-05-03T10:42:39.486+0000] {dag.py:3954} INFO - Setting next_dagrun for example_task_group to 2024-05-02 00:00:00+00:00, run_after=2024-05-03 00:00:00+00:00
[2024-05-03T10:42:39.506+0000] {processor.py:183} INFO - Processing /home/airflow/.local/lib/python3.12/site-packages/airflow/example_dags/example_task_group.py took 0.075 seconds
[2024-05-03T10:43:09.750+0000] {processor.py:161} INFO - Started process (PID=696) to work on /home/airflow/.local/lib/python3.12/site-packages/airflow/example_dags/example_task_group.py
[2024-05-03T10:43:09.751+0000] {processor.py:830} INFO - Processing file /home/airflow/.local/lib/python3.12/site-packages/airflow/example_dags/example_task_group.py for tasks to queue
[2024-05-03T10:43:09.753+0000] {logging_mixin.py:188} INFO - [2024-05-03T10:43:09.753+0000] {dagbag.py:540} INFO - Filling up the DagBag from /home/airflow/.local/lib/python3.12/site-packages/airflow/example_dags/example_task_group.py
[2024-05-03T10:43:09.759+0000] {processor.py:840} INFO - DAG(s) 'example_task_group' retrieved from /home/airflow/.local/lib/python3.12/site-packages/airflow/example_dags/example_task_group.py
[2024-05-03T10:43:09.778+0000] {logging_mixin.py:188} INFO - [2024-05-03T10:43:09.778+0000] {dag.py:3096} INFO - Sync 1 DAGs
[2024-05-03T10:43:09.798+0000] {logging_mixin.py:188} INFO - [2024-05-03T10:43:09.797+0000] {dag.py:3954} INFO - Setting next_dagrun for example_task_group to 2024-05-02 00:00:00+00:00, run_after=2024-05-03 00:00:00+00:00
[2024-05-03T10:43:09.816+0000] {processor.py:183} INFO - Processing /home/airflow/.local/lib/python3.12/site-packages/airflow/example_dags/example_task_group.py took 0.071 seconds
[2024-05-03T10:43:40.063+0000] {processor.py:161} INFO - Started process (PID=754) to work on /home/airflow/.local/lib/python3.12/site-packages/airflow/example_dags/example_task_group.py
[2024-05-03T10:43:40.064+0000] {processor.py:830} INFO - Processing file /home/airflow/.local/lib/python3.12/site-packages/airflow/example_dags/example_task_group.py for tasks to queue
[2024-05-03T10:43:40.065+0000] {logging_mixin.py:188} INFO - [2024-05-03T10:43:40.065+0000] {dagbag.py:540} INFO - Filling up the DagBag from /home/airflow/.local/lib/python3.12/site-packages/airflow/example_dags/example_task_group.py
[2024-05-03T10:43:40.071+0000] {processor.py:840} INFO - DAG(s) 'example_task_group' retrieved from /home/airflow/.local/lib/python3.12/site-packages/airflow/example_dags/example_task_group.py
[2024-05-03T10:43:40.088+0000] {logging_mixin.py:188} INFO - [2024-05-03T10:43:40.087+0000] {dag.py:3096} INFO - Sync 1 DAGs
[2024-05-03T10:43:40.104+0000] {logging_mixin.py:188} INFO - [2024-05-03T10:43:40.104+0000] {dag.py:3954} INFO - Setting next_dagrun for example_task_group to 2024-05-02 00:00:00+00:00, run_after=2024-05-03 00:00:00+00:00
[2024-05-03T10:43:40.118+0000] {processor.py:183} INFO - Processing /home/airflow/.local/lib/python3.12/site-packages/airflow/example_dags/example_task_group.py took 0.060 seconds
[2024-05-03T10:44:10.455+0000] {processor.py:161} INFO - Started process (PID=812) to work on /home/airflow/.local/lib/python3.12/site-packages/airflow/example_dags/example_task_group.py
[2024-05-03T10:44:10.456+0000] {processor.py:830} INFO - Processing file /home/airflow/.local/lib/python3.12/site-packages/airflow/example_dags/example_task_group.py for tasks to queue
[2024-05-03T10:44:10.458+0000] {logging_mixin.py:188} INFO - [2024-05-03T10:44:10.457+0000] {dagbag.py:540} INFO - Filling up the DagBag from /home/airflow/.local/lib/python3.12/site-packages/airflow/example_dags/example_task_group.py
[2024-05-03T10:44:10.463+0000] {processor.py:840} INFO - DAG(s) 'example_task_group' retrieved from /home/airflow/.local/lib/python3.12/site-packages/airflow/example_dags/example_task_group.py
[2024-05-03T10:44:10.479+0000] {logging_mixin.py:188} INFO - [2024-05-03T10:44:10.479+0000] {dag.py:3096} INFO - Sync 1 DAGs
[2024-05-03T10:44:10.497+0000] {logging_mixin.py:188} INFO - [2024-05-03T10:44:10.497+0000] {dag.py:3954} INFO - Setting next_dagrun for example_task_group to 2024-05-02 00:00:00+00:00, run_after=2024-05-03 00:00:00+00:00
[2024-05-03T10:44:10.513+0000] {processor.py:183} INFO - Processing /home/airflow/.local/lib/python3.12/site-packages/airflow/example_dags/example_task_group.py took 0.063 seconds
[2024-05-03T10:44:40.724+0000] {processor.py:161} INFO - Started process (PID=870) to work on /home/airflow/.local/lib/python3.12/site-packages/airflow/example_dags/example_task_group.py
[2024-05-03T10:44:40.725+0000] {processor.py:830} INFO - Processing file /home/airflow/.local/lib/python3.12/site-packages/airflow/example_dags/example_task_group.py for tasks to queue
[2024-05-03T10:44:40.726+0000] {logging_mixin.py:188} INFO - [2024-05-03T10:44:40.726+0000] {dagbag.py:540} INFO - Filling up the DagBag from /home/airflow/.local/lib/python3.12/site-packages/airflow/example_dags/example_task_group.py
[2024-05-03T10:44:40.733+0000] {processor.py:840} INFO - DAG(s) 'example_task_group' retrieved from /home/airflow/.local/lib/python3.12/site-packages/airflow/example_dags/example_task_group.py
[2024-05-03T10:44:40.753+0000] {logging_mixin.py:188} INFO - [2024-05-03T10:44:40.753+0000] {dag.py:3096} INFO - Sync 1 DAGs
[2024-05-03T10:44:40.779+0000] {logging_mixin.py:188} INFO - [2024-05-03T10:44:40.779+0000] {dag.py:3954} INFO - Setting next_dagrun for example_task_group to 2024-05-02 00:00:00+00:00, run_after=2024-05-03 00:00:00+00:00
[2024-05-03T10:44:40.797+0000] {processor.py:183} INFO - Processing /home/airflow/.local/lib/python3.12/site-packages/airflow/example_dags/example_task_group.py took 0.078 seconds
[2024-05-03T10:45:11.102+0000] {processor.py:161} INFO - Started process (PID=928) to work on /home/airflow/.local/lib/python3.12/site-packages/airflow/example_dags/example_task_group.py
[2024-05-03T10:45:11.103+0000] {processor.py:830} INFO - Processing file /home/airflow/.local/lib/python3.12/site-packages/airflow/example_dags/example_task_group.py for tasks to queue
[2024-05-03T10:45:11.105+0000] {logging_mixin.py:188} INFO - [2024-05-03T10:45:11.104+0000] {dagbag.py:540} INFO - Filling up the DagBag from /home/airflow/.local/lib/python3.12/site-packages/airflow/example_dags/example_task_group.py
[2024-05-03T10:45:11.111+0000] {processor.py:840} INFO - DAG(s) 'example_task_group' retrieved from /home/airflow/.local/lib/python3.12/site-packages/airflow/example_dags/example_task_group.py
[2024-05-03T10:45:11.129+0000] {logging_mixin.py:188} INFO - [2024-05-03T10:45:11.129+0000] {dag.py:3096} INFO - Sync 1 DAGs
[2024-05-03T10:45:11.147+0000] {logging_mixin.py:188} INFO - [2024-05-03T10:45:11.147+0000] {dag.py:3954} INFO - Setting next_dagrun for example_task_group to 2024-05-02 00:00:00+00:00, run_after=2024-05-03 00:00:00+00:00
[2024-05-03T10:45:11.164+0000] {processor.py:183} INFO - Processing /home/airflow/.local/lib/python3.12/site-packages/airflow/example_dags/example_task_group.py took 0.067 seconds
[2024-05-03T10:45:41.936+0000] {processor.py:161} INFO - Started process (PID=987) to work on /home/airflow/.local/lib/python3.12/site-packages/airflow/example_dags/example_task_group.py
[2024-05-03T10:45:41.937+0000] {processor.py:830} INFO - Processing file /home/airflow/.local/lib/python3.12/site-packages/airflow/example_dags/example_task_group.py for tasks to queue
[2024-05-03T10:45:41.939+0000] {logging_mixin.py:188} INFO - [2024-05-03T10:45:41.938+0000] {dagbag.py:540} INFO - Filling up the DagBag from /home/airflow/.local/lib/python3.12/site-packages/airflow/example_dags/example_task_group.py
[2024-05-03T10:45:41.947+0000] {processor.py:840} INFO - DAG(s) 'example_task_group' retrieved from /home/airflow/.local/lib/python3.12/site-packages/airflow/example_dags/example_task_group.py
[2024-05-03T10:45:41.980+0000] {logging_mixin.py:188} INFO - [2024-05-03T10:45:41.979+0000] {dag.py:3096} INFO - Sync 1 DAGs
[2024-05-03T10:45:42.019+0000] {logging_mixin.py:188} INFO - [2024-05-03T10:45:42.019+0000] {dag.py:3954} INFO - Setting next_dagrun for example_task_group to 2024-05-02 00:00:00+00:00, run_after=2024-05-03 00:00:00+00:00
[2024-05-03T10:45:42.054+0000] {processor.py:183} INFO - Processing /home/airflow/.local/lib/python3.12/site-packages/airflow/example_dags/example_task_group.py took 0.124 seconds
[2024-05-03T10:46:12.886+0000] {processor.py:161} INFO - Started process (PID=1045) to work on /home/airflow/.local/lib/python3.12/site-packages/airflow/example_dags/example_task_group.py
[2024-05-03T10:46:12.887+0000] {processor.py:830} INFO - Processing file /home/airflow/.local/lib/python3.12/site-packages/airflow/example_dags/example_task_group.py for tasks to queue
[2024-05-03T10:46:12.889+0000] {logging_mixin.py:188} INFO - [2024-05-03T10:46:12.889+0000] {dagbag.py:540} INFO - Filling up the DagBag from /home/airflow/.local/lib/python3.12/site-packages/airflow/example_dags/example_task_group.py
[2024-05-03T10:46:12.894+0000] {processor.py:840} INFO - DAG(s) 'example_task_group' retrieved from /home/airflow/.local/lib/python3.12/site-packages/airflow/example_dags/example_task_group.py
[2024-05-03T10:46:12.912+0000] {logging_mixin.py:188} INFO - [2024-05-03T10:46:12.912+0000] {dag.py:3096} INFO - Sync 1 DAGs
[2024-05-03T10:46:12.929+0000] {logging_mixin.py:188} INFO - [2024-05-03T10:46:12.929+0000] {dag.py:3954} INFO - Setting next_dagrun for example_task_group to 2024-05-02 00:00:00+00:00, run_after=2024-05-03 00:00:00+00:00
[2024-05-03T10:46:12.947+0000] {processor.py:183} INFO - Processing /home/airflow/.local/lib/python3.12/site-packages/airflow/example_dags/example_task_group.py took 0.066 seconds
[2024-05-03T10:46:42.998+0000] {processor.py:161} INFO - Started process (PID=1102) to work on /home/airflow/.local/lib/python3.12/site-packages/airflow/example_dags/example_task_group.py
[2024-05-03T10:46:42.998+0000] {processor.py:830} INFO - Processing file /home/airflow/.local/lib/python3.12/site-packages/airflow/example_dags/example_task_group.py for tasks to queue
[2024-05-03T10:46:43.000+0000] {logging_mixin.py:188} INFO - [2024-05-03T10:46:43.000+0000] {dagbag.py:540} INFO - Filling up the DagBag from /home/airflow/.local/lib/python3.12/site-packages/airflow/example_dags/example_task_group.py
[2024-05-03T10:46:43.006+0000] {processor.py:840} INFO - DAG(s) 'example_task_group' retrieved from /home/airflow/.local/lib/python3.12/site-packages/airflow/example_dags/example_task_group.py
[2024-05-03T10:46:43.025+0000] {logging_mixin.py:188} INFO - [2024-05-03T10:46:43.025+0000] {dag.py:3096} INFO - Sync 1 DAGs
[2024-05-03T10:46:43.045+0000] {logging_mixin.py:188} INFO - [2024-05-03T10:46:43.045+0000] {dag.py:3954} INFO - Setting next_dagrun for example_task_group to 2024-05-02 00:00:00+00:00, run_after=2024-05-03 00:00:00+00:00
[2024-05-03T10:46:43.196+0000] {processor.py:183} INFO - Processing /home/airflow/.local/lib/python3.12/site-packages/airflow/example_dags/example_task_group.py took 0.203 seconds
[2024-05-03T10:47:13.989+0000] {processor.py:161} INFO - Started process (PID=1161) to work on /home/airflow/.local/lib/python3.12/site-packages/airflow/example_dags/example_task_group.py
[2024-05-03T10:47:13.990+0000] {processor.py:830} INFO - Processing file /home/airflow/.local/lib/python3.12/site-packages/airflow/example_dags/example_task_group.py for tasks to queue
[2024-05-03T10:47:13.991+0000] {logging_mixin.py:188} INFO - [2024-05-03T10:47:13.991+0000] {dagbag.py:540} INFO - Filling up the DagBag from /home/airflow/.local/lib/python3.12/site-packages/airflow/example_dags/example_task_group.py
[2024-05-03T10:47:13.997+0000] {processor.py:840} INFO - DAG(s) 'example_task_group' retrieved from /home/airflow/.local/lib/python3.12/site-packages/airflow/example_dags/example_task_group.py
[2024-05-03T10:47:14.013+0000] {logging_mixin.py:188} INFO - [2024-05-03T10:47:14.013+0000] {dag.py:3096} INFO - Sync 1 DAGs
[2024-05-03T10:47:14.030+0000] {logging_mixin.py:188} INFO - [2024-05-03T10:47:14.030+0000] {dag.py:3954} INFO - Setting next_dagrun for example_task_group to 2024-05-02 00:00:00+00:00, run_after=2024-05-03 00:00:00+00:00
[2024-05-03T10:47:14.047+0000] {processor.py:183} INFO - Processing /home/airflow/.local/lib/python3.12/site-packages/airflow/example_dags/example_task_group.py took 0.063 seconds
[2024-05-03T10:47:44.161+0000] {processor.py:161} INFO - Started process (PID=1219) to work on /home/airflow/.local/lib/python3.12/site-packages/airflow/example_dags/example_task_group.py
[2024-05-03T10:47:44.162+0000] {processor.py:830} INFO - Processing file /home/airflow/.local/lib/python3.12/site-packages/airflow/example_dags/example_task_group.py for tasks to queue
[2024-05-03T10:47:44.164+0000] {logging_mixin.py:188} INFO - [2024-05-03T10:47:44.163+0000] {dagbag.py:540} INFO - Filling up the DagBag from /home/airflow/.local/lib/python3.12/site-packages/airflow/example_dags/example_task_group.py
[2024-05-03T10:47:44.169+0000] {processor.py:840} INFO - DAG(s) 'example_task_group' retrieved from /home/airflow/.local/lib/python3.12/site-packages/airflow/example_dags/example_task_group.py
[2024-05-03T10:47:44.186+0000] {logging_mixin.py:188} INFO - [2024-05-03T10:47:44.185+0000] {dag.py:3096} INFO - Sync 1 DAGs
[2024-05-03T10:47:44.204+0000] {logging_mixin.py:188} INFO - [2024-05-03T10:47:44.204+0000] {dag.py:3954} INFO - Setting next_dagrun for example_task_group to 2024-05-02 00:00:00+00:00, run_after=2024-05-03 00:00:00+00:00
[2024-05-03T10:47:44.221+0000] {processor.py:183} INFO - Processing /home/airflow/.local/lib/python3.12/site-packages/airflow/example_dags/example_task_group.py took 0.064 seconds
[2024-05-03T10:48:14.734+0000] {processor.py:161} INFO - Started process (PID=1277) to work on /home/airflow/.local/lib/python3.12/site-packages/airflow/example_dags/example_task_group.py
[2024-05-03T10:48:14.735+0000] {processor.py:830} INFO - Processing file /home/airflow/.local/lib/python3.12/site-packages/airflow/example_dags/example_task_group.py for tasks to queue
[2024-05-03T10:48:14.736+0000] {logging_mixin.py:188} INFO - [2024-05-03T10:48:14.736+0000] {dagbag.py:540} INFO - Filling up the DagBag from /home/airflow/.local/lib/python3.12/site-packages/airflow/example_dags/example_task_group.py
[2024-05-03T10:48:14.742+0000] {processor.py:840} INFO - DAG(s) 'example_task_group' retrieved from /home/airflow/.local/lib/python3.12/site-packages/airflow/example_dags/example_task_group.py
[2024-05-03T10:48:14.759+0000] {logging_mixin.py:188} INFO - [2024-05-03T10:48:14.759+0000] {dag.py:3096} INFO - Sync 1 DAGs
[2024-05-03T10:48:14.778+0000] {logging_mixin.py:188} INFO - [2024-05-03T10:48:14.778+0000] {dag.py:3954} INFO - Setting next_dagrun for example_task_group to 2024-05-02 00:00:00+00:00, run_after=2024-05-03 00:00:00+00:00
[2024-05-03T10:48:14.794+0000] {processor.py:183} INFO - Processing /home/airflow/.local/lib/python3.12/site-packages/airflow/example_dags/example_task_group.py took 0.065 seconds
[2024-05-03T10:48:44.921+0000] {processor.py:161} INFO - Started process (PID=1335) to work on /home/airflow/.local/lib/python3.12/site-packages/airflow/example_dags/example_task_group.py
[2024-05-03T10:48:44.922+0000] {processor.py:830} INFO - Processing file /home/airflow/.local/lib/python3.12/site-packages/airflow/example_dags/example_task_group.py for tasks to queue
[2024-05-03T10:48:44.925+0000] {logging_mixin.py:188} INFO - [2024-05-03T10:48:44.924+0000] {dagbag.py:540} INFO - Filling up the DagBag from /home/airflow/.local/lib/python3.12/site-packages/airflow/example_dags/example_task_group.py
[2024-05-03T10:48:44.933+0000] {processor.py:840} INFO - DAG(s) 'example_task_group' retrieved from /home/airflow/.local/lib/python3.12/site-packages/airflow/example_dags/example_task_group.py
[2024-05-03T10:48:44.955+0000] {logging_mixin.py:188} INFO - [2024-05-03T10:48:44.954+0000] {dag.py:3096} INFO - Sync 1 DAGs
[2024-05-03T10:48:44.974+0000] {logging_mixin.py:188} INFO - [2024-05-03T10:48:44.974+0000] {dag.py:3954} INFO - Setting next_dagrun for example_task_group to 2024-05-02 00:00:00+00:00, run_after=2024-05-03 00:00:00+00:00
[2024-05-03T10:48:44.991+0000] {processor.py:183} INFO - Processing /home/airflow/.local/lib/python3.12/site-packages/airflow/example_dags/example_task_group.py took 0.075 seconds
[2024-05-03T10:49:15.330+0000] {processor.py:161} INFO - Started process (PID=1399) to work on /home/airflow/.local/lib/python3.12/site-packages/airflow/example_dags/example_task_group.py
[2024-05-03T10:49:15.331+0000] {processor.py:830} INFO - Processing file /home/airflow/.local/lib/python3.12/site-packages/airflow/example_dags/example_task_group.py for tasks to queue
[2024-05-03T10:49:15.333+0000] {logging_mixin.py:188} INFO - [2024-05-03T10:49:15.332+0000] {dagbag.py:540} INFO - Filling up the DagBag from /home/airflow/.local/lib/python3.12/site-packages/airflow/example_dags/example_task_group.py
[2024-05-03T10:49:15.339+0000] {processor.py:840} INFO - DAG(s) 'example_task_group' retrieved from /home/airflow/.local/lib/python3.12/site-packages/airflow/example_dags/example_task_group.py
[2024-05-03T10:49:15.357+0000] {logging_mixin.py:188} INFO - [2024-05-03T10:49:15.357+0000] {dag.py:3096} INFO - Sync 1 DAGs
[2024-05-03T10:49:15.379+0000] {logging_mixin.py:188} INFO - [2024-05-03T10:49:15.379+0000] {dag.py:3954} INFO - Setting next_dagrun for example_task_group to 2024-05-02 00:00:00+00:00, run_after=2024-05-03 00:00:00+00:00
[2024-05-03T10:49:15.397+0000] {processor.py:183} INFO - Processing /home/airflow/.local/lib/python3.12/site-packages/airflow/example_dags/example_task_group.py took 0.072 seconds
[2024-05-03T10:49:45.648+0000] {processor.py:161} INFO - Started process (PID=1457) to work on /home/airflow/.local/lib/python3.12/site-packages/airflow/example_dags/example_task_group.py
[2024-05-03T10:49:45.649+0000] {processor.py:830} INFO - Processing file /home/airflow/.local/lib/python3.12/site-packages/airflow/example_dags/example_task_group.py for tasks to queue
[2024-05-03T10:49:45.650+0000] {logging_mixin.py:188} INFO - [2024-05-03T10:49:45.650+0000] {dagbag.py:540} INFO - Filling up the DagBag from /home/airflow/.local/lib/python3.12/site-packages/airflow/example_dags/example_task_group.py
[2024-05-03T10:49:45.656+0000] {processor.py:840} INFO - DAG(s) 'example_task_group' retrieved from /home/airflow/.local/lib/python3.12/site-packages/airflow/example_dags/example_task_group.py
[2024-05-03T10:49:45.673+0000] {logging_mixin.py:188} INFO - [2024-05-03T10:49:45.673+0000] {dag.py:3096} INFO - Sync 1 DAGs
[2024-05-03T10:49:45.692+0000] {logging_mixin.py:188} INFO - [2024-05-03T10:49:45.692+0000] {dag.py:3954} INFO - Setting next_dagrun for example_task_group to 2024-05-02 00:00:00+00:00, run_after=2024-05-03 00:00:00+00:00
[2024-05-03T10:49:45.708+0000] {processor.py:183} INFO - Processing /home/airflow/.local/lib/python3.12/site-packages/airflow/example_dags/example_task_group.py took 0.066 seconds
[2024-05-03T10:50:15.831+0000] {processor.py:161} INFO - Started process (PID=1515) to work on /home/airflow/.local/lib/python3.12/site-packages/airflow/example_dags/example_task_group.py
[2024-05-03T10:50:15.832+0000] {processor.py:830} INFO - Processing file /home/airflow/.local/lib/python3.12/site-packages/airflow/example_dags/example_task_group.py for tasks to queue
[2024-05-03T10:50:15.834+0000] {logging_mixin.py:188} INFO - [2024-05-03T10:50:15.833+0000] {dagbag.py:540} INFO - Filling up the DagBag from /home/airflow/.local/lib/python3.12/site-packages/airflow/example_dags/example_task_group.py
[2024-05-03T10:50:15.840+0000] {processor.py:840} INFO - DAG(s) 'example_task_group' retrieved from /home/airflow/.local/lib/python3.12/site-packages/airflow/example_dags/example_task_group.py
[2024-05-03T10:50:15.857+0000] {logging_mixin.py:188} INFO - [2024-05-03T10:50:15.857+0000] {dag.py:3096} INFO - Sync 1 DAGs
[2024-05-03T10:50:15.876+0000] {logging_mixin.py:188} INFO - [2024-05-03T10:50:15.876+0000] {dag.py:3954} INFO - Setting next_dagrun for example_task_group to 2024-05-02 00:00:00+00:00, run_after=2024-05-03 00:00:00+00:00
[2024-05-03T10:50:15.893+0000] {processor.py:183} INFO - Processing /home/airflow/.local/lib/python3.12/site-packages/airflow/example_dags/example_task_group.py took 0.067 seconds
[2024-05-03T10:50:46.061+0000] {processor.py:161} INFO - Started process (PID=1573) to work on /home/airflow/.local/lib/python3.12/site-packages/airflow/example_dags/example_task_group.py
[2024-05-03T10:50:46.062+0000] {processor.py:830} INFO - Processing file /home/airflow/.local/lib/python3.12/site-packages/airflow/example_dags/example_task_group.py for tasks to queue
[2024-05-03T10:50:46.064+0000] {logging_mixin.py:188} INFO - [2024-05-03T10:50:46.064+0000] {dagbag.py:540} INFO - Filling up the DagBag from /home/airflow/.local/lib/python3.12/site-packages/airflow/example_dags/example_task_group.py
[2024-05-03T10:50:46.070+0000] {processor.py:840} INFO - DAG(s) 'example_task_group' retrieved from /home/airflow/.local/lib/python3.12/site-packages/airflow/example_dags/example_task_group.py
[2024-05-03T10:50:46.087+0000] {logging_mixin.py:188} INFO - [2024-05-03T10:50:46.087+0000] {dag.py:3096} INFO - Sync 1 DAGs
[2024-05-03T10:50:46.106+0000] {logging_mixin.py:188} INFO - [2024-05-03T10:50:46.106+0000] {dag.py:3954} INFO - Setting next_dagrun for example_task_group to 2024-05-02 00:00:00+00:00, run_after=2024-05-03 00:00:00+00:00
[2024-05-03T10:50:46.122+0000] {processor.py:183} INFO - Processing /home/airflow/.local/lib/python3.12/site-packages/airflow/example_dags/example_task_group.py took 0.065 seconds
[2024-05-03T10:51:16.337+0000] {processor.py:161} INFO - Started process (PID=1631) to work on /home/airflow/.local/lib/python3.12/site-packages/airflow/example_dags/example_task_group.py
[2024-05-03T10:51:16.338+0000] {processor.py:830} INFO - Processing file /home/airflow/.local/lib/python3.12/site-packages/airflow/example_dags/example_task_group.py for tasks to queue
[2024-05-03T10:51:16.340+0000] {logging_mixin.py:188} INFO - [2024-05-03T10:51:16.340+0000] {dagbag.py:540} INFO - Filling up the DagBag from /home/airflow/.local/lib/python3.12/site-packages/airflow/example_dags/example_task_group.py
[2024-05-03T10:51:16.346+0000] {processor.py:840} INFO - DAG(s) 'example_task_group' retrieved from /home/airflow/.local/lib/python3.12/site-packages/airflow/example_dags/example_task_group.py
[2024-05-03T10:51:16.363+0000] {logging_mixin.py:188} INFO - [2024-05-03T10:51:16.363+0000] {dag.py:3096} INFO - Sync 1 DAGs
[2024-05-03T10:51:16.381+0000] {logging_mixin.py:188} INFO - [2024-05-03T10:51:16.381+0000] {dag.py:3954} INFO - Setting next_dagrun for example_task_group to 2024-05-02 00:00:00+00:00, run_after=2024-05-03 00:00:00+00:00
[2024-05-03T10:51:16.399+0000] {processor.py:183} INFO - Processing /home/airflow/.local/lib/python3.12/site-packages/airflow/example_dags/example_task_group.py took 0.066 seconds
[2024-05-03T10:51:46.548+0000] {processor.py:161} INFO - Started process (PID=1689) to work on /home/airflow/.local/lib/python3.12/site-packages/airflow/example_dags/example_task_group.py
[2024-05-03T10:51:46.549+0000] {processor.py:830} INFO - Processing file /home/airflow/.local/lib/python3.12/site-packages/airflow/example_dags/example_task_group.py for tasks to queue
[2024-05-03T10:51:46.550+0000] {logging_mixin.py:188} INFO - [2024-05-03T10:51:46.550+0000] {dagbag.py:540} INFO - Filling up the DagBag from /home/airflow/.local/lib/python3.12/site-packages/airflow/example_dags/example_task_group.py
[2024-05-03T10:51:46.556+0000] {processor.py:840} INFO - DAG(s) 'example_task_group' retrieved from /home/airflow/.local/lib/python3.12/site-packages/airflow/example_dags/example_task_group.py
[2024-05-03T10:51:46.574+0000] {logging_mixin.py:188} INFO - [2024-05-03T10:51:46.574+0000] {dag.py:3096} INFO - Sync 1 DAGs
[2024-05-03T10:51:46.593+0000] {logging_mixin.py:188} INFO - [2024-05-03T10:51:46.593+0000] {dag.py:3954} INFO - Setting next_dagrun for example_task_group to 2024-05-02 00:00:00+00:00, run_after=2024-05-03 00:00:00+00:00
[2024-05-03T10:51:46.613+0000] {processor.py:183} INFO - Processing /home/airflow/.local/lib/python3.12/site-packages/airflow/example_dags/example_task_group.py took 0.070 seconds
[2024-05-03T10:52:16.835+0000] {processor.py:161} INFO - Started process (PID=1747) to work on /home/airflow/.local/lib/python3.12/site-packages/airflow/example_dags/example_task_group.py
[2024-05-03T10:52:16.836+0000] {processor.py:830} INFO - Processing file /home/airflow/.local/lib/python3.12/site-packages/airflow/example_dags/example_task_group.py for tasks to queue
[2024-05-03T10:52:16.838+0000] {logging_mixin.py:188} INFO - [2024-05-03T10:52:16.837+0000] {dagbag.py:540} INFO - Filling up the DagBag from /home/airflow/.local/lib/python3.12/site-packages/airflow/example_dags/example_task_group.py
[2024-05-03T10:52:16.844+0000] {processor.py:840} INFO - DAG(s) 'example_task_group' retrieved from /home/airflow/.local/lib/python3.12/site-packages/airflow/example_dags/example_task_group.py
[2024-05-03T10:52:16.863+0000] {logging_mixin.py:188} INFO - [2024-05-03T10:52:16.863+0000] {dag.py:3096} INFO - Sync 1 DAGs
[2024-05-03T10:52:16.887+0000] {logging_mixin.py:188} INFO - [2024-05-03T10:52:16.887+0000] {dag.py:3954} INFO - Setting next_dagrun for example_task_group to 2024-05-02 00:00:00+00:00, run_after=2024-05-03 00:00:00+00:00
[2024-05-03T10:52:16.908+0000] {processor.py:183} INFO - Processing /home/airflow/.local/lib/python3.12/site-packages/airflow/example_dags/example_task_group.py took 0.078 seconds
[2024-05-03T10:52:47.138+0000] {processor.py:161} INFO - Started process (PID=1805) to work on /home/airflow/.local/lib/python3.12/site-packages/airflow/example_dags/example_task_group.py
[2024-05-03T10:52:47.138+0000] {processor.py:830} INFO - Processing file /home/airflow/.local/lib/python3.12/site-packages/airflow/example_dags/example_task_group.py for tasks to queue
[2024-05-03T10:52:47.140+0000] {logging_mixin.py:188} INFO - [2024-05-03T10:52:47.140+0000] {dagbag.py:540} INFO - Filling up the DagBag from /home/airflow/.local/lib/python3.12/site-packages/airflow/example_dags/example_task_group.py
[2024-05-03T10:52:47.146+0000] {processor.py:840} INFO - DAG(s) 'example_task_group' retrieved from /home/airflow/.local/lib/python3.12/site-packages/airflow/example_dags/example_task_group.py
[2024-05-03T10:52:47.164+0000] {logging_mixin.py:188} INFO - [2024-05-03T10:52:47.164+0000] {dag.py:3096} INFO - Sync 1 DAGs
[2024-05-03T10:52:47.182+0000] {logging_mixin.py:188} INFO - [2024-05-03T10:52:47.182+0000] {dag.py:3954} INFO - Setting next_dagrun for example_task_group to 2024-05-02 00:00:00+00:00, run_after=2024-05-03 00:00:00+00:00
[2024-05-03T10:52:47.198+0000] {processor.py:183} INFO - Processing /home/airflow/.local/lib/python3.12/site-packages/airflow/example_dags/example_task_group.py took 0.066 seconds
[2024-05-03T10:53:17.306+0000] {processor.py:161} INFO - Started process (PID=1864) to work on /home/airflow/.local/lib/python3.12/site-packages/airflow/example_dags/example_task_group.py
[2024-05-03T10:53:17.307+0000] {processor.py:830} INFO - Processing file /home/airflow/.local/lib/python3.12/site-packages/airflow/example_dags/example_task_group.py for tasks to queue
[2024-05-03T10:53:17.308+0000] {logging_mixin.py:188} INFO - [2024-05-03T10:53:17.308+0000] {dagbag.py:540} INFO - Filling up the DagBag from /home/airflow/.local/lib/python3.12/site-packages/airflow/example_dags/example_task_group.py
[2024-05-03T10:53:17.314+0000] {processor.py:840} INFO - DAG(s) 'example_task_group' retrieved from /home/airflow/.local/lib/python3.12/site-packages/airflow/example_dags/example_task_group.py
[2024-05-03T10:53:17.330+0000] {logging_mixin.py:188} INFO - [2024-05-03T10:53:17.330+0000] {dag.py:3096} INFO - Sync 1 DAGs
[2024-05-03T10:53:17.348+0000] {logging_mixin.py:188} INFO - [2024-05-03T10:53:17.347+0000] {dag.py:3954} INFO - Setting next_dagrun for example_task_group to 2024-05-02 00:00:00+00:00, run_after=2024-05-03 00:00:00+00:00
[2024-05-03T10:53:17.363+0000] {processor.py:183} INFO - Processing /home/airflow/.local/lib/python3.12/site-packages/airflow/example_dags/example_task_group.py took 0.061 seconds
[2024-05-03T10:53:47.630+0000] {processor.py:161} INFO - Started process (PID=1922) to work on /home/airflow/.local/lib/python3.12/site-packages/airflow/example_dags/example_task_group.py
[2024-05-03T10:53:47.631+0000] {processor.py:830} INFO - Processing file /home/airflow/.local/lib/python3.12/site-packages/airflow/example_dags/example_task_group.py for tasks to queue
[2024-05-03T10:53:47.633+0000] {logging_mixin.py:188} INFO - [2024-05-03T10:53:47.633+0000] {dagbag.py:540} INFO - Filling up the DagBag from /home/airflow/.local/lib/python3.12/site-packages/airflow/example_dags/example_task_group.py
[2024-05-03T10:53:47.640+0000] {processor.py:840} INFO - DAG(s) 'example_task_group' retrieved from /home/airflow/.local/lib/python3.12/site-packages/airflow/example_dags/example_task_group.py
[2024-05-03T10:53:47.659+0000] {logging_mixin.py:188} INFO - [2024-05-03T10:53:47.658+0000] {dag.py:3096} INFO - Sync 1 DAGs
[2024-05-03T10:53:47.679+0000] {logging_mixin.py:188} INFO - [2024-05-03T10:53:47.678+0000] {dag.py:3954} INFO - Setting next_dagrun for example_task_group to 2024-05-02 00:00:00+00:00, run_after=2024-05-03 00:00:00+00:00
[2024-05-03T10:53:47.697+0000] {processor.py:183} INFO - Processing /home/airflow/.local/lib/python3.12/site-packages/airflow/example_dags/example_task_group.py took 0.072 seconds
[2024-05-03T10:54:18.202+0000] {processor.py:161} INFO - Started process (PID=1980) to work on /home/airflow/.local/lib/python3.12/site-packages/airflow/example_dags/example_task_group.py
[2024-05-03T10:54:18.203+0000] {processor.py:830} INFO - Processing file /home/airflow/.local/lib/python3.12/site-packages/airflow/example_dags/example_task_group.py for tasks to queue
[2024-05-03T10:54:18.206+0000] {logging_mixin.py:188} INFO - [2024-05-03T10:54:18.205+0000] {dagbag.py:540} INFO - Filling up the DagBag from /home/airflow/.local/lib/python3.12/site-packages/airflow/example_dags/example_task_group.py
[2024-05-03T10:54:18.213+0000] {processor.py:840} INFO - DAG(s) 'example_task_group' retrieved from /home/airflow/.local/lib/python3.12/site-packages/airflow/example_dags/example_task_group.py
[2024-05-03T10:54:18.233+0000] {logging_mixin.py:188} INFO - [2024-05-03T10:54:18.233+0000] {dag.py:3096} INFO - Sync 1 DAGs
[2024-05-03T10:54:18.255+0000] {logging_mixin.py:188} INFO - [2024-05-03T10:54:18.255+0000] {dag.py:3954} INFO - Setting next_dagrun for example_task_group to 2024-05-02 00:00:00+00:00, run_after=2024-05-03 00:00:00+00:00
[2024-05-03T10:54:18.276+0000] {processor.py:183} INFO - Processing /home/airflow/.local/lib/python3.12/site-packages/airflow/example_dags/example_task_group.py took 0.080 seconds
[2024-05-03T10:54:48.427+0000] {processor.py:161} INFO - Started process (PID=2038) to work on /home/airflow/.local/lib/python3.12/site-packages/airflow/example_dags/example_task_group.py
[2024-05-03T10:54:48.428+0000] {processor.py:830} INFO - Processing file /home/airflow/.local/lib/python3.12/site-packages/airflow/example_dags/example_task_group.py for tasks to queue
[2024-05-03T10:54:48.430+0000] {logging_mixin.py:188} INFO - [2024-05-03T10:54:48.430+0000] {dagbag.py:540} INFO - Filling up the DagBag from /home/airflow/.local/lib/python3.12/site-packages/airflow/example_dags/example_task_group.py
[2024-05-03T10:54:48.436+0000] {processor.py:840} INFO - DAG(s) 'example_task_group' retrieved from /home/airflow/.local/lib/python3.12/site-packages/airflow/example_dags/example_task_group.py
[2024-05-03T10:54:48.453+0000] {logging_mixin.py:188} INFO - [2024-05-03T10:54:48.453+0000] {dag.py:3096} INFO - Sync 1 DAGs
[2024-05-03T10:54:48.471+0000] {logging_mixin.py:188} INFO - [2024-05-03T10:54:48.471+0000] {dag.py:3954} INFO - Setting next_dagrun for example_task_group to 2024-05-02 00:00:00+00:00, run_after=2024-05-03 00:00:00+00:00
[2024-05-03T10:54:48.488+0000] {processor.py:183} INFO - Processing /home/airflow/.local/lib/python3.12/site-packages/airflow/example_dags/example_task_group.py took 0.066 seconds
[2024-05-03T10:55:18.588+0000] {processor.py:161} INFO - Started process (PID=2096) to work on /home/airflow/.local/lib/python3.12/site-packages/airflow/example_dags/example_task_group.py
[2024-05-03T10:55:18.589+0000] {processor.py:830} INFO - Processing file /home/airflow/.local/lib/python3.12/site-packages/airflow/example_dags/example_task_group.py for tasks to queue
[2024-05-03T10:55:18.590+0000] {logging_mixin.py:188} INFO - [2024-05-03T10:55:18.590+0000] {dagbag.py:540} INFO - Filling up the DagBag from /home/airflow/.local/lib/python3.12/site-packages/airflow/example_dags/example_task_group.py
[2024-05-03T10:55:18.596+0000] {processor.py:840} INFO - DAG(s) 'example_task_group' retrieved from /home/airflow/.local/lib/python3.12/site-packages/airflow/example_dags/example_task_group.py
[2024-05-03T10:55:18.613+0000] {logging_mixin.py:188} INFO - [2024-05-03T10:55:18.613+0000] {dag.py:3096} INFO - Sync 1 DAGs
[2024-05-03T10:55:18.631+0000] {logging_mixin.py:188} INFO - [2024-05-03T10:55:18.631+0000] {dag.py:3954} INFO - Setting next_dagrun for example_task_group to 2024-05-02 00:00:00+00:00, run_after=2024-05-03 00:00:00+00:00
[2024-05-03T10:55:18.647+0000] {processor.py:183} INFO - Processing /home/airflow/.local/lib/python3.12/site-packages/airflow/example_dags/example_task_group.py took 0.064 seconds
[2024-05-03T10:55:48.840+0000] {processor.py:161} INFO - Started process (PID=2154) to work on /home/airflow/.local/lib/python3.12/site-packages/airflow/example_dags/example_task_group.py
[2024-05-03T10:55:48.841+0000] {processor.py:830} INFO - Processing file /home/airflow/.local/lib/python3.12/site-packages/airflow/example_dags/example_task_group.py for tasks to queue
[2024-05-03T10:55:48.843+0000] {logging_mixin.py:188} INFO - [2024-05-03T10:55:48.843+0000] {dagbag.py:540} INFO - Filling up the DagBag from /home/airflow/.local/lib/python3.12/site-packages/airflow/example_dags/example_task_group.py
[2024-05-03T10:55:48.849+0000] {processor.py:840} INFO - DAG(s) 'example_task_group' retrieved from /home/airflow/.local/lib/python3.12/site-packages/airflow/example_dags/example_task_group.py
[2024-05-03T10:55:48.866+0000] {logging_mixin.py:188} INFO - [2024-05-03T10:55:48.866+0000] {dag.py:3096} INFO - Sync 1 DAGs
[2024-05-03T10:55:48.885+0000] {logging_mixin.py:188} INFO - [2024-05-03T10:55:48.885+0000] {dag.py:3954} INFO - Setting next_dagrun for example_task_group to 2024-05-02 00:00:00+00:00, run_after=2024-05-03 00:00:00+00:00
[2024-05-03T10:55:48.903+0000] {processor.py:183} INFO - Processing /home/airflow/.local/lib/python3.12/site-packages/airflow/example_dags/example_task_group.py took 0.067 seconds
[2024-05-03T10:56:19.058+0000] {processor.py:161} INFO - Started process (PID=2212) to work on /home/airflow/.local/lib/python3.12/site-packages/airflow/example_dags/example_task_group.py
[2024-05-03T10:56:19.059+0000] {processor.py:830} INFO - Processing file /home/airflow/.local/lib/python3.12/site-packages/airflow/example_dags/example_task_group.py for tasks to queue
[2024-05-03T10:56:19.061+0000] {logging_mixin.py:188} INFO - [2024-05-03T10:56:19.060+0000] {dagbag.py:540} INFO - Filling up the DagBag from /home/airflow/.local/lib/python3.12/site-packages/airflow/example_dags/example_task_group.py
[2024-05-03T10:56:19.067+0000] {processor.py:840} INFO - DAG(s) 'example_task_group' retrieved from /home/airflow/.local/lib/python3.12/site-packages/airflow/example_dags/example_task_group.py
[2024-05-03T10:56:19.085+0000] {logging_mixin.py:188} INFO - [2024-05-03T10:56:19.085+0000] {dag.py:3096} INFO - Sync 1 DAGs
[2024-05-03T10:56:19.106+0000] {logging_mixin.py:188} INFO - [2024-05-03T10:56:19.105+0000] {dag.py:3954} INFO - Setting next_dagrun for example_task_group to 2024-05-02 00:00:00+00:00, run_after=2024-05-03 00:00:00+00:00
[2024-05-03T10:56:19.121+0000] {processor.py:183} INFO - Processing /home/airflow/.local/lib/python3.12/site-packages/airflow/example_dags/example_task_group.py took 0.068 seconds
[2024-05-03T10:56:49.263+0000] {processor.py:161} INFO - Started process (PID=2270) to work on /home/airflow/.local/lib/python3.12/site-packages/airflow/example_dags/example_task_group.py
[2024-05-03T10:56:49.264+0000] {processor.py:830} INFO - Processing file /home/airflow/.local/lib/python3.12/site-packages/airflow/example_dags/example_task_group.py for tasks to queue
[2024-05-03T10:56:49.266+0000] {logging_mixin.py:188} INFO - [2024-05-03T10:56:49.266+0000] {dagbag.py:540} INFO - Filling up the DagBag from /home/airflow/.local/lib/python3.12/site-packages/airflow/example_dags/example_task_group.py
[2024-05-03T10:56:49.272+0000] {processor.py:840} INFO - DAG(s) 'example_task_group' retrieved from /home/airflow/.local/lib/python3.12/site-packages/airflow/example_dags/example_task_group.py
[2024-05-03T10:56:49.290+0000] {logging_mixin.py:188} INFO - [2024-05-03T10:56:49.290+0000] {dag.py:3096} INFO - Sync 1 DAGs
[2024-05-03T10:56:49.311+0000] {logging_mixin.py:188} INFO - [2024-05-03T10:56:49.311+0000] {dag.py:3954} INFO - Setting next_dagrun for example_task_group to 2024-05-02 00:00:00+00:00, run_after=2024-05-03 00:00:00+00:00
[2024-05-03T10:56:49.326+0000] {processor.py:183} INFO - Processing /home/airflow/.local/lib/python3.12/site-packages/airflow/example_dags/example_task_group.py took 0.070 seconds
[2024-05-03T10:57:19.496+0000] {processor.py:161} INFO - Started process (PID=2328) to work on /home/airflow/.local/lib/python3.12/site-packages/airflow/example_dags/example_task_group.py
[2024-05-03T10:57:19.497+0000] {processor.py:830} INFO - Processing file /home/airflow/.local/lib/python3.12/site-packages/airflow/example_dags/example_task_group.py for tasks to queue
[2024-05-03T10:57:19.498+0000] {logging_mixin.py:188} INFO - [2024-05-03T10:57:19.498+0000] {dagbag.py:540} INFO - Filling up the DagBag from /home/airflow/.local/lib/python3.12/site-packages/airflow/example_dags/example_task_group.py
[2024-05-03T10:57:19.504+0000] {processor.py:840} INFO - DAG(s) 'example_task_group' retrieved from /home/airflow/.local/lib/python3.12/site-packages/airflow/example_dags/example_task_group.py
[2024-05-03T10:57:19.521+0000] {logging_mixin.py:188} INFO - [2024-05-03T10:57:19.521+0000] {dag.py:3096} INFO - Sync 1 DAGs
[2024-05-03T10:57:19.540+0000] {logging_mixin.py:188} INFO - [2024-05-03T10:57:19.540+0000] {dag.py:3954} INFO - Setting next_dagrun for example_task_group to 2024-05-02 00:00:00+00:00, run_after=2024-05-03 00:00:00+00:00
[2024-05-03T10:57:19.556+0000] {processor.py:183} INFO - Processing /home/airflow/.local/lib/python3.12/site-packages/airflow/example_dags/example_task_group.py took 0.065 seconds
[2024-05-03T10:57:49.639+0000] {processor.py:161} INFO - Started process (PID=2386) to work on /home/airflow/.local/lib/python3.12/site-packages/airflow/example_dags/example_task_group.py
[2024-05-03T10:57:49.640+0000] {processor.py:830} INFO - Processing file /home/airflow/.local/lib/python3.12/site-packages/airflow/example_dags/example_task_group.py for tasks to queue
[2024-05-03T10:57:49.642+0000] {logging_mixin.py:188} INFO - [2024-05-03T10:57:49.641+0000] {dagbag.py:540} INFO - Filling up the DagBag from /home/airflow/.local/lib/python3.12/site-packages/airflow/example_dags/example_task_group.py
[2024-05-03T10:57:49.647+0000] {processor.py:840} INFO - DAG(s) 'example_task_group' retrieved from /home/airflow/.local/lib/python3.12/site-packages/airflow/example_dags/example_task_group.py
[2024-05-03T10:57:49.665+0000] {logging_mixin.py:188} INFO - [2024-05-03T10:57:49.664+0000] {dag.py:3096} INFO - Sync 1 DAGs
[2024-05-03T10:57:49.687+0000] {logging_mixin.py:188} INFO - [2024-05-03T10:57:49.687+0000] {dag.py:3954} INFO - Setting next_dagrun for example_task_group to 2024-05-02 00:00:00+00:00, run_after=2024-05-03 00:00:00+00:00
[2024-05-03T10:57:49.703+0000] {processor.py:183} INFO - Processing /home/airflow/.local/lib/python3.12/site-packages/airflow/example_dags/example_task_group.py took 0.068 seconds
[2024-05-03T10:58:19.855+0000] {processor.py:161} INFO - Started process (PID=2445) to work on /home/airflow/.local/lib/python3.12/site-packages/airflow/example_dags/example_task_group.py
[2024-05-03T10:58:19.856+0000] {processor.py:830} INFO - Processing file /home/airflow/.local/lib/python3.12/site-packages/airflow/example_dags/example_task_group.py for tasks to queue
[2024-05-03T10:58:19.857+0000] {logging_mixin.py:188} INFO - [2024-05-03T10:58:19.857+0000] {dagbag.py:540} INFO - Filling up the DagBag from /home/airflow/.local/lib/python3.12/site-packages/airflow/example_dags/example_task_group.py
[2024-05-03T10:58:19.863+0000] {processor.py:840} INFO - DAG(s) 'example_task_group' retrieved from /home/airflow/.local/lib/python3.12/site-packages/airflow/example_dags/example_task_group.py
[2024-05-03T10:58:19.880+0000] {logging_mixin.py:188} INFO - [2024-05-03T10:58:19.880+0000] {dag.py:3096} INFO - Sync 1 DAGs
[2024-05-03T10:58:19.899+0000] {logging_mixin.py:188} INFO - [2024-05-03T10:58:19.899+0000] {dag.py:3954} INFO - Setting next_dagrun for example_task_group to 2024-05-02 00:00:00+00:00, run_after=2024-05-03 00:00:00+00:00
[2024-05-03T10:58:19.916+0000] {processor.py:183} INFO - Processing /home/airflow/.local/lib/python3.12/site-packages/airflow/example_dags/example_task_group.py took 0.066 seconds
