[2024-05-03T10:37:35.731+0000] {processor.py:161} INFO - Started process (PID=74) to work on /home/airflow/.local/lib/python3.12/site-packages/airflow/example_dags/example_setup_teardown.py
[2024-05-03T10:37:35.732+0000] {processor.py:830} INFO - Processing file /home/airflow/.local/lib/python3.12/site-packages/airflow/example_dags/example_setup_teardown.py for tasks to queue
[2024-05-03T10:37:35.734+0000] {logging_mixin.py:188} INFO - [2024-05-03T10:37:35.733+0000] {dagbag.py:540} INFO - Filling up the DagBag from /home/airflow/.local/lib/python3.12/site-packages/airflow/example_dags/example_setup_teardown.py
[2024-05-03T10:37:35.745+0000] {processor.py:840} INFO - DAG(s) 'example_setup_teardown' retrieved from /home/airflow/.local/lib/python3.12/site-packages/airflow/example_dags/example_setup_teardown.py
[2024-05-03T10:37:35.863+0000] {logging_mixin.py:188} INFO - [2024-05-03T10:37:35.862+0000] {dag.py:3096} INFO - Sync 1 DAGs
[2024-05-03T10:37:35.884+0000] {logging_mixin.py:188} INFO - [2024-05-03T10:37:35.884+0000] {dag.py:3954} INFO - Setting next_dagrun for example_setup_teardown to 2024-05-02 00:00:00+00:00, run_after=2024-05-03 00:00:00+00:00
[2024-05-03T10:37:35.910+0000] {processor.py:183} INFO - Processing /home/airflow/.local/lib/python3.12/site-packages/airflow/example_dags/example_setup_teardown.py took 0.183 seconds
[2024-05-03T10:38:06.094+0000] {processor.py:161} INFO - Started process (PID=132) to work on /home/airflow/.local/lib/python3.12/site-packages/airflow/example_dags/example_setup_teardown.py
[2024-05-03T10:38:06.096+0000] {processor.py:830} INFO - Processing file /home/airflow/.local/lib/python3.12/site-packages/airflow/example_dags/example_setup_teardown.py for tasks to queue
[2024-05-03T10:38:06.098+0000] {logging_mixin.py:188} INFO - [2024-05-03T10:38:06.098+0000] {dagbag.py:540} INFO - Filling up the DagBag from /home/airflow/.local/lib/python3.12/site-packages/airflow/example_dags/example_setup_teardown.py
[2024-05-03T10:38:06.104+0000] {processor.py:840} INFO - DAG(s) 'example_setup_teardown' retrieved from /home/airflow/.local/lib/python3.12/site-packages/airflow/example_dags/example_setup_teardown.py
[2024-05-03T10:38:06.121+0000] {logging_mixin.py:188} INFO - [2024-05-03T10:38:06.121+0000] {dag.py:3096} INFO - Sync 1 DAGs
[2024-05-03T10:38:06.140+0000] {logging_mixin.py:188} INFO - [2024-05-03T10:38:06.140+0000] {dag.py:3954} INFO - Setting next_dagrun for example_setup_teardown to 2024-05-02 00:00:00+00:00, run_after=2024-05-03 00:00:00+00:00
[2024-05-03T10:38:06.160+0000] {processor.py:183} INFO - Processing /home/airflow/.local/lib/python3.12/site-packages/airflow/example_dags/example_setup_teardown.py took 0.074 seconds
[2024-05-03T10:38:36.336+0000] {processor.py:161} INFO - Started process (PID=190) to work on /home/airflow/.local/lib/python3.12/site-packages/airflow/example_dags/example_setup_teardown.py
[2024-05-03T10:38:36.337+0000] {processor.py:830} INFO - Processing file /home/airflow/.local/lib/python3.12/site-packages/airflow/example_dags/example_setup_teardown.py for tasks to queue
[2024-05-03T10:38:36.339+0000] {logging_mixin.py:188} INFO - [2024-05-03T10:38:36.338+0000] {dagbag.py:540} INFO - Filling up the DagBag from /home/airflow/.local/lib/python3.12/site-packages/airflow/example_dags/example_setup_teardown.py
[2024-05-03T10:38:36.346+0000] {processor.py:840} INFO - DAG(s) 'example_setup_teardown' retrieved from /home/airflow/.local/lib/python3.12/site-packages/airflow/example_dags/example_setup_teardown.py
[2024-05-03T10:38:36.392+0000] {logging_mixin.py:188} INFO - [2024-05-03T10:38:36.385+0000] {dag.py:3096} INFO - Sync 1 DAGs
[2024-05-03T10:38:36.458+0000] {logging_mixin.py:188} INFO - [2024-05-03T10:38:36.458+0000] {dag.py:3954} INFO - Setting next_dagrun for example_setup_teardown to 2024-05-02 00:00:00+00:00, run_after=2024-05-03 00:00:00+00:00
[2024-05-03T10:38:36.488+0000] {processor.py:183} INFO - Processing /home/airflow/.local/lib/python3.12/site-packages/airflow/example_dags/example_setup_teardown.py took 0.157 seconds
[2024-05-03T10:39:07.158+0000] {processor.py:161} INFO - Started process (PID=248) to work on /home/airflow/.local/lib/python3.12/site-packages/airflow/example_dags/example_setup_teardown.py
[2024-05-03T10:39:07.159+0000] {processor.py:830} INFO - Processing file /home/airflow/.local/lib/python3.12/site-packages/airflow/example_dags/example_setup_teardown.py for tasks to queue
[2024-05-03T10:39:07.160+0000] {logging_mixin.py:188} INFO - [2024-05-03T10:39:07.160+0000] {dagbag.py:540} INFO - Filling up the DagBag from /home/airflow/.local/lib/python3.12/site-packages/airflow/example_dags/example_setup_teardown.py
[2024-05-03T10:39:07.166+0000] {processor.py:840} INFO - DAG(s) 'example_setup_teardown' retrieved from /home/airflow/.local/lib/python3.12/site-packages/airflow/example_dags/example_setup_teardown.py
[2024-05-03T10:39:07.184+0000] {logging_mixin.py:188} INFO - [2024-05-03T10:39:07.184+0000] {dag.py:3096} INFO - Sync 1 DAGs
[2024-05-03T10:39:07.202+0000] {logging_mixin.py:188} INFO - [2024-05-03T10:39:07.202+0000] {dag.py:3954} INFO - Setting next_dagrun for example_setup_teardown to 2024-05-02 00:00:00+00:00, run_after=2024-05-03 00:00:00+00:00
[2024-05-03T10:39:07.218+0000] {processor.py:183} INFO - Processing /home/airflow/.local/lib/python3.12/site-packages/airflow/example_dags/example_setup_teardown.py took 0.065 seconds
[2024-05-03T10:39:37.751+0000] {processor.py:161} INFO - Started process (PID=306) to work on /home/airflow/.local/lib/python3.12/site-packages/airflow/example_dags/example_setup_teardown.py
[2024-05-03T10:39:37.752+0000] {processor.py:830} INFO - Processing file /home/airflow/.local/lib/python3.12/site-packages/airflow/example_dags/example_setup_teardown.py for tasks to queue
[2024-05-03T10:39:37.754+0000] {logging_mixin.py:188} INFO - [2024-05-03T10:39:37.754+0000] {dagbag.py:540} INFO - Filling up the DagBag from /home/airflow/.local/lib/python3.12/site-packages/airflow/example_dags/example_setup_teardown.py
[2024-05-03T10:39:37.760+0000] {processor.py:840} INFO - DAG(s) 'example_setup_teardown' retrieved from /home/airflow/.local/lib/python3.12/site-packages/airflow/example_dags/example_setup_teardown.py
[2024-05-03T10:39:37.776+0000] {logging_mixin.py:188} INFO - [2024-05-03T10:39:37.776+0000] {dag.py:3096} INFO - Sync 1 DAGs
[2024-05-03T10:39:37.795+0000] {logging_mixin.py:188} INFO - [2024-05-03T10:39:37.794+0000] {dag.py:3954} INFO - Setting next_dagrun for example_setup_teardown to 2024-05-02 00:00:00+00:00, run_after=2024-05-03 00:00:00+00:00
[2024-05-03T10:39:37.813+0000] {processor.py:183} INFO - Processing /home/airflow/.local/lib/python3.12/site-packages/airflow/example_dags/example_setup_teardown.py took 0.066 seconds
[2024-05-03T10:40:08.234+0000] {processor.py:161} INFO - Started process (PID=364) to work on /home/airflow/.local/lib/python3.12/site-packages/airflow/example_dags/example_setup_teardown.py
[2024-05-03T10:40:08.235+0000] {processor.py:830} INFO - Processing file /home/airflow/.local/lib/python3.12/site-packages/airflow/example_dags/example_setup_teardown.py for tasks to queue
[2024-05-03T10:40:08.237+0000] {logging_mixin.py:188} INFO - [2024-05-03T10:40:08.236+0000] {dagbag.py:540} INFO - Filling up the DagBag from /home/airflow/.local/lib/python3.12/site-packages/airflow/example_dags/example_setup_teardown.py
[2024-05-03T10:40:08.242+0000] {processor.py:840} INFO - DAG(s) 'example_setup_teardown' retrieved from /home/airflow/.local/lib/python3.12/site-packages/airflow/example_dags/example_setup_teardown.py
[2024-05-03T10:40:08.259+0000] {logging_mixin.py:188} INFO - [2024-05-03T10:40:08.258+0000] {dag.py:3096} INFO - Sync 1 DAGs
[2024-05-03T10:40:08.294+0000] {logging_mixin.py:188} INFO - [2024-05-03T10:40:08.294+0000] {dag.py:3954} INFO - Setting next_dagrun for example_setup_teardown to 2024-05-02 00:00:00+00:00, run_after=2024-05-03 00:00:00+00:00
[2024-05-03T10:40:08.327+0000] {processor.py:183} INFO - Processing /home/airflow/.local/lib/python3.12/site-packages/airflow/example_dags/example_setup_teardown.py took 0.098 seconds
[2024-05-03T10:40:38.675+0000] {processor.py:161} INFO - Started process (PID=422) to work on /home/airflow/.local/lib/python3.12/site-packages/airflow/example_dags/example_setup_teardown.py
[2024-05-03T10:40:38.676+0000] {processor.py:830} INFO - Processing file /home/airflow/.local/lib/python3.12/site-packages/airflow/example_dags/example_setup_teardown.py for tasks to queue
[2024-05-03T10:40:38.677+0000] {logging_mixin.py:188} INFO - [2024-05-03T10:40:38.677+0000] {dagbag.py:540} INFO - Filling up the DagBag from /home/airflow/.local/lib/python3.12/site-packages/airflow/example_dags/example_setup_teardown.py
[2024-05-03T10:40:38.682+0000] {processor.py:840} INFO - DAG(s) 'example_setup_teardown' retrieved from /home/airflow/.local/lib/python3.12/site-packages/airflow/example_dags/example_setup_teardown.py
[2024-05-03T10:40:38.698+0000] {logging_mixin.py:188} INFO - [2024-05-03T10:40:38.698+0000] {dag.py:3096} INFO - Sync 1 DAGs
[2024-05-03T10:40:38.715+0000] {logging_mixin.py:188} INFO - [2024-05-03T10:40:38.715+0000] {dag.py:3954} INFO - Setting next_dagrun for example_setup_teardown to 2024-05-02 00:00:00+00:00, run_after=2024-05-03 00:00:00+00:00
[2024-05-03T10:40:38.733+0000] {processor.py:183} INFO - Processing /home/airflow/.local/lib/python3.12/site-packages/airflow/example_dags/example_setup_teardown.py took 0.062 seconds
[2024-05-03T10:41:09.318+0000] {processor.py:161} INFO - Started process (PID=480) to work on /home/airflow/.local/lib/python3.12/site-packages/airflow/example_dags/example_setup_teardown.py
[2024-05-03T10:41:09.319+0000] {processor.py:830} INFO - Processing file /home/airflow/.local/lib/python3.12/site-packages/airflow/example_dags/example_setup_teardown.py for tasks to queue
[2024-05-03T10:41:09.320+0000] {logging_mixin.py:188} INFO - [2024-05-03T10:41:09.320+0000] {dagbag.py:540} INFO - Filling up the DagBag from /home/airflow/.local/lib/python3.12/site-packages/airflow/example_dags/example_setup_teardown.py
[2024-05-03T10:41:09.326+0000] {processor.py:840} INFO - DAG(s) 'example_setup_teardown' retrieved from /home/airflow/.local/lib/python3.12/site-packages/airflow/example_dags/example_setup_teardown.py
[2024-05-03T10:41:09.342+0000] {logging_mixin.py:188} INFO - [2024-05-03T10:41:09.342+0000] {dag.py:3096} INFO - Sync 1 DAGs
[2024-05-03T10:41:09.360+0000] {logging_mixin.py:188} INFO - [2024-05-03T10:41:09.360+0000] {dag.py:3954} INFO - Setting next_dagrun for example_setup_teardown to 2024-05-02 00:00:00+00:00, run_after=2024-05-03 00:00:00+00:00
[2024-05-03T10:41:09.378+0000] {processor.py:183} INFO - Processing /home/airflow/.local/lib/python3.12/site-packages/airflow/example_dags/example_setup_teardown.py took 0.064 seconds
[2024-05-03T10:41:39.973+0000] {processor.py:161} INFO - Started process (PID=538) to work on /home/airflow/.local/lib/python3.12/site-packages/airflow/example_dags/example_setup_teardown.py
[2024-05-03T10:41:39.975+0000] {processor.py:830} INFO - Processing file /home/airflow/.local/lib/python3.12/site-packages/airflow/example_dags/example_setup_teardown.py for tasks to queue
[2024-05-03T10:41:39.977+0000] {logging_mixin.py:188} INFO - [2024-05-03T10:41:39.976+0000] {dagbag.py:540} INFO - Filling up the DagBag from /home/airflow/.local/lib/python3.12/site-packages/airflow/example_dags/example_setup_teardown.py
[2024-05-03T10:41:39.984+0000] {processor.py:840} INFO - DAG(s) 'example_setup_teardown' retrieved from /home/airflow/.local/lib/python3.12/site-packages/airflow/example_dags/example_setup_teardown.py
[2024-05-03T10:41:40.010+0000] {logging_mixin.py:188} INFO - [2024-05-03T10:41:40.010+0000] {dag.py:3096} INFO - Sync 1 DAGs
[2024-05-03T10:41:40.030+0000] {logging_mixin.py:188} INFO - [2024-05-03T10:41:40.029+0000] {dag.py:3954} INFO - Setting next_dagrun for example_setup_teardown to 2024-05-02 00:00:00+00:00, run_after=2024-05-03 00:00:00+00:00
[2024-05-03T10:41:40.048+0000] {processor.py:183} INFO - Processing /home/airflow/.local/lib/python3.12/site-packages/airflow/example_dags/example_setup_teardown.py took 0.080 seconds
[2024-05-03T10:42:10.329+0000] {processor.py:161} INFO - Started process (PID=596) to work on /home/airflow/.local/lib/python3.12/site-packages/airflow/example_dags/example_setup_teardown.py
[2024-05-03T10:42:10.330+0000] {processor.py:830} INFO - Processing file /home/airflow/.local/lib/python3.12/site-packages/airflow/example_dags/example_setup_teardown.py for tasks to queue
[2024-05-03T10:42:10.331+0000] {logging_mixin.py:188} INFO - [2024-05-03T10:42:10.331+0000] {dagbag.py:540} INFO - Filling up the DagBag from /home/airflow/.local/lib/python3.12/site-packages/airflow/example_dags/example_setup_teardown.py
[2024-05-03T10:42:10.337+0000] {processor.py:840} INFO - DAG(s) 'example_setup_teardown' retrieved from /home/airflow/.local/lib/python3.12/site-packages/airflow/example_dags/example_setup_teardown.py
[2024-05-03T10:42:10.358+0000] {logging_mixin.py:188} INFO - [2024-05-03T10:42:10.358+0000] {dag.py:3096} INFO - Sync 1 DAGs
[2024-05-03T10:42:10.377+0000] {logging_mixin.py:188} INFO - [2024-05-03T10:42:10.377+0000] {dag.py:3954} INFO - Setting next_dagrun for example_setup_teardown to 2024-05-02 00:00:00+00:00, run_after=2024-05-03 00:00:00+00:00
[2024-05-03T10:42:10.398+0000] {processor.py:183} INFO - Processing /home/airflow/.local/lib/python3.12/site-packages/airflow/example_dags/example_setup_teardown.py took 0.073 seconds
[2024-05-03T10:42:41.296+0000] {processor.py:161} INFO - Started process (PID=654) to work on /home/airflow/.local/lib/python3.12/site-packages/airflow/example_dags/example_setup_teardown.py
[2024-05-03T10:42:41.297+0000] {processor.py:830} INFO - Processing file /home/airflow/.local/lib/python3.12/site-packages/airflow/example_dags/example_setup_teardown.py for tasks to queue
[2024-05-03T10:42:41.299+0000] {logging_mixin.py:188} INFO - [2024-05-03T10:42:41.298+0000] {dagbag.py:540} INFO - Filling up the DagBag from /home/airflow/.local/lib/python3.12/site-packages/airflow/example_dags/example_setup_teardown.py
[2024-05-03T10:42:41.306+0000] {processor.py:840} INFO - DAG(s) 'example_setup_teardown' retrieved from /home/airflow/.local/lib/python3.12/site-packages/airflow/example_dags/example_setup_teardown.py
[2024-05-03T10:42:41.333+0000] {logging_mixin.py:188} INFO - [2024-05-03T10:42:41.333+0000] {dag.py:3096} INFO - Sync 1 DAGs
[2024-05-03T10:42:41.358+0000] {logging_mixin.py:188} INFO - [2024-05-03T10:42:41.358+0000] {dag.py:3954} INFO - Setting next_dagrun for example_setup_teardown to 2024-05-02 00:00:00+00:00, run_after=2024-05-03 00:00:00+00:00
[2024-05-03T10:42:41.384+0000] {processor.py:183} INFO - Processing /home/airflow/.local/lib/python3.12/site-packages/airflow/example_dags/example_setup_teardown.py took 0.093 seconds
[2024-05-03T10:43:11.495+0000] {processor.py:161} INFO - Started process (PID=712) to work on /home/airflow/.local/lib/python3.12/site-packages/airflow/example_dags/example_setup_teardown.py
[2024-05-03T10:43:11.496+0000] {processor.py:830} INFO - Processing file /home/airflow/.local/lib/python3.12/site-packages/airflow/example_dags/example_setup_teardown.py for tasks to queue
[2024-05-03T10:43:11.497+0000] {logging_mixin.py:188} INFO - [2024-05-03T10:43:11.497+0000] {dagbag.py:540} INFO - Filling up the DagBag from /home/airflow/.local/lib/python3.12/site-packages/airflow/example_dags/example_setup_teardown.py
[2024-05-03T10:43:11.503+0000] {processor.py:840} INFO - DAG(s) 'example_setup_teardown' retrieved from /home/airflow/.local/lib/python3.12/site-packages/airflow/example_dags/example_setup_teardown.py
[2024-05-03T10:43:11.520+0000] {logging_mixin.py:188} INFO - [2024-05-03T10:43:11.520+0000] {dag.py:3096} INFO - Sync 1 DAGs
[2024-05-03T10:43:11.539+0000] {logging_mixin.py:188} INFO - [2024-05-03T10:43:11.539+0000] {dag.py:3954} INFO - Setting next_dagrun for example_setup_teardown to 2024-05-02 00:00:00+00:00, run_after=2024-05-03 00:00:00+00:00
[2024-05-03T10:43:11.555+0000] {processor.py:183} INFO - Processing /home/airflow/.local/lib/python3.12/site-packages/airflow/example_dags/example_setup_teardown.py took 0.065 seconds
[2024-05-03T10:43:41.750+0000] {processor.py:161} INFO - Started process (PID=770) to work on /home/airflow/.local/lib/python3.12/site-packages/airflow/example_dags/example_setup_teardown.py
[2024-05-03T10:43:41.751+0000] {processor.py:830} INFO - Processing file /home/airflow/.local/lib/python3.12/site-packages/airflow/example_dags/example_setup_teardown.py for tasks to queue
[2024-05-03T10:43:41.752+0000] {logging_mixin.py:188} INFO - [2024-05-03T10:43:41.752+0000] {dagbag.py:540} INFO - Filling up the DagBag from /home/airflow/.local/lib/python3.12/site-packages/airflow/example_dags/example_setup_teardown.py
[2024-05-03T10:43:41.757+0000] {processor.py:840} INFO - DAG(s) 'example_setup_teardown' retrieved from /home/airflow/.local/lib/python3.12/site-packages/airflow/example_dags/example_setup_teardown.py
[2024-05-03T10:43:41.774+0000] {logging_mixin.py:188} INFO - [2024-05-03T10:43:41.773+0000] {dag.py:3096} INFO - Sync 1 DAGs
[2024-05-03T10:43:41.791+0000] {logging_mixin.py:188} INFO - [2024-05-03T10:43:41.791+0000] {dag.py:3954} INFO - Setting next_dagrun for example_setup_teardown to 2024-05-02 00:00:00+00:00, run_after=2024-05-03 00:00:00+00:00
[2024-05-03T10:43:41.807+0000] {processor.py:183} INFO - Processing /home/airflow/.local/lib/python3.12/site-packages/airflow/example_dags/example_setup_teardown.py took 0.062 seconds
[2024-05-03T10:44:12.237+0000] {processor.py:161} INFO - Started process (PID=828) to work on /home/airflow/.local/lib/python3.12/site-packages/airflow/example_dags/example_setup_teardown.py
[2024-05-03T10:44:12.238+0000] {processor.py:830} INFO - Processing file /home/airflow/.local/lib/python3.12/site-packages/airflow/example_dags/example_setup_teardown.py for tasks to queue
[2024-05-03T10:44:12.239+0000] {logging_mixin.py:188} INFO - [2024-05-03T10:44:12.239+0000] {dagbag.py:540} INFO - Filling up the DagBag from /home/airflow/.local/lib/python3.12/site-packages/airflow/example_dags/example_setup_teardown.py
[2024-05-03T10:44:12.245+0000] {processor.py:840} INFO - DAG(s) 'example_setup_teardown' retrieved from /home/airflow/.local/lib/python3.12/site-packages/airflow/example_dags/example_setup_teardown.py
[2024-05-03T10:44:12.263+0000] {logging_mixin.py:188} INFO - [2024-05-03T10:44:12.263+0000] {dag.py:3096} INFO - Sync 1 DAGs
[2024-05-03T10:44:12.281+0000] {logging_mixin.py:188} INFO - [2024-05-03T10:44:12.281+0000] {dag.py:3954} INFO - Setting next_dagrun for example_setup_teardown to 2024-05-02 00:00:00+00:00, run_after=2024-05-03 00:00:00+00:00
[2024-05-03T10:44:12.297+0000] {processor.py:183} INFO - Processing /home/airflow/.local/lib/python3.12/site-packages/airflow/example_dags/example_setup_teardown.py took 0.065 seconds
[2024-05-03T10:44:42.423+0000] {processor.py:161} INFO - Started process (PID=886) to work on /home/airflow/.local/lib/python3.12/site-packages/airflow/example_dags/example_setup_teardown.py
[2024-05-03T10:44:42.424+0000] {processor.py:830} INFO - Processing file /home/airflow/.local/lib/python3.12/site-packages/airflow/example_dags/example_setup_teardown.py for tasks to queue
[2024-05-03T10:44:42.426+0000] {logging_mixin.py:188} INFO - [2024-05-03T10:44:42.426+0000] {dagbag.py:540} INFO - Filling up the DagBag from /home/airflow/.local/lib/python3.12/site-packages/airflow/example_dags/example_setup_teardown.py
[2024-05-03T10:44:42.431+0000] {processor.py:840} INFO - DAG(s) 'example_setup_teardown' retrieved from /home/airflow/.local/lib/python3.12/site-packages/airflow/example_dags/example_setup_teardown.py
[2024-05-03T10:44:42.446+0000] {logging_mixin.py:188} INFO - [2024-05-03T10:44:42.446+0000] {dag.py:3096} INFO - Sync 1 DAGs
[2024-05-03T10:44:42.464+0000] {logging_mixin.py:188} INFO - [2024-05-03T10:44:42.464+0000] {dag.py:3954} INFO - Setting next_dagrun for example_setup_teardown to 2024-05-02 00:00:00+00:00, run_after=2024-05-03 00:00:00+00:00
[2024-05-03T10:44:42.481+0000] {processor.py:183} INFO - Processing /home/airflow/.local/lib/python3.12/site-packages/airflow/example_dags/example_setup_teardown.py took 0.062 seconds
[2024-05-03T10:45:12.833+0000] {processor.py:161} INFO - Started process (PID=944) to work on /home/airflow/.local/lib/python3.12/site-packages/airflow/example_dags/example_setup_teardown.py
[2024-05-03T10:45:12.834+0000] {processor.py:830} INFO - Processing file /home/airflow/.local/lib/python3.12/site-packages/airflow/example_dags/example_setup_teardown.py for tasks to queue
[2024-05-03T10:45:12.836+0000] {logging_mixin.py:188} INFO - [2024-05-03T10:45:12.835+0000] {dagbag.py:540} INFO - Filling up the DagBag from /home/airflow/.local/lib/python3.12/site-packages/airflow/example_dags/example_setup_teardown.py
[2024-05-03T10:45:12.841+0000] {processor.py:840} INFO - DAG(s) 'example_setup_teardown' retrieved from /home/airflow/.local/lib/python3.12/site-packages/airflow/example_dags/example_setup_teardown.py
[2024-05-03T10:45:12.858+0000] {logging_mixin.py:188} INFO - [2024-05-03T10:45:12.858+0000] {dag.py:3096} INFO - Sync 1 DAGs
[2024-05-03T10:45:12.876+0000] {logging_mixin.py:188} INFO - [2024-05-03T10:45:12.875+0000] {dag.py:3954} INFO - Setting next_dagrun for example_setup_teardown to 2024-05-02 00:00:00+00:00, run_after=2024-05-03 00:00:00+00:00
[2024-05-03T10:45:12.891+0000] {processor.py:183} INFO - Processing /home/airflow/.local/lib/python3.12/site-packages/airflow/example_dags/example_setup_teardown.py took 0.063 seconds
[2024-05-03T10:45:43.795+0000] {processor.py:161} INFO - Started process (PID=1003) to work on /home/airflow/.local/lib/python3.12/site-packages/airflow/example_dags/example_setup_teardown.py
[2024-05-03T10:45:43.796+0000] {processor.py:830} INFO - Processing file /home/airflow/.local/lib/python3.12/site-packages/airflow/example_dags/example_setup_teardown.py for tasks to queue
[2024-05-03T10:45:43.797+0000] {logging_mixin.py:188} INFO - [2024-05-03T10:45:43.797+0000] {dagbag.py:540} INFO - Filling up the DagBag from /home/airflow/.local/lib/python3.12/site-packages/airflow/example_dags/example_setup_teardown.py
[2024-05-03T10:45:43.802+0000] {processor.py:840} INFO - DAG(s) 'example_setup_teardown' retrieved from /home/airflow/.local/lib/python3.12/site-packages/airflow/example_dags/example_setup_teardown.py
[2024-05-03T10:45:43.817+0000] {logging_mixin.py:188} INFO - [2024-05-03T10:45:43.817+0000] {dag.py:3096} INFO - Sync 1 DAGs
[2024-05-03T10:45:43.835+0000] {logging_mixin.py:188} INFO - [2024-05-03T10:45:43.835+0000] {dag.py:3954} INFO - Setting next_dagrun for example_setup_teardown to 2024-05-02 00:00:00+00:00, run_after=2024-05-03 00:00:00+00:00
[2024-05-03T10:45:43.852+0000] {processor.py:183} INFO - Processing /home/airflow/.local/lib/python3.12/site-packages/airflow/example_dags/example_setup_teardown.py took 0.061 seconds
[2024-05-03T10:46:14.671+0000] {processor.py:161} INFO - Started process (PID=1061) to work on /home/airflow/.local/lib/python3.12/site-packages/airflow/example_dags/example_setup_teardown.py
[2024-05-03T10:46:14.672+0000] {processor.py:830} INFO - Processing file /home/airflow/.local/lib/python3.12/site-packages/airflow/example_dags/example_setup_teardown.py for tasks to queue
[2024-05-03T10:46:14.674+0000] {logging_mixin.py:188} INFO - [2024-05-03T10:46:14.674+0000] {dagbag.py:540} INFO - Filling up the DagBag from /home/airflow/.local/lib/python3.12/site-packages/airflow/example_dags/example_setup_teardown.py
[2024-05-03T10:46:14.680+0000] {processor.py:840} INFO - DAG(s) 'example_setup_teardown' retrieved from /home/airflow/.local/lib/python3.12/site-packages/airflow/example_dags/example_setup_teardown.py
[2024-05-03T10:46:14.699+0000] {logging_mixin.py:188} INFO - [2024-05-03T10:46:14.699+0000] {dag.py:3096} INFO - Sync 1 DAGs
[2024-05-03T10:46:14.719+0000] {logging_mixin.py:188} INFO - [2024-05-03T10:46:14.718+0000] {dag.py:3954} INFO - Setting next_dagrun for example_setup_teardown to 2024-05-02 00:00:00+00:00, run_after=2024-05-03 00:00:00+00:00
[2024-05-03T10:46:14.736+0000] {processor.py:183} INFO - Processing /home/airflow/.local/lib/python3.12/site-packages/airflow/example_dags/example_setup_teardown.py took 0.069 seconds
[2024-05-03T10:46:46.314+0000] {processor.py:161} INFO - Started process (PID=1125) to work on /home/airflow/.local/lib/python3.12/site-packages/airflow/example_dags/example_setup_teardown.py
[2024-05-03T10:46:46.315+0000] {processor.py:830} INFO - Processing file /home/airflow/.local/lib/python3.12/site-packages/airflow/example_dags/example_setup_teardown.py for tasks to queue
[2024-05-03T10:46:46.317+0000] {logging_mixin.py:188} INFO - [2024-05-03T10:46:46.316+0000] {dagbag.py:540} INFO - Filling up the DagBag from /home/airflow/.local/lib/python3.12/site-packages/airflow/example_dags/example_setup_teardown.py
[2024-05-03T10:46:46.322+0000] {processor.py:840} INFO - DAG(s) 'example_setup_teardown' retrieved from /home/airflow/.local/lib/python3.12/site-packages/airflow/example_dags/example_setup_teardown.py
[2024-05-03T10:46:46.339+0000] {logging_mixin.py:188} INFO - [2024-05-03T10:46:46.339+0000] {dag.py:3096} INFO - Sync 1 DAGs
[2024-05-03T10:46:46.470+0000] {logging_mixin.py:188} INFO - [2024-05-03T10:46:46.470+0000] {dag.py:3954} INFO - Setting next_dagrun for example_setup_teardown to 2024-05-02 00:00:00+00:00, run_after=2024-05-03 00:00:00+00:00
[2024-05-03T10:46:46.485+0000] {processor.py:183} INFO - Processing /home/airflow/.local/lib/python3.12/site-packages/airflow/example_dags/example_setup_teardown.py took 0.175 seconds
[2024-05-03T10:47:17.015+0000] {processor.py:161} INFO - Started process (PID=1183) to work on /home/airflow/.local/lib/python3.12/site-packages/airflow/example_dags/example_setup_teardown.py
[2024-05-03T10:47:17.016+0000] {processor.py:830} INFO - Processing file /home/airflow/.local/lib/python3.12/site-packages/airflow/example_dags/example_setup_teardown.py for tasks to queue
[2024-05-03T10:47:17.018+0000] {logging_mixin.py:188} INFO - [2024-05-03T10:47:17.017+0000] {dagbag.py:540} INFO - Filling up the DagBag from /home/airflow/.local/lib/python3.12/site-packages/airflow/example_dags/example_setup_teardown.py
[2024-05-03T10:47:17.023+0000] {processor.py:840} INFO - DAG(s) 'example_setup_teardown' retrieved from /home/airflow/.local/lib/python3.12/site-packages/airflow/example_dags/example_setup_teardown.py
[2024-05-03T10:47:17.040+0000] {logging_mixin.py:188} INFO - [2024-05-03T10:47:17.040+0000] {dag.py:3096} INFO - Sync 1 DAGs
[2024-05-03T10:47:17.058+0000] {logging_mixin.py:188} INFO - [2024-05-03T10:47:17.058+0000] {dag.py:3954} INFO - Setting next_dagrun for example_setup_teardown to 2024-05-02 00:00:00+00:00, run_after=2024-05-03 00:00:00+00:00
[2024-05-03T10:47:17.188+0000] {processor.py:183} INFO - Processing /home/airflow/.local/lib/python3.12/site-packages/airflow/example_dags/example_setup_teardown.py took 0.178 seconds
[2024-05-03T10:47:47.216+0000] {processor.py:161} INFO - Started process (PID=1241) to work on /home/airflow/.local/lib/python3.12/site-packages/airflow/example_dags/example_setup_teardown.py
[2024-05-03T10:47:47.217+0000] {processor.py:830} INFO - Processing file /home/airflow/.local/lib/python3.12/site-packages/airflow/example_dags/example_setup_teardown.py for tasks to queue
[2024-05-03T10:47:47.219+0000] {logging_mixin.py:188} INFO - [2024-05-03T10:47:47.219+0000] {dagbag.py:540} INFO - Filling up the DagBag from /home/airflow/.local/lib/python3.12/site-packages/airflow/example_dags/example_setup_teardown.py
[2024-05-03T10:47:47.224+0000] {processor.py:840} INFO - DAG(s) 'example_setup_teardown' retrieved from /home/airflow/.local/lib/python3.12/site-packages/airflow/example_dags/example_setup_teardown.py
[2024-05-03T10:47:47.242+0000] {logging_mixin.py:188} INFO - [2024-05-03T10:47:47.242+0000] {dag.py:3096} INFO - Sync 1 DAGs
[2024-05-03T10:47:47.261+0000] {logging_mixin.py:188} INFO - [2024-05-03T10:47:47.261+0000] {dag.py:3954} INFO - Setting next_dagrun for example_setup_teardown to 2024-05-02 00:00:00+00:00, run_after=2024-05-03 00:00:00+00:00
[2024-05-03T10:47:47.438+0000] {processor.py:183} INFO - Processing /home/airflow/.local/lib/python3.12/site-packages/airflow/example_dags/example_setup_teardown.py took 0.227 seconds
[2024-05-03T10:48:18.355+0000] {processor.py:161} INFO - Started process (PID=1299) to work on /home/airflow/.local/lib/python3.12/site-packages/airflow/example_dags/example_setup_teardown.py
[2024-05-03T10:48:18.356+0000] {processor.py:830} INFO - Processing file /home/airflow/.local/lib/python3.12/site-packages/airflow/example_dags/example_setup_teardown.py for tasks to queue
[2024-05-03T10:48:18.357+0000] {logging_mixin.py:188} INFO - [2024-05-03T10:48:18.357+0000] {dagbag.py:540} INFO - Filling up the DagBag from /home/airflow/.local/lib/python3.12/site-packages/airflow/example_dags/example_setup_teardown.py
[2024-05-03T10:48:18.362+0000] {processor.py:840} INFO - DAG(s) 'example_setup_teardown' retrieved from /home/airflow/.local/lib/python3.12/site-packages/airflow/example_dags/example_setup_teardown.py
[2024-05-03T10:48:18.379+0000] {logging_mixin.py:188} INFO - [2024-05-03T10:48:18.379+0000] {dag.py:3096} INFO - Sync 1 DAGs
[2024-05-03T10:48:18.397+0000] {logging_mixin.py:188} INFO - [2024-05-03T10:48:18.397+0000] {dag.py:3954} INFO - Setting next_dagrun for example_setup_teardown to 2024-05-02 00:00:00+00:00, run_after=2024-05-03 00:00:00+00:00
[2024-05-03T10:48:18.414+0000] {processor.py:183} INFO - Processing /home/airflow/.local/lib/python3.12/site-packages/airflow/example_dags/example_setup_teardown.py took 0.064 seconds
[2024-05-03T10:48:48.546+0000] {processor.py:161} INFO - Started process (PID=1357) to work on /home/airflow/.local/lib/python3.12/site-packages/airflow/example_dags/example_setup_teardown.py
[2024-05-03T10:48:48.547+0000] {processor.py:830} INFO - Processing file /home/airflow/.local/lib/python3.12/site-packages/airflow/example_dags/example_setup_teardown.py for tasks to queue
[2024-05-03T10:48:48.548+0000] {logging_mixin.py:188} INFO - [2024-05-03T10:48:48.548+0000] {dagbag.py:540} INFO - Filling up the DagBag from /home/airflow/.local/lib/python3.12/site-packages/airflow/example_dags/example_setup_teardown.py
[2024-05-03T10:48:48.553+0000] {processor.py:840} INFO - DAG(s) 'example_setup_teardown' retrieved from /home/airflow/.local/lib/python3.12/site-packages/airflow/example_dags/example_setup_teardown.py
[2024-05-03T10:48:48.570+0000] {logging_mixin.py:188} INFO - [2024-05-03T10:48:48.570+0000] {dag.py:3096} INFO - Sync 1 DAGs
[2024-05-03T10:48:48.589+0000] {logging_mixin.py:188} INFO - [2024-05-03T10:48:48.589+0000] {dag.py:3954} INFO - Setting next_dagrun for example_setup_teardown to 2024-05-02 00:00:00+00:00, run_after=2024-05-03 00:00:00+00:00
[2024-05-03T10:48:48.606+0000] {processor.py:183} INFO - Processing /home/airflow/.local/lib/python3.12/site-packages/airflow/example_dags/example_setup_teardown.py took 0.065 seconds
[2024-05-03T10:49:19.017+0000] {processor.py:161} INFO - Started process (PID=1415) to work on /home/airflow/.local/lib/python3.12/site-packages/airflow/example_dags/example_setup_teardown.py
[2024-05-03T10:49:19.018+0000] {processor.py:830} INFO - Processing file /home/airflow/.local/lib/python3.12/site-packages/airflow/example_dags/example_setup_teardown.py for tasks to queue
[2024-05-03T10:49:19.020+0000] {logging_mixin.py:188} INFO - [2024-05-03T10:49:19.019+0000] {dagbag.py:540} INFO - Filling up the DagBag from /home/airflow/.local/lib/python3.12/site-packages/airflow/example_dags/example_setup_teardown.py
[2024-05-03T10:49:19.025+0000] {processor.py:840} INFO - DAG(s) 'example_setup_teardown' retrieved from /home/airflow/.local/lib/python3.12/site-packages/airflow/example_dags/example_setup_teardown.py
[2024-05-03T10:49:19.042+0000] {logging_mixin.py:188} INFO - [2024-05-03T10:49:19.041+0000] {dag.py:3096} INFO - Sync 1 DAGs
[2024-05-03T10:49:19.061+0000] {logging_mixin.py:188} INFO - [2024-05-03T10:49:19.060+0000] {dag.py:3954} INFO - Setting next_dagrun for example_setup_teardown to 2024-05-02 00:00:00+00:00, run_after=2024-05-03 00:00:00+00:00
[2024-05-03T10:49:19.078+0000] {processor.py:183} INFO - Processing /home/airflow/.local/lib/python3.12/site-packages/airflow/example_dags/example_setup_teardown.py took 0.066 seconds
[2024-05-03T10:49:49.269+0000] {processor.py:161} INFO - Started process (PID=1473) to work on /home/airflow/.local/lib/python3.12/site-packages/airflow/example_dags/example_setup_teardown.py
[2024-05-03T10:49:49.270+0000] {processor.py:830} INFO - Processing file /home/airflow/.local/lib/python3.12/site-packages/airflow/example_dags/example_setup_teardown.py for tasks to queue
[2024-05-03T10:49:49.272+0000] {logging_mixin.py:188} INFO - [2024-05-03T10:49:49.271+0000] {dagbag.py:540} INFO - Filling up the DagBag from /home/airflow/.local/lib/python3.12/site-packages/airflow/example_dags/example_setup_teardown.py
[2024-05-03T10:49:49.277+0000] {processor.py:840} INFO - DAG(s) 'example_setup_teardown' retrieved from /home/airflow/.local/lib/python3.12/site-packages/airflow/example_dags/example_setup_teardown.py
[2024-05-03T10:49:49.294+0000] {logging_mixin.py:188} INFO - [2024-05-03T10:49:49.294+0000] {dag.py:3096} INFO - Sync 1 DAGs
[2024-05-03T10:49:49.312+0000] {logging_mixin.py:188} INFO - [2024-05-03T10:49:49.312+0000] {dag.py:3954} INFO - Setting next_dagrun for example_setup_teardown to 2024-05-02 00:00:00+00:00, run_after=2024-05-03 00:00:00+00:00
[2024-05-03T10:49:49.328+0000] {processor.py:183} INFO - Processing /home/airflow/.local/lib/python3.12/site-packages/airflow/example_dags/example_setup_teardown.py took 0.063 seconds
[2024-05-03T10:50:19.448+0000] {processor.py:161} INFO - Started process (PID=1531) to work on /home/airflow/.local/lib/python3.12/site-packages/airflow/example_dags/example_setup_teardown.py
[2024-05-03T10:50:19.449+0000] {processor.py:830} INFO - Processing file /home/airflow/.local/lib/python3.12/site-packages/airflow/example_dags/example_setup_teardown.py for tasks to queue
[2024-05-03T10:50:19.450+0000] {logging_mixin.py:188} INFO - [2024-05-03T10:50:19.450+0000] {dagbag.py:540} INFO - Filling up the DagBag from /home/airflow/.local/lib/python3.12/site-packages/airflow/example_dags/example_setup_teardown.py
[2024-05-03T10:50:19.455+0000] {processor.py:840} INFO - DAG(s) 'example_setup_teardown' retrieved from /home/airflow/.local/lib/python3.12/site-packages/airflow/example_dags/example_setup_teardown.py
[2024-05-03T10:50:19.473+0000] {logging_mixin.py:188} INFO - [2024-05-03T10:50:19.472+0000] {dag.py:3096} INFO - Sync 1 DAGs
[2024-05-03T10:50:19.490+0000] {logging_mixin.py:188} INFO - [2024-05-03T10:50:19.490+0000] {dag.py:3954} INFO - Setting next_dagrun for example_setup_teardown to 2024-05-02 00:00:00+00:00, run_after=2024-05-03 00:00:00+00:00
[2024-05-03T10:50:19.506+0000] {processor.py:183} INFO - Processing /home/airflow/.local/lib/python3.12/site-packages/airflow/example_dags/example_setup_teardown.py took 0.063 seconds
[2024-05-03T10:50:49.701+0000] {processor.py:161} INFO - Started process (PID=1589) to work on /home/airflow/.local/lib/python3.12/site-packages/airflow/example_dags/example_setup_teardown.py
[2024-05-03T10:50:49.702+0000] {processor.py:830} INFO - Processing file /home/airflow/.local/lib/python3.12/site-packages/airflow/example_dags/example_setup_teardown.py for tasks to queue
[2024-05-03T10:50:49.703+0000] {logging_mixin.py:188} INFO - [2024-05-03T10:50:49.703+0000] {dagbag.py:540} INFO - Filling up the DagBag from /home/airflow/.local/lib/python3.12/site-packages/airflow/example_dags/example_setup_teardown.py
[2024-05-03T10:50:49.708+0000] {processor.py:840} INFO - DAG(s) 'example_setup_teardown' retrieved from /home/airflow/.local/lib/python3.12/site-packages/airflow/example_dags/example_setup_teardown.py
[2024-05-03T10:50:49.725+0000] {logging_mixin.py:188} INFO - [2024-05-03T10:50:49.725+0000] {dag.py:3096} INFO - Sync 1 DAGs
[2024-05-03T10:50:49.743+0000] {logging_mixin.py:188} INFO - [2024-05-03T10:50:49.743+0000] {dag.py:3954} INFO - Setting next_dagrun for example_setup_teardown to 2024-05-02 00:00:00+00:00, run_after=2024-05-03 00:00:00+00:00
[2024-05-03T10:50:49.759+0000] {processor.py:183} INFO - Processing /home/airflow/.local/lib/python3.12/site-packages/airflow/example_dags/example_setup_teardown.py took 0.062 seconds
[2024-05-03T10:51:19.954+0000] {processor.py:161} INFO - Started process (PID=1647) to work on /home/airflow/.local/lib/python3.12/site-packages/airflow/example_dags/example_setup_teardown.py
[2024-05-03T10:51:19.954+0000] {processor.py:830} INFO - Processing file /home/airflow/.local/lib/python3.12/site-packages/airflow/example_dags/example_setup_teardown.py for tasks to queue
[2024-05-03T10:51:19.956+0000] {logging_mixin.py:188} INFO - [2024-05-03T10:51:19.956+0000] {dagbag.py:540} INFO - Filling up the DagBag from /home/airflow/.local/lib/python3.12/site-packages/airflow/example_dags/example_setup_teardown.py
[2024-05-03T10:51:19.961+0000] {processor.py:840} INFO - DAG(s) 'example_setup_teardown' retrieved from /home/airflow/.local/lib/python3.12/site-packages/airflow/example_dags/example_setup_teardown.py
[2024-05-03T10:51:19.979+0000] {logging_mixin.py:188} INFO - [2024-05-03T10:51:19.978+0000] {dag.py:3096} INFO - Sync 1 DAGs
[2024-05-03T10:51:19.997+0000] {logging_mixin.py:188} INFO - [2024-05-03T10:51:19.996+0000] {dag.py:3954} INFO - Setting next_dagrun for example_setup_teardown to 2024-05-02 00:00:00+00:00, run_after=2024-05-03 00:00:00+00:00
[2024-05-03T10:51:20.014+0000] {processor.py:183} INFO - Processing /home/airflow/.local/lib/python3.12/site-packages/airflow/example_dags/example_setup_teardown.py took 0.066 seconds
[2024-05-03T10:51:50.179+0000] {processor.py:161} INFO - Started process (PID=1705) to work on /home/airflow/.local/lib/python3.12/site-packages/airflow/example_dags/example_setup_teardown.py
[2024-05-03T10:51:50.180+0000] {processor.py:830} INFO - Processing file /home/airflow/.local/lib/python3.12/site-packages/airflow/example_dags/example_setup_teardown.py for tasks to queue
[2024-05-03T10:51:50.182+0000] {logging_mixin.py:188} INFO - [2024-05-03T10:51:50.181+0000] {dagbag.py:540} INFO - Filling up the DagBag from /home/airflow/.local/lib/python3.12/site-packages/airflow/example_dags/example_setup_teardown.py
[2024-05-03T10:51:50.187+0000] {processor.py:840} INFO - DAG(s) 'example_setup_teardown' retrieved from /home/airflow/.local/lib/python3.12/site-packages/airflow/example_dags/example_setup_teardown.py
[2024-05-03T10:51:50.204+0000] {logging_mixin.py:188} INFO - [2024-05-03T10:51:50.204+0000] {dag.py:3096} INFO - Sync 1 DAGs
[2024-05-03T10:51:50.222+0000] {logging_mixin.py:188} INFO - [2024-05-03T10:51:50.222+0000] {dag.py:3954} INFO - Setting next_dagrun for example_setup_teardown to 2024-05-02 00:00:00+00:00, run_after=2024-05-03 00:00:00+00:00
[2024-05-03T10:51:50.237+0000] {processor.py:183} INFO - Processing /home/airflow/.local/lib/python3.12/site-packages/airflow/example_dags/example_setup_teardown.py took 0.062 seconds
[2024-05-03T10:52:20.521+0000] {processor.py:161} INFO - Started process (PID=1763) to work on /home/airflow/.local/lib/python3.12/site-packages/airflow/example_dags/example_setup_teardown.py
[2024-05-03T10:52:20.522+0000] {processor.py:830} INFO - Processing file /home/airflow/.local/lib/python3.12/site-packages/airflow/example_dags/example_setup_teardown.py for tasks to queue
[2024-05-03T10:52:20.524+0000] {logging_mixin.py:188} INFO - [2024-05-03T10:52:20.523+0000] {dagbag.py:540} INFO - Filling up the DagBag from /home/airflow/.local/lib/python3.12/site-packages/airflow/example_dags/example_setup_teardown.py
[2024-05-03T10:52:20.529+0000] {processor.py:840} INFO - DAG(s) 'example_setup_teardown' retrieved from /home/airflow/.local/lib/python3.12/site-packages/airflow/example_dags/example_setup_teardown.py
[2024-05-03T10:52:20.549+0000] {logging_mixin.py:188} INFO - [2024-05-03T10:52:20.549+0000] {dag.py:3096} INFO - Sync 1 DAGs
[2024-05-03T10:52:20.571+0000] {logging_mixin.py:188} INFO - [2024-05-03T10:52:20.571+0000] {dag.py:3954} INFO - Setting next_dagrun for example_setup_teardown to 2024-05-02 00:00:00+00:00, run_after=2024-05-03 00:00:00+00:00
[2024-05-03T10:52:20.587+0000] {processor.py:183} INFO - Processing /home/airflow/.local/lib/python3.12/site-packages/airflow/example_dags/example_setup_teardown.py took 0.071 seconds
[2024-05-03T10:52:50.759+0000] {processor.py:161} INFO - Started process (PID=1821) to work on /home/airflow/.local/lib/python3.12/site-packages/airflow/example_dags/example_setup_teardown.py
[2024-05-03T10:52:50.759+0000] {processor.py:830} INFO - Processing file /home/airflow/.local/lib/python3.12/site-packages/airflow/example_dags/example_setup_teardown.py for tasks to queue
[2024-05-03T10:52:50.761+0000] {logging_mixin.py:188} INFO - [2024-05-03T10:52:50.761+0000] {dagbag.py:540} INFO - Filling up the DagBag from /home/airflow/.local/lib/python3.12/site-packages/airflow/example_dags/example_setup_teardown.py
[2024-05-03T10:52:50.766+0000] {processor.py:840} INFO - DAG(s) 'example_setup_teardown' retrieved from /home/airflow/.local/lib/python3.12/site-packages/airflow/example_dags/example_setup_teardown.py
[2024-05-03T10:52:50.784+0000] {logging_mixin.py:188} INFO - [2024-05-03T10:52:50.784+0000] {dag.py:3096} INFO - Sync 1 DAGs
[2024-05-03T10:52:50.805+0000] {logging_mixin.py:188} INFO - [2024-05-03T10:52:50.805+0000] {dag.py:3954} INFO - Setting next_dagrun for example_setup_teardown to 2024-05-02 00:00:00+00:00, run_after=2024-05-03 00:00:00+00:00
[2024-05-03T10:52:50.821+0000] {processor.py:183} INFO - Processing /home/airflow/.local/lib/python3.12/site-packages/airflow/example_dags/example_setup_teardown.py took 0.068 seconds
[2024-05-03T10:53:20.914+0000] {processor.py:161} INFO - Started process (PID=1880) to work on /home/airflow/.local/lib/python3.12/site-packages/airflow/example_dags/example_setup_teardown.py
[2024-05-03T10:53:20.915+0000] {processor.py:830} INFO - Processing file /home/airflow/.local/lib/python3.12/site-packages/airflow/example_dags/example_setup_teardown.py for tasks to queue
[2024-05-03T10:53:20.917+0000] {logging_mixin.py:188} INFO - [2024-05-03T10:53:20.917+0000] {dagbag.py:540} INFO - Filling up the DagBag from /home/airflow/.local/lib/python3.12/site-packages/airflow/example_dags/example_setup_teardown.py
[2024-05-03T10:53:20.922+0000] {processor.py:840} INFO - DAG(s) 'example_setup_teardown' retrieved from /home/airflow/.local/lib/python3.12/site-packages/airflow/example_dags/example_setup_teardown.py
[2024-05-03T10:53:20.939+0000] {logging_mixin.py:188} INFO - [2024-05-03T10:53:20.939+0000] {dag.py:3096} INFO - Sync 1 DAGs
[2024-05-03T10:53:20.958+0000] {logging_mixin.py:188} INFO - [2024-05-03T10:53:20.957+0000] {dag.py:3954} INFO - Setting next_dagrun for example_setup_teardown to 2024-05-02 00:00:00+00:00, run_after=2024-05-03 00:00:00+00:00
[2024-05-03T10:53:20.974+0000] {processor.py:183} INFO - Processing /home/airflow/.local/lib/python3.12/site-packages/airflow/example_dags/example_setup_teardown.py took 0.064 seconds
[2024-05-03T10:53:51.397+0000] {processor.py:161} INFO - Started process (PID=1938) to work on /home/airflow/.local/lib/python3.12/site-packages/airflow/example_dags/example_setup_teardown.py
[2024-05-03T10:53:51.399+0000] {processor.py:830} INFO - Processing file /home/airflow/.local/lib/python3.12/site-packages/airflow/example_dags/example_setup_teardown.py for tasks to queue
[2024-05-03T10:53:51.401+0000] {logging_mixin.py:188} INFO - [2024-05-03T10:53:51.400+0000] {dagbag.py:540} INFO - Filling up the DagBag from /home/airflow/.local/lib/python3.12/site-packages/airflow/example_dags/example_setup_teardown.py
[2024-05-03T10:53:51.407+0000] {processor.py:840} INFO - DAG(s) 'example_setup_teardown' retrieved from /home/airflow/.local/lib/python3.12/site-packages/airflow/example_dags/example_setup_teardown.py
[2024-05-03T10:53:51.426+0000] {logging_mixin.py:188} INFO - [2024-05-03T10:53:51.426+0000] {dag.py:3096} INFO - Sync 1 DAGs
[2024-05-03T10:53:51.445+0000] {logging_mixin.py:188} INFO - [2024-05-03T10:53:51.445+0000] {dag.py:3954} INFO - Setting next_dagrun for example_setup_teardown to 2024-05-02 00:00:00+00:00, run_after=2024-05-03 00:00:00+00:00
[2024-05-03T10:53:51.463+0000] {processor.py:183} INFO - Processing /home/airflow/.local/lib/python3.12/site-packages/airflow/example_dags/example_setup_teardown.py took 0.072 seconds
[2024-05-03T10:54:21.860+0000] {processor.py:161} INFO - Started process (PID=1996) to work on /home/airflow/.local/lib/python3.12/site-packages/airflow/example_dags/example_setup_teardown.py
[2024-05-03T10:54:21.861+0000] {processor.py:830} INFO - Processing file /home/airflow/.local/lib/python3.12/site-packages/airflow/example_dags/example_setup_teardown.py for tasks to queue
[2024-05-03T10:54:21.863+0000] {logging_mixin.py:188} INFO - [2024-05-03T10:54:21.862+0000] {dagbag.py:540} INFO - Filling up the DagBag from /home/airflow/.local/lib/python3.12/site-packages/airflow/example_dags/example_setup_teardown.py
[2024-05-03T10:54:21.868+0000] {processor.py:840} INFO - DAG(s) 'example_setup_teardown' retrieved from /home/airflow/.local/lib/python3.12/site-packages/airflow/example_dags/example_setup_teardown.py
[2024-05-03T10:54:21.884+0000] {logging_mixin.py:188} INFO - [2024-05-03T10:54:21.884+0000] {dag.py:3096} INFO - Sync 1 DAGs
[2024-05-03T10:54:21.903+0000] {logging_mixin.py:188} INFO - [2024-05-03T10:54:21.903+0000] {dag.py:3954} INFO - Setting next_dagrun for example_setup_teardown to 2024-05-02 00:00:00+00:00, run_after=2024-05-03 00:00:00+00:00
[2024-05-03T10:54:21.921+0000] {processor.py:183} INFO - Processing /home/airflow/.local/lib/python3.12/site-packages/airflow/example_dags/example_setup_teardown.py took 0.065 seconds
[2024-05-03T10:54:52.053+0000] {processor.py:161} INFO - Started process (PID=2054) to work on /home/airflow/.local/lib/python3.12/site-packages/airflow/example_dags/example_setup_teardown.py
[2024-05-03T10:54:52.053+0000] {processor.py:830} INFO - Processing file /home/airflow/.local/lib/python3.12/site-packages/airflow/example_dags/example_setup_teardown.py for tasks to queue
[2024-05-03T10:54:52.055+0000] {logging_mixin.py:188} INFO - [2024-05-03T10:54:52.055+0000] {dagbag.py:540} INFO - Filling up the DagBag from /home/airflow/.local/lib/python3.12/site-packages/airflow/example_dags/example_setup_teardown.py
[2024-05-03T10:54:52.060+0000] {processor.py:840} INFO - DAG(s) 'example_setup_teardown' retrieved from /home/airflow/.local/lib/python3.12/site-packages/airflow/example_dags/example_setup_teardown.py
[2024-05-03T10:54:52.077+0000] {logging_mixin.py:188} INFO - [2024-05-03T10:54:52.076+0000] {dag.py:3096} INFO - Sync 1 DAGs
[2024-05-03T10:54:52.096+0000] {logging_mixin.py:188} INFO - [2024-05-03T10:54:52.096+0000] {dag.py:3954} INFO - Setting next_dagrun for example_setup_teardown to 2024-05-02 00:00:00+00:00, run_after=2024-05-03 00:00:00+00:00
[2024-05-03T10:54:52.111+0000] {processor.py:183} INFO - Processing /home/airflow/.local/lib/python3.12/site-packages/airflow/example_dags/example_setup_teardown.py took 0.064 seconds
[2024-05-03T10:55:22.197+0000] {processor.py:161} INFO - Started process (PID=2112) to work on /home/airflow/.local/lib/python3.12/site-packages/airflow/example_dags/example_setup_teardown.py
[2024-05-03T10:55:22.198+0000] {processor.py:830} INFO - Processing file /home/airflow/.local/lib/python3.12/site-packages/airflow/example_dags/example_setup_teardown.py for tasks to queue
[2024-05-03T10:55:22.199+0000] {logging_mixin.py:188} INFO - [2024-05-03T10:55:22.199+0000] {dagbag.py:540} INFO - Filling up the DagBag from /home/airflow/.local/lib/python3.12/site-packages/airflow/example_dags/example_setup_teardown.py
[2024-05-03T10:55:22.204+0000] {processor.py:840} INFO - DAG(s) 'example_setup_teardown' retrieved from /home/airflow/.local/lib/python3.12/site-packages/airflow/example_dags/example_setup_teardown.py
[2024-05-03T10:55:22.221+0000] {logging_mixin.py:188} INFO - [2024-05-03T10:55:22.221+0000] {dag.py:3096} INFO - Sync 1 DAGs
[2024-05-03T10:55:22.238+0000] {logging_mixin.py:188} INFO - [2024-05-03T10:55:22.238+0000] {dag.py:3954} INFO - Setting next_dagrun for example_setup_teardown to 2024-05-02 00:00:00+00:00, run_after=2024-05-03 00:00:00+00:00
[2024-05-03T10:55:22.254+0000] {processor.py:183} INFO - Processing /home/airflow/.local/lib/python3.12/site-packages/airflow/example_dags/example_setup_teardown.py took 0.062 seconds
[2024-05-03T10:55:52.459+0000] {processor.py:161} INFO - Started process (PID=2170) to work on /home/airflow/.local/lib/python3.12/site-packages/airflow/example_dags/example_setup_teardown.py
[2024-05-03T10:55:52.459+0000] {processor.py:830} INFO - Processing file /home/airflow/.local/lib/python3.12/site-packages/airflow/example_dags/example_setup_teardown.py for tasks to queue
[2024-05-03T10:55:52.461+0000] {logging_mixin.py:188} INFO - [2024-05-03T10:55:52.461+0000] {dagbag.py:540} INFO - Filling up the DagBag from /home/airflow/.local/lib/python3.12/site-packages/airflow/example_dags/example_setup_teardown.py
[2024-05-03T10:55:52.466+0000] {processor.py:840} INFO - DAG(s) 'example_setup_teardown' retrieved from /home/airflow/.local/lib/python3.12/site-packages/airflow/example_dags/example_setup_teardown.py
[2024-05-03T10:55:52.483+0000] {logging_mixin.py:188} INFO - [2024-05-03T10:55:52.483+0000] {dag.py:3096} INFO - Sync 1 DAGs
[2024-05-03T10:55:52.501+0000] {logging_mixin.py:188} INFO - [2024-05-03T10:55:52.501+0000] {dag.py:3954} INFO - Setting next_dagrun for example_setup_teardown to 2024-05-02 00:00:00+00:00, run_after=2024-05-03 00:00:00+00:00
[2024-05-03T10:55:52.517+0000] {processor.py:183} INFO - Processing /home/airflow/.local/lib/python3.12/site-packages/airflow/example_dags/example_setup_teardown.py took 0.064 seconds
[2024-05-03T10:56:22.709+0000] {processor.py:161} INFO - Started process (PID=2228) to work on /home/airflow/.local/lib/python3.12/site-packages/airflow/example_dags/example_setup_teardown.py
[2024-05-03T10:56:22.710+0000] {processor.py:830} INFO - Processing file /home/airflow/.local/lib/python3.12/site-packages/airflow/example_dags/example_setup_teardown.py for tasks to queue
[2024-05-03T10:56:22.711+0000] {logging_mixin.py:188} INFO - [2024-05-03T10:56:22.711+0000] {dagbag.py:540} INFO - Filling up the DagBag from /home/airflow/.local/lib/python3.12/site-packages/airflow/example_dags/example_setup_teardown.py
[2024-05-03T10:56:22.717+0000] {processor.py:840} INFO - DAG(s) 'example_setup_teardown' retrieved from /home/airflow/.local/lib/python3.12/site-packages/airflow/example_dags/example_setup_teardown.py
[2024-05-03T10:56:22.734+0000] {logging_mixin.py:188} INFO - [2024-05-03T10:56:22.734+0000] {dag.py:3096} INFO - Sync 1 DAGs
[2024-05-03T10:56:22.752+0000] {logging_mixin.py:188} INFO - [2024-05-03T10:56:22.752+0000] {dag.py:3954} INFO - Setting next_dagrun for example_setup_teardown to 2024-05-02 00:00:00+00:00, run_after=2024-05-03 00:00:00+00:00
[2024-05-03T10:56:22.770+0000] {processor.py:183} INFO - Processing /home/airflow/.local/lib/python3.12/site-packages/airflow/example_dags/example_setup_teardown.py took 0.066 seconds
[2024-05-03T10:56:52.877+0000] {processor.py:161} INFO - Started process (PID=2286) to work on /home/airflow/.local/lib/python3.12/site-packages/airflow/example_dags/example_setup_teardown.py
[2024-05-03T10:56:52.878+0000] {processor.py:830} INFO - Processing file /home/airflow/.local/lib/python3.12/site-packages/airflow/example_dags/example_setup_teardown.py for tasks to queue
[2024-05-03T10:56:52.880+0000] {logging_mixin.py:188} INFO - [2024-05-03T10:56:52.879+0000] {dagbag.py:540} INFO - Filling up the DagBag from /home/airflow/.local/lib/python3.12/site-packages/airflow/example_dags/example_setup_teardown.py
[2024-05-03T10:56:52.885+0000] {processor.py:840} INFO - DAG(s) 'example_setup_teardown' retrieved from /home/airflow/.local/lib/python3.12/site-packages/airflow/example_dags/example_setup_teardown.py
[2024-05-03T10:56:52.902+0000] {logging_mixin.py:188} INFO - [2024-05-03T10:56:52.902+0000] {dag.py:3096} INFO - Sync 1 DAGs
[2024-05-03T10:56:52.919+0000] {logging_mixin.py:188} INFO - [2024-05-03T10:56:52.919+0000] {dag.py:3954} INFO - Setting next_dagrun for example_setup_teardown to 2024-05-02 00:00:00+00:00, run_after=2024-05-03 00:00:00+00:00
[2024-05-03T10:56:52.935+0000] {processor.py:183} INFO - Processing /home/airflow/.local/lib/python3.12/site-packages/airflow/example_dags/example_setup_teardown.py took 0.063 seconds
[2024-05-03T10:57:23.036+0000] {processor.py:161} INFO - Started process (PID=2344) to work on /home/airflow/.local/lib/python3.12/site-packages/airflow/example_dags/example_setup_teardown.py
[2024-05-03T10:57:23.037+0000] {processor.py:830} INFO - Processing file /home/airflow/.local/lib/python3.12/site-packages/airflow/example_dags/example_setup_teardown.py for tasks to queue
[2024-05-03T10:57:23.038+0000] {logging_mixin.py:188} INFO - [2024-05-03T10:57:23.038+0000] {dagbag.py:540} INFO - Filling up the DagBag from /home/airflow/.local/lib/python3.12/site-packages/airflow/example_dags/example_setup_teardown.py
[2024-05-03T10:57:23.043+0000] {processor.py:840} INFO - DAG(s) 'example_setup_teardown' retrieved from /home/airflow/.local/lib/python3.12/site-packages/airflow/example_dags/example_setup_teardown.py
[2024-05-03T10:57:23.060+0000] {logging_mixin.py:188} INFO - [2024-05-03T10:57:23.059+0000] {dag.py:3096} INFO - Sync 1 DAGs
[2024-05-03T10:57:23.077+0000] {logging_mixin.py:188} INFO - [2024-05-03T10:57:23.077+0000] {dag.py:3954} INFO - Setting next_dagrun for example_setup_teardown to 2024-05-02 00:00:00+00:00, run_after=2024-05-03 00:00:00+00:00
[2024-05-03T10:57:23.094+0000] {processor.py:183} INFO - Processing /home/airflow/.local/lib/python3.12/site-packages/airflow/example_dags/example_setup_teardown.py took 0.062 seconds
[2024-05-03T10:57:53.259+0000] {processor.py:161} INFO - Started process (PID=2402) to work on /home/airflow/.local/lib/python3.12/site-packages/airflow/example_dags/example_setup_teardown.py
[2024-05-03T10:57:53.260+0000] {processor.py:830} INFO - Processing file /home/airflow/.local/lib/python3.12/site-packages/airflow/example_dags/example_setup_teardown.py for tasks to queue
[2024-05-03T10:57:53.261+0000] {logging_mixin.py:188} INFO - [2024-05-03T10:57:53.261+0000] {dagbag.py:540} INFO - Filling up the DagBag from /home/airflow/.local/lib/python3.12/site-packages/airflow/example_dags/example_setup_teardown.py
[2024-05-03T10:57:53.266+0000] {processor.py:840} INFO - DAG(s) 'example_setup_teardown' retrieved from /home/airflow/.local/lib/python3.12/site-packages/airflow/example_dags/example_setup_teardown.py
[2024-05-03T10:57:53.283+0000] {logging_mixin.py:188} INFO - [2024-05-03T10:57:53.282+0000] {dag.py:3096} INFO - Sync 1 DAGs
[2024-05-03T10:57:53.300+0000] {logging_mixin.py:188} INFO - [2024-05-03T10:57:53.300+0000] {dag.py:3954} INFO - Setting next_dagrun for example_setup_teardown to 2024-05-02 00:00:00+00:00, run_after=2024-05-03 00:00:00+00:00
[2024-05-03T10:57:53.316+0000] {processor.py:183} INFO - Processing /home/airflow/.local/lib/python3.12/site-packages/airflow/example_dags/example_setup_teardown.py took 0.062 seconds
[2024-05-03T10:58:23.516+0000] {processor.py:161} INFO - Started process (PID=2461) to work on /home/airflow/.local/lib/python3.12/site-packages/airflow/example_dags/example_setup_teardown.py
[2024-05-03T10:58:23.517+0000] {processor.py:830} INFO - Processing file /home/airflow/.local/lib/python3.12/site-packages/airflow/example_dags/example_setup_teardown.py for tasks to queue
[2024-05-03T10:58:23.518+0000] {logging_mixin.py:188} INFO - [2024-05-03T10:58:23.518+0000] {dagbag.py:540} INFO - Filling up the DagBag from /home/airflow/.local/lib/python3.12/site-packages/airflow/example_dags/example_setup_teardown.py
[2024-05-03T10:58:23.524+0000] {processor.py:840} INFO - DAG(s) 'example_setup_teardown' retrieved from /home/airflow/.local/lib/python3.12/site-packages/airflow/example_dags/example_setup_teardown.py
[2024-05-03T10:58:23.544+0000] {logging_mixin.py:188} INFO - [2024-05-03T10:58:23.544+0000] {dag.py:3096} INFO - Sync 1 DAGs
[2024-05-03T10:58:23.563+0000] {logging_mixin.py:188} INFO - [2024-05-03T10:58:23.563+0000] {dag.py:3954} INFO - Setting next_dagrun for example_setup_teardown to 2024-05-02 00:00:00+00:00, run_after=2024-05-03 00:00:00+00:00
[2024-05-03T10:58:23.579+0000] {processor.py:183} INFO - Processing /home/airflow/.local/lib/python3.12/site-packages/airflow/example_dags/example_setup_teardown.py took 0.069 seconds
