[2024-05-03T10:37:31.333+0000] {processor.py:161} INFO - Started process (PID=39) to work on /home/airflow/.local/lib/python3.12/site-packages/airflow/example_dags/example_latest_only_with_trigger.py
[2024-05-03T10:37:31.334+0000] {processor.py:830} INFO - Processing file /home/airflow/.local/lib/python3.12/site-packages/airflow/example_dags/example_latest_only_with_trigger.py for tasks to queue
[2024-05-03T10:37:31.338+0000] {logging_mixin.py:188} INFO - [2024-05-03T10:37:31.337+0000] {dagbag.py:540} INFO - Filling up the DagBag from /home/airflow/.local/lib/python3.12/site-packages/airflow/example_dags/example_latest_only_with_trigger.py
[2024-05-03T10:37:31.346+0000] {processor.py:840} INFO - DAG(s) 'latest_only_with_trigger' retrieved from /home/airflow/.local/lib/python3.12/site-packages/airflow/example_dags/example_latest_only_with_trigger.py
[2024-05-03T10:37:31.465+0000] {logging_mixin.py:188} INFO - [2024-05-03T10:37:31.465+0000] {dag.py:3096} INFO - Sync 1 DAGs
[2024-05-03T10:37:31.488+0000] {logging_mixin.py:188} INFO - [2024-05-03T10:37:31.488+0000] {dag.py:3954} INFO - Setting next_dagrun for latest_only_with_trigger to 2024-05-03 04:00:00+00:00, run_after=2024-05-03 08:00:00+00:00
[2024-05-03T10:37:31.517+0000] {processor.py:183} INFO - Processing /home/airflow/.local/lib/python3.12/site-packages/airflow/example_dags/example_latest_only_with_trigger.py took 0.191 seconds
[2024-05-03T10:38:02.281+0000] {processor.py:161} INFO - Started process (PID=97) to work on /home/airflow/.local/lib/python3.12/site-packages/airflow/example_dags/example_latest_only_with_trigger.py
[2024-05-03T10:38:02.282+0000] {processor.py:830} INFO - Processing file /home/airflow/.local/lib/python3.12/site-packages/airflow/example_dags/example_latest_only_with_trigger.py for tasks to queue
[2024-05-03T10:38:02.283+0000] {logging_mixin.py:188} INFO - [2024-05-03T10:38:02.283+0000] {dagbag.py:540} INFO - Filling up the DagBag from /home/airflow/.local/lib/python3.12/site-packages/airflow/example_dags/example_latest_only_with_trigger.py
[2024-05-03T10:38:02.289+0000] {processor.py:840} INFO - DAG(s) 'latest_only_with_trigger' retrieved from /home/airflow/.local/lib/python3.12/site-packages/airflow/example_dags/example_latest_only_with_trigger.py
[2024-05-03T10:38:02.307+0000] {logging_mixin.py:188} INFO - [2024-05-03T10:38:02.306+0000] {dag.py:3096} INFO - Sync 1 DAGs
[2024-05-03T10:38:02.328+0000] {logging_mixin.py:188} INFO - [2024-05-03T10:38:02.328+0000] {dag.py:3954} INFO - Setting next_dagrun for latest_only_with_trigger to 2024-05-03 04:00:00+00:00, run_after=2024-05-03 08:00:00+00:00
[2024-05-03T10:38:02.347+0000] {processor.py:183} INFO - Processing /home/airflow/.local/lib/python3.12/site-packages/airflow/example_dags/example_latest_only_with_trigger.py took 0.071 seconds
[2024-05-03T10:38:32.926+0000] {processor.py:161} INFO - Started process (PID=155) to work on /home/airflow/.local/lib/python3.12/site-packages/airflow/example_dags/example_latest_only_with_trigger.py
[2024-05-03T10:38:32.927+0000] {processor.py:830} INFO - Processing file /home/airflow/.local/lib/python3.12/site-packages/airflow/example_dags/example_latest_only_with_trigger.py for tasks to queue
[2024-05-03T10:38:32.929+0000] {logging_mixin.py:188} INFO - [2024-05-03T10:38:32.929+0000] {dagbag.py:540} INFO - Filling up the DagBag from /home/airflow/.local/lib/python3.12/site-packages/airflow/example_dags/example_latest_only_with_trigger.py
[2024-05-03T10:38:32.934+0000] {processor.py:840} INFO - DAG(s) 'latest_only_with_trigger' retrieved from /home/airflow/.local/lib/python3.12/site-packages/airflow/example_dags/example_latest_only_with_trigger.py
[2024-05-03T10:38:32.953+0000] {logging_mixin.py:188} INFO - [2024-05-03T10:38:32.953+0000] {dag.py:3096} INFO - Sync 1 DAGs
[2024-05-03T10:38:32.977+0000] {logging_mixin.py:188} INFO - [2024-05-03T10:38:32.977+0000] {dag.py:3954} INFO - Setting next_dagrun for latest_only_with_trigger to 2024-05-03 04:00:00+00:00, run_after=2024-05-03 08:00:00+00:00
[2024-05-03T10:38:32.999+0000] {processor.py:183} INFO - Processing /home/airflow/.local/lib/python3.12/site-packages/airflow/example_dags/example_latest_only_with_trigger.py took 0.077 seconds
[2024-05-03T10:39:03.261+0000] {processor.py:161} INFO - Started process (PID=213) to work on /home/airflow/.local/lib/python3.12/site-packages/airflow/example_dags/example_latest_only_with_trigger.py
[2024-05-03T10:39:03.262+0000] {processor.py:830} INFO - Processing file /home/airflow/.local/lib/python3.12/site-packages/airflow/example_dags/example_latest_only_with_trigger.py for tasks to queue
[2024-05-03T10:39:03.264+0000] {logging_mixin.py:188} INFO - [2024-05-03T10:39:03.263+0000] {dagbag.py:540} INFO - Filling up the DagBag from /home/airflow/.local/lib/python3.12/site-packages/airflow/example_dags/example_latest_only_with_trigger.py
[2024-05-03T10:39:03.268+0000] {processor.py:840} INFO - DAG(s) 'latest_only_with_trigger' retrieved from /home/airflow/.local/lib/python3.12/site-packages/airflow/example_dags/example_latest_only_with_trigger.py
[2024-05-03T10:39:03.284+0000] {logging_mixin.py:188} INFO - [2024-05-03T10:39:03.284+0000] {dag.py:3096} INFO - Sync 1 DAGs
[2024-05-03T10:39:03.311+0000] {logging_mixin.py:188} INFO - [2024-05-03T10:39:03.311+0000] {dag.py:3954} INFO - Setting next_dagrun for latest_only_with_trigger to 2024-05-03 04:00:00+00:00, run_after=2024-05-03 08:00:00+00:00
[2024-05-03T10:39:03.330+0000] {processor.py:183} INFO - Processing /home/airflow/.local/lib/python3.12/site-packages/airflow/example_dags/example_latest_only_with_trigger.py took 0.073 seconds
[2024-05-03T10:39:33.970+0000] {processor.py:161} INFO - Started process (PID=271) to work on /home/airflow/.local/lib/python3.12/site-packages/airflow/example_dags/example_latest_only_with_trigger.py
[2024-05-03T10:39:33.971+0000] {processor.py:830} INFO - Processing file /home/airflow/.local/lib/python3.12/site-packages/airflow/example_dags/example_latest_only_with_trigger.py for tasks to queue
[2024-05-03T10:39:33.972+0000] {logging_mixin.py:188} INFO - [2024-05-03T10:39:33.972+0000] {dagbag.py:540} INFO - Filling up the DagBag from /home/airflow/.local/lib/python3.12/site-packages/airflow/example_dags/example_latest_only_with_trigger.py
[2024-05-03T10:39:33.977+0000] {processor.py:840} INFO - DAG(s) 'latest_only_with_trigger' retrieved from /home/airflow/.local/lib/python3.12/site-packages/airflow/example_dags/example_latest_only_with_trigger.py
[2024-05-03T10:39:33.995+0000] {logging_mixin.py:188} INFO - [2024-05-03T10:39:33.994+0000] {dag.py:3096} INFO - Sync 1 DAGs
[2024-05-03T10:39:34.013+0000] {logging_mixin.py:188} INFO - [2024-05-03T10:39:34.013+0000] {dag.py:3954} INFO - Setting next_dagrun for latest_only_with_trigger to 2024-05-03 04:00:00+00:00, run_after=2024-05-03 08:00:00+00:00
[2024-05-03T10:39:34.031+0000] {processor.py:183} INFO - Processing /home/airflow/.local/lib/python3.12/site-packages/airflow/example_dags/example_latest_only_with_trigger.py took 0.066 seconds
[2024-05-03T10:40:04.459+0000] {processor.py:161} INFO - Started process (PID=329) to work on /home/airflow/.local/lib/python3.12/site-packages/airflow/example_dags/example_latest_only_with_trigger.py
[2024-05-03T10:40:04.460+0000] {processor.py:830} INFO - Processing file /home/airflow/.local/lib/python3.12/site-packages/airflow/example_dags/example_latest_only_with_trigger.py for tasks to queue
[2024-05-03T10:40:04.461+0000] {logging_mixin.py:188} INFO - [2024-05-03T10:40:04.461+0000] {dagbag.py:540} INFO - Filling up the DagBag from /home/airflow/.local/lib/python3.12/site-packages/airflow/example_dags/example_latest_only_with_trigger.py
[2024-05-03T10:40:04.466+0000] {processor.py:840} INFO - DAG(s) 'latest_only_with_trigger' retrieved from /home/airflow/.local/lib/python3.12/site-packages/airflow/example_dags/example_latest_only_with_trigger.py
[2024-05-03T10:40:04.482+0000] {logging_mixin.py:188} INFO - [2024-05-03T10:40:04.482+0000] {dag.py:3096} INFO - Sync 1 DAGs
[2024-05-03T10:40:04.501+0000] {logging_mixin.py:188} INFO - [2024-05-03T10:40:04.501+0000] {dag.py:3954} INFO - Setting next_dagrun for latest_only_with_trigger to 2024-05-03 04:00:00+00:00, run_after=2024-05-03 08:00:00+00:00
[2024-05-03T10:40:04.517+0000] {processor.py:183} INFO - Processing /home/airflow/.local/lib/python3.12/site-packages/airflow/example_dags/example_latest_only_with_trigger.py took 0.062 seconds
[2024-05-03T10:40:34.938+0000] {processor.py:161} INFO - Started process (PID=387) to work on /home/airflow/.local/lib/python3.12/site-packages/airflow/example_dags/example_latest_only_with_trigger.py
[2024-05-03T10:40:34.939+0000] {processor.py:830} INFO - Processing file /home/airflow/.local/lib/python3.12/site-packages/airflow/example_dags/example_latest_only_with_trigger.py for tasks to queue
[2024-05-03T10:40:34.941+0000] {logging_mixin.py:188} INFO - [2024-05-03T10:40:34.941+0000] {dagbag.py:540} INFO - Filling up the DagBag from /home/airflow/.local/lib/python3.12/site-packages/airflow/example_dags/example_latest_only_with_trigger.py
[2024-05-03T10:40:34.945+0000] {processor.py:840} INFO - DAG(s) 'latest_only_with_trigger' retrieved from /home/airflow/.local/lib/python3.12/site-packages/airflow/example_dags/example_latest_only_with_trigger.py
[2024-05-03T10:40:34.963+0000] {logging_mixin.py:188} INFO - [2024-05-03T10:40:34.962+0000] {dag.py:3096} INFO - Sync 1 DAGs
[2024-05-03T10:40:34.982+0000] {logging_mixin.py:188} INFO - [2024-05-03T10:40:34.981+0000] {dag.py:3954} INFO - Setting next_dagrun for latest_only_with_trigger to 2024-05-03 04:00:00+00:00, run_after=2024-05-03 08:00:00+00:00
[2024-05-03T10:40:34.997+0000] {processor.py:183} INFO - Processing /home/airflow/.local/lib/python3.12/site-packages/airflow/example_dags/example_latest_only_with_trigger.py took 0.063 seconds
[2024-05-03T10:41:05.432+0000] {processor.py:161} INFO - Started process (PID=445) to work on /home/airflow/.local/lib/python3.12/site-packages/airflow/example_dags/example_latest_only_with_trigger.py
[2024-05-03T10:41:05.433+0000] {processor.py:830} INFO - Processing file /home/airflow/.local/lib/python3.12/site-packages/airflow/example_dags/example_latest_only_with_trigger.py for tasks to queue
[2024-05-03T10:41:05.435+0000] {logging_mixin.py:188} INFO - [2024-05-03T10:41:05.434+0000] {dagbag.py:540} INFO - Filling up the DagBag from /home/airflow/.local/lib/python3.12/site-packages/airflow/example_dags/example_latest_only_with_trigger.py
[2024-05-03T10:41:05.439+0000] {processor.py:840} INFO - DAG(s) 'latest_only_with_trigger' retrieved from /home/airflow/.local/lib/python3.12/site-packages/airflow/example_dags/example_latest_only_with_trigger.py
[2024-05-03T10:41:05.458+0000] {logging_mixin.py:188} INFO - [2024-05-03T10:41:05.458+0000] {dag.py:3096} INFO - Sync 1 DAGs
[2024-05-03T10:41:05.482+0000] {logging_mixin.py:188} INFO - [2024-05-03T10:41:05.482+0000] {dag.py:3954} INFO - Setting next_dagrun for latest_only_with_trigger to 2024-05-03 04:00:00+00:00, run_after=2024-05-03 08:00:00+00:00
[2024-05-03T10:41:05.499+0000] {processor.py:183} INFO - Processing /home/airflow/.local/lib/python3.12/site-packages/airflow/example_dags/example_latest_only_with_trigger.py took 0.071 seconds
[2024-05-03T10:41:36.010+0000] {processor.py:161} INFO - Started process (PID=503) to work on /home/airflow/.local/lib/python3.12/site-packages/airflow/example_dags/example_latest_only_with_trigger.py
[2024-05-03T10:41:36.011+0000] {processor.py:830} INFO - Processing file /home/airflow/.local/lib/python3.12/site-packages/airflow/example_dags/example_latest_only_with_trigger.py for tasks to queue
[2024-05-03T10:41:36.013+0000] {logging_mixin.py:188} INFO - [2024-05-03T10:41:36.012+0000] {dagbag.py:540} INFO - Filling up the DagBag from /home/airflow/.local/lib/python3.12/site-packages/airflow/example_dags/example_latest_only_with_trigger.py
[2024-05-03T10:41:36.017+0000] {processor.py:840} INFO - DAG(s) 'latest_only_with_trigger' retrieved from /home/airflow/.local/lib/python3.12/site-packages/airflow/example_dags/example_latest_only_with_trigger.py
[2024-05-03T10:41:36.040+0000] {logging_mixin.py:188} INFO - [2024-05-03T10:41:36.040+0000] {dag.py:3096} INFO - Sync 1 DAGs
[2024-05-03T10:41:36.065+0000] {logging_mixin.py:188} INFO - [2024-05-03T10:41:36.065+0000] {dag.py:3954} INFO - Setting next_dagrun for latest_only_with_trigger to 2024-05-03 04:00:00+00:00, run_after=2024-05-03 08:00:00+00:00
[2024-05-03T10:41:36.086+0000] {processor.py:183} INFO - Processing /home/airflow/.local/lib/python3.12/site-packages/airflow/example_dags/example_latest_only_with_trigger.py took 0.080 seconds
[2024-05-03T10:42:06.643+0000] {processor.py:161} INFO - Started process (PID=561) to work on /home/airflow/.local/lib/python3.12/site-packages/airflow/example_dags/example_latest_only_with_trigger.py
[2024-05-03T10:42:06.644+0000] {processor.py:830} INFO - Processing file /home/airflow/.local/lib/python3.12/site-packages/airflow/example_dags/example_latest_only_with_trigger.py for tasks to queue
[2024-05-03T10:42:06.646+0000] {logging_mixin.py:188} INFO - [2024-05-03T10:42:06.645+0000] {dagbag.py:540} INFO - Filling up the DagBag from /home/airflow/.local/lib/python3.12/site-packages/airflow/example_dags/example_latest_only_with_trigger.py
[2024-05-03T10:42:06.650+0000] {processor.py:840} INFO - DAG(s) 'latest_only_with_trigger' retrieved from /home/airflow/.local/lib/python3.12/site-packages/airflow/example_dags/example_latest_only_with_trigger.py
[2024-05-03T10:42:06.666+0000] {logging_mixin.py:188} INFO - [2024-05-03T10:42:06.666+0000] {dag.py:3096} INFO - Sync 1 DAGs
[2024-05-03T10:42:06.686+0000] {logging_mixin.py:188} INFO - [2024-05-03T10:42:06.686+0000] {dag.py:3954} INFO - Setting next_dagrun for latest_only_with_trigger to 2024-05-03 04:00:00+00:00, run_after=2024-05-03 08:00:00+00:00
[2024-05-03T10:42:06.702+0000] {processor.py:183} INFO - Processing /home/airflow/.local/lib/python3.12/site-packages/airflow/example_dags/example_latest_only_with_trigger.py took 0.063 seconds
[2024-05-03T10:42:37.173+0000] {processor.py:161} INFO - Started process (PID=619) to work on /home/airflow/.local/lib/python3.12/site-packages/airflow/example_dags/example_latest_only_with_trigger.py
[2024-05-03T10:42:37.174+0000] {processor.py:830} INFO - Processing file /home/airflow/.local/lib/python3.12/site-packages/airflow/example_dags/example_latest_only_with_trigger.py for tasks to queue
[2024-05-03T10:42:37.175+0000] {logging_mixin.py:188} INFO - [2024-05-03T10:42:37.175+0000] {dagbag.py:540} INFO - Filling up the DagBag from /home/airflow/.local/lib/python3.12/site-packages/airflow/example_dags/example_latest_only_with_trigger.py
[2024-05-03T10:42:37.179+0000] {processor.py:840} INFO - DAG(s) 'latest_only_with_trigger' retrieved from /home/airflow/.local/lib/python3.12/site-packages/airflow/example_dags/example_latest_only_with_trigger.py
[2024-05-03T10:42:37.196+0000] {logging_mixin.py:188} INFO - [2024-05-03T10:42:37.196+0000] {dag.py:3096} INFO - Sync 1 DAGs
[2024-05-03T10:42:37.214+0000] {logging_mixin.py:188} INFO - [2024-05-03T10:42:37.214+0000] {dag.py:3954} INFO - Setting next_dagrun for latest_only_with_trigger to 2024-05-03 04:00:00+00:00, run_after=2024-05-03 08:00:00+00:00
[2024-05-03T10:42:37.233+0000] {processor.py:183} INFO - Processing /home/airflow/.local/lib/python3.12/site-packages/airflow/example_dags/example_latest_only_with_trigger.py took 0.065 seconds
[2024-05-03T10:43:07.547+0000] {processor.py:161} INFO - Started process (PID=677) to work on /home/airflow/.local/lib/python3.12/site-packages/airflow/example_dags/example_latest_only_with_trigger.py
[2024-05-03T10:43:07.547+0000] {processor.py:830} INFO - Processing file /home/airflow/.local/lib/python3.12/site-packages/airflow/example_dags/example_latest_only_with_trigger.py for tasks to queue
[2024-05-03T10:43:07.549+0000] {logging_mixin.py:188} INFO - [2024-05-03T10:43:07.549+0000] {dagbag.py:540} INFO - Filling up the DagBag from /home/airflow/.local/lib/python3.12/site-packages/airflow/example_dags/example_latest_only_with_trigger.py
[2024-05-03T10:43:07.553+0000] {processor.py:840} INFO - DAG(s) 'latest_only_with_trigger' retrieved from /home/airflow/.local/lib/python3.12/site-packages/airflow/example_dags/example_latest_only_with_trigger.py
[2024-05-03T10:43:07.569+0000] {logging_mixin.py:188} INFO - [2024-05-03T10:43:07.569+0000] {dag.py:3096} INFO - Sync 1 DAGs
[2024-05-03T10:43:07.588+0000] {logging_mixin.py:188} INFO - [2024-05-03T10:43:07.588+0000] {dag.py:3954} INFO - Setting next_dagrun for latest_only_with_trigger to 2024-05-03 04:00:00+00:00, run_after=2024-05-03 08:00:00+00:00
[2024-05-03T10:43:07.605+0000] {processor.py:183} INFO - Processing /home/airflow/.local/lib/python3.12/site-packages/airflow/example_dags/example_latest_only_with_trigger.py took 0.063 seconds
[2024-05-03T10:43:38.173+0000] {processor.py:161} INFO - Started process (PID=735) to work on /home/airflow/.local/lib/python3.12/site-packages/airflow/example_dags/example_latest_only_with_trigger.py
[2024-05-03T10:43:38.174+0000] {processor.py:830} INFO - Processing file /home/airflow/.local/lib/python3.12/site-packages/airflow/example_dags/example_latest_only_with_trigger.py for tasks to queue
[2024-05-03T10:43:38.175+0000] {logging_mixin.py:188} INFO - [2024-05-03T10:43:38.175+0000] {dagbag.py:540} INFO - Filling up the DagBag from /home/airflow/.local/lib/python3.12/site-packages/airflow/example_dags/example_latest_only_with_trigger.py
[2024-05-03T10:43:38.180+0000] {processor.py:840} INFO - DAG(s) 'latest_only_with_trigger' retrieved from /home/airflow/.local/lib/python3.12/site-packages/airflow/example_dags/example_latest_only_with_trigger.py
[2024-05-03T10:43:38.195+0000] {logging_mixin.py:188} INFO - [2024-05-03T10:43:38.195+0000] {dag.py:3096} INFO - Sync 1 DAGs
[2024-05-03T10:43:38.214+0000] {logging_mixin.py:188} INFO - [2024-05-03T10:43:38.214+0000] {dag.py:3954} INFO - Setting next_dagrun for latest_only_with_trigger to 2024-05-03 04:00:00+00:00, run_after=2024-05-03 08:00:00+00:00
[2024-05-03T10:43:38.231+0000] {processor.py:183} INFO - Processing /home/airflow/.local/lib/python3.12/site-packages/airflow/example_dags/example_latest_only_with_trigger.py took 0.062 seconds
[2024-05-03T10:44:08.416+0000] {processor.py:161} INFO - Started process (PID=793) to work on /home/airflow/.local/lib/python3.12/site-packages/airflow/example_dags/example_latest_only_with_trigger.py
[2024-05-03T10:44:08.417+0000] {processor.py:830} INFO - Processing file /home/airflow/.local/lib/python3.12/site-packages/airflow/example_dags/example_latest_only_with_trigger.py for tasks to queue
[2024-05-03T10:44:08.419+0000] {logging_mixin.py:188} INFO - [2024-05-03T10:44:08.418+0000] {dagbag.py:540} INFO - Filling up the DagBag from /home/airflow/.local/lib/python3.12/site-packages/airflow/example_dags/example_latest_only_with_trigger.py
[2024-05-03T10:44:08.423+0000] {processor.py:840} INFO - DAG(s) 'latest_only_with_trigger' retrieved from /home/airflow/.local/lib/python3.12/site-packages/airflow/example_dags/example_latest_only_with_trigger.py
[2024-05-03T10:44:08.439+0000] {logging_mixin.py:188} INFO - [2024-05-03T10:44:08.439+0000] {dag.py:3096} INFO - Sync 1 DAGs
[2024-05-03T10:44:08.459+0000] {logging_mixin.py:188} INFO - [2024-05-03T10:44:08.459+0000] {dag.py:3954} INFO - Setting next_dagrun for latest_only_with_trigger to 2024-05-03 04:00:00+00:00, run_after=2024-05-03 08:00:00+00:00
[2024-05-03T10:44:08.479+0000] {processor.py:183} INFO - Processing /home/airflow/.local/lib/python3.12/site-packages/airflow/example_dags/example_latest_only_with_trigger.py took 0.067 seconds
[2024-05-03T10:44:38.648+0000] {processor.py:161} INFO - Started process (PID=851) to work on /home/airflow/.local/lib/python3.12/site-packages/airflow/example_dags/example_latest_only_with_trigger.py
[2024-05-03T10:44:38.651+0000] {processor.py:830} INFO - Processing file /home/airflow/.local/lib/python3.12/site-packages/airflow/example_dags/example_latest_only_with_trigger.py for tasks to queue
[2024-05-03T10:44:38.655+0000] {logging_mixin.py:188} INFO - [2024-05-03T10:44:38.654+0000] {dagbag.py:540} INFO - Filling up the DagBag from /home/airflow/.local/lib/python3.12/site-packages/airflow/example_dags/example_latest_only_with_trigger.py
[2024-05-03T10:44:38.670+0000] {processor.py:840} INFO - DAG(s) 'latest_only_with_trigger' retrieved from /home/airflow/.local/lib/python3.12/site-packages/airflow/example_dags/example_latest_only_with_trigger.py
[2024-05-03T10:44:38.715+0000] {logging_mixin.py:188} INFO - [2024-05-03T10:44:38.714+0000] {dag.py:3096} INFO - Sync 1 DAGs
[2024-05-03T10:44:38.761+0000] {logging_mixin.py:188} INFO - [2024-05-03T10:44:38.761+0000] {dag.py:3954} INFO - Setting next_dagrun for latest_only_with_trigger to 2024-05-03 04:00:00+00:00, run_after=2024-05-03 08:00:00+00:00
[2024-05-03T10:44:38.796+0000] {processor.py:183} INFO - Processing /home/airflow/.local/lib/python3.12/site-packages/airflow/example_dags/example_latest_only_with_trigger.py took 0.161 seconds
[2024-05-03T10:45:09.204+0000] {processor.py:161} INFO - Started process (PID=909) to work on /home/airflow/.local/lib/python3.12/site-packages/airflow/example_dags/example_latest_only_with_trigger.py
[2024-05-03T10:45:09.205+0000] {processor.py:830} INFO - Processing file /home/airflow/.local/lib/python3.12/site-packages/airflow/example_dags/example_latest_only_with_trigger.py for tasks to queue
[2024-05-03T10:45:09.206+0000] {logging_mixin.py:188} INFO - [2024-05-03T10:45:09.206+0000] {dagbag.py:540} INFO - Filling up the DagBag from /home/airflow/.local/lib/python3.12/site-packages/airflow/example_dags/example_latest_only_with_trigger.py
[2024-05-03T10:45:09.210+0000] {processor.py:840} INFO - DAG(s) 'latest_only_with_trigger' retrieved from /home/airflow/.local/lib/python3.12/site-packages/airflow/example_dags/example_latest_only_with_trigger.py
[2024-05-03T10:45:09.226+0000] {logging_mixin.py:188} INFO - [2024-05-03T10:45:09.226+0000] {dag.py:3096} INFO - Sync 1 DAGs
[2024-05-03T10:45:09.243+0000] {logging_mixin.py:188} INFO - [2024-05-03T10:45:09.243+0000] {dag.py:3954} INFO - Setting next_dagrun for latest_only_with_trigger to 2024-05-03 04:00:00+00:00, run_after=2024-05-03 08:00:00+00:00
[2024-05-03T10:45:09.258+0000] {processor.py:183} INFO - Processing /home/airflow/.local/lib/python3.12/site-packages/airflow/example_dags/example_latest_only_with_trigger.py took 0.059 seconds
[2024-05-03T10:45:39.613+0000] {processor.py:161} INFO - Started process (PID=968) to work on /home/airflow/.local/lib/python3.12/site-packages/airflow/example_dags/example_latest_only_with_trigger.py
[2024-05-03T10:45:39.613+0000] {processor.py:830} INFO - Processing file /home/airflow/.local/lib/python3.12/site-packages/airflow/example_dags/example_latest_only_with_trigger.py for tasks to queue
[2024-05-03T10:45:39.615+0000] {logging_mixin.py:188} INFO - [2024-05-03T10:45:39.615+0000] {dagbag.py:540} INFO - Filling up the DagBag from /home/airflow/.local/lib/python3.12/site-packages/airflow/example_dags/example_latest_only_with_trigger.py
[2024-05-03T10:45:39.619+0000] {processor.py:840} INFO - DAG(s) 'latest_only_with_trigger' retrieved from /home/airflow/.local/lib/python3.12/site-packages/airflow/example_dags/example_latest_only_with_trigger.py
[2024-05-03T10:45:39.635+0000] {logging_mixin.py:188} INFO - [2024-05-03T10:45:39.635+0000] {dag.py:3096} INFO - Sync 1 DAGs
[2024-05-03T10:45:39.653+0000] {logging_mixin.py:188} INFO - [2024-05-03T10:45:39.653+0000] {dag.py:3954} INFO - Setting next_dagrun for latest_only_with_trigger to 2024-05-03 04:00:00+00:00, run_after=2024-05-03 08:00:00+00:00
[2024-05-03T10:45:39.785+0000] {processor.py:183} INFO - Processing /home/airflow/.local/lib/python3.12/site-packages/airflow/example_dags/example_latest_only_with_trigger.py took 0.177 seconds
[2024-05-03T10:46:09.982+0000] {processor.py:161} INFO - Started process (PID=1026) to work on /home/airflow/.local/lib/python3.12/site-packages/airflow/example_dags/example_latest_only_with_trigger.py
[2024-05-03T10:46:09.983+0000] {processor.py:830} INFO - Processing file /home/airflow/.local/lib/python3.12/site-packages/airflow/example_dags/example_latest_only_with_trigger.py for tasks to queue
[2024-05-03T10:46:09.984+0000] {logging_mixin.py:188} INFO - [2024-05-03T10:46:09.984+0000] {dagbag.py:540} INFO - Filling up the DagBag from /home/airflow/.local/lib/python3.12/site-packages/airflow/example_dags/example_latest_only_with_trigger.py
[2024-05-03T10:46:09.989+0000] {processor.py:840} INFO - DAG(s) 'latest_only_with_trigger' retrieved from /home/airflow/.local/lib/python3.12/site-packages/airflow/example_dags/example_latest_only_with_trigger.py
[2024-05-03T10:46:10.005+0000] {logging_mixin.py:188} INFO - [2024-05-03T10:46:10.004+0000] {dag.py:3096} INFO - Sync 1 DAGs
[2024-05-03T10:46:10.023+0000] {logging_mixin.py:188} INFO - [2024-05-03T10:46:10.023+0000] {dag.py:3954} INFO - Setting next_dagrun for latest_only_with_trigger to 2024-05-03 04:00:00+00:00, run_after=2024-05-03 08:00:00+00:00
[2024-05-03T10:46:10.158+0000] {processor.py:183} INFO - Processing /home/airflow/.local/lib/python3.12/site-packages/airflow/example_dags/example_latest_only_with_trigger.py took 0.181 seconds
[2024-05-03T10:46:40.671+0000] {processor.py:161} INFO - Started process (PID=1084) to work on /home/airflow/.local/lib/python3.12/site-packages/airflow/example_dags/example_latest_only_with_trigger.py
[2024-05-03T10:46:40.672+0000] {processor.py:830} INFO - Processing file /home/airflow/.local/lib/python3.12/site-packages/airflow/example_dags/example_latest_only_with_trigger.py for tasks to queue
[2024-05-03T10:46:40.674+0000] {logging_mixin.py:188} INFO - [2024-05-03T10:46:40.674+0000] {dagbag.py:540} INFO - Filling up the DagBag from /home/airflow/.local/lib/python3.12/site-packages/airflow/example_dags/example_latest_only_with_trigger.py
[2024-05-03T10:46:40.679+0000] {processor.py:840} INFO - DAG(s) 'latest_only_with_trigger' retrieved from /home/airflow/.local/lib/python3.12/site-packages/airflow/example_dags/example_latest_only_with_trigger.py
[2024-05-03T10:46:40.697+0000] {logging_mixin.py:188} INFO - [2024-05-03T10:46:40.696+0000] {dag.py:3096} INFO - Sync 1 DAGs
[2024-05-03T10:46:40.716+0000] {logging_mixin.py:188} INFO - [2024-05-03T10:46:40.716+0000] {dag.py:3954} INFO - Setting next_dagrun for latest_only_with_trigger to 2024-05-03 04:00:00+00:00, run_after=2024-05-03 08:00:00+00:00
[2024-05-03T10:46:40.734+0000] {processor.py:183} INFO - Processing /home/airflow/.local/lib/python3.12/site-packages/airflow/example_dags/example_latest_only_with_trigger.py took 0.068 seconds
[2024-05-03T10:47:10.992+0000] {processor.py:161} INFO - Started process (PID=1142) to work on /home/airflow/.local/lib/python3.12/site-packages/airflow/example_dags/example_latest_only_with_trigger.py
[2024-05-03T10:47:10.993+0000] {processor.py:830} INFO - Processing file /home/airflow/.local/lib/python3.12/site-packages/airflow/example_dags/example_latest_only_with_trigger.py for tasks to queue
[2024-05-03T10:47:10.994+0000] {logging_mixin.py:188} INFO - [2024-05-03T10:47:10.994+0000] {dagbag.py:540} INFO - Filling up the DagBag from /home/airflow/.local/lib/python3.12/site-packages/airflow/example_dags/example_latest_only_with_trigger.py
[2024-05-03T10:47:10.998+0000] {processor.py:840} INFO - DAG(s) 'latest_only_with_trigger' retrieved from /home/airflow/.local/lib/python3.12/site-packages/airflow/example_dags/example_latest_only_with_trigger.py
[2024-05-03T10:47:11.015+0000] {logging_mixin.py:188} INFO - [2024-05-03T10:47:11.015+0000] {dag.py:3096} INFO - Sync 1 DAGs
[2024-05-03T10:47:11.032+0000] {logging_mixin.py:188} INFO - [2024-05-03T10:47:11.032+0000] {dag.py:3954} INFO - Setting next_dagrun for latest_only_with_trigger to 2024-05-03 04:00:00+00:00, run_after=2024-05-03 08:00:00+00:00
[2024-05-03T10:47:11.047+0000] {processor.py:183} INFO - Processing /home/airflow/.local/lib/python3.12/site-packages/airflow/example_dags/example_latest_only_with_trigger.py took 0.060 seconds
[2024-05-03T10:47:41.149+0000] {processor.py:161} INFO - Started process (PID=1200) to work on /home/airflow/.local/lib/python3.12/site-packages/airflow/example_dags/example_latest_only_with_trigger.py
[2024-05-03T10:47:41.150+0000] {processor.py:830} INFO - Processing file /home/airflow/.local/lib/python3.12/site-packages/airflow/example_dags/example_latest_only_with_trigger.py for tasks to queue
[2024-05-03T10:47:41.151+0000] {logging_mixin.py:188} INFO - [2024-05-03T10:47:41.151+0000] {dagbag.py:540} INFO - Filling up the DagBag from /home/airflow/.local/lib/python3.12/site-packages/airflow/example_dags/example_latest_only_with_trigger.py
[2024-05-03T10:47:41.156+0000] {processor.py:840} INFO - DAG(s) 'latest_only_with_trigger' retrieved from /home/airflow/.local/lib/python3.12/site-packages/airflow/example_dags/example_latest_only_with_trigger.py
[2024-05-03T10:47:41.171+0000] {logging_mixin.py:188} INFO - [2024-05-03T10:47:41.171+0000] {dag.py:3096} INFO - Sync 1 DAGs
[2024-05-03T10:47:41.190+0000] {logging_mixin.py:188} INFO - [2024-05-03T10:47:41.190+0000] {dag.py:3954} INFO - Setting next_dagrun for latest_only_with_trigger to 2024-05-03 04:00:00+00:00, run_after=2024-05-03 08:00:00+00:00
[2024-05-03T10:47:41.207+0000] {processor.py:183} INFO - Processing /home/airflow/.local/lib/python3.12/site-packages/airflow/example_dags/example_latest_only_with_trigger.py took 0.063 seconds
[2024-05-03T10:48:11.493+0000] {processor.py:161} INFO - Started process (PID=1258) to work on /home/airflow/.local/lib/python3.12/site-packages/airflow/example_dags/example_latest_only_with_trigger.py
[2024-05-03T10:48:11.494+0000] {processor.py:830} INFO - Processing file /home/airflow/.local/lib/python3.12/site-packages/airflow/example_dags/example_latest_only_with_trigger.py for tasks to queue
[2024-05-03T10:48:11.495+0000] {logging_mixin.py:188} INFO - [2024-05-03T10:48:11.495+0000] {dagbag.py:540} INFO - Filling up the DagBag from /home/airflow/.local/lib/python3.12/site-packages/airflow/example_dags/example_latest_only_with_trigger.py
[2024-05-03T10:48:11.627+0000] {processor.py:840} INFO - DAG(s) 'latest_only_with_trigger' retrieved from /home/airflow/.local/lib/python3.12/site-packages/airflow/example_dags/example_latest_only_with_trigger.py
[2024-05-03T10:48:11.642+0000] {logging_mixin.py:188} INFO - [2024-05-03T10:48:11.642+0000] {dag.py:3096} INFO - Sync 1 DAGs
[2024-05-03T10:48:11.657+0000] {logging_mixin.py:188} INFO - [2024-05-03T10:48:11.657+0000] {dag.py:3954} INFO - Setting next_dagrun for latest_only_with_trigger to 2024-05-03 04:00:00+00:00, run_after=2024-05-03 08:00:00+00:00
[2024-05-03T10:48:11.672+0000] {processor.py:183} INFO - Processing /home/airflow/.local/lib/python3.12/site-packages/airflow/example_dags/example_latest_only_with_trigger.py took 0.183 seconds
[2024-05-03T10:48:42.068+0000] {processor.py:161} INFO - Started process (PID=1316) to work on /home/airflow/.local/lib/python3.12/site-packages/airflow/example_dags/example_latest_only_with_trigger.py
[2024-05-03T10:48:42.069+0000] {processor.py:830} INFO - Processing file /home/airflow/.local/lib/python3.12/site-packages/airflow/example_dags/example_latest_only_with_trigger.py for tasks to queue
[2024-05-03T10:48:42.071+0000] {logging_mixin.py:188} INFO - [2024-05-03T10:48:42.071+0000] {dagbag.py:540} INFO - Filling up the DagBag from /home/airflow/.local/lib/python3.12/site-packages/airflow/example_dags/example_latest_only_with_trigger.py
[2024-05-03T10:48:42.077+0000] {processor.py:840} INFO - DAG(s) 'latest_only_with_trigger' retrieved from /home/airflow/.local/lib/python3.12/site-packages/airflow/example_dags/example_latest_only_with_trigger.py
[2024-05-03T10:48:42.095+0000] {logging_mixin.py:188} INFO - [2024-05-03T10:48:42.094+0000] {dag.py:3096} INFO - Sync 1 DAGs
[2024-05-03T10:48:42.114+0000] {logging_mixin.py:188} INFO - [2024-05-03T10:48:42.114+0000] {dag.py:3954} INFO - Setting next_dagrun for latest_only_with_trigger to 2024-05-03 04:00:00+00:00, run_after=2024-05-03 08:00:00+00:00
[2024-05-03T10:48:42.130+0000] {processor.py:183} INFO - Processing /home/airflow/.local/lib/python3.12/site-packages/airflow/example_dags/example_latest_only_with_trigger.py took 0.068 seconds
[2024-05-03T10:49:12.315+0000] {processor.py:161} INFO - Started process (PID=1374) to work on /home/airflow/.local/lib/python3.12/site-packages/airflow/example_dags/example_latest_only_with_trigger.py
[2024-05-03T10:49:12.316+0000] {processor.py:830} INFO - Processing file /home/airflow/.local/lib/python3.12/site-packages/airflow/example_dags/example_latest_only_with_trigger.py for tasks to queue
[2024-05-03T10:49:12.318+0000] {logging_mixin.py:188} INFO - [2024-05-03T10:49:12.318+0000] {dagbag.py:540} INFO - Filling up the DagBag from /home/airflow/.local/lib/python3.12/site-packages/airflow/example_dags/example_latest_only_with_trigger.py
[2024-05-03T10:49:12.323+0000] {processor.py:840} INFO - DAG(s) 'latest_only_with_trigger' retrieved from /home/airflow/.local/lib/python3.12/site-packages/airflow/example_dags/example_latest_only_with_trigger.py
[2024-05-03T10:49:12.340+0000] {logging_mixin.py:188} INFO - [2024-05-03T10:49:12.340+0000] {dag.py:3096} INFO - Sync 1 DAGs
[2024-05-03T10:49:12.360+0000] {logging_mixin.py:188} INFO - [2024-05-03T10:49:12.360+0000] {dag.py:3954} INFO - Setting next_dagrun for latest_only_with_trigger to 2024-05-03 04:00:00+00:00, run_after=2024-05-03 08:00:00+00:00
[2024-05-03T10:49:12.378+0000] {processor.py:183} INFO - Processing /home/airflow/.local/lib/python3.12/site-packages/airflow/example_dags/example_latest_only_with_trigger.py took 0.069 seconds
[2024-05-03T10:49:42.749+0000] {processor.py:161} INFO - Started process (PID=1432) to work on /home/airflow/.local/lib/python3.12/site-packages/airflow/example_dags/example_latest_only_with_trigger.py
[2024-05-03T10:49:42.750+0000] {processor.py:830} INFO - Processing file /home/airflow/.local/lib/python3.12/site-packages/airflow/example_dags/example_latest_only_with_trigger.py for tasks to queue
[2024-05-03T10:49:42.752+0000] {logging_mixin.py:188} INFO - [2024-05-03T10:49:42.752+0000] {dagbag.py:540} INFO - Filling up the DagBag from /home/airflow/.local/lib/python3.12/site-packages/airflow/example_dags/example_latest_only_with_trigger.py
[2024-05-03T10:49:42.756+0000] {processor.py:840} INFO - DAG(s) 'latest_only_with_trigger' retrieved from /home/airflow/.local/lib/python3.12/site-packages/airflow/example_dags/example_latest_only_with_trigger.py
[2024-05-03T10:49:42.774+0000] {logging_mixin.py:188} INFO - [2024-05-03T10:49:42.774+0000] {dag.py:3096} INFO - Sync 1 DAGs
[2024-05-03T10:49:42.793+0000] {logging_mixin.py:188} INFO - [2024-05-03T10:49:42.792+0000] {dag.py:3954} INFO - Setting next_dagrun for latest_only_with_trigger to 2024-05-03 04:00:00+00:00, run_after=2024-05-03 08:00:00+00:00
[2024-05-03T10:49:42.809+0000] {processor.py:183} INFO - Processing /home/airflow/.local/lib/python3.12/site-packages/airflow/example_dags/example_latest_only_with_trigger.py took 0.065 seconds
[2024-05-03T10:50:13.061+0000] {processor.py:161} INFO - Started process (PID=1490) to work on /home/airflow/.local/lib/python3.12/site-packages/airflow/example_dags/example_latest_only_with_trigger.py
[2024-05-03T10:50:13.062+0000] {processor.py:830} INFO - Processing file /home/airflow/.local/lib/python3.12/site-packages/airflow/example_dags/example_latest_only_with_trigger.py for tasks to queue
[2024-05-03T10:50:13.064+0000] {logging_mixin.py:188} INFO - [2024-05-03T10:50:13.063+0000] {dagbag.py:540} INFO - Filling up the DagBag from /home/airflow/.local/lib/python3.12/site-packages/airflow/example_dags/example_latest_only_with_trigger.py
[2024-05-03T10:50:13.068+0000] {processor.py:840} INFO - DAG(s) 'latest_only_with_trigger' retrieved from /home/airflow/.local/lib/python3.12/site-packages/airflow/example_dags/example_latest_only_with_trigger.py
[2024-05-03T10:50:13.086+0000] {logging_mixin.py:188} INFO - [2024-05-03T10:50:13.085+0000] {dag.py:3096} INFO - Sync 1 DAGs
[2024-05-03T10:50:13.105+0000] {logging_mixin.py:188} INFO - [2024-05-03T10:50:13.104+0000] {dag.py:3954} INFO - Setting next_dagrun for latest_only_with_trigger to 2024-05-03 04:00:00+00:00, run_after=2024-05-03 08:00:00+00:00
[2024-05-03T10:50:13.122+0000] {processor.py:183} INFO - Processing /home/airflow/.local/lib/python3.12/site-packages/airflow/example_dags/example_latest_only_with_trigger.py took 0.065 seconds
[2024-05-03T10:50:43.258+0000] {processor.py:161} INFO - Started process (PID=1548) to work on /home/airflow/.local/lib/python3.12/site-packages/airflow/example_dags/example_latest_only_with_trigger.py
[2024-05-03T10:50:43.259+0000] {processor.py:830} INFO - Processing file /home/airflow/.local/lib/python3.12/site-packages/airflow/example_dags/example_latest_only_with_trigger.py for tasks to queue
[2024-05-03T10:50:43.261+0000] {logging_mixin.py:188} INFO - [2024-05-03T10:50:43.261+0000] {dagbag.py:540} INFO - Filling up the DagBag from /home/airflow/.local/lib/python3.12/site-packages/airflow/example_dags/example_latest_only_with_trigger.py
[2024-05-03T10:50:43.265+0000] {processor.py:840} INFO - DAG(s) 'latest_only_with_trigger' retrieved from /home/airflow/.local/lib/python3.12/site-packages/airflow/example_dags/example_latest_only_with_trigger.py
[2024-05-03T10:50:43.282+0000] {logging_mixin.py:188} INFO - [2024-05-03T10:50:43.282+0000] {dag.py:3096} INFO - Sync 1 DAGs
[2024-05-03T10:50:43.302+0000] {logging_mixin.py:188} INFO - [2024-05-03T10:50:43.302+0000] {dag.py:3954} INFO - Setting next_dagrun for latest_only_with_trigger to 2024-05-03 04:00:00+00:00, run_after=2024-05-03 08:00:00+00:00
[2024-05-03T10:50:43.319+0000] {processor.py:183} INFO - Processing /home/airflow/.local/lib/python3.12/site-packages/airflow/example_dags/example_latest_only_with_trigger.py took 0.066 seconds
[2024-05-03T10:51:13.454+0000] {processor.py:161} INFO - Started process (PID=1606) to work on /home/airflow/.local/lib/python3.12/site-packages/airflow/example_dags/example_latest_only_with_trigger.py
[2024-05-03T10:51:13.455+0000] {processor.py:830} INFO - Processing file /home/airflow/.local/lib/python3.12/site-packages/airflow/example_dags/example_latest_only_with_trigger.py for tasks to queue
[2024-05-03T10:51:13.456+0000] {logging_mixin.py:188} INFO - [2024-05-03T10:51:13.456+0000] {dagbag.py:540} INFO - Filling up the DagBag from /home/airflow/.local/lib/python3.12/site-packages/airflow/example_dags/example_latest_only_with_trigger.py
[2024-05-03T10:51:13.461+0000] {processor.py:840} INFO - DAG(s) 'latest_only_with_trigger' retrieved from /home/airflow/.local/lib/python3.12/site-packages/airflow/example_dags/example_latest_only_with_trigger.py
[2024-05-03T10:51:13.477+0000] {logging_mixin.py:188} INFO - [2024-05-03T10:51:13.477+0000] {dag.py:3096} INFO - Sync 1 DAGs
[2024-05-03T10:51:13.495+0000] {logging_mixin.py:188} INFO - [2024-05-03T10:51:13.495+0000] {dag.py:3954} INFO - Setting next_dagrun for latest_only_with_trigger to 2024-05-03 04:00:00+00:00, run_after=2024-05-03 08:00:00+00:00
[2024-05-03T10:51:13.512+0000] {processor.py:183} INFO - Processing /home/airflow/.local/lib/python3.12/site-packages/airflow/example_dags/example_latest_only_with_trigger.py took 0.063 seconds
[2024-05-03T10:51:43.691+0000] {processor.py:161} INFO - Started process (PID=1664) to work on /home/airflow/.local/lib/python3.12/site-packages/airflow/example_dags/example_latest_only_with_trigger.py
[2024-05-03T10:51:43.692+0000] {processor.py:830} INFO - Processing file /home/airflow/.local/lib/python3.12/site-packages/airflow/example_dags/example_latest_only_with_trigger.py for tasks to queue
[2024-05-03T10:51:43.694+0000] {logging_mixin.py:188} INFO - [2024-05-03T10:51:43.694+0000] {dagbag.py:540} INFO - Filling up the DagBag from /home/airflow/.local/lib/python3.12/site-packages/airflow/example_dags/example_latest_only_with_trigger.py
[2024-05-03T10:51:43.698+0000] {processor.py:840} INFO - DAG(s) 'latest_only_with_trigger' retrieved from /home/airflow/.local/lib/python3.12/site-packages/airflow/example_dags/example_latest_only_with_trigger.py
[2024-05-03T10:51:43.715+0000] {logging_mixin.py:188} INFO - [2024-05-03T10:51:43.714+0000] {dag.py:3096} INFO - Sync 1 DAGs
[2024-05-03T10:51:43.733+0000] {logging_mixin.py:188} INFO - [2024-05-03T10:51:43.733+0000] {dag.py:3954} INFO - Setting next_dagrun for latest_only_with_trigger to 2024-05-03 04:00:00+00:00, run_after=2024-05-03 08:00:00+00:00
[2024-05-03T10:51:43.750+0000] {processor.py:183} INFO - Processing /home/airflow/.local/lib/python3.12/site-packages/airflow/example_dags/example_latest_only_with_trigger.py took 0.063 seconds
[2024-05-03T10:52:13.944+0000] {processor.py:161} INFO - Started process (PID=1722) to work on /home/airflow/.local/lib/python3.12/site-packages/airflow/example_dags/example_latest_only_with_trigger.py
[2024-05-03T10:52:13.945+0000] {processor.py:830} INFO - Processing file /home/airflow/.local/lib/python3.12/site-packages/airflow/example_dags/example_latest_only_with_trigger.py for tasks to queue
[2024-05-03T10:52:13.947+0000] {logging_mixin.py:188} INFO - [2024-05-03T10:52:13.947+0000] {dagbag.py:540} INFO - Filling up the DagBag from /home/airflow/.local/lib/python3.12/site-packages/airflow/example_dags/example_latest_only_with_trigger.py
[2024-05-03T10:52:13.951+0000] {processor.py:840} INFO - DAG(s) 'latest_only_with_trigger' retrieved from /home/airflow/.local/lib/python3.12/site-packages/airflow/example_dags/example_latest_only_with_trigger.py
[2024-05-03T10:52:13.968+0000] {logging_mixin.py:188} INFO - [2024-05-03T10:52:13.968+0000] {dag.py:3096} INFO - Sync 1 DAGs
[2024-05-03T10:52:13.987+0000] {logging_mixin.py:188} INFO - [2024-05-03T10:52:13.987+0000] {dag.py:3954} INFO - Setting next_dagrun for latest_only_with_trigger to 2024-05-03 04:00:00+00:00, run_after=2024-05-03 08:00:00+00:00
[2024-05-03T10:52:14.003+0000] {processor.py:183} INFO - Processing /home/airflow/.local/lib/python3.12/site-packages/airflow/example_dags/example_latest_only_with_trigger.py took 0.064 seconds
[2024-05-03T10:52:44.338+0000] {processor.py:161} INFO - Started process (PID=1780) to work on /home/airflow/.local/lib/python3.12/site-packages/airflow/example_dags/example_latest_only_with_trigger.py
[2024-05-03T10:52:44.339+0000] {processor.py:830} INFO - Processing file /home/airflow/.local/lib/python3.12/site-packages/airflow/example_dags/example_latest_only_with_trigger.py for tasks to queue
[2024-05-03T10:52:44.341+0000] {logging_mixin.py:188} INFO - [2024-05-03T10:52:44.340+0000] {dagbag.py:540} INFO - Filling up the DagBag from /home/airflow/.local/lib/python3.12/site-packages/airflow/example_dags/example_latest_only_with_trigger.py
[2024-05-03T10:52:44.345+0000] {processor.py:840} INFO - DAG(s) 'latest_only_with_trigger' retrieved from /home/airflow/.local/lib/python3.12/site-packages/airflow/example_dags/example_latest_only_with_trigger.py
[2024-05-03T10:52:44.361+0000] {logging_mixin.py:188} INFO - [2024-05-03T10:52:44.361+0000] {dag.py:3096} INFO - Sync 1 DAGs
[2024-05-03T10:52:44.381+0000] {logging_mixin.py:188} INFO - [2024-05-03T10:52:44.381+0000] {dag.py:3954} INFO - Setting next_dagrun for latest_only_with_trigger to 2024-05-03 04:00:00+00:00, run_after=2024-05-03 08:00:00+00:00
[2024-05-03T10:52:44.397+0000] {processor.py:183} INFO - Processing /home/airflow/.local/lib/python3.12/site-packages/airflow/example_dags/example_latest_only_with_trigger.py took 0.063 seconds
[2024-05-03T10:53:14.505+0000] {processor.py:161} INFO - Started process (PID=1838) to work on /home/airflow/.local/lib/python3.12/site-packages/airflow/example_dags/example_latest_only_with_trigger.py
[2024-05-03T10:53:14.506+0000] {processor.py:830} INFO - Processing file /home/airflow/.local/lib/python3.12/site-packages/airflow/example_dags/example_latest_only_with_trigger.py for tasks to queue
[2024-05-03T10:53:14.508+0000] {logging_mixin.py:188} INFO - [2024-05-03T10:53:14.508+0000] {dagbag.py:540} INFO - Filling up the DagBag from /home/airflow/.local/lib/python3.12/site-packages/airflow/example_dags/example_latest_only_with_trigger.py
[2024-05-03T10:53:14.512+0000] {processor.py:840} INFO - DAG(s) 'latest_only_with_trigger' retrieved from /home/airflow/.local/lib/python3.12/site-packages/airflow/example_dags/example_latest_only_with_trigger.py
[2024-05-03T10:53:14.528+0000] {logging_mixin.py:188} INFO - [2024-05-03T10:53:14.528+0000] {dag.py:3096} INFO - Sync 1 DAGs
[2024-05-03T10:53:14.547+0000] {logging_mixin.py:188} INFO - [2024-05-03T10:53:14.547+0000] {dag.py:3954} INFO - Setting next_dagrun for latest_only_with_trigger to 2024-05-03 04:00:00+00:00, run_after=2024-05-03 08:00:00+00:00
[2024-05-03T10:53:14.563+0000] {processor.py:183} INFO - Processing /home/airflow/.local/lib/python3.12/site-packages/airflow/example_dags/example_latest_only_with_trigger.py took 0.062 seconds
[2024-05-03T10:53:44.723+0000] {processor.py:161} INFO - Started process (PID=1897) to work on /home/airflow/.local/lib/python3.12/site-packages/airflow/example_dags/example_latest_only_with_trigger.py
[2024-05-03T10:53:44.724+0000] {processor.py:830} INFO - Processing file /home/airflow/.local/lib/python3.12/site-packages/airflow/example_dags/example_latest_only_with_trigger.py for tasks to queue
[2024-05-03T10:53:44.726+0000] {logging_mixin.py:188} INFO - [2024-05-03T10:53:44.726+0000] {dagbag.py:540} INFO - Filling up the DagBag from /home/airflow/.local/lib/python3.12/site-packages/airflow/example_dags/example_latest_only_with_trigger.py
[2024-05-03T10:53:44.730+0000] {processor.py:840} INFO - DAG(s) 'latest_only_with_trigger' retrieved from /home/airflow/.local/lib/python3.12/site-packages/airflow/example_dags/example_latest_only_with_trigger.py
[2024-05-03T10:53:44.748+0000] {logging_mixin.py:188} INFO - [2024-05-03T10:53:44.747+0000] {dag.py:3096} INFO - Sync 1 DAGs
[2024-05-03T10:53:44.768+0000] {logging_mixin.py:188} INFO - [2024-05-03T10:53:44.768+0000] {dag.py:3954} INFO - Setting next_dagrun for latest_only_with_trigger to 2024-05-03 04:00:00+00:00, run_after=2024-05-03 08:00:00+00:00
[2024-05-03T10:53:44.785+0000] {processor.py:183} INFO - Processing /home/airflow/.local/lib/python3.12/site-packages/airflow/example_dags/example_latest_only_with_trigger.py took 0.067 seconds
[2024-05-03T10:54:15.265+0000] {processor.py:161} INFO - Started process (PID=1961) to work on /home/airflow/.local/lib/python3.12/site-packages/airflow/example_dags/example_latest_only_with_trigger.py
[2024-05-03T10:54:15.266+0000] {processor.py:830} INFO - Processing file /home/airflow/.local/lib/python3.12/site-packages/airflow/example_dags/example_latest_only_with_trigger.py for tasks to queue
[2024-05-03T10:54:15.268+0000] {logging_mixin.py:188} INFO - [2024-05-03T10:54:15.268+0000] {dagbag.py:540} INFO - Filling up the DagBag from /home/airflow/.local/lib/python3.12/site-packages/airflow/example_dags/example_latest_only_with_trigger.py
[2024-05-03T10:54:15.274+0000] {processor.py:840} INFO - DAG(s) 'latest_only_with_trigger' retrieved from /home/airflow/.local/lib/python3.12/site-packages/airflow/example_dags/example_latest_only_with_trigger.py
[2024-05-03T10:54:15.292+0000] {logging_mixin.py:188} INFO - [2024-05-03T10:54:15.291+0000] {dag.py:3096} INFO - Sync 1 DAGs
[2024-05-03T10:54:15.313+0000] {logging_mixin.py:188} INFO - [2024-05-03T10:54:15.312+0000] {dag.py:3954} INFO - Setting next_dagrun for latest_only_with_trigger to 2024-05-03 04:00:00+00:00, run_after=2024-05-03 08:00:00+00:00
[2024-05-03T10:54:15.335+0000] {processor.py:183} INFO - Processing /home/airflow/.local/lib/python3.12/site-packages/airflow/example_dags/example_latest_only_with_trigger.py took 0.075 seconds
[2024-05-03T10:54:45.578+0000] {processor.py:161} INFO - Started process (PID=2019) to work on /home/airflow/.local/lib/python3.12/site-packages/airflow/example_dags/example_latest_only_with_trigger.py
[2024-05-03T10:54:45.579+0000] {processor.py:830} INFO - Processing file /home/airflow/.local/lib/python3.12/site-packages/airflow/example_dags/example_latest_only_with_trigger.py for tasks to queue
[2024-05-03T10:54:45.580+0000] {logging_mixin.py:188} INFO - [2024-05-03T10:54:45.580+0000] {dagbag.py:540} INFO - Filling up the DagBag from /home/airflow/.local/lib/python3.12/site-packages/airflow/example_dags/example_latest_only_with_trigger.py
[2024-05-03T10:54:45.585+0000] {processor.py:840} INFO - DAG(s) 'latest_only_with_trigger' retrieved from /home/airflow/.local/lib/python3.12/site-packages/airflow/example_dags/example_latest_only_with_trigger.py
[2024-05-03T10:54:45.601+0000] {logging_mixin.py:188} INFO - [2024-05-03T10:54:45.601+0000] {dag.py:3096} INFO - Sync 1 DAGs
[2024-05-03T10:54:45.621+0000] {logging_mixin.py:188} INFO - [2024-05-03T10:54:45.621+0000] {dag.py:3954} INFO - Setting next_dagrun for latest_only_with_trigger to 2024-05-03 04:00:00+00:00, run_after=2024-05-03 08:00:00+00:00
[2024-05-03T10:54:45.637+0000] {processor.py:183} INFO - Processing /home/airflow/.local/lib/python3.12/site-packages/airflow/example_dags/example_latest_only_with_trigger.py took 0.064 seconds
[2024-05-03T10:55:15.748+0000] {processor.py:161} INFO - Started process (PID=2077) to work on /home/airflow/.local/lib/python3.12/site-packages/airflow/example_dags/example_latest_only_with_trigger.py
[2024-05-03T10:55:15.749+0000] {processor.py:830} INFO - Processing file /home/airflow/.local/lib/python3.12/site-packages/airflow/example_dags/example_latest_only_with_trigger.py for tasks to queue
[2024-05-03T10:55:15.751+0000] {logging_mixin.py:188} INFO - [2024-05-03T10:55:15.750+0000] {dagbag.py:540} INFO - Filling up the DagBag from /home/airflow/.local/lib/python3.12/site-packages/airflow/example_dags/example_latest_only_with_trigger.py
[2024-05-03T10:55:15.755+0000] {processor.py:840} INFO - DAG(s) 'latest_only_with_trigger' retrieved from /home/airflow/.local/lib/python3.12/site-packages/airflow/example_dags/example_latest_only_with_trigger.py
[2024-05-03T10:55:15.771+0000] {logging_mixin.py:188} INFO - [2024-05-03T10:55:15.771+0000] {dag.py:3096} INFO - Sync 1 DAGs
[2024-05-03T10:55:15.790+0000] {logging_mixin.py:188} INFO - [2024-05-03T10:55:15.789+0000] {dag.py:3954} INFO - Setting next_dagrun for latest_only_with_trigger to 2024-05-03 04:00:00+00:00, run_after=2024-05-03 08:00:00+00:00
[2024-05-03T10:55:15.805+0000] {processor.py:183} INFO - Processing /home/airflow/.local/lib/python3.12/site-packages/airflow/example_dags/example_latest_only_with_trigger.py took 0.062 seconds
[2024-05-03T10:55:45.906+0000] {processor.py:161} INFO - Started process (PID=2135) to work on /home/airflow/.local/lib/python3.12/site-packages/airflow/example_dags/example_latest_only_with_trigger.py
[2024-05-03T10:55:45.907+0000] {processor.py:830} INFO - Processing file /home/airflow/.local/lib/python3.12/site-packages/airflow/example_dags/example_latest_only_with_trigger.py for tasks to queue
[2024-05-03T10:55:45.909+0000] {logging_mixin.py:188} INFO - [2024-05-03T10:55:45.908+0000] {dagbag.py:540} INFO - Filling up the DagBag from /home/airflow/.local/lib/python3.12/site-packages/airflow/example_dags/example_latest_only_with_trigger.py
[2024-05-03T10:55:45.913+0000] {processor.py:840} INFO - DAG(s) 'latest_only_with_trigger' retrieved from /home/airflow/.local/lib/python3.12/site-packages/airflow/example_dags/example_latest_only_with_trigger.py
[2024-05-03T10:55:45.930+0000] {logging_mixin.py:188} INFO - [2024-05-03T10:55:45.930+0000] {dag.py:3096} INFO - Sync 1 DAGs
[2024-05-03T10:55:45.950+0000] {logging_mixin.py:188} INFO - [2024-05-03T10:55:45.950+0000] {dag.py:3954} INFO - Setting next_dagrun for latest_only_with_trigger to 2024-05-03 04:00:00+00:00, run_after=2024-05-03 08:00:00+00:00
[2024-05-03T10:55:45.965+0000] {processor.py:183} INFO - Processing /home/airflow/.local/lib/python3.12/site-packages/airflow/example_dags/example_latest_only_with_trigger.py took 0.063 seconds
[2024-05-03T10:56:16.278+0000] {processor.py:161} INFO - Started process (PID=2193) to work on /home/airflow/.local/lib/python3.12/site-packages/airflow/example_dags/example_latest_only_with_trigger.py
[2024-05-03T10:56:16.279+0000] {processor.py:830} INFO - Processing file /home/airflow/.local/lib/python3.12/site-packages/airflow/example_dags/example_latest_only_with_trigger.py for tasks to queue
[2024-05-03T10:56:16.281+0000] {logging_mixin.py:188} INFO - [2024-05-03T10:56:16.280+0000] {dagbag.py:540} INFO - Filling up the DagBag from /home/airflow/.local/lib/python3.12/site-packages/airflow/example_dags/example_latest_only_with_trigger.py
[2024-05-03T10:56:16.285+0000] {processor.py:840} INFO - DAG(s) 'latest_only_with_trigger' retrieved from /home/airflow/.local/lib/python3.12/site-packages/airflow/example_dags/example_latest_only_with_trigger.py
[2024-05-03T10:56:16.304+0000] {logging_mixin.py:188} INFO - [2024-05-03T10:56:16.304+0000] {dag.py:3096} INFO - Sync 1 DAGs
[2024-05-03T10:56:16.323+0000] {logging_mixin.py:188} INFO - [2024-05-03T10:56:16.323+0000] {dag.py:3954} INFO - Setting next_dagrun for latest_only_with_trigger to 2024-05-03 04:00:00+00:00, run_after=2024-05-03 08:00:00+00:00
[2024-05-03T10:56:16.341+0000] {processor.py:183} INFO - Processing /home/airflow/.local/lib/python3.12/site-packages/airflow/example_dags/example_latest_only_with_trigger.py took 0.069 seconds
[2024-05-03T10:56:46.442+0000] {processor.py:161} INFO - Started process (PID=2251) to work on /home/airflow/.local/lib/python3.12/site-packages/airflow/example_dags/example_latest_only_with_trigger.py
[2024-05-03T10:56:46.443+0000] {processor.py:830} INFO - Processing file /home/airflow/.local/lib/python3.12/site-packages/airflow/example_dags/example_latest_only_with_trigger.py for tasks to queue
[2024-05-03T10:56:46.444+0000] {logging_mixin.py:188} INFO - [2024-05-03T10:56:46.444+0000] {dagbag.py:540} INFO - Filling up the DagBag from /home/airflow/.local/lib/python3.12/site-packages/airflow/example_dags/example_latest_only_with_trigger.py
[2024-05-03T10:56:46.449+0000] {processor.py:840} INFO - DAG(s) 'latest_only_with_trigger' retrieved from /home/airflow/.local/lib/python3.12/site-packages/airflow/example_dags/example_latest_only_with_trigger.py
[2024-05-03T10:56:46.466+0000] {logging_mixin.py:188} INFO - [2024-05-03T10:56:46.465+0000] {dag.py:3096} INFO - Sync 1 DAGs
[2024-05-03T10:56:46.485+0000] {logging_mixin.py:188} INFO - [2024-05-03T10:56:46.485+0000] {dag.py:3954} INFO - Setting next_dagrun for latest_only_with_trigger to 2024-05-03 04:00:00+00:00, run_after=2024-05-03 08:00:00+00:00
[2024-05-03T10:56:46.502+0000] {processor.py:183} INFO - Processing /home/airflow/.local/lib/python3.12/site-packages/airflow/example_dags/example_latest_only_with_trigger.py took 0.065 seconds
[2024-05-03T10:57:16.611+0000] {processor.py:161} INFO - Started process (PID=2309) to work on /home/airflow/.local/lib/python3.12/site-packages/airflow/example_dags/example_latest_only_with_trigger.py
[2024-05-03T10:57:16.612+0000] {processor.py:830} INFO - Processing file /home/airflow/.local/lib/python3.12/site-packages/airflow/example_dags/example_latest_only_with_trigger.py for tasks to queue
[2024-05-03T10:57:16.614+0000] {logging_mixin.py:188} INFO - [2024-05-03T10:57:16.613+0000] {dagbag.py:540} INFO - Filling up the DagBag from /home/airflow/.local/lib/python3.12/site-packages/airflow/example_dags/example_latest_only_with_trigger.py
[2024-05-03T10:57:16.618+0000] {processor.py:840} INFO - DAG(s) 'latest_only_with_trigger' retrieved from /home/airflow/.local/lib/python3.12/site-packages/airflow/example_dags/example_latest_only_with_trigger.py
[2024-05-03T10:57:16.635+0000] {logging_mixin.py:188} INFO - [2024-05-03T10:57:16.635+0000] {dag.py:3096} INFO - Sync 1 DAGs
[2024-05-03T10:57:16.654+0000] {logging_mixin.py:188} INFO - [2024-05-03T10:57:16.654+0000] {dag.py:3954} INFO - Setting next_dagrun for latest_only_with_trigger to 2024-05-03 04:00:00+00:00, run_after=2024-05-03 08:00:00+00:00
[2024-05-03T10:57:16.670+0000] {processor.py:183} INFO - Processing /home/airflow/.local/lib/python3.12/site-packages/airflow/example_dags/example_latest_only_with_trigger.py took 0.064 seconds
[2024-05-03T10:57:46.765+0000] {processor.py:161} INFO - Started process (PID=2367) to work on /home/airflow/.local/lib/python3.12/site-packages/airflow/example_dags/example_latest_only_with_trigger.py
[2024-05-03T10:57:46.766+0000] {processor.py:830} INFO - Processing file /home/airflow/.local/lib/python3.12/site-packages/airflow/example_dags/example_latest_only_with_trigger.py for tasks to queue
[2024-05-03T10:57:46.767+0000] {logging_mixin.py:188} INFO - [2024-05-03T10:57:46.767+0000] {dagbag.py:540} INFO - Filling up the DagBag from /home/airflow/.local/lib/python3.12/site-packages/airflow/example_dags/example_latest_only_with_trigger.py
[2024-05-03T10:57:46.771+0000] {processor.py:840} INFO - DAG(s) 'latest_only_with_trigger' retrieved from /home/airflow/.local/lib/python3.12/site-packages/airflow/example_dags/example_latest_only_with_trigger.py
[2024-05-03T10:57:46.787+0000] {logging_mixin.py:188} INFO - [2024-05-03T10:57:46.787+0000] {dag.py:3096} INFO - Sync 1 DAGs
[2024-05-03T10:57:46.805+0000] {logging_mixin.py:188} INFO - [2024-05-03T10:57:46.805+0000] {dag.py:3954} INFO - Setting next_dagrun for latest_only_with_trigger to 2024-05-03 04:00:00+00:00, run_after=2024-05-03 08:00:00+00:00
[2024-05-03T10:57:46.821+0000] {processor.py:183} INFO - Processing /home/airflow/.local/lib/python3.12/site-packages/airflow/example_dags/example_latest_only_with_trigger.py took 0.060 seconds
[2024-05-03T10:58:16.981+0000] {processor.py:161} INFO - Started process (PID=2426) to work on /home/airflow/.local/lib/python3.12/site-packages/airflow/example_dags/example_latest_only_with_trigger.py
[2024-05-03T10:58:16.982+0000] {processor.py:830} INFO - Processing file /home/airflow/.local/lib/python3.12/site-packages/airflow/example_dags/example_latest_only_with_trigger.py for tasks to queue
[2024-05-03T10:58:16.984+0000] {logging_mixin.py:188} INFO - [2024-05-03T10:58:16.983+0000] {dagbag.py:540} INFO - Filling up the DagBag from /home/airflow/.local/lib/python3.12/site-packages/airflow/example_dags/example_latest_only_with_trigger.py
[2024-05-03T10:58:16.988+0000] {processor.py:840} INFO - DAG(s) 'latest_only_with_trigger' retrieved from /home/airflow/.local/lib/python3.12/site-packages/airflow/example_dags/example_latest_only_with_trigger.py
[2024-05-03T10:58:17.004+0000] {logging_mixin.py:188} INFO - [2024-05-03T10:58:17.004+0000] {dag.py:3096} INFO - Sync 1 DAGs
[2024-05-03T10:58:17.024+0000] {logging_mixin.py:188} INFO - [2024-05-03T10:58:17.024+0000] {dag.py:3954} INFO - Setting next_dagrun for latest_only_with_trigger to 2024-05-03 04:00:00+00:00, run_after=2024-05-03 08:00:00+00:00
[2024-05-03T10:58:17.041+0000] {processor.py:183} INFO - Processing /home/airflow/.local/lib/python3.12/site-packages/airflow/example_dags/example_latest_only_with_trigger.py took 0.065 seconds
