[2024-05-03T10:37:32.874+0000] {processor.py:161} INFO - Started process (PID=50) to work on /home/airflow/.local/lib/python3.12/site-packages/airflow/example_dags/example_complex.py
[2024-05-03T10:37:32.876+0000] {processor.py:830} INFO - Processing file /home/airflow/.local/lib/python3.12/site-packages/airflow/example_dags/example_complex.py for tasks to queue
[2024-05-03T10:37:32.881+0000] {logging_mixin.py:188} INFO - [2024-05-03T10:37:32.880+0000] {dagbag.py:540} INFO - Filling up the DagBag from /home/airflow/.local/lib/python3.12/site-packages/airflow/example_dags/example_complex.py
[2024-05-03T10:37:32.896+0000] {processor.py:840} INFO - DAG(s) 'example_complex' retrieved from /home/airflow/.local/lib/python3.12/site-packages/airflow/example_dags/example_complex.py
[2024-05-03T10:37:33.011+0000] {logging_mixin.py:188} INFO - [2024-05-03T10:37:33.011+0000] {dag.py:3096} INFO - Sync 1 DAGs
[2024-05-03T10:37:33.023+0000] {logging_mixin.py:188} INFO - [2024-05-03T10:37:33.023+0000] {dag.py:3954} INFO - Setting next_dagrun for example_complex to None, run_after=None
[2024-05-03T10:37:33.043+0000] {processor.py:183} INFO - Processing /home/airflow/.local/lib/python3.12/site-packages/airflow/example_dags/example_complex.py took 0.180 seconds
[2024-05-03T10:38:03.872+0000] {processor.py:161} INFO - Started process (PID=108) to work on /home/airflow/.local/lib/python3.12/site-packages/airflow/example_dags/example_complex.py
[2024-05-03T10:38:03.873+0000] {processor.py:830} INFO - Processing file /home/airflow/.local/lib/python3.12/site-packages/airflow/example_dags/example_complex.py for tasks to queue
[2024-05-03T10:38:03.875+0000] {logging_mixin.py:188} INFO - [2024-05-03T10:38:03.875+0000] {dagbag.py:540} INFO - Filling up the DagBag from /home/airflow/.local/lib/python3.12/site-packages/airflow/example_dags/example_complex.py
[2024-05-03T10:38:03.883+0000] {processor.py:840} INFO - DAG(s) 'example_complex' retrieved from /home/airflow/.local/lib/python3.12/site-packages/airflow/example_dags/example_complex.py
[2024-05-03T10:38:03.908+0000] {logging_mixin.py:188} INFO - [2024-05-03T10:38:03.908+0000] {dag.py:3096} INFO - Sync 1 DAGs
[2024-05-03T10:38:03.919+0000] {logging_mixin.py:188} INFO - [2024-05-03T10:38:03.918+0000] {dag.py:3954} INFO - Setting next_dagrun for example_complex to None, run_after=None
[2024-05-03T10:38:03.934+0000] {processor.py:183} INFO - Processing /home/airflow/.local/lib/python3.12/site-packages/airflow/example_dags/example_complex.py took 0.067 seconds
[2024-05-03T10:38:34.579+0000] {processor.py:161} INFO - Started process (PID=166) to work on /home/airflow/.local/lib/python3.12/site-packages/airflow/example_dags/example_complex.py
[2024-05-03T10:38:34.580+0000] {processor.py:830} INFO - Processing file /home/airflow/.local/lib/python3.12/site-packages/airflow/example_dags/example_complex.py for tasks to queue
[2024-05-03T10:38:34.581+0000] {logging_mixin.py:188} INFO - [2024-05-03T10:38:34.581+0000] {dagbag.py:540} INFO - Filling up the DagBag from /home/airflow/.local/lib/python3.12/site-packages/airflow/example_dags/example_complex.py
[2024-05-03T10:38:34.597+0000] {processor.py:840} INFO - DAG(s) 'example_complex' retrieved from /home/airflow/.local/lib/python3.12/site-packages/airflow/example_dags/example_complex.py
[2024-05-03T10:38:34.626+0000] {logging_mixin.py:188} INFO - [2024-05-03T10:38:34.626+0000] {dag.py:3096} INFO - Sync 1 DAGs
[2024-05-03T10:38:34.648+0000] {logging_mixin.py:188} INFO - [2024-05-03T10:38:34.646+0000] {dag.py:3954} INFO - Setting next_dagrun for example_complex to None, run_after=None
[2024-05-03T10:38:34.692+0000] {processor.py:183} INFO - Processing /home/airflow/.local/lib/python3.12/site-packages/airflow/example_dags/example_complex.py took 0.118 seconds
[2024-05-03T10:39:04.869+0000] {processor.py:161} INFO - Started process (PID=224) to work on /home/airflow/.local/lib/python3.12/site-packages/airflow/example_dags/example_complex.py
[2024-05-03T10:39:04.870+0000] {processor.py:830} INFO - Processing file /home/airflow/.local/lib/python3.12/site-packages/airflow/example_dags/example_complex.py for tasks to queue
[2024-05-03T10:39:04.871+0000] {logging_mixin.py:188} INFO - [2024-05-03T10:39:04.871+0000] {dagbag.py:540} INFO - Filling up the DagBag from /home/airflow/.local/lib/python3.12/site-packages/airflow/example_dags/example_complex.py
[2024-05-03T10:39:04.879+0000] {processor.py:840} INFO - DAG(s) 'example_complex' retrieved from /home/airflow/.local/lib/python3.12/site-packages/airflow/example_dags/example_complex.py
[2024-05-03T10:39:04.904+0000] {logging_mixin.py:188} INFO - [2024-05-03T10:39:04.904+0000] {dag.py:3096} INFO - Sync 1 DAGs
[2024-05-03T10:39:04.915+0000] {logging_mixin.py:188} INFO - [2024-05-03T10:39:04.915+0000] {dag.py:3954} INFO - Setting next_dagrun for example_complex to None, run_after=None
[2024-05-03T10:39:04.929+0000] {processor.py:183} INFO - Processing /home/airflow/.local/lib/python3.12/site-packages/airflow/example_dags/example_complex.py took 0.065 seconds
[2024-05-03T10:39:35.569+0000] {processor.py:161} INFO - Started process (PID=282) to work on /home/airflow/.local/lib/python3.12/site-packages/airflow/example_dags/example_complex.py
[2024-05-03T10:39:35.570+0000] {processor.py:830} INFO - Processing file /home/airflow/.local/lib/python3.12/site-packages/airflow/example_dags/example_complex.py for tasks to queue
[2024-05-03T10:39:35.572+0000] {logging_mixin.py:188} INFO - [2024-05-03T10:39:35.572+0000] {dagbag.py:540} INFO - Filling up the DagBag from /home/airflow/.local/lib/python3.12/site-packages/airflow/example_dags/example_complex.py
[2024-05-03T10:39:35.584+0000] {processor.py:840} INFO - DAG(s) 'example_complex' retrieved from /home/airflow/.local/lib/python3.12/site-packages/airflow/example_dags/example_complex.py
[2024-05-03T10:39:35.615+0000] {logging_mixin.py:188} INFO - [2024-05-03T10:39:35.614+0000] {dag.py:3096} INFO - Sync 1 DAGs
[2024-05-03T10:39:35.626+0000] {logging_mixin.py:188} INFO - [2024-05-03T10:39:35.626+0000] {dag.py:3954} INFO - Setting next_dagrun for example_complex to None, run_after=None
[2024-05-03T10:39:35.646+0000] {processor.py:183} INFO - Processing /home/airflow/.local/lib/python3.12/site-packages/airflow/example_dags/example_complex.py took 0.084 seconds
[2024-05-03T10:40:06.070+0000] {processor.py:161} INFO - Started process (PID=340) to work on /home/airflow/.local/lib/python3.12/site-packages/airflow/example_dags/example_complex.py
[2024-05-03T10:40:06.071+0000] {processor.py:830} INFO - Processing file /home/airflow/.local/lib/python3.12/site-packages/airflow/example_dags/example_complex.py for tasks to queue
[2024-05-03T10:40:06.073+0000] {logging_mixin.py:188} INFO - [2024-05-03T10:40:06.073+0000] {dagbag.py:540} INFO - Filling up the DagBag from /home/airflow/.local/lib/python3.12/site-packages/airflow/example_dags/example_complex.py
[2024-05-03T10:40:06.085+0000] {processor.py:840} INFO - DAG(s) 'example_complex' retrieved from /home/airflow/.local/lib/python3.12/site-packages/airflow/example_dags/example_complex.py
[2024-05-03T10:40:06.116+0000] {logging_mixin.py:188} INFO - [2024-05-03T10:40:06.116+0000] {dag.py:3096} INFO - Sync 1 DAGs
[2024-05-03T10:40:06.127+0000] {logging_mixin.py:188} INFO - [2024-05-03T10:40:06.127+0000] {dag.py:3954} INFO - Setting next_dagrun for example_complex to None, run_after=None
[2024-05-03T10:40:06.143+0000] {processor.py:183} INFO - Processing /home/airflow/.local/lib/python3.12/site-packages/airflow/example_dags/example_complex.py took 0.079 seconds
[2024-05-03T10:40:36.513+0000] {processor.py:161} INFO - Started process (PID=398) to work on /home/airflow/.local/lib/python3.12/site-packages/airflow/example_dags/example_complex.py
[2024-05-03T10:40:36.514+0000] {processor.py:830} INFO - Processing file /home/airflow/.local/lib/python3.12/site-packages/airflow/example_dags/example_complex.py for tasks to queue
[2024-05-03T10:40:36.515+0000] {logging_mixin.py:188} INFO - [2024-05-03T10:40:36.515+0000] {dagbag.py:540} INFO - Filling up the DagBag from /home/airflow/.local/lib/python3.12/site-packages/airflow/example_dags/example_complex.py
[2024-05-03T10:40:36.524+0000] {processor.py:840} INFO - DAG(s) 'example_complex' retrieved from /home/airflow/.local/lib/python3.12/site-packages/airflow/example_dags/example_complex.py
[2024-05-03T10:40:36.548+0000] {logging_mixin.py:188} INFO - [2024-05-03T10:40:36.548+0000] {dag.py:3096} INFO - Sync 1 DAGs
[2024-05-03T10:40:36.559+0000] {logging_mixin.py:188} INFO - [2024-05-03T10:40:36.559+0000] {dag.py:3954} INFO - Setting next_dagrun for example_complex to None, run_after=None
[2024-05-03T10:40:36.575+0000] {processor.py:183} INFO - Processing /home/airflow/.local/lib/python3.12/site-packages/airflow/example_dags/example_complex.py took 0.067 seconds
[2024-05-03T10:41:07.128+0000] {processor.py:161} INFO - Started process (PID=456) to work on /home/airflow/.local/lib/python3.12/site-packages/airflow/example_dags/example_complex.py
[2024-05-03T10:41:07.129+0000] {processor.py:830} INFO - Processing file /home/airflow/.local/lib/python3.12/site-packages/airflow/example_dags/example_complex.py for tasks to queue
[2024-05-03T10:41:07.130+0000] {logging_mixin.py:188} INFO - [2024-05-03T10:41:07.130+0000] {dagbag.py:540} INFO - Filling up the DagBag from /home/airflow/.local/lib/python3.12/site-packages/airflow/example_dags/example_complex.py
[2024-05-03T10:41:07.138+0000] {processor.py:840} INFO - DAG(s) 'example_complex' retrieved from /home/airflow/.local/lib/python3.12/site-packages/airflow/example_dags/example_complex.py
[2024-05-03T10:41:07.167+0000] {logging_mixin.py:188} INFO - [2024-05-03T10:41:07.166+0000] {dag.py:3096} INFO - Sync 1 DAGs
[2024-05-03T10:41:07.177+0000] {logging_mixin.py:188} INFO - [2024-05-03T10:41:07.177+0000] {dag.py:3954} INFO - Setting next_dagrun for example_complex to None, run_after=None
[2024-05-03T10:41:07.195+0000] {processor.py:183} INFO - Processing /home/airflow/.local/lib/python3.12/site-packages/airflow/example_dags/example_complex.py took 0.072 seconds
[2024-05-03T10:41:37.651+0000] {processor.py:161} INFO - Started process (PID=514) to work on /home/airflow/.local/lib/python3.12/site-packages/airflow/example_dags/example_complex.py
[2024-05-03T10:41:37.653+0000] {processor.py:830} INFO - Processing file /home/airflow/.local/lib/python3.12/site-packages/airflow/example_dags/example_complex.py for tasks to queue
[2024-05-03T10:41:37.656+0000] {logging_mixin.py:188} INFO - [2024-05-03T10:41:37.655+0000] {dagbag.py:540} INFO - Filling up the DagBag from /home/airflow/.local/lib/python3.12/site-packages/airflow/example_dags/example_complex.py
[2024-05-03T10:41:37.678+0000] {processor.py:840} INFO - DAG(s) 'example_complex' retrieved from /home/airflow/.local/lib/python3.12/site-packages/airflow/example_dags/example_complex.py
[2024-05-03T10:41:37.709+0000] {logging_mixin.py:188} INFO - [2024-05-03T10:41:37.708+0000] {dag.py:3096} INFO - Sync 1 DAGs
[2024-05-03T10:41:37.721+0000] {logging_mixin.py:188} INFO - [2024-05-03T10:41:37.721+0000] {dag.py:3954} INFO - Setting next_dagrun for example_complex to None, run_after=None
[2024-05-03T10:41:37.740+0000] {processor.py:183} INFO - Processing /home/airflow/.local/lib/python3.12/site-packages/airflow/example_dags/example_complex.py took 0.099 seconds
[2024-05-03T10:42:08.109+0000] {processor.py:161} INFO - Started process (PID=572) to work on /home/airflow/.local/lib/python3.12/site-packages/airflow/example_dags/example_complex.py
[2024-05-03T10:42:08.110+0000] {processor.py:830} INFO - Processing file /home/airflow/.local/lib/python3.12/site-packages/airflow/example_dags/example_complex.py for tasks to queue
[2024-05-03T10:42:08.112+0000] {logging_mixin.py:188} INFO - [2024-05-03T10:42:08.112+0000] {dagbag.py:540} INFO - Filling up the DagBag from /home/airflow/.local/lib/python3.12/site-packages/airflow/example_dags/example_complex.py
[2024-05-03T10:42:08.120+0000] {processor.py:840} INFO - DAG(s) 'example_complex' retrieved from /home/airflow/.local/lib/python3.12/site-packages/airflow/example_dags/example_complex.py
[2024-05-03T10:42:08.144+0000] {logging_mixin.py:188} INFO - [2024-05-03T10:42:08.144+0000] {dag.py:3096} INFO - Sync 1 DAGs
[2024-05-03T10:42:08.154+0000] {logging_mixin.py:188} INFO - [2024-05-03T10:42:08.154+0000] {dag.py:3954} INFO - Setting next_dagrun for example_complex to None, run_after=None
[2024-05-03T10:42:08.170+0000] {processor.py:183} INFO - Processing /home/airflow/.local/lib/python3.12/site-packages/airflow/example_dags/example_complex.py took 0.065 seconds
[2024-05-03T10:42:38.987+0000] {processor.py:161} INFO - Started process (PID=630) to work on /home/airflow/.local/lib/python3.12/site-packages/airflow/example_dags/example_complex.py
[2024-05-03T10:42:38.988+0000] {processor.py:830} INFO - Processing file /home/airflow/.local/lib/python3.12/site-packages/airflow/example_dags/example_complex.py for tasks to queue
[2024-05-03T10:42:38.989+0000] {logging_mixin.py:188} INFO - [2024-05-03T10:42:38.989+0000] {dagbag.py:540} INFO - Filling up the DagBag from /home/airflow/.local/lib/python3.12/site-packages/airflow/example_dags/example_complex.py
[2024-05-03T10:42:38.998+0000] {processor.py:840} INFO - DAG(s) 'example_complex' retrieved from /home/airflow/.local/lib/python3.12/site-packages/airflow/example_dags/example_complex.py
[2024-05-03T10:42:39.026+0000] {logging_mixin.py:188} INFO - [2024-05-03T10:42:39.025+0000] {dag.py:3096} INFO - Sync 1 DAGs
[2024-05-03T10:42:39.037+0000] {logging_mixin.py:188} INFO - [2024-05-03T10:42:39.036+0000] {dag.py:3954} INFO - Setting next_dagrun for example_complex to None, run_after=None
[2024-05-03T10:42:39.054+0000] {processor.py:183} INFO - Processing /home/airflow/.local/lib/python3.12/site-packages/airflow/example_dags/example_complex.py took 0.072 seconds
[2024-05-03T10:43:09.286+0000] {processor.py:161} INFO - Started process (PID=688) to work on /home/airflow/.local/lib/python3.12/site-packages/airflow/example_dags/example_complex.py
[2024-05-03T10:43:09.286+0000] {processor.py:830} INFO - Processing file /home/airflow/.local/lib/python3.12/site-packages/airflow/example_dags/example_complex.py for tasks to queue
[2024-05-03T10:43:09.288+0000] {logging_mixin.py:188} INFO - [2024-05-03T10:43:09.288+0000] {dagbag.py:540} INFO - Filling up the DagBag from /home/airflow/.local/lib/python3.12/site-packages/airflow/example_dags/example_complex.py
[2024-05-03T10:43:09.295+0000] {processor.py:840} INFO - DAG(s) 'example_complex' retrieved from /home/airflow/.local/lib/python3.12/site-packages/airflow/example_dags/example_complex.py
[2024-05-03T10:43:09.322+0000] {logging_mixin.py:188} INFO - [2024-05-03T10:43:09.322+0000] {dag.py:3096} INFO - Sync 1 DAGs
[2024-05-03T10:43:09.333+0000] {logging_mixin.py:188} INFO - [2024-05-03T10:43:09.333+0000] {dag.py:3954} INFO - Setting next_dagrun for example_complex to None, run_after=None
[2024-05-03T10:43:09.350+0000] {processor.py:183} INFO - Processing /home/airflow/.local/lib/python3.12/site-packages/airflow/example_dags/example_complex.py took 0.069 seconds
[2024-05-03T10:43:39.656+0000] {processor.py:161} INFO - Started process (PID=746) to work on /home/airflow/.local/lib/python3.12/site-packages/airflow/example_dags/example_complex.py
[2024-05-03T10:43:39.657+0000] {processor.py:830} INFO - Processing file /home/airflow/.local/lib/python3.12/site-packages/airflow/example_dags/example_complex.py for tasks to queue
[2024-05-03T10:43:39.658+0000] {logging_mixin.py:188} INFO - [2024-05-03T10:43:39.658+0000] {dagbag.py:540} INFO - Filling up the DagBag from /home/airflow/.local/lib/python3.12/site-packages/airflow/example_dags/example_complex.py
[2024-05-03T10:43:39.665+0000] {processor.py:840} INFO - DAG(s) 'example_complex' retrieved from /home/airflow/.local/lib/python3.12/site-packages/airflow/example_dags/example_complex.py
[2024-05-03T10:43:39.691+0000] {logging_mixin.py:188} INFO - [2024-05-03T10:43:39.691+0000] {dag.py:3096} INFO - Sync 1 DAGs
[2024-05-03T10:43:39.701+0000] {logging_mixin.py:188} INFO - [2024-05-03T10:43:39.701+0000] {dag.py:3954} INFO - Setting next_dagrun for example_complex to None, run_after=None
[2024-05-03T10:43:39.717+0000] {processor.py:183} INFO - Processing /home/airflow/.local/lib/python3.12/site-packages/airflow/example_dags/example_complex.py took 0.066 seconds
[2024-05-03T10:44:09.981+0000] {processor.py:161} INFO - Started process (PID=804) to work on /home/airflow/.local/lib/python3.12/site-packages/airflow/example_dags/example_complex.py
[2024-05-03T10:44:09.982+0000] {processor.py:830} INFO - Processing file /home/airflow/.local/lib/python3.12/site-packages/airflow/example_dags/example_complex.py for tasks to queue
[2024-05-03T10:44:09.984+0000] {logging_mixin.py:188} INFO - [2024-05-03T10:44:09.983+0000] {dagbag.py:540} INFO - Filling up the DagBag from /home/airflow/.local/lib/python3.12/site-packages/airflow/example_dags/example_complex.py
[2024-05-03T10:44:09.993+0000] {processor.py:840} INFO - DAG(s) 'example_complex' retrieved from /home/airflow/.local/lib/python3.12/site-packages/airflow/example_dags/example_complex.py
[2024-05-03T10:44:10.032+0000] {logging_mixin.py:188} INFO - [2024-05-03T10:44:10.032+0000] {dag.py:3096} INFO - Sync 1 DAGs
[2024-05-03T10:44:10.048+0000] {logging_mixin.py:188} INFO - [2024-05-03T10:44:10.048+0000] {dag.py:3954} INFO - Setting next_dagrun for example_complex to None, run_after=None
[2024-05-03T10:44:10.068+0000] {processor.py:183} INFO - Processing /home/airflow/.local/lib/python3.12/site-packages/airflow/example_dags/example_complex.py took 0.093 seconds
[2024-05-03T10:44:40.250+0000] {processor.py:161} INFO - Started process (PID=862) to work on /home/airflow/.local/lib/python3.12/site-packages/airflow/example_dags/example_complex.py
[2024-05-03T10:44:40.251+0000] {processor.py:830} INFO - Processing file /home/airflow/.local/lib/python3.12/site-packages/airflow/example_dags/example_complex.py for tasks to queue
[2024-05-03T10:44:40.252+0000] {logging_mixin.py:188} INFO - [2024-05-03T10:44:40.252+0000] {dagbag.py:540} INFO - Filling up the DagBag from /home/airflow/.local/lib/python3.12/site-packages/airflow/example_dags/example_complex.py
[2024-05-03T10:44:40.260+0000] {processor.py:840} INFO - DAG(s) 'example_complex' retrieved from /home/airflow/.local/lib/python3.12/site-packages/airflow/example_dags/example_complex.py
[2024-05-03T10:44:40.286+0000] {logging_mixin.py:188} INFO - [2024-05-03T10:44:40.286+0000] {dag.py:3096} INFO - Sync 1 DAGs
[2024-05-03T10:44:40.297+0000] {logging_mixin.py:188} INFO - [2024-05-03T10:44:40.296+0000] {dag.py:3954} INFO - Setting next_dagrun for example_complex to None, run_after=None
[2024-05-03T10:44:40.314+0000] {processor.py:183} INFO - Processing /home/airflow/.local/lib/python3.12/site-packages/airflow/example_dags/example_complex.py took 0.069 seconds
[2024-05-03T10:45:10.686+0000] {processor.py:161} INFO - Started process (PID=920) to work on /home/airflow/.local/lib/python3.12/site-packages/airflow/example_dags/example_complex.py
[2024-05-03T10:45:10.687+0000] {processor.py:830} INFO - Processing file /home/airflow/.local/lib/python3.12/site-packages/airflow/example_dags/example_complex.py for tasks to queue
[2024-05-03T10:45:10.688+0000] {logging_mixin.py:188} INFO - [2024-05-03T10:45:10.688+0000] {dagbag.py:540} INFO - Filling up the DagBag from /home/airflow/.local/lib/python3.12/site-packages/airflow/example_dags/example_complex.py
[2024-05-03T10:45:10.696+0000] {processor.py:840} INFO - DAG(s) 'example_complex' retrieved from /home/airflow/.local/lib/python3.12/site-packages/airflow/example_dags/example_complex.py
[2024-05-03T10:45:10.722+0000] {logging_mixin.py:188} INFO - [2024-05-03T10:45:10.722+0000] {dag.py:3096} INFO - Sync 1 DAGs
[2024-05-03T10:45:10.732+0000] {logging_mixin.py:188} INFO - [2024-05-03T10:45:10.732+0000] {dag.py:3954} INFO - Setting next_dagrun for example_complex to None, run_after=None
[2024-05-03T10:45:10.747+0000] {processor.py:183} INFO - Processing /home/airflow/.local/lib/python3.12/site-packages/airflow/example_dags/example_complex.py took 0.066 seconds
[2024-05-03T10:45:41.338+0000] {processor.py:161} INFO - Started process (PID=979) to work on /home/airflow/.local/lib/python3.12/site-packages/airflow/example_dags/example_complex.py
[2024-05-03T10:45:41.339+0000] {processor.py:830} INFO - Processing file /home/airflow/.local/lib/python3.12/site-packages/airflow/example_dags/example_complex.py for tasks to queue
[2024-05-03T10:45:41.341+0000] {logging_mixin.py:188} INFO - [2024-05-03T10:45:41.341+0000] {dagbag.py:540} INFO - Filling up the DagBag from /home/airflow/.local/lib/python3.12/site-packages/airflow/example_dags/example_complex.py
[2024-05-03T10:45:41.349+0000] {processor.py:840} INFO - DAG(s) 'example_complex' retrieved from /home/airflow/.local/lib/python3.12/site-packages/airflow/example_dags/example_complex.py
[2024-05-03T10:45:41.390+0000] {logging_mixin.py:188} INFO - [2024-05-03T10:45:41.390+0000] {dag.py:3096} INFO - Sync 1 DAGs
[2024-05-03T10:45:41.407+0000] {logging_mixin.py:188} INFO - [2024-05-03T10:45:41.407+0000] {dag.py:3954} INFO - Setting next_dagrun for example_complex to None, run_after=None
[2024-05-03T10:45:41.441+0000] {processor.py:183} INFO - Processing /home/airflow/.local/lib/python3.12/site-packages/airflow/example_dags/example_complex.py took 0.107 seconds
[2024-05-03T10:46:12.023+0000] {processor.py:161} INFO - Started process (PID=1037) to work on /home/airflow/.local/lib/python3.12/site-packages/airflow/example_dags/example_complex.py
[2024-05-03T10:46:12.024+0000] {processor.py:830} INFO - Processing file /home/airflow/.local/lib/python3.12/site-packages/airflow/example_dags/example_complex.py for tasks to queue
[2024-05-03T10:46:12.025+0000] {logging_mixin.py:188} INFO - [2024-05-03T10:46:12.025+0000] {dagbag.py:540} INFO - Filling up the DagBag from /home/airflow/.local/lib/python3.12/site-packages/airflow/example_dags/example_complex.py
[2024-05-03T10:46:12.033+0000] {processor.py:840} INFO - DAG(s) 'example_complex' retrieved from /home/airflow/.local/lib/python3.12/site-packages/airflow/example_dags/example_complex.py
[2024-05-03T10:46:12.058+0000] {logging_mixin.py:188} INFO - [2024-05-03T10:46:12.058+0000] {dag.py:3096} INFO - Sync 1 DAGs
[2024-05-03T10:46:12.198+0000] {logging_mixin.py:188} INFO - [2024-05-03T10:46:12.198+0000] {dag.py:3954} INFO - Setting next_dagrun for example_complex to None, run_after=None
[2024-05-03T10:46:12.213+0000] {processor.py:183} INFO - Processing /home/airflow/.local/lib/python3.12/site-packages/airflow/example_dags/example_complex.py took 0.196 seconds
[2024-05-03T10:46:42.434+0000] {processor.py:161} INFO - Started process (PID=1095) to work on /home/airflow/.local/lib/python3.12/site-packages/airflow/example_dags/example_complex.py
[2024-05-03T10:46:42.435+0000] {processor.py:830} INFO - Processing file /home/airflow/.local/lib/python3.12/site-packages/airflow/example_dags/example_complex.py for tasks to queue
[2024-05-03T10:46:42.436+0000] {logging_mixin.py:188} INFO - [2024-05-03T10:46:42.436+0000] {dagbag.py:540} INFO - Filling up the DagBag from /home/airflow/.local/lib/python3.12/site-packages/airflow/example_dags/example_complex.py
[2024-05-03T10:46:42.444+0000] {processor.py:840} INFO - DAG(s) 'example_complex' retrieved from /home/airflow/.local/lib/python3.12/site-packages/airflow/example_dags/example_complex.py
[2024-05-03T10:46:42.469+0000] {logging_mixin.py:188} INFO - [2024-05-03T10:46:42.469+0000] {dag.py:3096} INFO - Sync 1 DAGs
[2024-05-03T10:46:42.480+0000] {logging_mixin.py:188} INFO - [2024-05-03T10:46:42.479+0000] {dag.py:3954} INFO - Setting next_dagrun for example_complex to None, run_after=None
[2024-05-03T10:46:42.495+0000] {processor.py:183} INFO - Processing /home/airflow/.local/lib/python3.12/site-packages/airflow/example_dags/example_complex.py took 0.066 seconds
[2024-05-03T10:47:12.573+0000] {processor.py:161} INFO - Started process (PID=1153) to work on /home/airflow/.local/lib/python3.12/site-packages/airflow/example_dags/example_complex.py
[2024-05-03T10:47:12.575+0000] {processor.py:830} INFO - Processing file /home/airflow/.local/lib/python3.12/site-packages/airflow/example_dags/example_complex.py for tasks to queue
[2024-05-03T10:47:12.577+0000] {logging_mixin.py:188} INFO - [2024-05-03T10:47:12.577+0000] {dagbag.py:540} INFO - Filling up the DagBag from /home/airflow/.local/lib/python3.12/site-packages/airflow/example_dags/example_complex.py
[2024-05-03T10:47:12.589+0000] {processor.py:840} INFO - DAG(s) 'example_complex' retrieved from /home/airflow/.local/lib/python3.12/site-packages/airflow/example_dags/example_complex.py
[2024-05-03T10:47:12.623+0000] {logging_mixin.py:188} INFO - [2024-05-03T10:47:12.623+0000] {dag.py:3096} INFO - Sync 1 DAGs
[2024-05-03T10:47:12.639+0000] {logging_mixin.py:188} INFO - [2024-05-03T10:47:12.638+0000] {dag.py:3954} INFO - Setting next_dagrun for example_complex to None, run_after=None
[2024-05-03T10:47:12.663+0000] {processor.py:183} INFO - Processing /home/airflow/.local/lib/python3.12/site-packages/airflow/example_dags/example_complex.py took 0.095 seconds
[2024-05-03T10:47:42.839+0000] {processor.py:161} INFO - Started process (PID=1211) to work on /home/airflow/.local/lib/python3.12/site-packages/airflow/example_dags/example_complex.py
[2024-05-03T10:47:42.841+0000] {processor.py:830} INFO - Processing file /home/airflow/.local/lib/python3.12/site-packages/airflow/example_dags/example_complex.py for tasks to queue
[2024-05-03T10:47:42.846+0000] {logging_mixin.py:188} INFO - [2024-05-03T10:47:42.845+0000] {dagbag.py:540} INFO - Filling up the DagBag from /home/airflow/.local/lib/python3.12/site-packages/airflow/example_dags/example_complex.py
[2024-05-03T10:47:42.856+0000] {processor.py:840} INFO - DAG(s) 'example_complex' retrieved from /home/airflow/.local/lib/python3.12/site-packages/airflow/example_dags/example_complex.py
[2024-05-03T10:47:42.888+0000] {logging_mixin.py:188} INFO - [2024-05-03T10:47:42.887+0000] {dag.py:3096} INFO - Sync 1 DAGs
[2024-05-03T10:47:42.900+0000] {logging_mixin.py:188} INFO - [2024-05-03T10:47:42.900+0000] {dag.py:3954} INFO - Setting next_dagrun for example_complex to None, run_after=None
[2024-05-03T10:47:42.918+0000] {processor.py:183} INFO - Processing /home/airflow/.local/lib/python3.12/site-packages/airflow/example_dags/example_complex.py took 0.086 seconds
[2024-05-03T10:48:13.440+0000] {processor.py:161} INFO - Started process (PID=1269) to work on /home/airflow/.local/lib/python3.12/site-packages/airflow/example_dags/example_complex.py
[2024-05-03T10:48:13.441+0000] {processor.py:830} INFO - Processing file /home/airflow/.local/lib/python3.12/site-packages/airflow/example_dags/example_complex.py for tasks to queue
[2024-05-03T10:48:13.442+0000] {logging_mixin.py:188} INFO - [2024-05-03T10:48:13.442+0000] {dagbag.py:540} INFO - Filling up the DagBag from /home/airflow/.local/lib/python3.12/site-packages/airflow/example_dags/example_complex.py
[2024-05-03T10:48:13.450+0000] {processor.py:840} INFO - DAG(s) 'example_complex' retrieved from /home/airflow/.local/lib/python3.12/site-packages/airflow/example_dags/example_complex.py
[2024-05-03T10:48:13.476+0000] {logging_mixin.py:188} INFO - [2024-05-03T10:48:13.475+0000] {dag.py:3096} INFO - Sync 1 DAGs
[2024-05-03T10:48:13.487+0000] {logging_mixin.py:188} INFO - [2024-05-03T10:48:13.486+0000] {dag.py:3954} INFO - Setting next_dagrun for example_complex to None, run_after=None
[2024-05-03T10:48:13.502+0000] {processor.py:183} INFO - Processing /home/airflow/.local/lib/python3.12/site-packages/airflow/example_dags/example_complex.py took 0.067 seconds
[2024-05-03T10:48:43.569+0000] {processor.py:161} INFO - Started process (PID=1327) to work on /home/airflow/.local/lib/python3.12/site-packages/airflow/example_dags/example_complex.py
[2024-05-03T10:48:43.570+0000] {processor.py:830} INFO - Processing file /home/airflow/.local/lib/python3.12/site-packages/airflow/example_dags/example_complex.py for tasks to queue
[2024-05-03T10:48:43.572+0000] {logging_mixin.py:188} INFO - [2024-05-03T10:48:43.571+0000] {dagbag.py:540} INFO - Filling up the DagBag from /home/airflow/.local/lib/python3.12/site-packages/airflow/example_dags/example_complex.py
[2024-05-03T10:48:43.580+0000] {processor.py:840} INFO - DAG(s) 'example_complex' retrieved from /home/airflow/.local/lib/python3.12/site-packages/airflow/example_dags/example_complex.py
[2024-05-03T10:48:43.607+0000] {logging_mixin.py:188} INFO - [2024-05-03T10:48:43.607+0000] {dag.py:3096} INFO - Sync 1 DAGs
[2024-05-03T10:48:43.618+0000] {logging_mixin.py:188} INFO - [2024-05-03T10:48:43.618+0000] {dag.py:3954} INFO - Setting next_dagrun for example_complex to None, run_after=None
[2024-05-03T10:48:43.635+0000] {processor.py:183} INFO - Processing /home/airflow/.local/lib/python3.12/site-packages/airflow/example_dags/example_complex.py took 0.071 seconds
[2024-05-03T10:49:13.824+0000] {processor.py:161} INFO - Started process (PID=1385) to work on /home/airflow/.local/lib/python3.12/site-packages/airflow/example_dags/example_complex.py
[2024-05-03T10:49:13.825+0000] {processor.py:830} INFO - Processing file /home/airflow/.local/lib/python3.12/site-packages/airflow/example_dags/example_complex.py for tasks to queue
[2024-05-03T10:49:13.826+0000] {logging_mixin.py:188} INFO - [2024-05-03T10:49:13.826+0000] {dagbag.py:540} INFO - Filling up the DagBag from /home/airflow/.local/lib/python3.12/site-packages/airflow/example_dags/example_complex.py
[2024-05-03T10:49:13.834+0000] {processor.py:840} INFO - DAG(s) 'example_complex' retrieved from /home/airflow/.local/lib/python3.12/site-packages/airflow/example_dags/example_complex.py
[2024-05-03T10:49:13.861+0000] {logging_mixin.py:188} INFO - [2024-05-03T10:49:13.860+0000] {dag.py:3096} INFO - Sync 1 DAGs
[2024-05-03T10:49:13.871+0000] {logging_mixin.py:188} INFO - [2024-05-03T10:49:13.871+0000] {dag.py:3954} INFO - Setting next_dagrun for example_complex to None, run_after=None
[2024-05-03T10:49:13.889+0000] {processor.py:183} INFO - Processing /home/airflow/.local/lib/python3.12/site-packages/airflow/example_dags/example_complex.py took 0.070 seconds
[2024-05-03T10:49:44.292+0000] {processor.py:161} INFO - Started process (PID=1443) to work on /home/airflow/.local/lib/python3.12/site-packages/airflow/example_dags/example_complex.py
[2024-05-03T10:49:44.293+0000] {processor.py:830} INFO - Processing file /home/airflow/.local/lib/python3.12/site-packages/airflow/example_dags/example_complex.py for tasks to queue
[2024-05-03T10:49:44.295+0000] {logging_mixin.py:188} INFO - [2024-05-03T10:49:44.295+0000] {dagbag.py:540} INFO - Filling up the DagBag from /home/airflow/.local/lib/python3.12/site-packages/airflow/example_dags/example_complex.py
[2024-05-03T10:49:44.303+0000] {processor.py:840} INFO - DAG(s) 'example_complex' retrieved from /home/airflow/.local/lib/python3.12/site-packages/airflow/example_dags/example_complex.py
[2024-05-03T10:49:44.329+0000] {logging_mixin.py:188} INFO - [2024-05-03T10:49:44.329+0000] {dag.py:3096} INFO - Sync 1 DAGs
[2024-05-03T10:49:44.342+0000] {logging_mixin.py:188} INFO - [2024-05-03T10:49:44.342+0000] {dag.py:3954} INFO - Setting next_dagrun for example_complex to None, run_after=None
[2024-05-03T10:49:44.361+0000] {processor.py:183} INFO - Processing /home/airflow/.local/lib/python3.12/site-packages/airflow/example_dags/example_complex.py took 0.074 seconds
[2024-05-03T10:50:14.476+0000] {processor.py:161} INFO - Started process (PID=1501) to work on /home/airflow/.local/lib/python3.12/site-packages/airflow/example_dags/example_complex.py
[2024-05-03T10:50:14.477+0000] {processor.py:830} INFO - Processing file /home/airflow/.local/lib/python3.12/site-packages/airflow/example_dags/example_complex.py for tasks to queue
[2024-05-03T10:50:14.479+0000] {logging_mixin.py:188} INFO - [2024-05-03T10:50:14.479+0000] {dagbag.py:540} INFO - Filling up the DagBag from /home/airflow/.local/lib/python3.12/site-packages/airflow/example_dags/example_complex.py
[2024-05-03T10:50:14.487+0000] {processor.py:840} INFO - DAG(s) 'example_complex' retrieved from /home/airflow/.local/lib/python3.12/site-packages/airflow/example_dags/example_complex.py
[2024-05-03T10:50:14.513+0000] {logging_mixin.py:188} INFO - [2024-05-03T10:50:14.513+0000] {dag.py:3096} INFO - Sync 1 DAGs
[2024-05-03T10:50:14.523+0000] {logging_mixin.py:188} INFO - [2024-05-03T10:50:14.523+0000] {dag.py:3954} INFO - Setting next_dagrun for example_complex to None, run_after=None
[2024-05-03T10:50:14.540+0000] {processor.py:183} INFO - Processing /home/airflow/.local/lib/python3.12/site-packages/airflow/example_dags/example_complex.py took 0.069 seconds
[2024-05-03T10:50:44.754+0000] {processor.py:161} INFO - Started process (PID=1559) to work on /home/airflow/.local/lib/python3.12/site-packages/airflow/example_dags/example_complex.py
[2024-05-03T10:50:44.755+0000] {processor.py:830} INFO - Processing file /home/airflow/.local/lib/python3.12/site-packages/airflow/example_dags/example_complex.py for tasks to queue
[2024-05-03T10:50:44.756+0000] {logging_mixin.py:188} INFO - [2024-05-03T10:50:44.756+0000] {dagbag.py:540} INFO - Filling up the DagBag from /home/airflow/.local/lib/python3.12/site-packages/airflow/example_dags/example_complex.py
[2024-05-03T10:50:44.765+0000] {processor.py:840} INFO - DAG(s) 'example_complex' retrieved from /home/airflow/.local/lib/python3.12/site-packages/airflow/example_dags/example_complex.py
[2024-05-03T10:50:44.792+0000] {logging_mixin.py:188} INFO - [2024-05-03T10:50:44.791+0000] {dag.py:3096} INFO - Sync 1 DAGs
[2024-05-03T10:50:44.804+0000] {logging_mixin.py:188} INFO - [2024-05-03T10:50:44.804+0000] {dag.py:3954} INFO - Setting next_dagrun for example_complex to None, run_after=None
[2024-05-03T10:50:44.823+0000] {processor.py:183} INFO - Processing /home/airflow/.local/lib/python3.12/site-packages/airflow/example_dags/example_complex.py took 0.075 seconds
[2024-05-03T10:51:14.994+0000] {processor.py:161} INFO - Started process (PID=1617) to work on /home/airflow/.local/lib/python3.12/site-packages/airflow/example_dags/example_complex.py
[2024-05-03T10:51:14.995+0000] {processor.py:830} INFO - Processing file /home/airflow/.local/lib/python3.12/site-packages/airflow/example_dags/example_complex.py for tasks to queue
[2024-05-03T10:51:14.997+0000] {logging_mixin.py:188} INFO - [2024-05-03T10:51:14.997+0000] {dagbag.py:540} INFO - Filling up the DagBag from /home/airflow/.local/lib/python3.12/site-packages/airflow/example_dags/example_complex.py
[2024-05-03T10:51:15.005+0000] {processor.py:840} INFO - DAG(s) 'example_complex' retrieved from /home/airflow/.local/lib/python3.12/site-packages/airflow/example_dags/example_complex.py
[2024-05-03T10:51:15.034+0000] {logging_mixin.py:188} INFO - [2024-05-03T10:51:15.033+0000] {dag.py:3096} INFO - Sync 1 DAGs
[2024-05-03T10:51:15.045+0000] {logging_mixin.py:188} INFO - [2024-05-03T10:51:15.045+0000] {dag.py:3954} INFO - Setting next_dagrun for example_complex to None, run_after=None
[2024-05-03T10:51:15.070+0000] {processor.py:183} INFO - Processing /home/airflow/.local/lib/python3.12/site-packages/airflow/example_dags/example_complex.py took 0.081 seconds
[2024-05-03T10:51:45.218+0000] {processor.py:161} INFO - Started process (PID=1681) to work on /home/airflow/.local/lib/python3.12/site-packages/airflow/example_dags/example_complex.py
[2024-05-03T10:51:45.219+0000] {processor.py:830} INFO - Processing file /home/airflow/.local/lib/python3.12/site-packages/airflow/example_dags/example_complex.py for tasks to queue
[2024-05-03T10:51:45.221+0000] {logging_mixin.py:188} INFO - [2024-05-03T10:51:45.221+0000] {dagbag.py:540} INFO - Filling up the DagBag from /home/airflow/.local/lib/python3.12/site-packages/airflow/example_dags/example_complex.py
[2024-05-03T10:51:45.229+0000] {processor.py:840} INFO - DAG(s) 'example_complex' retrieved from /home/airflow/.local/lib/python3.12/site-packages/airflow/example_dags/example_complex.py
[2024-05-03T10:51:45.256+0000] {logging_mixin.py:188} INFO - [2024-05-03T10:51:45.255+0000] {dag.py:3096} INFO - Sync 1 DAGs
[2024-05-03T10:51:45.268+0000] {logging_mixin.py:188} INFO - [2024-05-03T10:51:45.268+0000] {dag.py:3954} INFO - Setting next_dagrun for example_complex to None, run_after=None
[2024-05-03T10:51:45.287+0000] {processor.py:183} INFO - Processing /home/airflow/.local/lib/python3.12/site-packages/airflow/example_dags/example_complex.py took 0.073 seconds
[2024-05-03T10:52:15.477+0000] {processor.py:161} INFO - Started process (PID=1739) to work on /home/airflow/.local/lib/python3.12/site-packages/airflow/example_dags/example_complex.py
[2024-05-03T10:52:15.478+0000] {processor.py:830} INFO - Processing file /home/airflow/.local/lib/python3.12/site-packages/airflow/example_dags/example_complex.py for tasks to queue
[2024-05-03T10:52:15.480+0000] {logging_mixin.py:188} INFO - [2024-05-03T10:52:15.479+0000] {dagbag.py:540} INFO - Filling up the DagBag from /home/airflow/.local/lib/python3.12/site-packages/airflow/example_dags/example_complex.py
[2024-05-03T10:52:15.488+0000] {processor.py:840} INFO - DAG(s) 'example_complex' retrieved from /home/airflow/.local/lib/python3.12/site-packages/airflow/example_dags/example_complex.py
[2024-05-03T10:52:15.518+0000] {logging_mixin.py:188} INFO - [2024-05-03T10:52:15.518+0000] {dag.py:3096} INFO - Sync 1 DAGs
[2024-05-03T10:52:15.530+0000] {logging_mixin.py:188} INFO - [2024-05-03T10:52:15.530+0000] {dag.py:3954} INFO - Setting next_dagrun for example_complex to None, run_after=None
[2024-05-03T10:52:15.548+0000] {processor.py:183} INFO - Processing /home/airflow/.local/lib/python3.12/site-packages/airflow/example_dags/example_complex.py took 0.076 seconds
[2024-05-03T10:52:45.820+0000] {processor.py:161} INFO - Started process (PID=1797) to work on /home/airflow/.local/lib/python3.12/site-packages/airflow/example_dags/example_complex.py
[2024-05-03T10:52:45.821+0000] {processor.py:830} INFO - Processing file /home/airflow/.local/lib/python3.12/site-packages/airflow/example_dags/example_complex.py for tasks to queue
[2024-05-03T10:52:45.823+0000] {logging_mixin.py:188} INFO - [2024-05-03T10:52:45.823+0000] {dagbag.py:540} INFO - Filling up the DagBag from /home/airflow/.local/lib/python3.12/site-packages/airflow/example_dags/example_complex.py
[2024-05-03T10:52:45.831+0000] {processor.py:840} INFO - DAG(s) 'example_complex' retrieved from /home/airflow/.local/lib/python3.12/site-packages/airflow/example_dags/example_complex.py
[2024-05-03T10:52:45.859+0000] {logging_mixin.py:188} INFO - [2024-05-03T10:52:45.859+0000] {dag.py:3096} INFO - Sync 1 DAGs
[2024-05-03T10:52:45.869+0000] {logging_mixin.py:188} INFO - [2024-05-03T10:52:45.869+0000] {dag.py:3954} INFO - Setting next_dagrun for example_complex to None, run_after=None
[2024-05-03T10:52:45.886+0000] {processor.py:183} INFO - Processing /home/airflow/.local/lib/python3.12/site-packages/airflow/example_dags/example_complex.py took 0.070 seconds
[2024-05-03T10:53:15.981+0000] {processor.py:161} INFO - Started process (PID=1856) to work on /home/airflow/.local/lib/python3.12/site-packages/airflow/example_dags/example_complex.py
[2024-05-03T10:53:15.981+0000] {processor.py:830} INFO - Processing file /home/airflow/.local/lib/python3.12/site-packages/airflow/example_dags/example_complex.py for tasks to queue
[2024-05-03T10:53:15.983+0000] {logging_mixin.py:188} INFO - [2024-05-03T10:53:15.983+0000] {dagbag.py:540} INFO - Filling up the DagBag from /home/airflow/.local/lib/python3.12/site-packages/airflow/example_dags/example_complex.py
[2024-05-03T10:53:15.992+0000] {processor.py:840} INFO - DAG(s) 'example_complex' retrieved from /home/airflow/.local/lib/python3.12/site-packages/airflow/example_dags/example_complex.py
[2024-05-03T10:53:16.018+0000] {logging_mixin.py:188} INFO - [2024-05-03T10:53:16.017+0000] {dag.py:3096} INFO - Sync 1 DAGs
[2024-05-03T10:53:16.029+0000] {logging_mixin.py:188} INFO - [2024-05-03T10:53:16.028+0000] {dag.py:3954} INFO - Setting next_dagrun for example_complex to None, run_after=None
[2024-05-03T10:53:16.044+0000] {processor.py:183} INFO - Processing /home/airflow/.local/lib/python3.12/site-packages/airflow/example_dags/example_complex.py took 0.069 seconds
[2024-05-03T10:53:46.264+0000] {processor.py:161} INFO - Started process (PID=1914) to work on /home/airflow/.local/lib/python3.12/site-packages/airflow/example_dags/example_complex.py
[2024-05-03T10:53:46.265+0000] {processor.py:830} INFO - Processing file /home/airflow/.local/lib/python3.12/site-packages/airflow/example_dags/example_complex.py for tasks to queue
[2024-05-03T10:53:46.267+0000] {logging_mixin.py:188} INFO - [2024-05-03T10:53:46.267+0000] {dagbag.py:540} INFO - Filling up the DagBag from /home/airflow/.local/lib/python3.12/site-packages/airflow/example_dags/example_complex.py
[2024-05-03T10:53:46.276+0000] {processor.py:840} INFO - DAG(s) 'example_complex' retrieved from /home/airflow/.local/lib/python3.12/site-packages/airflow/example_dags/example_complex.py
[2024-05-03T10:53:46.308+0000] {logging_mixin.py:188} INFO - [2024-05-03T10:53:46.308+0000] {dag.py:3096} INFO - Sync 1 DAGs
[2024-05-03T10:53:46.320+0000] {logging_mixin.py:188} INFO - [2024-05-03T10:53:46.320+0000] {dag.py:3954} INFO - Setting next_dagrun for example_complex to None, run_after=None
[2024-05-03T10:53:46.338+0000] {processor.py:183} INFO - Processing /home/airflow/.local/lib/python3.12/site-packages/airflow/example_dags/example_complex.py took 0.080 seconds
[2024-05-03T10:54:16.794+0000] {processor.py:161} INFO - Started process (PID=1972) to work on /home/airflow/.local/lib/python3.12/site-packages/airflow/example_dags/example_complex.py
[2024-05-03T10:54:16.795+0000] {processor.py:830} INFO - Processing file /home/airflow/.local/lib/python3.12/site-packages/airflow/example_dags/example_complex.py for tasks to queue
[2024-05-03T10:54:16.796+0000] {logging_mixin.py:188} INFO - [2024-05-03T10:54:16.796+0000] {dagbag.py:540} INFO - Filling up the DagBag from /home/airflow/.local/lib/python3.12/site-packages/airflow/example_dags/example_complex.py
[2024-05-03T10:54:16.804+0000] {processor.py:840} INFO - DAG(s) 'example_complex' retrieved from /home/airflow/.local/lib/python3.12/site-packages/airflow/example_dags/example_complex.py
[2024-05-03T10:54:16.830+0000] {logging_mixin.py:188} INFO - [2024-05-03T10:54:16.830+0000] {dag.py:3096} INFO - Sync 1 DAGs
[2024-05-03T10:54:16.841+0000] {logging_mixin.py:188} INFO - [2024-05-03T10:54:16.841+0000] {dag.py:3954} INFO - Setting next_dagrun for example_complex to None, run_after=None
[2024-05-03T10:54:16.858+0000] {processor.py:183} INFO - Processing /home/airflow/.local/lib/python3.12/site-packages/airflow/example_dags/example_complex.py took 0.069 seconds
[2024-05-03T10:54:47.094+0000] {processor.py:161} INFO - Started process (PID=2030) to work on /home/airflow/.local/lib/python3.12/site-packages/airflow/example_dags/example_complex.py
[2024-05-03T10:54:47.095+0000] {processor.py:830} INFO - Processing file /home/airflow/.local/lib/python3.12/site-packages/airflow/example_dags/example_complex.py for tasks to queue
[2024-05-03T10:54:47.097+0000] {logging_mixin.py:188} INFO - [2024-05-03T10:54:47.097+0000] {dagbag.py:540} INFO - Filling up the DagBag from /home/airflow/.local/lib/python3.12/site-packages/airflow/example_dags/example_complex.py
[2024-05-03T10:54:47.106+0000] {processor.py:840} INFO - DAG(s) 'example_complex' retrieved from /home/airflow/.local/lib/python3.12/site-packages/airflow/example_dags/example_complex.py
[2024-05-03T10:54:47.133+0000] {logging_mixin.py:188} INFO - [2024-05-03T10:54:47.132+0000] {dag.py:3096} INFO - Sync 1 DAGs
[2024-05-03T10:54:47.144+0000] {logging_mixin.py:188} INFO - [2024-05-03T10:54:47.144+0000] {dag.py:3954} INFO - Setting next_dagrun for example_complex to None, run_after=None
[2024-05-03T10:54:47.162+0000] {processor.py:183} INFO - Processing /home/airflow/.local/lib/python3.12/site-packages/airflow/example_dags/example_complex.py took 0.073 seconds
[2024-05-03T10:55:17.268+0000] {processor.py:161} INFO - Started process (PID=2088) to work on /home/airflow/.local/lib/python3.12/site-packages/airflow/example_dags/example_complex.py
[2024-05-03T10:55:17.269+0000] {processor.py:830} INFO - Processing file /home/airflow/.local/lib/python3.12/site-packages/airflow/example_dags/example_complex.py for tasks to queue
[2024-05-03T10:55:17.270+0000] {logging_mixin.py:188} INFO - [2024-05-03T10:55:17.270+0000] {dagbag.py:540} INFO - Filling up the DagBag from /home/airflow/.local/lib/python3.12/site-packages/airflow/example_dags/example_complex.py
[2024-05-03T10:55:17.278+0000] {processor.py:840} INFO - DAG(s) 'example_complex' retrieved from /home/airflow/.local/lib/python3.12/site-packages/airflow/example_dags/example_complex.py
[2024-05-03T10:55:17.305+0000] {logging_mixin.py:188} INFO - [2024-05-03T10:55:17.304+0000] {dag.py:3096} INFO - Sync 1 DAGs
[2024-05-03T10:55:17.315+0000] {logging_mixin.py:188} INFO - [2024-05-03T10:55:17.315+0000] {dag.py:3954} INFO - Setting next_dagrun for example_complex to None, run_after=None
[2024-05-03T10:55:17.331+0000] {processor.py:183} INFO - Processing /home/airflow/.local/lib/python3.12/site-packages/airflow/example_dags/example_complex.py took 0.069 seconds
[2024-05-03T10:55:47.495+0000] {processor.py:161} INFO - Started process (PID=2146) to work on /home/airflow/.local/lib/python3.12/site-packages/airflow/example_dags/example_complex.py
[2024-05-03T10:55:47.497+0000] {processor.py:830} INFO - Processing file /home/airflow/.local/lib/python3.12/site-packages/airflow/example_dags/example_complex.py for tasks to queue
[2024-05-03T10:55:47.498+0000] {logging_mixin.py:188} INFO - [2024-05-03T10:55:47.498+0000] {dagbag.py:540} INFO - Filling up the DagBag from /home/airflow/.local/lib/python3.12/site-packages/airflow/example_dags/example_complex.py
[2024-05-03T10:55:47.507+0000] {processor.py:840} INFO - DAG(s) 'example_complex' retrieved from /home/airflow/.local/lib/python3.12/site-packages/airflow/example_dags/example_complex.py
[2024-05-03T10:55:47.536+0000] {logging_mixin.py:188} INFO - [2024-05-03T10:55:47.536+0000] {dag.py:3096} INFO - Sync 1 DAGs
[2024-05-03T10:55:47.548+0000] {logging_mixin.py:188} INFO - [2024-05-03T10:55:47.548+0000] {dag.py:3954} INFO - Setting next_dagrun for example_complex to None, run_after=None
[2024-05-03T10:55:47.566+0000] {processor.py:183} INFO - Processing /home/airflow/.local/lib/python3.12/site-packages/airflow/example_dags/example_complex.py took 0.076 seconds
[2024-05-03T10:56:17.738+0000] {processor.py:161} INFO - Started process (PID=2204) to work on /home/airflow/.local/lib/python3.12/site-packages/airflow/example_dags/example_complex.py
[2024-05-03T10:56:17.739+0000] {processor.py:830} INFO - Processing file /home/airflow/.local/lib/python3.12/site-packages/airflow/example_dags/example_complex.py for tasks to queue
[2024-05-03T10:56:17.741+0000] {logging_mixin.py:188} INFO - [2024-05-03T10:56:17.741+0000] {dagbag.py:540} INFO - Filling up the DagBag from /home/airflow/.local/lib/python3.12/site-packages/airflow/example_dags/example_complex.py
[2024-05-03T10:56:17.749+0000] {processor.py:840} INFO - DAG(s) 'example_complex' retrieved from /home/airflow/.local/lib/python3.12/site-packages/airflow/example_dags/example_complex.py
[2024-05-03T10:56:17.776+0000] {logging_mixin.py:188} INFO - [2024-05-03T10:56:17.776+0000] {dag.py:3096} INFO - Sync 1 DAGs
[2024-05-03T10:56:17.788+0000] {logging_mixin.py:188} INFO - [2024-05-03T10:56:17.788+0000] {dag.py:3954} INFO - Setting next_dagrun for example_complex to None, run_after=None
[2024-05-03T10:56:17.807+0000] {processor.py:183} INFO - Processing /home/airflow/.local/lib/python3.12/site-packages/airflow/example_dags/example_complex.py took 0.074 seconds
[2024-05-03T10:56:47.944+0000] {processor.py:161} INFO - Started process (PID=2262) to work on /home/airflow/.local/lib/python3.12/site-packages/airflow/example_dags/example_complex.py
[2024-05-03T10:56:47.945+0000] {processor.py:830} INFO - Processing file /home/airflow/.local/lib/python3.12/site-packages/airflow/example_dags/example_complex.py for tasks to queue
[2024-05-03T10:56:47.946+0000] {logging_mixin.py:188} INFO - [2024-05-03T10:56:47.946+0000] {dagbag.py:540} INFO - Filling up the DagBag from /home/airflow/.local/lib/python3.12/site-packages/airflow/example_dags/example_complex.py
[2024-05-03T10:56:47.955+0000] {processor.py:840} INFO - DAG(s) 'example_complex' retrieved from /home/airflow/.local/lib/python3.12/site-packages/airflow/example_dags/example_complex.py
[2024-05-03T10:56:47.980+0000] {logging_mixin.py:188} INFO - [2024-05-03T10:56:47.980+0000] {dag.py:3096} INFO - Sync 1 DAGs
[2024-05-03T10:56:47.991+0000] {logging_mixin.py:188} INFO - [2024-05-03T10:56:47.991+0000] {dag.py:3954} INFO - Setting next_dagrun for example_complex to None, run_after=None
[2024-05-03T10:56:48.008+0000] {processor.py:183} INFO - Processing /home/airflow/.local/lib/python3.12/site-packages/airflow/example_dags/example_complex.py took 0.070 seconds
[2024-05-03T10:57:18.121+0000] {processor.py:161} INFO - Started process (PID=2320) to work on /home/airflow/.local/lib/python3.12/site-packages/airflow/example_dags/example_complex.py
[2024-05-03T10:57:18.122+0000] {processor.py:830} INFO - Processing file /home/airflow/.local/lib/python3.12/site-packages/airflow/example_dags/example_complex.py for tasks to queue
[2024-05-03T10:57:18.124+0000] {logging_mixin.py:188} INFO - [2024-05-03T10:57:18.123+0000] {dagbag.py:540} INFO - Filling up the DagBag from /home/airflow/.local/lib/python3.12/site-packages/airflow/example_dags/example_complex.py
[2024-05-03T10:57:18.133+0000] {processor.py:840} INFO - DAG(s) 'example_complex' retrieved from /home/airflow/.local/lib/python3.12/site-packages/airflow/example_dags/example_complex.py
[2024-05-03T10:57:18.158+0000] {logging_mixin.py:188} INFO - [2024-05-03T10:57:18.158+0000] {dag.py:3096} INFO - Sync 1 DAGs
[2024-05-03T10:57:18.169+0000] {logging_mixin.py:188} INFO - [2024-05-03T10:57:18.168+0000] {dag.py:3954} INFO - Setting next_dagrun for example_complex to None, run_after=None
[2024-05-03T10:57:18.185+0000] {processor.py:183} INFO - Processing /home/airflow/.local/lib/python3.12/site-packages/airflow/example_dags/example_complex.py took 0.069 seconds
[2024-05-03T10:57:48.261+0000] {processor.py:161} INFO - Started process (PID=2378) to work on /home/airflow/.local/lib/python3.12/site-packages/airflow/example_dags/example_complex.py
[2024-05-03T10:57:48.262+0000] {processor.py:830} INFO - Processing file /home/airflow/.local/lib/python3.12/site-packages/airflow/example_dags/example_complex.py for tasks to queue
[2024-05-03T10:57:48.264+0000] {logging_mixin.py:188} INFO - [2024-05-03T10:57:48.263+0000] {dagbag.py:540} INFO - Filling up the DagBag from /home/airflow/.local/lib/python3.12/site-packages/airflow/example_dags/example_complex.py
[2024-05-03T10:57:48.272+0000] {processor.py:840} INFO - DAG(s) 'example_complex' retrieved from /home/airflow/.local/lib/python3.12/site-packages/airflow/example_dags/example_complex.py
[2024-05-03T10:57:48.298+0000] {logging_mixin.py:188} INFO - [2024-05-03T10:57:48.297+0000] {dag.py:3096} INFO - Sync 1 DAGs
[2024-05-03T10:57:48.308+0000] {logging_mixin.py:188} INFO - [2024-05-03T10:57:48.307+0000] {dag.py:3954} INFO - Setting next_dagrun for example_complex to None, run_after=None
[2024-05-03T10:57:48.325+0000] {processor.py:183} INFO - Processing /home/airflow/.local/lib/python3.12/site-packages/airflow/example_dags/example_complex.py took 0.069 seconds
[2024-05-03T10:58:18.421+0000] {processor.py:161} INFO - Started process (PID=2436) to work on /home/airflow/.local/lib/python3.12/site-packages/airflow/example_dags/example_complex.py
[2024-05-03T10:58:18.422+0000] {processor.py:830} INFO - Processing file /home/airflow/.local/lib/python3.12/site-packages/airflow/example_dags/example_complex.py for tasks to queue
[2024-05-03T10:58:18.424+0000] {logging_mixin.py:188} INFO - [2024-05-03T10:58:18.424+0000] {dagbag.py:540} INFO - Filling up the DagBag from /home/airflow/.local/lib/python3.12/site-packages/airflow/example_dags/example_complex.py
[2024-05-03T10:58:18.432+0000] {processor.py:840} INFO - DAG(s) 'example_complex' retrieved from /home/airflow/.local/lib/python3.12/site-packages/airflow/example_dags/example_complex.py
[2024-05-03T10:58:18.457+0000] {logging_mixin.py:188} INFO - [2024-05-03T10:58:18.457+0000] {dag.py:3096} INFO - Sync 1 DAGs
[2024-05-03T10:58:18.468+0000] {logging_mixin.py:188} INFO - [2024-05-03T10:58:18.468+0000] {dag.py:3954} INFO - Setting next_dagrun for example_complex to None, run_after=None
[2024-05-03T10:58:18.483+0000] {processor.py:183} INFO - Processing /home/airflow/.local/lib/python3.12/site-packages/airflow/example_dags/example_complex.py took 0.066 seconds
