[2024-05-03T10:37:32.398+0000] {processor.py:161} INFO - Started process (PID=47) to work on /home/airflow/.local/lib/python3.12/site-packages/airflow/example_dags/example_branch_labels.py
[2024-05-03T10:37:32.399+0000] {processor.py:830} INFO - Processing file /home/airflow/.local/lib/python3.12/site-packages/airflow/example_dags/example_branch_labels.py for tasks to queue
[2024-05-03T10:37:32.401+0000] {logging_mixin.py:188} INFO - [2024-05-03T10:37:32.400+0000] {dagbag.py:540} INFO - Filling up the DagBag from /home/airflow/.local/lib/python3.12/site-packages/airflow/example_dags/example_branch_labels.py
[2024-05-03T10:37:32.412+0000] {processor.py:840} INFO - DAG(s) 'example_branch_labels' retrieved from /home/airflow/.local/lib/python3.12/site-packages/airflow/example_dags/example_branch_labels.py
[2024-05-03T10:37:32.546+0000] {logging_mixin.py:188} INFO - [2024-05-03T10:37:32.546+0000] {dag.py:3096} INFO - Sync 1 DAGs
[2024-05-03T10:37:32.575+0000] {logging_mixin.py:188} INFO - [2024-05-03T10:37:32.574+0000] {dag.py:3954} INFO - Setting next_dagrun for example_branch_labels to 2024-05-02 00:00:00+00:00, run_after=2024-05-03 00:00:00+00:00
[2024-05-03T10:37:32.601+0000] {processor.py:183} INFO - Processing /home/airflow/.local/lib/python3.12/site-packages/airflow/example_dags/example_branch_labels.py took 0.209 seconds
[2024-05-03T10:38:02.709+0000] {processor.py:161} INFO - Started process (PID=105) to work on /home/airflow/.local/lib/python3.12/site-packages/airflow/example_dags/example_branch_labels.py
[2024-05-03T10:38:02.710+0000] {processor.py:830} INFO - Processing file /home/airflow/.local/lib/python3.12/site-packages/airflow/example_dags/example_branch_labels.py for tasks to queue
[2024-05-03T10:38:02.712+0000] {logging_mixin.py:188} INFO - [2024-05-03T10:38:02.712+0000] {dagbag.py:540} INFO - Filling up the DagBag from /home/airflow/.local/lib/python3.12/site-packages/airflow/example_dags/example_branch_labels.py
[2024-05-03T10:38:02.720+0000] {processor.py:840} INFO - DAG(s) 'example_branch_labels' retrieved from /home/airflow/.local/lib/python3.12/site-packages/airflow/example_dags/example_branch_labels.py
[2024-05-03T10:38:02.740+0000] {logging_mixin.py:188} INFO - [2024-05-03T10:38:02.739+0000] {dag.py:3096} INFO - Sync 1 DAGs
[2024-05-03T10:38:02.763+0000] {logging_mixin.py:188} INFO - [2024-05-03T10:38:02.762+0000] {dag.py:3954} INFO - Setting next_dagrun for example_branch_labels to 2024-05-02 00:00:00+00:00, run_after=2024-05-03 00:00:00+00:00
[2024-05-03T10:38:02.780+0000] {processor.py:183} INFO - Processing /home/airflow/.local/lib/python3.12/site-packages/airflow/example_dags/example_branch_labels.py took 0.077 seconds
[2024-05-03T10:38:33.427+0000] {processor.py:161} INFO - Started process (PID=163) to work on /home/airflow/.local/lib/python3.12/site-packages/airflow/example_dags/example_branch_labels.py
[2024-05-03T10:38:33.428+0000] {processor.py:830} INFO - Processing file /home/airflow/.local/lib/python3.12/site-packages/airflow/example_dags/example_branch_labels.py for tasks to queue
[2024-05-03T10:38:33.430+0000] {logging_mixin.py:188} INFO - [2024-05-03T10:38:33.430+0000] {dagbag.py:540} INFO - Filling up the DagBag from /home/airflow/.local/lib/python3.12/site-packages/airflow/example_dags/example_branch_labels.py
[2024-05-03T10:38:33.437+0000] {processor.py:840} INFO - DAG(s) 'example_branch_labels' retrieved from /home/airflow/.local/lib/python3.12/site-packages/airflow/example_dags/example_branch_labels.py
[2024-05-03T10:38:33.456+0000] {logging_mixin.py:188} INFO - [2024-05-03T10:38:33.456+0000] {dag.py:3096} INFO - Sync 1 DAGs
[2024-05-03T10:38:33.486+0000] {logging_mixin.py:188} INFO - [2024-05-03T10:38:33.486+0000] {dag.py:3954} INFO - Setting next_dagrun for example_branch_labels to 2024-05-02 00:00:00+00:00, run_after=2024-05-03 00:00:00+00:00
[2024-05-03T10:38:33.512+0000] {processor.py:183} INFO - Processing /home/airflow/.local/lib/python3.12/site-packages/airflow/example_dags/example_branch_labels.py took 0.089 seconds
[2024-05-03T10:39:03.682+0000] {processor.py:161} INFO - Started process (PID=221) to work on /home/airflow/.local/lib/python3.12/site-packages/airflow/example_dags/example_branch_labels.py
[2024-05-03T10:39:03.683+0000] {processor.py:830} INFO - Processing file /home/airflow/.local/lib/python3.12/site-packages/airflow/example_dags/example_branch_labels.py for tasks to queue
[2024-05-03T10:39:03.684+0000] {logging_mixin.py:188} INFO - [2024-05-03T10:39:03.684+0000] {dagbag.py:540} INFO - Filling up the DagBag from /home/airflow/.local/lib/python3.12/site-packages/airflow/example_dags/example_branch_labels.py
[2024-05-03T10:39:03.691+0000] {processor.py:840} INFO - DAG(s) 'example_branch_labels' retrieved from /home/airflow/.local/lib/python3.12/site-packages/airflow/example_dags/example_branch_labels.py
[2024-05-03T10:39:03.709+0000] {logging_mixin.py:188} INFO - [2024-05-03T10:39:03.709+0000] {dag.py:3096} INFO - Sync 1 DAGs
[2024-05-03T10:39:03.728+0000] {logging_mixin.py:188} INFO - [2024-05-03T10:39:03.728+0000] {dag.py:3954} INFO - Setting next_dagrun for example_branch_labels to 2024-05-02 00:00:00+00:00, run_after=2024-05-03 00:00:00+00:00
[2024-05-03T10:39:03.746+0000] {processor.py:183} INFO - Processing /home/airflow/.local/lib/python3.12/site-packages/airflow/example_dags/example_branch_labels.py took 0.069 seconds
[2024-05-03T10:39:34.391+0000] {processor.py:161} INFO - Started process (PID=279) to work on /home/airflow/.local/lib/python3.12/site-packages/airflow/example_dags/example_branch_labels.py
[2024-05-03T10:39:34.392+0000] {processor.py:830} INFO - Processing file /home/airflow/.local/lib/python3.12/site-packages/airflow/example_dags/example_branch_labels.py for tasks to queue
[2024-05-03T10:39:34.394+0000] {logging_mixin.py:188} INFO - [2024-05-03T10:39:34.394+0000] {dagbag.py:540} INFO - Filling up the DagBag from /home/airflow/.local/lib/python3.12/site-packages/airflow/example_dags/example_branch_labels.py
[2024-05-03T10:39:34.400+0000] {processor.py:840} INFO - DAG(s) 'example_branch_labels' retrieved from /home/airflow/.local/lib/python3.12/site-packages/airflow/example_dags/example_branch_labels.py
[2024-05-03T10:39:34.420+0000] {logging_mixin.py:188} INFO - [2024-05-03T10:39:34.419+0000] {dag.py:3096} INFO - Sync 1 DAGs
[2024-05-03T10:39:34.438+0000] {logging_mixin.py:188} INFO - [2024-05-03T10:39:34.438+0000] {dag.py:3954} INFO - Setting next_dagrun for example_branch_labels to 2024-05-02 00:00:00+00:00, run_after=2024-05-03 00:00:00+00:00
[2024-05-03T10:39:34.457+0000] {processor.py:183} INFO - Processing /home/airflow/.local/lib/python3.12/site-packages/airflow/example_dags/example_branch_labels.py took 0.070 seconds
[2024-05-03T10:40:04.945+0000] {processor.py:161} INFO - Started process (PID=337) to work on /home/airflow/.local/lib/python3.12/site-packages/airflow/example_dags/example_branch_labels.py
[2024-05-03T10:40:04.946+0000] {processor.py:830} INFO - Processing file /home/airflow/.local/lib/python3.12/site-packages/airflow/example_dags/example_branch_labels.py for tasks to queue
[2024-05-03T10:40:04.947+0000] {logging_mixin.py:188} INFO - [2024-05-03T10:40:04.947+0000] {dagbag.py:540} INFO - Filling up the DagBag from /home/airflow/.local/lib/python3.12/site-packages/airflow/example_dags/example_branch_labels.py
[2024-05-03T10:40:04.953+0000] {processor.py:840} INFO - DAG(s) 'example_branch_labels' retrieved from /home/airflow/.local/lib/python3.12/site-packages/airflow/example_dags/example_branch_labels.py
[2024-05-03T10:40:04.970+0000] {logging_mixin.py:188} INFO - [2024-05-03T10:40:04.970+0000] {dag.py:3096} INFO - Sync 1 DAGs
[2024-05-03T10:40:04.989+0000] {logging_mixin.py:188} INFO - [2024-05-03T10:40:04.989+0000] {dag.py:3954} INFO - Setting next_dagrun for example_branch_labels to 2024-05-02 00:00:00+00:00, run_after=2024-05-03 00:00:00+00:00
[2024-05-03T10:40:05.003+0000] {processor.py:183} INFO - Processing /home/airflow/.local/lib/python3.12/site-packages/airflow/example_dags/example_branch_labels.py took 0.063 seconds
[2024-05-03T10:40:35.410+0000] {processor.py:161} INFO - Started process (PID=395) to work on /home/airflow/.local/lib/python3.12/site-packages/airflow/example_dags/example_branch_labels.py
[2024-05-03T10:40:35.411+0000] {processor.py:830} INFO - Processing file /home/airflow/.local/lib/python3.12/site-packages/airflow/example_dags/example_branch_labels.py for tasks to queue
[2024-05-03T10:40:35.413+0000] {logging_mixin.py:188} INFO - [2024-05-03T10:40:35.413+0000] {dagbag.py:540} INFO - Filling up the DagBag from /home/airflow/.local/lib/python3.12/site-packages/airflow/example_dags/example_branch_labels.py
[2024-05-03T10:40:35.419+0000] {processor.py:840} INFO - DAG(s) 'example_branch_labels' retrieved from /home/airflow/.local/lib/python3.12/site-packages/airflow/example_dags/example_branch_labels.py
[2024-05-03T10:40:35.438+0000] {logging_mixin.py:188} INFO - [2024-05-03T10:40:35.437+0000] {dag.py:3096} INFO - Sync 1 DAGs
[2024-05-03T10:40:35.456+0000] {logging_mixin.py:188} INFO - [2024-05-03T10:40:35.456+0000] {dag.py:3954} INFO - Setting next_dagrun for example_branch_labels to 2024-05-02 00:00:00+00:00, run_after=2024-05-03 00:00:00+00:00
[2024-05-03T10:40:35.472+0000] {processor.py:183} INFO - Processing /home/airflow/.local/lib/python3.12/site-packages/airflow/example_dags/example_branch_labels.py took 0.067 seconds
[2024-05-03T10:41:05.923+0000] {processor.py:161} INFO - Started process (PID=453) to work on /home/airflow/.local/lib/python3.12/site-packages/airflow/example_dags/example_branch_labels.py
[2024-05-03T10:41:05.924+0000] {processor.py:830} INFO - Processing file /home/airflow/.local/lib/python3.12/site-packages/airflow/example_dags/example_branch_labels.py for tasks to queue
[2024-05-03T10:41:05.926+0000] {logging_mixin.py:188} INFO - [2024-05-03T10:41:05.926+0000] {dagbag.py:540} INFO - Filling up the DagBag from /home/airflow/.local/lib/python3.12/site-packages/airflow/example_dags/example_branch_labels.py
[2024-05-03T10:41:05.934+0000] {processor.py:840} INFO - DAG(s) 'example_branch_labels' retrieved from /home/airflow/.local/lib/python3.12/site-packages/airflow/example_dags/example_branch_labels.py
[2024-05-03T10:41:05.953+0000] {logging_mixin.py:188} INFO - [2024-05-03T10:41:05.953+0000] {dag.py:3096} INFO - Sync 1 DAGs
[2024-05-03T10:41:05.977+0000] {logging_mixin.py:188} INFO - [2024-05-03T10:41:05.977+0000] {dag.py:3954} INFO - Setting next_dagrun for example_branch_labels to 2024-05-02 00:00:00+00:00, run_after=2024-05-03 00:00:00+00:00
[2024-05-03T10:41:05.999+0000] {processor.py:183} INFO - Processing /home/airflow/.local/lib/python3.12/site-packages/airflow/example_dags/example_branch_labels.py took 0.083 seconds
[2024-05-03T10:41:36.425+0000] {processor.py:161} INFO - Started process (PID=511) to work on /home/airflow/.local/lib/python3.12/site-packages/airflow/example_dags/example_branch_labels.py
[2024-05-03T10:41:36.426+0000] {processor.py:830} INFO - Processing file /home/airflow/.local/lib/python3.12/site-packages/airflow/example_dags/example_branch_labels.py for tasks to queue
[2024-05-03T10:41:36.428+0000] {logging_mixin.py:188} INFO - [2024-05-03T10:41:36.428+0000] {dagbag.py:540} INFO - Filling up the DagBag from /home/airflow/.local/lib/python3.12/site-packages/airflow/example_dags/example_branch_labels.py
[2024-05-03T10:41:36.436+0000] {processor.py:840} INFO - DAG(s) 'example_branch_labels' retrieved from /home/airflow/.local/lib/python3.12/site-packages/airflow/example_dags/example_branch_labels.py
[2024-05-03T10:41:36.462+0000] {logging_mixin.py:188} INFO - [2024-05-03T10:41:36.462+0000] {dag.py:3096} INFO - Sync 1 DAGs
[2024-05-03T10:41:36.483+0000] {logging_mixin.py:188} INFO - [2024-05-03T10:41:36.482+0000] {dag.py:3954} INFO - Setting next_dagrun for example_branch_labels to 2024-05-02 00:00:00+00:00, run_after=2024-05-03 00:00:00+00:00
[2024-05-03T10:41:36.503+0000] {processor.py:183} INFO - Processing /home/airflow/.local/lib/python3.12/site-packages/airflow/example_dags/example_branch_labels.py took 0.085 seconds
[2024-05-03T10:42:06.930+0000] {processor.py:161} INFO - Started process (PID=568) to work on /home/airflow/.local/lib/python3.12/site-packages/airflow/example_dags/example_branch_labels.py
[2024-05-03T10:42:06.930+0000] {processor.py:830} INFO - Processing file /home/airflow/.local/lib/python3.12/site-packages/airflow/example_dags/example_branch_labels.py for tasks to queue
[2024-05-03T10:42:06.932+0000] {logging_mixin.py:188} INFO - [2024-05-03T10:42:06.932+0000] {dagbag.py:540} INFO - Filling up the DagBag from /home/airflow/.local/lib/python3.12/site-packages/airflow/example_dags/example_branch_labels.py
[2024-05-03T10:42:06.938+0000] {processor.py:840} INFO - DAG(s) 'example_branch_labels' retrieved from /home/airflow/.local/lib/python3.12/site-packages/airflow/example_dags/example_branch_labels.py
[2024-05-03T10:42:06.956+0000] {logging_mixin.py:188} INFO - [2024-05-03T10:42:06.955+0000] {dag.py:3096} INFO - Sync 1 DAGs
[2024-05-03T10:42:06.975+0000] {logging_mixin.py:188} INFO - [2024-05-03T10:42:06.975+0000] {dag.py:3954} INFO - Setting next_dagrun for example_branch_labels to 2024-05-02 00:00:00+00:00, run_after=2024-05-03 00:00:00+00:00
[2024-05-03T10:42:06.991+0000] {processor.py:183} INFO - Processing /home/airflow/.local/lib/python3.12/site-packages/airflow/example_dags/example_branch_labels.py took 0.066 seconds
[2024-05-03T10:42:37.872+0000] {processor.py:161} INFO - Started process (PID=627) to work on /home/airflow/.local/lib/python3.12/site-packages/airflow/example_dags/example_branch_labels.py
[2024-05-03T10:42:37.873+0000] {processor.py:830} INFO - Processing file /home/airflow/.local/lib/python3.12/site-packages/airflow/example_dags/example_branch_labels.py for tasks to queue
[2024-05-03T10:42:37.875+0000] {logging_mixin.py:188} INFO - [2024-05-03T10:42:37.874+0000] {dagbag.py:540} INFO - Filling up the DagBag from /home/airflow/.local/lib/python3.12/site-packages/airflow/example_dags/example_branch_labels.py
[2024-05-03T10:42:37.881+0000] {processor.py:840} INFO - DAG(s) 'example_branch_labels' retrieved from /home/airflow/.local/lib/python3.12/site-packages/airflow/example_dags/example_branch_labels.py
[2024-05-03T10:42:37.897+0000] {logging_mixin.py:188} INFO - [2024-05-03T10:42:37.897+0000] {dag.py:3096} INFO - Sync 1 DAGs
[2024-05-03T10:42:37.919+0000] {logging_mixin.py:188} INFO - [2024-05-03T10:42:37.919+0000] {dag.py:3954} INFO - Setting next_dagrun for example_branch_labels to 2024-05-02 00:00:00+00:00, run_after=2024-05-03 00:00:00+00:00
[2024-05-03T10:42:37.935+0000] {processor.py:183} INFO - Processing /home/airflow/.local/lib/python3.12/site-packages/airflow/example_dags/example_branch_labels.py took 0.068 seconds
[2024-05-03T10:43:08.185+0000] {processor.py:161} INFO - Started process (PID=685) to work on /home/airflow/.local/lib/python3.12/site-packages/airflow/example_dags/example_branch_labels.py
[2024-05-03T10:43:08.186+0000] {processor.py:830} INFO - Processing file /home/airflow/.local/lib/python3.12/site-packages/airflow/example_dags/example_branch_labels.py for tasks to queue
[2024-05-03T10:43:08.187+0000] {logging_mixin.py:188} INFO - [2024-05-03T10:43:08.187+0000] {dagbag.py:540} INFO - Filling up the DagBag from /home/airflow/.local/lib/python3.12/site-packages/airflow/example_dags/example_branch_labels.py
[2024-05-03T10:43:08.193+0000] {processor.py:840} INFO - DAG(s) 'example_branch_labels' retrieved from /home/airflow/.local/lib/python3.12/site-packages/airflow/example_dags/example_branch_labels.py
[2024-05-03T10:43:08.210+0000] {logging_mixin.py:188} INFO - [2024-05-03T10:43:08.209+0000] {dag.py:3096} INFO - Sync 1 DAGs
[2024-05-03T10:43:08.228+0000] {logging_mixin.py:188} INFO - [2024-05-03T10:43:08.227+0000] {dag.py:3954} INFO - Setting next_dagrun for example_branch_labels to 2024-05-02 00:00:00+00:00, run_after=2024-05-03 00:00:00+00:00
[2024-05-03T10:43:08.244+0000] {processor.py:183} INFO - Processing /home/airflow/.local/lib/python3.12/site-packages/airflow/example_dags/example_branch_labels.py took 0.064 seconds
[2024-05-03T10:43:38.480+0000] {processor.py:161} INFO - Started process (PID=743) to work on /home/airflow/.local/lib/python3.12/site-packages/airflow/example_dags/example_branch_labels.py
[2024-05-03T10:43:38.481+0000] {processor.py:830} INFO - Processing file /home/airflow/.local/lib/python3.12/site-packages/airflow/example_dags/example_branch_labels.py for tasks to queue
[2024-05-03T10:43:38.483+0000] {logging_mixin.py:188} INFO - [2024-05-03T10:43:38.483+0000] {dagbag.py:540} INFO - Filling up the DagBag from /home/airflow/.local/lib/python3.12/site-packages/airflow/example_dags/example_branch_labels.py
[2024-05-03T10:43:38.489+0000] {processor.py:840} INFO - DAG(s) 'example_branch_labels' retrieved from /home/airflow/.local/lib/python3.12/site-packages/airflow/example_dags/example_branch_labels.py
[2024-05-03T10:43:38.507+0000] {logging_mixin.py:188} INFO - [2024-05-03T10:43:38.507+0000] {dag.py:3096} INFO - Sync 1 DAGs
[2024-05-03T10:43:38.526+0000] {logging_mixin.py:188} INFO - [2024-05-03T10:43:38.526+0000] {dag.py:3954} INFO - Setting next_dagrun for example_branch_labels to 2024-05-02 00:00:00+00:00, run_after=2024-05-03 00:00:00+00:00
[2024-05-03T10:43:38.544+0000] {processor.py:183} INFO - Processing /home/airflow/.local/lib/python3.12/site-packages/airflow/example_dags/example_branch_labels.py took 0.068 seconds
[2024-05-03T10:44:08.721+0000] {processor.py:161} INFO - Started process (PID=800) to work on /home/airflow/.local/lib/python3.12/site-packages/airflow/example_dags/example_branch_labels.py
[2024-05-03T10:44:08.722+0000] {processor.py:830} INFO - Processing file /home/airflow/.local/lib/python3.12/site-packages/airflow/example_dags/example_branch_labels.py for tasks to queue
[2024-05-03T10:44:08.723+0000] {logging_mixin.py:188} INFO - [2024-05-03T10:44:08.723+0000] {dagbag.py:540} INFO - Filling up the DagBag from /home/airflow/.local/lib/python3.12/site-packages/airflow/example_dags/example_branch_labels.py
[2024-05-03T10:44:08.730+0000] {processor.py:840} INFO - DAG(s) 'example_branch_labels' retrieved from /home/airflow/.local/lib/python3.12/site-packages/airflow/example_dags/example_branch_labels.py
[2024-05-03T10:44:08.747+0000] {logging_mixin.py:188} INFO - [2024-05-03T10:44:08.747+0000] {dag.py:3096} INFO - Sync 1 DAGs
[2024-05-03T10:44:08.766+0000] {logging_mixin.py:188} INFO - [2024-05-03T10:44:08.765+0000] {dag.py:3954} INFO - Setting next_dagrun for example_branch_labels to 2024-05-02 00:00:00+00:00, run_after=2024-05-03 00:00:00+00:00
[2024-05-03T10:44:08.780+0000] {processor.py:183} INFO - Processing /home/airflow/.local/lib/python3.12/site-packages/airflow/example_dags/example_branch_labels.py took 0.065 seconds
[2024-05-03T10:44:39.071+0000] {processor.py:161} INFO - Started process (PID=858) to work on /home/airflow/.local/lib/python3.12/site-packages/airflow/example_dags/example_branch_labels.py
[2024-05-03T10:44:39.071+0000] {processor.py:830} INFO - Processing file /home/airflow/.local/lib/python3.12/site-packages/airflow/example_dags/example_branch_labels.py for tasks to queue
[2024-05-03T10:44:39.073+0000] {logging_mixin.py:188} INFO - [2024-05-03T10:44:39.073+0000] {dagbag.py:540} INFO - Filling up the DagBag from /home/airflow/.local/lib/python3.12/site-packages/airflow/example_dags/example_branch_labels.py
[2024-05-03T10:44:39.079+0000] {processor.py:840} INFO - DAG(s) 'example_branch_labels' retrieved from /home/airflow/.local/lib/python3.12/site-packages/airflow/example_dags/example_branch_labels.py
[2024-05-03T10:44:39.095+0000] {logging_mixin.py:188} INFO - [2024-05-03T10:44:39.095+0000] {dag.py:3096} INFO - Sync 1 DAGs
[2024-05-03T10:44:39.112+0000] {logging_mixin.py:188} INFO - [2024-05-03T10:44:39.112+0000] {dag.py:3954} INFO - Setting next_dagrun for example_branch_labels to 2024-05-02 00:00:00+00:00, run_after=2024-05-03 00:00:00+00:00
[2024-05-03T10:44:39.127+0000] {processor.py:183} INFO - Processing /home/airflow/.local/lib/python3.12/site-packages/airflow/example_dags/example_branch_labels.py took 0.061 seconds
[2024-05-03T10:45:09.513+0000] {processor.py:161} INFO - Started process (PID=917) to work on /home/airflow/.local/lib/python3.12/site-packages/airflow/example_dags/example_branch_labels.py
[2024-05-03T10:45:09.514+0000] {processor.py:830} INFO - Processing file /home/airflow/.local/lib/python3.12/site-packages/airflow/example_dags/example_branch_labels.py for tasks to queue
[2024-05-03T10:45:09.515+0000] {logging_mixin.py:188} INFO - [2024-05-03T10:45:09.515+0000] {dagbag.py:540} INFO - Filling up the DagBag from /home/airflow/.local/lib/python3.12/site-packages/airflow/example_dags/example_branch_labels.py
[2024-05-03T10:45:09.521+0000] {processor.py:840} INFO - DAG(s) 'example_branch_labels' retrieved from /home/airflow/.local/lib/python3.12/site-packages/airflow/example_dags/example_branch_labels.py
[2024-05-03T10:45:09.537+0000] {logging_mixin.py:188} INFO - [2024-05-03T10:45:09.536+0000] {dag.py:3096} INFO - Sync 1 DAGs
[2024-05-03T10:45:09.553+0000] {logging_mixin.py:188} INFO - [2024-05-03T10:45:09.553+0000] {dag.py:3954} INFO - Setting next_dagrun for example_branch_labels to 2024-05-02 00:00:00+00:00, run_after=2024-05-03 00:00:00+00:00
[2024-05-03T10:45:09.569+0000] {processor.py:183} INFO - Processing /home/airflow/.local/lib/python3.12/site-packages/airflow/example_dags/example_branch_labels.py took 0.060 seconds
[2024-05-03T10:45:40.204+0000] {processor.py:161} INFO - Started process (PID=976) to work on /home/airflow/.local/lib/python3.12/site-packages/airflow/example_dags/example_branch_labels.py
[2024-05-03T10:45:40.205+0000] {processor.py:830} INFO - Processing file /home/airflow/.local/lib/python3.12/site-packages/airflow/example_dags/example_branch_labels.py for tasks to queue
[2024-05-03T10:45:40.206+0000] {logging_mixin.py:188} INFO - [2024-05-03T10:45:40.206+0000] {dagbag.py:540} INFO - Filling up the DagBag from /home/airflow/.local/lib/python3.12/site-packages/airflow/example_dags/example_branch_labels.py
[2024-05-03T10:45:40.212+0000] {processor.py:840} INFO - DAG(s) 'example_branch_labels' retrieved from /home/airflow/.local/lib/python3.12/site-packages/airflow/example_dags/example_branch_labels.py
[2024-05-03T10:45:40.229+0000] {logging_mixin.py:188} INFO - [2024-05-03T10:45:40.228+0000] {dag.py:3096} INFO - Sync 1 DAGs
[2024-05-03T10:45:40.245+0000] {logging_mixin.py:188} INFO - [2024-05-03T10:45:40.245+0000] {dag.py:3954} INFO - Setting next_dagrun for example_branch_labels to 2024-05-02 00:00:00+00:00, run_after=2024-05-03 00:00:00+00:00
[2024-05-03T10:45:40.261+0000] {processor.py:183} INFO - Processing /home/airflow/.local/lib/python3.12/site-packages/airflow/example_dags/example_branch_labels.py took 0.061 seconds
[2024-05-03T10:46:10.746+0000] {processor.py:161} INFO - Started process (PID=1034) to work on /home/airflow/.local/lib/python3.12/site-packages/airflow/example_dags/example_branch_labels.py
[2024-05-03T10:46:10.747+0000] {processor.py:830} INFO - Processing file /home/airflow/.local/lib/python3.12/site-packages/airflow/example_dags/example_branch_labels.py for tasks to queue
[2024-05-03T10:46:10.748+0000] {logging_mixin.py:188} INFO - [2024-05-03T10:46:10.748+0000] {dagbag.py:540} INFO - Filling up the DagBag from /home/airflow/.local/lib/python3.12/site-packages/airflow/example_dags/example_branch_labels.py
[2024-05-03T10:46:10.754+0000] {processor.py:840} INFO - DAG(s) 'example_branch_labels' retrieved from /home/airflow/.local/lib/python3.12/site-packages/airflow/example_dags/example_branch_labels.py
[2024-05-03T10:46:10.772+0000] {logging_mixin.py:188} INFO - [2024-05-03T10:46:10.772+0000] {dag.py:3096} INFO - Sync 1 DAGs
[2024-05-03T10:46:10.791+0000] {logging_mixin.py:188} INFO - [2024-05-03T10:46:10.791+0000] {dag.py:3954} INFO - Setting next_dagrun for example_branch_labels to 2024-05-02 00:00:00+00:00, run_after=2024-05-03 00:00:00+00:00
[2024-05-03T10:46:10.918+0000] {processor.py:183} INFO - Processing /home/airflow/.local/lib/python3.12/site-packages/airflow/example_dags/example_branch_labels.py took 0.177 seconds
[2024-05-03T10:46:41.254+0000] {processor.py:161} INFO - Started process (PID=1092) to work on /home/airflow/.local/lib/python3.12/site-packages/airflow/example_dags/example_branch_labels.py
[2024-05-03T10:46:41.255+0000] {processor.py:830} INFO - Processing file /home/airflow/.local/lib/python3.12/site-packages/airflow/example_dags/example_branch_labels.py for tasks to queue
[2024-05-03T10:46:41.256+0000] {logging_mixin.py:188} INFO - [2024-05-03T10:46:41.256+0000] {dagbag.py:540} INFO - Filling up the DagBag from /home/airflow/.local/lib/python3.12/site-packages/airflow/example_dags/example_branch_labels.py
[2024-05-03T10:46:41.263+0000] {processor.py:840} INFO - DAG(s) 'example_branch_labels' retrieved from /home/airflow/.local/lib/python3.12/site-packages/airflow/example_dags/example_branch_labels.py
[2024-05-03T10:46:41.282+0000] {logging_mixin.py:188} INFO - [2024-05-03T10:46:41.281+0000] {dag.py:3096} INFO - Sync 1 DAGs
[2024-05-03T10:46:41.303+0000] {logging_mixin.py:188} INFO - [2024-05-03T10:46:41.303+0000] {dag.py:3954} INFO - Setting next_dagrun for example_branch_labels to 2024-05-02 00:00:00+00:00, run_after=2024-05-03 00:00:00+00:00
[2024-05-03T10:46:41.322+0000] {processor.py:183} INFO - Processing /home/airflow/.local/lib/python3.12/site-packages/airflow/example_dags/example_branch_labels.py took 0.073 seconds
[2024-05-03T10:47:12.405+0000] {processor.py:161} INFO - Started process (PID=1150) to work on /home/airflow/.local/lib/python3.12/site-packages/airflow/example_dags/example_branch_labels.py
[2024-05-03T10:47:12.406+0000] {processor.py:830} INFO - Processing file /home/airflow/.local/lib/python3.12/site-packages/airflow/example_dags/example_branch_labels.py for tasks to queue
[2024-05-03T10:47:12.408+0000] {logging_mixin.py:188} INFO - [2024-05-03T10:47:12.407+0000] {dagbag.py:540} INFO - Filling up the DagBag from /home/airflow/.local/lib/python3.12/site-packages/airflow/example_dags/example_branch_labels.py
[2024-05-03T10:47:12.414+0000] {processor.py:840} INFO - DAG(s) 'example_branch_labels' retrieved from /home/airflow/.local/lib/python3.12/site-packages/airflow/example_dags/example_branch_labels.py
[2024-05-03T10:47:12.430+0000] {logging_mixin.py:188} INFO - [2024-05-03T10:47:12.430+0000] {dag.py:3096} INFO - Sync 1 DAGs
[2024-05-03T10:47:12.447+0000] {logging_mixin.py:188} INFO - [2024-05-03T10:47:12.446+0000] {dag.py:3954} INFO - Setting next_dagrun for example_branch_labels to 2024-05-02 00:00:00+00:00, run_after=2024-05-03 00:00:00+00:00
[2024-05-03T10:47:12.461+0000] {processor.py:183} INFO - Processing /home/airflow/.local/lib/python3.12/site-packages/airflow/example_dags/example_branch_labels.py took 0.060 seconds
[2024-05-03T10:47:42.624+0000] {processor.py:161} INFO - Started process (PID=1208) to work on /home/airflow/.local/lib/python3.12/site-packages/airflow/example_dags/example_branch_labels.py
[2024-05-03T10:47:42.625+0000] {processor.py:830} INFO - Processing file /home/airflow/.local/lib/python3.12/site-packages/airflow/example_dags/example_branch_labels.py for tasks to queue
[2024-05-03T10:47:42.626+0000] {logging_mixin.py:188} INFO - [2024-05-03T10:47:42.626+0000] {dagbag.py:540} INFO - Filling up the DagBag from /home/airflow/.local/lib/python3.12/site-packages/airflow/example_dags/example_branch_labels.py
[2024-05-03T10:47:42.633+0000] {processor.py:840} INFO - DAG(s) 'example_branch_labels' retrieved from /home/airflow/.local/lib/python3.12/site-packages/airflow/example_dags/example_branch_labels.py
[2024-05-03T10:47:42.654+0000] {logging_mixin.py:188} INFO - [2024-05-03T10:47:42.654+0000] {dag.py:3096} INFO - Sync 1 DAGs
[2024-05-03T10:47:42.679+0000] {logging_mixin.py:188} INFO - [2024-05-03T10:47:42.679+0000] {dag.py:3954} INFO - Setting next_dagrun for example_branch_labels to 2024-05-02 00:00:00+00:00, run_after=2024-05-03 00:00:00+00:00
[2024-05-03T10:47:42.700+0000] {processor.py:183} INFO - Processing /home/airflow/.local/lib/python3.12/site-packages/airflow/example_dags/example_branch_labels.py took 0.082 seconds
[2024-05-03T10:48:13.266+0000] {processor.py:161} INFO - Started process (PID=1266) to work on /home/airflow/.local/lib/python3.12/site-packages/airflow/example_dags/example_branch_labels.py
[2024-05-03T10:48:13.267+0000] {processor.py:830} INFO - Processing file /home/airflow/.local/lib/python3.12/site-packages/airflow/example_dags/example_branch_labels.py for tasks to queue
[2024-05-03T10:48:13.269+0000] {logging_mixin.py:188} INFO - [2024-05-03T10:48:13.269+0000] {dagbag.py:540} INFO - Filling up the DagBag from /home/airflow/.local/lib/python3.12/site-packages/airflow/example_dags/example_branch_labels.py
[2024-05-03T10:48:13.275+0000] {processor.py:840} INFO - DAG(s) 'example_branch_labels' retrieved from /home/airflow/.local/lib/python3.12/site-packages/airflow/example_dags/example_branch_labels.py
[2024-05-03T10:48:13.293+0000] {logging_mixin.py:188} INFO - [2024-05-03T10:48:13.292+0000] {dag.py:3096} INFO - Sync 1 DAGs
[2024-05-03T10:48:13.311+0000] {logging_mixin.py:188} INFO - [2024-05-03T10:48:13.311+0000] {dag.py:3954} INFO - Setting next_dagrun for example_branch_labels to 2024-05-02 00:00:00+00:00, run_after=2024-05-03 00:00:00+00:00
[2024-05-03T10:48:13.327+0000] {processor.py:183} INFO - Processing /home/airflow/.local/lib/python3.12/site-packages/airflow/example_dags/example_branch_labels.py took 0.065 seconds
[2024-05-03T10:48:43.394+0000] {processor.py:161} INFO - Started process (PID=1324) to work on /home/airflow/.local/lib/python3.12/site-packages/airflow/example_dags/example_branch_labels.py
[2024-05-03T10:48:43.395+0000] {processor.py:830} INFO - Processing file /home/airflow/.local/lib/python3.12/site-packages/airflow/example_dags/example_branch_labels.py for tasks to queue
[2024-05-03T10:48:43.396+0000] {logging_mixin.py:188} INFO - [2024-05-03T10:48:43.396+0000] {dagbag.py:540} INFO - Filling up the DagBag from /home/airflow/.local/lib/python3.12/site-packages/airflow/example_dags/example_branch_labels.py
[2024-05-03T10:48:43.403+0000] {processor.py:840} INFO - DAG(s) 'example_branch_labels' retrieved from /home/airflow/.local/lib/python3.12/site-packages/airflow/example_dags/example_branch_labels.py
[2024-05-03T10:48:43.421+0000] {logging_mixin.py:188} INFO - [2024-05-03T10:48:43.421+0000] {dag.py:3096} INFO - Sync 1 DAGs
[2024-05-03T10:48:43.440+0000] {logging_mixin.py:188} INFO - [2024-05-03T10:48:43.440+0000] {dag.py:3954} INFO - Setting next_dagrun for example_branch_labels to 2024-05-02 00:00:00+00:00, run_after=2024-05-03 00:00:00+00:00
[2024-05-03T10:48:43.456+0000] {processor.py:183} INFO - Processing /home/airflow/.local/lib/python3.12/site-packages/airflow/example_dags/example_branch_labels.py took 0.067 seconds
[2024-05-03T10:49:13.645+0000] {processor.py:161} INFO - Started process (PID=1382) to work on /home/airflow/.local/lib/python3.12/site-packages/airflow/example_dags/example_branch_labels.py
[2024-05-03T10:49:13.646+0000] {processor.py:830} INFO - Processing file /home/airflow/.local/lib/python3.12/site-packages/airflow/example_dags/example_branch_labels.py for tasks to queue
[2024-05-03T10:49:13.648+0000] {logging_mixin.py:188} INFO - [2024-05-03T10:49:13.648+0000] {dagbag.py:540} INFO - Filling up the DagBag from /home/airflow/.local/lib/python3.12/site-packages/airflow/example_dags/example_branch_labels.py
[2024-05-03T10:49:13.655+0000] {processor.py:840} INFO - DAG(s) 'example_branch_labels' retrieved from /home/airflow/.local/lib/python3.12/site-packages/airflow/example_dags/example_branch_labels.py
[2024-05-03T10:49:13.674+0000] {logging_mixin.py:188} INFO - [2024-05-03T10:49:13.674+0000] {dag.py:3096} INFO - Sync 1 DAGs
[2024-05-03T10:49:13.693+0000] {logging_mixin.py:188} INFO - [2024-05-03T10:49:13.693+0000] {dag.py:3954} INFO - Setting next_dagrun for example_branch_labels to 2024-05-02 00:00:00+00:00, run_after=2024-05-03 00:00:00+00:00
[2024-05-03T10:49:13.709+0000] {processor.py:183} INFO - Processing /home/airflow/.local/lib/python3.12/site-packages/airflow/example_dags/example_branch_labels.py took 0.069 seconds
[2024-05-03T10:49:44.160+0000] {processor.py:161} INFO - Started process (PID=1440) to work on /home/airflow/.local/lib/python3.12/site-packages/airflow/example_dags/example_branch_labels.py
[2024-05-03T10:49:44.161+0000] {processor.py:830} INFO - Processing file /home/airflow/.local/lib/python3.12/site-packages/airflow/example_dags/example_branch_labels.py for tasks to queue
[2024-05-03T10:49:44.162+0000] {logging_mixin.py:188} INFO - [2024-05-03T10:49:44.162+0000] {dagbag.py:540} INFO - Filling up the DagBag from /home/airflow/.local/lib/python3.12/site-packages/airflow/example_dags/example_branch_labels.py
[2024-05-03T10:49:44.169+0000] {processor.py:840} INFO - DAG(s) 'example_branch_labels' retrieved from /home/airflow/.local/lib/python3.12/site-packages/airflow/example_dags/example_branch_labels.py
[2024-05-03T10:49:44.188+0000] {logging_mixin.py:188} INFO - [2024-05-03T10:49:44.188+0000] {dag.py:3096} INFO - Sync 1 DAGs
[2024-05-03T10:49:44.207+0000] {logging_mixin.py:188} INFO - [2024-05-03T10:49:44.207+0000] {dag.py:3954} INFO - Setting next_dagrun for example_branch_labels to 2024-05-02 00:00:00+00:00, run_after=2024-05-03 00:00:00+00:00
[2024-05-03T10:49:44.224+0000] {processor.py:183} INFO - Processing /home/airflow/.local/lib/python3.12/site-packages/airflow/example_dags/example_branch_labels.py took 0.070 seconds
[2024-05-03T10:50:14.372+0000] {processor.py:161} INFO - Started process (PID=1498) to work on /home/airflow/.local/lib/python3.12/site-packages/airflow/example_dags/example_branch_labels.py
[2024-05-03T10:50:14.373+0000] {processor.py:830} INFO - Processing file /home/airflow/.local/lib/python3.12/site-packages/airflow/example_dags/example_branch_labels.py for tasks to queue
[2024-05-03T10:50:14.374+0000] {logging_mixin.py:188} INFO - [2024-05-03T10:50:14.374+0000] {dagbag.py:540} INFO - Filling up the DagBag from /home/airflow/.local/lib/python3.12/site-packages/airflow/example_dags/example_branch_labels.py
[2024-05-03T10:50:14.381+0000] {processor.py:840} INFO - DAG(s) 'example_branch_labels' retrieved from /home/airflow/.local/lib/python3.12/site-packages/airflow/example_dags/example_branch_labels.py
[2024-05-03T10:50:14.397+0000] {logging_mixin.py:188} INFO - [2024-05-03T10:50:14.397+0000] {dag.py:3096} INFO - Sync 1 DAGs
[2024-05-03T10:50:14.416+0000] {logging_mixin.py:188} INFO - [2024-05-03T10:50:14.416+0000] {dag.py:3954} INFO - Setting next_dagrun for example_branch_labels to 2024-05-02 00:00:00+00:00, run_after=2024-05-03 00:00:00+00:00
[2024-05-03T10:50:14.432+0000] {processor.py:183} INFO - Processing /home/airflow/.local/lib/python3.12/site-packages/airflow/example_dags/example_branch_labels.py took 0.065 seconds
[2024-05-03T10:50:44.602+0000] {processor.py:161} INFO - Started process (PID=1556) to work on /home/airflow/.local/lib/python3.12/site-packages/airflow/example_dags/example_branch_labels.py
[2024-05-03T10:50:44.603+0000] {processor.py:830} INFO - Processing file /home/airflow/.local/lib/python3.12/site-packages/airflow/example_dags/example_branch_labels.py for tasks to queue
[2024-05-03T10:50:44.605+0000] {logging_mixin.py:188} INFO - [2024-05-03T10:50:44.605+0000] {dagbag.py:540} INFO - Filling up the DagBag from /home/airflow/.local/lib/python3.12/site-packages/airflow/example_dags/example_branch_labels.py
[2024-05-03T10:50:44.612+0000] {processor.py:840} INFO - DAG(s) 'example_branch_labels' retrieved from /home/airflow/.local/lib/python3.12/site-packages/airflow/example_dags/example_branch_labels.py
[2024-05-03T10:50:44.629+0000] {logging_mixin.py:188} INFO - [2024-05-03T10:50:44.629+0000] {dag.py:3096} INFO - Sync 1 DAGs
[2024-05-03T10:50:44.649+0000] {logging_mixin.py:188} INFO - [2024-05-03T10:50:44.648+0000] {dag.py:3954} INFO - Setting next_dagrun for example_branch_labels to 2024-05-02 00:00:00+00:00, run_after=2024-05-03 00:00:00+00:00
[2024-05-03T10:50:44.663+0000] {processor.py:183} INFO - Processing /home/airflow/.local/lib/python3.12/site-packages/airflow/example_dags/example_branch_labels.py took 0.067 seconds
[2024-05-03T10:51:14.800+0000] {processor.py:161} INFO - Started process (PID=1614) to work on /home/airflow/.local/lib/python3.12/site-packages/airflow/example_dags/example_branch_labels.py
[2024-05-03T10:51:14.801+0000] {processor.py:830} INFO - Processing file /home/airflow/.local/lib/python3.12/site-packages/airflow/example_dags/example_branch_labels.py for tasks to queue
[2024-05-03T10:51:14.802+0000] {logging_mixin.py:188} INFO - [2024-05-03T10:51:14.802+0000] {dagbag.py:540} INFO - Filling up the DagBag from /home/airflow/.local/lib/python3.12/site-packages/airflow/example_dags/example_branch_labels.py
[2024-05-03T10:51:14.809+0000] {processor.py:840} INFO - DAG(s) 'example_branch_labels' retrieved from /home/airflow/.local/lib/python3.12/site-packages/airflow/example_dags/example_branch_labels.py
[2024-05-03T10:51:14.827+0000] {logging_mixin.py:188} INFO - [2024-05-03T10:51:14.827+0000] {dag.py:3096} INFO - Sync 1 DAGs
[2024-05-03T10:51:14.855+0000] {logging_mixin.py:188} INFO - [2024-05-03T10:51:14.854+0000] {dag.py:3954} INFO - Setting next_dagrun for example_branch_labels to 2024-05-02 00:00:00+00:00, run_after=2024-05-03 00:00:00+00:00
[2024-05-03T10:51:14.874+0000] {processor.py:183} INFO - Processing /home/airflow/.local/lib/python3.12/site-packages/airflow/example_dags/example_branch_labels.py took 0.080 seconds
[2024-05-03T10:51:45.035+0000] {processor.py:161} INFO - Started process (PID=1672) to work on /home/airflow/.local/lib/python3.12/site-packages/airflow/example_dags/example_branch_labels.py
[2024-05-03T10:51:45.036+0000] {processor.py:830} INFO - Processing file /home/airflow/.local/lib/python3.12/site-packages/airflow/example_dags/example_branch_labels.py for tasks to queue
[2024-05-03T10:51:45.037+0000] {logging_mixin.py:188} INFO - [2024-05-03T10:51:45.037+0000] {dagbag.py:540} INFO - Filling up the DagBag from /home/airflow/.local/lib/python3.12/site-packages/airflow/example_dags/example_branch_labels.py
[2024-05-03T10:51:45.043+0000] {processor.py:840} INFO - DAG(s) 'example_branch_labels' retrieved from /home/airflow/.local/lib/python3.12/site-packages/airflow/example_dags/example_branch_labels.py
[2024-05-03T10:51:45.061+0000] {logging_mixin.py:188} INFO - [2024-05-03T10:51:45.060+0000] {dag.py:3096} INFO - Sync 1 DAGs
[2024-05-03T10:51:45.080+0000] {logging_mixin.py:188} INFO - [2024-05-03T10:51:45.079+0000] {dag.py:3954} INFO - Setting next_dagrun for example_branch_labels to 2024-05-02 00:00:00+00:00, run_after=2024-05-03 00:00:00+00:00
[2024-05-03T10:51:45.104+0000] {processor.py:183} INFO - Processing /home/airflow/.local/lib/python3.12/site-packages/airflow/example_dags/example_branch_labels.py took 0.074 seconds
[2024-05-03T10:52:15.292+0000] {processor.py:161} INFO - Started process (PID=1736) to work on /home/airflow/.local/lib/python3.12/site-packages/airflow/example_dags/example_branch_labels.py
[2024-05-03T10:52:15.293+0000] {processor.py:830} INFO - Processing file /home/airflow/.local/lib/python3.12/site-packages/airflow/example_dags/example_branch_labels.py for tasks to queue
[2024-05-03T10:52:15.295+0000] {logging_mixin.py:188} INFO - [2024-05-03T10:52:15.295+0000] {dagbag.py:540} INFO - Filling up the DagBag from /home/airflow/.local/lib/python3.12/site-packages/airflow/example_dags/example_branch_labels.py
[2024-05-03T10:52:15.301+0000] {processor.py:840} INFO - DAG(s) 'example_branch_labels' retrieved from /home/airflow/.local/lib/python3.12/site-packages/airflow/example_dags/example_branch_labels.py
[2024-05-03T10:52:15.318+0000] {logging_mixin.py:188} INFO - [2024-05-03T10:52:15.318+0000] {dag.py:3096} INFO - Sync 1 DAGs
[2024-05-03T10:52:15.338+0000] {logging_mixin.py:188} INFO - [2024-05-03T10:52:15.338+0000] {dag.py:3954} INFO - Setting next_dagrun for example_branch_labels to 2024-05-02 00:00:00+00:00, run_after=2024-05-03 00:00:00+00:00
[2024-05-03T10:52:15.353+0000] {processor.py:183} INFO - Processing /home/airflow/.local/lib/python3.12/site-packages/airflow/example_dags/example_branch_labels.py took 0.066 seconds
[2024-05-03T10:52:45.684+0000] {processor.py:161} INFO - Started process (PID=1794) to work on /home/airflow/.local/lib/python3.12/site-packages/airflow/example_dags/example_branch_labels.py
[2024-05-03T10:52:45.684+0000] {processor.py:830} INFO - Processing file /home/airflow/.local/lib/python3.12/site-packages/airflow/example_dags/example_branch_labels.py for tasks to queue
[2024-05-03T10:52:45.686+0000] {logging_mixin.py:188} INFO - [2024-05-03T10:52:45.686+0000] {dagbag.py:540} INFO - Filling up the DagBag from /home/airflow/.local/lib/python3.12/site-packages/airflow/example_dags/example_branch_labels.py
[2024-05-03T10:52:45.692+0000] {processor.py:840} INFO - DAG(s) 'example_branch_labels' retrieved from /home/airflow/.local/lib/python3.12/site-packages/airflow/example_dags/example_branch_labels.py
[2024-05-03T10:52:45.709+0000] {logging_mixin.py:188} INFO - [2024-05-03T10:52:45.709+0000] {dag.py:3096} INFO - Sync 1 DAGs
[2024-05-03T10:52:45.728+0000] {logging_mixin.py:188} INFO - [2024-05-03T10:52:45.728+0000] {dag.py:3954} INFO - Setting next_dagrun for example_branch_labels to 2024-05-02 00:00:00+00:00, run_after=2024-05-03 00:00:00+00:00
[2024-05-03T10:52:45.745+0000] {processor.py:183} INFO - Processing /home/airflow/.local/lib/python3.12/site-packages/airflow/example_dags/example_branch_labels.py took 0.067 seconds
[2024-05-03T10:53:15.852+0000] {processor.py:161} INFO - Started process (PID=1853) to work on /home/airflow/.local/lib/python3.12/site-packages/airflow/example_dags/example_branch_labels.py
[2024-05-03T10:53:15.853+0000] {processor.py:830} INFO - Processing file /home/airflow/.local/lib/python3.12/site-packages/airflow/example_dags/example_branch_labels.py for tasks to queue
[2024-05-03T10:53:15.855+0000] {logging_mixin.py:188} INFO - [2024-05-03T10:53:15.855+0000] {dagbag.py:540} INFO - Filling up the DagBag from /home/airflow/.local/lib/python3.12/site-packages/airflow/example_dags/example_branch_labels.py
[2024-05-03T10:53:15.861+0000] {processor.py:840} INFO - DAG(s) 'example_branch_labels' retrieved from /home/airflow/.local/lib/python3.12/site-packages/airflow/example_dags/example_branch_labels.py
[2024-05-03T10:53:15.878+0000] {logging_mixin.py:188} INFO - [2024-05-03T10:53:15.878+0000] {dag.py:3096} INFO - Sync 1 DAGs
[2024-05-03T10:53:15.899+0000] {logging_mixin.py:188} INFO - [2024-05-03T10:53:15.899+0000] {dag.py:3954} INFO - Setting next_dagrun for example_branch_labels to 2024-05-02 00:00:00+00:00, run_after=2024-05-03 00:00:00+00:00
[2024-05-03T10:53:15.915+0000] {processor.py:183} INFO - Processing /home/airflow/.local/lib/python3.12/site-packages/airflow/example_dags/example_branch_labels.py took 0.067 seconds
[2024-05-03T10:53:46.103+0000] {processor.py:161} INFO - Started process (PID=1911) to work on /home/airflow/.local/lib/python3.12/site-packages/airflow/example_dags/example_branch_labels.py
[2024-05-03T10:53:46.104+0000] {processor.py:830} INFO - Processing file /home/airflow/.local/lib/python3.12/site-packages/airflow/example_dags/example_branch_labels.py for tasks to queue
[2024-05-03T10:53:46.106+0000] {logging_mixin.py:188} INFO - [2024-05-03T10:53:46.106+0000] {dagbag.py:540} INFO - Filling up the DagBag from /home/airflow/.local/lib/python3.12/site-packages/airflow/example_dags/example_branch_labels.py
[2024-05-03T10:53:46.113+0000] {processor.py:840} INFO - DAG(s) 'example_branch_labels' retrieved from /home/airflow/.local/lib/python3.12/site-packages/airflow/example_dags/example_branch_labels.py
[2024-05-03T10:53:46.136+0000] {logging_mixin.py:188} INFO - [2024-05-03T10:53:46.136+0000] {dag.py:3096} INFO - Sync 1 DAGs
[2024-05-03T10:53:46.161+0000] {logging_mixin.py:188} INFO - [2024-05-03T10:53:46.160+0000] {dag.py:3954} INFO - Setting next_dagrun for example_branch_labels to 2024-05-02 00:00:00+00:00, run_after=2024-05-03 00:00:00+00:00
[2024-05-03T10:53:46.181+0000] {processor.py:183} INFO - Processing /home/airflow/.local/lib/python3.12/site-packages/airflow/example_dags/example_branch_labels.py took 0.084 seconds
[2024-05-03T10:54:16.681+0000] {processor.py:161} INFO - Started process (PID=1969) to work on /home/airflow/.local/lib/python3.12/site-packages/airflow/example_dags/example_branch_labels.py
[2024-05-03T10:54:16.682+0000] {processor.py:830} INFO - Processing file /home/airflow/.local/lib/python3.12/site-packages/airflow/example_dags/example_branch_labels.py for tasks to queue
[2024-05-03T10:54:16.684+0000] {logging_mixin.py:188} INFO - [2024-05-03T10:54:16.683+0000] {dagbag.py:540} INFO - Filling up the DagBag from /home/airflow/.local/lib/python3.12/site-packages/airflow/example_dags/example_branch_labels.py
[2024-05-03T10:54:16.690+0000] {processor.py:840} INFO - DAG(s) 'example_branch_labels' retrieved from /home/airflow/.local/lib/python3.12/site-packages/airflow/example_dags/example_branch_labels.py
[2024-05-03T10:54:16.707+0000] {logging_mixin.py:188} INFO - [2024-05-03T10:54:16.706+0000] {dag.py:3096} INFO - Sync 1 DAGs
[2024-05-03T10:54:16.726+0000] {logging_mixin.py:188} INFO - [2024-05-03T10:54:16.725+0000] {dag.py:3954} INFO - Setting next_dagrun for example_branch_labels to 2024-05-02 00:00:00+00:00, run_after=2024-05-03 00:00:00+00:00
[2024-05-03T10:54:16.742+0000] {processor.py:183} INFO - Processing /home/airflow/.local/lib/python3.12/site-packages/airflow/example_dags/example_branch_labels.py took 0.066 seconds
[2024-05-03T10:54:46.971+0000] {processor.py:161} INFO - Started process (PID=2027) to work on /home/airflow/.local/lib/python3.12/site-packages/airflow/example_dags/example_branch_labels.py
[2024-05-03T10:54:46.972+0000] {processor.py:830} INFO - Processing file /home/airflow/.local/lib/python3.12/site-packages/airflow/example_dags/example_branch_labels.py for tasks to queue
[2024-05-03T10:54:46.973+0000] {logging_mixin.py:188} INFO - [2024-05-03T10:54:46.973+0000] {dagbag.py:540} INFO - Filling up the DagBag from /home/airflow/.local/lib/python3.12/site-packages/airflow/example_dags/example_branch_labels.py
[2024-05-03T10:54:46.979+0000] {processor.py:840} INFO - DAG(s) 'example_branch_labels' retrieved from /home/airflow/.local/lib/python3.12/site-packages/airflow/example_dags/example_branch_labels.py
[2024-05-03T10:54:46.997+0000] {logging_mixin.py:188} INFO - [2024-05-03T10:54:46.996+0000] {dag.py:3096} INFO - Sync 1 DAGs
[2024-05-03T10:54:47.015+0000] {logging_mixin.py:188} INFO - [2024-05-03T10:54:47.014+0000] {dag.py:3954} INFO - Setting next_dagrun for example_branch_labels to 2024-05-02 00:00:00+00:00, run_after=2024-05-03 00:00:00+00:00
[2024-05-03T10:54:47.031+0000] {processor.py:183} INFO - Processing /home/airflow/.local/lib/python3.12/site-packages/airflow/example_dags/example_branch_labels.py took 0.064 seconds
[2024-05-03T10:55:17.140+0000] {processor.py:161} INFO - Started process (PID=2085) to work on /home/airflow/.local/lib/python3.12/site-packages/airflow/example_dags/example_branch_labels.py
[2024-05-03T10:55:17.141+0000] {processor.py:830} INFO - Processing file /home/airflow/.local/lib/python3.12/site-packages/airflow/example_dags/example_branch_labels.py for tasks to queue
[2024-05-03T10:55:17.143+0000] {logging_mixin.py:188} INFO - [2024-05-03T10:55:17.142+0000] {dagbag.py:540} INFO - Filling up the DagBag from /home/airflow/.local/lib/python3.12/site-packages/airflow/example_dags/example_branch_labels.py
[2024-05-03T10:55:17.149+0000] {processor.py:840} INFO - DAG(s) 'example_branch_labels' retrieved from /home/airflow/.local/lib/python3.12/site-packages/airflow/example_dags/example_branch_labels.py
[2024-05-03T10:55:17.166+0000] {logging_mixin.py:188} INFO - [2024-05-03T10:55:17.166+0000] {dag.py:3096} INFO - Sync 1 DAGs
[2024-05-03T10:55:17.186+0000] {logging_mixin.py:188} INFO - [2024-05-03T10:55:17.186+0000] {dag.py:3954} INFO - Setting next_dagrun for example_branch_labels to 2024-05-02 00:00:00+00:00, run_after=2024-05-03 00:00:00+00:00
[2024-05-03T10:55:17.201+0000] {processor.py:183} INFO - Processing /home/airflow/.local/lib/python3.12/site-packages/airflow/example_dags/example_branch_labels.py took 0.066 seconds
[2024-05-03T10:55:47.296+0000] {processor.py:161} INFO - Started process (PID=2143) to work on /home/airflow/.local/lib/python3.12/site-packages/airflow/example_dags/example_branch_labels.py
[2024-05-03T10:55:47.297+0000] {processor.py:830} INFO - Processing file /home/airflow/.local/lib/python3.12/site-packages/airflow/example_dags/example_branch_labels.py for tasks to queue
[2024-05-03T10:55:47.298+0000] {logging_mixin.py:188} INFO - [2024-05-03T10:55:47.298+0000] {dagbag.py:540} INFO - Filling up the DagBag from /home/airflow/.local/lib/python3.12/site-packages/airflow/example_dags/example_branch_labels.py
[2024-05-03T10:55:47.305+0000] {processor.py:840} INFO - DAG(s) 'example_branch_labels' retrieved from /home/airflow/.local/lib/python3.12/site-packages/airflow/example_dags/example_branch_labels.py
[2024-05-03T10:55:47.326+0000] {logging_mixin.py:188} INFO - [2024-05-03T10:55:47.325+0000] {dag.py:3096} INFO - Sync 1 DAGs
[2024-05-03T10:55:47.347+0000] {logging_mixin.py:188} INFO - [2024-05-03T10:55:47.347+0000] {dag.py:3954} INFO - Setting next_dagrun for example_branch_labels to 2024-05-02 00:00:00+00:00, run_after=2024-05-03 00:00:00+00:00
[2024-05-03T10:55:47.368+0000] {processor.py:183} INFO - Processing /home/airflow/.local/lib/python3.12/site-packages/airflow/example_dags/example_branch_labels.py took 0.078 seconds
[2024-05-03T10:56:17.554+0000] {processor.py:161} INFO - Started process (PID=2201) to work on /home/airflow/.local/lib/python3.12/site-packages/airflow/example_dags/example_branch_labels.py
[2024-05-03T10:56:17.555+0000] {processor.py:830} INFO - Processing file /home/airflow/.local/lib/python3.12/site-packages/airflow/example_dags/example_branch_labels.py for tasks to queue
[2024-05-03T10:56:17.557+0000] {logging_mixin.py:188} INFO - [2024-05-03T10:56:17.556+0000] {dagbag.py:540} INFO - Filling up the DagBag from /home/airflow/.local/lib/python3.12/site-packages/airflow/example_dags/example_branch_labels.py
[2024-05-03T10:56:17.563+0000] {processor.py:840} INFO - DAG(s) 'example_branch_labels' retrieved from /home/airflow/.local/lib/python3.12/site-packages/airflow/example_dags/example_branch_labels.py
[2024-05-03T10:56:17.580+0000] {logging_mixin.py:188} INFO - [2024-05-03T10:56:17.580+0000] {dag.py:3096} INFO - Sync 1 DAGs
[2024-05-03T10:56:17.599+0000] {logging_mixin.py:188} INFO - [2024-05-03T10:56:17.599+0000] {dag.py:3954} INFO - Setting next_dagrun for example_branch_labels to 2024-05-02 00:00:00+00:00, run_after=2024-05-03 00:00:00+00:00
[2024-05-03T10:56:17.616+0000] {processor.py:183} INFO - Processing /home/airflow/.local/lib/python3.12/site-packages/airflow/example_dags/example_branch_labels.py took 0.067 seconds
[2024-05-03T10:56:47.775+0000] {processor.py:161} INFO - Started process (PID=2259) to work on /home/airflow/.local/lib/python3.12/site-packages/airflow/example_dags/example_branch_labels.py
[2024-05-03T10:56:47.776+0000] {processor.py:830} INFO - Processing file /home/airflow/.local/lib/python3.12/site-packages/airflow/example_dags/example_branch_labels.py for tasks to queue
[2024-05-03T10:56:47.778+0000] {logging_mixin.py:188} INFO - [2024-05-03T10:56:47.778+0000] {dagbag.py:540} INFO - Filling up the DagBag from /home/airflow/.local/lib/python3.12/site-packages/airflow/example_dags/example_branch_labels.py
[2024-05-03T10:56:47.784+0000] {processor.py:840} INFO - DAG(s) 'example_branch_labels' retrieved from /home/airflow/.local/lib/python3.12/site-packages/airflow/example_dags/example_branch_labels.py
[2024-05-03T10:56:47.801+0000] {logging_mixin.py:188} INFO - [2024-05-03T10:56:47.800+0000] {dag.py:3096} INFO - Sync 1 DAGs
[2024-05-03T10:56:47.818+0000] {logging_mixin.py:188} INFO - [2024-05-03T10:56:47.818+0000] {dag.py:3954} INFO - Setting next_dagrun for example_branch_labels to 2024-05-02 00:00:00+00:00, run_after=2024-05-03 00:00:00+00:00
[2024-05-03T10:56:47.834+0000] {processor.py:183} INFO - Processing /home/airflow/.local/lib/python3.12/site-packages/airflow/example_dags/example_branch_labels.py took 0.063 seconds
[2024-05-03T10:57:17.869+0000] {processor.py:161} INFO - Started process (PID=2316) to work on /home/airflow/.local/lib/python3.12/site-packages/airflow/example_dags/example_branch_labels.py
[2024-05-03T10:57:17.870+0000] {processor.py:830} INFO - Processing file /home/airflow/.local/lib/python3.12/site-packages/airflow/example_dags/example_branch_labels.py for tasks to queue
[2024-05-03T10:57:17.872+0000] {logging_mixin.py:188} INFO - [2024-05-03T10:57:17.872+0000] {dagbag.py:540} INFO - Filling up the DagBag from /home/airflow/.local/lib/python3.12/site-packages/airflow/example_dags/example_branch_labels.py
[2024-05-03T10:57:17.878+0000] {processor.py:840} INFO - DAG(s) 'example_branch_labels' retrieved from /home/airflow/.local/lib/python3.12/site-packages/airflow/example_dags/example_branch_labels.py
[2024-05-03T10:57:17.895+0000] {logging_mixin.py:188} INFO - [2024-05-03T10:57:17.895+0000] {dag.py:3096} INFO - Sync 1 DAGs
[2024-05-03T10:57:17.915+0000] {logging_mixin.py:188} INFO - [2024-05-03T10:57:17.915+0000] {dag.py:3954} INFO - Setting next_dagrun for example_branch_labels to 2024-05-02 00:00:00+00:00, run_after=2024-05-03 00:00:00+00:00
[2024-05-03T10:57:17.930+0000] {processor.py:183} INFO - Processing /home/airflow/.local/lib/python3.12/site-packages/airflow/example_dags/example_branch_labels.py took 0.065 seconds
[2024-05-03T10:57:48.024+0000] {processor.py:161} INFO - Started process (PID=2374) to work on /home/airflow/.local/lib/python3.12/site-packages/airflow/example_dags/example_branch_labels.py
[2024-05-03T10:57:48.025+0000] {processor.py:830} INFO - Processing file /home/airflow/.local/lib/python3.12/site-packages/airflow/example_dags/example_branch_labels.py for tasks to queue
[2024-05-03T10:57:48.027+0000] {logging_mixin.py:188} INFO - [2024-05-03T10:57:48.026+0000] {dagbag.py:540} INFO - Filling up the DagBag from /home/airflow/.local/lib/python3.12/site-packages/airflow/example_dags/example_branch_labels.py
[2024-05-03T10:57:48.032+0000] {processor.py:840} INFO - DAG(s) 'example_branch_labels' retrieved from /home/airflow/.local/lib/python3.12/site-packages/airflow/example_dags/example_branch_labels.py
[2024-05-03T10:57:48.049+0000] {logging_mixin.py:188} INFO - [2024-05-03T10:57:48.049+0000] {dag.py:3096} INFO - Sync 1 DAGs
[2024-05-03T10:57:48.067+0000] {logging_mixin.py:188} INFO - [2024-05-03T10:57:48.067+0000] {dag.py:3954} INFO - Setting next_dagrun for example_branch_labels to 2024-05-02 00:00:00+00:00, run_after=2024-05-03 00:00:00+00:00
[2024-05-03T10:57:48.084+0000] {processor.py:183} INFO - Processing /home/airflow/.local/lib/python3.12/site-packages/airflow/example_dags/example_branch_labels.py took 0.064 seconds
[2024-05-03T10:58:18.267+0000] {processor.py:161} INFO - Started process (PID=2433) to work on /home/airflow/.local/lib/python3.12/site-packages/airflow/example_dags/example_branch_labels.py
[2024-05-03T10:58:18.268+0000] {processor.py:830} INFO - Processing file /home/airflow/.local/lib/python3.12/site-packages/airflow/example_dags/example_branch_labels.py for tasks to queue
[2024-05-03T10:58:18.269+0000] {logging_mixin.py:188} INFO - [2024-05-03T10:58:18.269+0000] {dagbag.py:540} INFO - Filling up the DagBag from /home/airflow/.local/lib/python3.12/site-packages/airflow/example_dags/example_branch_labels.py
[2024-05-03T10:58:18.276+0000] {processor.py:840} INFO - DAG(s) 'example_branch_labels' retrieved from /home/airflow/.local/lib/python3.12/site-packages/airflow/example_dags/example_branch_labels.py
[2024-05-03T10:58:18.294+0000] {logging_mixin.py:188} INFO - [2024-05-03T10:58:18.294+0000] {dag.py:3096} INFO - Sync 1 DAGs
[2024-05-03T10:58:18.314+0000] {logging_mixin.py:188} INFO - [2024-05-03T10:58:18.314+0000] {dag.py:3954} INFO - Setting next_dagrun for example_branch_labels to 2024-05-02 00:00:00+00:00, run_after=2024-05-03 00:00:00+00:00
[2024-05-03T10:58:18.329+0000] {processor.py:183} INFO - Processing /home/airflow/.local/lib/python3.12/site-packages/airflow/example_dags/example_branch_labels.py took 0.067 seconds
