[2024-05-03T10:37:36.293+0000] {processor.py:161} INFO - Started process (PID=78) to work on /home/airflow/.local/lib/python3.12/site-packages/airflow/example_dags/example_branch_operator.py
[2024-05-03T10:37:36.294+0000] {processor.py:830} INFO - Processing file /home/airflow/.local/lib/python3.12/site-packages/airflow/example_dags/example_branch_operator.py for tasks to queue
[2024-05-03T10:37:36.298+0000] {logging_mixin.py:188} INFO - [2024-05-03T10:37:36.297+0000] {dagbag.py:540} INFO - Filling up the DagBag from /home/airflow/.local/lib/python3.12/site-packages/airflow/example_dags/example_branch_operator.py
[2024-05-03T10:37:36.331+0000] {processor.py:840} INFO - DAG(s) 'example_branch_operator' retrieved from /home/airflow/.local/lib/python3.12/site-packages/airflow/example_dags/example_branch_operator.py
[2024-05-03T10:37:36.445+0000] {logging_mixin.py:188} INFO - [2024-05-03T10:37:36.445+0000] {dag.py:3096} INFO - Sync 1 DAGs
[2024-05-03T10:37:36.465+0000] {logging_mixin.py:188} INFO - [2024-05-03T10:37:36.465+0000] {dag.py:3954} INFO - Setting next_dagrun for example_branch_operator to 2024-05-02 00:00:00+00:00, run_after=2024-05-03 00:00:00+00:00
[2024-05-03T10:37:36.487+0000] {processor.py:183} INFO - Processing /home/airflow/.local/lib/python3.12/site-packages/airflow/example_dags/example_branch_operator.py took 0.199 seconds
[2024-05-03T10:38:07.296+0000] {processor.py:161} INFO - Started process (PID=136) to work on /home/airflow/.local/lib/python3.12/site-packages/airflow/example_dags/example_branch_operator.py
[2024-05-03T10:38:07.297+0000] {processor.py:830} INFO - Processing file /home/airflow/.local/lib/python3.12/site-packages/airflow/example_dags/example_branch_operator.py for tasks to queue
[2024-05-03T10:38:07.300+0000] {logging_mixin.py:188} INFO - [2024-05-03T10:38:07.299+0000] {dagbag.py:540} INFO - Filling up the DagBag from /home/airflow/.local/lib/python3.12/site-packages/airflow/example_dags/example_branch_operator.py
[2024-05-03T10:38:07.316+0000] {processor.py:840} INFO - DAG(s) 'example_branch_operator' retrieved from /home/airflow/.local/lib/python3.12/site-packages/airflow/example_dags/example_branch_operator.py
[2024-05-03T10:38:07.340+0000] {logging_mixin.py:188} INFO - [2024-05-03T10:38:07.339+0000] {dag.py:3096} INFO - Sync 1 DAGs
[2024-05-03T10:38:07.362+0000] {logging_mixin.py:188} INFO - [2024-05-03T10:38:07.361+0000] {dag.py:3954} INFO - Setting next_dagrun for example_branch_operator to 2024-05-02 00:00:00+00:00, run_after=2024-05-03 00:00:00+00:00
[2024-05-03T10:38:07.381+0000] {processor.py:183} INFO - Processing /home/airflow/.local/lib/python3.12/site-packages/airflow/example_dags/example_branch_operator.py took 0.091 seconds
[2024-05-03T10:38:37.622+0000] {processor.py:161} INFO - Started process (PID=194) to work on /home/airflow/.local/lib/python3.12/site-packages/airflow/example_dags/example_branch_operator.py
[2024-05-03T10:38:37.623+0000] {processor.py:830} INFO - Processing file /home/airflow/.local/lib/python3.12/site-packages/airflow/example_dags/example_branch_operator.py for tasks to queue
[2024-05-03T10:38:37.625+0000] {logging_mixin.py:188} INFO - [2024-05-03T10:38:37.625+0000] {dagbag.py:540} INFO - Filling up the DagBag from /home/airflow/.local/lib/python3.12/site-packages/airflow/example_dags/example_branch_operator.py
[2024-05-03T10:38:37.638+0000] {processor.py:840} INFO - DAG(s) 'example_branch_operator' retrieved from /home/airflow/.local/lib/python3.12/site-packages/airflow/example_dags/example_branch_operator.py
[2024-05-03T10:38:37.667+0000] {logging_mixin.py:188} INFO - [2024-05-03T10:38:37.666+0000] {dag.py:3096} INFO - Sync 1 DAGs
[2024-05-03T10:38:37.701+0000] {logging_mixin.py:188} INFO - [2024-05-03T10:38:37.700+0000] {dag.py:3954} INFO - Setting next_dagrun for example_branch_operator to 2024-05-02 00:00:00+00:00, run_after=2024-05-03 00:00:00+00:00
[2024-05-03T10:38:37.740+0000] {processor.py:183} INFO - Processing /home/airflow/.local/lib/python3.12/site-packages/airflow/example_dags/example_branch_operator.py took 0.122 seconds
[2024-05-03T10:39:08.335+0000] {processor.py:161} INFO - Started process (PID=252) to work on /home/airflow/.local/lib/python3.12/site-packages/airflow/example_dags/example_branch_operator.py
[2024-05-03T10:39:08.336+0000] {processor.py:830} INFO - Processing file /home/airflow/.local/lib/python3.12/site-packages/airflow/example_dags/example_branch_operator.py for tasks to queue
[2024-05-03T10:39:08.338+0000] {logging_mixin.py:188} INFO - [2024-05-03T10:39:08.337+0000] {dagbag.py:540} INFO - Filling up the DagBag from /home/airflow/.local/lib/python3.12/site-packages/airflow/example_dags/example_branch_operator.py
[2024-05-03T10:39:08.350+0000] {processor.py:840} INFO - DAG(s) 'example_branch_operator' retrieved from /home/airflow/.local/lib/python3.12/site-packages/airflow/example_dags/example_branch_operator.py
[2024-05-03T10:39:08.375+0000] {logging_mixin.py:188} INFO - [2024-05-03T10:39:08.374+0000] {dag.py:3096} INFO - Sync 1 DAGs
[2024-05-03T10:39:08.393+0000] {logging_mixin.py:188} INFO - [2024-05-03T10:39:08.393+0000] {dag.py:3954} INFO - Setting next_dagrun for example_branch_operator to 2024-05-02 00:00:00+00:00, run_after=2024-05-03 00:00:00+00:00
[2024-05-03T10:39:08.410+0000] {processor.py:183} INFO - Processing /home/airflow/.local/lib/python3.12/site-packages/airflow/example_dags/example_branch_operator.py took 0.080 seconds
[2024-05-03T10:39:38.936+0000] {processor.py:161} INFO - Started process (PID=310) to work on /home/airflow/.local/lib/python3.12/site-packages/airflow/example_dags/example_branch_operator.py
[2024-05-03T10:39:38.937+0000] {processor.py:830} INFO - Processing file /home/airflow/.local/lib/python3.12/site-packages/airflow/example_dags/example_branch_operator.py for tasks to queue
[2024-05-03T10:39:38.939+0000] {logging_mixin.py:188} INFO - [2024-05-03T10:39:38.939+0000] {dagbag.py:540} INFO - Filling up the DagBag from /home/airflow/.local/lib/python3.12/site-packages/airflow/example_dags/example_branch_operator.py
[2024-05-03T10:39:38.954+0000] {processor.py:840} INFO - DAG(s) 'example_branch_operator' retrieved from /home/airflow/.local/lib/python3.12/site-packages/airflow/example_dags/example_branch_operator.py
[2024-05-03T10:39:38.978+0000] {logging_mixin.py:188} INFO - [2024-05-03T10:39:38.977+0000] {dag.py:3096} INFO - Sync 1 DAGs
[2024-05-03T10:39:38.999+0000] {logging_mixin.py:188} INFO - [2024-05-03T10:39:38.999+0000] {dag.py:3954} INFO - Setting next_dagrun for example_branch_operator to 2024-05-02 00:00:00+00:00, run_after=2024-05-03 00:00:00+00:00
[2024-05-03T10:39:39.016+0000] {processor.py:183} INFO - Processing /home/airflow/.local/lib/python3.12/site-packages/airflow/example_dags/example_branch_operator.py took 0.085 seconds
[2024-05-03T10:40:09.445+0000] {processor.py:161} INFO - Started process (PID=368) to work on /home/airflow/.local/lib/python3.12/site-packages/airflow/example_dags/example_branch_operator.py
[2024-05-03T10:40:09.446+0000] {processor.py:830} INFO - Processing file /home/airflow/.local/lib/python3.12/site-packages/airflow/example_dags/example_branch_operator.py for tasks to queue
[2024-05-03T10:40:09.448+0000] {logging_mixin.py:188} INFO - [2024-05-03T10:40:09.447+0000] {dagbag.py:540} INFO - Filling up the DagBag from /home/airflow/.local/lib/python3.12/site-packages/airflow/example_dags/example_branch_operator.py
[2024-05-03T10:40:09.462+0000] {processor.py:840} INFO - DAG(s) 'example_branch_operator' retrieved from /home/airflow/.local/lib/python3.12/site-packages/airflow/example_dags/example_branch_operator.py
[2024-05-03T10:40:09.490+0000] {logging_mixin.py:188} INFO - [2024-05-03T10:40:09.489+0000] {dag.py:3096} INFO - Sync 1 DAGs
[2024-05-03T10:40:09.508+0000] {logging_mixin.py:188} INFO - [2024-05-03T10:40:09.508+0000] {dag.py:3954} INFO - Setting next_dagrun for example_branch_operator to 2024-05-02 00:00:00+00:00, run_after=2024-05-03 00:00:00+00:00
[2024-05-03T10:40:09.525+0000] {processor.py:183} INFO - Processing /home/airflow/.local/lib/python3.12/site-packages/airflow/example_dags/example_branch_operator.py took 0.085 seconds
[2024-05-03T10:40:39.875+0000] {processor.py:161} INFO - Started process (PID=426) to work on /home/airflow/.local/lib/python3.12/site-packages/airflow/example_dags/example_branch_operator.py
[2024-05-03T10:40:39.876+0000] {processor.py:830} INFO - Processing file /home/airflow/.local/lib/python3.12/site-packages/airflow/example_dags/example_branch_operator.py for tasks to queue
[2024-05-03T10:40:39.878+0000] {logging_mixin.py:188} INFO - [2024-05-03T10:40:39.877+0000] {dagbag.py:540} INFO - Filling up the DagBag from /home/airflow/.local/lib/python3.12/site-packages/airflow/example_dags/example_branch_operator.py
[2024-05-03T10:40:39.892+0000] {processor.py:840} INFO - DAG(s) 'example_branch_operator' retrieved from /home/airflow/.local/lib/python3.12/site-packages/airflow/example_dags/example_branch_operator.py
[2024-05-03T10:40:39.919+0000] {logging_mixin.py:188} INFO - [2024-05-03T10:40:39.918+0000] {dag.py:3096} INFO - Sync 1 DAGs
[2024-05-03T10:40:39.939+0000] {logging_mixin.py:188} INFO - [2024-05-03T10:40:39.939+0000] {dag.py:3954} INFO - Setting next_dagrun for example_branch_operator to 2024-05-02 00:00:00+00:00, run_after=2024-05-03 00:00:00+00:00
[2024-05-03T10:40:39.958+0000] {processor.py:183} INFO - Processing /home/airflow/.local/lib/python3.12/site-packages/airflow/example_dags/example_branch_operator.py took 0.089 seconds
[2024-05-03T10:41:10.500+0000] {processor.py:161} INFO - Started process (PID=484) to work on /home/airflow/.local/lib/python3.12/site-packages/airflow/example_dags/example_branch_operator.py
[2024-05-03T10:41:10.501+0000] {processor.py:830} INFO - Processing file /home/airflow/.local/lib/python3.12/site-packages/airflow/example_dags/example_branch_operator.py for tasks to queue
[2024-05-03T10:41:10.503+0000] {logging_mixin.py:188} INFO - [2024-05-03T10:41:10.502+0000] {dagbag.py:540} INFO - Filling up the DagBag from /home/airflow/.local/lib/python3.12/site-packages/airflow/example_dags/example_branch_operator.py
[2024-05-03T10:41:10.515+0000] {processor.py:840} INFO - DAG(s) 'example_branch_operator' retrieved from /home/airflow/.local/lib/python3.12/site-packages/airflow/example_dags/example_branch_operator.py
[2024-05-03T10:41:10.539+0000] {logging_mixin.py:188} INFO - [2024-05-03T10:41:10.539+0000] {dag.py:3096} INFO - Sync 1 DAGs
[2024-05-03T10:41:10.558+0000] {logging_mixin.py:188} INFO - [2024-05-03T10:41:10.558+0000] {dag.py:3954} INFO - Setting next_dagrun for example_branch_operator to 2024-05-02 00:00:00+00:00, run_after=2024-05-03 00:00:00+00:00
[2024-05-03T10:41:10.575+0000] {processor.py:183} INFO - Processing /home/airflow/.local/lib/python3.12/site-packages/airflow/example_dags/example_branch_operator.py took 0.080 seconds
[2024-05-03T10:41:41.166+0000] {processor.py:161} INFO - Started process (PID=542) to work on /home/airflow/.local/lib/python3.12/site-packages/airflow/example_dags/example_branch_operator.py
[2024-05-03T10:41:41.167+0000] {processor.py:830} INFO - Processing file /home/airflow/.local/lib/python3.12/site-packages/airflow/example_dags/example_branch_operator.py for tasks to queue
[2024-05-03T10:41:41.168+0000] {logging_mixin.py:188} INFO - [2024-05-03T10:41:41.168+0000] {dagbag.py:540} INFO - Filling up the DagBag from /home/airflow/.local/lib/python3.12/site-packages/airflow/example_dags/example_branch_operator.py
[2024-05-03T10:41:41.181+0000] {processor.py:840} INFO - DAG(s) 'example_branch_operator' retrieved from /home/airflow/.local/lib/python3.12/site-packages/airflow/example_dags/example_branch_operator.py
[2024-05-03T10:41:41.204+0000] {logging_mixin.py:188} INFO - [2024-05-03T10:41:41.203+0000] {dag.py:3096} INFO - Sync 1 DAGs
[2024-05-03T10:41:41.222+0000] {logging_mixin.py:188} INFO - [2024-05-03T10:41:41.222+0000] {dag.py:3954} INFO - Setting next_dagrun for example_branch_operator to 2024-05-02 00:00:00+00:00, run_after=2024-05-03 00:00:00+00:00
[2024-05-03T10:41:41.237+0000] {processor.py:183} INFO - Processing /home/airflow/.local/lib/python3.12/site-packages/airflow/example_dags/example_branch_operator.py took 0.077 seconds
[2024-05-03T10:42:11.552+0000] {processor.py:161} INFO - Started process (PID=600) to work on /home/airflow/.local/lib/python3.12/site-packages/airflow/example_dags/example_branch_operator.py
[2024-05-03T10:42:11.553+0000] {processor.py:830} INFO - Processing file /home/airflow/.local/lib/python3.12/site-packages/airflow/example_dags/example_branch_operator.py for tasks to queue
[2024-05-03T10:42:11.555+0000] {logging_mixin.py:188} INFO - [2024-05-03T10:42:11.555+0000] {dagbag.py:540} INFO - Filling up the DagBag from /home/airflow/.local/lib/python3.12/site-packages/airflow/example_dags/example_branch_operator.py
[2024-05-03T10:42:11.573+0000] {processor.py:840} INFO - DAG(s) 'example_branch_operator' retrieved from /home/airflow/.local/lib/python3.12/site-packages/airflow/example_dags/example_branch_operator.py
[2024-05-03T10:42:11.600+0000] {logging_mixin.py:188} INFO - [2024-05-03T10:42:11.599+0000] {dag.py:3096} INFO - Sync 1 DAGs
[2024-05-03T10:42:11.622+0000] {logging_mixin.py:188} INFO - [2024-05-03T10:42:11.622+0000] {dag.py:3954} INFO - Setting next_dagrun for example_branch_operator to 2024-05-02 00:00:00+00:00, run_after=2024-05-03 00:00:00+00:00
[2024-05-03T10:42:11.638+0000] {processor.py:183} INFO - Processing /home/airflow/.local/lib/python3.12/site-packages/airflow/example_dags/example_branch_operator.py took 0.090 seconds
[2024-05-03T10:42:42.564+0000] {processor.py:161} INFO - Started process (PID=658) to work on /home/airflow/.local/lib/python3.12/site-packages/airflow/example_dags/example_branch_operator.py
[2024-05-03T10:42:42.564+0000] {processor.py:830} INFO - Processing file /home/airflow/.local/lib/python3.12/site-packages/airflow/example_dags/example_branch_operator.py for tasks to queue
[2024-05-03T10:42:42.566+0000] {logging_mixin.py:188} INFO - [2024-05-03T10:42:42.566+0000] {dagbag.py:540} INFO - Filling up the DagBag from /home/airflow/.local/lib/python3.12/site-packages/airflow/example_dags/example_branch_operator.py
[2024-05-03T10:42:42.581+0000] {processor.py:840} INFO - DAG(s) 'example_branch_operator' retrieved from /home/airflow/.local/lib/python3.12/site-packages/airflow/example_dags/example_branch_operator.py
[2024-05-03T10:42:42.608+0000] {logging_mixin.py:188} INFO - [2024-05-03T10:42:42.607+0000] {dag.py:3096} INFO - Sync 1 DAGs
[2024-05-03T10:42:42.629+0000] {logging_mixin.py:188} INFO - [2024-05-03T10:42:42.629+0000] {dag.py:3954} INFO - Setting next_dagrun for example_branch_operator to 2024-05-02 00:00:00+00:00, run_after=2024-05-03 00:00:00+00:00
[2024-05-03T10:42:42.650+0000] {processor.py:183} INFO - Processing /home/airflow/.local/lib/python3.12/site-packages/airflow/example_dags/example_branch_operator.py took 0.093 seconds
[2024-05-03T10:43:12.679+0000] {processor.py:161} INFO - Started process (PID=716) to work on /home/airflow/.local/lib/python3.12/site-packages/airflow/example_dags/example_branch_operator.py
[2024-05-03T10:43:12.680+0000] {processor.py:830} INFO - Processing file /home/airflow/.local/lib/python3.12/site-packages/airflow/example_dags/example_branch_operator.py for tasks to queue
[2024-05-03T10:43:12.681+0000] {logging_mixin.py:188} INFO - [2024-05-03T10:43:12.681+0000] {dagbag.py:540} INFO - Filling up the DagBag from /home/airflow/.local/lib/python3.12/site-packages/airflow/example_dags/example_branch_operator.py
[2024-05-03T10:43:12.693+0000] {processor.py:840} INFO - DAG(s) 'example_branch_operator' retrieved from /home/airflow/.local/lib/python3.12/site-packages/airflow/example_dags/example_branch_operator.py
[2024-05-03T10:43:12.716+0000] {logging_mixin.py:188} INFO - [2024-05-03T10:43:12.716+0000] {dag.py:3096} INFO - Sync 1 DAGs
[2024-05-03T10:43:12.733+0000] {logging_mixin.py:188} INFO - [2024-05-03T10:43:12.733+0000] {dag.py:3954} INFO - Setting next_dagrun for example_branch_operator to 2024-05-02 00:00:00+00:00, run_after=2024-05-03 00:00:00+00:00
[2024-05-03T10:43:12.749+0000] {processor.py:183} INFO - Processing /home/airflow/.local/lib/python3.12/site-packages/airflow/example_dags/example_branch_operator.py took 0.075 seconds
[2024-05-03T10:43:42.925+0000] {processor.py:161} INFO - Started process (PID=774) to work on /home/airflow/.local/lib/python3.12/site-packages/airflow/example_dags/example_branch_operator.py
[2024-05-03T10:43:42.926+0000] {processor.py:830} INFO - Processing file /home/airflow/.local/lib/python3.12/site-packages/airflow/example_dags/example_branch_operator.py for tasks to queue
[2024-05-03T10:43:42.928+0000] {logging_mixin.py:188} INFO - [2024-05-03T10:43:42.927+0000] {dagbag.py:540} INFO - Filling up the DagBag from /home/airflow/.local/lib/python3.12/site-packages/airflow/example_dags/example_branch_operator.py
[2024-05-03T10:43:42.944+0000] {processor.py:840} INFO - DAG(s) 'example_branch_operator' retrieved from /home/airflow/.local/lib/python3.12/site-packages/airflow/example_dags/example_branch_operator.py
[2024-05-03T10:43:42.973+0000] {logging_mixin.py:188} INFO - [2024-05-03T10:43:42.972+0000] {dag.py:3096} INFO - Sync 1 DAGs
[2024-05-03T10:43:42.996+0000] {logging_mixin.py:188} INFO - [2024-05-03T10:43:42.996+0000] {dag.py:3954} INFO - Setting next_dagrun for example_branch_operator to 2024-05-02 00:00:00+00:00, run_after=2024-05-03 00:00:00+00:00
[2024-05-03T10:43:43.015+0000] {processor.py:183} INFO - Processing /home/airflow/.local/lib/python3.12/site-packages/airflow/example_dags/example_branch_operator.py took 0.095 seconds
[2024-05-03T10:44:13.432+0000] {processor.py:161} INFO - Started process (PID=832) to work on /home/airflow/.local/lib/python3.12/site-packages/airflow/example_dags/example_branch_operator.py
[2024-05-03T10:44:13.434+0000] {processor.py:830} INFO - Processing file /home/airflow/.local/lib/python3.12/site-packages/airflow/example_dags/example_branch_operator.py for tasks to queue
[2024-05-03T10:44:13.437+0000] {logging_mixin.py:188} INFO - [2024-05-03T10:44:13.437+0000] {dagbag.py:540} INFO - Filling up the DagBag from /home/airflow/.local/lib/python3.12/site-packages/airflow/example_dags/example_branch_operator.py
[2024-05-03T10:44:13.458+0000] {processor.py:840} INFO - DAG(s) 'example_branch_operator' retrieved from /home/airflow/.local/lib/python3.12/site-packages/airflow/example_dags/example_branch_operator.py
[2024-05-03T10:44:13.504+0000] {logging_mixin.py:188} INFO - [2024-05-03T10:44:13.503+0000] {dag.py:3096} INFO - Sync 1 DAGs
[2024-05-03T10:44:13.546+0000] {logging_mixin.py:188} INFO - [2024-05-03T10:44:13.545+0000] {dag.py:3954} INFO - Setting next_dagrun for example_branch_operator to 2024-05-02 00:00:00+00:00, run_after=2024-05-03 00:00:00+00:00
[2024-05-03T10:44:13.735+0000] {processor.py:183} INFO - Processing /home/airflow/.local/lib/python3.12/site-packages/airflow/example_dags/example_branch_operator.py took 0.313 seconds
[2024-05-03T10:44:44.519+0000] {processor.py:161} INFO - Started process (PID=890) to work on /home/airflow/.local/lib/python3.12/site-packages/airflow/example_dags/example_branch_operator.py
[2024-05-03T10:44:44.520+0000] {processor.py:830} INFO - Processing file /home/airflow/.local/lib/python3.12/site-packages/airflow/example_dags/example_branch_operator.py for tasks to queue
[2024-05-03T10:44:44.521+0000] {logging_mixin.py:188} INFO - [2024-05-03T10:44:44.521+0000] {dagbag.py:540} INFO - Filling up the DagBag from /home/airflow/.local/lib/python3.12/site-packages/airflow/example_dags/example_branch_operator.py
[2024-05-03T10:44:44.535+0000] {processor.py:840} INFO - DAG(s) 'example_branch_operator' retrieved from /home/airflow/.local/lib/python3.12/site-packages/airflow/example_dags/example_branch_operator.py
[2024-05-03T10:44:44.564+0000] {logging_mixin.py:188} INFO - [2024-05-03T10:44:44.564+0000] {dag.py:3096} INFO - Sync 1 DAGs
[2024-05-03T10:44:44.595+0000] {logging_mixin.py:188} INFO - [2024-05-03T10:44:44.594+0000] {dag.py:3954} INFO - Setting next_dagrun for example_branch_operator to 2024-05-02 00:00:00+00:00, run_after=2024-05-03 00:00:00+00:00
[2024-05-03T10:44:44.630+0000] {processor.py:183} INFO - Processing /home/airflow/.local/lib/python3.12/site-packages/airflow/example_dags/example_branch_operator.py took 0.115 seconds
[2024-05-03T10:45:14.953+0000] {processor.py:161} INFO - Started process (PID=955) to work on /home/airflow/.local/lib/python3.12/site-packages/airflow/example_dags/example_branch_operator.py
[2024-05-03T10:45:14.954+0000] {processor.py:830} INFO - Processing file /home/airflow/.local/lib/python3.12/site-packages/airflow/example_dags/example_branch_operator.py for tasks to queue
[2024-05-03T10:45:14.955+0000] {logging_mixin.py:188} INFO - [2024-05-03T10:45:14.955+0000] {dagbag.py:540} INFO - Filling up the DagBag from /home/airflow/.local/lib/python3.12/site-packages/airflow/example_dags/example_branch_operator.py
[2024-05-03T10:45:14.967+0000] {processor.py:840} INFO - DAG(s) 'example_branch_operator' retrieved from /home/airflow/.local/lib/python3.12/site-packages/airflow/example_dags/example_branch_operator.py
[2024-05-03T10:45:14.990+0000] {logging_mixin.py:188} INFO - [2024-05-03T10:45:14.990+0000] {dag.py:3096} INFO - Sync 1 DAGs
[2024-05-03T10:45:15.008+0000] {logging_mixin.py:188} INFO - [2024-05-03T10:45:15.008+0000] {dag.py:3954} INFO - Setting next_dagrun for example_branch_operator to 2024-05-02 00:00:00+00:00, run_after=2024-05-03 00:00:00+00:00
[2024-05-03T10:45:15.023+0000] {processor.py:183} INFO - Processing /home/airflow/.local/lib/python3.12/site-packages/airflow/example_dags/example_branch_operator.py took 0.075 seconds
[2024-05-03T10:45:45.957+0000] {processor.py:161} INFO - Started process (PID=1013) to work on /home/airflow/.local/lib/python3.12/site-packages/airflow/example_dags/example_branch_operator.py
[2024-05-03T10:45:45.958+0000] {processor.py:830} INFO - Processing file /home/airflow/.local/lib/python3.12/site-packages/airflow/example_dags/example_branch_operator.py for tasks to queue
[2024-05-03T10:45:45.960+0000] {logging_mixin.py:188} INFO - [2024-05-03T10:45:45.959+0000] {dagbag.py:540} INFO - Filling up the DagBag from /home/airflow/.local/lib/python3.12/site-packages/airflow/example_dags/example_branch_operator.py
[2024-05-03T10:45:45.972+0000] {processor.py:840} INFO - DAG(s) 'example_branch_operator' retrieved from /home/airflow/.local/lib/python3.12/site-packages/airflow/example_dags/example_branch_operator.py
[2024-05-03T10:45:45.996+0000] {logging_mixin.py:188} INFO - [2024-05-03T10:45:45.996+0000] {dag.py:3096} INFO - Sync 1 DAGs
[2024-05-03T10:45:46.014+0000] {logging_mixin.py:188} INFO - [2024-05-03T10:45:46.014+0000] {dag.py:3954} INFO - Setting next_dagrun for example_branch_operator to 2024-05-02 00:00:00+00:00, run_after=2024-05-03 00:00:00+00:00
[2024-05-03T10:45:46.030+0000] {processor.py:183} INFO - Processing /home/airflow/.local/lib/python3.12/site-packages/airflow/example_dags/example_branch_operator.py took 0.078 seconds
[2024-05-03T10:46:16.801+0000] {processor.py:161} INFO - Started process (PID=1071) to work on /home/airflow/.local/lib/python3.12/site-packages/airflow/example_dags/example_branch_operator.py
[2024-05-03T10:46:16.801+0000] {processor.py:830} INFO - Processing file /home/airflow/.local/lib/python3.12/site-packages/airflow/example_dags/example_branch_operator.py for tasks to queue
[2024-05-03T10:46:16.803+0000] {logging_mixin.py:188} INFO - [2024-05-03T10:46:16.803+0000] {dagbag.py:540} INFO - Filling up the DagBag from /home/airflow/.local/lib/python3.12/site-packages/airflow/example_dags/example_branch_operator.py
[2024-05-03T10:46:16.816+0000] {processor.py:840} INFO - DAG(s) 'example_branch_operator' retrieved from /home/airflow/.local/lib/python3.12/site-packages/airflow/example_dags/example_branch_operator.py
[2024-05-03T10:46:16.841+0000] {logging_mixin.py:188} INFO - [2024-05-03T10:46:16.841+0000] {dag.py:3096} INFO - Sync 1 DAGs
[2024-05-03T10:46:16.862+0000] {logging_mixin.py:188} INFO - [2024-05-03T10:46:16.862+0000] {dag.py:3954} INFO - Setting next_dagrun for example_branch_operator to 2024-05-02 00:00:00+00:00, run_after=2024-05-03 00:00:00+00:00
[2024-05-03T10:46:16.886+0000] {processor.py:183} INFO - Processing /home/airflow/.local/lib/python3.12/site-packages/airflow/example_dags/example_branch_operator.py took 0.090 seconds
[2024-05-03T10:46:47.716+0000] {processor.py:161} INFO - Started process (PID=1129) to work on /home/airflow/.local/lib/python3.12/site-packages/airflow/example_dags/example_branch_operator.py
[2024-05-03T10:46:47.717+0000] {processor.py:830} INFO - Processing file /home/airflow/.local/lib/python3.12/site-packages/airflow/example_dags/example_branch_operator.py for tasks to queue
[2024-05-03T10:46:47.719+0000] {logging_mixin.py:188} INFO - [2024-05-03T10:46:47.719+0000] {dagbag.py:540} INFO - Filling up the DagBag from /home/airflow/.local/lib/python3.12/site-packages/airflow/example_dags/example_branch_operator.py
[2024-05-03T10:46:47.737+0000] {processor.py:840} INFO - DAG(s) 'example_branch_operator' retrieved from /home/airflow/.local/lib/python3.12/site-packages/airflow/example_dags/example_branch_operator.py
[2024-05-03T10:46:47.882+0000] {logging_mixin.py:188} INFO - [2024-05-03T10:46:47.882+0000] {dag.py:3096} INFO - Sync 1 DAGs
[2024-05-03T10:46:47.898+0000] {logging_mixin.py:188} INFO - [2024-05-03T10:46:47.898+0000] {dag.py:3954} INFO - Setting next_dagrun for example_branch_operator to 2024-05-02 00:00:00+00:00, run_after=2024-05-03 00:00:00+00:00
[2024-05-03T10:46:47.913+0000] {processor.py:183} INFO - Processing /home/airflow/.local/lib/python3.12/site-packages/airflow/example_dags/example_branch_operator.py took 0.205 seconds
[2024-05-03T10:47:18.347+0000] {processor.py:161} INFO - Started process (PID=1187) to work on /home/airflow/.local/lib/python3.12/site-packages/airflow/example_dags/example_branch_operator.py
[2024-05-03T10:47:18.349+0000] {processor.py:830} INFO - Processing file /home/airflow/.local/lib/python3.12/site-packages/airflow/example_dags/example_branch_operator.py for tasks to queue
[2024-05-03T10:47:18.350+0000] {logging_mixin.py:188} INFO - [2024-05-03T10:47:18.350+0000] {dagbag.py:540} INFO - Filling up the DagBag from /home/airflow/.local/lib/python3.12/site-packages/airflow/example_dags/example_branch_operator.py
[2024-05-03T10:47:18.362+0000] {processor.py:840} INFO - DAG(s) 'example_branch_operator' retrieved from /home/airflow/.local/lib/python3.12/site-packages/airflow/example_dags/example_branch_operator.py
[2024-05-03T10:47:18.386+0000] {logging_mixin.py:188} INFO - [2024-05-03T10:47:18.386+0000] {dag.py:3096} INFO - Sync 1 DAGs
[2024-05-03T10:47:18.521+0000] {logging_mixin.py:188} INFO - [2024-05-03T10:47:18.521+0000] {dag.py:3954} INFO - Setting next_dagrun for example_branch_operator to 2024-05-02 00:00:00+00:00, run_after=2024-05-03 00:00:00+00:00
[2024-05-03T10:47:18.536+0000] {processor.py:183} INFO - Processing /home/airflow/.local/lib/python3.12/site-packages/airflow/example_dags/example_branch_operator.py took 0.193 seconds
[2024-05-03T10:47:48.758+0000] {processor.py:161} INFO - Started process (PID=1245) to work on /home/airflow/.local/lib/python3.12/site-packages/airflow/example_dags/example_branch_operator.py
[2024-05-03T10:47:48.760+0000] {processor.py:830} INFO - Processing file /home/airflow/.local/lib/python3.12/site-packages/airflow/example_dags/example_branch_operator.py for tasks to queue
[2024-05-03T10:47:48.764+0000] {logging_mixin.py:188} INFO - [2024-05-03T10:47:48.763+0000] {dagbag.py:540} INFO - Filling up the DagBag from /home/airflow/.local/lib/python3.12/site-packages/airflow/example_dags/example_branch_operator.py
[2024-05-03T10:47:48.795+0000] {processor.py:840} INFO - DAG(s) 'example_branch_operator' retrieved from /home/airflow/.local/lib/python3.12/site-packages/airflow/example_dags/example_branch_operator.py
[2024-05-03T10:47:48.846+0000] {logging_mixin.py:188} INFO - [2024-05-03T10:47:48.845+0000] {dag.py:3096} INFO - Sync 1 DAGs
[2024-05-03T10:47:49.172+0000] {logging_mixin.py:188} INFO - [2024-05-03T10:47:49.171+0000] {dag.py:3954} INFO - Setting next_dagrun for example_branch_operator to 2024-05-02 00:00:00+00:00, run_after=2024-05-03 00:00:00+00:00
[2024-05-03T10:47:49.198+0000] {processor.py:183} INFO - Processing /home/airflow/.local/lib/python3.12/site-packages/airflow/example_dags/example_branch_operator.py took 0.452 seconds
[2024-05-03T10:48:19.533+0000] {processor.py:161} INFO - Started process (PID=1303) to work on /home/airflow/.local/lib/python3.12/site-packages/airflow/example_dags/example_branch_operator.py
[2024-05-03T10:48:19.534+0000] {processor.py:830} INFO - Processing file /home/airflow/.local/lib/python3.12/site-packages/airflow/example_dags/example_branch_operator.py for tasks to queue
[2024-05-03T10:48:19.536+0000] {logging_mixin.py:188} INFO - [2024-05-03T10:48:19.536+0000] {dagbag.py:540} INFO - Filling up the DagBag from /home/airflow/.local/lib/python3.12/site-packages/airflow/example_dags/example_branch_operator.py
[2024-05-03T10:48:19.549+0000] {processor.py:840} INFO - DAG(s) 'example_branch_operator' retrieved from /home/airflow/.local/lib/python3.12/site-packages/airflow/example_dags/example_branch_operator.py
[2024-05-03T10:48:19.573+0000] {logging_mixin.py:188} INFO - [2024-05-03T10:48:19.573+0000] {dag.py:3096} INFO - Sync 1 DAGs
[2024-05-03T10:48:19.594+0000] {logging_mixin.py:188} INFO - [2024-05-03T10:48:19.594+0000] {dag.py:3954} INFO - Setting next_dagrun for example_branch_operator to 2024-05-02 00:00:00+00:00, run_after=2024-05-03 00:00:00+00:00
[2024-05-03T10:48:19.611+0000] {processor.py:183} INFO - Processing /home/airflow/.local/lib/python3.12/site-packages/airflow/example_dags/example_branch_operator.py took 0.083 seconds
[2024-05-03T10:48:49.724+0000] {processor.py:161} INFO - Started process (PID=1361) to work on /home/airflow/.local/lib/python3.12/site-packages/airflow/example_dags/example_branch_operator.py
[2024-05-03T10:48:49.724+0000] {processor.py:830} INFO - Processing file /home/airflow/.local/lib/python3.12/site-packages/airflow/example_dags/example_branch_operator.py for tasks to queue
[2024-05-03T10:48:49.726+0000] {logging_mixin.py:188} INFO - [2024-05-03T10:48:49.726+0000] {dagbag.py:540} INFO - Filling up the DagBag from /home/airflow/.local/lib/python3.12/site-packages/airflow/example_dags/example_branch_operator.py
[2024-05-03T10:48:49.738+0000] {processor.py:840} INFO - DAG(s) 'example_branch_operator' retrieved from /home/airflow/.local/lib/python3.12/site-packages/airflow/example_dags/example_branch_operator.py
[2024-05-03T10:48:49.762+0000] {logging_mixin.py:188} INFO - [2024-05-03T10:48:49.762+0000] {dag.py:3096} INFO - Sync 1 DAGs
[2024-05-03T10:48:49.781+0000] {logging_mixin.py:188} INFO - [2024-05-03T10:48:49.781+0000] {dag.py:3954} INFO - Setting next_dagrun for example_branch_operator to 2024-05-02 00:00:00+00:00, run_after=2024-05-03 00:00:00+00:00
[2024-05-03T10:48:49.799+0000] {processor.py:183} INFO - Processing /home/airflow/.local/lib/python3.12/site-packages/airflow/example_dags/example_branch_operator.py took 0.080 seconds
[2024-05-03T10:49:20.200+0000] {processor.py:161} INFO - Started process (PID=1419) to work on /home/airflow/.local/lib/python3.12/site-packages/airflow/example_dags/example_branch_operator.py
[2024-05-03T10:49:20.200+0000] {processor.py:830} INFO - Processing file /home/airflow/.local/lib/python3.12/site-packages/airflow/example_dags/example_branch_operator.py for tasks to queue
[2024-05-03T10:49:20.202+0000] {logging_mixin.py:188} INFO - [2024-05-03T10:49:20.202+0000] {dagbag.py:540} INFO - Filling up the DagBag from /home/airflow/.local/lib/python3.12/site-packages/airflow/example_dags/example_branch_operator.py
[2024-05-03T10:49:20.215+0000] {processor.py:840} INFO - DAG(s) 'example_branch_operator' retrieved from /home/airflow/.local/lib/python3.12/site-packages/airflow/example_dags/example_branch_operator.py
[2024-05-03T10:49:20.239+0000] {logging_mixin.py:188} INFO - [2024-05-03T10:49:20.239+0000] {dag.py:3096} INFO - Sync 1 DAGs
[2024-05-03T10:49:20.258+0000] {logging_mixin.py:188} INFO - [2024-05-03T10:49:20.257+0000] {dag.py:3954} INFO - Setting next_dagrun for example_branch_operator to 2024-05-02 00:00:00+00:00, run_after=2024-05-03 00:00:00+00:00
[2024-05-03T10:49:20.276+0000] {processor.py:183} INFO - Processing /home/airflow/.local/lib/python3.12/site-packages/airflow/example_dags/example_branch_operator.py took 0.081 seconds
[2024-05-03T10:49:50.444+0000] {processor.py:161} INFO - Started process (PID=1477) to work on /home/airflow/.local/lib/python3.12/site-packages/airflow/example_dags/example_branch_operator.py
[2024-05-03T10:49:50.445+0000] {processor.py:830} INFO - Processing file /home/airflow/.local/lib/python3.12/site-packages/airflow/example_dags/example_branch_operator.py for tasks to queue
[2024-05-03T10:49:50.446+0000] {logging_mixin.py:188} INFO - [2024-05-03T10:49:50.446+0000] {dagbag.py:540} INFO - Filling up the DagBag from /home/airflow/.local/lib/python3.12/site-packages/airflow/example_dags/example_branch_operator.py
[2024-05-03T10:49:50.459+0000] {processor.py:840} INFO - DAG(s) 'example_branch_operator' retrieved from /home/airflow/.local/lib/python3.12/site-packages/airflow/example_dags/example_branch_operator.py
[2024-05-03T10:49:50.484+0000] {logging_mixin.py:188} INFO - [2024-05-03T10:49:50.484+0000] {dag.py:3096} INFO - Sync 1 DAGs
[2024-05-03T10:49:50.502+0000] {logging_mixin.py:188} INFO - [2024-05-03T10:49:50.502+0000] {dag.py:3954} INFO - Setting next_dagrun for example_branch_operator to 2024-05-02 00:00:00+00:00, run_after=2024-05-03 00:00:00+00:00
[2024-05-03T10:49:50.522+0000] {processor.py:183} INFO - Processing /home/airflow/.local/lib/python3.12/site-packages/airflow/example_dags/example_branch_operator.py took 0.082 seconds
[2024-05-03T10:50:20.625+0000] {processor.py:161} INFO - Started process (PID=1535) to work on /home/airflow/.local/lib/python3.12/site-packages/airflow/example_dags/example_branch_operator.py
[2024-05-03T10:50:20.626+0000] {processor.py:830} INFO - Processing file /home/airflow/.local/lib/python3.12/site-packages/airflow/example_dags/example_branch_operator.py for tasks to queue
[2024-05-03T10:50:20.628+0000] {logging_mixin.py:188} INFO - [2024-05-03T10:50:20.628+0000] {dagbag.py:540} INFO - Filling up the DagBag from /home/airflow/.local/lib/python3.12/site-packages/airflow/example_dags/example_branch_operator.py
[2024-05-03T10:50:20.641+0000] {processor.py:840} INFO - DAG(s) 'example_branch_operator' retrieved from /home/airflow/.local/lib/python3.12/site-packages/airflow/example_dags/example_branch_operator.py
[2024-05-03T10:50:20.665+0000] {logging_mixin.py:188} INFO - [2024-05-03T10:50:20.665+0000] {dag.py:3096} INFO - Sync 1 DAGs
[2024-05-03T10:50:20.683+0000] {logging_mixin.py:188} INFO - [2024-05-03T10:50:20.683+0000] {dag.py:3954} INFO - Setting next_dagrun for example_branch_operator to 2024-05-02 00:00:00+00:00, run_after=2024-05-03 00:00:00+00:00
[2024-05-03T10:50:20.700+0000] {processor.py:183} INFO - Processing /home/airflow/.local/lib/python3.12/site-packages/airflow/example_dags/example_branch_operator.py took 0.080 seconds
[2024-05-03T10:50:50.873+0000] {processor.py:161} INFO - Started process (PID=1593) to work on /home/airflow/.local/lib/python3.12/site-packages/airflow/example_dags/example_branch_operator.py
[2024-05-03T10:50:50.874+0000] {processor.py:830} INFO - Processing file /home/airflow/.local/lib/python3.12/site-packages/airflow/example_dags/example_branch_operator.py for tasks to queue
[2024-05-03T10:50:50.876+0000] {logging_mixin.py:188} INFO - [2024-05-03T10:50:50.875+0000] {dagbag.py:540} INFO - Filling up the DagBag from /home/airflow/.local/lib/python3.12/site-packages/airflow/example_dags/example_branch_operator.py
[2024-05-03T10:50:50.898+0000] {processor.py:840} INFO - DAG(s) 'example_branch_operator' retrieved from /home/airflow/.local/lib/python3.12/site-packages/airflow/example_dags/example_branch_operator.py
[2024-05-03T10:50:50.923+0000] {logging_mixin.py:188} INFO - [2024-05-03T10:50:50.923+0000] {dag.py:3096} INFO - Sync 1 DAGs
[2024-05-03T10:50:50.942+0000] {logging_mixin.py:188} INFO - [2024-05-03T10:50:50.942+0000] {dag.py:3954} INFO - Setting next_dagrun for example_branch_operator to 2024-05-02 00:00:00+00:00, run_after=2024-05-03 00:00:00+00:00
[2024-05-03T10:50:50.958+0000] {processor.py:183} INFO - Processing /home/airflow/.local/lib/python3.12/site-packages/airflow/example_dags/example_branch_operator.py took 0.090 seconds
[2024-05-03T10:51:21.137+0000] {processor.py:161} INFO - Started process (PID=1651) to work on /home/airflow/.local/lib/python3.12/site-packages/airflow/example_dags/example_branch_operator.py
[2024-05-03T10:51:21.138+0000] {processor.py:830} INFO - Processing file /home/airflow/.local/lib/python3.12/site-packages/airflow/example_dags/example_branch_operator.py for tasks to queue
[2024-05-03T10:51:21.139+0000] {logging_mixin.py:188} INFO - [2024-05-03T10:51:21.139+0000] {dagbag.py:540} INFO - Filling up the DagBag from /home/airflow/.local/lib/python3.12/site-packages/airflow/example_dags/example_branch_operator.py
[2024-05-03T10:51:21.152+0000] {processor.py:840} INFO - DAG(s) 'example_branch_operator' retrieved from /home/airflow/.local/lib/python3.12/site-packages/airflow/example_dags/example_branch_operator.py
[2024-05-03T10:51:21.175+0000] {logging_mixin.py:188} INFO - [2024-05-03T10:51:21.174+0000] {dag.py:3096} INFO - Sync 1 DAGs
[2024-05-03T10:51:21.192+0000] {logging_mixin.py:188} INFO - [2024-05-03T10:51:21.192+0000] {dag.py:3954} INFO - Setting next_dagrun for example_branch_operator to 2024-05-02 00:00:00+00:00, run_after=2024-05-03 00:00:00+00:00
[2024-05-03T10:51:21.209+0000] {processor.py:183} INFO - Processing /home/airflow/.local/lib/python3.12/site-packages/airflow/example_dags/example_branch_operator.py took 0.077 seconds
[2024-05-03T10:51:51.357+0000] {processor.py:161} INFO - Started process (PID=1709) to work on /home/airflow/.local/lib/python3.12/site-packages/airflow/example_dags/example_branch_operator.py
[2024-05-03T10:51:51.358+0000] {processor.py:830} INFO - Processing file /home/airflow/.local/lib/python3.12/site-packages/airflow/example_dags/example_branch_operator.py for tasks to queue
[2024-05-03T10:51:51.360+0000] {logging_mixin.py:188} INFO - [2024-05-03T10:51:51.360+0000] {dagbag.py:540} INFO - Filling up the DagBag from /home/airflow/.local/lib/python3.12/site-packages/airflow/example_dags/example_branch_operator.py
[2024-05-03T10:51:51.373+0000] {processor.py:840} INFO - DAG(s) 'example_branch_operator' retrieved from /home/airflow/.local/lib/python3.12/site-packages/airflow/example_dags/example_branch_operator.py
[2024-05-03T10:51:51.399+0000] {logging_mixin.py:188} INFO - [2024-05-03T10:51:51.398+0000] {dag.py:3096} INFO - Sync 1 DAGs
[2024-05-03T10:51:51.417+0000] {logging_mixin.py:188} INFO - [2024-05-03T10:51:51.417+0000] {dag.py:3954} INFO - Setting next_dagrun for example_branch_operator to 2024-05-02 00:00:00+00:00, run_after=2024-05-03 00:00:00+00:00
[2024-05-03T10:51:51.434+0000] {processor.py:183} INFO - Processing /home/airflow/.local/lib/python3.12/site-packages/airflow/example_dags/example_branch_operator.py took 0.081 seconds
[2024-05-03T10:52:21.723+0000] {processor.py:161} INFO - Started process (PID=1767) to work on /home/airflow/.local/lib/python3.12/site-packages/airflow/example_dags/example_branch_operator.py
[2024-05-03T10:52:21.723+0000] {processor.py:830} INFO - Processing file /home/airflow/.local/lib/python3.12/site-packages/airflow/example_dags/example_branch_operator.py for tasks to queue
[2024-05-03T10:52:21.725+0000] {logging_mixin.py:188} INFO - [2024-05-03T10:52:21.725+0000] {dagbag.py:540} INFO - Filling up the DagBag from /home/airflow/.local/lib/python3.12/site-packages/airflow/example_dags/example_branch_operator.py
[2024-05-03T10:52:21.738+0000] {processor.py:840} INFO - DAG(s) 'example_branch_operator' retrieved from /home/airflow/.local/lib/python3.12/site-packages/airflow/example_dags/example_branch_operator.py
[2024-05-03T10:52:21.764+0000] {logging_mixin.py:188} INFO - [2024-05-03T10:52:21.764+0000] {dag.py:3096} INFO - Sync 1 DAGs
[2024-05-03T10:52:21.784+0000] {logging_mixin.py:188} INFO - [2024-05-03T10:52:21.784+0000] {dag.py:3954} INFO - Setting next_dagrun for example_branch_operator to 2024-05-02 00:00:00+00:00, run_after=2024-05-03 00:00:00+00:00
[2024-05-03T10:52:21.803+0000] {processor.py:183} INFO - Processing /home/airflow/.local/lib/python3.12/site-packages/airflow/example_dags/example_branch_operator.py took 0.086 seconds
[2024-05-03T10:52:51.946+0000] {processor.py:161} INFO - Started process (PID=1825) to work on /home/airflow/.local/lib/python3.12/site-packages/airflow/example_dags/example_branch_operator.py
[2024-05-03T10:52:51.947+0000] {processor.py:830} INFO - Processing file /home/airflow/.local/lib/python3.12/site-packages/airflow/example_dags/example_branch_operator.py for tasks to queue
[2024-05-03T10:52:51.949+0000] {logging_mixin.py:188} INFO - [2024-05-03T10:52:51.949+0000] {dagbag.py:540} INFO - Filling up the DagBag from /home/airflow/.local/lib/python3.12/site-packages/airflow/example_dags/example_branch_operator.py
[2024-05-03T10:52:51.961+0000] {processor.py:840} INFO - DAG(s) 'example_branch_operator' retrieved from /home/airflow/.local/lib/python3.12/site-packages/airflow/example_dags/example_branch_operator.py
[2024-05-03T10:52:51.985+0000] {logging_mixin.py:188} INFO - [2024-05-03T10:52:51.985+0000] {dag.py:3096} INFO - Sync 1 DAGs
[2024-05-03T10:52:52.003+0000] {logging_mixin.py:188} INFO - [2024-05-03T10:52:52.003+0000] {dag.py:3954} INFO - Setting next_dagrun for example_branch_operator to 2024-05-02 00:00:00+00:00, run_after=2024-05-03 00:00:00+00:00
[2024-05-03T10:52:52.019+0000] {processor.py:183} INFO - Processing /home/airflow/.local/lib/python3.12/site-packages/airflow/example_dags/example_branch_operator.py took 0.077 seconds
[2024-05-03T10:53:22.099+0000] {processor.py:161} INFO - Started process (PID=1884) to work on /home/airflow/.local/lib/python3.12/site-packages/airflow/example_dags/example_branch_operator.py
[2024-05-03T10:53:22.100+0000] {processor.py:830} INFO - Processing file /home/airflow/.local/lib/python3.12/site-packages/airflow/example_dags/example_branch_operator.py for tasks to queue
[2024-05-03T10:53:22.102+0000] {logging_mixin.py:188} INFO - [2024-05-03T10:53:22.102+0000] {dagbag.py:540} INFO - Filling up the DagBag from /home/airflow/.local/lib/python3.12/site-packages/airflow/example_dags/example_branch_operator.py
[2024-05-03T10:53:22.115+0000] {processor.py:840} INFO - DAG(s) 'example_branch_operator' retrieved from /home/airflow/.local/lib/python3.12/site-packages/airflow/example_dags/example_branch_operator.py
[2024-05-03T10:53:22.140+0000] {logging_mixin.py:188} INFO - [2024-05-03T10:53:22.140+0000] {dag.py:3096} INFO - Sync 1 DAGs
[2024-05-03T10:53:22.160+0000] {logging_mixin.py:188} INFO - [2024-05-03T10:53:22.160+0000] {dag.py:3954} INFO - Setting next_dagrun for example_branch_operator to 2024-05-02 00:00:00+00:00, run_after=2024-05-03 00:00:00+00:00
[2024-05-03T10:53:22.177+0000] {processor.py:183} INFO - Processing /home/airflow/.local/lib/python3.12/site-packages/airflow/example_dags/example_branch_operator.py took 0.083 seconds
[2024-05-03T10:53:52.595+0000] {processor.py:161} INFO - Started process (PID=1942) to work on /home/airflow/.local/lib/python3.12/site-packages/airflow/example_dags/example_branch_operator.py
[2024-05-03T10:53:52.596+0000] {processor.py:830} INFO - Processing file /home/airflow/.local/lib/python3.12/site-packages/airflow/example_dags/example_branch_operator.py for tasks to queue
[2024-05-03T10:53:52.598+0000] {logging_mixin.py:188} INFO - [2024-05-03T10:53:52.597+0000] {dagbag.py:540} INFO - Filling up the DagBag from /home/airflow/.local/lib/python3.12/site-packages/airflow/example_dags/example_branch_operator.py
[2024-05-03T10:53:52.612+0000] {processor.py:840} INFO - DAG(s) 'example_branch_operator' retrieved from /home/airflow/.local/lib/python3.12/site-packages/airflow/example_dags/example_branch_operator.py
[2024-05-03T10:53:52.653+0000] {logging_mixin.py:188} INFO - [2024-05-03T10:53:52.652+0000] {dag.py:3096} INFO - Sync 1 DAGs
[2024-05-03T10:53:52.687+0000] {logging_mixin.py:188} INFO - [2024-05-03T10:53:52.687+0000] {dag.py:3954} INFO - Setting next_dagrun for example_branch_operator to 2024-05-02 00:00:00+00:00, run_after=2024-05-03 00:00:00+00:00
[2024-05-03T10:53:52.707+0000] {processor.py:183} INFO - Processing /home/airflow/.local/lib/python3.12/site-packages/airflow/example_dags/example_branch_operator.py took 0.118 seconds
[2024-05-03T10:54:23.040+0000] {processor.py:161} INFO - Started process (PID=2000) to work on /home/airflow/.local/lib/python3.12/site-packages/airflow/example_dags/example_branch_operator.py
[2024-05-03T10:54:23.041+0000] {processor.py:830} INFO - Processing file /home/airflow/.local/lib/python3.12/site-packages/airflow/example_dags/example_branch_operator.py for tasks to queue
[2024-05-03T10:54:23.043+0000] {logging_mixin.py:188} INFO - [2024-05-03T10:54:23.042+0000] {dagbag.py:540} INFO - Filling up the DagBag from /home/airflow/.local/lib/python3.12/site-packages/airflow/example_dags/example_branch_operator.py
[2024-05-03T10:54:23.055+0000] {processor.py:840} INFO - DAG(s) 'example_branch_operator' retrieved from /home/airflow/.local/lib/python3.12/site-packages/airflow/example_dags/example_branch_operator.py
[2024-05-03T10:54:23.079+0000] {logging_mixin.py:188} INFO - [2024-05-03T10:54:23.079+0000] {dag.py:3096} INFO - Sync 1 DAGs
[2024-05-03T10:54:23.100+0000] {logging_mixin.py:188} INFO - [2024-05-03T10:54:23.099+0000] {dag.py:3954} INFO - Setting next_dagrun for example_branch_operator to 2024-05-02 00:00:00+00:00, run_after=2024-05-03 00:00:00+00:00
[2024-05-03T10:54:23.116+0000] {processor.py:183} INFO - Processing /home/airflow/.local/lib/python3.12/site-packages/airflow/example_dags/example_branch_operator.py took 0.080 seconds
[2024-05-03T10:54:53.228+0000] {processor.py:161} INFO - Started process (PID=2058) to work on /home/airflow/.local/lib/python3.12/site-packages/airflow/example_dags/example_branch_operator.py
[2024-05-03T10:54:53.229+0000] {processor.py:830} INFO - Processing file /home/airflow/.local/lib/python3.12/site-packages/airflow/example_dags/example_branch_operator.py for tasks to queue
[2024-05-03T10:54:53.230+0000] {logging_mixin.py:188} INFO - [2024-05-03T10:54:53.230+0000] {dagbag.py:540} INFO - Filling up the DagBag from /home/airflow/.local/lib/python3.12/site-packages/airflow/example_dags/example_branch_operator.py
[2024-05-03T10:54:53.243+0000] {processor.py:840} INFO - DAG(s) 'example_branch_operator' retrieved from /home/airflow/.local/lib/python3.12/site-packages/airflow/example_dags/example_branch_operator.py
[2024-05-03T10:54:53.266+0000] {logging_mixin.py:188} INFO - [2024-05-03T10:54:53.266+0000] {dag.py:3096} INFO - Sync 1 DAGs
[2024-05-03T10:54:53.283+0000] {logging_mixin.py:188} INFO - [2024-05-03T10:54:53.283+0000] {dag.py:3954} INFO - Setting next_dagrun for example_branch_operator to 2024-05-02 00:00:00+00:00, run_after=2024-05-03 00:00:00+00:00
[2024-05-03T10:54:53.301+0000] {processor.py:183} INFO - Processing /home/airflow/.local/lib/python3.12/site-packages/airflow/example_dags/example_branch_operator.py took 0.078 seconds
[2024-05-03T10:55:23.373+0000] {processor.py:161} INFO - Started process (PID=2116) to work on /home/airflow/.local/lib/python3.12/site-packages/airflow/example_dags/example_branch_operator.py
[2024-05-03T10:55:23.374+0000] {processor.py:830} INFO - Processing file /home/airflow/.local/lib/python3.12/site-packages/airflow/example_dags/example_branch_operator.py for tasks to queue
[2024-05-03T10:55:23.375+0000] {logging_mixin.py:188} INFO - [2024-05-03T10:55:23.375+0000] {dagbag.py:540} INFO - Filling up the DagBag from /home/airflow/.local/lib/python3.12/site-packages/airflow/example_dags/example_branch_operator.py
[2024-05-03T10:55:23.387+0000] {processor.py:840} INFO - DAG(s) 'example_branch_operator' retrieved from /home/airflow/.local/lib/python3.12/site-packages/airflow/example_dags/example_branch_operator.py
[2024-05-03T10:55:23.411+0000] {logging_mixin.py:188} INFO - [2024-05-03T10:55:23.411+0000] {dag.py:3096} INFO - Sync 1 DAGs
[2024-05-03T10:55:23.431+0000] {logging_mixin.py:188} INFO - [2024-05-03T10:55:23.431+0000] {dag.py:3954} INFO - Setting next_dagrun for example_branch_operator to 2024-05-02 00:00:00+00:00, run_after=2024-05-03 00:00:00+00:00
[2024-05-03T10:55:23.449+0000] {processor.py:183} INFO - Processing /home/airflow/.local/lib/python3.12/site-packages/airflow/example_dags/example_branch_operator.py took 0.080 seconds
[2024-05-03T10:55:53.635+0000] {processor.py:161} INFO - Started process (PID=2174) to work on /home/airflow/.local/lib/python3.12/site-packages/airflow/example_dags/example_branch_operator.py
[2024-05-03T10:55:53.635+0000] {processor.py:830} INFO - Processing file /home/airflow/.local/lib/python3.12/site-packages/airflow/example_dags/example_branch_operator.py for tasks to queue
[2024-05-03T10:55:53.637+0000] {logging_mixin.py:188} INFO - [2024-05-03T10:55:53.636+0000] {dagbag.py:540} INFO - Filling up the DagBag from /home/airflow/.local/lib/python3.12/site-packages/airflow/example_dags/example_branch_operator.py
[2024-05-03T10:55:53.650+0000] {processor.py:840} INFO - DAG(s) 'example_branch_operator' retrieved from /home/airflow/.local/lib/python3.12/site-packages/airflow/example_dags/example_branch_operator.py
[2024-05-03T10:55:53.674+0000] {logging_mixin.py:188} INFO - [2024-05-03T10:55:53.674+0000] {dag.py:3096} INFO - Sync 1 DAGs
[2024-05-03T10:55:53.693+0000] {logging_mixin.py:188} INFO - [2024-05-03T10:55:53.693+0000] {dag.py:3954} INFO - Setting next_dagrun for example_branch_operator to 2024-05-02 00:00:00+00:00, run_after=2024-05-03 00:00:00+00:00
[2024-05-03T10:55:53.711+0000] {processor.py:183} INFO - Processing /home/airflow/.local/lib/python3.12/site-packages/airflow/example_dags/example_branch_operator.py took 0.081 seconds
[2024-05-03T10:56:23.897+0000] {processor.py:161} INFO - Started process (PID=2232) to work on /home/airflow/.local/lib/python3.12/site-packages/airflow/example_dags/example_branch_operator.py
[2024-05-03T10:56:23.899+0000] {processor.py:830} INFO - Processing file /home/airflow/.local/lib/python3.12/site-packages/airflow/example_dags/example_branch_operator.py for tasks to queue
[2024-05-03T10:56:23.900+0000] {logging_mixin.py:188} INFO - [2024-05-03T10:56:23.900+0000] {dagbag.py:540} INFO - Filling up the DagBag from /home/airflow/.local/lib/python3.12/site-packages/airflow/example_dags/example_branch_operator.py
[2024-05-03T10:56:23.914+0000] {processor.py:840} INFO - DAG(s) 'example_branch_operator' retrieved from /home/airflow/.local/lib/python3.12/site-packages/airflow/example_dags/example_branch_operator.py
[2024-05-03T10:56:23.938+0000] {logging_mixin.py:188} INFO - [2024-05-03T10:56:23.938+0000] {dag.py:3096} INFO - Sync 1 DAGs
[2024-05-03T10:56:23.957+0000] {logging_mixin.py:188} INFO - [2024-05-03T10:56:23.957+0000] {dag.py:3954} INFO - Setting next_dagrun for example_branch_operator to 2024-05-02 00:00:00+00:00, run_after=2024-05-03 00:00:00+00:00
[2024-05-03T10:56:23.976+0000] {processor.py:183} INFO - Processing /home/airflow/.local/lib/python3.12/site-packages/airflow/example_dags/example_branch_operator.py took 0.084 seconds
[2024-05-03T10:56:54.053+0000] {processor.py:161} INFO - Started process (PID=2290) to work on /home/airflow/.local/lib/python3.12/site-packages/airflow/example_dags/example_branch_operator.py
[2024-05-03T10:56:54.054+0000] {processor.py:830} INFO - Processing file /home/airflow/.local/lib/python3.12/site-packages/airflow/example_dags/example_branch_operator.py for tasks to queue
[2024-05-03T10:56:54.055+0000] {logging_mixin.py:188} INFO - [2024-05-03T10:56:54.055+0000] {dagbag.py:540} INFO - Filling up the DagBag from /home/airflow/.local/lib/python3.12/site-packages/airflow/example_dags/example_branch_operator.py
[2024-05-03T10:56:54.068+0000] {processor.py:840} INFO - DAG(s) 'example_branch_operator' retrieved from /home/airflow/.local/lib/python3.12/site-packages/airflow/example_dags/example_branch_operator.py
[2024-05-03T10:56:54.093+0000] {logging_mixin.py:188} INFO - [2024-05-03T10:56:54.093+0000] {dag.py:3096} INFO - Sync 1 DAGs
[2024-05-03T10:56:54.113+0000] {logging_mixin.py:188} INFO - [2024-05-03T10:56:54.113+0000] {dag.py:3954} INFO - Setting next_dagrun for example_branch_operator to 2024-05-02 00:00:00+00:00, run_after=2024-05-03 00:00:00+00:00
[2024-05-03T10:56:54.129+0000] {processor.py:183} INFO - Processing /home/airflow/.local/lib/python3.12/site-packages/airflow/example_dags/example_branch_operator.py took 0.080 seconds
[2024-05-03T10:57:24.210+0000] {processor.py:161} INFO - Started process (PID=2348) to work on /home/airflow/.local/lib/python3.12/site-packages/airflow/example_dags/example_branch_operator.py
[2024-05-03T10:57:24.211+0000] {processor.py:830} INFO - Processing file /home/airflow/.local/lib/python3.12/site-packages/airflow/example_dags/example_branch_operator.py for tasks to queue
[2024-05-03T10:57:24.212+0000] {logging_mixin.py:188} INFO - [2024-05-03T10:57:24.212+0000] {dagbag.py:540} INFO - Filling up the DagBag from /home/airflow/.local/lib/python3.12/site-packages/airflow/example_dags/example_branch_operator.py
[2024-05-03T10:57:24.225+0000] {processor.py:840} INFO - DAG(s) 'example_branch_operator' retrieved from /home/airflow/.local/lib/python3.12/site-packages/airflow/example_dags/example_branch_operator.py
[2024-05-03T10:57:24.248+0000] {logging_mixin.py:188} INFO - [2024-05-03T10:57:24.248+0000] {dag.py:3096} INFO - Sync 1 DAGs
[2024-05-03T10:57:24.267+0000] {logging_mixin.py:188} INFO - [2024-05-03T10:57:24.266+0000] {dag.py:3954} INFO - Setting next_dagrun for example_branch_operator to 2024-05-02 00:00:00+00:00, run_after=2024-05-03 00:00:00+00:00
[2024-05-03T10:57:24.283+0000] {processor.py:183} INFO - Processing /home/airflow/.local/lib/python3.12/site-packages/airflow/example_dags/example_branch_operator.py took 0.078 seconds
[2024-05-03T10:57:54.431+0000] {processor.py:161} INFO - Started process (PID=2406) to work on /home/airflow/.local/lib/python3.12/site-packages/airflow/example_dags/example_branch_operator.py
[2024-05-03T10:57:54.432+0000] {processor.py:830} INFO - Processing file /home/airflow/.local/lib/python3.12/site-packages/airflow/example_dags/example_branch_operator.py for tasks to queue
[2024-05-03T10:57:54.434+0000] {logging_mixin.py:188} INFO - [2024-05-03T10:57:54.433+0000] {dagbag.py:540} INFO - Filling up the DagBag from /home/airflow/.local/lib/python3.12/site-packages/airflow/example_dags/example_branch_operator.py
[2024-05-03T10:57:54.446+0000] {processor.py:840} INFO - DAG(s) 'example_branch_operator' retrieved from /home/airflow/.local/lib/python3.12/site-packages/airflow/example_dags/example_branch_operator.py
[2024-05-03T10:57:54.470+0000] {logging_mixin.py:188} INFO - [2024-05-03T10:57:54.470+0000] {dag.py:3096} INFO - Sync 1 DAGs
[2024-05-03T10:57:54.488+0000] {logging_mixin.py:188} INFO - [2024-05-03T10:57:54.488+0000] {dag.py:3954} INFO - Setting next_dagrun for example_branch_operator to 2024-05-02 00:00:00+00:00, run_after=2024-05-03 00:00:00+00:00
[2024-05-03T10:57:54.505+0000] {processor.py:183} INFO - Processing /home/airflow/.local/lib/python3.12/site-packages/airflow/example_dags/example_branch_operator.py took 0.079 seconds
[2024-05-03T10:58:24.698+0000] {processor.py:161} INFO - Started process (PID=2465) to work on /home/airflow/.local/lib/python3.12/site-packages/airflow/example_dags/example_branch_operator.py
[2024-05-03T10:58:24.699+0000] {processor.py:830} INFO - Processing file /home/airflow/.local/lib/python3.12/site-packages/airflow/example_dags/example_branch_operator.py for tasks to queue
[2024-05-03T10:58:24.700+0000] {logging_mixin.py:188} INFO - [2024-05-03T10:58:24.700+0000] {dagbag.py:540} INFO - Filling up the DagBag from /home/airflow/.local/lib/python3.12/site-packages/airflow/example_dags/example_branch_operator.py
[2024-05-03T10:58:24.713+0000] {processor.py:840} INFO - DAG(s) 'example_branch_operator' retrieved from /home/airflow/.local/lib/python3.12/site-packages/airflow/example_dags/example_branch_operator.py
[2024-05-03T10:58:24.739+0000] {logging_mixin.py:188} INFO - [2024-05-03T10:58:24.739+0000] {dag.py:3096} INFO - Sync 1 DAGs
[2024-05-03T10:58:24.759+0000] {logging_mixin.py:188} INFO - [2024-05-03T10:58:24.759+0000] {dag.py:3954} INFO - Setting next_dagrun for example_branch_operator to 2024-05-02 00:00:00+00:00, run_after=2024-05-03 00:00:00+00:00
[2024-05-03T10:58:24.777+0000] {processor.py:183} INFO - Processing /home/airflow/.local/lib/python3.12/site-packages/airflow/example_dags/example_branch_operator.py took 0.083 seconds
