[2024-05-03T10:37:33.070+0000] {processor.py:161} INFO - Started process (PID=52) to work on /home/airflow/.local/lib/python3.12/site-packages/airflow/example_dags/example_branch_python_dop_operator_3.py
[2024-05-03T10:37:33.071+0000] {processor.py:830} INFO - Processing file /home/airflow/.local/lib/python3.12/site-packages/airflow/example_dags/example_branch_python_dop_operator_3.py for tasks to queue
[2024-05-03T10:37:33.073+0000] {logging_mixin.py:188} INFO - [2024-05-03T10:37:33.073+0000] {dagbag.py:540} INFO - Filling up the DagBag from /home/airflow/.local/lib/python3.12/site-packages/airflow/example_dags/example_branch_python_dop_operator_3.py
[2024-05-03T10:37:33.085+0000] {processor.py:840} INFO - DAG(s) 'example_branch_dop_operator_v3' retrieved from /home/airflow/.local/lib/python3.12/site-packages/airflow/example_dags/example_branch_python_dop_operator_3.py
[2024-05-03T10:37:33.195+0000] {logging_mixin.py:188} INFO - [2024-05-03T10:37:33.195+0000] {dag.py:3096} INFO - Sync 1 DAGs
[2024-05-03T10:37:33.224+0000] {logging_mixin.py:188} INFO - [2024-05-03T10:37:33.223+0000] {dag.py:3954} INFO - Setting next_dagrun for example_branch_dop_operator_v3 to 2024-05-03 10:36:00+00:00, run_after=2024-05-03 10:37:00+00:00
[2024-05-03T10:37:33.246+0000] {processor.py:183} INFO - Processing /home/airflow/.local/lib/python3.12/site-packages/airflow/example_dags/example_branch_python_dop_operator_3.py took 0.181 seconds
[2024-05-03T10:38:03.961+0000] {processor.py:161} INFO - Started process (PID=110) to work on /home/airflow/.local/lib/python3.12/site-packages/airflow/example_dags/example_branch_python_dop_operator_3.py
[2024-05-03T10:38:03.961+0000] {processor.py:830} INFO - Processing file /home/airflow/.local/lib/python3.12/site-packages/airflow/example_dags/example_branch_python_dop_operator_3.py for tasks to queue
[2024-05-03T10:38:03.963+0000] {logging_mixin.py:188} INFO - [2024-05-03T10:38:03.963+0000] {dagbag.py:540} INFO - Filling up the DagBag from /home/airflow/.local/lib/python3.12/site-packages/airflow/example_dags/example_branch_python_dop_operator_3.py
[2024-05-03T10:38:03.970+0000] {processor.py:840} INFO - DAG(s) 'example_branch_dop_operator_v3' retrieved from /home/airflow/.local/lib/python3.12/site-packages/airflow/example_dags/example_branch_python_dop_operator_3.py
[2024-05-03T10:38:03.986+0000] {logging_mixin.py:188} INFO - [2024-05-03T10:38:03.986+0000] {dag.py:3096} INFO - Sync 1 DAGs
[2024-05-03T10:38:04.006+0000] {logging_mixin.py:188} INFO - [2024-05-03T10:38:04.006+0000] {dag.py:3954} INFO - Setting next_dagrun for example_branch_dop_operator_v3 to 2024-05-03 10:37:00+00:00, run_after=2024-05-03 10:38:00+00:00
[2024-05-03T10:38:04.027+0000] {processor.py:183} INFO - Processing /home/airflow/.local/lib/python3.12/site-packages/airflow/example_dags/example_branch_python_dop_operator_3.py took 0.071 seconds
[2024-05-03T10:38:34.732+0000] {processor.py:161} INFO - Started process (PID=168) to work on /home/airflow/.local/lib/python3.12/site-packages/airflow/example_dags/example_branch_python_dop_operator_3.py
[2024-05-03T10:38:34.733+0000] {processor.py:830} INFO - Processing file /home/airflow/.local/lib/python3.12/site-packages/airflow/example_dags/example_branch_python_dop_operator_3.py for tasks to queue
[2024-05-03T10:38:34.735+0000] {logging_mixin.py:188} INFO - [2024-05-03T10:38:34.735+0000] {dagbag.py:540} INFO - Filling up the DagBag from /home/airflow/.local/lib/python3.12/site-packages/airflow/example_dags/example_branch_python_dop_operator_3.py
[2024-05-03T10:38:34.744+0000] {processor.py:840} INFO - DAG(s) 'example_branch_dop_operator_v3' retrieved from /home/airflow/.local/lib/python3.12/site-packages/airflow/example_dags/example_branch_python_dop_operator_3.py
[2024-05-03T10:38:34.767+0000] {logging_mixin.py:188} INFO - [2024-05-03T10:38:34.767+0000] {dag.py:3096} INFO - Sync 1 DAGs
[2024-05-03T10:38:34.789+0000] {logging_mixin.py:188} INFO - [2024-05-03T10:38:34.788+0000] {dag.py:3954} INFO - Setting next_dagrun for example_branch_dop_operator_v3 to 2024-05-03 10:37:00+00:00, run_after=2024-05-03 10:38:00+00:00
[2024-05-03T10:38:34.807+0000] {processor.py:183} INFO - Processing /home/airflow/.local/lib/python3.12/site-packages/airflow/example_dags/example_branch_python_dop_operator_3.py took 0.081 seconds
[2024-05-03T10:39:04.956+0000] {processor.py:161} INFO - Started process (PID=226) to work on /home/airflow/.local/lib/python3.12/site-packages/airflow/example_dags/example_branch_python_dop_operator_3.py
[2024-05-03T10:39:04.957+0000] {processor.py:830} INFO - Processing file /home/airflow/.local/lib/python3.12/site-packages/airflow/example_dags/example_branch_python_dop_operator_3.py for tasks to queue
[2024-05-03T10:39:04.959+0000] {logging_mixin.py:188} INFO - [2024-05-03T10:39:04.958+0000] {dagbag.py:540} INFO - Filling up the DagBag from /home/airflow/.local/lib/python3.12/site-packages/airflow/example_dags/example_branch_python_dop_operator_3.py
[2024-05-03T10:39:04.965+0000] {processor.py:840} INFO - DAG(s) 'example_branch_dop_operator_v3' retrieved from /home/airflow/.local/lib/python3.12/site-packages/airflow/example_dags/example_branch_python_dop_operator_3.py
[2024-05-03T10:39:04.981+0000] {logging_mixin.py:188} INFO - [2024-05-03T10:39:04.980+0000] {dag.py:3096} INFO - Sync 1 DAGs
[2024-05-03T10:39:05.000+0000] {logging_mixin.py:188} INFO - [2024-05-03T10:39:05.000+0000] {dag.py:3954} INFO - Setting next_dagrun for example_branch_dop_operator_v3 to 2024-05-03 10:38:00+00:00, run_after=2024-05-03 10:39:00+00:00
[2024-05-03T10:39:05.015+0000] {processor.py:183} INFO - Processing /home/airflow/.local/lib/python3.12/site-packages/airflow/example_dags/example_branch_python_dop_operator_3.py took 0.064 seconds
[2024-05-03T10:39:35.672+0000] {processor.py:161} INFO - Started process (PID=284) to work on /home/airflow/.local/lib/python3.12/site-packages/airflow/example_dags/example_branch_python_dop_operator_3.py
[2024-05-03T10:39:35.672+0000] {processor.py:830} INFO - Processing file /home/airflow/.local/lib/python3.12/site-packages/airflow/example_dags/example_branch_python_dop_operator_3.py for tasks to queue
[2024-05-03T10:39:35.674+0000] {logging_mixin.py:188} INFO - [2024-05-03T10:39:35.674+0000] {dagbag.py:540} INFO - Filling up the DagBag from /home/airflow/.local/lib/python3.12/site-packages/airflow/example_dags/example_branch_python_dop_operator_3.py
[2024-05-03T10:39:35.680+0000] {processor.py:840} INFO - DAG(s) 'example_branch_dop_operator_v3' retrieved from /home/airflow/.local/lib/python3.12/site-packages/airflow/example_dags/example_branch_python_dop_operator_3.py
[2024-05-03T10:39:35.697+0000] {logging_mixin.py:188} INFO - [2024-05-03T10:39:35.696+0000] {dag.py:3096} INFO - Sync 1 DAGs
[2024-05-03T10:39:35.717+0000] {logging_mixin.py:188} INFO - [2024-05-03T10:39:35.717+0000] {dag.py:3954} INFO - Setting next_dagrun for example_branch_dop_operator_v3 to 2024-05-03 10:38:00+00:00, run_after=2024-05-03 10:39:00+00:00
[2024-05-03T10:39:35.734+0000] {processor.py:183} INFO - Processing /home/airflow/.local/lib/python3.12/site-packages/airflow/example_dags/example_branch_python_dop_operator_3.py took 0.067 seconds
[2024-05-03T10:40:06.170+0000] {processor.py:161} INFO - Started process (PID=342) to work on /home/airflow/.local/lib/python3.12/site-packages/airflow/example_dags/example_branch_python_dop_operator_3.py
[2024-05-03T10:40:06.171+0000] {processor.py:830} INFO - Processing file /home/airflow/.local/lib/python3.12/site-packages/airflow/example_dags/example_branch_python_dop_operator_3.py for tasks to queue
[2024-05-03T10:40:06.172+0000] {logging_mixin.py:188} INFO - [2024-05-03T10:40:06.172+0000] {dagbag.py:540} INFO - Filling up the DagBag from /home/airflow/.local/lib/python3.12/site-packages/airflow/example_dags/example_branch_python_dop_operator_3.py
[2024-05-03T10:40:06.179+0000] {processor.py:840} INFO - DAG(s) 'example_branch_dop_operator_v3' retrieved from /home/airflow/.local/lib/python3.12/site-packages/airflow/example_dags/example_branch_python_dop_operator_3.py
[2024-05-03T10:40:06.196+0000] {logging_mixin.py:188} INFO - [2024-05-03T10:40:06.196+0000] {dag.py:3096} INFO - Sync 1 DAGs
[2024-05-03T10:40:06.218+0000] {logging_mixin.py:188} INFO - [2024-05-03T10:40:06.218+0000] {dag.py:3954} INFO - Setting next_dagrun for example_branch_dop_operator_v3 to 2024-05-03 10:39:00+00:00, run_after=2024-05-03 10:40:00+00:00
[2024-05-03T10:40:06.233+0000] {processor.py:183} INFO - Processing /home/airflow/.local/lib/python3.12/site-packages/airflow/example_dags/example_branch_python_dop_operator_3.py took 0.067 seconds
[2024-05-03T10:40:36.603+0000] {processor.py:161} INFO - Started process (PID=400) to work on /home/airflow/.local/lib/python3.12/site-packages/airflow/example_dags/example_branch_python_dop_operator_3.py
[2024-05-03T10:40:36.603+0000] {processor.py:830} INFO - Processing file /home/airflow/.local/lib/python3.12/site-packages/airflow/example_dags/example_branch_python_dop_operator_3.py for tasks to queue
[2024-05-03T10:40:36.605+0000] {logging_mixin.py:188} INFO - [2024-05-03T10:40:36.605+0000] {dagbag.py:540} INFO - Filling up the DagBag from /home/airflow/.local/lib/python3.12/site-packages/airflow/example_dags/example_branch_python_dop_operator_3.py
[2024-05-03T10:40:36.613+0000] {processor.py:840} INFO - DAG(s) 'example_branch_dop_operator_v3' retrieved from /home/airflow/.local/lib/python3.12/site-packages/airflow/example_dags/example_branch_python_dop_operator_3.py
[2024-05-03T10:40:36.629+0000] {logging_mixin.py:188} INFO - [2024-05-03T10:40:36.629+0000] {dag.py:3096} INFO - Sync 1 DAGs
[2024-05-03T10:40:36.650+0000] {logging_mixin.py:188} INFO - [2024-05-03T10:40:36.650+0000] {dag.py:3954} INFO - Setting next_dagrun for example_branch_dop_operator_v3 to 2024-05-03 10:39:00+00:00, run_after=2024-05-03 10:40:00+00:00
[2024-05-03T10:40:36.668+0000] {processor.py:183} INFO - Processing /home/airflow/.local/lib/python3.12/site-packages/airflow/example_dags/example_branch_python_dop_operator_3.py took 0.070 seconds
[2024-05-03T10:41:07.221+0000] {processor.py:161} INFO - Started process (PID=458) to work on /home/airflow/.local/lib/python3.12/site-packages/airflow/example_dags/example_branch_python_dop_operator_3.py
[2024-05-03T10:41:07.222+0000] {processor.py:830} INFO - Processing file /home/airflow/.local/lib/python3.12/site-packages/airflow/example_dags/example_branch_python_dop_operator_3.py for tasks to queue
[2024-05-03T10:41:07.224+0000] {logging_mixin.py:188} INFO - [2024-05-03T10:41:07.224+0000] {dagbag.py:540} INFO - Filling up the DagBag from /home/airflow/.local/lib/python3.12/site-packages/airflow/example_dags/example_branch_python_dop_operator_3.py
[2024-05-03T10:41:07.231+0000] {processor.py:840} INFO - DAG(s) 'example_branch_dop_operator_v3' retrieved from /home/airflow/.local/lib/python3.12/site-packages/airflow/example_dags/example_branch_python_dop_operator_3.py
[2024-05-03T10:41:07.247+0000] {logging_mixin.py:188} INFO - [2024-05-03T10:41:07.246+0000] {dag.py:3096} INFO - Sync 1 DAGs
[2024-05-03T10:41:07.267+0000] {logging_mixin.py:188} INFO - [2024-05-03T10:41:07.267+0000] {dag.py:3954} INFO - Setting next_dagrun for example_branch_dop_operator_v3 to 2024-05-03 10:40:00+00:00, run_after=2024-05-03 10:41:00+00:00
[2024-05-03T10:41:07.285+0000] {processor.py:183} INFO - Processing /home/airflow/.local/lib/python3.12/site-packages/airflow/example_dags/example_branch_python_dop_operator_3.py took 0.068 seconds
[2024-05-03T10:41:37.770+0000] {processor.py:161} INFO - Started process (PID=516) to work on /home/airflow/.local/lib/python3.12/site-packages/airflow/example_dags/example_branch_python_dop_operator_3.py
[2024-05-03T10:41:37.771+0000] {processor.py:830} INFO - Processing file /home/airflow/.local/lib/python3.12/site-packages/airflow/example_dags/example_branch_python_dop_operator_3.py for tasks to queue
[2024-05-03T10:41:37.773+0000] {logging_mixin.py:188} INFO - [2024-05-03T10:41:37.772+0000] {dagbag.py:540} INFO - Filling up the DagBag from /home/airflow/.local/lib/python3.12/site-packages/airflow/example_dags/example_branch_python_dop_operator_3.py
[2024-05-03T10:41:37.780+0000] {processor.py:840} INFO - DAG(s) 'example_branch_dop_operator_v3' retrieved from /home/airflow/.local/lib/python3.12/site-packages/airflow/example_dags/example_branch_python_dop_operator_3.py
[2024-05-03T10:41:37.799+0000] {logging_mixin.py:188} INFO - [2024-05-03T10:41:37.799+0000] {dag.py:3096} INFO - Sync 1 DAGs
[2024-05-03T10:41:37.822+0000] {logging_mixin.py:188} INFO - [2024-05-03T10:41:37.822+0000] {dag.py:3954} INFO - Setting next_dagrun for example_branch_dop_operator_v3 to 2024-05-03 10:40:00+00:00, run_after=2024-05-03 10:41:00+00:00
[2024-05-03T10:41:37.839+0000] {processor.py:183} INFO - Processing /home/airflow/.local/lib/python3.12/site-packages/airflow/example_dags/example_branch_python_dop_operator_3.py took 0.075 seconds
[2024-05-03T10:42:08.196+0000] {processor.py:161} INFO - Started process (PID=574) to work on /home/airflow/.local/lib/python3.12/site-packages/airflow/example_dags/example_branch_python_dop_operator_3.py
[2024-05-03T10:42:08.197+0000] {processor.py:830} INFO - Processing file /home/airflow/.local/lib/python3.12/site-packages/airflow/example_dags/example_branch_python_dop_operator_3.py for tasks to queue
[2024-05-03T10:42:08.198+0000] {logging_mixin.py:188} INFO - [2024-05-03T10:42:08.198+0000] {dagbag.py:540} INFO - Filling up the DagBag from /home/airflow/.local/lib/python3.12/site-packages/airflow/example_dags/example_branch_python_dop_operator_3.py
[2024-05-03T10:42:08.205+0000] {processor.py:840} INFO - DAG(s) 'example_branch_dop_operator_v3' retrieved from /home/airflow/.local/lib/python3.12/site-packages/airflow/example_dags/example_branch_python_dop_operator_3.py
[2024-05-03T10:42:08.221+0000] {logging_mixin.py:188} INFO - [2024-05-03T10:42:08.221+0000] {dag.py:3096} INFO - Sync 1 DAGs
[2024-05-03T10:42:08.240+0000] {logging_mixin.py:188} INFO - [2024-05-03T10:42:08.240+0000] {dag.py:3954} INFO - Setting next_dagrun for example_branch_dop_operator_v3 to 2024-05-03 10:41:00+00:00, run_after=2024-05-03 10:42:00+00:00
[2024-05-03T10:42:08.256+0000] {processor.py:183} INFO - Processing /home/airflow/.local/lib/python3.12/site-packages/airflow/example_dags/example_branch_python_dop_operator_3.py took 0.065 seconds
[2024-05-03T10:42:39.081+0000] {processor.py:161} INFO - Started process (PID=632) to work on /home/airflow/.local/lib/python3.12/site-packages/airflow/example_dags/example_branch_python_dop_operator_3.py
[2024-05-03T10:42:39.081+0000] {processor.py:830} INFO - Processing file /home/airflow/.local/lib/python3.12/site-packages/airflow/example_dags/example_branch_python_dop_operator_3.py for tasks to queue
[2024-05-03T10:42:39.083+0000] {logging_mixin.py:188} INFO - [2024-05-03T10:42:39.082+0000] {dagbag.py:540} INFO - Filling up the DagBag from /home/airflow/.local/lib/python3.12/site-packages/airflow/example_dags/example_branch_python_dop_operator_3.py
[2024-05-03T10:42:39.089+0000] {processor.py:840} INFO - DAG(s) 'example_branch_dop_operator_v3' retrieved from /home/airflow/.local/lib/python3.12/site-packages/airflow/example_dags/example_branch_python_dop_operator_3.py
[2024-05-03T10:42:39.106+0000] {logging_mixin.py:188} INFO - [2024-05-03T10:42:39.105+0000] {dag.py:3096} INFO - Sync 1 DAGs
[2024-05-03T10:42:39.128+0000] {logging_mixin.py:188} INFO - [2024-05-03T10:42:39.127+0000] {dag.py:3954} INFO - Setting next_dagrun for example_branch_dop_operator_v3 to 2024-05-03 10:41:00+00:00, run_after=2024-05-03 10:42:00+00:00
[2024-05-03T10:42:39.147+0000] {processor.py:183} INFO - Processing /home/airflow/.local/lib/python3.12/site-packages/airflow/example_dags/example_branch_python_dop_operator_3.py took 0.071 seconds
[2024-05-03T10:43:09.376+0000] {processor.py:161} INFO - Started process (PID=690) to work on /home/airflow/.local/lib/python3.12/site-packages/airflow/example_dags/example_branch_python_dop_operator_3.py
[2024-05-03T10:43:09.377+0000] {processor.py:830} INFO - Processing file /home/airflow/.local/lib/python3.12/site-packages/airflow/example_dags/example_branch_python_dop_operator_3.py for tasks to queue
[2024-05-03T10:43:09.379+0000] {logging_mixin.py:188} INFO - [2024-05-03T10:43:09.379+0000] {dagbag.py:540} INFO - Filling up the DagBag from /home/airflow/.local/lib/python3.12/site-packages/airflow/example_dags/example_branch_python_dop_operator_3.py
[2024-05-03T10:43:09.385+0000] {processor.py:840} INFO - DAG(s) 'example_branch_dop_operator_v3' retrieved from /home/airflow/.local/lib/python3.12/site-packages/airflow/example_dags/example_branch_python_dop_operator_3.py
[2024-05-03T10:43:09.401+0000] {logging_mixin.py:188} INFO - [2024-05-03T10:43:09.401+0000] {dag.py:3096} INFO - Sync 1 DAGs
[2024-05-03T10:43:09.433+0000] {logging_mixin.py:188} INFO - [2024-05-03T10:43:09.433+0000] {dag.py:3954} INFO - Setting next_dagrun for example_branch_dop_operator_v3 to 2024-05-03 10:42:00+00:00, run_after=2024-05-03 10:43:00+00:00
[2024-05-03T10:43:09.457+0000] {processor.py:183} INFO - Processing /home/airflow/.local/lib/python3.12/site-packages/airflow/example_dags/example_branch_python_dop_operator_3.py took 0.085 seconds
[2024-05-03T10:43:39.744+0000] {processor.py:161} INFO - Started process (PID=748) to work on /home/airflow/.local/lib/python3.12/site-packages/airflow/example_dags/example_branch_python_dop_operator_3.py
[2024-05-03T10:43:39.745+0000] {processor.py:830} INFO - Processing file /home/airflow/.local/lib/python3.12/site-packages/airflow/example_dags/example_branch_python_dop_operator_3.py for tasks to queue
[2024-05-03T10:43:39.746+0000] {logging_mixin.py:188} INFO - [2024-05-03T10:43:39.746+0000] {dagbag.py:540} INFO - Filling up the DagBag from /home/airflow/.local/lib/python3.12/site-packages/airflow/example_dags/example_branch_python_dop_operator_3.py
[2024-05-03T10:43:39.753+0000] {processor.py:840} INFO - DAG(s) 'example_branch_dop_operator_v3' retrieved from /home/airflow/.local/lib/python3.12/site-packages/airflow/example_dags/example_branch_python_dop_operator_3.py
[2024-05-03T10:43:39.767+0000] {logging_mixin.py:188} INFO - [2024-05-03T10:43:39.767+0000] {dag.py:3096} INFO - Sync 1 DAGs
[2024-05-03T10:43:39.786+0000] {logging_mixin.py:188} INFO - [2024-05-03T10:43:39.786+0000] {dag.py:3954} INFO - Setting next_dagrun for example_branch_dop_operator_v3 to 2024-05-03 10:42:00+00:00, run_after=2024-05-03 10:43:00+00:00
[2024-05-03T10:43:39.802+0000] {processor.py:183} INFO - Processing /home/airflow/.local/lib/python3.12/site-packages/airflow/example_dags/example_branch_python_dop_operator_3.py took 0.062 seconds
[2024-05-03T10:44:10.121+0000] {processor.py:161} INFO - Started process (PID=806) to work on /home/airflow/.local/lib/python3.12/site-packages/airflow/example_dags/example_branch_python_dop_operator_3.py
[2024-05-03T10:44:10.123+0000] {processor.py:830} INFO - Processing file /home/airflow/.local/lib/python3.12/site-packages/airflow/example_dags/example_branch_python_dop_operator_3.py for tasks to queue
[2024-05-03T10:44:10.125+0000] {logging_mixin.py:188} INFO - [2024-05-03T10:44:10.124+0000] {dagbag.py:540} INFO - Filling up the DagBag from /home/airflow/.local/lib/python3.12/site-packages/airflow/example_dags/example_branch_python_dop_operator_3.py
[2024-05-03T10:44:10.134+0000] {processor.py:840} INFO - DAG(s) 'example_branch_dop_operator_v3' retrieved from /home/airflow/.local/lib/python3.12/site-packages/airflow/example_dags/example_branch_python_dop_operator_3.py
[2024-05-03T10:44:10.154+0000] {logging_mixin.py:188} INFO - [2024-05-03T10:44:10.154+0000] {dag.py:3096} INFO - Sync 1 DAGs
[2024-05-03T10:44:10.177+0000] {logging_mixin.py:188} INFO - [2024-05-03T10:44:10.177+0000] {dag.py:3954} INFO - Setting next_dagrun for example_branch_dop_operator_v3 to 2024-05-03 10:43:00+00:00, run_after=2024-05-03 10:44:00+00:00
[2024-05-03T10:44:10.192+0000] {processor.py:183} INFO - Processing /home/airflow/.local/lib/python3.12/site-packages/airflow/example_dags/example_branch_python_dop_operator_3.py took 0.078 seconds
[2024-05-03T10:44:40.341+0000] {processor.py:161} INFO - Started process (PID=864) to work on /home/airflow/.local/lib/python3.12/site-packages/airflow/example_dags/example_branch_python_dop_operator_3.py
[2024-05-03T10:44:40.342+0000] {processor.py:830} INFO - Processing file /home/airflow/.local/lib/python3.12/site-packages/airflow/example_dags/example_branch_python_dop_operator_3.py for tasks to queue
[2024-05-03T10:44:40.343+0000] {logging_mixin.py:188} INFO - [2024-05-03T10:44:40.343+0000] {dagbag.py:540} INFO - Filling up the DagBag from /home/airflow/.local/lib/python3.12/site-packages/airflow/example_dags/example_branch_python_dop_operator_3.py
[2024-05-03T10:44:40.350+0000] {processor.py:840} INFO - DAG(s) 'example_branch_dop_operator_v3' retrieved from /home/airflow/.local/lib/python3.12/site-packages/airflow/example_dags/example_branch_python_dop_operator_3.py
[2024-05-03T10:44:40.368+0000] {logging_mixin.py:188} INFO - [2024-05-03T10:44:40.367+0000] {dag.py:3096} INFO - Sync 1 DAGs
[2024-05-03T10:44:40.389+0000] {logging_mixin.py:188} INFO - [2024-05-03T10:44:40.389+0000] {dag.py:3954} INFO - Setting next_dagrun for example_branch_dop_operator_v3 to 2024-05-03 10:43:00+00:00, run_after=2024-05-03 10:44:00+00:00
[2024-05-03T10:44:40.404+0000] {processor.py:183} INFO - Processing /home/airflow/.local/lib/python3.12/site-packages/airflow/example_dags/example_branch_python_dop_operator_3.py took 0.068 seconds
[2024-05-03T10:45:10.772+0000] {processor.py:161} INFO - Started process (PID=922) to work on /home/airflow/.local/lib/python3.12/site-packages/airflow/example_dags/example_branch_python_dop_operator_3.py
[2024-05-03T10:45:10.772+0000] {processor.py:830} INFO - Processing file /home/airflow/.local/lib/python3.12/site-packages/airflow/example_dags/example_branch_python_dop_operator_3.py for tasks to queue
[2024-05-03T10:45:10.774+0000] {logging_mixin.py:188} INFO - [2024-05-03T10:45:10.774+0000] {dagbag.py:540} INFO - Filling up the DagBag from /home/airflow/.local/lib/python3.12/site-packages/airflow/example_dags/example_branch_python_dop_operator_3.py
[2024-05-03T10:45:10.781+0000] {processor.py:840} INFO - DAG(s) 'example_branch_dop_operator_v3' retrieved from /home/airflow/.local/lib/python3.12/site-packages/airflow/example_dags/example_branch_python_dop_operator_3.py
[2024-05-03T10:45:10.796+0000] {logging_mixin.py:188} INFO - [2024-05-03T10:45:10.796+0000] {dag.py:3096} INFO - Sync 1 DAGs
[2024-05-03T10:45:10.815+0000] {logging_mixin.py:188} INFO - [2024-05-03T10:45:10.815+0000] {dag.py:3954} INFO - Setting next_dagrun for example_branch_dop_operator_v3 to 2024-05-03 10:44:00+00:00, run_after=2024-05-03 10:45:00+00:00
[2024-05-03T10:45:10.830+0000] {processor.py:183} INFO - Processing /home/airflow/.local/lib/python3.12/site-packages/airflow/example_dags/example_branch_python_dop_operator_3.py took 0.063 seconds
[2024-05-03T10:45:41.479+0000] {processor.py:161} INFO - Started process (PID=981) to work on /home/airflow/.local/lib/python3.12/site-packages/airflow/example_dags/example_branch_python_dop_operator_3.py
[2024-05-03T10:45:41.481+0000] {processor.py:830} INFO - Processing file /home/airflow/.local/lib/python3.12/site-packages/airflow/example_dags/example_branch_python_dop_operator_3.py for tasks to queue
[2024-05-03T10:45:41.483+0000] {logging_mixin.py:188} INFO - [2024-05-03T10:45:41.483+0000] {dagbag.py:540} INFO - Filling up the DagBag from /home/airflow/.local/lib/python3.12/site-packages/airflow/example_dags/example_branch_python_dop_operator_3.py
[2024-05-03T10:45:41.494+0000] {processor.py:840} INFO - DAG(s) 'example_branch_dop_operator_v3' retrieved from /home/airflow/.local/lib/python3.12/site-packages/airflow/example_dags/example_branch_python_dop_operator_3.py
[2024-05-03T10:45:41.533+0000] {logging_mixin.py:188} INFO - [2024-05-03T10:45:41.532+0000] {dag.py:3096} INFO - Sync 1 DAGs
[2024-05-03T10:45:41.568+0000] {logging_mixin.py:188} INFO - [2024-05-03T10:45:41.568+0000] {dag.py:3954} INFO - Setting next_dagrun for example_branch_dop_operator_v3 to 2024-05-03 10:44:00+00:00, run_after=2024-05-03 10:45:00+00:00
[2024-05-03T10:45:41.582+0000] {processor.py:183} INFO - Processing /home/airflow/.local/lib/python3.12/site-packages/airflow/example_dags/example_branch_python_dop_operator_3.py took 0.110 seconds
[2024-05-03T10:46:12.240+0000] {processor.py:161} INFO - Started process (PID=1039) to work on /home/airflow/.local/lib/python3.12/site-packages/airflow/example_dags/example_branch_python_dop_operator_3.py
[2024-05-03T10:46:12.241+0000] {processor.py:830} INFO - Processing file /home/airflow/.local/lib/python3.12/site-packages/airflow/example_dags/example_branch_python_dop_operator_3.py for tasks to queue
[2024-05-03T10:46:12.243+0000] {logging_mixin.py:188} INFO - [2024-05-03T10:46:12.243+0000] {dagbag.py:540} INFO - Filling up the DagBag from /home/airflow/.local/lib/python3.12/site-packages/airflow/example_dags/example_branch_python_dop_operator_3.py
[2024-05-03T10:46:12.250+0000] {processor.py:840} INFO - DAG(s) 'example_branch_dop_operator_v3' retrieved from /home/airflow/.local/lib/python3.12/site-packages/airflow/example_dags/example_branch_python_dop_operator_3.py
[2024-05-03T10:46:12.267+0000] {logging_mixin.py:188} INFO - [2024-05-03T10:46:12.267+0000] {dag.py:3096} INFO - Sync 1 DAGs
[2024-05-03T10:46:12.408+0000] {logging_mixin.py:188} INFO - [2024-05-03T10:46:12.408+0000] {dag.py:3954} INFO - Setting next_dagrun for example_branch_dop_operator_v3 to 2024-05-03 10:45:00+00:00, run_after=2024-05-03 10:46:00+00:00
[2024-05-03T10:46:12.423+0000] {processor.py:183} INFO - Processing /home/airflow/.local/lib/python3.12/site-packages/airflow/example_dags/example_branch_python_dop_operator_3.py took 0.187 seconds
[2024-05-03T10:46:42.607+0000] {processor.py:161} INFO - Started process (PID=1097) to work on /home/airflow/.local/lib/python3.12/site-packages/airflow/example_dags/example_branch_python_dop_operator_3.py
[2024-05-03T10:46:42.608+0000] {processor.py:830} INFO - Processing file /home/airflow/.local/lib/python3.12/site-packages/airflow/example_dags/example_branch_python_dop_operator_3.py for tasks to queue
[2024-05-03T10:46:42.610+0000] {logging_mixin.py:188} INFO - [2024-05-03T10:46:42.609+0000] {dagbag.py:540} INFO - Filling up the DagBag from /home/airflow/.local/lib/python3.12/site-packages/airflow/example_dags/example_branch_python_dop_operator_3.py
[2024-05-03T10:46:42.616+0000] {processor.py:840} INFO - DAG(s) 'example_branch_dop_operator_v3' retrieved from /home/airflow/.local/lib/python3.12/site-packages/airflow/example_dags/example_branch_python_dop_operator_3.py
[2024-05-03T10:46:42.632+0000] {logging_mixin.py:188} INFO - [2024-05-03T10:46:42.632+0000] {dag.py:3096} INFO - Sync 1 DAGs
[2024-05-03T10:46:42.653+0000] {logging_mixin.py:188} INFO - [2024-05-03T10:46:42.652+0000] {dag.py:3954} INFO - Setting next_dagrun for example_branch_dop_operator_v3 to 2024-05-03 10:45:00+00:00, run_after=2024-05-03 10:46:00+00:00
[2024-05-03T10:46:42.669+0000] {processor.py:183} INFO - Processing /home/airflow/.local/lib/python3.12/site-packages/airflow/example_dags/example_branch_python_dop_operator_3.py took 0.066 seconds
[2024-05-03T10:47:12.804+0000] {processor.py:161} INFO - Started process (PID=1155) to work on /home/airflow/.local/lib/python3.12/site-packages/airflow/example_dags/example_branch_python_dop_operator_3.py
[2024-05-03T10:47:12.805+0000] {processor.py:830} INFO - Processing file /home/airflow/.local/lib/python3.12/site-packages/airflow/example_dags/example_branch_python_dop_operator_3.py for tasks to queue
[2024-05-03T10:47:12.806+0000] {logging_mixin.py:188} INFO - [2024-05-03T10:47:12.806+0000] {dagbag.py:540} INFO - Filling up the DagBag from /home/airflow/.local/lib/python3.12/site-packages/airflow/example_dags/example_branch_python_dop_operator_3.py
[2024-05-03T10:47:12.813+0000] {processor.py:840} INFO - DAG(s) 'example_branch_dop_operator_v3' retrieved from /home/airflow/.local/lib/python3.12/site-packages/airflow/example_dags/example_branch_python_dop_operator_3.py
[2024-05-03T10:47:12.828+0000] {logging_mixin.py:188} INFO - [2024-05-03T10:47:12.828+0000] {dag.py:3096} INFO - Sync 1 DAGs
[2024-05-03T10:47:12.847+0000] {logging_mixin.py:188} INFO - [2024-05-03T10:47:12.847+0000] {dag.py:3954} INFO - Setting next_dagrun for example_branch_dop_operator_v3 to 2024-05-03 10:46:00+00:00, run_after=2024-05-03 10:47:00+00:00
[2024-05-03T10:47:12.863+0000] {processor.py:183} INFO - Processing /home/airflow/.local/lib/python3.12/site-packages/airflow/example_dags/example_branch_python_dop_operator_3.py took 0.064 seconds
[2024-05-03T10:47:42.939+0000] {processor.py:161} INFO - Started process (PID=1213) to work on /home/airflow/.local/lib/python3.12/site-packages/airflow/example_dags/example_branch_python_dop_operator_3.py
[2024-05-03T10:47:42.940+0000] {processor.py:830} INFO - Processing file /home/airflow/.local/lib/python3.12/site-packages/airflow/example_dags/example_branch_python_dop_operator_3.py for tasks to queue
[2024-05-03T10:47:42.941+0000] {logging_mixin.py:188} INFO - [2024-05-03T10:47:42.941+0000] {dagbag.py:540} INFO - Filling up the DagBag from /home/airflow/.local/lib/python3.12/site-packages/airflow/example_dags/example_branch_python_dop_operator_3.py
[2024-05-03T10:47:42.948+0000] {processor.py:840} INFO - DAG(s) 'example_branch_dop_operator_v3' retrieved from /home/airflow/.local/lib/python3.12/site-packages/airflow/example_dags/example_branch_python_dop_operator_3.py
[2024-05-03T10:47:42.963+0000] {logging_mixin.py:188} INFO - [2024-05-03T10:47:42.963+0000] {dag.py:3096} INFO - Sync 1 DAGs
[2024-05-03T10:47:42.982+0000] {logging_mixin.py:188} INFO - [2024-05-03T10:47:42.982+0000] {dag.py:3954} INFO - Setting next_dagrun for example_branch_dop_operator_v3 to 2024-05-03 10:46:00+00:00, run_after=2024-05-03 10:47:00+00:00
[2024-05-03T10:47:42.997+0000] {processor.py:183} INFO - Processing /home/airflow/.local/lib/python3.12/site-packages/airflow/example_dags/example_branch_python_dop_operator_3.py took 0.062 seconds
[2024-05-03T10:48:13.527+0000] {processor.py:161} INFO - Started process (PID=1271) to work on /home/airflow/.local/lib/python3.12/site-packages/airflow/example_dags/example_branch_python_dop_operator_3.py
[2024-05-03T10:48:13.527+0000] {processor.py:830} INFO - Processing file /home/airflow/.local/lib/python3.12/site-packages/airflow/example_dags/example_branch_python_dop_operator_3.py for tasks to queue
[2024-05-03T10:48:13.529+0000] {logging_mixin.py:188} INFO - [2024-05-03T10:48:13.529+0000] {dagbag.py:540} INFO - Filling up the DagBag from /home/airflow/.local/lib/python3.12/site-packages/airflow/example_dags/example_branch_python_dop_operator_3.py
[2024-05-03T10:48:13.536+0000] {processor.py:840} INFO - DAG(s) 'example_branch_dop_operator_v3' retrieved from /home/airflow/.local/lib/python3.12/site-packages/airflow/example_dags/example_branch_python_dop_operator_3.py
[2024-05-03T10:48:13.551+0000] {logging_mixin.py:188} INFO - [2024-05-03T10:48:13.551+0000] {dag.py:3096} INFO - Sync 1 DAGs
[2024-05-03T10:48:13.571+0000] {logging_mixin.py:188} INFO - [2024-05-03T10:48:13.571+0000] {dag.py:3954} INFO - Setting next_dagrun for example_branch_dop_operator_v3 to 2024-05-03 10:47:00+00:00, run_after=2024-05-03 10:48:00+00:00
[2024-05-03T10:48:13.586+0000] {processor.py:183} INFO - Processing /home/airflow/.local/lib/python3.12/site-packages/airflow/example_dags/example_branch_python_dop_operator_3.py took 0.064 seconds
[2024-05-03T10:48:43.659+0000] {processor.py:161} INFO - Started process (PID=1329) to work on /home/airflow/.local/lib/python3.12/site-packages/airflow/example_dags/example_branch_python_dop_operator_3.py
[2024-05-03T10:48:43.660+0000] {processor.py:830} INFO - Processing file /home/airflow/.local/lib/python3.12/site-packages/airflow/example_dags/example_branch_python_dop_operator_3.py for tasks to queue
[2024-05-03T10:48:43.661+0000] {logging_mixin.py:188} INFO - [2024-05-03T10:48:43.661+0000] {dagbag.py:540} INFO - Filling up the DagBag from /home/airflow/.local/lib/python3.12/site-packages/airflow/example_dags/example_branch_python_dop_operator_3.py
[2024-05-03T10:48:43.668+0000] {processor.py:840} INFO - DAG(s) 'example_branch_dop_operator_v3' retrieved from /home/airflow/.local/lib/python3.12/site-packages/airflow/example_dags/example_branch_python_dop_operator_3.py
[2024-05-03T10:48:43.684+0000] {logging_mixin.py:188} INFO - [2024-05-03T10:48:43.684+0000] {dag.py:3096} INFO - Sync 1 DAGs
[2024-05-03T10:48:43.704+0000] {logging_mixin.py:188} INFO - [2024-05-03T10:48:43.704+0000] {dag.py:3954} INFO - Setting next_dagrun for example_branch_dop_operator_v3 to 2024-05-03 10:47:00+00:00, run_after=2024-05-03 10:48:00+00:00
[2024-05-03T10:48:43.720+0000] {processor.py:183} INFO - Processing /home/airflow/.local/lib/python3.12/site-packages/airflow/example_dags/example_branch_python_dop_operator_3.py took 0.066 seconds
[2024-05-03T10:49:13.916+0000] {processor.py:161} INFO - Started process (PID=1387) to work on /home/airflow/.local/lib/python3.12/site-packages/airflow/example_dags/example_branch_python_dop_operator_3.py
[2024-05-03T10:49:13.917+0000] {processor.py:830} INFO - Processing file /home/airflow/.local/lib/python3.12/site-packages/airflow/example_dags/example_branch_python_dop_operator_3.py for tasks to queue
[2024-05-03T10:49:13.918+0000] {logging_mixin.py:188} INFO - [2024-05-03T10:49:13.918+0000] {dagbag.py:540} INFO - Filling up the DagBag from /home/airflow/.local/lib/python3.12/site-packages/airflow/example_dags/example_branch_python_dop_operator_3.py
[2024-05-03T10:49:13.925+0000] {processor.py:840} INFO - DAG(s) 'example_branch_dop_operator_v3' retrieved from /home/airflow/.local/lib/python3.12/site-packages/airflow/example_dags/example_branch_python_dop_operator_3.py
[2024-05-03T10:49:13.942+0000] {logging_mixin.py:188} INFO - [2024-05-03T10:49:13.941+0000] {dag.py:3096} INFO - Sync 1 DAGs
[2024-05-03T10:49:13.963+0000] {logging_mixin.py:188} INFO - [2024-05-03T10:49:13.963+0000] {dag.py:3954} INFO - Setting next_dagrun for example_branch_dop_operator_v3 to 2024-05-03 10:48:00+00:00, run_after=2024-05-03 10:49:00+00:00
[2024-05-03T10:49:13.979+0000] {processor.py:183} INFO - Processing /home/airflow/.local/lib/python3.12/site-packages/airflow/example_dags/example_branch_python_dop_operator_3.py took 0.068 seconds
[2024-05-03T10:49:44.388+0000] {processor.py:161} INFO - Started process (PID=1445) to work on /home/airflow/.local/lib/python3.12/site-packages/airflow/example_dags/example_branch_python_dop_operator_3.py
[2024-05-03T10:49:44.389+0000] {processor.py:830} INFO - Processing file /home/airflow/.local/lib/python3.12/site-packages/airflow/example_dags/example_branch_python_dop_operator_3.py for tasks to queue
[2024-05-03T10:49:44.391+0000] {logging_mixin.py:188} INFO - [2024-05-03T10:49:44.391+0000] {dagbag.py:540} INFO - Filling up the DagBag from /home/airflow/.local/lib/python3.12/site-packages/airflow/example_dags/example_branch_python_dop_operator_3.py
[2024-05-03T10:49:44.399+0000] {processor.py:840} INFO - DAG(s) 'example_branch_dop_operator_v3' retrieved from /home/airflow/.local/lib/python3.12/site-packages/airflow/example_dags/example_branch_python_dop_operator_3.py
[2024-05-03T10:49:44.417+0000] {logging_mixin.py:188} INFO - [2024-05-03T10:49:44.416+0000] {dag.py:3096} INFO - Sync 1 DAGs
[2024-05-03T10:49:44.446+0000] {logging_mixin.py:188} INFO - [2024-05-03T10:49:44.445+0000] {dag.py:3954} INFO - Setting next_dagrun for example_branch_dop_operator_v3 to 2024-05-03 10:48:00+00:00, run_after=2024-05-03 10:49:00+00:00
[2024-05-03T10:49:44.464+0000] {processor.py:183} INFO - Processing /home/airflow/.local/lib/python3.12/site-packages/airflow/example_dags/example_branch_python_dop_operator_3.py took 0.082 seconds
[2024-05-03T10:50:14.565+0000] {processor.py:161} INFO - Started process (PID=1503) to work on /home/airflow/.local/lib/python3.12/site-packages/airflow/example_dags/example_branch_python_dop_operator_3.py
[2024-05-03T10:50:14.566+0000] {processor.py:830} INFO - Processing file /home/airflow/.local/lib/python3.12/site-packages/airflow/example_dags/example_branch_python_dop_operator_3.py for tasks to queue
[2024-05-03T10:50:14.567+0000] {logging_mixin.py:188} INFO - [2024-05-03T10:50:14.567+0000] {dagbag.py:540} INFO - Filling up the DagBag from /home/airflow/.local/lib/python3.12/site-packages/airflow/example_dags/example_branch_python_dop_operator_3.py
[2024-05-03T10:50:14.574+0000] {processor.py:840} INFO - DAG(s) 'example_branch_dop_operator_v3' retrieved from /home/airflow/.local/lib/python3.12/site-packages/airflow/example_dags/example_branch_python_dop_operator_3.py
[2024-05-03T10:50:14.590+0000] {logging_mixin.py:188} INFO - [2024-05-03T10:50:14.590+0000] {dag.py:3096} INFO - Sync 1 DAGs
[2024-05-03T10:50:14.611+0000] {logging_mixin.py:188} INFO - [2024-05-03T10:50:14.611+0000] {dag.py:3954} INFO - Setting next_dagrun for example_branch_dop_operator_v3 to 2024-05-03 10:49:00+00:00, run_after=2024-05-03 10:50:00+00:00
[2024-05-03T10:50:14.627+0000] {processor.py:183} INFO - Processing /home/airflow/.local/lib/python3.12/site-packages/airflow/example_dags/example_branch_python_dop_operator_3.py took 0.067 seconds
[2024-05-03T10:50:44.849+0000] {processor.py:161} INFO - Started process (PID=1561) to work on /home/airflow/.local/lib/python3.12/site-packages/airflow/example_dags/example_branch_python_dop_operator_3.py
[2024-05-03T10:50:44.850+0000] {processor.py:830} INFO - Processing file /home/airflow/.local/lib/python3.12/site-packages/airflow/example_dags/example_branch_python_dop_operator_3.py for tasks to queue
[2024-05-03T10:50:44.851+0000] {logging_mixin.py:188} INFO - [2024-05-03T10:50:44.851+0000] {dagbag.py:540} INFO - Filling up the DagBag from /home/airflow/.local/lib/python3.12/site-packages/airflow/example_dags/example_branch_python_dop_operator_3.py
[2024-05-03T10:50:44.858+0000] {processor.py:840} INFO - DAG(s) 'example_branch_dop_operator_v3' retrieved from /home/airflow/.local/lib/python3.12/site-packages/airflow/example_dags/example_branch_python_dop_operator_3.py
[2024-05-03T10:50:44.874+0000] {logging_mixin.py:188} INFO - [2024-05-03T10:50:44.873+0000] {dag.py:3096} INFO - Sync 1 DAGs
[2024-05-03T10:50:44.895+0000] {logging_mixin.py:188} INFO - [2024-05-03T10:50:44.895+0000] {dag.py:3954} INFO - Setting next_dagrun for example_branch_dop_operator_v3 to 2024-05-03 10:49:00+00:00, run_after=2024-05-03 10:50:00+00:00
[2024-05-03T10:50:44.912+0000] {processor.py:183} INFO - Processing /home/airflow/.local/lib/python3.12/site-packages/airflow/example_dags/example_branch_python_dop_operator_3.py took 0.068 seconds
[2024-05-03T10:51:15.098+0000] {processor.py:161} INFO - Started process (PID=1625) to work on /home/airflow/.local/lib/python3.12/site-packages/airflow/example_dags/example_branch_python_dop_operator_3.py
[2024-05-03T10:51:15.099+0000] {processor.py:830} INFO - Processing file /home/airflow/.local/lib/python3.12/site-packages/airflow/example_dags/example_branch_python_dop_operator_3.py for tasks to queue
[2024-05-03T10:51:15.100+0000] {logging_mixin.py:188} INFO - [2024-05-03T10:51:15.100+0000] {dagbag.py:540} INFO - Filling up the DagBag from /home/airflow/.local/lib/python3.12/site-packages/airflow/example_dags/example_branch_python_dop_operator_3.py
[2024-05-03T10:51:15.107+0000] {processor.py:840} INFO - DAG(s) 'example_branch_dop_operator_v3' retrieved from /home/airflow/.local/lib/python3.12/site-packages/airflow/example_dags/example_branch_python_dop_operator_3.py
[2024-05-03T10:51:15.125+0000] {logging_mixin.py:188} INFO - [2024-05-03T10:51:15.125+0000] {dag.py:3096} INFO - Sync 1 DAGs
[2024-05-03T10:51:15.145+0000] {logging_mixin.py:188} INFO - [2024-05-03T10:51:15.145+0000] {dag.py:3954} INFO - Setting next_dagrun for example_branch_dop_operator_v3 to 2024-05-03 10:50:00+00:00, run_after=2024-05-03 10:51:00+00:00
[2024-05-03T10:51:15.163+0000] {processor.py:183} INFO - Processing /home/airflow/.local/lib/python3.12/site-packages/airflow/example_dags/example_branch_python_dop_operator_3.py took 0.071 seconds
[2024-05-03T10:51:45.312+0000] {processor.py:161} INFO - Started process (PID=1683) to work on /home/airflow/.local/lib/python3.12/site-packages/airflow/example_dags/example_branch_python_dop_operator_3.py
[2024-05-03T10:51:45.313+0000] {processor.py:830} INFO - Processing file /home/airflow/.local/lib/python3.12/site-packages/airflow/example_dags/example_branch_python_dop_operator_3.py for tasks to queue
[2024-05-03T10:51:45.314+0000] {logging_mixin.py:188} INFO - [2024-05-03T10:51:45.314+0000] {dagbag.py:540} INFO - Filling up the DagBag from /home/airflow/.local/lib/python3.12/site-packages/airflow/example_dags/example_branch_python_dop_operator_3.py
[2024-05-03T10:51:45.321+0000] {processor.py:840} INFO - DAG(s) 'example_branch_dop_operator_v3' retrieved from /home/airflow/.local/lib/python3.12/site-packages/airflow/example_dags/example_branch_python_dop_operator_3.py
[2024-05-03T10:51:45.338+0000] {logging_mixin.py:188} INFO - [2024-05-03T10:51:45.337+0000] {dag.py:3096} INFO - Sync 1 DAGs
[2024-05-03T10:51:45.357+0000] {logging_mixin.py:188} INFO - [2024-05-03T10:51:45.357+0000] {dag.py:3954} INFO - Setting next_dagrun for example_branch_dop_operator_v3 to 2024-05-03 10:50:00+00:00, run_after=2024-05-03 10:51:00+00:00
[2024-05-03T10:51:45.375+0000] {processor.py:183} INFO - Processing /home/airflow/.local/lib/python3.12/site-packages/airflow/example_dags/example_branch_python_dop_operator_3.py took 0.069 seconds
[2024-05-03T10:52:15.573+0000] {processor.py:161} INFO - Started process (PID=1741) to work on /home/airflow/.local/lib/python3.12/site-packages/airflow/example_dags/example_branch_python_dop_operator_3.py
[2024-05-03T10:52:15.574+0000] {processor.py:830} INFO - Processing file /home/airflow/.local/lib/python3.12/site-packages/airflow/example_dags/example_branch_python_dop_operator_3.py for tasks to queue
[2024-05-03T10:52:15.575+0000] {logging_mixin.py:188} INFO - [2024-05-03T10:52:15.575+0000] {dagbag.py:540} INFO - Filling up the DagBag from /home/airflow/.local/lib/python3.12/site-packages/airflow/example_dags/example_branch_python_dop_operator_3.py
[2024-05-03T10:52:15.582+0000] {processor.py:840} INFO - DAG(s) 'example_branch_dop_operator_v3' retrieved from /home/airflow/.local/lib/python3.12/site-packages/airflow/example_dags/example_branch_python_dop_operator_3.py
[2024-05-03T10:52:15.599+0000] {logging_mixin.py:188} INFO - [2024-05-03T10:52:15.599+0000] {dag.py:3096} INFO - Sync 1 DAGs
[2024-05-03T10:52:15.619+0000] {logging_mixin.py:188} INFO - [2024-05-03T10:52:15.619+0000] {dag.py:3954} INFO - Setting next_dagrun for example_branch_dop_operator_v3 to 2024-05-03 10:51:00+00:00, run_after=2024-05-03 10:52:00+00:00
[2024-05-03T10:52:15.635+0000] {processor.py:183} INFO - Processing /home/airflow/.local/lib/python3.12/site-packages/airflow/example_dags/example_branch_python_dop_operator_3.py took 0.067 seconds
[2024-05-03T10:52:45.913+0000] {processor.py:161} INFO - Started process (PID=1799) to work on /home/airflow/.local/lib/python3.12/site-packages/airflow/example_dags/example_branch_python_dop_operator_3.py
[2024-05-03T10:52:45.914+0000] {processor.py:830} INFO - Processing file /home/airflow/.local/lib/python3.12/site-packages/airflow/example_dags/example_branch_python_dop_operator_3.py for tasks to queue
[2024-05-03T10:52:45.916+0000] {logging_mixin.py:188} INFO - [2024-05-03T10:52:45.916+0000] {dagbag.py:540} INFO - Filling up the DagBag from /home/airflow/.local/lib/python3.12/site-packages/airflow/example_dags/example_branch_python_dop_operator_3.py
[2024-05-03T10:52:45.923+0000] {processor.py:840} INFO - DAG(s) 'example_branch_dop_operator_v3' retrieved from /home/airflow/.local/lib/python3.12/site-packages/airflow/example_dags/example_branch_python_dop_operator_3.py
[2024-05-03T10:52:45.938+0000] {logging_mixin.py:188} INFO - [2024-05-03T10:52:45.937+0000] {dag.py:3096} INFO - Sync 1 DAGs
[2024-05-03T10:52:45.956+0000] {logging_mixin.py:188} INFO - [2024-05-03T10:52:45.956+0000] {dag.py:3954} INFO - Setting next_dagrun for example_branch_dop_operator_v3 to 2024-05-03 10:51:00+00:00, run_after=2024-05-03 10:52:00+00:00
[2024-05-03T10:52:45.969+0000] {processor.py:183} INFO - Processing /home/airflow/.local/lib/python3.12/site-packages/airflow/example_dags/example_branch_python_dop_operator_3.py took 0.061 seconds
[2024-05-03T10:53:16.068+0000] {processor.py:161} INFO - Started process (PID=1858) to work on /home/airflow/.local/lib/python3.12/site-packages/airflow/example_dags/example_branch_python_dop_operator_3.py
[2024-05-03T10:53:16.069+0000] {processor.py:830} INFO - Processing file /home/airflow/.local/lib/python3.12/site-packages/airflow/example_dags/example_branch_python_dop_operator_3.py for tasks to queue
[2024-05-03T10:53:16.071+0000] {logging_mixin.py:188} INFO - [2024-05-03T10:53:16.071+0000] {dagbag.py:540} INFO - Filling up the DagBag from /home/airflow/.local/lib/python3.12/site-packages/airflow/example_dags/example_branch_python_dop_operator_3.py
[2024-05-03T10:53:16.077+0000] {processor.py:840} INFO - DAG(s) 'example_branch_dop_operator_v3' retrieved from /home/airflow/.local/lib/python3.12/site-packages/airflow/example_dags/example_branch_python_dop_operator_3.py
[2024-05-03T10:53:16.095+0000] {logging_mixin.py:188} INFO - [2024-05-03T10:53:16.095+0000] {dag.py:3096} INFO - Sync 1 DAGs
[2024-05-03T10:53:16.115+0000] {logging_mixin.py:188} INFO - [2024-05-03T10:53:16.115+0000] {dag.py:3954} INFO - Setting next_dagrun for example_branch_dop_operator_v3 to 2024-05-03 10:52:00+00:00, run_after=2024-05-03 10:53:00+00:00
[2024-05-03T10:53:16.132+0000] {processor.py:183} INFO - Processing /home/airflow/.local/lib/python3.12/site-packages/airflow/example_dags/example_branch_python_dop_operator_3.py took 0.069 seconds
[2024-05-03T10:53:46.365+0000] {processor.py:161} INFO - Started process (PID=1916) to work on /home/airflow/.local/lib/python3.12/site-packages/airflow/example_dags/example_branch_python_dop_operator_3.py
[2024-05-03T10:53:46.366+0000] {processor.py:830} INFO - Processing file /home/airflow/.local/lib/python3.12/site-packages/airflow/example_dags/example_branch_python_dop_operator_3.py for tasks to queue
[2024-05-03T10:53:46.367+0000] {logging_mixin.py:188} INFO - [2024-05-03T10:53:46.367+0000] {dagbag.py:540} INFO - Filling up the DagBag from /home/airflow/.local/lib/python3.12/site-packages/airflow/example_dags/example_branch_python_dop_operator_3.py
[2024-05-03T10:53:46.374+0000] {processor.py:840} INFO - DAG(s) 'example_branch_dop_operator_v3' retrieved from /home/airflow/.local/lib/python3.12/site-packages/airflow/example_dags/example_branch_python_dop_operator_3.py
[2024-05-03T10:53:46.391+0000] {logging_mixin.py:188} INFO - [2024-05-03T10:53:46.391+0000] {dag.py:3096} INFO - Sync 1 DAGs
[2024-05-03T10:53:46.413+0000] {logging_mixin.py:188} INFO - [2024-05-03T10:53:46.413+0000] {dag.py:3954} INFO - Setting next_dagrun for example_branch_dop_operator_v3 to 2024-05-03 10:52:00+00:00, run_after=2024-05-03 10:53:00+00:00
[2024-05-03T10:53:46.430+0000] {processor.py:183} INFO - Processing /home/airflow/.local/lib/python3.12/site-packages/airflow/example_dags/example_branch_python_dop_operator_3.py took 0.071 seconds
[2024-05-03T10:54:16.880+0000] {processor.py:161} INFO - Started process (PID=1974) to work on /home/airflow/.local/lib/python3.12/site-packages/airflow/example_dags/example_branch_python_dop_operator_3.py
[2024-05-03T10:54:16.881+0000] {processor.py:830} INFO - Processing file /home/airflow/.local/lib/python3.12/site-packages/airflow/example_dags/example_branch_python_dop_operator_3.py for tasks to queue
[2024-05-03T10:54:16.883+0000] {logging_mixin.py:188} INFO - [2024-05-03T10:54:16.883+0000] {dagbag.py:540} INFO - Filling up the DagBag from /home/airflow/.local/lib/python3.12/site-packages/airflow/example_dags/example_branch_python_dop_operator_3.py
[2024-05-03T10:54:16.892+0000] {processor.py:840} INFO - DAG(s) 'example_branch_dop_operator_v3' retrieved from /home/airflow/.local/lib/python3.12/site-packages/airflow/example_dags/example_branch_python_dop_operator_3.py
[2024-05-03T10:54:16.910+0000] {logging_mixin.py:188} INFO - [2024-05-03T10:54:16.909+0000] {dag.py:3096} INFO - Sync 1 DAGs
[2024-05-03T10:54:16.932+0000] {logging_mixin.py:188} INFO - [2024-05-03T10:54:16.932+0000] {dag.py:3954} INFO - Setting next_dagrun for example_branch_dop_operator_v3 to 2024-05-03 10:53:00+00:00, run_after=2024-05-03 10:54:00+00:00
[2024-05-03T10:54:16.948+0000] {processor.py:183} INFO - Processing /home/airflow/.local/lib/python3.12/site-packages/airflow/example_dags/example_branch_python_dop_operator_3.py took 0.073 seconds
[2024-05-03T10:54:47.185+0000] {processor.py:161} INFO - Started process (PID=2032) to work on /home/airflow/.local/lib/python3.12/site-packages/airflow/example_dags/example_branch_python_dop_operator_3.py
[2024-05-03T10:54:47.186+0000] {processor.py:830} INFO - Processing file /home/airflow/.local/lib/python3.12/site-packages/airflow/example_dags/example_branch_python_dop_operator_3.py for tasks to queue
[2024-05-03T10:54:47.188+0000] {logging_mixin.py:188} INFO - [2024-05-03T10:54:47.187+0000] {dagbag.py:540} INFO - Filling up the DagBag from /home/airflow/.local/lib/python3.12/site-packages/airflow/example_dags/example_branch_python_dop_operator_3.py
[2024-05-03T10:54:47.194+0000] {processor.py:840} INFO - DAG(s) 'example_branch_dop_operator_v3' retrieved from /home/airflow/.local/lib/python3.12/site-packages/airflow/example_dags/example_branch_python_dop_operator_3.py
[2024-05-03T10:54:47.211+0000] {logging_mixin.py:188} INFO - [2024-05-03T10:54:47.210+0000] {dag.py:3096} INFO - Sync 1 DAGs
[2024-05-03T10:54:47.230+0000] {logging_mixin.py:188} INFO - [2024-05-03T10:54:47.230+0000] {dag.py:3954} INFO - Setting next_dagrun for example_branch_dop_operator_v3 to 2024-05-03 10:53:00+00:00, run_after=2024-05-03 10:54:00+00:00
[2024-05-03T10:54:47.245+0000] {processor.py:183} INFO - Processing /home/airflow/.local/lib/python3.12/site-packages/airflow/example_dags/example_branch_python_dop_operator_3.py took 0.065 seconds
[2024-05-03T10:55:17.354+0000] {processor.py:161} INFO - Started process (PID=2090) to work on /home/airflow/.local/lib/python3.12/site-packages/airflow/example_dags/example_branch_python_dop_operator_3.py
[2024-05-03T10:55:17.355+0000] {processor.py:830} INFO - Processing file /home/airflow/.local/lib/python3.12/site-packages/airflow/example_dags/example_branch_python_dop_operator_3.py for tasks to queue
[2024-05-03T10:55:17.356+0000] {logging_mixin.py:188} INFO - [2024-05-03T10:55:17.356+0000] {dagbag.py:540} INFO - Filling up the DagBag from /home/airflow/.local/lib/python3.12/site-packages/airflow/example_dags/example_branch_python_dop_operator_3.py
[2024-05-03T10:55:17.363+0000] {processor.py:840} INFO - DAG(s) 'example_branch_dop_operator_v3' retrieved from /home/airflow/.local/lib/python3.12/site-packages/airflow/example_dags/example_branch_python_dop_operator_3.py
[2024-05-03T10:55:17.379+0000] {logging_mixin.py:188} INFO - [2024-05-03T10:55:17.379+0000] {dag.py:3096} INFO - Sync 1 DAGs
[2024-05-03T10:55:17.399+0000] {logging_mixin.py:188} INFO - [2024-05-03T10:55:17.399+0000] {dag.py:3954} INFO - Setting next_dagrun for example_branch_dop_operator_v3 to 2024-05-03 10:54:00+00:00, run_after=2024-05-03 10:55:00+00:00
[2024-05-03T10:55:17.415+0000] {processor.py:183} INFO - Processing /home/airflow/.local/lib/python3.12/site-packages/airflow/example_dags/example_branch_python_dop_operator_3.py took 0.065 seconds
[2024-05-03T10:55:47.592+0000] {processor.py:161} INFO - Started process (PID=2148) to work on /home/airflow/.local/lib/python3.12/site-packages/airflow/example_dags/example_branch_python_dop_operator_3.py
[2024-05-03T10:55:47.593+0000] {processor.py:830} INFO - Processing file /home/airflow/.local/lib/python3.12/site-packages/airflow/example_dags/example_branch_python_dop_operator_3.py for tasks to queue
[2024-05-03T10:55:47.595+0000] {logging_mixin.py:188} INFO - [2024-05-03T10:55:47.594+0000] {dagbag.py:540} INFO - Filling up the DagBag from /home/airflow/.local/lib/python3.12/site-packages/airflow/example_dags/example_branch_python_dop_operator_3.py
[2024-05-03T10:55:47.602+0000] {processor.py:840} INFO - DAG(s) 'example_branch_dop_operator_v3' retrieved from /home/airflow/.local/lib/python3.12/site-packages/airflow/example_dags/example_branch_python_dop_operator_3.py
[2024-05-03T10:55:47.624+0000] {logging_mixin.py:188} INFO - [2024-05-03T10:55:47.624+0000] {dag.py:3096} INFO - Sync 1 DAGs
[2024-05-03T10:55:47.649+0000] {logging_mixin.py:188} INFO - [2024-05-03T10:55:47.649+0000] {dag.py:3954} INFO - Setting next_dagrun for example_branch_dop_operator_v3 to 2024-05-03 10:54:00+00:00, run_after=2024-05-03 10:55:00+00:00
[2024-05-03T10:55:47.668+0000] {processor.py:183} INFO - Processing /home/airflow/.local/lib/python3.12/site-packages/airflow/example_dags/example_branch_python_dop_operator_3.py took 0.081 seconds
[2024-05-03T10:56:17.834+0000] {processor.py:161} INFO - Started process (PID=2206) to work on /home/airflow/.local/lib/python3.12/site-packages/airflow/example_dags/example_branch_python_dop_operator_3.py
[2024-05-03T10:56:17.835+0000] {processor.py:830} INFO - Processing file /home/airflow/.local/lib/python3.12/site-packages/airflow/example_dags/example_branch_python_dop_operator_3.py for tasks to queue
[2024-05-03T10:56:17.837+0000] {logging_mixin.py:188} INFO - [2024-05-03T10:56:17.837+0000] {dagbag.py:540} INFO - Filling up the DagBag from /home/airflow/.local/lib/python3.12/site-packages/airflow/example_dags/example_branch_python_dop_operator_3.py
[2024-05-03T10:56:17.845+0000] {processor.py:840} INFO - DAG(s) 'example_branch_dop_operator_v3' retrieved from /home/airflow/.local/lib/python3.12/site-packages/airflow/example_dags/example_branch_python_dop_operator_3.py
[2024-05-03T10:56:17.861+0000] {logging_mixin.py:188} INFO - [2024-05-03T10:56:17.861+0000] {dag.py:3096} INFO - Sync 1 DAGs
[2024-05-03T10:56:17.881+0000] {logging_mixin.py:188} INFO - [2024-05-03T10:56:17.881+0000] {dag.py:3954} INFO - Setting next_dagrun for example_branch_dop_operator_v3 to 2024-05-03 10:55:00+00:00, run_after=2024-05-03 10:56:00+00:00
[2024-05-03T10:56:17.901+0000] {processor.py:183} INFO - Processing /home/airflow/.local/lib/python3.12/site-packages/airflow/example_dags/example_branch_python_dop_operator_3.py took 0.072 seconds
[2024-05-03T10:56:48.033+0000] {processor.py:161} INFO - Started process (PID=2264) to work on /home/airflow/.local/lib/python3.12/site-packages/airflow/example_dags/example_branch_python_dop_operator_3.py
[2024-05-03T10:56:48.034+0000] {processor.py:830} INFO - Processing file /home/airflow/.local/lib/python3.12/site-packages/airflow/example_dags/example_branch_python_dop_operator_3.py for tasks to queue
[2024-05-03T10:56:48.036+0000] {logging_mixin.py:188} INFO - [2024-05-03T10:56:48.036+0000] {dagbag.py:540} INFO - Filling up the DagBag from /home/airflow/.local/lib/python3.12/site-packages/airflow/example_dags/example_branch_python_dop_operator_3.py
[2024-05-03T10:56:48.043+0000] {processor.py:840} INFO - DAG(s) 'example_branch_dop_operator_v3' retrieved from /home/airflow/.local/lib/python3.12/site-packages/airflow/example_dags/example_branch_python_dop_operator_3.py
[2024-05-03T10:56:48.058+0000] {logging_mixin.py:188} INFO - [2024-05-03T10:56:48.058+0000] {dag.py:3096} INFO - Sync 1 DAGs
[2024-05-03T10:56:48.080+0000] {logging_mixin.py:188} INFO - [2024-05-03T10:56:48.080+0000] {dag.py:3954} INFO - Setting next_dagrun for example_branch_dop_operator_v3 to 2024-05-03 10:55:00+00:00, run_after=2024-05-03 10:56:00+00:00
[2024-05-03T10:56:48.095+0000] {processor.py:183} INFO - Processing /home/airflow/.local/lib/python3.12/site-packages/airflow/example_dags/example_branch_python_dop_operator_3.py took 0.067 seconds
[2024-05-03T10:57:18.211+0000] {processor.py:161} INFO - Started process (PID=2322) to work on /home/airflow/.local/lib/python3.12/site-packages/airflow/example_dags/example_branch_python_dop_operator_3.py
[2024-05-03T10:57:18.212+0000] {processor.py:830} INFO - Processing file /home/airflow/.local/lib/python3.12/site-packages/airflow/example_dags/example_branch_python_dop_operator_3.py for tasks to queue
[2024-05-03T10:57:18.214+0000] {logging_mixin.py:188} INFO - [2024-05-03T10:57:18.213+0000] {dagbag.py:540} INFO - Filling up the DagBag from /home/airflow/.local/lib/python3.12/site-packages/airflow/example_dags/example_branch_python_dop_operator_3.py
[2024-05-03T10:57:18.220+0000] {processor.py:840} INFO - DAG(s) 'example_branch_dop_operator_v3' retrieved from /home/airflow/.local/lib/python3.12/site-packages/airflow/example_dags/example_branch_python_dop_operator_3.py
[2024-05-03T10:57:18.235+0000] {logging_mixin.py:188} INFO - [2024-05-03T10:57:18.235+0000] {dag.py:3096} INFO - Sync 1 DAGs
[2024-05-03T10:57:18.256+0000] {logging_mixin.py:188} INFO - [2024-05-03T10:57:18.256+0000] {dag.py:3954} INFO - Setting next_dagrun for example_branch_dop_operator_v3 to 2024-05-03 10:56:00+00:00, run_after=2024-05-03 10:57:00+00:00
[2024-05-03T10:57:18.276+0000] {processor.py:183} INFO - Processing /home/airflow/.local/lib/python3.12/site-packages/airflow/example_dags/example_branch_python_dop_operator_3.py took 0.069 seconds
[2024-05-03T10:57:48.376+0000] {processor.py:161} INFO - Started process (PID=2380) to work on /home/airflow/.local/lib/python3.12/site-packages/airflow/example_dags/example_branch_python_dop_operator_3.py
[2024-05-03T10:57:48.377+0000] {processor.py:830} INFO - Processing file /home/airflow/.local/lib/python3.12/site-packages/airflow/example_dags/example_branch_python_dop_operator_3.py for tasks to queue
[2024-05-03T10:57:48.378+0000] {logging_mixin.py:188} INFO - [2024-05-03T10:57:48.378+0000] {dagbag.py:540} INFO - Filling up the DagBag from /home/airflow/.local/lib/python3.12/site-packages/airflow/example_dags/example_branch_python_dop_operator_3.py
[2024-05-03T10:57:48.385+0000] {processor.py:840} INFO - DAG(s) 'example_branch_dop_operator_v3' retrieved from /home/airflow/.local/lib/python3.12/site-packages/airflow/example_dags/example_branch_python_dop_operator_3.py
[2024-05-03T10:57:48.401+0000] {logging_mixin.py:188} INFO - [2024-05-03T10:57:48.400+0000] {dag.py:3096} INFO - Sync 1 DAGs
[2024-05-03T10:57:48.420+0000] {logging_mixin.py:188} INFO - [2024-05-03T10:57:48.420+0000] {dag.py:3954} INFO - Setting next_dagrun for example_branch_dop_operator_v3 to 2024-05-03 10:56:00+00:00, run_after=2024-05-03 10:57:00+00:00
[2024-05-03T10:57:48.436+0000] {processor.py:183} INFO - Processing /home/airflow/.local/lib/python3.12/site-packages/airflow/example_dags/example_branch_python_dop_operator_3.py took 0.065 seconds
[2024-05-03T10:58:18.591+0000] {processor.py:161} INFO - Started process (PID=2439) to work on /home/airflow/.local/lib/python3.12/site-packages/airflow/example_dags/example_branch_python_dop_operator_3.py
[2024-05-03T10:58:18.592+0000] {processor.py:830} INFO - Processing file /home/airflow/.local/lib/python3.12/site-packages/airflow/example_dags/example_branch_python_dop_operator_3.py for tasks to queue
[2024-05-03T10:58:18.593+0000] {logging_mixin.py:188} INFO - [2024-05-03T10:58:18.593+0000] {dagbag.py:540} INFO - Filling up the DagBag from /home/airflow/.local/lib/python3.12/site-packages/airflow/example_dags/example_branch_python_dop_operator_3.py
[2024-05-03T10:58:18.600+0000] {processor.py:840} INFO - DAG(s) 'example_branch_dop_operator_v3' retrieved from /home/airflow/.local/lib/python3.12/site-packages/airflow/example_dags/example_branch_python_dop_operator_3.py
[2024-05-03T10:58:18.618+0000] {logging_mixin.py:188} INFO - [2024-05-03T10:58:18.618+0000] {dag.py:3096} INFO - Sync 1 DAGs
[2024-05-03T10:58:18.641+0000] {logging_mixin.py:188} INFO - [2024-05-03T10:58:18.641+0000] {dag.py:3954} INFO - Setting next_dagrun for example_branch_dop_operator_v3 to 2024-05-03 10:57:00+00:00, run_after=2024-05-03 10:58:00+00:00
[2024-05-03T10:58:18.657+0000] {processor.py:183} INFO - Processing /home/airflow/.local/lib/python3.12/site-packages/airflow/example_dags/example_branch_python_dop_operator_3.py took 0.071 seconds
