[2024-05-03T10:37:32.372+0000] {processor.py:161} INFO - Started process (PID=46) to work on /home/airflow/.local/lib/python3.12/site-packages/airflow/example_dags/example_display_name.py
[2024-05-03T10:37:32.373+0000] {processor.py:830} INFO - Processing file /home/airflow/.local/lib/python3.12/site-packages/airflow/example_dags/example_display_name.py for tasks to queue
[2024-05-03T10:37:32.375+0000] {logging_mixin.py:188} INFO - [2024-05-03T10:37:32.375+0000] {dagbag.py:540} INFO - Filling up the DagBag from /home/airflow/.local/lib/python3.12/site-packages/airflow/example_dags/example_display_name.py
[2024-05-03T10:37:32.383+0000] {processor.py:840} INFO - DAG(s) 'example_display_name' retrieved from /home/airflow/.local/lib/python3.12/site-packages/airflow/example_dags/example_display_name.py
[2024-05-03T10:37:32.512+0000] {logging_mixin.py:188} INFO - [2024-05-03T10:37:32.512+0000] {dag.py:3096} INFO - Sync 1 DAGs
[2024-05-03T10:37:32.532+0000] {logging_mixin.py:188} INFO - [2024-05-03T10:37:32.531+0000] {dag.py:3954} INFO - Setting next_dagrun for example_display_name to None, run_after=None
[2024-05-03T10:37:32.561+0000] {processor.py:183} INFO - Processing /home/airflow/.local/lib/python3.12/site-packages/airflow/example_dags/example_display_name.py took 0.195 seconds
[2024-05-03T10:38:02.687+0000] {processor.py:161} INFO - Started process (PID=104) to work on /home/airflow/.local/lib/python3.12/site-packages/airflow/example_dags/example_display_name.py
[2024-05-03T10:38:02.688+0000] {processor.py:830} INFO - Processing file /home/airflow/.local/lib/python3.12/site-packages/airflow/example_dags/example_display_name.py for tasks to queue
[2024-05-03T10:38:02.691+0000] {logging_mixin.py:188} INFO - [2024-05-03T10:38:02.690+0000] {dagbag.py:540} INFO - Filling up the DagBag from /home/airflow/.local/lib/python3.12/site-packages/airflow/example_dags/example_display_name.py
[2024-05-03T10:38:02.696+0000] {processor.py:840} INFO - DAG(s) 'example_display_name' retrieved from /home/airflow/.local/lib/python3.12/site-packages/airflow/example_dags/example_display_name.py
[2024-05-03T10:38:02.717+0000] {logging_mixin.py:188} INFO - [2024-05-03T10:38:02.717+0000] {dag.py:3096} INFO - Sync 1 DAGs
[2024-05-03T10:38:02.731+0000] {logging_mixin.py:188} INFO - [2024-05-03T10:38:02.731+0000] {dag.py:3954} INFO - Setting next_dagrun for example_display_name to None, run_after=None
[2024-05-03T10:38:02.751+0000] {processor.py:183} INFO - Processing /home/airflow/.local/lib/python3.12/site-packages/airflow/example_dags/example_display_name.py took 0.070 seconds
[2024-05-03T10:38:33.392+0000] {processor.py:161} INFO - Started process (PID=162) to work on /home/airflow/.local/lib/python3.12/site-packages/airflow/example_dags/example_display_name.py
[2024-05-03T10:38:33.393+0000] {processor.py:830} INFO - Processing file /home/airflow/.local/lib/python3.12/site-packages/airflow/example_dags/example_display_name.py for tasks to queue
[2024-05-03T10:38:33.395+0000] {logging_mixin.py:188} INFO - [2024-05-03T10:38:33.394+0000] {dagbag.py:540} INFO - Filling up the DagBag from /home/airflow/.local/lib/python3.12/site-packages/airflow/example_dags/example_display_name.py
[2024-05-03T10:38:33.399+0000] {processor.py:840} INFO - DAG(s) 'example_display_name' retrieved from /home/airflow/.local/lib/python3.12/site-packages/airflow/example_dags/example_display_name.py
[2024-05-03T10:38:33.417+0000] {logging_mixin.py:188} INFO - [2024-05-03T10:38:33.417+0000] {dag.py:3096} INFO - Sync 1 DAGs
[2024-05-03T10:38:33.430+0000] {logging_mixin.py:188} INFO - [2024-05-03T10:38:33.430+0000] {dag.py:3954} INFO - Setting next_dagrun for example_display_name to None, run_after=None
[2024-05-03T10:38:33.447+0000] {processor.py:183} INFO - Processing /home/airflow/.local/lib/python3.12/site-packages/airflow/example_dags/example_display_name.py took 0.060 seconds
[2024-05-03T10:39:03.611+0000] {processor.py:161} INFO - Started process (PID=220) to work on /home/airflow/.local/lib/python3.12/site-packages/airflow/example_dags/example_display_name.py
[2024-05-03T10:39:03.611+0000] {processor.py:830} INFO - Processing file /home/airflow/.local/lib/python3.12/site-packages/airflow/example_dags/example_display_name.py for tasks to queue
[2024-05-03T10:39:03.613+0000] {logging_mixin.py:188} INFO - [2024-05-03T10:39:03.613+0000] {dagbag.py:540} INFO - Filling up the DagBag from /home/airflow/.local/lib/python3.12/site-packages/airflow/example_dags/example_display_name.py
[2024-05-03T10:39:03.617+0000] {processor.py:840} INFO - DAG(s) 'example_display_name' retrieved from /home/airflow/.local/lib/python3.12/site-packages/airflow/example_dags/example_display_name.py
[2024-05-03T10:39:03.633+0000] {logging_mixin.py:188} INFO - [2024-05-03T10:39:03.633+0000] {dag.py:3096} INFO - Sync 1 DAGs
[2024-05-03T10:39:03.644+0000] {logging_mixin.py:188} INFO - [2024-05-03T10:39:03.644+0000] {dag.py:3954} INFO - Setting next_dagrun for example_display_name to None, run_after=None
[2024-05-03T10:39:03.660+0000] {processor.py:183} INFO - Processing /home/airflow/.local/lib/python3.12/site-packages/airflow/example_dags/example_display_name.py took 0.054 seconds
[2024-05-03T10:39:34.379+0000] {processor.py:161} INFO - Started process (PID=278) to work on /home/airflow/.local/lib/python3.12/site-packages/airflow/example_dags/example_display_name.py
[2024-05-03T10:39:34.380+0000] {processor.py:830} INFO - Processing file /home/airflow/.local/lib/python3.12/site-packages/airflow/example_dags/example_display_name.py for tasks to queue
[2024-05-03T10:39:34.381+0000] {logging_mixin.py:188} INFO - [2024-05-03T10:39:34.381+0000] {dagbag.py:540} INFO - Filling up the DagBag from /home/airflow/.local/lib/python3.12/site-packages/airflow/example_dags/example_display_name.py
[2024-05-03T10:39:34.386+0000] {processor.py:840} INFO - DAG(s) 'example_display_name' retrieved from /home/airflow/.local/lib/python3.12/site-packages/airflow/example_dags/example_display_name.py
[2024-05-03T10:39:34.402+0000] {logging_mixin.py:188} INFO - [2024-05-03T10:39:34.402+0000] {dag.py:3096} INFO - Sync 1 DAGs
[2024-05-03T10:39:34.414+0000] {logging_mixin.py:188} INFO - [2024-05-03T10:39:34.414+0000] {dag.py:3954} INFO - Setting next_dagrun for example_display_name to None, run_after=None
[2024-05-03T10:39:34.430+0000] {processor.py:183} INFO - Processing /home/airflow/.local/lib/python3.12/site-packages/airflow/example_dags/example_display_name.py took 0.056 seconds
[2024-05-03T10:40:04.883+0000] {processor.py:161} INFO - Started process (PID=336) to work on /home/airflow/.local/lib/python3.12/site-packages/airflow/example_dags/example_display_name.py
[2024-05-03T10:40:04.884+0000] {processor.py:830} INFO - Processing file /home/airflow/.local/lib/python3.12/site-packages/airflow/example_dags/example_display_name.py for tasks to queue
[2024-05-03T10:40:04.885+0000] {logging_mixin.py:188} INFO - [2024-05-03T10:40:04.885+0000] {dagbag.py:540} INFO - Filling up the DagBag from /home/airflow/.local/lib/python3.12/site-packages/airflow/example_dags/example_display_name.py
[2024-05-03T10:40:04.890+0000] {processor.py:840} INFO - DAG(s) 'example_display_name' retrieved from /home/airflow/.local/lib/python3.12/site-packages/airflow/example_dags/example_display_name.py
[2024-05-03T10:40:04.906+0000] {logging_mixin.py:188} INFO - [2024-05-03T10:40:04.905+0000] {dag.py:3096} INFO - Sync 1 DAGs
[2024-05-03T10:40:04.916+0000] {logging_mixin.py:188} INFO - [2024-05-03T10:40:04.916+0000] {dag.py:3954} INFO - Setting next_dagrun for example_display_name to None, run_after=None
[2024-05-03T10:40:04.933+0000] {processor.py:183} INFO - Processing /home/airflow/.local/lib/python3.12/site-packages/airflow/example_dags/example_display_name.py took 0.055 seconds
[2024-05-03T10:40:35.324+0000] {processor.py:161} INFO - Started process (PID=394) to work on /home/airflow/.local/lib/python3.12/site-packages/airflow/example_dags/example_display_name.py
[2024-05-03T10:40:35.326+0000] {processor.py:830} INFO - Processing file /home/airflow/.local/lib/python3.12/site-packages/airflow/example_dags/example_display_name.py for tasks to queue
[2024-05-03T10:40:35.327+0000] {logging_mixin.py:188} INFO - [2024-05-03T10:40:35.327+0000] {dagbag.py:540} INFO - Filling up the DagBag from /home/airflow/.local/lib/python3.12/site-packages/airflow/example_dags/example_display_name.py
[2024-05-03T10:40:35.333+0000] {processor.py:840} INFO - DAG(s) 'example_display_name' retrieved from /home/airflow/.local/lib/python3.12/site-packages/airflow/example_dags/example_display_name.py
[2024-05-03T10:40:35.352+0000] {logging_mixin.py:188} INFO - [2024-05-03T10:40:35.352+0000] {dag.py:3096} INFO - Sync 1 DAGs
[2024-05-03T10:40:35.365+0000] {logging_mixin.py:188} INFO - [2024-05-03T10:40:35.365+0000] {dag.py:3954} INFO - Setting next_dagrun for example_display_name to None, run_after=None
[2024-05-03T10:40:35.386+0000] {processor.py:183} INFO - Processing /home/airflow/.local/lib/python3.12/site-packages/airflow/example_dags/example_display_name.py took 0.066 seconds
[2024-05-03T10:41:05.837+0000] {processor.py:161} INFO - Started process (PID=452) to work on /home/airflow/.local/lib/python3.12/site-packages/airflow/example_dags/example_display_name.py
[2024-05-03T10:41:05.838+0000] {processor.py:830} INFO - Processing file /home/airflow/.local/lib/python3.12/site-packages/airflow/example_dags/example_display_name.py for tasks to queue
[2024-05-03T10:41:05.840+0000] {logging_mixin.py:188} INFO - [2024-05-03T10:41:05.840+0000] {dagbag.py:540} INFO - Filling up the DagBag from /home/airflow/.local/lib/python3.12/site-packages/airflow/example_dags/example_display_name.py
[2024-05-03T10:41:05.845+0000] {processor.py:840} INFO - DAG(s) 'example_display_name' retrieved from /home/airflow/.local/lib/python3.12/site-packages/airflow/example_dags/example_display_name.py
[2024-05-03T10:41:05.867+0000] {logging_mixin.py:188} INFO - [2024-05-03T10:41:05.866+0000] {dag.py:3096} INFO - Sync 1 DAGs
[2024-05-03T10:41:05.879+0000] {logging_mixin.py:188} INFO - [2024-05-03T10:41:05.879+0000] {dag.py:3954} INFO - Setting next_dagrun for example_display_name to None, run_after=None
[2024-05-03T10:41:05.899+0000] {processor.py:183} INFO - Processing /home/airflow/.local/lib/python3.12/site-packages/airflow/example_dags/example_display_name.py took 0.068 seconds
[2024-05-03T10:41:36.348+0000] {processor.py:161} INFO - Started process (PID=510) to work on /home/airflow/.local/lib/python3.12/site-packages/airflow/example_dags/example_display_name.py
[2024-05-03T10:41:36.349+0000] {processor.py:830} INFO - Processing file /home/airflow/.local/lib/python3.12/site-packages/airflow/example_dags/example_display_name.py for tasks to queue
[2024-05-03T10:41:36.350+0000] {logging_mixin.py:188} INFO - [2024-05-03T10:41:36.350+0000] {dagbag.py:540} INFO - Filling up the DagBag from /home/airflow/.local/lib/python3.12/site-packages/airflow/example_dags/example_display_name.py
[2024-05-03T10:41:36.355+0000] {processor.py:840} INFO - DAG(s) 'example_display_name' retrieved from /home/airflow/.local/lib/python3.12/site-packages/airflow/example_dags/example_display_name.py
[2024-05-03T10:41:36.372+0000] {logging_mixin.py:188} INFO - [2024-05-03T10:41:36.372+0000] {dag.py:3096} INFO - Sync 1 DAGs
[2024-05-03T10:41:36.383+0000] {logging_mixin.py:188} INFO - [2024-05-03T10:41:36.383+0000] {dag.py:3954} INFO - Setting next_dagrun for example_display_name to None, run_after=None
[2024-05-03T10:41:36.401+0000] {processor.py:183} INFO - Processing /home/airflow/.local/lib/python3.12/site-packages/airflow/example_dags/example_display_name.py took 0.058 seconds
[2024-05-03T10:42:06.888+0000] {processor.py:161} INFO - Started process (PID=567) to work on /home/airflow/.local/lib/python3.12/site-packages/airflow/example_dags/example_display_name.py
[2024-05-03T10:42:06.889+0000] {processor.py:830} INFO - Processing file /home/airflow/.local/lib/python3.12/site-packages/airflow/example_dags/example_display_name.py for tasks to queue
[2024-05-03T10:42:06.891+0000] {logging_mixin.py:188} INFO - [2024-05-03T10:42:06.891+0000] {dagbag.py:540} INFO - Filling up the DagBag from /home/airflow/.local/lib/python3.12/site-packages/airflow/example_dags/example_display_name.py
[2024-05-03T10:42:06.895+0000] {processor.py:840} INFO - DAG(s) 'example_display_name' retrieved from /home/airflow/.local/lib/python3.12/site-packages/airflow/example_dags/example_display_name.py
[2024-05-03T10:42:06.912+0000] {logging_mixin.py:188} INFO - [2024-05-03T10:42:06.911+0000] {dag.py:3096} INFO - Sync 1 DAGs
[2024-05-03T10:42:06.923+0000] {logging_mixin.py:188} INFO - [2024-05-03T10:42:06.922+0000] {dag.py:3954} INFO - Setting next_dagrun for example_display_name to None, run_after=None
[2024-05-03T10:42:06.938+0000] {processor.py:183} INFO - Processing /home/airflow/.local/lib/python3.12/site-packages/airflow/example_dags/example_display_name.py took 0.055 seconds
[2024-05-03T10:42:37.448+0000] {processor.py:161} INFO - Started process (PID=625) to work on /home/airflow/.local/lib/python3.12/site-packages/airflow/example_dags/example_display_name.py
[2024-05-03T10:42:37.449+0000] {processor.py:830} INFO - Processing file /home/airflow/.local/lib/python3.12/site-packages/airflow/example_dags/example_display_name.py for tasks to queue
[2024-05-03T10:42:37.451+0000] {logging_mixin.py:188} INFO - [2024-05-03T10:42:37.450+0000] {dagbag.py:540} INFO - Filling up the DagBag from /home/airflow/.local/lib/python3.12/site-packages/airflow/example_dags/example_display_name.py
[2024-05-03T10:42:37.455+0000] {processor.py:840} INFO - DAG(s) 'example_display_name' retrieved from /home/airflow/.local/lib/python3.12/site-packages/airflow/example_dags/example_display_name.py
[2024-05-03T10:42:37.473+0000] {logging_mixin.py:188} INFO - [2024-05-03T10:42:37.473+0000] {dag.py:3096} INFO - Sync 1 DAGs
[2024-05-03T10:42:37.486+0000] {logging_mixin.py:188} INFO - [2024-05-03T10:42:37.485+0000] {dag.py:3954} INFO - Setting next_dagrun for example_display_name to None, run_after=None
[2024-05-03T10:42:37.503+0000] {processor.py:183} INFO - Processing /home/airflow/.local/lib/python3.12/site-packages/airflow/example_dags/example_display_name.py took 0.061 seconds
[2024-05-03T10:43:07.796+0000] {processor.py:161} INFO - Started process (PID=683) to work on /home/airflow/.local/lib/python3.12/site-packages/airflow/example_dags/example_display_name.py
[2024-05-03T10:43:07.797+0000] {processor.py:830} INFO - Processing file /home/airflow/.local/lib/python3.12/site-packages/airflow/example_dags/example_display_name.py for tasks to queue
[2024-05-03T10:43:07.799+0000] {logging_mixin.py:188} INFO - [2024-05-03T10:43:07.798+0000] {dagbag.py:540} INFO - Filling up the DagBag from /home/airflow/.local/lib/python3.12/site-packages/airflow/example_dags/example_display_name.py
[2024-05-03T10:43:07.804+0000] {processor.py:840} INFO - DAG(s) 'example_display_name' retrieved from /home/airflow/.local/lib/python3.12/site-packages/airflow/example_dags/example_display_name.py
[2024-05-03T10:43:07.819+0000] {logging_mixin.py:188} INFO - [2024-05-03T10:43:07.819+0000] {dag.py:3096} INFO - Sync 1 DAGs
[2024-05-03T10:43:07.830+0000] {logging_mixin.py:188} INFO - [2024-05-03T10:43:07.830+0000] {dag.py:3954} INFO - Setting next_dagrun for example_display_name to None, run_after=None
[2024-05-03T10:43:07.847+0000] {processor.py:183} INFO - Processing /home/airflow/.local/lib/python3.12/site-packages/airflow/example_dags/example_display_name.py took 0.056 seconds
[2024-05-03T10:43:38.410+0000] {processor.py:161} INFO - Started process (PID=741) to work on /home/airflow/.local/lib/python3.12/site-packages/airflow/example_dags/example_display_name.py
[2024-05-03T10:43:38.411+0000] {processor.py:830} INFO - Processing file /home/airflow/.local/lib/python3.12/site-packages/airflow/example_dags/example_display_name.py for tasks to queue
[2024-05-03T10:43:38.413+0000] {logging_mixin.py:188} INFO - [2024-05-03T10:43:38.412+0000] {dagbag.py:540} INFO - Filling up the DagBag from /home/airflow/.local/lib/python3.12/site-packages/airflow/example_dags/example_display_name.py
[2024-05-03T10:43:38.417+0000] {processor.py:840} INFO - DAG(s) 'example_display_name' retrieved from /home/airflow/.local/lib/python3.12/site-packages/airflow/example_dags/example_display_name.py
[2024-05-03T10:43:38.433+0000] {logging_mixin.py:188} INFO - [2024-05-03T10:43:38.433+0000] {dag.py:3096} INFO - Sync 1 DAGs
[2024-05-03T10:43:38.444+0000] {logging_mixin.py:188} INFO - [2024-05-03T10:43:38.443+0000] {dag.py:3954} INFO - Setting next_dagrun for example_display_name to None, run_after=None
[2024-05-03T10:43:38.459+0000] {processor.py:183} INFO - Processing /home/airflow/.local/lib/python3.12/site-packages/airflow/example_dags/example_display_name.py took 0.053 seconds
[2024-05-03T10:44:08.681+0000] {processor.py:161} INFO - Started process (PID=799) to work on /home/airflow/.local/lib/python3.12/site-packages/airflow/example_dags/example_display_name.py
[2024-05-03T10:44:08.682+0000] {processor.py:830} INFO - Processing file /home/airflow/.local/lib/python3.12/site-packages/airflow/example_dags/example_display_name.py for tasks to queue
[2024-05-03T10:44:08.684+0000] {logging_mixin.py:188} INFO - [2024-05-03T10:44:08.684+0000] {dagbag.py:540} INFO - Filling up the DagBag from /home/airflow/.local/lib/python3.12/site-packages/airflow/example_dags/example_display_name.py
[2024-05-03T10:44:08.689+0000] {processor.py:840} INFO - DAG(s) 'example_display_name' retrieved from /home/airflow/.local/lib/python3.12/site-packages/airflow/example_dags/example_display_name.py
[2024-05-03T10:44:08.707+0000] {logging_mixin.py:188} INFO - [2024-05-03T10:44:08.707+0000] {dag.py:3096} INFO - Sync 1 DAGs
[2024-05-03T10:44:08.718+0000] {logging_mixin.py:188} INFO - [2024-05-03T10:44:08.718+0000] {dag.py:3954} INFO - Setting next_dagrun for example_display_name to None, run_after=None
[2024-05-03T10:44:08.735+0000] {processor.py:183} INFO - Processing /home/airflow/.local/lib/python3.12/site-packages/airflow/example_dags/example_display_name.py took 0.058 seconds
[2024-05-03T10:44:39.017+0000] {processor.py:161} INFO - Started process (PID=857) to work on /home/airflow/.local/lib/python3.12/site-packages/airflow/example_dags/example_display_name.py
[2024-05-03T10:44:39.018+0000] {processor.py:830} INFO - Processing file /home/airflow/.local/lib/python3.12/site-packages/airflow/example_dags/example_display_name.py for tasks to queue
[2024-05-03T10:44:39.020+0000] {logging_mixin.py:188} INFO - [2024-05-03T10:44:39.019+0000] {dagbag.py:540} INFO - Filling up the DagBag from /home/airflow/.local/lib/python3.12/site-packages/airflow/example_dags/example_display_name.py
[2024-05-03T10:44:39.024+0000] {processor.py:840} INFO - DAG(s) 'example_display_name' retrieved from /home/airflow/.local/lib/python3.12/site-packages/airflow/example_dags/example_display_name.py
[2024-05-03T10:44:39.038+0000] {logging_mixin.py:188} INFO - [2024-05-03T10:44:39.038+0000] {dag.py:3096} INFO - Sync 1 DAGs
[2024-05-03T10:44:39.048+0000] {logging_mixin.py:188} INFO - [2024-05-03T10:44:39.048+0000] {dag.py:3954} INFO - Setting next_dagrun for example_display_name to None, run_after=None
[2024-05-03T10:44:39.065+0000] {processor.py:183} INFO - Processing /home/airflow/.local/lib/python3.12/site-packages/airflow/example_dags/example_display_name.py took 0.052 seconds
[2024-05-03T10:45:09.442+0000] {processor.py:161} INFO - Started process (PID=915) to work on /home/airflow/.local/lib/python3.12/site-packages/airflow/example_dags/example_display_name.py
[2024-05-03T10:45:09.443+0000] {processor.py:830} INFO - Processing file /home/airflow/.local/lib/python3.12/site-packages/airflow/example_dags/example_display_name.py for tasks to queue
[2024-05-03T10:45:09.445+0000] {logging_mixin.py:188} INFO - [2024-05-03T10:45:09.444+0000] {dagbag.py:540} INFO - Filling up the DagBag from /home/airflow/.local/lib/python3.12/site-packages/airflow/example_dags/example_display_name.py
[2024-05-03T10:45:09.449+0000] {processor.py:840} INFO - DAG(s) 'example_display_name' retrieved from /home/airflow/.local/lib/python3.12/site-packages/airflow/example_dags/example_display_name.py
[2024-05-03T10:45:09.464+0000] {logging_mixin.py:188} INFO - [2024-05-03T10:45:09.464+0000] {dag.py:3096} INFO - Sync 1 DAGs
[2024-05-03T10:45:09.474+0000] {logging_mixin.py:188} INFO - [2024-05-03T10:45:09.473+0000] {dag.py:3954} INFO - Setting next_dagrun for example_display_name to None, run_after=None
[2024-05-03T10:45:09.490+0000] {processor.py:183} INFO - Processing /home/airflow/.local/lib/python3.12/site-packages/airflow/example_dags/example_display_name.py took 0.053 seconds
[2024-05-03T10:45:40.167+0000] {processor.py:161} INFO - Started process (PID=975) to work on /home/airflow/.local/lib/python3.12/site-packages/airflow/example_dags/example_display_name.py
[2024-05-03T10:45:40.168+0000] {processor.py:830} INFO - Processing file /home/airflow/.local/lib/python3.12/site-packages/airflow/example_dags/example_display_name.py for tasks to queue
[2024-05-03T10:45:40.170+0000] {logging_mixin.py:188} INFO - [2024-05-03T10:45:40.169+0000] {dagbag.py:540} INFO - Filling up the DagBag from /home/airflow/.local/lib/python3.12/site-packages/airflow/example_dags/example_display_name.py
[2024-05-03T10:45:40.175+0000] {processor.py:840} INFO - DAG(s) 'example_display_name' retrieved from /home/airflow/.local/lib/python3.12/site-packages/airflow/example_dags/example_display_name.py
[2024-05-03T10:45:40.191+0000] {logging_mixin.py:188} INFO - [2024-05-03T10:45:40.191+0000] {dag.py:3096} INFO - Sync 1 DAGs
[2024-05-03T10:45:40.202+0000] {logging_mixin.py:188} INFO - [2024-05-03T10:45:40.202+0000] {dag.py:3954} INFO - Setting next_dagrun for example_display_name to None, run_after=None
[2024-05-03T10:45:40.218+0000] {processor.py:183} INFO - Processing /home/airflow/.local/lib/python3.12/site-packages/airflow/example_dags/example_display_name.py took 0.056 seconds
[2024-05-03T10:46:10.667+0000] {processor.py:161} INFO - Started process (PID=1033) to work on /home/airflow/.local/lib/python3.12/site-packages/airflow/example_dags/example_display_name.py
[2024-05-03T10:46:10.668+0000] {processor.py:830} INFO - Processing file /home/airflow/.local/lib/python3.12/site-packages/airflow/example_dags/example_display_name.py for tasks to queue
[2024-05-03T10:46:10.670+0000] {logging_mixin.py:188} INFO - [2024-05-03T10:46:10.670+0000] {dagbag.py:540} INFO - Filling up the DagBag from /home/airflow/.local/lib/python3.12/site-packages/airflow/example_dags/example_display_name.py
[2024-05-03T10:46:10.675+0000] {processor.py:840} INFO - DAG(s) 'example_display_name' retrieved from /home/airflow/.local/lib/python3.12/site-packages/airflow/example_dags/example_display_name.py
[2024-05-03T10:46:10.693+0000] {logging_mixin.py:188} INFO - [2024-05-03T10:46:10.692+0000] {dag.py:3096} INFO - Sync 1 DAGs
[2024-05-03T10:46:10.705+0000] {logging_mixin.py:188} INFO - [2024-05-03T10:46:10.705+0000] {dag.py:3954} INFO - Setting next_dagrun for example_display_name to None, run_after=None
[2024-05-03T10:46:10.723+0000] {processor.py:183} INFO - Processing /home/airflow/.local/lib/python3.12/site-packages/airflow/example_dags/example_display_name.py took 0.061 seconds
[2024-05-03T10:46:41.178+0000] {processor.py:161} INFO - Started process (PID=1090) to work on /home/airflow/.local/lib/python3.12/site-packages/airflow/example_dags/example_display_name.py
[2024-05-03T10:46:41.179+0000] {processor.py:830} INFO - Processing file /home/airflow/.local/lib/python3.12/site-packages/airflow/example_dags/example_display_name.py for tasks to queue
[2024-05-03T10:46:41.181+0000] {logging_mixin.py:188} INFO - [2024-05-03T10:46:41.181+0000] {dagbag.py:540} INFO - Filling up the DagBag from /home/airflow/.local/lib/python3.12/site-packages/airflow/example_dags/example_display_name.py
[2024-05-03T10:46:41.186+0000] {processor.py:840} INFO - DAG(s) 'example_display_name' retrieved from /home/airflow/.local/lib/python3.12/site-packages/airflow/example_dags/example_display_name.py
[2024-05-03T10:46:41.202+0000] {logging_mixin.py:188} INFO - [2024-05-03T10:46:41.201+0000] {dag.py:3096} INFO - Sync 1 DAGs
[2024-05-03T10:46:41.213+0000] {logging_mixin.py:188} INFO - [2024-05-03T10:46:41.212+0000] {dag.py:3954} INFO - Setting next_dagrun for example_display_name to None, run_after=None
[2024-05-03T10:46:41.230+0000] {processor.py:183} INFO - Processing /home/airflow/.local/lib/python3.12/site-packages/airflow/example_dags/example_display_name.py took 0.056 seconds
[2024-05-03T10:47:12.333+0000] {processor.py:161} INFO - Started process (PID=1149) to work on /home/airflow/.local/lib/python3.12/site-packages/airflow/example_dags/example_display_name.py
[2024-05-03T10:47:12.334+0000] {processor.py:830} INFO - Processing file /home/airflow/.local/lib/python3.12/site-packages/airflow/example_dags/example_display_name.py for tasks to queue
[2024-05-03T10:47:12.335+0000] {logging_mixin.py:188} INFO - [2024-05-03T10:47:12.335+0000] {dagbag.py:540} INFO - Filling up the DagBag from /home/airflow/.local/lib/python3.12/site-packages/airflow/example_dags/example_display_name.py
[2024-05-03T10:47:12.339+0000] {processor.py:840} INFO - DAG(s) 'example_display_name' retrieved from /home/airflow/.local/lib/python3.12/site-packages/airflow/example_dags/example_display_name.py
[2024-05-03T10:47:12.354+0000] {logging_mixin.py:188} INFO - [2024-05-03T10:47:12.354+0000] {dag.py:3096} INFO - Sync 1 DAGs
[2024-05-03T10:47:12.363+0000] {logging_mixin.py:188} INFO - [2024-05-03T10:47:12.363+0000] {dag.py:3954} INFO - Setting next_dagrun for example_display_name to None, run_after=None
[2024-05-03T10:47:12.379+0000] {processor.py:183} INFO - Processing /home/airflow/.local/lib/python3.12/site-packages/airflow/example_dags/example_display_name.py took 0.050 seconds
[2024-05-03T10:47:42.541+0000] {processor.py:161} INFO - Started process (PID=1207) to work on /home/airflow/.local/lib/python3.12/site-packages/airflow/example_dags/example_display_name.py
[2024-05-03T10:47:42.542+0000] {processor.py:830} INFO - Processing file /home/airflow/.local/lib/python3.12/site-packages/airflow/example_dags/example_display_name.py for tasks to queue
[2024-05-03T10:47:42.543+0000] {logging_mixin.py:188} INFO - [2024-05-03T10:47:42.543+0000] {dagbag.py:540} INFO - Filling up the DagBag from /home/airflow/.local/lib/python3.12/site-packages/airflow/example_dags/example_display_name.py
[2024-05-03T10:47:42.549+0000] {processor.py:840} INFO - DAG(s) 'example_display_name' retrieved from /home/airflow/.local/lib/python3.12/site-packages/airflow/example_dags/example_display_name.py
[2024-05-03T10:47:42.568+0000] {logging_mixin.py:188} INFO - [2024-05-03T10:47:42.567+0000] {dag.py:3096} INFO - Sync 1 DAGs
[2024-05-03T10:47:42.580+0000] {logging_mixin.py:188} INFO - [2024-05-03T10:47:42.579+0000] {dag.py:3954} INFO - Setting next_dagrun for example_display_name to None, run_after=None
[2024-05-03T10:47:42.601+0000] {processor.py:183} INFO - Processing /home/airflow/.local/lib/python3.12/site-packages/airflow/example_dags/example_display_name.py took 0.067 seconds
[2024-05-03T10:48:12.982+0000] {processor.py:161} INFO - Started process (PID=1264) to work on /home/airflow/.local/lib/python3.12/site-packages/airflow/example_dags/example_display_name.py
[2024-05-03T10:48:12.982+0000] {processor.py:830} INFO - Processing file /home/airflow/.local/lib/python3.12/site-packages/airflow/example_dags/example_display_name.py for tasks to queue
[2024-05-03T10:48:12.984+0000] {logging_mixin.py:188} INFO - [2024-05-03T10:48:12.983+0000] {dagbag.py:540} INFO - Filling up the DagBag from /home/airflow/.local/lib/python3.12/site-packages/airflow/example_dags/example_display_name.py
[2024-05-03T10:48:12.988+0000] {processor.py:840} INFO - DAG(s) 'example_display_name' retrieved from /home/airflow/.local/lib/python3.12/site-packages/airflow/example_dags/example_display_name.py
[2024-05-03T10:48:13.003+0000] {logging_mixin.py:188} INFO - [2024-05-03T10:48:13.002+0000] {dag.py:3096} INFO - Sync 1 DAGs
[2024-05-03T10:48:13.013+0000] {logging_mixin.py:188} INFO - [2024-05-03T10:48:13.013+0000] {dag.py:3954} INFO - Setting next_dagrun for example_display_name to None, run_after=None
[2024-05-03T10:48:13.029+0000] {processor.py:183} INFO - Processing /home/airflow/.local/lib/python3.12/site-packages/airflow/example_dags/example_display_name.py took 0.052 seconds
[2024-05-03T10:48:43.321+0000] {processor.py:161} INFO - Started process (PID=1322) to work on /home/airflow/.local/lib/python3.12/site-packages/airflow/example_dags/example_display_name.py
[2024-05-03T10:48:43.322+0000] {processor.py:830} INFO - Processing file /home/airflow/.local/lib/python3.12/site-packages/airflow/example_dags/example_display_name.py for tasks to queue
[2024-05-03T10:48:43.323+0000] {logging_mixin.py:188} INFO - [2024-05-03T10:48:43.323+0000] {dagbag.py:540} INFO - Filling up the DagBag from /home/airflow/.local/lib/python3.12/site-packages/airflow/example_dags/example_display_name.py
[2024-05-03T10:48:43.328+0000] {processor.py:840} INFO - DAG(s) 'example_display_name' retrieved from /home/airflow/.local/lib/python3.12/site-packages/airflow/example_dags/example_display_name.py
[2024-05-03T10:48:43.344+0000] {logging_mixin.py:188} INFO - [2024-05-03T10:48:43.344+0000] {dag.py:3096} INFO - Sync 1 DAGs
[2024-05-03T10:48:43.355+0000] {logging_mixin.py:188} INFO - [2024-05-03T10:48:43.355+0000] {dag.py:3954} INFO - Setting next_dagrun for example_display_name to None, run_after=None
[2024-05-03T10:48:43.370+0000] {processor.py:183} INFO - Processing /home/airflow/.local/lib/python3.12/site-packages/airflow/example_dags/example_display_name.py took 0.055 seconds
[2024-05-03T10:49:13.571+0000] {processor.py:161} INFO - Started process (PID=1380) to work on /home/airflow/.local/lib/python3.12/site-packages/airflow/example_dags/example_display_name.py
[2024-05-03T10:49:13.572+0000] {processor.py:830} INFO - Processing file /home/airflow/.local/lib/python3.12/site-packages/airflow/example_dags/example_display_name.py for tasks to queue
[2024-05-03T10:49:13.574+0000] {logging_mixin.py:188} INFO - [2024-05-03T10:49:13.574+0000] {dagbag.py:540} INFO - Filling up the DagBag from /home/airflow/.local/lib/python3.12/site-packages/airflow/example_dags/example_display_name.py
[2024-05-03T10:49:13.579+0000] {processor.py:840} INFO - DAG(s) 'example_display_name' retrieved from /home/airflow/.local/lib/python3.12/site-packages/airflow/example_dags/example_display_name.py
[2024-05-03T10:49:13.596+0000] {logging_mixin.py:188} INFO - [2024-05-03T10:49:13.595+0000] {dag.py:3096} INFO - Sync 1 DAGs
[2024-05-03T10:49:13.607+0000] {logging_mixin.py:188} INFO - [2024-05-03T10:49:13.606+0000] {dag.py:3954} INFO - Setting next_dagrun for example_display_name to None, run_after=None
[2024-05-03T10:49:13.622+0000] {processor.py:183} INFO - Processing /home/airflow/.local/lib/python3.12/site-packages/airflow/example_dags/example_display_name.py took 0.055 seconds
[2024-05-03T10:49:44.118+0000] {processor.py:161} INFO - Started process (PID=1439) to work on /home/airflow/.local/lib/python3.12/site-packages/airflow/example_dags/example_display_name.py
[2024-05-03T10:49:44.119+0000] {processor.py:830} INFO - Processing file /home/airflow/.local/lib/python3.12/site-packages/airflow/example_dags/example_display_name.py for tasks to queue
[2024-05-03T10:49:44.121+0000] {logging_mixin.py:188} INFO - [2024-05-03T10:49:44.121+0000] {dagbag.py:540} INFO - Filling up the DagBag from /home/airflow/.local/lib/python3.12/site-packages/airflow/example_dags/example_display_name.py
[2024-05-03T10:49:44.125+0000] {processor.py:840} INFO - DAG(s) 'example_display_name' retrieved from /home/airflow/.local/lib/python3.12/site-packages/airflow/example_dags/example_display_name.py
[2024-05-03T10:49:44.143+0000] {logging_mixin.py:188} INFO - [2024-05-03T10:49:44.143+0000] {dag.py:3096} INFO - Sync 1 DAGs
[2024-05-03T10:49:44.155+0000] {logging_mixin.py:188} INFO - [2024-05-03T10:49:44.155+0000] {dag.py:3954} INFO - Setting next_dagrun for example_display_name to None, run_after=None
[2024-05-03T10:49:44.173+0000] {processor.py:183} INFO - Processing /home/airflow/.local/lib/python3.12/site-packages/airflow/example_dags/example_display_name.py took 0.060 seconds
[2024-05-03T10:50:14.319+0000] {processor.py:161} INFO - Started process (PID=1497) to work on /home/airflow/.local/lib/python3.12/site-packages/airflow/example_dags/example_display_name.py
[2024-05-03T10:50:14.320+0000] {processor.py:830} INFO - Processing file /home/airflow/.local/lib/python3.12/site-packages/airflow/example_dags/example_display_name.py for tasks to queue
[2024-05-03T10:50:14.322+0000] {logging_mixin.py:188} INFO - [2024-05-03T10:50:14.321+0000] {dagbag.py:540} INFO - Filling up the DagBag from /home/airflow/.local/lib/python3.12/site-packages/airflow/example_dags/example_display_name.py
[2024-05-03T10:50:14.326+0000] {processor.py:840} INFO - DAG(s) 'example_display_name' retrieved from /home/airflow/.local/lib/python3.12/site-packages/airflow/example_dags/example_display_name.py
[2024-05-03T10:50:14.341+0000] {logging_mixin.py:188} INFO - [2024-05-03T10:50:14.341+0000] {dag.py:3096} INFO - Sync 1 DAGs
[2024-05-03T10:50:14.352+0000] {logging_mixin.py:188} INFO - [2024-05-03T10:50:14.352+0000] {dag.py:3954} INFO - Setting next_dagrun for example_display_name to None, run_after=None
[2024-05-03T10:50:14.367+0000] {processor.py:183} INFO - Processing /home/airflow/.local/lib/python3.12/site-packages/airflow/example_dags/example_display_name.py took 0.052 seconds
[2024-05-03T10:50:44.523+0000] {processor.py:161} INFO - Started process (PID=1555) to work on /home/airflow/.local/lib/python3.12/site-packages/airflow/example_dags/example_display_name.py
[2024-05-03T10:50:44.524+0000] {processor.py:830} INFO - Processing file /home/airflow/.local/lib/python3.12/site-packages/airflow/example_dags/example_display_name.py for tasks to queue
[2024-05-03T10:50:44.525+0000] {logging_mixin.py:188} INFO - [2024-05-03T10:50:44.525+0000] {dagbag.py:540} INFO - Filling up the DagBag from /home/airflow/.local/lib/python3.12/site-packages/airflow/example_dags/example_display_name.py
[2024-05-03T10:50:44.530+0000] {processor.py:840} INFO - DAG(s) 'example_display_name' retrieved from /home/airflow/.local/lib/python3.12/site-packages/airflow/example_dags/example_display_name.py
[2024-05-03T10:50:44.545+0000] {logging_mixin.py:188} INFO - [2024-05-03T10:50:44.545+0000] {dag.py:3096} INFO - Sync 1 DAGs
[2024-05-03T10:50:44.555+0000] {logging_mixin.py:188} INFO - [2024-05-03T10:50:44.555+0000] {dag.py:3954} INFO - Setting next_dagrun for example_display_name to None, run_after=None
[2024-05-03T10:50:44.572+0000] {processor.py:183} INFO - Processing /home/airflow/.local/lib/python3.12/site-packages/airflow/example_dags/example_display_name.py took 0.054 seconds
[2024-05-03T10:51:14.727+0000] {processor.py:161} INFO - Started process (PID=1613) to work on /home/airflow/.local/lib/python3.12/site-packages/airflow/example_dags/example_display_name.py
[2024-05-03T10:51:14.728+0000] {processor.py:830} INFO - Processing file /home/airflow/.local/lib/python3.12/site-packages/airflow/example_dags/example_display_name.py for tasks to queue
[2024-05-03T10:51:14.730+0000] {logging_mixin.py:188} INFO - [2024-05-03T10:51:14.729+0000] {dagbag.py:540} INFO - Filling up the DagBag from /home/airflow/.local/lib/python3.12/site-packages/airflow/example_dags/example_display_name.py
[2024-05-03T10:51:14.734+0000] {processor.py:840} INFO - DAG(s) 'example_display_name' retrieved from /home/airflow/.local/lib/python3.12/site-packages/airflow/example_dags/example_display_name.py
[2024-05-03T10:51:14.749+0000] {logging_mixin.py:188} INFO - [2024-05-03T10:51:14.749+0000] {dag.py:3096} INFO - Sync 1 DAGs
[2024-05-03T10:51:14.760+0000] {logging_mixin.py:188} INFO - [2024-05-03T10:51:14.760+0000] {dag.py:3954} INFO - Setting next_dagrun for example_display_name to None, run_after=None
[2024-05-03T10:51:14.777+0000] {processor.py:183} INFO - Processing /home/airflow/.local/lib/python3.12/site-packages/airflow/example_dags/example_display_name.py took 0.054 seconds
[2024-05-03T10:51:44.963+0000] {processor.py:161} INFO - Started process (PID=1671) to work on /home/airflow/.local/lib/python3.12/site-packages/airflow/example_dags/example_display_name.py
[2024-05-03T10:51:44.964+0000] {processor.py:830} INFO - Processing file /home/airflow/.local/lib/python3.12/site-packages/airflow/example_dags/example_display_name.py for tasks to queue
[2024-05-03T10:51:44.965+0000] {logging_mixin.py:188} INFO - [2024-05-03T10:51:44.965+0000] {dagbag.py:540} INFO - Filling up the DagBag from /home/airflow/.local/lib/python3.12/site-packages/airflow/example_dags/example_display_name.py
[2024-05-03T10:51:44.970+0000] {processor.py:840} INFO - DAG(s) 'example_display_name' retrieved from /home/airflow/.local/lib/python3.12/site-packages/airflow/example_dags/example_display_name.py
[2024-05-03T10:51:44.985+0000] {logging_mixin.py:188} INFO - [2024-05-03T10:51:44.985+0000] {dag.py:3096} INFO - Sync 1 DAGs
[2024-05-03T10:51:44.996+0000] {logging_mixin.py:188} INFO - [2024-05-03T10:51:44.996+0000] {dag.py:3954} INFO - Setting next_dagrun for example_display_name to None, run_after=None
[2024-05-03T10:51:45.013+0000] {processor.py:183} INFO - Processing /home/airflow/.local/lib/python3.12/site-packages/airflow/example_dags/example_display_name.py took 0.055 seconds
[2024-05-03T10:52:15.212+0000] {processor.py:161} INFO - Started process (PID=1735) to work on /home/airflow/.local/lib/python3.12/site-packages/airflow/example_dags/example_display_name.py
[2024-05-03T10:52:15.213+0000] {processor.py:830} INFO - Processing file /home/airflow/.local/lib/python3.12/site-packages/airflow/example_dags/example_display_name.py for tasks to queue
[2024-05-03T10:52:15.215+0000] {logging_mixin.py:188} INFO - [2024-05-03T10:52:15.214+0000] {dagbag.py:540} INFO - Filling up the DagBag from /home/airflow/.local/lib/python3.12/site-packages/airflow/example_dags/example_display_name.py
[2024-05-03T10:52:15.220+0000] {processor.py:840} INFO - DAG(s) 'example_display_name' retrieved from /home/airflow/.local/lib/python3.12/site-packages/airflow/example_dags/example_display_name.py
[2024-05-03T10:52:15.236+0000] {logging_mixin.py:188} INFO - [2024-05-03T10:52:15.236+0000] {dag.py:3096} INFO - Sync 1 DAGs
[2024-05-03T10:52:15.249+0000] {logging_mixin.py:188} INFO - [2024-05-03T10:52:15.249+0000] {dag.py:3954} INFO - Setting next_dagrun for example_display_name to None, run_after=None
[2024-05-03T10:52:15.268+0000] {processor.py:183} INFO - Processing /home/airflow/.local/lib/python3.12/site-packages/airflow/example_dags/example_display_name.py took 0.061 seconds
[2024-05-03T10:52:45.656+0000] {processor.py:161} INFO - Started process (PID=1793) to work on /home/airflow/.local/lib/python3.12/site-packages/airflow/example_dags/example_display_name.py
[2024-05-03T10:52:45.657+0000] {processor.py:830} INFO - Processing file /home/airflow/.local/lib/python3.12/site-packages/airflow/example_dags/example_display_name.py for tasks to queue
[2024-05-03T10:52:45.659+0000] {logging_mixin.py:188} INFO - [2024-05-03T10:52:45.658+0000] {dagbag.py:540} INFO - Filling up the DagBag from /home/airflow/.local/lib/python3.12/site-packages/airflow/example_dags/example_display_name.py
[2024-05-03T10:52:45.663+0000] {processor.py:840} INFO - DAG(s) 'example_display_name' retrieved from /home/airflow/.local/lib/python3.12/site-packages/airflow/example_dags/example_display_name.py
[2024-05-03T10:52:45.679+0000] {logging_mixin.py:188} INFO - [2024-05-03T10:52:45.679+0000] {dag.py:3096} INFO - Sync 1 DAGs
[2024-05-03T10:52:45.690+0000] {logging_mixin.py:188} INFO - [2024-05-03T10:52:45.689+0000] {dag.py:3954} INFO - Setting next_dagrun for example_display_name to None, run_after=None
[2024-05-03T10:52:45.705+0000] {processor.py:183} INFO - Processing /home/airflow/.local/lib/python3.12/site-packages/airflow/example_dags/example_display_name.py took 0.054 seconds
[2024-05-03T10:53:15.820+0000] {processor.py:161} INFO - Started process (PID=1852) to work on /home/airflow/.local/lib/python3.12/site-packages/airflow/example_dags/example_display_name.py
[2024-05-03T10:53:15.821+0000] {processor.py:830} INFO - Processing file /home/airflow/.local/lib/python3.12/site-packages/airflow/example_dags/example_display_name.py for tasks to queue
[2024-05-03T10:53:15.823+0000] {logging_mixin.py:188} INFO - [2024-05-03T10:53:15.822+0000] {dagbag.py:540} INFO - Filling up the DagBag from /home/airflow/.local/lib/python3.12/site-packages/airflow/example_dags/example_display_name.py
[2024-05-03T10:53:15.828+0000] {processor.py:840} INFO - DAG(s) 'example_display_name' retrieved from /home/airflow/.local/lib/python3.12/site-packages/airflow/example_dags/example_display_name.py
[2024-05-03T10:53:15.843+0000] {logging_mixin.py:188} INFO - [2024-05-03T10:53:15.843+0000] {dag.py:3096} INFO - Sync 1 DAGs
[2024-05-03T10:53:15.854+0000] {logging_mixin.py:188} INFO - [2024-05-03T10:53:15.854+0000] {dag.py:3954} INFO - Setting next_dagrun for example_display_name to None, run_after=None
[2024-05-03T10:53:15.869+0000] {processor.py:183} INFO - Processing /home/airflow/.local/lib/python3.12/site-packages/airflow/example_dags/example_display_name.py took 0.053 seconds
[2024-05-03T10:53:46.067+0000] {processor.py:161} INFO - Started process (PID=1910) to work on /home/airflow/.local/lib/python3.12/site-packages/airflow/example_dags/example_display_name.py
[2024-05-03T10:53:46.068+0000] {processor.py:830} INFO - Processing file /home/airflow/.local/lib/python3.12/site-packages/airflow/example_dags/example_display_name.py for tasks to queue
[2024-05-03T10:53:46.070+0000] {logging_mixin.py:188} INFO - [2024-05-03T10:53:46.070+0000] {dagbag.py:540} INFO - Filling up the DagBag from /home/airflow/.local/lib/python3.12/site-packages/airflow/example_dags/example_display_name.py
[2024-05-03T10:53:46.075+0000] {processor.py:840} INFO - DAG(s) 'example_display_name' retrieved from /home/airflow/.local/lib/python3.12/site-packages/airflow/example_dags/example_display_name.py
[2024-05-03T10:53:46.094+0000] {logging_mixin.py:188} INFO - [2024-05-03T10:53:46.094+0000] {dag.py:3096} INFO - Sync 1 DAGs
[2024-05-03T10:53:46.109+0000] {logging_mixin.py:188} INFO - [2024-05-03T10:53:46.108+0000] {dag.py:3954} INFO - Setting next_dagrun for example_display_name to None, run_after=None
[2024-05-03T10:53:46.131+0000] {processor.py:183} INFO - Processing /home/airflow/.local/lib/python3.12/site-packages/airflow/example_dags/example_display_name.py took 0.070 seconds
[2024-05-03T10:54:16.630+0000] {processor.py:161} INFO - Started process (PID=1968) to work on /home/airflow/.local/lib/python3.12/site-packages/airflow/example_dags/example_display_name.py
[2024-05-03T10:54:16.631+0000] {processor.py:830} INFO - Processing file /home/airflow/.local/lib/python3.12/site-packages/airflow/example_dags/example_display_name.py for tasks to queue
[2024-05-03T10:54:16.634+0000] {logging_mixin.py:188} INFO - [2024-05-03T10:54:16.633+0000] {dagbag.py:540} INFO - Filling up the DagBag from /home/airflow/.local/lib/python3.12/site-packages/airflow/example_dags/example_display_name.py
[2024-05-03T10:54:16.640+0000] {processor.py:840} INFO - DAG(s) 'example_display_name' retrieved from /home/airflow/.local/lib/python3.12/site-packages/airflow/example_dags/example_display_name.py
[2024-05-03T10:54:16.659+0000] {logging_mixin.py:188} INFO - [2024-05-03T10:54:16.659+0000] {dag.py:3096} INFO - Sync 1 DAGs
[2024-05-03T10:54:16.669+0000] {logging_mixin.py:188} INFO - [2024-05-03T10:54:16.669+0000] {dag.py:3954} INFO - Setting next_dagrun for example_display_name to None, run_after=None
[2024-05-03T10:54:16.685+0000] {processor.py:183} INFO - Processing /home/airflow/.local/lib/python3.12/site-packages/airflow/example_dags/example_display_name.py took 0.061 seconds
[2024-05-03T10:54:46.929+0000] {processor.py:161} INFO - Started process (PID=2026) to work on /home/airflow/.local/lib/python3.12/site-packages/airflow/example_dags/example_display_name.py
[2024-05-03T10:54:46.930+0000] {processor.py:830} INFO - Processing file /home/airflow/.local/lib/python3.12/site-packages/airflow/example_dags/example_display_name.py for tasks to queue
[2024-05-03T10:54:46.932+0000] {logging_mixin.py:188} INFO - [2024-05-03T10:54:46.931+0000] {dagbag.py:540} INFO - Filling up the DagBag from /home/airflow/.local/lib/python3.12/site-packages/airflow/example_dags/example_display_name.py
[2024-05-03T10:54:46.937+0000] {processor.py:840} INFO - DAG(s) 'example_display_name' retrieved from /home/airflow/.local/lib/python3.12/site-packages/airflow/example_dags/example_display_name.py
[2024-05-03T10:54:46.953+0000] {logging_mixin.py:188} INFO - [2024-05-03T10:54:46.953+0000] {dag.py:3096} INFO - Sync 1 DAGs
[2024-05-03T10:54:46.965+0000] {logging_mixin.py:188} INFO - [2024-05-03T10:54:46.964+0000] {dag.py:3954} INFO - Setting next_dagrun for example_display_name to None, run_after=None
[2024-05-03T10:54:46.981+0000] {processor.py:183} INFO - Processing /home/airflow/.local/lib/python3.12/site-packages/airflow/example_dags/example_display_name.py took 0.057 seconds
[2024-05-03T10:55:17.107+0000] {processor.py:161} INFO - Started process (PID=2084) to work on /home/airflow/.local/lib/python3.12/site-packages/airflow/example_dags/example_display_name.py
[2024-05-03T10:55:17.108+0000] {processor.py:830} INFO - Processing file /home/airflow/.local/lib/python3.12/site-packages/airflow/example_dags/example_display_name.py for tasks to queue
[2024-05-03T10:55:17.110+0000] {logging_mixin.py:188} INFO - [2024-05-03T10:55:17.110+0000] {dagbag.py:540} INFO - Filling up the DagBag from /home/airflow/.local/lib/python3.12/site-packages/airflow/example_dags/example_display_name.py
[2024-05-03T10:55:17.114+0000] {processor.py:840} INFO - DAG(s) 'example_display_name' retrieved from /home/airflow/.local/lib/python3.12/site-packages/airflow/example_dags/example_display_name.py
[2024-05-03T10:55:17.131+0000] {logging_mixin.py:188} INFO - [2024-05-03T10:55:17.130+0000] {dag.py:3096} INFO - Sync 1 DAGs
[2024-05-03T10:55:17.141+0000] {logging_mixin.py:188} INFO - [2024-05-03T10:55:17.141+0000] {dag.py:3954} INFO - Setting next_dagrun for example_display_name to None, run_after=None
[2024-05-03T10:55:17.157+0000] {processor.py:183} INFO - Processing /home/airflow/.local/lib/python3.12/site-packages/airflow/example_dags/example_display_name.py took 0.055 seconds
[2024-05-03T10:55:47.210+0000] {processor.py:161} INFO - Started process (PID=2142) to work on /home/airflow/.local/lib/python3.12/site-packages/airflow/example_dags/example_display_name.py
[2024-05-03T10:55:47.211+0000] {processor.py:830} INFO - Processing file /home/airflow/.local/lib/python3.12/site-packages/airflow/example_dags/example_display_name.py for tasks to queue
[2024-05-03T10:55:47.213+0000] {logging_mixin.py:188} INFO - [2024-05-03T10:55:47.212+0000] {dagbag.py:540} INFO - Filling up the DagBag from /home/airflow/.local/lib/python3.12/site-packages/airflow/example_dags/example_display_name.py
[2024-05-03T10:55:47.218+0000] {processor.py:840} INFO - DAG(s) 'example_display_name' retrieved from /home/airflow/.local/lib/python3.12/site-packages/airflow/example_dags/example_display_name.py
[2024-05-03T10:55:47.236+0000] {logging_mixin.py:188} INFO - [2024-05-03T10:55:47.236+0000] {dag.py:3096} INFO - Sync 1 DAGs
[2024-05-03T10:55:47.248+0000] {logging_mixin.py:188} INFO - [2024-05-03T10:55:47.248+0000] {dag.py:3954} INFO - Setting next_dagrun for example_display_name to None, run_after=None
[2024-05-03T10:55:47.268+0000] {processor.py:183} INFO - Processing /home/airflow/.local/lib/python3.12/site-packages/airflow/example_dags/example_display_name.py took 0.064 seconds
[2024-05-03T10:56:17.477+0000] {processor.py:161} INFO - Started process (PID=2200) to work on /home/airflow/.local/lib/python3.12/site-packages/airflow/example_dags/example_display_name.py
[2024-05-03T10:56:17.478+0000] {processor.py:830} INFO - Processing file /home/airflow/.local/lib/python3.12/site-packages/airflow/example_dags/example_display_name.py for tasks to queue
[2024-05-03T10:56:17.480+0000] {logging_mixin.py:188} INFO - [2024-05-03T10:56:17.479+0000] {dagbag.py:540} INFO - Filling up the DagBag from /home/airflow/.local/lib/python3.12/site-packages/airflow/example_dags/example_display_name.py
[2024-05-03T10:56:17.485+0000] {processor.py:840} INFO - DAG(s) 'example_display_name' retrieved from /home/airflow/.local/lib/python3.12/site-packages/airflow/example_dags/example_display_name.py
[2024-05-03T10:56:17.501+0000] {logging_mixin.py:188} INFO - [2024-05-03T10:56:17.501+0000] {dag.py:3096} INFO - Sync 1 DAGs
[2024-05-03T10:56:17.512+0000] {logging_mixin.py:188} INFO - [2024-05-03T10:56:17.512+0000] {dag.py:3954} INFO - Setting next_dagrun for example_display_name to None, run_after=None
[2024-05-03T10:56:17.530+0000] {processor.py:183} INFO - Processing /home/airflow/.local/lib/python3.12/site-packages/airflow/example_dags/example_display_name.py took 0.058 seconds
[2024-05-03T10:56:47.707+0000] {processor.py:161} INFO - Started process (PID=2258) to work on /home/airflow/.local/lib/python3.12/site-packages/airflow/example_dags/example_display_name.py
[2024-05-03T10:56:47.708+0000] {processor.py:830} INFO - Processing file /home/airflow/.local/lib/python3.12/site-packages/airflow/example_dags/example_display_name.py for tasks to queue
[2024-05-03T10:56:47.709+0000] {logging_mixin.py:188} INFO - [2024-05-03T10:56:47.709+0000] {dagbag.py:540} INFO - Filling up the DagBag from /home/airflow/.local/lib/python3.12/site-packages/airflow/example_dags/example_display_name.py
[2024-05-03T10:56:47.714+0000] {processor.py:840} INFO - DAG(s) 'example_display_name' retrieved from /home/airflow/.local/lib/python3.12/site-packages/airflow/example_dags/example_display_name.py
[2024-05-03T10:56:47.728+0000] {logging_mixin.py:188} INFO - [2024-05-03T10:56:47.728+0000] {dag.py:3096} INFO - Sync 1 DAGs
[2024-05-03T10:56:47.738+0000] {logging_mixin.py:188} INFO - [2024-05-03T10:56:47.738+0000] {dag.py:3954} INFO - Setting next_dagrun for example_display_name to None, run_after=None
[2024-05-03T10:56:47.753+0000] {processor.py:183} INFO - Processing /home/airflow/.local/lib/python3.12/site-packages/airflow/example_dags/example_display_name.py took 0.051 seconds
[2024-05-03T10:57:17.857+0000] {processor.py:161} INFO - Started process (PID=2315) to work on /home/airflow/.local/lib/python3.12/site-packages/airflow/example_dags/example_display_name.py
[2024-05-03T10:57:17.857+0000] {processor.py:830} INFO - Processing file /home/airflow/.local/lib/python3.12/site-packages/airflow/example_dags/example_display_name.py for tasks to queue
[2024-05-03T10:57:17.859+0000] {logging_mixin.py:188} INFO - [2024-05-03T10:57:17.859+0000] {dagbag.py:540} INFO - Filling up the DagBag from /home/airflow/.local/lib/python3.12/site-packages/airflow/example_dags/example_display_name.py
[2024-05-03T10:57:17.864+0000] {processor.py:840} INFO - DAG(s) 'example_display_name' retrieved from /home/airflow/.local/lib/python3.12/site-packages/airflow/example_dags/example_display_name.py
[2024-05-03T10:57:17.879+0000] {logging_mixin.py:188} INFO - [2024-05-03T10:57:17.879+0000] {dag.py:3096} INFO - Sync 1 DAGs
[2024-05-03T10:57:17.889+0000] {logging_mixin.py:188} INFO - [2024-05-03T10:57:17.888+0000] {dag.py:3954} INFO - Setting next_dagrun for example_display_name to None, run_after=None
[2024-05-03T10:57:17.908+0000] {processor.py:183} INFO - Processing /home/airflow/.local/lib/python3.12/site-packages/airflow/example_dags/example_display_name.py took 0.056 seconds
[2024-05-03T10:57:48.011+0000] {processor.py:161} INFO - Started process (PID=2373) to work on /home/airflow/.local/lib/python3.12/site-packages/airflow/example_dags/example_display_name.py
[2024-05-03T10:57:48.012+0000] {processor.py:830} INFO - Processing file /home/airflow/.local/lib/python3.12/site-packages/airflow/example_dags/example_display_name.py for tasks to queue
[2024-05-03T10:57:48.014+0000] {logging_mixin.py:188} INFO - [2024-05-03T10:57:48.013+0000] {dagbag.py:540} INFO - Filling up the DagBag from /home/airflow/.local/lib/python3.12/site-packages/airflow/example_dags/example_display_name.py
[2024-05-03T10:57:48.018+0000] {processor.py:840} INFO - DAG(s) 'example_display_name' retrieved from /home/airflow/.local/lib/python3.12/site-packages/airflow/example_dags/example_display_name.py
[2024-05-03T10:57:48.033+0000] {logging_mixin.py:188} INFO - [2024-05-03T10:57:48.033+0000] {dag.py:3096} INFO - Sync 1 DAGs
[2024-05-03T10:57:48.043+0000] {logging_mixin.py:188} INFO - [2024-05-03T10:57:48.043+0000] {dag.py:3954} INFO - Setting next_dagrun for example_display_name to None, run_after=None
[2024-05-03T10:57:48.059+0000] {processor.py:183} INFO - Processing /home/airflow/.local/lib/python3.12/site-packages/airflow/example_dags/example_display_name.py took 0.053 seconds
[2024-05-03T10:58:18.248+0000] {processor.py:161} INFO - Started process (PID=2432) to work on /home/airflow/.local/lib/python3.12/site-packages/airflow/example_dags/example_display_name.py
[2024-05-03T10:58:18.249+0000] {processor.py:830} INFO - Processing file /home/airflow/.local/lib/python3.12/site-packages/airflow/example_dags/example_display_name.py for tasks to queue
[2024-05-03T10:58:18.251+0000] {logging_mixin.py:188} INFO - [2024-05-03T10:58:18.250+0000] {dagbag.py:540} INFO - Filling up the DagBag from /home/airflow/.local/lib/python3.12/site-packages/airflow/example_dags/example_display_name.py
[2024-05-03T10:58:18.255+0000] {processor.py:840} INFO - DAG(s) 'example_display_name' retrieved from /home/airflow/.local/lib/python3.12/site-packages/airflow/example_dags/example_display_name.py
[2024-05-03T10:58:18.271+0000] {logging_mixin.py:188} INFO - [2024-05-03T10:58:18.271+0000] {dag.py:3096} INFO - Sync 1 DAGs
[2024-05-03T10:58:18.283+0000] {logging_mixin.py:188} INFO - [2024-05-03T10:58:18.282+0000] {dag.py:3954} INFO - Setting next_dagrun for example_display_name to None, run_after=None
[2024-05-03T10:58:18.301+0000] {processor.py:183} INFO - Processing /home/airflow/.local/lib/python3.12/site-packages/airflow/example_dags/example_display_name.py took 0.059 seconds
