[2024-05-03T10:37:34.633+0000] {processor.py:161} INFO - Started process (PID=65) to work on /home/airflow/.local/lib/python3.12/site-packages/airflow/example_dags/example_short_circuit_operator.py
[2024-05-03T10:37:34.635+0000] {processor.py:830} INFO - Processing file /home/airflow/.local/lib/python3.12/site-packages/airflow/example_dags/example_short_circuit_operator.py for tasks to queue
[2024-05-03T10:37:34.637+0000] {logging_mixin.py:188} INFO - [2024-05-03T10:37:34.637+0000] {dagbag.py:540} INFO - Filling up the DagBag from /home/airflow/.local/lib/python3.12/site-packages/airflow/example_dags/example_short_circuit_operator.py
[2024-05-03T10:37:34.644+0000] {processor.py:840} INFO - DAG(s) 'example_short_circuit_operator' retrieved from /home/airflow/.local/lib/python3.12/site-packages/airflow/example_dags/example_short_circuit_operator.py
[2024-05-03T10:37:34.738+0000] {logging_mixin.py:188} INFO - [2024-05-03T10:37:34.738+0000] {dag.py:3096} INFO - Sync 1 DAGs
[2024-05-03T10:37:34.755+0000] {logging_mixin.py:188} INFO - [2024-05-03T10:37:34.755+0000] {dag.py:3954} INFO - Setting next_dagrun for example_short_circuit_operator to 2024-05-02 00:00:00+00:00, run_after=2024-05-03 00:00:00+00:00
[2024-05-03T10:37:34.781+0000] {processor.py:183} INFO - Processing /home/airflow/.local/lib/python3.12/site-packages/airflow/example_dags/example_short_circuit_operator.py took 0.154 seconds
[2024-05-03T10:38:05.563+0000] {processor.py:161} INFO - Started process (PID=123) to work on /home/airflow/.local/lib/python3.12/site-packages/airflow/example_dags/example_short_circuit_operator.py
[2024-05-03T10:38:05.564+0000] {processor.py:830} INFO - Processing file /home/airflow/.local/lib/python3.12/site-packages/airflow/example_dags/example_short_circuit_operator.py for tasks to queue
[2024-05-03T10:38:05.565+0000] {logging_mixin.py:188} INFO - [2024-05-03T10:38:05.565+0000] {dagbag.py:540} INFO - Filling up the DagBag from /home/airflow/.local/lib/python3.12/site-packages/airflow/example_dags/example_short_circuit_operator.py
[2024-05-03T10:38:05.572+0000] {processor.py:840} INFO - DAG(s) 'example_short_circuit_operator' retrieved from /home/airflow/.local/lib/python3.12/site-packages/airflow/example_dags/example_short_circuit_operator.py
[2024-05-03T10:38:05.594+0000] {logging_mixin.py:188} INFO - [2024-05-03T10:38:05.593+0000] {dag.py:3096} INFO - Sync 1 DAGs
[2024-05-03T10:38:05.625+0000] {logging_mixin.py:188} INFO - [2024-05-03T10:38:05.624+0000] {dag.py:3954} INFO - Setting next_dagrun for example_short_circuit_operator to 2024-05-02 00:00:00+00:00, run_after=2024-05-03 00:00:00+00:00
[2024-05-03T10:38:05.648+0000] {processor.py:183} INFO - Processing /home/airflow/.local/lib/python3.12/site-packages/airflow/example_dags/example_short_circuit_operator.py took 0.089 seconds
[2024-05-03T10:38:35.810+0000] {processor.py:161} INFO - Started process (PID=181) to work on /home/airflow/.local/lib/python3.12/site-packages/airflow/example_dags/example_short_circuit_operator.py
[2024-05-03T10:38:35.811+0000] {processor.py:830} INFO - Processing file /home/airflow/.local/lib/python3.12/site-packages/airflow/example_dags/example_short_circuit_operator.py for tasks to queue
[2024-05-03T10:38:35.814+0000] {logging_mixin.py:188} INFO - [2024-05-03T10:38:35.813+0000] {dagbag.py:540} INFO - Filling up the DagBag from /home/airflow/.local/lib/python3.12/site-packages/airflow/example_dags/example_short_circuit_operator.py
[2024-05-03T10:38:35.821+0000] {processor.py:840} INFO - DAG(s) 'example_short_circuit_operator' retrieved from /home/airflow/.local/lib/python3.12/site-packages/airflow/example_dags/example_short_circuit_operator.py
[2024-05-03T10:38:35.845+0000] {logging_mixin.py:188} INFO - [2024-05-03T10:38:35.845+0000] {dag.py:3096} INFO - Sync 1 DAGs
[2024-05-03T10:38:35.871+0000] {logging_mixin.py:188} INFO - [2024-05-03T10:38:35.871+0000] {dag.py:3954} INFO - Setting next_dagrun for example_short_circuit_operator to 2024-05-02 00:00:00+00:00, run_after=2024-05-03 00:00:00+00:00
[2024-05-03T10:38:35.892+0000] {processor.py:183} INFO - Processing /home/airflow/.local/lib/python3.12/site-packages/airflow/example_dags/example_short_circuit_operator.py took 0.088 seconds
[2024-05-03T10:39:06.714+0000] {processor.py:161} INFO - Started process (PID=239) to work on /home/airflow/.local/lib/python3.12/site-packages/airflow/example_dags/example_short_circuit_operator.py
[2024-05-03T10:39:06.715+0000] {processor.py:830} INFO - Processing file /home/airflow/.local/lib/python3.12/site-packages/airflow/example_dags/example_short_circuit_operator.py for tasks to queue
[2024-05-03T10:39:06.717+0000] {logging_mixin.py:188} INFO - [2024-05-03T10:39:06.717+0000] {dagbag.py:540} INFO - Filling up the DagBag from /home/airflow/.local/lib/python3.12/site-packages/airflow/example_dags/example_short_circuit_operator.py
[2024-05-03T10:39:06.723+0000] {processor.py:840} INFO - DAG(s) 'example_short_circuit_operator' retrieved from /home/airflow/.local/lib/python3.12/site-packages/airflow/example_dags/example_short_circuit_operator.py
[2024-05-03T10:39:06.742+0000] {logging_mixin.py:188} INFO - [2024-05-03T10:39:06.742+0000] {dag.py:3096} INFO - Sync 1 DAGs
[2024-05-03T10:39:06.761+0000] {logging_mixin.py:188} INFO - [2024-05-03T10:39:06.761+0000] {dag.py:3954} INFO - Setting next_dagrun for example_short_circuit_operator to 2024-05-02 00:00:00+00:00, run_after=2024-05-03 00:00:00+00:00
[2024-05-03T10:39:06.777+0000] {processor.py:183} INFO - Processing /home/airflow/.local/lib/python3.12/site-packages/airflow/example_dags/example_short_circuit_operator.py took 0.068 seconds
[2024-05-03T10:39:37.304+0000] {processor.py:161} INFO - Started process (PID=297) to work on /home/airflow/.local/lib/python3.12/site-packages/airflow/example_dags/example_short_circuit_operator.py
[2024-05-03T10:39:37.305+0000] {processor.py:830} INFO - Processing file /home/airflow/.local/lib/python3.12/site-packages/airflow/example_dags/example_short_circuit_operator.py for tasks to queue
[2024-05-03T10:39:37.306+0000] {logging_mixin.py:188} INFO - [2024-05-03T10:39:37.306+0000] {dagbag.py:540} INFO - Filling up the DagBag from /home/airflow/.local/lib/python3.12/site-packages/airflow/example_dags/example_short_circuit_operator.py
[2024-05-03T10:39:37.313+0000] {processor.py:840} INFO - DAG(s) 'example_short_circuit_operator' retrieved from /home/airflow/.local/lib/python3.12/site-packages/airflow/example_dags/example_short_circuit_operator.py
[2024-05-03T10:39:37.337+0000] {logging_mixin.py:188} INFO - [2024-05-03T10:39:37.336+0000] {dag.py:3096} INFO - Sync 1 DAGs
[2024-05-03T10:39:37.354+0000] {logging_mixin.py:188} INFO - [2024-05-03T10:39:37.354+0000] {dag.py:3954} INFO - Setting next_dagrun for example_short_circuit_operator to 2024-05-02 00:00:00+00:00, run_after=2024-05-03 00:00:00+00:00
[2024-05-03T10:39:37.371+0000] {processor.py:183} INFO - Processing /home/airflow/.local/lib/python3.12/site-packages/airflow/example_dags/example_short_circuit_operator.py took 0.073 seconds
[2024-05-03T10:40:07.792+0000] {processor.py:161} INFO - Started process (PID=355) to work on /home/airflow/.local/lib/python3.12/site-packages/airflow/example_dags/example_short_circuit_operator.py
[2024-05-03T10:40:07.793+0000] {processor.py:830} INFO - Processing file /home/airflow/.local/lib/python3.12/site-packages/airflow/example_dags/example_short_circuit_operator.py for tasks to queue
[2024-05-03T10:40:07.795+0000] {logging_mixin.py:188} INFO - [2024-05-03T10:40:07.795+0000] {dagbag.py:540} INFO - Filling up the DagBag from /home/airflow/.local/lib/python3.12/site-packages/airflow/example_dags/example_short_circuit_operator.py
[2024-05-03T10:40:07.801+0000] {processor.py:840} INFO - DAG(s) 'example_short_circuit_operator' retrieved from /home/airflow/.local/lib/python3.12/site-packages/airflow/example_dags/example_short_circuit_operator.py
[2024-05-03T10:40:07.820+0000] {logging_mixin.py:188} INFO - [2024-05-03T10:40:07.820+0000] {dag.py:3096} INFO - Sync 1 DAGs
[2024-05-03T10:40:07.839+0000] {logging_mixin.py:188} INFO - [2024-05-03T10:40:07.839+0000] {dag.py:3954} INFO - Setting next_dagrun for example_short_circuit_operator to 2024-05-02 00:00:00+00:00, run_after=2024-05-03 00:00:00+00:00
[2024-05-03T10:40:07.855+0000] {processor.py:183} INFO - Processing /home/airflow/.local/lib/python3.12/site-packages/airflow/example_dags/example_short_circuit_operator.py took 0.068 seconds
[2024-05-03T10:40:38.248+0000] {processor.py:161} INFO - Started process (PID=413) to work on /home/airflow/.local/lib/python3.12/site-packages/airflow/example_dags/example_short_circuit_operator.py
[2024-05-03T10:40:38.248+0000] {processor.py:830} INFO - Processing file /home/airflow/.local/lib/python3.12/site-packages/airflow/example_dags/example_short_circuit_operator.py for tasks to queue
[2024-05-03T10:40:38.250+0000] {logging_mixin.py:188} INFO - [2024-05-03T10:40:38.250+0000] {dagbag.py:540} INFO - Filling up the DagBag from /home/airflow/.local/lib/python3.12/site-packages/airflow/example_dags/example_short_circuit_operator.py
[2024-05-03T10:40:38.256+0000] {processor.py:840} INFO - DAG(s) 'example_short_circuit_operator' retrieved from /home/airflow/.local/lib/python3.12/site-packages/airflow/example_dags/example_short_circuit_operator.py
[2024-05-03T10:40:38.274+0000] {logging_mixin.py:188} INFO - [2024-05-03T10:40:38.274+0000] {dag.py:3096} INFO - Sync 1 DAGs
[2024-05-03T10:40:38.292+0000] {logging_mixin.py:188} INFO - [2024-05-03T10:40:38.292+0000] {dag.py:3954} INFO - Setting next_dagrun for example_short_circuit_operator to 2024-05-02 00:00:00+00:00, run_after=2024-05-03 00:00:00+00:00
[2024-05-03T10:40:38.307+0000] {processor.py:183} INFO - Processing /home/airflow/.local/lib/python3.12/site-packages/airflow/example_dags/example_short_circuit_operator.py took 0.064 seconds
[2024-05-03T10:41:08.870+0000] {processor.py:161} INFO - Started process (PID=471) to work on /home/airflow/.local/lib/python3.12/site-packages/airflow/example_dags/example_short_circuit_operator.py
[2024-05-03T10:41:08.871+0000] {processor.py:830} INFO - Processing file /home/airflow/.local/lib/python3.12/site-packages/airflow/example_dags/example_short_circuit_operator.py for tasks to queue
[2024-05-03T10:41:08.873+0000] {logging_mixin.py:188} INFO - [2024-05-03T10:41:08.872+0000] {dagbag.py:540} INFO - Filling up the DagBag from /home/airflow/.local/lib/python3.12/site-packages/airflow/example_dags/example_short_circuit_operator.py
[2024-05-03T10:41:08.879+0000] {processor.py:840} INFO - DAG(s) 'example_short_circuit_operator' retrieved from /home/airflow/.local/lib/python3.12/site-packages/airflow/example_dags/example_short_circuit_operator.py
[2024-05-03T10:41:08.898+0000] {logging_mixin.py:188} INFO - [2024-05-03T10:41:08.898+0000] {dag.py:3096} INFO - Sync 1 DAGs
[2024-05-03T10:41:08.915+0000] {logging_mixin.py:188} INFO - [2024-05-03T10:41:08.915+0000] {dag.py:3954} INFO - Setting next_dagrun for example_short_circuit_operator to 2024-05-02 00:00:00+00:00, run_after=2024-05-03 00:00:00+00:00
[2024-05-03T10:41:08.933+0000] {processor.py:183} INFO - Processing /home/airflow/.local/lib/python3.12/site-packages/airflow/example_dags/example_short_circuit_operator.py took 0.067 seconds
[2024-05-03T10:41:39.449+0000] {processor.py:161} INFO - Started process (PID=529) to work on /home/airflow/.local/lib/python3.12/site-packages/airflow/example_dags/example_short_circuit_operator.py
[2024-05-03T10:41:39.450+0000] {processor.py:830} INFO - Processing file /home/airflow/.local/lib/python3.12/site-packages/airflow/example_dags/example_short_circuit_operator.py for tasks to queue
[2024-05-03T10:41:39.452+0000] {logging_mixin.py:188} INFO - [2024-05-03T10:41:39.452+0000] {dagbag.py:540} INFO - Filling up the DagBag from /home/airflow/.local/lib/python3.12/site-packages/airflow/example_dags/example_short_circuit_operator.py
[2024-05-03T10:41:39.459+0000] {processor.py:840} INFO - DAG(s) 'example_short_circuit_operator' retrieved from /home/airflow/.local/lib/python3.12/site-packages/airflow/example_dags/example_short_circuit_operator.py
[2024-05-03T10:41:39.479+0000] {logging_mixin.py:188} INFO - [2024-05-03T10:41:39.478+0000] {dag.py:3096} INFO - Sync 1 DAGs
[2024-05-03T10:41:39.501+0000] {logging_mixin.py:188} INFO - [2024-05-03T10:41:39.501+0000] {dag.py:3954} INFO - Setting next_dagrun for example_short_circuit_operator to 2024-05-02 00:00:00+00:00, run_after=2024-05-03 00:00:00+00:00
[2024-05-03T10:41:39.518+0000] {processor.py:183} INFO - Processing /home/airflow/.local/lib/python3.12/site-packages/airflow/example_dags/example_short_circuit_operator.py took 0.074 seconds
[2024-05-03T10:42:09.892+0000] {processor.py:161} INFO - Started process (PID=587) to work on /home/airflow/.local/lib/python3.12/site-packages/airflow/example_dags/example_short_circuit_operator.py
[2024-05-03T10:42:09.893+0000] {processor.py:830} INFO - Processing file /home/airflow/.local/lib/python3.12/site-packages/airflow/example_dags/example_short_circuit_operator.py for tasks to queue
[2024-05-03T10:42:09.895+0000] {logging_mixin.py:188} INFO - [2024-05-03T10:42:09.894+0000] {dagbag.py:540} INFO - Filling up the DagBag from /home/airflow/.local/lib/python3.12/site-packages/airflow/example_dags/example_short_circuit_operator.py
[2024-05-03T10:42:09.901+0000] {processor.py:840} INFO - DAG(s) 'example_short_circuit_operator' retrieved from /home/airflow/.local/lib/python3.12/site-packages/airflow/example_dags/example_short_circuit_operator.py
[2024-05-03T10:42:09.919+0000] {logging_mixin.py:188} INFO - [2024-05-03T10:42:09.919+0000] {dag.py:3096} INFO - Sync 1 DAGs
[2024-05-03T10:42:09.940+0000] {logging_mixin.py:188} INFO - [2024-05-03T10:42:09.940+0000] {dag.py:3954} INFO - Setting next_dagrun for example_short_circuit_operator to 2024-05-02 00:00:00+00:00, run_after=2024-05-03 00:00:00+00:00
[2024-05-03T10:42:09.956+0000] {processor.py:183} INFO - Processing /home/airflow/.local/lib/python3.12/site-packages/airflow/example_dags/example_short_circuit_operator.py took 0.069 seconds
[2024-05-03T10:42:40.728+0000] {processor.py:161} INFO - Started process (PID=645) to work on /home/airflow/.local/lib/python3.12/site-packages/airflow/example_dags/example_short_circuit_operator.py
[2024-05-03T10:42:40.729+0000] {processor.py:830} INFO - Processing file /home/airflow/.local/lib/python3.12/site-packages/airflow/example_dags/example_short_circuit_operator.py for tasks to queue
[2024-05-03T10:42:40.731+0000] {logging_mixin.py:188} INFO - [2024-05-03T10:42:40.731+0000] {dagbag.py:540} INFO - Filling up the DagBag from /home/airflow/.local/lib/python3.12/site-packages/airflow/example_dags/example_short_circuit_operator.py
[2024-05-03T10:42:40.738+0000] {processor.py:840} INFO - DAG(s) 'example_short_circuit_operator' retrieved from /home/airflow/.local/lib/python3.12/site-packages/airflow/example_dags/example_short_circuit_operator.py
[2024-05-03T10:42:40.763+0000] {logging_mixin.py:188} INFO - [2024-05-03T10:42:40.762+0000] {dag.py:3096} INFO - Sync 1 DAGs
[2024-05-03T10:42:40.786+0000] {logging_mixin.py:188} INFO - [2024-05-03T10:42:40.786+0000] {dag.py:3954} INFO - Setting next_dagrun for example_short_circuit_operator to 2024-05-02 00:00:00+00:00, run_after=2024-05-03 00:00:00+00:00
[2024-05-03T10:42:40.809+0000] {processor.py:183} INFO - Processing /home/airflow/.local/lib/python3.12/site-packages/airflow/example_dags/example_short_circuit_operator.py took 0.086 seconds
[2024-05-03T10:43:11.035+0000] {processor.py:161} INFO - Started process (PID=703) to work on /home/airflow/.local/lib/python3.12/site-packages/airflow/example_dags/example_short_circuit_operator.py
[2024-05-03T10:43:11.037+0000] {processor.py:830} INFO - Processing file /home/airflow/.local/lib/python3.12/site-packages/airflow/example_dags/example_short_circuit_operator.py for tasks to queue
[2024-05-03T10:43:11.038+0000] {logging_mixin.py:188} INFO - [2024-05-03T10:43:11.038+0000] {dagbag.py:540} INFO - Filling up the DagBag from /home/airflow/.local/lib/python3.12/site-packages/airflow/example_dags/example_short_circuit_operator.py
[2024-05-03T10:43:11.045+0000] {processor.py:840} INFO - DAG(s) 'example_short_circuit_operator' retrieved from /home/airflow/.local/lib/python3.12/site-packages/airflow/example_dags/example_short_circuit_operator.py
[2024-05-03T10:43:11.065+0000] {logging_mixin.py:188} INFO - [2024-05-03T10:43:11.065+0000] {dag.py:3096} INFO - Sync 1 DAGs
[2024-05-03T10:43:11.086+0000] {logging_mixin.py:188} INFO - [2024-05-03T10:43:11.086+0000] {dag.py:3954} INFO - Setting next_dagrun for example_short_circuit_operator to 2024-05-02 00:00:00+00:00, run_after=2024-05-03 00:00:00+00:00
[2024-05-03T10:43:11.104+0000] {processor.py:183} INFO - Processing /home/airflow/.local/lib/python3.12/site-packages/airflow/example_dags/example_short_circuit_operator.py took 0.074 seconds
[2024-05-03T10:43:41.317+0000] {processor.py:161} INFO - Started process (PID=761) to work on /home/airflow/.local/lib/python3.12/site-packages/airflow/example_dags/example_short_circuit_operator.py
[2024-05-03T10:43:41.318+0000] {processor.py:830} INFO - Processing file /home/airflow/.local/lib/python3.12/site-packages/airflow/example_dags/example_short_circuit_operator.py for tasks to queue
[2024-05-03T10:43:41.320+0000] {logging_mixin.py:188} INFO - [2024-05-03T10:43:41.319+0000] {dagbag.py:540} INFO - Filling up the DagBag from /home/airflow/.local/lib/python3.12/site-packages/airflow/example_dags/example_short_circuit_operator.py
[2024-05-03T10:43:41.325+0000] {processor.py:840} INFO - DAG(s) 'example_short_circuit_operator' retrieved from /home/airflow/.local/lib/python3.12/site-packages/airflow/example_dags/example_short_circuit_operator.py
[2024-05-03T10:43:41.344+0000] {logging_mixin.py:188} INFO - [2024-05-03T10:43:41.344+0000] {dag.py:3096} INFO - Sync 1 DAGs
[2024-05-03T10:43:41.363+0000] {logging_mixin.py:188} INFO - [2024-05-03T10:43:41.363+0000] {dag.py:3954} INFO - Setting next_dagrun for example_short_circuit_operator to 2024-05-02 00:00:00+00:00, run_after=2024-05-03 00:00:00+00:00
[2024-05-03T10:43:41.379+0000] {processor.py:183} INFO - Processing /home/airflow/.local/lib/python3.12/site-packages/airflow/example_dags/example_short_circuit_operator.py took 0.067 seconds
[2024-05-03T10:44:11.757+0000] {processor.py:161} INFO - Started process (PID=819) to work on /home/airflow/.local/lib/python3.12/site-packages/airflow/example_dags/example_short_circuit_operator.py
[2024-05-03T10:44:11.758+0000] {processor.py:830} INFO - Processing file /home/airflow/.local/lib/python3.12/site-packages/airflow/example_dags/example_short_circuit_operator.py for tasks to queue
[2024-05-03T10:44:11.760+0000] {logging_mixin.py:188} INFO - [2024-05-03T10:44:11.759+0000] {dagbag.py:540} INFO - Filling up the DagBag from /home/airflow/.local/lib/python3.12/site-packages/airflow/example_dags/example_short_circuit_operator.py
[2024-05-03T10:44:11.766+0000] {processor.py:840} INFO - DAG(s) 'example_short_circuit_operator' retrieved from /home/airflow/.local/lib/python3.12/site-packages/airflow/example_dags/example_short_circuit_operator.py
[2024-05-03T10:44:11.784+0000] {logging_mixin.py:188} INFO - [2024-05-03T10:44:11.784+0000] {dag.py:3096} INFO - Sync 1 DAGs
[2024-05-03T10:44:11.803+0000] {logging_mixin.py:188} INFO - [2024-05-03T10:44:11.803+0000] {dag.py:3954} INFO - Setting next_dagrun for example_short_circuit_operator to 2024-05-02 00:00:00+00:00, run_after=2024-05-03 00:00:00+00:00
[2024-05-03T10:44:11.820+0000] {processor.py:183} INFO - Processing /home/airflow/.local/lib/python3.12/site-packages/airflow/example_dags/example_short_circuit_operator.py took 0.067 seconds
[2024-05-03T10:44:42.005+0000] {processor.py:161} INFO - Started process (PID=877) to work on /home/airflow/.local/lib/python3.12/site-packages/airflow/example_dags/example_short_circuit_operator.py
[2024-05-03T10:44:42.006+0000] {processor.py:830} INFO - Processing file /home/airflow/.local/lib/python3.12/site-packages/airflow/example_dags/example_short_circuit_operator.py for tasks to queue
[2024-05-03T10:44:42.007+0000] {logging_mixin.py:188} INFO - [2024-05-03T10:44:42.007+0000] {dagbag.py:540} INFO - Filling up the DagBag from /home/airflow/.local/lib/python3.12/site-packages/airflow/example_dags/example_short_circuit_operator.py
[2024-05-03T10:44:42.013+0000] {processor.py:840} INFO - DAG(s) 'example_short_circuit_operator' retrieved from /home/airflow/.local/lib/python3.12/site-packages/airflow/example_dags/example_short_circuit_operator.py
[2024-05-03T10:44:42.030+0000] {logging_mixin.py:188} INFO - [2024-05-03T10:44:42.030+0000] {dag.py:3096} INFO - Sync 1 DAGs
[2024-05-03T10:44:42.047+0000] {logging_mixin.py:188} INFO - [2024-05-03T10:44:42.047+0000] {dag.py:3954} INFO - Setting next_dagrun for example_short_circuit_operator to 2024-05-02 00:00:00+00:00, run_after=2024-05-03 00:00:00+00:00
[2024-05-03T10:44:42.062+0000] {processor.py:183} INFO - Processing /home/airflow/.local/lib/python3.12/site-packages/airflow/example_dags/example_short_circuit_operator.py took 0.062 seconds
[2024-05-03T10:45:12.362+0000] {processor.py:161} INFO - Started process (PID=935) to work on /home/airflow/.local/lib/python3.12/site-packages/airflow/example_dags/example_short_circuit_operator.py
[2024-05-03T10:45:12.363+0000] {processor.py:830} INFO - Processing file /home/airflow/.local/lib/python3.12/site-packages/airflow/example_dags/example_short_circuit_operator.py for tasks to queue
[2024-05-03T10:45:12.365+0000] {logging_mixin.py:188} INFO - [2024-05-03T10:45:12.365+0000] {dagbag.py:540} INFO - Filling up the DagBag from /home/airflow/.local/lib/python3.12/site-packages/airflow/example_dags/example_short_circuit_operator.py
[2024-05-03T10:45:12.370+0000] {processor.py:840} INFO - DAG(s) 'example_short_circuit_operator' retrieved from /home/airflow/.local/lib/python3.12/site-packages/airflow/example_dags/example_short_circuit_operator.py
[2024-05-03T10:45:12.388+0000] {logging_mixin.py:188} INFO - [2024-05-03T10:45:12.388+0000] {dag.py:3096} INFO - Sync 1 DAGs
[2024-05-03T10:45:12.406+0000] {logging_mixin.py:188} INFO - [2024-05-03T10:45:12.406+0000] {dag.py:3954} INFO - Setting next_dagrun for example_short_circuit_operator to 2024-05-02 00:00:00+00:00, run_after=2024-05-03 00:00:00+00:00
[2024-05-03T10:45:12.423+0000] {processor.py:183} INFO - Processing /home/airflow/.local/lib/python3.12/site-packages/airflow/example_dags/example_short_circuit_operator.py took 0.065 seconds
[2024-05-03T10:45:43.364+0000] {processor.py:161} INFO - Started process (PID=994) to work on /home/airflow/.local/lib/python3.12/site-packages/airflow/example_dags/example_short_circuit_operator.py
[2024-05-03T10:45:43.365+0000] {processor.py:830} INFO - Processing file /home/airflow/.local/lib/python3.12/site-packages/airflow/example_dags/example_short_circuit_operator.py for tasks to queue
[2024-05-03T10:45:43.367+0000] {logging_mixin.py:188} INFO - [2024-05-03T10:45:43.366+0000] {dagbag.py:540} INFO - Filling up the DagBag from /home/airflow/.local/lib/python3.12/site-packages/airflow/example_dags/example_short_circuit_operator.py
[2024-05-03T10:45:43.372+0000] {processor.py:840} INFO - DAG(s) 'example_short_circuit_operator' retrieved from /home/airflow/.local/lib/python3.12/site-packages/airflow/example_dags/example_short_circuit_operator.py
[2024-05-03T10:45:43.391+0000] {logging_mixin.py:188} INFO - [2024-05-03T10:45:43.391+0000] {dag.py:3096} INFO - Sync 1 DAGs
[2024-05-03T10:45:43.410+0000] {logging_mixin.py:188} INFO - [2024-05-03T10:45:43.410+0000] {dag.py:3954} INFO - Setting next_dagrun for example_short_circuit_operator to 2024-05-02 00:00:00+00:00, run_after=2024-05-03 00:00:00+00:00
[2024-05-03T10:45:43.426+0000] {processor.py:183} INFO - Processing /home/airflow/.local/lib/python3.12/site-packages/airflow/example_dags/example_short_circuit_operator.py took 0.067 seconds
[2024-05-03T10:46:14.244+0000] {processor.py:161} INFO - Started process (PID=1052) to work on /home/airflow/.local/lib/python3.12/site-packages/airflow/example_dags/example_short_circuit_operator.py
[2024-05-03T10:46:14.245+0000] {processor.py:830} INFO - Processing file /home/airflow/.local/lib/python3.12/site-packages/airflow/example_dags/example_short_circuit_operator.py for tasks to queue
[2024-05-03T10:46:14.246+0000] {logging_mixin.py:188} INFO - [2024-05-03T10:46:14.246+0000] {dagbag.py:540} INFO - Filling up the DagBag from /home/airflow/.local/lib/python3.12/site-packages/airflow/example_dags/example_short_circuit_operator.py
[2024-05-03T10:46:14.253+0000] {processor.py:840} INFO - DAG(s) 'example_short_circuit_operator' retrieved from /home/airflow/.local/lib/python3.12/site-packages/airflow/example_dags/example_short_circuit_operator.py
[2024-05-03T10:46:14.273+0000] {logging_mixin.py:188} INFO - [2024-05-03T10:46:14.273+0000] {dag.py:3096} INFO - Sync 1 DAGs
[2024-05-03T10:46:14.292+0000] {logging_mixin.py:188} INFO - [2024-05-03T10:46:14.292+0000] {dag.py:3954} INFO - Setting next_dagrun for example_short_circuit_operator to 2024-05-02 00:00:00+00:00, run_after=2024-05-03 00:00:00+00:00
[2024-05-03T10:46:14.309+0000] {processor.py:183} INFO - Processing /home/airflow/.local/lib/python3.12/site-packages/airflow/example_dags/example_short_circuit_operator.py took 0.070 seconds
[2024-05-03T10:46:44.931+0000] {processor.py:161} INFO - Started process (PID=1116) to work on /home/airflow/.local/lib/python3.12/site-packages/airflow/example_dags/example_short_circuit_operator.py
[2024-05-03T10:46:44.931+0000] {processor.py:830} INFO - Processing file /home/airflow/.local/lib/python3.12/site-packages/airflow/example_dags/example_short_circuit_operator.py for tasks to queue
[2024-05-03T10:46:44.933+0000] {logging_mixin.py:188} INFO - [2024-05-03T10:46:44.933+0000] {dagbag.py:540} INFO - Filling up the DagBag from /home/airflow/.local/lib/python3.12/site-packages/airflow/example_dags/example_short_circuit_operator.py
[2024-05-03T10:46:44.939+0000] {processor.py:840} INFO - DAG(s) 'example_short_circuit_operator' retrieved from /home/airflow/.local/lib/python3.12/site-packages/airflow/example_dags/example_short_circuit_operator.py
[2024-05-03T10:46:44.961+0000] {logging_mixin.py:188} INFO - [2024-05-03T10:46:44.961+0000] {dag.py:3096} INFO - Sync 1 DAGs
[2024-05-03T10:46:45.164+0000] {logging_mixin.py:188} INFO - [2024-05-03T10:46:45.164+0000] {dag.py:3954} INFO - Setting next_dagrun for example_short_circuit_operator to 2024-05-02 00:00:00+00:00, run_after=2024-05-03 00:00:00+00:00
[2024-05-03T10:46:45.205+0000] {processor.py:183} INFO - Processing /home/airflow/.local/lib/python3.12/site-packages/airflow/example_dags/example_short_circuit_operator.py took 0.278 seconds
[2024-05-03T10:47:15.480+0000] {processor.py:161} INFO - Started process (PID=1174) to work on /home/airflow/.local/lib/python3.12/site-packages/airflow/example_dags/example_short_circuit_operator.py
[2024-05-03T10:47:15.481+0000] {processor.py:830} INFO - Processing file /home/airflow/.local/lib/python3.12/site-packages/airflow/example_dags/example_short_circuit_operator.py for tasks to queue
[2024-05-03T10:47:15.482+0000] {logging_mixin.py:188} INFO - [2024-05-03T10:47:15.482+0000] {dagbag.py:540} INFO - Filling up the DagBag from /home/airflow/.local/lib/python3.12/site-packages/airflow/example_dags/example_short_circuit_operator.py
[2024-05-03T10:47:15.488+0000] {processor.py:840} INFO - DAG(s) 'example_short_circuit_operator' retrieved from /home/airflow/.local/lib/python3.12/site-packages/airflow/example_dags/example_short_circuit_operator.py
[2024-05-03T10:47:15.509+0000] {logging_mixin.py:188} INFO - [2024-05-03T10:47:15.508+0000] {dag.py:3096} INFO - Sync 1 DAGs
[2024-05-03T10:47:15.529+0000] {logging_mixin.py:188} INFO - [2024-05-03T10:47:15.529+0000] {dag.py:3954} INFO - Setting next_dagrun for example_short_circuit_operator to 2024-05-02 00:00:00+00:00, run_after=2024-05-03 00:00:00+00:00
[2024-05-03T10:47:15.670+0000] {processor.py:183} INFO - Processing /home/airflow/.local/lib/python3.12/site-packages/airflow/example_dags/example_short_circuit_operator.py took 0.195 seconds
[2024-05-03T10:47:46.575+0000] {processor.py:161} INFO - Started process (PID=1232) to work on /home/airflow/.local/lib/python3.12/site-packages/airflow/example_dags/example_short_circuit_operator.py
[2024-05-03T10:47:46.576+0000] {processor.py:830} INFO - Processing file /home/airflow/.local/lib/python3.12/site-packages/airflow/example_dags/example_short_circuit_operator.py for tasks to queue
[2024-05-03T10:47:46.577+0000] {logging_mixin.py:188} INFO - [2024-05-03T10:47:46.577+0000] {dagbag.py:540} INFO - Filling up the DagBag from /home/airflow/.local/lib/python3.12/site-packages/airflow/example_dags/example_short_circuit_operator.py
[2024-05-03T10:47:46.583+0000] {processor.py:840} INFO - DAG(s) 'example_short_circuit_operator' retrieved from /home/airflow/.local/lib/python3.12/site-packages/airflow/example_dags/example_short_circuit_operator.py
[2024-05-03T10:47:46.603+0000] {logging_mixin.py:188} INFO - [2024-05-03T10:47:46.603+0000] {dag.py:3096} INFO - Sync 1 DAGs
[2024-05-03T10:47:46.621+0000] {logging_mixin.py:188} INFO - [2024-05-03T10:47:46.620+0000] {dag.py:3954} INFO - Setting next_dagrun for example_short_circuit_operator to 2024-05-02 00:00:00+00:00, run_after=2024-05-03 00:00:00+00:00
[2024-05-03T10:47:46.776+0000] {processor.py:183} INFO - Processing /home/airflow/.local/lib/python3.12/site-packages/airflow/example_dags/example_short_circuit_operator.py took 0.207 seconds
[2024-05-03T10:48:17.016+0000] {processor.py:161} INFO - Started process (PID=1290) to work on /home/airflow/.local/lib/python3.12/site-packages/airflow/example_dags/example_short_circuit_operator.py
[2024-05-03T10:48:17.017+0000] {processor.py:830} INFO - Processing file /home/airflow/.local/lib/python3.12/site-packages/airflow/example_dags/example_short_circuit_operator.py for tasks to queue
[2024-05-03T10:48:17.018+0000] {logging_mixin.py:188} INFO - [2024-05-03T10:48:17.018+0000] {dagbag.py:540} INFO - Filling up the DagBag from /home/airflow/.local/lib/python3.12/site-packages/airflow/example_dags/example_short_circuit_operator.py
[2024-05-03T10:48:17.024+0000] {processor.py:840} INFO - DAG(s) 'example_short_circuit_operator' retrieved from /home/airflow/.local/lib/python3.12/site-packages/airflow/example_dags/example_short_circuit_operator.py
[2024-05-03T10:48:17.043+0000] {logging_mixin.py:188} INFO - [2024-05-03T10:48:17.042+0000] {dag.py:3096} INFO - Sync 1 DAGs
[2024-05-03T10:48:17.060+0000] {logging_mixin.py:188} INFO - [2024-05-03T10:48:17.060+0000] {dag.py:3954} INFO - Setting next_dagrun for example_short_circuit_operator to 2024-05-02 00:00:00+00:00, run_after=2024-05-03 00:00:00+00:00
[2024-05-03T10:48:17.077+0000] {processor.py:183} INFO - Processing /home/airflow/.local/lib/python3.12/site-packages/airflow/example_dags/example_short_circuit_operator.py took 0.067 seconds
[2024-05-03T10:48:47.210+0000] {processor.py:161} INFO - Started process (PID=1348) to work on /home/airflow/.local/lib/python3.12/site-packages/airflow/example_dags/example_short_circuit_operator.py
[2024-05-03T10:48:47.211+0000] {processor.py:830} INFO - Processing file /home/airflow/.local/lib/python3.12/site-packages/airflow/example_dags/example_short_circuit_operator.py for tasks to queue
[2024-05-03T10:48:47.213+0000] {logging_mixin.py:188} INFO - [2024-05-03T10:48:47.212+0000] {dagbag.py:540} INFO - Filling up the DagBag from /home/airflow/.local/lib/python3.12/site-packages/airflow/example_dags/example_short_circuit_operator.py
[2024-05-03T10:48:47.218+0000] {processor.py:840} INFO - DAG(s) 'example_short_circuit_operator' retrieved from /home/airflow/.local/lib/python3.12/site-packages/airflow/example_dags/example_short_circuit_operator.py
[2024-05-03T10:48:47.236+0000] {logging_mixin.py:188} INFO - [2024-05-03T10:48:47.236+0000] {dag.py:3096} INFO - Sync 1 DAGs
[2024-05-03T10:48:47.254+0000] {logging_mixin.py:188} INFO - [2024-05-03T10:48:47.253+0000] {dag.py:3954} INFO - Setting next_dagrun for example_short_circuit_operator to 2024-05-02 00:00:00+00:00, run_after=2024-05-03 00:00:00+00:00
[2024-05-03T10:48:47.268+0000] {processor.py:183} INFO - Processing /home/airflow/.local/lib/python3.12/site-packages/airflow/example_dags/example_short_circuit_operator.py took 0.063 seconds
[2024-05-03T10:49:17.613+0000] {processor.py:161} INFO - Started process (PID=1406) to work on /home/airflow/.local/lib/python3.12/site-packages/airflow/example_dags/example_short_circuit_operator.py
[2024-05-03T10:49:17.615+0000] {processor.py:830} INFO - Processing file /home/airflow/.local/lib/python3.12/site-packages/airflow/example_dags/example_short_circuit_operator.py for tasks to queue
[2024-05-03T10:49:17.617+0000] {logging_mixin.py:188} INFO - [2024-05-03T10:49:17.616+0000] {dagbag.py:540} INFO - Filling up the DagBag from /home/airflow/.local/lib/python3.12/site-packages/airflow/example_dags/example_short_circuit_operator.py
[2024-05-03T10:49:17.624+0000] {processor.py:840} INFO - DAG(s) 'example_short_circuit_operator' retrieved from /home/airflow/.local/lib/python3.12/site-packages/airflow/example_dags/example_short_circuit_operator.py
[2024-05-03T10:49:17.646+0000] {logging_mixin.py:188} INFO - [2024-05-03T10:49:17.645+0000] {dag.py:3096} INFO - Sync 1 DAGs
[2024-05-03T10:49:17.667+0000] {logging_mixin.py:188} INFO - [2024-05-03T10:49:17.666+0000] {dag.py:3954} INFO - Setting next_dagrun for example_short_circuit_operator to 2024-05-02 00:00:00+00:00, run_after=2024-05-03 00:00:00+00:00
[2024-05-03T10:49:17.686+0000] {processor.py:183} INFO - Processing /home/airflow/.local/lib/python3.12/site-packages/airflow/example_dags/example_short_circuit_operator.py took 0.079 seconds
[2024-05-03T10:49:47.933+0000] {processor.py:161} INFO - Started process (PID=1464) to work on /home/airflow/.local/lib/python3.12/site-packages/airflow/example_dags/example_short_circuit_operator.py
[2024-05-03T10:49:47.934+0000] {processor.py:830} INFO - Processing file /home/airflow/.local/lib/python3.12/site-packages/airflow/example_dags/example_short_circuit_operator.py for tasks to queue
[2024-05-03T10:49:47.936+0000] {logging_mixin.py:188} INFO - [2024-05-03T10:49:47.936+0000] {dagbag.py:540} INFO - Filling up the DagBag from /home/airflow/.local/lib/python3.12/site-packages/airflow/example_dags/example_short_circuit_operator.py
[2024-05-03T10:49:47.942+0000] {processor.py:840} INFO - DAG(s) 'example_short_circuit_operator' retrieved from /home/airflow/.local/lib/python3.12/site-packages/airflow/example_dags/example_short_circuit_operator.py
[2024-05-03T10:49:47.960+0000] {logging_mixin.py:188} INFO - [2024-05-03T10:49:47.960+0000] {dag.py:3096} INFO - Sync 1 DAGs
[2024-05-03T10:49:47.979+0000] {logging_mixin.py:188} INFO - [2024-05-03T10:49:47.978+0000] {dag.py:3954} INFO - Setting next_dagrun for example_short_circuit_operator to 2024-05-02 00:00:00+00:00, run_after=2024-05-03 00:00:00+00:00
[2024-05-03T10:49:47.995+0000] {processor.py:183} INFO - Processing /home/airflow/.local/lib/python3.12/site-packages/airflow/example_dags/example_short_circuit_operator.py took 0.067 seconds
[2024-05-03T10:50:18.111+0000] {processor.py:161} INFO - Started process (PID=1522) to work on /home/airflow/.local/lib/python3.12/site-packages/airflow/example_dags/example_short_circuit_operator.py
[2024-05-03T10:50:18.112+0000] {processor.py:830} INFO - Processing file /home/airflow/.local/lib/python3.12/site-packages/airflow/example_dags/example_short_circuit_operator.py for tasks to queue
[2024-05-03T10:50:18.113+0000] {logging_mixin.py:188} INFO - [2024-05-03T10:50:18.113+0000] {dagbag.py:540} INFO - Filling up the DagBag from /home/airflow/.local/lib/python3.12/site-packages/airflow/example_dags/example_short_circuit_operator.py
[2024-05-03T10:50:18.119+0000] {processor.py:840} INFO - DAG(s) 'example_short_circuit_operator' retrieved from /home/airflow/.local/lib/python3.12/site-packages/airflow/example_dags/example_short_circuit_operator.py
[2024-05-03T10:50:18.138+0000] {logging_mixin.py:188} INFO - [2024-05-03T10:50:18.138+0000] {dag.py:3096} INFO - Sync 1 DAGs
[2024-05-03T10:50:18.157+0000] {logging_mixin.py:188} INFO - [2024-05-03T10:50:18.157+0000] {dag.py:3954} INFO - Setting next_dagrun for example_short_circuit_operator to 2024-05-02 00:00:00+00:00, run_after=2024-05-03 00:00:00+00:00
[2024-05-03T10:50:18.174+0000] {processor.py:183} INFO - Processing /home/airflow/.local/lib/python3.12/site-packages/airflow/example_dags/example_short_circuit_operator.py took 0.068 seconds
[2024-05-03T10:50:48.351+0000] {processor.py:161} INFO - Started process (PID=1580) to work on /home/airflow/.local/lib/python3.12/site-packages/airflow/example_dags/example_short_circuit_operator.py
[2024-05-03T10:50:48.352+0000] {processor.py:830} INFO - Processing file /home/airflow/.local/lib/python3.12/site-packages/airflow/example_dags/example_short_circuit_operator.py for tasks to queue
[2024-05-03T10:50:48.353+0000] {logging_mixin.py:188} INFO - [2024-05-03T10:50:48.353+0000] {dagbag.py:540} INFO - Filling up the DagBag from /home/airflow/.local/lib/python3.12/site-packages/airflow/example_dags/example_short_circuit_operator.py
[2024-05-03T10:50:48.360+0000] {processor.py:840} INFO - DAG(s) 'example_short_circuit_operator' retrieved from /home/airflow/.local/lib/python3.12/site-packages/airflow/example_dags/example_short_circuit_operator.py
[2024-05-03T10:50:48.379+0000] {logging_mixin.py:188} INFO - [2024-05-03T10:50:48.379+0000] {dag.py:3096} INFO - Sync 1 DAGs
[2024-05-03T10:50:48.397+0000] {logging_mixin.py:188} INFO - [2024-05-03T10:50:48.397+0000] {dag.py:3954} INFO - Setting next_dagrun for example_short_circuit_operator to 2024-05-02 00:00:00+00:00, run_after=2024-05-03 00:00:00+00:00
[2024-05-03T10:50:48.414+0000] {processor.py:183} INFO - Processing /home/airflow/.local/lib/python3.12/site-packages/airflow/example_dags/example_short_circuit_operator.py took 0.068 seconds
[2024-05-03T10:51:18.619+0000] {processor.py:161} INFO - Started process (PID=1638) to work on /home/airflow/.local/lib/python3.12/site-packages/airflow/example_dags/example_short_circuit_operator.py
[2024-05-03T10:51:18.620+0000] {processor.py:830} INFO - Processing file /home/airflow/.local/lib/python3.12/site-packages/airflow/example_dags/example_short_circuit_operator.py for tasks to queue
[2024-05-03T10:51:18.621+0000] {logging_mixin.py:188} INFO - [2024-05-03T10:51:18.621+0000] {dagbag.py:540} INFO - Filling up the DagBag from /home/airflow/.local/lib/python3.12/site-packages/airflow/example_dags/example_short_circuit_operator.py
[2024-05-03T10:51:18.628+0000] {processor.py:840} INFO - DAG(s) 'example_short_circuit_operator' retrieved from /home/airflow/.local/lib/python3.12/site-packages/airflow/example_dags/example_short_circuit_operator.py
[2024-05-03T10:51:18.647+0000] {logging_mixin.py:188} INFO - [2024-05-03T10:51:18.647+0000] {dag.py:3096} INFO - Sync 1 DAGs
[2024-05-03T10:51:18.665+0000] {logging_mixin.py:188} INFO - [2024-05-03T10:51:18.665+0000] {dag.py:3954} INFO - Setting next_dagrun for example_short_circuit_operator to 2024-05-02 00:00:00+00:00, run_after=2024-05-03 00:00:00+00:00
[2024-05-03T10:51:18.681+0000] {processor.py:183} INFO - Processing /home/airflow/.local/lib/python3.12/site-packages/airflow/example_dags/example_short_circuit_operator.py took 0.067 seconds
[2024-05-03T10:51:48.843+0000] {processor.py:161} INFO - Started process (PID=1696) to work on /home/airflow/.local/lib/python3.12/site-packages/airflow/example_dags/example_short_circuit_operator.py
[2024-05-03T10:51:48.844+0000] {processor.py:830} INFO - Processing file /home/airflow/.local/lib/python3.12/site-packages/airflow/example_dags/example_short_circuit_operator.py for tasks to queue
[2024-05-03T10:51:48.846+0000] {logging_mixin.py:188} INFO - [2024-05-03T10:51:48.845+0000] {dagbag.py:540} INFO - Filling up the DagBag from /home/airflow/.local/lib/python3.12/site-packages/airflow/example_dags/example_short_circuit_operator.py
[2024-05-03T10:51:48.851+0000] {processor.py:840} INFO - DAG(s) 'example_short_circuit_operator' retrieved from /home/airflow/.local/lib/python3.12/site-packages/airflow/example_dags/example_short_circuit_operator.py
[2024-05-03T10:51:48.869+0000] {logging_mixin.py:188} INFO - [2024-05-03T10:51:48.869+0000] {dag.py:3096} INFO - Sync 1 DAGs
[2024-05-03T10:51:48.888+0000] {logging_mixin.py:188} INFO - [2024-05-03T10:51:48.888+0000] {dag.py:3954} INFO - Setting next_dagrun for example_short_circuit_operator to 2024-05-02 00:00:00+00:00, run_after=2024-05-03 00:00:00+00:00
[2024-05-03T10:51:48.905+0000] {processor.py:183} INFO - Processing /home/airflow/.local/lib/python3.12/site-packages/airflow/example_dags/example_short_circuit_operator.py took 0.067 seconds
[2024-05-03T10:52:19.145+0000] {processor.py:161} INFO - Started process (PID=1754) to work on /home/airflow/.local/lib/python3.12/site-packages/airflow/example_dags/example_short_circuit_operator.py
[2024-05-03T10:52:19.146+0000] {processor.py:830} INFO - Processing file /home/airflow/.local/lib/python3.12/site-packages/airflow/example_dags/example_short_circuit_operator.py for tasks to queue
[2024-05-03T10:52:19.148+0000] {logging_mixin.py:188} INFO - [2024-05-03T10:52:19.148+0000] {dagbag.py:540} INFO - Filling up the DagBag from /home/airflow/.local/lib/python3.12/site-packages/airflow/example_dags/example_short_circuit_operator.py
[2024-05-03T10:52:19.155+0000] {processor.py:840} INFO - DAG(s) 'example_short_circuit_operator' retrieved from /home/airflow/.local/lib/python3.12/site-packages/airflow/example_dags/example_short_circuit_operator.py
[2024-05-03T10:52:19.177+0000] {logging_mixin.py:188} INFO - [2024-05-03T10:52:19.177+0000] {dag.py:3096} INFO - Sync 1 DAGs
[2024-05-03T10:52:19.200+0000] {logging_mixin.py:188} INFO - [2024-05-03T10:52:19.200+0000] {dag.py:3954} INFO - Setting next_dagrun for example_short_circuit_operator to 2024-05-02 00:00:00+00:00, run_after=2024-05-03 00:00:00+00:00
[2024-05-03T10:52:19.218+0000] {processor.py:183} INFO - Processing /home/airflow/.local/lib/python3.12/site-packages/airflow/example_dags/example_short_circuit_operator.py took 0.079 seconds
[2024-05-03T10:52:49.421+0000] {processor.py:161} INFO - Started process (PID=1812) to work on /home/airflow/.local/lib/python3.12/site-packages/airflow/example_dags/example_short_circuit_operator.py
[2024-05-03T10:52:49.422+0000] {processor.py:830} INFO - Processing file /home/airflow/.local/lib/python3.12/site-packages/airflow/example_dags/example_short_circuit_operator.py for tasks to queue
[2024-05-03T10:52:49.423+0000] {logging_mixin.py:188} INFO - [2024-05-03T10:52:49.423+0000] {dagbag.py:540} INFO - Filling up the DagBag from /home/airflow/.local/lib/python3.12/site-packages/airflow/example_dags/example_short_circuit_operator.py
[2024-05-03T10:52:49.429+0000] {processor.py:840} INFO - DAG(s) 'example_short_circuit_operator' retrieved from /home/airflow/.local/lib/python3.12/site-packages/airflow/example_dags/example_short_circuit_operator.py
[2024-05-03T10:52:49.448+0000] {logging_mixin.py:188} INFO - [2024-05-03T10:52:49.448+0000] {dag.py:3096} INFO - Sync 1 DAGs
[2024-05-03T10:52:49.468+0000] {logging_mixin.py:188} INFO - [2024-05-03T10:52:49.468+0000] {dag.py:3954} INFO - Setting next_dagrun for example_short_circuit_operator to 2024-05-02 00:00:00+00:00, run_after=2024-05-03 00:00:00+00:00
[2024-05-03T10:52:49.484+0000] {processor.py:183} INFO - Processing /home/airflow/.local/lib/python3.12/site-packages/airflow/example_dags/example_short_circuit_operator.py took 0.068 seconds
[2024-05-03T10:53:19.581+0000] {processor.py:161} INFO - Started process (PID=1871) to work on /home/airflow/.local/lib/python3.12/site-packages/airflow/example_dags/example_short_circuit_operator.py
[2024-05-03T10:53:19.582+0000] {processor.py:830} INFO - Processing file /home/airflow/.local/lib/python3.12/site-packages/airflow/example_dags/example_short_circuit_operator.py for tasks to queue
[2024-05-03T10:53:19.583+0000] {logging_mixin.py:188} INFO - [2024-05-03T10:53:19.583+0000] {dagbag.py:540} INFO - Filling up the DagBag from /home/airflow/.local/lib/python3.12/site-packages/airflow/example_dags/example_short_circuit_operator.py
[2024-05-03T10:53:19.589+0000] {processor.py:840} INFO - DAG(s) 'example_short_circuit_operator' retrieved from /home/airflow/.local/lib/python3.12/site-packages/airflow/example_dags/example_short_circuit_operator.py
[2024-05-03T10:53:19.609+0000] {logging_mixin.py:188} INFO - [2024-05-03T10:53:19.608+0000] {dag.py:3096} INFO - Sync 1 DAGs
[2024-05-03T10:53:19.628+0000] {logging_mixin.py:188} INFO - [2024-05-03T10:53:19.628+0000] {dag.py:3954} INFO - Setting next_dagrun for example_short_circuit_operator to 2024-05-02 00:00:00+00:00, run_after=2024-05-03 00:00:00+00:00
[2024-05-03T10:53:19.645+0000] {processor.py:183} INFO - Processing /home/airflow/.local/lib/python3.12/site-packages/airflow/example_dags/example_short_circuit_operator.py took 0.069 seconds
[2024-05-03T10:53:49.993+0000] {processor.py:161} INFO - Started process (PID=1929) to work on /home/airflow/.local/lib/python3.12/site-packages/airflow/example_dags/example_short_circuit_operator.py
[2024-05-03T10:53:49.995+0000] {processor.py:830} INFO - Processing file /home/airflow/.local/lib/python3.12/site-packages/airflow/example_dags/example_short_circuit_operator.py for tasks to queue
[2024-05-03T10:53:49.997+0000] {logging_mixin.py:188} INFO - [2024-05-03T10:53:49.997+0000] {dagbag.py:540} INFO - Filling up the DagBag from /home/airflow/.local/lib/python3.12/site-packages/airflow/example_dags/example_short_circuit_operator.py
[2024-05-03T10:53:50.007+0000] {processor.py:840} INFO - DAG(s) 'example_short_circuit_operator' retrieved from /home/airflow/.local/lib/python3.12/site-packages/airflow/example_dags/example_short_circuit_operator.py
[2024-05-03T10:53:50.035+0000] {logging_mixin.py:188} INFO - [2024-05-03T10:53:50.034+0000] {dag.py:3096} INFO - Sync 1 DAGs
[2024-05-03T10:53:50.062+0000] {logging_mixin.py:188} INFO - [2024-05-03T10:53:50.061+0000] {dag.py:3954} INFO - Setting next_dagrun for example_short_circuit_operator to 2024-05-02 00:00:00+00:00, run_after=2024-05-03 00:00:00+00:00
[2024-05-03T10:53:50.088+0000] {processor.py:183} INFO - Processing /home/airflow/.local/lib/python3.12/site-packages/airflow/example_dags/example_short_circuit_operator.py took 0.103 seconds
[2024-05-03T10:54:20.518+0000] {processor.py:161} INFO - Started process (PID=1987) to work on /home/airflow/.local/lib/python3.12/site-packages/airflow/example_dags/example_short_circuit_operator.py
[2024-05-03T10:54:20.519+0000] {processor.py:830} INFO - Processing file /home/airflow/.local/lib/python3.12/site-packages/airflow/example_dags/example_short_circuit_operator.py for tasks to queue
[2024-05-03T10:54:20.521+0000] {logging_mixin.py:188} INFO - [2024-05-03T10:54:20.521+0000] {dagbag.py:540} INFO - Filling up the DagBag from /home/airflow/.local/lib/python3.12/site-packages/airflow/example_dags/example_short_circuit_operator.py
[2024-05-03T10:54:20.527+0000] {processor.py:840} INFO - DAG(s) 'example_short_circuit_operator' retrieved from /home/airflow/.local/lib/python3.12/site-packages/airflow/example_dags/example_short_circuit_operator.py
[2024-05-03T10:54:20.547+0000] {logging_mixin.py:188} INFO - [2024-05-03T10:54:20.546+0000] {dag.py:3096} INFO - Sync 1 DAGs
[2024-05-03T10:54:20.566+0000] {logging_mixin.py:188} INFO - [2024-05-03T10:54:20.566+0000] {dag.py:3954} INFO - Setting next_dagrun for example_short_circuit_operator to 2024-05-02 00:00:00+00:00, run_after=2024-05-03 00:00:00+00:00
[2024-05-03T10:54:20.582+0000] {processor.py:183} INFO - Processing /home/airflow/.local/lib/python3.12/site-packages/airflow/example_dags/example_short_circuit_operator.py took 0.069 seconds
[2024-05-03T10:54:50.708+0000] {processor.py:161} INFO - Started process (PID=2045) to work on /home/airflow/.local/lib/python3.12/site-packages/airflow/example_dags/example_short_circuit_operator.py
[2024-05-03T10:54:50.709+0000] {processor.py:830} INFO - Processing file /home/airflow/.local/lib/python3.12/site-packages/airflow/example_dags/example_short_circuit_operator.py for tasks to queue
[2024-05-03T10:54:50.711+0000] {logging_mixin.py:188} INFO - [2024-05-03T10:54:50.711+0000] {dagbag.py:540} INFO - Filling up the DagBag from /home/airflow/.local/lib/python3.12/site-packages/airflow/example_dags/example_short_circuit_operator.py
[2024-05-03T10:54:50.717+0000] {processor.py:840} INFO - DAG(s) 'example_short_circuit_operator' retrieved from /home/airflow/.local/lib/python3.12/site-packages/airflow/example_dags/example_short_circuit_operator.py
[2024-05-03T10:54:50.735+0000] {logging_mixin.py:188} INFO - [2024-05-03T10:54:50.735+0000] {dag.py:3096} INFO - Sync 1 DAGs
[2024-05-03T10:54:50.754+0000] {logging_mixin.py:188} INFO - [2024-05-03T10:54:50.754+0000] {dag.py:3954} INFO - Setting next_dagrun for example_short_circuit_operator to 2024-05-02 00:00:00+00:00, run_after=2024-05-03 00:00:00+00:00
[2024-05-03T10:54:50.770+0000] {processor.py:183} INFO - Processing /home/airflow/.local/lib/python3.12/site-packages/airflow/example_dags/example_short_circuit_operator.py took 0.067 seconds
[2024-05-03T10:55:20.863+0000] {processor.py:161} INFO - Started process (PID=2103) to work on /home/airflow/.local/lib/python3.12/site-packages/airflow/example_dags/example_short_circuit_operator.py
[2024-05-03T10:55:20.864+0000] {processor.py:830} INFO - Processing file /home/airflow/.local/lib/python3.12/site-packages/airflow/example_dags/example_short_circuit_operator.py for tasks to queue
[2024-05-03T10:55:20.866+0000] {logging_mixin.py:188} INFO - [2024-05-03T10:55:20.866+0000] {dagbag.py:540} INFO - Filling up the DagBag from /home/airflow/.local/lib/python3.12/site-packages/airflow/example_dags/example_short_circuit_operator.py
[2024-05-03T10:55:20.872+0000] {processor.py:840} INFO - DAG(s) 'example_short_circuit_operator' retrieved from /home/airflow/.local/lib/python3.12/site-packages/airflow/example_dags/example_short_circuit_operator.py
[2024-05-03T10:55:20.891+0000] {logging_mixin.py:188} INFO - [2024-05-03T10:55:20.891+0000] {dag.py:3096} INFO - Sync 1 DAGs
[2024-05-03T10:55:20.911+0000] {logging_mixin.py:188} INFO - [2024-05-03T10:55:20.911+0000] {dag.py:3954} INFO - Setting next_dagrun for example_short_circuit_operator to 2024-05-02 00:00:00+00:00, run_after=2024-05-03 00:00:00+00:00
[2024-05-03T10:55:20.926+0000] {processor.py:183} INFO - Processing /home/airflow/.local/lib/python3.12/site-packages/airflow/example_dags/example_short_circuit_operator.py took 0.068 seconds
[2024-05-03T10:55:51.125+0000] {processor.py:161} INFO - Started process (PID=2161) to work on /home/airflow/.local/lib/python3.12/site-packages/airflow/example_dags/example_short_circuit_operator.py
[2024-05-03T10:55:51.126+0000] {processor.py:830} INFO - Processing file /home/airflow/.local/lib/python3.12/site-packages/airflow/example_dags/example_short_circuit_operator.py for tasks to queue
[2024-05-03T10:55:51.127+0000] {logging_mixin.py:188} INFO - [2024-05-03T10:55:51.127+0000] {dagbag.py:540} INFO - Filling up the DagBag from /home/airflow/.local/lib/python3.12/site-packages/airflow/example_dags/example_short_circuit_operator.py
[2024-05-03T10:55:51.134+0000] {processor.py:840} INFO - DAG(s) 'example_short_circuit_operator' retrieved from /home/airflow/.local/lib/python3.12/site-packages/airflow/example_dags/example_short_circuit_operator.py
[2024-05-03T10:55:51.152+0000] {logging_mixin.py:188} INFO - [2024-05-03T10:55:51.152+0000] {dag.py:3096} INFO - Sync 1 DAGs
[2024-05-03T10:55:51.171+0000] {logging_mixin.py:188} INFO - [2024-05-03T10:55:51.171+0000] {dag.py:3954} INFO - Setting next_dagrun for example_short_circuit_operator to 2024-05-02 00:00:00+00:00, run_after=2024-05-03 00:00:00+00:00
[2024-05-03T10:55:51.187+0000] {processor.py:183} INFO - Processing /home/airflow/.local/lib/python3.12/site-packages/airflow/example_dags/example_short_circuit_operator.py took 0.067 seconds
[2024-05-03T10:56:21.356+0000] {processor.py:161} INFO - Started process (PID=2219) to work on /home/airflow/.local/lib/python3.12/site-packages/airflow/example_dags/example_short_circuit_operator.py
[2024-05-03T10:56:21.357+0000] {processor.py:830} INFO - Processing file /home/airflow/.local/lib/python3.12/site-packages/airflow/example_dags/example_short_circuit_operator.py for tasks to queue
[2024-05-03T10:56:21.359+0000] {logging_mixin.py:188} INFO - [2024-05-03T10:56:21.358+0000] {dagbag.py:540} INFO - Filling up the DagBag from /home/airflow/.local/lib/python3.12/site-packages/airflow/example_dags/example_short_circuit_operator.py
[2024-05-03T10:56:21.365+0000] {processor.py:840} INFO - DAG(s) 'example_short_circuit_operator' retrieved from /home/airflow/.local/lib/python3.12/site-packages/airflow/example_dags/example_short_circuit_operator.py
[2024-05-03T10:56:21.384+0000] {logging_mixin.py:188} INFO - [2024-05-03T10:56:21.384+0000] {dag.py:3096} INFO - Sync 1 DAGs
[2024-05-03T10:56:21.403+0000] {logging_mixin.py:188} INFO - [2024-05-03T10:56:21.403+0000] {dag.py:3954} INFO - Setting next_dagrun for example_short_circuit_operator to 2024-05-02 00:00:00+00:00, run_after=2024-05-03 00:00:00+00:00
[2024-05-03T10:56:21.420+0000] {processor.py:183} INFO - Processing /home/airflow/.local/lib/python3.12/site-packages/airflow/example_dags/example_short_circuit_operator.py took 0.070 seconds
[2024-05-03T10:56:51.541+0000] {processor.py:161} INFO - Started process (PID=2277) to work on /home/airflow/.local/lib/python3.12/site-packages/airflow/example_dags/example_short_circuit_operator.py
[2024-05-03T10:56:51.542+0000] {processor.py:830} INFO - Processing file /home/airflow/.local/lib/python3.12/site-packages/airflow/example_dags/example_short_circuit_operator.py for tasks to queue
[2024-05-03T10:56:51.544+0000] {logging_mixin.py:188} INFO - [2024-05-03T10:56:51.544+0000] {dagbag.py:540} INFO - Filling up the DagBag from /home/airflow/.local/lib/python3.12/site-packages/airflow/example_dags/example_short_circuit_operator.py
[2024-05-03T10:56:51.550+0000] {processor.py:840} INFO - DAG(s) 'example_short_circuit_operator' retrieved from /home/airflow/.local/lib/python3.12/site-packages/airflow/example_dags/example_short_circuit_operator.py
[2024-05-03T10:56:51.569+0000] {logging_mixin.py:188} INFO - [2024-05-03T10:56:51.569+0000] {dag.py:3096} INFO - Sync 1 DAGs
[2024-05-03T10:56:51.588+0000] {logging_mixin.py:188} INFO - [2024-05-03T10:56:51.588+0000] {dag.py:3954} INFO - Setting next_dagrun for example_short_circuit_operator to 2024-05-02 00:00:00+00:00, run_after=2024-05-03 00:00:00+00:00
[2024-05-03T10:56:51.606+0000] {processor.py:183} INFO - Processing /home/airflow/.local/lib/python3.12/site-packages/airflow/example_dags/example_short_circuit_operator.py took 0.069 seconds
[2024-05-03T10:57:21.704+0000] {processor.py:161} INFO - Started process (PID=2335) to work on /home/airflow/.local/lib/python3.12/site-packages/airflow/example_dags/example_short_circuit_operator.py
[2024-05-03T10:57:21.705+0000] {processor.py:830} INFO - Processing file /home/airflow/.local/lib/python3.12/site-packages/airflow/example_dags/example_short_circuit_operator.py for tasks to queue
[2024-05-03T10:57:21.707+0000] {logging_mixin.py:188} INFO - [2024-05-03T10:57:21.706+0000] {dagbag.py:540} INFO - Filling up the DagBag from /home/airflow/.local/lib/python3.12/site-packages/airflow/example_dags/example_short_circuit_operator.py
[2024-05-03T10:57:21.712+0000] {processor.py:840} INFO - DAG(s) 'example_short_circuit_operator' retrieved from /home/airflow/.local/lib/python3.12/site-packages/airflow/example_dags/example_short_circuit_operator.py
[2024-05-03T10:57:21.731+0000] {logging_mixin.py:188} INFO - [2024-05-03T10:57:21.731+0000] {dag.py:3096} INFO - Sync 1 DAGs
[2024-05-03T10:57:21.749+0000] {logging_mixin.py:188} INFO - [2024-05-03T10:57:21.749+0000] {dag.py:3954} INFO - Setting next_dagrun for example_short_circuit_operator to 2024-05-02 00:00:00+00:00, run_after=2024-05-03 00:00:00+00:00
[2024-05-03T10:57:21.765+0000] {processor.py:183} INFO - Processing /home/airflow/.local/lib/python3.12/site-packages/airflow/example_dags/example_short_circuit_operator.py took 0.066 seconds
[2024-05-03T10:57:51.922+0000] {processor.py:161} INFO - Started process (PID=2393) to work on /home/airflow/.local/lib/python3.12/site-packages/airflow/example_dags/example_short_circuit_operator.py
[2024-05-03T10:57:51.923+0000] {processor.py:830} INFO - Processing file /home/airflow/.local/lib/python3.12/site-packages/airflow/example_dags/example_short_circuit_operator.py for tasks to queue
[2024-05-03T10:57:51.924+0000] {logging_mixin.py:188} INFO - [2024-05-03T10:57:51.924+0000] {dagbag.py:540} INFO - Filling up the DagBag from /home/airflow/.local/lib/python3.12/site-packages/airflow/example_dags/example_short_circuit_operator.py
[2024-05-03T10:57:51.930+0000] {processor.py:840} INFO - DAG(s) 'example_short_circuit_operator' retrieved from /home/airflow/.local/lib/python3.12/site-packages/airflow/example_dags/example_short_circuit_operator.py
[2024-05-03T10:57:51.950+0000] {logging_mixin.py:188} INFO - [2024-05-03T10:57:51.949+0000] {dag.py:3096} INFO - Sync 1 DAGs
[2024-05-03T10:57:51.969+0000] {logging_mixin.py:188} INFO - [2024-05-03T10:57:51.968+0000] {dag.py:3954} INFO - Setting next_dagrun for example_short_circuit_operator to 2024-05-02 00:00:00+00:00, run_after=2024-05-03 00:00:00+00:00
[2024-05-03T10:57:51.985+0000] {processor.py:183} INFO - Processing /home/airflow/.local/lib/python3.12/site-packages/airflow/example_dags/example_short_circuit_operator.py took 0.067 seconds
[2024-05-03T10:58:22.135+0000] {processor.py:161} INFO - Started process (PID=2452) to work on /home/airflow/.local/lib/python3.12/site-packages/airflow/example_dags/example_short_circuit_operator.py
[2024-05-03T10:58:22.136+0000] {processor.py:830} INFO - Processing file /home/airflow/.local/lib/python3.12/site-packages/airflow/example_dags/example_short_circuit_operator.py for tasks to queue
[2024-05-03T10:58:22.137+0000] {logging_mixin.py:188} INFO - [2024-05-03T10:58:22.137+0000] {dagbag.py:540} INFO - Filling up the DagBag from /home/airflow/.local/lib/python3.12/site-packages/airflow/example_dags/example_short_circuit_operator.py
[2024-05-03T10:58:22.144+0000] {processor.py:840} INFO - DAG(s) 'example_short_circuit_operator' retrieved from /home/airflow/.local/lib/python3.12/site-packages/airflow/example_dags/example_short_circuit_operator.py
[2024-05-03T10:58:22.163+0000] {logging_mixin.py:188} INFO - [2024-05-03T10:58:22.162+0000] {dag.py:3096} INFO - Sync 1 DAGs
[2024-05-03T10:58:22.182+0000] {logging_mixin.py:188} INFO - [2024-05-03T10:58:22.182+0000] {dag.py:3954} INFO - Setting next_dagrun for example_short_circuit_operator to 2024-05-02 00:00:00+00:00, run_after=2024-05-03 00:00:00+00:00
[2024-05-03T10:58:22.198+0000] {processor.py:183} INFO - Processing /home/airflow/.local/lib/python3.12/site-packages/airflow/example_dags/example_short_circuit_operator.py took 0.068 seconds
