[2024-05-03T10:37:31.920+0000] {processor.py:161} INFO - Started process (PID=43) to work on /home/airflow/.local/lib/python3.12/site-packages/airflow/example_dags/example_sensors.py
[2024-05-03T10:37:31.921+0000] {processor.py:830} INFO - Processing file /home/airflow/.local/lib/python3.12/site-packages/airflow/example_dags/example_sensors.py for tasks to queue
[2024-05-03T10:37:31.924+0000] {logging_mixin.py:188} INFO - [2024-05-03T10:37:31.923+0000] {dagbag.py:540} INFO - Filling up the DagBag from /home/airflow/.local/lib/python3.12/site-packages/airflow/example_dags/example_sensors.py
[2024-05-03T10:37:31.937+0000] {processor.py:840} INFO - DAG(s) 'example_sensors' retrieved from /home/airflow/.local/lib/python3.12/site-packages/airflow/example_dags/example_sensors.py
[2024-05-03T10:37:32.088+0000] {logging_mixin.py:188} INFO - [2024-05-03T10:37:32.087+0000] {dag.py:3096} INFO - Sync 1 DAGs
[2024-05-03T10:37:32.098+0000] {logging_mixin.py:188} INFO - [2024-05-03T10:37:32.098+0000] {dag.py:3954} INFO - Setting next_dagrun for example_sensors to None, run_after=None
[2024-05-03T10:37:32.122+0000] {processor.py:183} INFO - Processing /home/airflow/.local/lib/python3.12/site-packages/airflow/example_dags/example_sensors.py took 0.207 seconds
[2024-05-03T10:38:02.514+0000] {processor.py:161} INFO - Started process (PID=101) to work on /home/airflow/.local/lib/python3.12/site-packages/airflow/example_dags/example_sensors.py
[2024-05-03T10:38:02.514+0000] {processor.py:830} INFO - Processing file /home/airflow/.local/lib/python3.12/site-packages/airflow/example_dags/example_sensors.py for tasks to queue
[2024-05-03T10:38:02.516+0000] {logging_mixin.py:188} INFO - [2024-05-03T10:38:02.516+0000] {dagbag.py:540} INFO - Filling up the DagBag from /home/airflow/.local/lib/python3.12/site-packages/airflow/example_dags/example_sensors.py
[2024-05-03T10:38:02.522+0000] {processor.py:840} INFO - DAG(s) 'example_sensors' retrieved from /home/airflow/.local/lib/python3.12/site-packages/airflow/example_dags/example_sensors.py
[2024-05-03T10:38:02.543+0000] {logging_mixin.py:188} INFO - [2024-05-03T10:38:02.543+0000] {dag.py:3096} INFO - Sync 1 DAGs
[2024-05-03T10:38:02.555+0000] {logging_mixin.py:188} INFO - [2024-05-03T10:38:02.554+0000] {dag.py:3954} INFO - Setting next_dagrun for example_sensors to None, run_after=None
[2024-05-03T10:38:02.575+0000] {processor.py:183} INFO - Processing /home/airflow/.local/lib/python3.12/site-packages/airflow/example_dags/example_sensors.py took 0.066 seconds
[2024-05-03T10:38:33.183+0000] {processor.py:161} INFO - Started process (PID=159) to work on /home/airflow/.local/lib/python3.12/site-packages/airflow/example_dags/example_sensors.py
[2024-05-03T10:38:33.184+0000] {processor.py:830} INFO - Processing file /home/airflow/.local/lib/python3.12/site-packages/airflow/example_dags/example_sensors.py for tasks to queue
[2024-05-03T10:38:33.185+0000] {logging_mixin.py:188} INFO - [2024-05-03T10:38:33.185+0000] {dagbag.py:540} INFO - Filling up the DagBag from /home/airflow/.local/lib/python3.12/site-packages/airflow/example_dags/example_sensors.py
[2024-05-03T10:38:33.192+0000] {processor.py:840} INFO - DAG(s) 'example_sensors' retrieved from /home/airflow/.local/lib/python3.12/site-packages/airflow/example_dags/example_sensors.py
[2024-05-03T10:38:33.213+0000] {logging_mixin.py:188} INFO - [2024-05-03T10:38:33.213+0000] {dag.py:3096} INFO - Sync 1 DAGs
[2024-05-03T10:38:33.225+0000] {logging_mixin.py:188} INFO - [2024-05-03T10:38:33.225+0000] {dag.py:3954} INFO - Setting next_dagrun for example_sensors to None, run_after=None
[2024-05-03T10:38:33.241+0000] {processor.py:183} INFO - Processing /home/airflow/.local/lib/python3.12/site-packages/airflow/example_dags/example_sensors.py took 0.063 seconds
[2024-05-03T10:39:03.404+0000] {processor.py:161} INFO - Started process (PID=216) to work on /home/airflow/.local/lib/python3.12/site-packages/airflow/example_dags/example_sensors.py
[2024-05-03T10:39:03.405+0000] {processor.py:830} INFO - Processing file /home/airflow/.local/lib/python3.12/site-packages/airflow/example_dags/example_sensors.py for tasks to queue
[2024-05-03T10:39:03.407+0000] {logging_mixin.py:188} INFO - [2024-05-03T10:39:03.407+0000] {dagbag.py:540} INFO - Filling up the DagBag from /home/airflow/.local/lib/python3.12/site-packages/airflow/example_dags/example_sensors.py
[2024-05-03T10:39:03.414+0000] {processor.py:840} INFO - DAG(s) 'example_sensors' retrieved from /home/airflow/.local/lib/python3.12/site-packages/airflow/example_dags/example_sensors.py
[2024-05-03T10:39:03.437+0000] {logging_mixin.py:188} INFO - [2024-05-03T10:39:03.437+0000] {dag.py:3096} INFO - Sync 1 DAGs
[2024-05-03T10:39:03.450+0000] {logging_mixin.py:188} INFO - [2024-05-03T10:39:03.450+0000] {dag.py:3954} INFO - Setting next_dagrun for example_sensors to None, run_after=None
[2024-05-03T10:39:03.473+0000] {processor.py:183} INFO - Processing /home/airflow/.local/lib/python3.12/site-packages/airflow/example_dags/example_sensors.py took 0.073 seconds
[2024-05-03T10:39:34.211+0000] {processor.py:161} INFO - Started process (PID=275) to work on /home/airflow/.local/lib/python3.12/site-packages/airflow/example_dags/example_sensors.py
[2024-05-03T10:39:34.212+0000] {processor.py:830} INFO - Processing file /home/airflow/.local/lib/python3.12/site-packages/airflow/example_dags/example_sensors.py for tasks to queue
[2024-05-03T10:39:34.215+0000] {logging_mixin.py:188} INFO - [2024-05-03T10:39:34.214+0000] {dagbag.py:540} INFO - Filling up the DagBag from /home/airflow/.local/lib/python3.12/site-packages/airflow/example_dags/example_sensors.py
[2024-05-03T10:39:34.224+0000] {processor.py:840} INFO - DAG(s) 'example_sensors' retrieved from /home/airflow/.local/lib/python3.12/site-packages/airflow/example_dags/example_sensors.py
[2024-05-03T10:39:34.249+0000] {logging_mixin.py:188} INFO - [2024-05-03T10:39:34.249+0000] {dag.py:3096} INFO - Sync 1 DAGs
[2024-05-03T10:39:34.262+0000] {logging_mixin.py:188} INFO - [2024-05-03T10:39:34.262+0000] {dag.py:3954} INFO - Setting next_dagrun for example_sensors to None, run_after=None
[2024-05-03T10:39:34.283+0000] {processor.py:183} INFO - Processing /home/airflow/.local/lib/python3.12/site-packages/airflow/example_dags/example_sensors.py took 0.077 seconds
[2024-05-03T10:40:04.702+0000] {processor.py:161} INFO - Started process (PID=333) to work on /home/airflow/.local/lib/python3.12/site-packages/airflow/example_dags/example_sensors.py
[2024-05-03T10:40:04.703+0000] {processor.py:830} INFO - Processing file /home/airflow/.local/lib/python3.12/site-packages/airflow/example_dags/example_sensors.py for tasks to queue
[2024-05-03T10:40:04.705+0000] {logging_mixin.py:188} INFO - [2024-05-03T10:40:04.704+0000] {dagbag.py:540} INFO - Filling up the DagBag from /home/airflow/.local/lib/python3.12/site-packages/airflow/example_dags/example_sensors.py
[2024-05-03T10:40:04.712+0000] {processor.py:840} INFO - DAG(s) 'example_sensors' retrieved from /home/airflow/.local/lib/python3.12/site-packages/airflow/example_dags/example_sensors.py
[2024-05-03T10:40:04.734+0000] {logging_mixin.py:188} INFO - [2024-05-03T10:40:04.733+0000] {dag.py:3096} INFO - Sync 1 DAGs
[2024-05-03T10:40:04.745+0000] {logging_mixin.py:188} INFO - [2024-05-03T10:40:04.744+0000] {dag.py:3954} INFO - Setting next_dagrun for example_sensors to None, run_after=None
[2024-05-03T10:40:04.770+0000] {processor.py:183} INFO - Processing /home/airflow/.local/lib/python3.12/site-packages/airflow/example_dags/example_sensors.py took 0.072 seconds
[2024-05-03T10:40:35.068+0000] {processor.py:161} INFO - Started process (PID=390) to work on /home/airflow/.local/lib/python3.12/site-packages/airflow/example_dags/example_sensors.py
[2024-05-03T10:40:35.069+0000] {processor.py:830} INFO - Processing file /home/airflow/.local/lib/python3.12/site-packages/airflow/example_dags/example_sensors.py for tasks to queue
[2024-05-03T10:40:35.071+0000] {logging_mixin.py:188} INFO - [2024-05-03T10:40:35.070+0000] {dagbag.py:540} INFO - Filling up the DagBag from /home/airflow/.local/lib/python3.12/site-packages/airflow/example_dags/example_sensors.py
[2024-05-03T10:40:35.078+0000] {processor.py:840} INFO - DAG(s) 'example_sensors' retrieved from /home/airflow/.local/lib/python3.12/site-packages/airflow/example_dags/example_sensors.py
[2024-05-03T10:40:35.100+0000] {logging_mixin.py:188} INFO - [2024-05-03T10:40:35.099+0000] {dag.py:3096} INFO - Sync 1 DAGs
[2024-05-03T10:40:35.110+0000] {logging_mixin.py:188} INFO - [2024-05-03T10:40:35.110+0000] {dag.py:3954} INFO - Setting next_dagrun for example_sensors to None, run_after=None
[2024-05-03T10:40:35.128+0000] {processor.py:183} INFO - Processing /home/airflow/.local/lib/python3.12/site-packages/airflow/example_dags/example_sensors.py took 0.064 seconds
[2024-05-03T10:41:05.608+0000] {processor.py:161} INFO - Started process (PID=448) to work on /home/airflow/.local/lib/python3.12/site-packages/airflow/example_dags/example_sensors.py
[2024-05-03T10:41:05.609+0000] {processor.py:830} INFO - Processing file /home/airflow/.local/lib/python3.12/site-packages/airflow/example_dags/example_sensors.py for tasks to queue
[2024-05-03T10:41:05.611+0000] {logging_mixin.py:188} INFO - [2024-05-03T10:41:05.610+0000] {dagbag.py:540} INFO - Filling up the DagBag from /home/airflow/.local/lib/python3.12/site-packages/airflow/example_dags/example_sensors.py
[2024-05-03T10:41:05.620+0000] {processor.py:840} INFO - DAG(s) 'example_sensors' retrieved from /home/airflow/.local/lib/python3.12/site-packages/airflow/example_dags/example_sensors.py
[2024-05-03T10:41:05.650+0000] {logging_mixin.py:188} INFO - [2024-05-03T10:41:05.650+0000] {dag.py:3096} INFO - Sync 1 DAGs
[2024-05-03T10:41:05.667+0000] {logging_mixin.py:188} INFO - [2024-05-03T10:41:05.667+0000] {dag.py:3954} INFO - Setting next_dagrun for example_sensors to None, run_after=None
[2024-05-03T10:41:05.690+0000] {processor.py:183} INFO - Processing /home/airflow/.local/lib/python3.12/site-packages/airflow/example_dags/example_sensors.py took 0.087 seconds
[2024-05-03T10:41:36.180+0000] {processor.py:161} INFO - Started process (PID=506) to work on /home/airflow/.local/lib/python3.12/site-packages/airflow/example_dags/example_sensors.py
[2024-05-03T10:41:36.181+0000] {processor.py:830} INFO - Processing file /home/airflow/.local/lib/python3.12/site-packages/airflow/example_dags/example_sensors.py for tasks to queue
[2024-05-03T10:41:36.182+0000] {logging_mixin.py:188} INFO - [2024-05-03T10:41:36.182+0000] {dagbag.py:540} INFO - Filling up the DagBag from /home/airflow/.local/lib/python3.12/site-packages/airflow/example_dags/example_sensors.py
[2024-05-03T10:41:36.190+0000] {processor.py:840} INFO - DAG(s) 'example_sensors' retrieved from /home/airflow/.local/lib/python3.12/site-packages/airflow/example_dags/example_sensors.py
[2024-05-03T10:41:36.212+0000] {logging_mixin.py:188} INFO - [2024-05-03T10:41:36.212+0000] {dag.py:3096} INFO - Sync 1 DAGs
[2024-05-03T10:41:36.224+0000] {logging_mixin.py:188} INFO - [2024-05-03T10:41:36.224+0000] {dag.py:3954} INFO - Setting next_dagrun for example_sensors to None, run_after=None
[2024-05-03T10:41:36.241+0000] {processor.py:183} INFO - Processing /home/airflow/.local/lib/python3.12/site-packages/airflow/example_dags/example_sensors.py took 0.066 seconds
[2024-05-03T10:42:06.773+0000] {processor.py:161} INFO - Started process (PID=564) to work on /home/airflow/.local/lib/python3.12/site-packages/airflow/example_dags/example_sensors.py
[2024-05-03T10:42:06.774+0000] {processor.py:830} INFO - Processing file /home/airflow/.local/lib/python3.12/site-packages/airflow/example_dags/example_sensors.py for tasks to queue
[2024-05-03T10:42:06.775+0000] {logging_mixin.py:188} INFO - [2024-05-03T10:42:06.775+0000] {dagbag.py:540} INFO - Filling up the DagBag from /home/airflow/.local/lib/python3.12/site-packages/airflow/example_dags/example_sensors.py
[2024-05-03T10:42:06.783+0000] {processor.py:840} INFO - DAG(s) 'example_sensors' retrieved from /home/airflow/.local/lib/python3.12/site-packages/airflow/example_dags/example_sensors.py
[2024-05-03T10:42:06.805+0000] {logging_mixin.py:188} INFO - [2024-05-03T10:42:06.805+0000] {dag.py:3096} INFO - Sync 1 DAGs
[2024-05-03T10:42:06.816+0000] {logging_mixin.py:188} INFO - [2024-05-03T10:42:06.816+0000] {dag.py:3954} INFO - Setting next_dagrun for example_sensors to None, run_after=None
[2024-05-03T10:42:06.832+0000] {processor.py:183} INFO - Processing /home/airflow/.local/lib/python3.12/site-packages/airflow/example_dags/example_sensors.py took 0.064 seconds
[2024-05-03T10:42:37.358+0000] {processor.py:161} INFO - Started process (PID=622) to work on /home/airflow/.local/lib/python3.12/site-packages/airflow/example_dags/example_sensors.py
[2024-05-03T10:42:37.359+0000] {processor.py:830} INFO - Processing file /home/airflow/.local/lib/python3.12/site-packages/airflow/example_dags/example_sensors.py for tasks to queue
[2024-05-03T10:42:37.361+0000] {logging_mixin.py:188} INFO - [2024-05-03T10:42:37.361+0000] {dagbag.py:540} INFO - Filling up the DagBag from /home/airflow/.local/lib/python3.12/site-packages/airflow/example_dags/example_sensors.py
[2024-05-03T10:42:37.368+0000] {processor.py:840} INFO - DAG(s) 'example_sensors' retrieved from /home/airflow/.local/lib/python3.12/site-packages/airflow/example_dags/example_sensors.py
[2024-05-03T10:42:37.395+0000] {logging_mixin.py:188} INFO - [2024-05-03T10:42:37.394+0000] {dag.py:3096} INFO - Sync 1 DAGs
[2024-05-03T10:42:37.406+0000] {logging_mixin.py:188} INFO - [2024-05-03T10:42:37.406+0000] {dag.py:3954} INFO - Setting next_dagrun for example_sensors to None, run_after=None
[2024-05-03T10:42:37.424+0000] {processor.py:183} INFO - Processing /home/airflow/.local/lib/python3.12/site-packages/airflow/example_dags/example_sensors.py took 0.071 seconds
[2024-05-03T10:43:07.678+0000] {processor.py:161} INFO - Started process (PID=680) to work on /home/airflow/.local/lib/python3.12/site-packages/airflow/example_dags/example_sensors.py
[2024-05-03T10:43:07.679+0000] {processor.py:830} INFO - Processing file /home/airflow/.local/lib/python3.12/site-packages/airflow/example_dags/example_sensors.py for tasks to queue
[2024-05-03T10:43:07.680+0000] {logging_mixin.py:188} INFO - [2024-05-03T10:43:07.680+0000] {dagbag.py:540} INFO - Filling up the DagBag from /home/airflow/.local/lib/python3.12/site-packages/airflow/example_dags/example_sensors.py
[2024-05-03T10:43:07.687+0000] {processor.py:840} INFO - DAG(s) 'example_sensors' retrieved from /home/airflow/.local/lib/python3.12/site-packages/airflow/example_dags/example_sensors.py
[2024-05-03T10:43:07.708+0000] {logging_mixin.py:188} INFO - [2024-05-03T10:43:07.708+0000] {dag.py:3096} INFO - Sync 1 DAGs
[2024-05-03T10:43:07.719+0000] {logging_mixin.py:188} INFO - [2024-05-03T10:43:07.719+0000] {dag.py:3954} INFO - Setting next_dagrun for example_sensors to None, run_after=None
[2024-05-03T10:43:07.737+0000] {processor.py:183} INFO - Processing /home/airflow/.local/lib/python3.12/site-packages/airflow/example_dags/example_sensors.py took 0.063 seconds
[2024-05-03T10:43:38.299+0000] {processor.py:161} INFO - Started process (PID=738) to work on /home/airflow/.local/lib/python3.12/site-packages/airflow/example_dags/example_sensors.py
[2024-05-03T10:43:38.300+0000] {processor.py:830} INFO - Processing file /home/airflow/.local/lib/python3.12/site-packages/airflow/example_dags/example_sensors.py for tasks to queue
[2024-05-03T10:43:38.301+0000] {logging_mixin.py:188} INFO - [2024-05-03T10:43:38.301+0000] {dagbag.py:540} INFO - Filling up the DagBag from /home/airflow/.local/lib/python3.12/site-packages/airflow/example_dags/example_sensors.py
[2024-05-03T10:43:38.308+0000] {processor.py:840} INFO - DAG(s) 'example_sensors' retrieved from /home/airflow/.local/lib/python3.12/site-packages/airflow/example_dags/example_sensors.py
[2024-05-03T10:43:38.328+0000] {logging_mixin.py:188} INFO - [2024-05-03T10:43:38.328+0000] {dag.py:3096} INFO - Sync 1 DAGs
[2024-05-03T10:43:38.338+0000] {logging_mixin.py:188} INFO - [2024-05-03T10:43:38.338+0000] {dag.py:3954} INFO - Setting next_dagrun for example_sensors to None, run_after=None
[2024-05-03T10:43:38.355+0000] {processor.py:183} INFO - Processing /home/airflow/.local/lib/python3.12/site-packages/airflow/example_dags/example_sensors.py took 0.061 seconds
[2024-05-03T10:44:08.550+0000] {processor.py:161} INFO - Started process (PID=796) to work on /home/airflow/.local/lib/python3.12/site-packages/airflow/example_dags/example_sensors.py
[2024-05-03T10:44:08.551+0000] {processor.py:830} INFO - Processing file /home/airflow/.local/lib/python3.12/site-packages/airflow/example_dags/example_sensors.py for tasks to queue
[2024-05-03T10:44:08.553+0000] {logging_mixin.py:188} INFO - [2024-05-03T10:44:08.553+0000] {dagbag.py:540} INFO - Filling up the DagBag from /home/airflow/.local/lib/python3.12/site-packages/airflow/example_dags/example_sensors.py
[2024-05-03T10:44:08.560+0000] {processor.py:840} INFO - DAG(s) 'example_sensors' retrieved from /home/airflow/.local/lib/python3.12/site-packages/airflow/example_dags/example_sensors.py
[2024-05-03T10:44:08.582+0000] {logging_mixin.py:188} INFO - [2024-05-03T10:44:08.582+0000] {dag.py:3096} INFO - Sync 1 DAGs
[2024-05-03T10:44:08.593+0000] {logging_mixin.py:188} INFO - [2024-05-03T10:44:08.593+0000] {dag.py:3954} INFO - Setting next_dagrun for example_sensors to None, run_after=None
[2024-05-03T10:44:08.610+0000] {processor.py:183} INFO - Processing /home/airflow/.local/lib/python3.12/site-packages/airflow/example_dags/example_sensors.py took 0.065 seconds
[2024-05-03T10:44:38.912+0000] {processor.py:161} INFO - Started process (PID=854) to work on /home/airflow/.local/lib/python3.12/site-packages/airflow/example_dags/example_sensors.py
[2024-05-03T10:44:38.914+0000] {processor.py:830} INFO - Processing file /home/airflow/.local/lib/python3.12/site-packages/airflow/example_dags/example_sensors.py for tasks to queue
[2024-05-03T10:44:38.915+0000] {logging_mixin.py:188} INFO - [2024-05-03T10:44:38.915+0000] {dagbag.py:540} INFO - Filling up the DagBag from /home/airflow/.local/lib/python3.12/site-packages/airflow/example_dags/example_sensors.py
[2024-05-03T10:44:38.924+0000] {processor.py:840} INFO - DAG(s) 'example_sensors' retrieved from /home/airflow/.local/lib/python3.12/site-packages/airflow/example_dags/example_sensors.py
[2024-05-03T10:44:38.949+0000] {logging_mixin.py:188} INFO - [2024-05-03T10:44:38.948+0000] {dag.py:3096} INFO - Sync 1 DAGs
[2024-05-03T10:44:38.961+0000] {logging_mixin.py:188} INFO - [2024-05-03T10:44:38.961+0000] {dag.py:3954} INFO - Setting next_dagrun for example_sensors to None, run_after=None
[2024-05-03T10:44:38.978+0000] {processor.py:183} INFO - Processing /home/airflow/.local/lib/python3.12/site-packages/airflow/example_dags/example_sensors.py took 0.072 seconds
[2024-05-03T10:45:09.333+0000] {processor.py:161} INFO - Started process (PID=912) to work on /home/airflow/.local/lib/python3.12/site-packages/airflow/example_dags/example_sensors.py
[2024-05-03T10:45:09.334+0000] {processor.py:830} INFO - Processing file /home/airflow/.local/lib/python3.12/site-packages/airflow/example_dags/example_sensors.py for tasks to queue
[2024-05-03T10:45:09.336+0000] {logging_mixin.py:188} INFO - [2024-05-03T10:45:09.336+0000] {dagbag.py:540} INFO - Filling up the DagBag from /home/airflow/.local/lib/python3.12/site-packages/airflow/example_dags/example_sensors.py
[2024-05-03T10:45:09.343+0000] {processor.py:840} INFO - DAG(s) 'example_sensors' retrieved from /home/airflow/.local/lib/python3.12/site-packages/airflow/example_dags/example_sensors.py
[2024-05-03T10:45:09.364+0000] {logging_mixin.py:188} INFO - [2024-05-03T10:45:09.364+0000] {dag.py:3096} INFO - Sync 1 DAGs
[2024-05-03T10:45:09.375+0000] {logging_mixin.py:188} INFO - [2024-05-03T10:45:09.374+0000] {dag.py:3954} INFO - Setting next_dagrun for example_sensors to None, run_after=None
[2024-05-03T10:45:09.390+0000] {processor.py:183} INFO - Processing /home/airflow/.local/lib/python3.12/site-packages/airflow/example_dags/example_sensors.py took 0.062 seconds
[2024-05-03T10:45:40.015+0000] {processor.py:161} INFO - Started process (PID=972) to work on /home/airflow/.local/lib/python3.12/site-packages/airflow/example_dags/example_sensors.py
[2024-05-03T10:45:40.016+0000] {processor.py:830} INFO - Processing file /home/airflow/.local/lib/python3.12/site-packages/airflow/example_dags/example_sensors.py for tasks to queue
[2024-05-03T10:45:40.017+0000] {logging_mixin.py:188} INFO - [2024-05-03T10:45:40.017+0000] {dagbag.py:540} INFO - Filling up the DagBag from /home/airflow/.local/lib/python3.12/site-packages/airflow/example_dags/example_sensors.py
[2024-05-03T10:45:40.024+0000] {processor.py:840} INFO - DAG(s) 'example_sensors' retrieved from /home/airflow/.local/lib/python3.12/site-packages/airflow/example_dags/example_sensors.py
[2024-05-03T10:45:40.045+0000] {logging_mixin.py:188} INFO - [2024-05-03T10:45:40.045+0000] {dag.py:3096} INFO - Sync 1 DAGs
[2024-05-03T10:45:40.056+0000] {logging_mixin.py:188} INFO - [2024-05-03T10:45:40.055+0000] {dag.py:3954} INFO - Setting next_dagrun for example_sensors to None, run_after=None
[2024-05-03T10:45:40.072+0000] {processor.py:183} INFO - Processing /home/airflow/.local/lib/python3.12/site-packages/airflow/example_dags/example_sensors.py took 0.062 seconds
[2024-05-03T10:46:10.455+0000] {processor.py:161} INFO - Started process (PID=1030) to work on /home/airflow/.local/lib/python3.12/site-packages/airflow/example_dags/example_sensors.py
[2024-05-03T10:46:10.456+0000] {processor.py:830} INFO - Processing file /home/airflow/.local/lib/python3.12/site-packages/airflow/example_dags/example_sensors.py for tasks to queue
[2024-05-03T10:46:10.458+0000] {logging_mixin.py:188} INFO - [2024-05-03T10:46:10.458+0000] {dagbag.py:540} INFO - Filling up the DagBag from /home/airflow/.local/lib/python3.12/site-packages/airflow/example_dags/example_sensors.py
[2024-05-03T10:46:10.465+0000] {processor.py:840} INFO - DAG(s) 'example_sensors' retrieved from /home/airflow/.local/lib/python3.12/site-packages/airflow/example_dags/example_sensors.py
[2024-05-03T10:46:10.488+0000] {logging_mixin.py:188} INFO - [2024-05-03T10:46:10.488+0000] {dag.py:3096} INFO - Sync 1 DAGs
[2024-05-03T10:46:10.501+0000] {logging_mixin.py:188} INFO - [2024-05-03T10:46:10.500+0000] {dag.py:3954} INFO - Setting next_dagrun for example_sensors to None, run_after=None
[2024-05-03T10:46:10.641+0000] {processor.py:183} INFO - Processing /home/airflow/.local/lib/python3.12/site-packages/airflow/example_dags/example_sensors.py took 0.190 seconds
[2024-05-03T10:46:41.082+0000] {processor.py:161} INFO - Started process (PID=1088) to work on /home/airflow/.local/lib/python3.12/site-packages/airflow/example_dags/example_sensors.py
[2024-05-03T10:46:41.083+0000] {processor.py:830} INFO - Processing file /home/airflow/.local/lib/python3.12/site-packages/airflow/example_dags/example_sensors.py for tasks to queue
[2024-05-03T10:46:41.085+0000] {logging_mixin.py:188} INFO - [2024-05-03T10:46:41.084+0000] {dagbag.py:540} INFO - Filling up the DagBag from /home/airflow/.local/lib/python3.12/site-packages/airflow/example_dags/example_sensors.py
[2024-05-03T10:46:41.092+0000] {processor.py:840} INFO - DAG(s) 'example_sensors' retrieved from /home/airflow/.local/lib/python3.12/site-packages/airflow/example_dags/example_sensors.py
[2024-05-03T10:46:41.114+0000] {logging_mixin.py:188} INFO - [2024-05-03T10:46:41.114+0000] {dag.py:3096} INFO - Sync 1 DAGs
[2024-05-03T10:46:41.125+0000] {logging_mixin.py:188} INFO - [2024-05-03T10:46:41.125+0000] {dag.py:3954} INFO - Setting next_dagrun for example_sensors to None, run_after=None
[2024-05-03T10:46:41.144+0000] {processor.py:183} INFO - Processing /home/airflow/.local/lib/python3.12/site-packages/airflow/example_dags/example_sensors.py took 0.066 seconds
[2024-05-03T10:47:12.096+0000] {processor.py:161} INFO - Started process (PID=1146) to work on /home/airflow/.local/lib/python3.12/site-packages/airflow/example_dags/example_sensors.py
[2024-05-03T10:47:12.097+0000] {processor.py:830} INFO - Processing file /home/airflow/.local/lib/python3.12/site-packages/airflow/example_dags/example_sensors.py for tasks to queue
[2024-05-03T10:47:12.099+0000] {logging_mixin.py:188} INFO - [2024-05-03T10:47:12.099+0000] {dagbag.py:540} INFO - Filling up the DagBag from /home/airflow/.local/lib/python3.12/site-packages/airflow/example_dags/example_sensors.py
[2024-05-03T10:47:12.106+0000] {processor.py:840} INFO - DAG(s) 'example_sensors' retrieved from /home/airflow/.local/lib/python3.12/site-packages/airflow/example_dags/example_sensors.py
[2024-05-03T10:47:12.127+0000] {logging_mixin.py:188} INFO - [2024-05-03T10:47:12.126+0000] {dag.py:3096} INFO - Sync 1 DAGs
[2024-05-03T10:47:12.138+0000] {logging_mixin.py:188} INFO - [2024-05-03T10:47:12.137+0000] {dag.py:3954} INFO - Setting next_dagrun for example_sensors to None, run_after=None
[2024-05-03T10:47:12.158+0000] {processor.py:183} INFO - Processing /home/airflow/.local/lib/python3.12/site-packages/airflow/example_dags/example_sensors.py took 0.066 seconds
[2024-05-03T10:47:42.245+0000] {processor.py:161} INFO - Started process (PID=1203) to work on /home/airflow/.local/lib/python3.12/site-packages/airflow/example_dags/example_sensors.py
[2024-05-03T10:47:42.246+0000] {processor.py:830} INFO - Processing file /home/airflow/.local/lib/python3.12/site-packages/airflow/example_dags/example_sensors.py for tasks to queue
[2024-05-03T10:47:42.248+0000] {logging_mixin.py:188} INFO - [2024-05-03T10:47:42.247+0000] {dagbag.py:540} INFO - Filling up the DagBag from /home/airflow/.local/lib/python3.12/site-packages/airflow/example_dags/example_sensors.py
[2024-05-03T10:47:42.255+0000] {processor.py:840} INFO - DAG(s) 'example_sensors' retrieved from /home/airflow/.local/lib/python3.12/site-packages/airflow/example_dags/example_sensors.py
[2024-05-03T10:47:42.282+0000] {logging_mixin.py:188} INFO - [2024-05-03T10:47:42.281+0000] {dag.py:3096} INFO - Sync 1 DAGs
[2024-05-03T10:47:42.295+0000] {logging_mixin.py:188} INFO - [2024-05-03T10:47:42.295+0000] {dag.py:3954} INFO - Setting next_dagrun for example_sensors to None, run_after=None
[2024-05-03T10:47:42.315+0000] {processor.py:183} INFO - Processing /home/airflow/.local/lib/python3.12/site-packages/airflow/example_dags/example_sensors.py took 0.077 seconds
[2024-05-03T10:48:12.826+0000] {processor.py:161} INFO - Started process (PID=1261) to work on /home/airflow/.local/lib/python3.12/site-packages/airflow/example_dags/example_sensors.py
[2024-05-03T10:48:12.827+0000] {processor.py:830} INFO - Processing file /home/airflow/.local/lib/python3.12/site-packages/airflow/example_dags/example_sensors.py for tasks to queue
[2024-05-03T10:48:12.829+0000] {logging_mixin.py:188} INFO - [2024-05-03T10:48:12.828+0000] {dagbag.py:540} INFO - Filling up the DagBag from /home/airflow/.local/lib/python3.12/site-packages/airflow/example_dags/example_sensors.py
[2024-05-03T10:48:12.836+0000] {processor.py:840} INFO - DAG(s) 'example_sensors' retrieved from /home/airflow/.local/lib/python3.12/site-packages/airflow/example_dags/example_sensors.py
[2024-05-03T10:48:12.854+0000] {logging_mixin.py:188} INFO - [2024-05-03T10:48:12.854+0000] {dag.py:3096} INFO - Sync 1 DAGs
[2024-05-03T10:48:12.864+0000] {logging_mixin.py:188} INFO - [2024-05-03T10:48:12.864+0000] {dag.py:3954} INFO - Setting next_dagrun for example_sensors to None, run_after=None
[2024-05-03T10:48:12.880+0000] {processor.py:183} INFO - Processing /home/airflow/.local/lib/python3.12/site-packages/airflow/example_dags/example_sensors.py took 0.059 seconds
[2024-05-03T10:48:43.163+0000] {processor.py:161} INFO - Started process (PID=1319) to work on /home/airflow/.local/lib/python3.12/site-packages/airflow/example_dags/example_sensors.py
[2024-05-03T10:48:43.164+0000] {processor.py:830} INFO - Processing file /home/airflow/.local/lib/python3.12/site-packages/airflow/example_dags/example_sensors.py for tasks to queue
[2024-05-03T10:48:43.166+0000] {logging_mixin.py:188} INFO - [2024-05-03T10:48:43.166+0000] {dagbag.py:540} INFO - Filling up the DagBag from /home/airflow/.local/lib/python3.12/site-packages/airflow/example_dags/example_sensors.py
[2024-05-03T10:48:43.173+0000] {processor.py:840} INFO - DAG(s) 'example_sensors' retrieved from /home/airflow/.local/lib/python3.12/site-packages/airflow/example_dags/example_sensors.py
[2024-05-03T10:48:43.194+0000] {logging_mixin.py:188} INFO - [2024-05-03T10:48:43.193+0000] {dag.py:3096} INFO - Sync 1 DAGs
[2024-05-03T10:48:43.204+0000] {logging_mixin.py:188} INFO - [2024-05-03T10:48:43.204+0000] {dag.py:3954} INFO - Setting next_dagrun for example_sensors to None, run_after=None
[2024-05-03T10:48:43.221+0000] {processor.py:183} INFO - Processing /home/airflow/.local/lib/python3.12/site-packages/airflow/example_dags/example_sensors.py took 0.063 seconds
[2024-05-03T10:49:13.413+0000] {processor.py:161} INFO - Started process (PID=1377) to work on /home/airflow/.local/lib/python3.12/site-packages/airflow/example_dags/example_sensors.py
[2024-05-03T10:49:13.414+0000] {processor.py:830} INFO - Processing file /home/airflow/.local/lib/python3.12/site-packages/airflow/example_dags/example_sensors.py for tasks to queue
[2024-05-03T10:49:13.416+0000] {logging_mixin.py:188} INFO - [2024-05-03T10:49:13.415+0000] {dagbag.py:540} INFO - Filling up the DagBag from /home/airflow/.local/lib/python3.12/site-packages/airflow/example_dags/example_sensors.py
[2024-05-03T10:49:13.422+0000] {processor.py:840} INFO - DAG(s) 'example_sensors' retrieved from /home/airflow/.local/lib/python3.12/site-packages/airflow/example_dags/example_sensors.py
[2024-05-03T10:49:13.443+0000] {logging_mixin.py:188} INFO - [2024-05-03T10:49:13.443+0000] {dag.py:3096} INFO - Sync 1 DAGs
[2024-05-03T10:49:13.455+0000] {logging_mixin.py:188} INFO - [2024-05-03T10:49:13.455+0000] {dag.py:3954} INFO - Setting next_dagrun for example_sensors to None, run_after=None
[2024-05-03T10:49:13.473+0000] {processor.py:183} INFO - Processing /home/airflow/.local/lib/python3.12/site-packages/airflow/example_dags/example_sensors.py took 0.064 seconds
[2024-05-03T10:49:43.948+0000] {processor.py:161} INFO - Started process (PID=1436) to work on /home/airflow/.local/lib/python3.12/site-packages/airflow/example_dags/example_sensors.py
[2024-05-03T10:49:43.948+0000] {processor.py:830} INFO - Processing file /home/airflow/.local/lib/python3.12/site-packages/airflow/example_dags/example_sensors.py for tasks to queue
[2024-05-03T10:49:43.950+0000] {logging_mixin.py:188} INFO - [2024-05-03T10:49:43.950+0000] {dagbag.py:540} INFO - Filling up the DagBag from /home/airflow/.local/lib/python3.12/site-packages/airflow/example_dags/example_sensors.py
[2024-05-03T10:49:43.959+0000] {processor.py:840} INFO - DAG(s) 'example_sensors' retrieved from /home/airflow/.local/lib/python3.12/site-packages/airflow/example_dags/example_sensors.py
[2024-05-03T10:49:43.980+0000] {logging_mixin.py:188} INFO - [2024-05-03T10:49:43.980+0000] {dag.py:3096} INFO - Sync 1 DAGs
[2024-05-03T10:49:43.992+0000] {logging_mixin.py:188} INFO - [2024-05-03T10:49:43.992+0000] {dag.py:3954} INFO - Setting next_dagrun for example_sensors to None, run_after=None
[2024-05-03T10:49:44.010+0000] {processor.py:183} INFO - Processing /home/airflow/.local/lib/python3.12/site-packages/airflow/example_dags/example_sensors.py took 0.068 seconds
[2024-05-03T10:50:14.075+0000] {processor.py:161} INFO - Started process (PID=1493) to work on /home/airflow/.local/lib/python3.12/site-packages/airflow/example_dags/example_sensors.py
[2024-05-03T10:50:14.076+0000] {processor.py:830} INFO - Processing file /home/airflow/.local/lib/python3.12/site-packages/airflow/example_dags/example_sensors.py for tasks to queue
[2024-05-03T10:50:14.077+0000] {logging_mixin.py:188} INFO - [2024-05-03T10:50:14.077+0000] {dagbag.py:540} INFO - Filling up the DagBag from /home/airflow/.local/lib/python3.12/site-packages/airflow/example_dags/example_sensors.py
[2024-05-03T10:50:14.084+0000] {processor.py:840} INFO - DAG(s) 'example_sensors' retrieved from /home/airflow/.local/lib/python3.12/site-packages/airflow/example_dags/example_sensors.py
[2024-05-03T10:50:14.107+0000] {logging_mixin.py:188} INFO - [2024-05-03T10:50:14.107+0000] {dag.py:3096} INFO - Sync 1 DAGs
[2024-05-03T10:50:14.118+0000] {logging_mixin.py:188} INFO - [2024-05-03T10:50:14.117+0000] {dag.py:3954} INFO - Setting next_dagrun for example_sensors to None, run_after=None
[2024-05-03T10:50:14.134+0000] {processor.py:183} INFO - Processing /home/airflow/.local/lib/python3.12/site-packages/airflow/example_dags/example_sensors.py took 0.064 seconds
[2024-05-03T10:50:44.354+0000] {processor.py:161} INFO - Started process (PID=1551) to work on /home/airflow/.local/lib/python3.12/site-packages/airflow/example_dags/example_sensors.py
[2024-05-03T10:50:44.355+0000] {processor.py:830} INFO - Processing file /home/airflow/.local/lib/python3.12/site-packages/airflow/example_dags/example_sensors.py for tasks to queue
[2024-05-03T10:50:44.356+0000] {logging_mixin.py:188} INFO - [2024-05-03T10:50:44.356+0000] {dagbag.py:540} INFO - Filling up the DagBag from /home/airflow/.local/lib/python3.12/site-packages/airflow/example_dags/example_sensors.py
[2024-05-03T10:50:44.363+0000] {processor.py:840} INFO - DAG(s) 'example_sensors' retrieved from /home/airflow/.local/lib/python3.12/site-packages/airflow/example_dags/example_sensors.py
[2024-05-03T10:50:44.384+0000] {logging_mixin.py:188} INFO - [2024-05-03T10:50:44.383+0000] {dag.py:3096} INFO - Sync 1 DAGs
[2024-05-03T10:50:44.395+0000] {logging_mixin.py:188} INFO - [2024-05-03T10:50:44.394+0000] {dag.py:3954} INFO - Setting next_dagrun for example_sensors to None, run_after=None
[2024-05-03T10:50:44.410+0000] {processor.py:183} INFO - Processing /home/airflow/.local/lib/python3.12/site-packages/airflow/example_dags/example_sensors.py took 0.061 seconds
[2024-05-03T10:51:14.548+0000] {processor.py:161} INFO - Started process (PID=1609) to work on /home/airflow/.local/lib/python3.12/site-packages/airflow/example_dags/example_sensors.py
[2024-05-03T10:51:14.548+0000] {processor.py:830} INFO - Processing file /home/airflow/.local/lib/python3.12/site-packages/airflow/example_dags/example_sensors.py for tasks to queue
[2024-05-03T10:51:14.550+0000] {logging_mixin.py:188} INFO - [2024-05-03T10:51:14.550+0000] {dagbag.py:540} INFO - Filling up the DagBag from /home/airflow/.local/lib/python3.12/site-packages/airflow/example_dags/example_sensors.py
[2024-05-03T10:51:14.557+0000] {processor.py:840} INFO - DAG(s) 'example_sensors' retrieved from /home/airflow/.local/lib/python3.12/site-packages/airflow/example_dags/example_sensors.py
[2024-05-03T10:51:14.579+0000] {logging_mixin.py:188} INFO - [2024-05-03T10:51:14.579+0000] {dag.py:3096} INFO - Sync 1 DAGs
[2024-05-03T10:51:14.590+0000] {logging_mixin.py:188} INFO - [2024-05-03T10:51:14.590+0000] {dag.py:3954} INFO - Setting next_dagrun for example_sensors to None, run_after=None
[2024-05-03T10:51:14.609+0000] {processor.py:183} INFO - Processing /home/airflow/.local/lib/python3.12/site-packages/airflow/example_dags/example_sensors.py took 0.066 seconds
[2024-05-03T10:51:44.784+0000] {processor.py:161} INFO - Started process (PID=1667) to work on /home/airflow/.local/lib/python3.12/site-packages/airflow/example_dags/example_sensors.py
[2024-05-03T10:51:44.785+0000] {processor.py:830} INFO - Processing file /home/airflow/.local/lib/python3.12/site-packages/airflow/example_dags/example_sensors.py for tasks to queue
[2024-05-03T10:51:44.786+0000] {logging_mixin.py:188} INFO - [2024-05-03T10:51:44.786+0000] {dagbag.py:540} INFO - Filling up the DagBag from /home/airflow/.local/lib/python3.12/site-packages/airflow/example_dags/example_sensors.py
[2024-05-03T10:51:44.793+0000] {processor.py:840} INFO - DAG(s) 'example_sensors' retrieved from /home/airflow/.local/lib/python3.12/site-packages/airflow/example_dags/example_sensors.py
[2024-05-03T10:51:44.814+0000] {logging_mixin.py:188} INFO - [2024-05-03T10:51:44.814+0000] {dag.py:3096} INFO - Sync 1 DAGs
[2024-05-03T10:51:44.825+0000] {logging_mixin.py:188} INFO - [2024-05-03T10:51:44.825+0000] {dag.py:3954} INFO - Setting next_dagrun for example_sensors to None, run_after=None
[2024-05-03T10:51:44.841+0000] {processor.py:183} INFO - Processing /home/airflow/.local/lib/python3.12/site-packages/airflow/example_dags/example_sensors.py took 0.062 seconds
[2024-05-03T10:52:15.037+0000] {processor.py:161} INFO - Started process (PID=1725) to work on /home/airflow/.local/lib/python3.12/site-packages/airflow/example_dags/example_sensors.py
[2024-05-03T10:52:15.037+0000] {processor.py:830} INFO - Processing file /home/airflow/.local/lib/python3.12/site-packages/airflow/example_dags/example_sensors.py for tasks to queue
[2024-05-03T10:52:15.039+0000] {logging_mixin.py:188} INFO - [2024-05-03T10:52:15.039+0000] {dagbag.py:540} INFO - Filling up the DagBag from /home/airflow/.local/lib/python3.12/site-packages/airflow/example_dags/example_sensors.py
[2024-05-03T10:52:15.046+0000] {processor.py:840} INFO - DAG(s) 'example_sensors' retrieved from /home/airflow/.local/lib/python3.12/site-packages/airflow/example_dags/example_sensors.py
[2024-05-03T10:52:15.067+0000] {logging_mixin.py:188} INFO - [2024-05-03T10:52:15.067+0000] {dag.py:3096} INFO - Sync 1 DAGs
[2024-05-03T10:52:15.078+0000] {logging_mixin.py:188} INFO - [2024-05-03T10:52:15.077+0000] {dag.py:3954} INFO - Setting next_dagrun for example_sensors to None, run_after=None
[2024-05-03T10:52:15.095+0000] {processor.py:183} INFO - Processing /home/airflow/.local/lib/python3.12/site-packages/airflow/example_dags/example_sensors.py took 0.063 seconds
[2024-05-03T10:52:45.522+0000] {processor.py:161} INFO - Started process (PID=1790) to work on /home/airflow/.local/lib/python3.12/site-packages/airflow/example_dags/example_sensors.py
[2024-05-03T10:52:45.523+0000] {processor.py:830} INFO - Processing file /home/airflow/.local/lib/python3.12/site-packages/airflow/example_dags/example_sensors.py for tasks to queue
[2024-05-03T10:52:45.525+0000] {logging_mixin.py:188} INFO - [2024-05-03T10:52:45.524+0000] {dagbag.py:540} INFO - Filling up the DagBag from /home/airflow/.local/lib/python3.12/site-packages/airflow/example_dags/example_sensors.py
[2024-05-03T10:52:45.532+0000] {processor.py:840} INFO - DAG(s) 'example_sensors' retrieved from /home/airflow/.local/lib/python3.12/site-packages/airflow/example_dags/example_sensors.py
[2024-05-03T10:52:45.552+0000] {logging_mixin.py:188} INFO - [2024-05-03T10:52:45.552+0000] {dag.py:3096} INFO - Sync 1 DAGs
[2024-05-03T10:52:45.563+0000] {logging_mixin.py:188} INFO - [2024-05-03T10:52:45.563+0000] {dag.py:3954} INFO - Setting next_dagrun for example_sensors to None, run_after=None
[2024-05-03T10:52:45.580+0000] {processor.py:183} INFO - Processing /home/airflow/.local/lib/python3.12/site-packages/airflow/example_dags/example_sensors.py took 0.063 seconds
[2024-05-03T10:53:15.693+0000] {processor.py:161} INFO - Started process (PID=1849) to work on /home/airflow/.local/lib/python3.12/site-packages/airflow/example_dags/example_sensors.py
[2024-05-03T10:53:15.694+0000] {processor.py:830} INFO - Processing file /home/airflow/.local/lib/python3.12/site-packages/airflow/example_dags/example_sensors.py for tasks to queue
[2024-05-03T10:53:15.695+0000] {logging_mixin.py:188} INFO - [2024-05-03T10:53:15.695+0000] {dagbag.py:540} INFO - Filling up the DagBag from /home/airflow/.local/lib/python3.12/site-packages/airflow/example_dags/example_sensors.py
[2024-05-03T10:53:15.702+0000] {processor.py:840} INFO - DAG(s) 'example_sensors' retrieved from /home/airflow/.local/lib/python3.12/site-packages/airflow/example_dags/example_sensors.py
[2024-05-03T10:53:15.723+0000] {logging_mixin.py:188} INFO - [2024-05-03T10:53:15.722+0000] {dag.py:3096} INFO - Sync 1 DAGs
[2024-05-03T10:53:15.733+0000] {logging_mixin.py:188} INFO - [2024-05-03T10:53:15.733+0000] {dag.py:3954} INFO - Setting next_dagrun for example_sensors to None, run_after=None
[2024-05-03T10:53:15.750+0000] {processor.py:183} INFO - Processing /home/airflow/.local/lib/python3.12/site-packages/airflow/example_dags/example_sensors.py took 0.062 seconds
[2024-05-03T10:53:45.919+0000] {processor.py:161} INFO - Started process (PID=1907) to work on /home/airflow/.local/lib/python3.12/site-packages/airflow/example_dags/example_sensors.py
[2024-05-03T10:53:45.920+0000] {processor.py:830} INFO - Processing file /home/airflow/.local/lib/python3.12/site-packages/airflow/example_dags/example_sensors.py for tasks to queue
[2024-05-03T10:53:45.922+0000] {logging_mixin.py:188} INFO - [2024-05-03T10:53:45.922+0000] {dagbag.py:540} INFO - Filling up the DagBag from /home/airflow/.local/lib/python3.12/site-packages/airflow/example_dags/example_sensors.py
[2024-05-03T10:53:45.929+0000] {processor.py:840} INFO - DAG(s) 'example_sensors' retrieved from /home/airflow/.local/lib/python3.12/site-packages/airflow/example_dags/example_sensors.py
[2024-05-03T10:53:45.953+0000] {logging_mixin.py:188} INFO - [2024-05-03T10:53:45.953+0000] {dag.py:3096} INFO - Sync 1 DAGs
[2024-05-03T10:53:45.966+0000] {logging_mixin.py:188} INFO - [2024-05-03T10:53:45.966+0000] {dag.py:3954} INFO - Setting next_dagrun for example_sensors to None, run_after=None
[2024-05-03T10:53:45.987+0000] {processor.py:183} INFO - Processing /home/airflow/.local/lib/python3.12/site-packages/airflow/example_dags/example_sensors.py took 0.073 seconds
[2024-05-03T10:54:16.469+0000] {processor.py:161} INFO - Started process (PID=1965) to work on /home/airflow/.local/lib/python3.12/site-packages/airflow/example_dags/example_sensors.py
[2024-05-03T10:54:16.470+0000] {processor.py:830} INFO - Processing file /home/airflow/.local/lib/python3.12/site-packages/airflow/example_dags/example_sensors.py for tasks to queue
[2024-05-03T10:54:16.471+0000] {logging_mixin.py:188} INFO - [2024-05-03T10:54:16.471+0000] {dagbag.py:540} INFO - Filling up the DagBag from /home/airflow/.local/lib/python3.12/site-packages/airflow/example_dags/example_sensors.py
[2024-05-03T10:54:16.478+0000] {processor.py:840} INFO - DAG(s) 'example_sensors' retrieved from /home/airflow/.local/lib/python3.12/site-packages/airflow/example_dags/example_sensors.py
[2024-05-03T10:54:16.499+0000] {logging_mixin.py:188} INFO - [2024-05-03T10:54:16.498+0000] {dag.py:3096} INFO - Sync 1 DAGs
[2024-05-03T10:54:16.510+0000] {logging_mixin.py:188} INFO - [2024-05-03T10:54:16.509+0000] {dag.py:3954} INFO - Setting next_dagrun for example_sensors to None, run_after=None
[2024-05-03T10:54:16.525+0000] {processor.py:183} INFO - Processing /home/airflow/.local/lib/python3.12/site-packages/airflow/example_dags/example_sensors.py took 0.061 seconds
[2024-05-03T10:54:46.773+0000] {processor.py:161} INFO - Started process (PID=2023) to work on /home/airflow/.local/lib/python3.12/site-packages/airflow/example_dags/example_sensors.py
[2024-05-03T10:54:46.774+0000] {processor.py:830} INFO - Processing file /home/airflow/.local/lib/python3.12/site-packages/airflow/example_dags/example_sensors.py for tasks to queue
[2024-05-03T10:54:46.775+0000] {logging_mixin.py:188} INFO - [2024-05-03T10:54:46.775+0000] {dagbag.py:540} INFO - Filling up the DagBag from /home/airflow/.local/lib/python3.12/site-packages/airflow/example_dags/example_sensors.py
[2024-05-03T10:54:46.782+0000] {processor.py:840} INFO - DAG(s) 'example_sensors' retrieved from /home/airflow/.local/lib/python3.12/site-packages/airflow/example_dags/example_sensors.py
[2024-05-03T10:54:46.802+0000] {logging_mixin.py:188} INFO - [2024-05-03T10:54:46.801+0000] {dag.py:3096} INFO - Sync 1 DAGs
[2024-05-03T10:54:46.812+0000] {logging_mixin.py:188} INFO - [2024-05-03T10:54:46.812+0000] {dag.py:3954} INFO - Setting next_dagrun for example_sensors to None, run_after=None
[2024-05-03T10:54:46.829+0000] {processor.py:183} INFO - Processing /home/airflow/.local/lib/python3.12/site-packages/airflow/example_dags/example_sensors.py took 0.061 seconds
[2024-05-03T10:55:16.876+0000] {processor.py:161} INFO - Started process (PID=2080) to work on /home/airflow/.local/lib/python3.12/site-packages/airflow/example_dags/example_sensors.py
[2024-05-03T10:55:16.877+0000] {processor.py:830} INFO - Processing file /home/airflow/.local/lib/python3.12/site-packages/airflow/example_dags/example_sensors.py for tasks to queue
[2024-05-03T10:55:16.879+0000] {logging_mixin.py:188} INFO - [2024-05-03T10:55:16.879+0000] {dagbag.py:540} INFO - Filling up the DagBag from /home/airflow/.local/lib/python3.12/site-packages/airflow/example_dags/example_sensors.py
[2024-05-03T10:55:16.886+0000] {processor.py:840} INFO - DAG(s) 'example_sensors' retrieved from /home/airflow/.local/lib/python3.12/site-packages/airflow/example_dags/example_sensors.py
[2024-05-03T10:55:16.908+0000] {logging_mixin.py:188} INFO - [2024-05-03T10:55:16.908+0000] {dag.py:3096} INFO - Sync 1 DAGs
[2024-05-03T10:55:16.919+0000] {logging_mixin.py:188} INFO - [2024-05-03T10:55:16.919+0000] {dag.py:3954} INFO - Setting next_dagrun for example_sensors to None, run_after=None
[2024-05-03T10:55:16.936+0000] {processor.py:183} INFO - Processing /home/airflow/.local/lib/python3.12/site-packages/airflow/example_dags/example_sensors.py took 0.064 seconds
[2024-05-03T10:55:47.003+0000] {processor.py:161} INFO - Started process (PID=2138) to work on /home/airflow/.local/lib/python3.12/site-packages/airflow/example_dags/example_sensors.py
[2024-05-03T10:55:47.004+0000] {processor.py:830} INFO - Processing file /home/airflow/.local/lib/python3.12/site-packages/airflow/example_dags/example_sensors.py for tasks to queue
[2024-05-03T10:55:47.006+0000] {logging_mixin.py:188} INFO - [2024-05-03T10:55:47.006+0000] {dagbag.py:540} INFO - Filling up the DagBag from /home/airflow/.local/lib/python3.12/site-packages/airflow/example_dags/example_sensors.py
[2024-05-03T10:55:47.013+0000] {processor.py:840} INFO - DAG(s) 'example_sensors' retrieved from /home/airflow/.local/lib/python3.12/site-packages/airflow/example_dags/example_sensors.py
[2024-05-03T10:55:47.038+0000] {logging_mixin.py:188} INFO - [2024-05-03T10:55:47.038+0000] {dag.py:3096} INFO - Sync 1 DAGs
[2024-05-03T10:55:47.051+0000] {logging_mixin.py:188} INFO - [2024-05-03T10:55:47.050+0000] {dag.py:3954} INFO - Setting next_dagrun for example_sensors to None, run_after=None
[2024-05-03T10:55:47.071+0000] {processor.py:183} INFO - Processing /home/airflow/.local/lib/python3.12/site-packages/airflow/example_dags/example_sensors.py took 0.074 seconds
[2024-05-03T10:56:17.295+0000] {processor.py:161} INFO - Started process (PID=2196) to work on /home/airflow/.local/lib/python3.12/site-packages/airflow/example_dags/example_sensors.py
[2024-05-03T10:56:17.296+0000] {processor.py:830} INFO - Processing file /home/airflow/.local/lib/python3.12/site-packages/airflow/example_dags/example_sensors.py for tasks to queue
[2024-05-03T10:56:17.298+0000] {logging_mixin.py:188} INFO - [2024-05-03T10:56:17.298+0000] {dagbag.py:540} INFO - Filling up the DagBag from /home/airflow/.local/lib/python3.12/site-packages/airflow/example_dags/example_sensors.py
[2024-05-03T10:56:17.305+0000] {processor.py:840} INFO - DAG(s) 'example_sensors' retrieved from /home/airflow/.local/lib/python3.12/site-packages/airflow/example_dags/example_sensors.py
[2024-05-03T10:56:17.327+0000] {logging_mixin.py:188} INFO - [2024-05-03T10:56:17.326+0000] {dag.py:3096} INFO - Sync 1 DAGs
[2024-05-03T10:56:17.338+0000] {logging_mixin.py:188} INFO - [2024-05-03T10:56:17.338+0000] {dag.py:3954} INFO - Setting next_dagrun for example_sensors to None, run_after=None
[2024-05-03T10:56:17.356+0000] {processor.py:183} INFO - Processing /home/airflow/.local/lib/python3.12/site-packages/airflow/example_dags/example_sensors.py took 0.066 seconds
[2024-05-03T10:56:47.536+0000] {processor.py:161} INFO - Started process (PID=2254) to work on /home/airflow/.local/lib/python3.12/site-packages/airflow/example_dags/example_sensors.py
[2024-05-03T10:56:47.537+0000] {processor.py:830} INFO - Processing file /home/airflow/.local/lib/python3.12/site-packages/airflow/example_dags/example_sensors.py for tasks to queue
[2024-05-03T10:56:47.538+0000] {logging_mixin.py:188} INFO - [2024-05-03T10:56:47.538+0000] {dagbag.py:540} INFO - Filling up the DagBag from /home/airflow/.local/lib/python3.12/site-packages/airflow/example_dags/example_sensors.py
[2024-05-03T10:56:47.545+0000] {processor.py:840} INFO - DAG(s) 'example_sensors' retrieved from /home/airflow/.local/lib/python3.12/site-packages/airflow/example_dags/example_sensors.py
[2024-05-03T10:56:47.566+0000] {logging_mixin.py:188} INFO - [2024-05-03T10:56:47.565+0000] {dag.py:3096} INFO - Sync 1 DAGs
[2024-05-03T10:56:47.576+0000] {logging_mixin.py:188} INFO - [2024-05-03T10:56:47.576+0000] {dag.py:3954} INFO - Setting next_dagrun for example_sensors to None, run_after=None
[2024-05-03T10:56:47.593+0000] {processor.py:183} INFO - Processing /home/airflow/.local/lib/python3.12/site-packages/airflow/example_dags/example_sensors.py took 0.061 seconds
[2024-05-03T10:57:17.704+0000] {processor.py:161} INFO - Started process (PID=2312) to work on /home/airflow/.local/lib/python3.12/site-packages/airflow/example_dags/example_sensors.py
[2024-05-03T10:57:17.705+0000] {processor.py:830} INFO - Processing file /home/airflow/.local/lib/python3.12/site-packages/airflow/example_dags/example_sensors.py for tasks to queue
[2024-05-03T10:57:17.706+0000] {logging_mixin.py:188} INFO - [2024-05-03T10:57:17.706+0000] {dagbag.py:540} INFO - Filling up the DagBag from /home/airflow/.local/lib/python3.12/site-packages/airflow/example_dags/example_sensors.py
[2024-05-03T10:57:17.713+0000] {processor.py:840} INFO - DAG(s) 'example_sensors' retrieved from /home/airflow/.local/lib/python3.12/site-packages/airflow/example_dags/example_sensors.py
[2024-05-03T10:57:17.733+0000] {logging_mixin.py:188} INFO - [2024-05-03T10:57:17.733+0000] {dag.py:3096} INFO - Sync 1 DAGs
[2024-05-03T10:57:17.743+0000] {logging_mixin.py:188} INFO - [2024-05-03T10:57:17.743+0000] {dag.py:3954} INFO - Setting next_dagrun for example_sensors to None, run_after=None
[2024-05-03T10:57:17.759+0000] {processor.py:183} INFO - Processing /home/airflow/.local/lib/python3.12/site-packages/airflow/example_dags/example_sensors.py took 0.060 seconds
[2024-05-03T10:57:47.855+0000] {processor.py:161} INFO - Started process (PID=2370) to work on /home/airflow/.local/lib/python3.12/site-packages/airflow/example_dags/example_sensors.py
[2024-05-03T10:57:47.856+0000] {processor.py:830} INFO - Processing file /home/airflow/.local/lib/python3.12/site-packages/airflow/example_dags/example_sensors.py for tasks to queue
[2024-05-03T10:57:47.857+0000] {logging_mixin.py:188} INFO - [2024-05-03T10:57:47.857+0000] {dagbag.py:540} INFO - Filling up the DagBag from /home/airflow/.local/lib/python3.12/site-packages/airflow/example_dags/example_sensors.py
[2024-05-03T10:57:47.864+0000] {processor.py:840} INFO - DAG(s) 'example_sensors' retrieved from /home/airflow/.local/lib/python3.12/site-packages/airflow/example_dags/example_sensors.py
[2024-05-03T10:57:47.886+0000] {logging_mixin.py:188} INFO - [2024-05-03T10:57:47.886+0000] {dag.py:3096} INFO - Sync 1 DAGs
[2024-05-03T10:57:47.897+0000] {logging_mixin.py:188} INFO - [2024-05-03T10:57:47.897+0000] {dag.py:3954} INFO - Setting next_dagrun for example_sensors to None, run_after=None
[2024-05-03T10:57:47.913+0000] {processor.py:183} INFO - Processing /home/airflow/.local/lib/python3.12/site-packages/airflow/example_dags/example_sensors.py took 0.063 seconds
[2024-05-03T10:58:18.076+0000] {processor.py:161} INFO - Started process (PID=2429) to work on /home/airflow/.local/lib/python3.12/site-packages/airflow/example_dags/example_sensors.py
[2024-05-03T10:58:18.077+0000] {processor.py:830} INFO - Processing file /home/airflow/.local/lib/python3.12/site-packages/airflow/example_dags/example_sensors.py for tasks to queue
[2024-05-03T10:58:18.079+0000] {logging_mixin.py:188} INFO - [2024-05-03T10:58:18.078+0000] {dagbag.py:540} INFO - Filling up the DagBag from /home/airflow/.local/lib/python3.12/site-packages/airflow/example_dags/example_sensors.py
[2024-05-03T10:58:18.085+0000] {processor.py:840} INFO - DAG(s) 'example_sensors' retrieved from /home/airflow/.local/lib/python3.12/site-packages/airflow/example_dags/example_sensors.py
[2024-05-03T10:58:18.109+0000] {logging_mixin.py:188} INFO - [2024-05-03T10:58:18.109+0000] {dag.py:3096} INFO - Sync 1 DAGs
[2024-05-03T10:58:18.121+0000] {logging_mixin.py:188} INFO - [2024-05-03T10:58:18.121+0000] {dag.py:3954} INFO - Setting next_dagrun for example_sensors to None, run_after=None
[2024-05-03T10:58:18.142+0000] {processor.py:183} INFO - Processing /home/airflow/.local/lib/python3.12/site-packages/airflow/example_dags/example_sensors.py took 0.071 seconds
