[2024-05-03T10:37:34.212+0000] {processor.py:161} INFO - Started process (PID=63) to work on /home/airflow/.local/lib/python3.12/site-packages/airflow/example_dags/tutorial.py
[2024-05-03T10:37:34.213+0000] {processor.py:830} INFO - Processing file /home/airflow/.local/lib/python3.12/site-packages/airflow/example_dags/tutorial.py for tasks to queue
[2024-05-03T10:37:34.215+0000] {logging_mixin.py:188} INFO - [2024-05-03T10:37:34.214+0000] {dagbag.py:540} INFO - Filling up the DagBag from /home/airflow/.local/lib/python3.12/site-packages/airflow/example_dags/tutorial.py
[2024-05-03T10:37:34.223+0000] {processor.py:840} INFO - DAG(s) 'tutorial' retrieved from /home/airflow/.local/lib/python3.12/site-packages/airflow/example_dags/tutorial.py
[2024-05-03T10:37:34.346+0000] {logging_mixin.py:188} INFO - [2024-05-03T10:37:34.346+0000] {dag.py:3096} INFO - Sync 1 DAGs
[2024-05-03T10:37:34.362+0000] {logging_mixin.py:188} INFO - [2024-05-03T10:37:34.362+0000] {dag.py:3954} INFO - Setting next_dagrun for tutorial to 2024-05-02 00:00:00+00:00, run_after=2024-05-03 00:00:00+00:00
[2024-05-03T10:37:34.380+0000] {processor.py:183} INFO - Processing /home/airflow/.local/lib/python3.12/site-packages/airflow/example_dags/tutorial.py took 0.173 seconds
[2024-05-03T10:38:04.514+0000] {processor.py:161} INFO - Started process (PID=121) to work on /home/airflow/.local/lib/python3.12/site-packages/airflow/example_dags/tutorial.py
[2024-05-03T10:38:04.515+0000] {processor.py:830} INFO - Processing file /home/airflow/.local/lib/python3.12/site-packages/airflow/example_dags/tutorial.py for tasks to queue
[2024-05-03T10:38:04.517+0000] {logging_mixin.py:188} INFO - [2024-05-03T10:38:04.516+0000] {dagbag.py:540} INFO - Filling up the DagBag from /home/airflow/.local/lib/python3.12/site-packages/airflow/example_dags/tutorial.py
[2024-05-03T10:38:04.522+0000] {processor.py:840} INFO - DAG(s) 'tutorial' retrieved from /home/airflow/.local/lib/python3.12/site-packages/airflow/example_dags/tutorial.py
[2024-05-03T10:38:04.540+0000] {logging_mixin.py:188} INFO - [2024-05-03T10:38:04.540+0000] {dag.py:3096} INFO - Sync 1 DAGs
[2024-05-03T10:38:04.558+0000] {logging_mixin.py:188} INFO - [2024-05-03T10:38:04.558+0000] {dag.py:3954} INFO - Setting next_dagrun for tutorial to 2024-05-02 00:00:00+00:00, run_after=2024-05-03 00:00:00+00:00
[2024-05-03T10:38:04.574+0000] {processor.py:183} INFO - Processing /home/airflow/.local/lib/python3.12/site-packages/airflow/example_dags/tutorial.py took 0.066 seconds
[2024-05-03T10:38:35.669+0000] {processor.py:161} INFO - Started process (PID=179) to work on /home/airflow/.local/lib/python3.12/site-packages/airflow/example_dags/tutorial.py
[2024-05-03T10:38:35.671+0000] {processor.py:830} INFO - Processing file /home/airflow/.local/lib/python3.12/site-packages/airflow/example_dags/tutorial.py for tasks to queue
[2024-05-03T10:38:35.675+0000] {logging_mixin.py:188} INFO - [2024-05-03T10:38:35.674+0000] {dagbag.py:540} INFO - Filling up the DagBag from /home/airflow/.local/lib/python3.12/site-packages/airflow/example_dags/tutorial.py
[2024-05-03T10:38:35.684+0000] {processor.py:840} INFO - DAG(s) 'tutorial' retrieved from /home/airflow/.local/lib/python3.12/site-packages/airflow/example_dags/tutorial.py
[2024-05-03T10:38:35.723+0000] {logging_mixin.py:188} INFO - [2024-05-03T10:38:35.722+0000] {dag.py:3096} INFO - Sync 1 DAGs
[2024-05-03T10:38:35.758+0000] {logging_mixin.py:188} INFO - [2024-05-03T10:38:35.757+0000] {dag.py:3954} INFO - Setting next_dagrun for tutorial to 2024-05-02 00:00:00+00:00, run_after=2024-05-03 00:00:00+00:00
[2024-05-03T10:38:35.780+0000] {processor.py:183} INFO - Processing /home/airflow/.local/lib/python3.12/site-packages/airflow/example_dags/tutorial.py took 0.118 seconds
[2024-05-03T10:39:06.633+0000] {processor.py:161} INFO - Started process (PID=237) to work on /home/airflow/.local/lib/python3.12/site-packages/airflow/example_dags/tutorial.py
[2024-05-03T10:39:06.634+0000] {processor.py:830} INFO - Processing file /home/airflow/.local/lib/python3.12/site-packages/airflow/example_dags/tutorial.py for tasks to queue
[2024-05-03T10:39:06.636+0000] {logging_mixin.py:188} INFO - [2024-05-03T10:39:06.636+0000] {dagbag.py:540} INFO - Filling up the DagBag from /home/airflow/.local/lib/python3.12/site-packages/airflow/example_dags/tutorial.py
[2024-05-03T10:39:06.641+0000] {processor.py:840} INFO - DAG(s) 'tutorial' retrieved from /home/airflow/.local/lib/python3.12/site-packages/airflow/example_dags/tutorial.py
[2024-05-03T10:39:06.655+0000] {logging_mixin.py:188} INFO - [2024-05-03T10:39:06.655+0000] {dag.py:3096} INFO - Sync 1 DAGs
[2024-05-03T10:39:06.675+0000] {logging_mixin.py:188} INFO - [2024-05-03T10:39:06.674+0000] {dag.py:3954} INFO - Setting next_dagrun for tutorial to 2024-05-02 00:00:00+00:00, run_after=2024-05-03 00:00:00+00:00
[2024-05-03T10:39:06.692+0000] {processor.py:183} INFO - Processing /home/airflow/.local/lib/python3.12/site-packages/airflow/example_dags/tutorial.py took 0.063 seconds
[2024-05-03T10:39:37.213+0000] {processor.py:161} INFO - Started process (PID=295) to work on /home/airflow/.local/lib/python3.12/site-packages/airflow/example_dags/tutorial.py
[2024-05-03T10:39:37.214+0000] {processor.py:830} INFO - Processing file /home/airflow/.local/lib/python3.12/site-packages/airflow/example_dags/tutorial.py for tasks to queue
[2024-05-03T10:39:37.216+0000] {logging_mixin.py:188} INFO - [2024-05-03T10:39:37.215+0000] {dagbag.py:540} INFO - Filling up the DagBag from /home/airflow/.local/lib/python3.12/site-packages/airflow/example_dags/tutorial.py
[2024-05-03T10:39:37.221+0000] {processor.py:840} INFO - DAG(s) 'tutorial' retrieved from /home/airflow/.local/lib/python3.12/site-packages/airflow/example_dags/tutorial.py
[2024-05-03T10:39:37.239+0000] {logging_mixin.py:188} INFO - [2024-05-03T10:39:37.238+0000] {dag.py:3096} INFO - Sync 1 DAGs
[2024-05-03T10:39:37.258+0000] {logging_mixin.py:188} INFO - [2024-05-03T10:39:37.258+0000] {dag.py:3954} INFO - Setting next_dagrun for tutorial to 2024-05-02 00:00:00+00:00, run_after=2024-05-03 00:00:00+00:00
[2024-05-03T10:39:37.277+0000] {processor.py:183} INFO - Processing /home/airflow/.local/lib/python3.12/site-packages/airflow/example_dags/tutorial.py took 0.069 seconds
[2024-05-03T10:40:07.709+0000] {processor.py:161} INFO - Started process (PID=353) to work on /home/airflow/.local/lib/python3.12/site-packages/airflow/example_dags/tutorial.py
[2024-05-03T10:40:07.710+0000] {processor.py:830} INFO - Processing file /home/airflow/.local/lib/python3.12/site-packages/airflow/example_dags/tutorial.py for tasks to queue
[2024-05-03T10:40:07.712+0000] {logging_mixin.py:188} INFO - [2024-05-03T10:40:07.711+0000] {dagbag.py:540} INFO - Filling up the DagBag from /home/airflow/.local/lib/python3.12/site-packages/airflow/example_dags/tutorial.py
[2024-05-03T10:40:07.717+0000] {processor.py:840} INFO - DAG(s) 'tutorial' retrieved from /home/airflow/.local/lib/python3.12/site-packages/airflow/example_dags/tutorial.py
[2024-05-03T10:40:07.734+0000] {logging_mixin.py:188} INFO - [2024-05-03T10:40:07.733+0000] {dag.py:3096} INFO - Sync 1 DAGs
[2024-05-03T10:40:07.753+0000] {logging_mixin.py:188} INFO - [2024-05-03T10:40:07.752+0000] {dag.py:3954} INFO - Setting next_dagrun for tutorial to 2024-05-02 00:00:00+00:00, run_after=2024-05-03 00:00:00+00:00
[2024-05-03T10:40:07.770+0000] {processor.py:183} INFO - Processing /home/airflow/.local/lib/python3.12/site-packages/airflow/example_dags/tutorial.py took 0.065 seconds
[2024-05-03T10:40:38.169+0000] {processor.py:161} INFO - Started process (PID=411) to work on /home/airflow/.local/lib/python3.12/site-packages/airflow/example_dags/tutorial.py
[2024-05-03T10:40:38.170+0000] {processor.py:830} INFO - Processing file /home/airflow/.local/lib/python3.12/site-packages/airflow/example_dags/tutorial.py for tasks to queue
[2024-05-03T10:40:38.171+0000] {logging_mixin.py:188} INFO - [2024-05-03T10:40:38.171+0000] {dagbag.py:540} INFO - Filling up the DagBag from /home/airflow/.local/lib/python3.12/site-packages/airflow/example_dags/tutorial.py
[2024-05-03T10:40:38.176+0000] {processor.py:840} INFO - DAG(s) 'tutorial' retrieved from /home/airflow/.local/lib/python3.12/site-packages/airflow/example_dags/tutorial.py
[2024-05-03T10:40:38.192+0000] {logging_mixin.py:188} INFO - [2024-05-03T10:40:38.192+0000] {dag.py:3096} INFO - Sync 1 DAGs
[2024-05-03T10:40:38.211+0000] {logging_mixin.py:188} INFO - [2024-05-03T10:40:38.211+0000] {dag.py:3954} INFO - Setting next_dagrun for tutorial to 2024-05-02 00:00:00+00:00, run_after=2024-05-03 00:00:00+00:00
[2024-05-03T10:40:38.226+0000] {processor.py:183} INFO - Processing /home/airflow/.local/lib/python3.12/site-packages/airflow/example_dags/tutorial.py took 0.062 seconds
[2024-05-03T10:41:08.787+0000] {processor.py:161} INFO - Started process (PID=469) to work on /home/airflow/.local/lib/python3.12/site-packages/airflow/example_dags/tutorial.py
[2024-05-03T10:41:08.788+0000] {processor.py:830} INFO - Processing file /home/airflow/.local/lib/python3.12/site-packages/airflow/example_dags/tutorial.py for tasks to queue
[2024-05-03T10:41:08.790+0000] {logging_mixin.py:188} INFO - [2024-05-03T10:41:08.789+0000] {dagbag.py:540} INFO - Filling up the DagBag from /home/airflow/.local/lib/python3.12/site-packages/airflow/example_dags/tutorial.py
[2024-05-03T10:41:08.794+0000] {processor.py:840} INFO - DAG(s) 'tutorial' retrieved from /home/airflow/.local/lib/python3.12/site-packages/airflow/example_dags/tutorial.py
[2024-05-03T10:41:08.811+0000] {logging_mixin.py:188} INFO - [2024-05-03T10:41:08.811+0000] {dag.py:3096} INFO - Sync 1 DAGs
[2024-05-03T10:41:08.830+0000] {logging_mixin.py:188} INFO - [2024-05-03T10:41:08.830+0000] {dag.py:3954} INFO - Setting next_dagrun for tutorial to 2024-05-02 00:00:00+00:00, run_after=2024-05-03 00:00:00+00:00
[2024-05-03T10:41:08.846+0000] {processor.py:183} INFO - Processing /home/airflow/.local/lib/python3.12/site-packages/airflow/example_dags/tutorial.py took 0.064 seconds
[2024-05-03T10:41:39.360+0000] {processor.py:161} INFO - Started process (PID=527) to work on /home/airflow/.local/lib/python3.12/site-packages/airflow/example_dags/tutorial.py
[2024-05-03T10:41:39.361+0000] {processor.py:830} INFO - Processing file /home/airflow/.local/lib/python3.12/site-packages/airflow/example_dags/tutorial.py for tasks to queue
[2024-05-03T10:41:39.363+0000] {logging_mixin.py:188} INFO - [2024-05-03T10:41:39.362+0000] {dagbag.py:540} INFO - Filling up the DagBag from /home/airflow/.local/lib/python3.12/site-packages/airflow/example_dags/tutorial.py
[2024-05-03T10:41:39.368+0000] {processor.py:840} INFO - DAG(s) 'tutorial' retrieved from /home/airflow/.local/lib/python3.12/site-packages/airflow/example_dags/tutorial.py
[2024-05-03T10:41:39.386+0000] {logging_mixin.py:188} INFO - [2024-05-03T10:41:39.386+0000] {dag.py:3096} INFO - Sync 1 DAGs
[2024-05-03T10:41:39.406+0000] {logging_mixin.py:188} INFO - [2024-05-03T10:41:39.405+0000] {dag.py:3954} INFO - Setting next_dagrun for tutorial to 2024-05-02 00:00:00+00:00, run_after=2024-05-03 00:00:00+00:00
[2024-05-03T10:41:39.425+0000] {processor.py:183} INFO - Processing /home/airflow/.local/lib/python3.12/site-packages/airflow/example_dags/tutorial.py took 0.071 seconds
[2024-05-03T10:42:09.804+0000] {processor.py:161} INFO - Started process (PID=585) to work on /home/airflow/.local/lib/python3.12/site-packages/airflow/example_dags/tutorial.py
[2024-05-03T10:42:09.805+0000] {processor.py:830} INFO - Processing file /home/airflow/.local/lib/python3.12/site-packages/airflow/example_dags/tutorial.py for tasks to queue
[2024-05-03T10:42:09.806+0000] {logging_mixin.py:188} INFO - [2024-05-03T10:42:09.806+0000] {dagbag.py:540} INFO - Filling up the DagBag from /home/airflow/.local/lib/python3.12/site-packages/airflow/example_dags/tutorial.py
[2024-05-03T10:42:09.811+0000] {processor.py:840} INFO - DAG(s) 'tutorial' retrieved from /home/airflow/.local/lib/python3.12/site-packages/airflow/example_dags/tutorial.py
[2024-05-03T10:42:09.827+0000] {logging_mixin.py:188} INFO - [2024-05-03T10:42:09.827+0000] {dag.py:3096} INFO - Sync 1 DAGs
[2024-05-03T10:42:09.848+0000] {logging_mixin.py:188} INFO - [2024-05-03T10:42:09.847+0000] {dag.py:3954} INFO - Setting next_dagrun for tutorial to 2024-05-02 00:00:00+00:00, run_after=2024-05-03 00:00:00+00:00
[2024-05-03T10:42:09.864+0000] {processor.py:183} INFO - Processing /home/airflow/.local/lib/python3.12/site-packages/airflow/example_dags/tutorial.py took 0.066 seconds
[2024-05-03T10:42:40.641+0000] {processor.py:161} INFO - Started process (PID=643) to work on /home/airflow/.local/lib/python3.12/site-packages/airflow/example_dags/tutorial.py
[2024-05-03T10:42:40.643+0000] {processor.py:830} INFO - Processing file /home/airflow/.local/lib/python3.12/site-packages/airflow/example_dags/tutorial.py for tasks to queue
[2024-05-03T10:42:40.644+0000] {logging_mixin.py:188} INFO - [2024-05-03T10:42:40.644+0000] {dagbag.py:540} INFO - Filling up the DagBag from /home/airflow/.local/lib/python3.12/site-packages/airflow/example_dags/tutorial.py
[2024-05-03T10:42:40.650+0000] {processor.py:840} INFO - DAG(s) 'tutorial' retrieved from /home/airflow/.local/lib/python3.12/site-packages/airflow/example_dags/tutorial.py
[2024-05-03T10:42:40.666+0000] {logging_mixin.py:188} INFO - [2024-05-03T10:42:40.666+0000] {dag.py:3096} INFO - Sync 1 DAGs
[2024-05-03T10:42:40.687+0000] {logging_mixin.py:188} INFO - [2024-05-03T10:42:40.687+0000] {dag.py:3954} INFO - Setting next_dagrun for tutorial to 2024-05-02 00:00:00+00:00, run_after=2024-05-03 00:00:00+00:00
[2024-05-03T10:42:40.706+0000] {processor.py:183} INFO - Processing /home/airflow/.local/lib/python3.12/site-packages/airflow/example_dags/tutorial.py took 0.069 seconds
[2024-05-03T10:43:10.948+0000] {processor.py:161} INFO - Started process (PID=701) to work on /home/airflow/.local/lib/python3.12/site-packages/airflow/example_dags/tutorial.py
[2024-05-03T10:43:10.949+0000] {processor.py:830} INFO - Processing file /home/airflow/.local/lib/python3.12/site-packages/airflow/example_dags/tutorial.py for tasks to queue
[2024-05-03T10:43:10.951+0000] {logging_mixin.py:188} INFO - [2024-05-03T10:43:10.951+0000] {dagbag.py:540} INFO - Filling up the DagBag from /home/airflow/.local/lib/python3.12/site-packages/airflow/example_dags/tutorial.py
[2024-05-03T10:43:10.956+0000] {processor.py:840} INFO - DAG(s) 'tutorial' retrieved from /home/airflow/.local/lib/python3.12/site-packages/airflow/example_dags/tutorial.py
[2024-05-03T10:43:10.973+0000] {logging_mixin.py:188} INFO - [2024-05-03T10:43:10.973+0000] {dag.py:3096} INFO - Sync 1 DAGs
[2024-05-03T10:43:10.994+0000] {logging_mixin.py:188} INFO - [2024-05-03T10:43:10.993+0000] {dag.py:3954} INFO - Setting next_dagrun for tutorial to 2024-05-02 00:00:00+00:00, run_after=2024-05-03 00:00:00+00:00
[2024-05-03T10:43:11.011+0000] {processor.py:183} INFO - Processing /home/airflow/.local/lib/python3.12/site-packages/airflow/example_dags/tutorial.py took 0.067 seconds
[2024-05-03T10:43:41.235+0000] {processor.py:161} INFO - Started process (PID=759) to work on /home/airflow/.local/lib/python3.12/site-packages/airflow/example_dags/tutorial.py
[2024-05-03T10:43:41.236+0000] {processor.py:830} INFO - Processing file /home/airflow/.local/lib/python3.12/site-packages/airflow/example_dags/tutorial.py for tasks to queue
[2024-05-03T10:43:41.238+0000] {logging_mixin.py:188} INFO - [2024-05-03T10:43:41.238+0000] {dagbag.py:540} INFO - Filling up the DagBag from /home/airflow/.local/lib/python3.12/site-packages/airflow/example_dags/tutorial.py
[2024-05-03T10:43:41.243+0000] {processor.py:840} INFO - DAG(s) 'tutorial' retrieved from /home/airflow/.local/lib/python3.12/site-packages/airflow/example_dags/tutorial.py
[2024-05-03T10:43:41.261+0000] {logging_mixin.py:188} INFO - [2024-05-03T10:43:41.260+0000] {dag.py:3096} INFO - Sync 1 DAGs
[2024-05-03T10:43:41.279+0000] {logging_mixin.py:188} INFO - [2024-05-03T10:43:41.279+0000] {dag.py:3954} INFO - Setting next_dagrun for tutorial to 2024-05-02 00:00:00+00:00, run_after=2024-05-03 00:00:00+00:00
[2024-05-03T10:43:41.295+0000] {processor.py:183} INFO - Processing /home/airflow/.local/lib/python3.12/site-packages/airflow/example_dags/tutorial.py took 0.064 seconds
[2024-05-03T10:44:11.680+0000] {processor.py:161} INFO - Started process (PID=817) to work on /home/airflow/.local/lib/python3.12/site-packages/airflow/example_dags/tutorial.py
[2024-05-03T10:44:11.681+0000] {processor.py:830} INFO - Processing file /home/airflow/.local/lib/python3.12/site-packages/airflow/example_dags/tutorial.py for tasks to queue
[2024-05-03T10:44:11.683+0000] {logging_mixin.py:188} INFO - [2024-05-03T10:44:11.683+0000] {dagbag.py:540} INFO - Filling up the DagBag from /home/airflow/.local/lib/python3.12/site-packages/airflow/example_dags/tutorial.py
[2024-05-03T10:44:11.688+0000] {processor.py:840} INFO - DAG(s) 'tutorial' retrieved from /home/airflow/.local/lib/python3.12/site-packages/airflow/example_dags/tutorial.py
[2024-05-03T10:44:11.703+0000] {logging_mixin.py:188} INFO - [2024-05-03T10:44:11.703+0000] {dag.py:3096} INFO - Sync 1 DAGs
[2024-05-03T10:44:11.721+0000] {logging_mixin.py:188} INFO - [2024-05-03T10:44:11.720+0000] {dag.py:3954} INFO - Setting next_dagrun for tutorial to 2024-05-02 00:00:00+00:00, run_after=2024-05-03 00:00:00+00:00
[2024-05-03T10:44:11.736+0000] {processor.py:183} INFO - Processing /home/airflow/.local/lib/python3.12/site-packages/airflow/example_dags/tutorial.py took 0.060 seconds
[2024-05-03T10:44:41.923+0000] {processor.py:161} INFO - Started process (PID=875) to work on /home/airflow/.local/lib/python3.12/site-packages/airflow/example_dags/tutorial.py
[2024-05-03T10:44:41.924+0000] {processor.py:830} INFO - Processing file /home/airflow/.local/lib/python3.12/site-packages/airflow/example_dags/tutorial.py for tasks to queue
[2024-05-03T10:44:41.926+0000] {logging_mixin.py:188} INFO - [2024-05-03T10:44:41.925+0000] {dagbag.py:540} INFO - Filling up the DagBag from /home/airflow/.local/lib/python3.12/site-packages/airflow/example_dags/tutorial.py
[2024-05-03T10:44:41.930+0000] {processor.py:840} INFO - DAG(s) 'tutorial' retrieved from /home/airflow/.local/lib/python3.12/site-packages/airflow/example_dags/tutorial.py
[2024-05-03T10:44:41.948+0000] {logging_mixin.py:188} INFO - [2024-05-03T10:44:41.948+0000] {dag.py:3096} INFO - Sync 1 DAGs
[2024-05-03T10:44:41.967+0000] {logging_mixin.py:188} INFO - [2024-05-03T10:44:41.967+0000] {dag.py:3954} INFO - Setting next_dagrun for tutorial to 2024-05-02 00:00:00+00:00, run_after=2024-05-03 00:00:00+00:00
[2024-05-03T10:44:41.982+0000] {processor.py:183} INFO - Processing /home/airflow/.local/lib/python3.12/site-packages/airflow/example_dags/tutorial.py took 0.065 seconds
[2024-05-03T10:45:12.284+0000] {processor.py:161} INFO - Started process (PID=933) to work on /home/airflow/.local/lib/python3.12/site-packages/airflow/example_dags/tutorial.py
[2024-05-03T10:45:12.285+0000] {processor.py:830} INFO - Processing file /home/airflow/.local/lib/python3.12/site-packages/airflow/example_dags/tutorial.py for tasks to queue
[2024-05-03T10:45:12.287+0000] {logging_mixin.py:188} INFO - [2024-05-03T10:45:12.286+0000] {dagbag.py:540} INFO - Filling up the DagBag from /home/airflow/.local/lib/python3.12/site-packages/airflow/example_dags/tutorial.py
[2024-05-03T10:45:12.291+0000] {processor.py:840} INFO - DAG(s) 'tutorial' retrieved from /home/airflow/.local/lib/python3.12/site-packages/airflow/example_dags/tutorial.py
[2024-05-03T10:45:12.307+0000] {logging_mixin.py:188} INFO - [2024-05-03T10:45:12.306+0000] {dag.py:3096} INFO - Sync 1 DAGs
[2024-05-03T10:45:12.324+0000] {logging_mixin.py:188} INFO - [2024-05-03T10:45:12.324+0000] {dag.py:3954} INFO - Setting next_dagrun for tutorial to 2024-05-02 00:00:00+00:00, run_after=2024-05-03 00:00:00+00:00
[2024-05-03T10:45:12.341+0000] {processor.py:183} INFO - Processing /home/airflow/.local/lib/python3.12/site-packages/airflow/example_dags/tutorial.py took 0.061 seconds
[2024-05-03T10:45:43.279+0000] {processor.py:161} INFO - Started process (PID=992) to work on /home/airflow/.local/lib/python3.12/site-packages/airflow/example_dags/tutorial.py
[2024-05-03T10:45:43.280+0000] {processor.py:830} INFO - Processing file /home/airflow/.local/lib/python3.12/site-packages/airflow/example_dags/tutorial.py for tasks to queue
[2024-05-03T10:45:43.282+0000] {logging_mixin.py:188} INFO - [2024-05-03T10:45:43.282+0000] {dagbag.py:540} INFO - Filling up the DagBag from /home/airflow/.local/lib/python3.12/site-packages/airflow/example_dags/tutorial.py
[2024-05-03T10:45:43.287+0000] {processor.py:840} INFO - DAG(s) 'tutorial' retrieved from /home/airflow/.local/lib/python3.12/site-packages/airflow/example_dags/tutorial.py
[2024-05-03T10:45:43.305+0000] {logging_mixin.py:188} INFO - [2024-05-03T10:45:43.305+0000] {dag.py:3096} INFO - Sync 1 DAGs
[2024-05-03T10:45:43.325+0000] {logging_mixin.py:188} INFO - [2024-05-03T10:45:43.324+0000] {dag.py:3954} INFO - Setting next_dagrun for tutorial to 2024-05-02 00:00:00+00:00, run_after=2024-05-03 00:00:00+00:00
[2024-05-03T10:45:43.341+0000] {processor.py:183} INFO - Processing /home/airflow/.local/lib/python3.12/site-packages/airflow/example_dags/tutorial.py took 0.066 seconds
[2024-05-03T10:46:14.152+0000] {processor.py:161} INFO - Started process (PID=1050) to work on /home/airflow/.local/lib/python3.12/site-packages/airflow/example_dags/tutorial.py
[2024-05-03T10:46:14.153+0000] {processor.py:830} INFO - Processing file /home/airflow/.local/lib/python3.12/site-packages/airflow/example_dags/tutorial.py for tasks to queue
[2024-05-03T10:46:14.155+0000] {logging_mixin.py:188} INFO - [2024-05-03T10:46:14.154+0000] {dagbag.py:540} INFO - Filling up the DagBag from /home/airflow/.local/lib/python3.12/site-packages/airflow/example_dags/tutorial.py
[2024-05-03T10:46:14.161+0000] {processor.py:840} INFO - DAG(s) 'tutorial' retrieved from /home/airflow/.local/lib/python3.12/site-packages/airflow/example_dags/tutorial.py
[2024-05-03T10:46:14.179+0000] {logging_mixin.py:188} INFO - [2024-05-03T10:46:14.179+0000] {dag.py:3096} INFO - Sync 1 DAGs
[2024-05-03T10:46:14.199+0000] {logging_mixin.py:188} INFO - [2024-05-03T10:46:14.199+0000] {dag.py:3954} INFO - Setting next_dagrun for tutorial to 2024-05-02 00:00:00+00:00, run_after=2024-05-03 00:00:00+00:00
[2024-05-03T10:46:14.216+0000] {processor.py:183} INFO - Processing /home/airflow/.local/lib/python3.12/site-packages/airflow/example_dags/tutorial.py took 0.070 seconds
[2024-05-03T10:46:44.715+0000] {processor.py:161} INFO - Started process (PID=1108) to work on /home/airflow/.local/lib/python3.12/site-packages/airflow/example_dags/tutorial.py
[2024-05-03T10:46:44.716+0000] {processor.py:830} INFO - Processing file /home/airflow/.local/lib/python3.12/site-packages/airflow/example_dags/tutorial.py for tasks to queue
[2024-05-03T10:46:44.718+0000] {logging_mixin.py:188} INFO - [2024-05-03T10:46:44.717+0000] {dagbag.py:540} INFO - Filling up the DagBag from /home/airflow/.local/lib/python3.12/site-packages/airflow/example_dags/tutorial.py
[2024-05-03T10:46:44.722+0000] {processor.py:840} INFO - DAG(s) 'tutorial' retrieved from /home/airflow/.local/lib/python3.12/site-packages/airflow/example_dags/tutorial.py
[2024-05-03T10:46:44.739+0000] {logging_mixin.py:188} INFO - [2024-05-03T10:46:44.739+0000] {dag.py:3096} INFO - Sync 1 DAGs
[2024-05-03T10:46:44.889+0000] {logging_mixin.py:188} INFO - [2024-05-03T10:46:44.889+0000] {dag.py:3954} INFO - Setting next_dagrun for tutorial to 2024-05-02 00:00:00+00:00, run_after=2024-05-03 00:00:00+00:00
[2024-05-03T10:46:44.905+0000] {processor.py:183} INFO - Processing /home/airflow/.local/lib/python3.12/site-packages/airflow/example_dags/tutorial.py took 0.194 seconds
[2024-05-03T10:47:15.218+0000] {processor.py:161} INFO - Started process (PID=1172) to work on /home/airflow/.local/lib/python3.12/site-packages/airflow/example_dags/tutorial.py
[2024-05-03T10:47:15.219+0000] {processor.py:830} INFO - Processing file /home/airflow/.local/lib/python3.12/site-packages/airflow/example_dags/tutorial.py for tasks to queue
[2024-05-03T10:47:15.222+0000] {logging_mixin.py:188} INFO - [2024-05-03T10:47:15.222+0000] {dagbag.py:540} INFO - Filling up the DagBag from /home/airflow/.local/lib/python3.12/site-packages/airflow/example_dags/tutorial.py
[2024-05-03T10:47:15.229+0000] {processor.py:840} INFO - DAG(s) 'tutorial' retrieved from /home/airflow/.local/lib/python3.12/site-packages/airflow/example_dags/tutorial.py
[2024-05-03T10:47:15.255+0000] {logging_mixin.py:188} INFO - [2024-05-03T10:47:15.255+0000] {dag.py:3096} INFO - Sync 1 DAGs
[2024-05-03T10:47:15.282+0000] {logging_mixin.py:188} INFO - [2024-05-03T10:47:15.282+0000] {dag.py:3954} INFO - Setting next_dagrun for tutorial to 2024-05-02 00:00:00+00:00, run_after=2024-05-03 00:00:00+00:00
[2024-05-03T10:47:15.456+0000] {processor.py:183} INFO - Processing /home/airflow/.local/lib/python3.12/site-packages/airflow/example_dags/tutorial.py took 0.244 seconds
[2024-05-03T10:47:46.341+0000] {processor.py:161} INFO - Started process (PID=1230) to work on /home/airflow/.local/lib/python3.12/site-packages/airflow/example_dags/tutorial.py
[2024-05-03T10:47:46.342+0000] {processor.py:830} INFO - Processing file /home/airflow/.local/lib/python3.12/site-packages/airflow/example_dags/tutorial.py for tasks to queue
[2024-05-03T10:47:46.343+0000] {logging_mixin.py:188} INFO - [2024-05-03T10:47:46.343+0000] {dagbag.py:540} INFO - Filling up the DagBag from /home/airflow/.local/lib/python3.12/site-packages/airflow/example_dags/tutorial.py
[2024-05-03T10:47:46.348+0000] {processor.py:840} INFO - DAG(s) 'tutorial' retrieved from /home/airflow/.local/lib/python3.12/site-packages/airflow/example_dags/tutorial.py
[2024-05-03T10:47:46.366+0000] {logging_mixin.py:188} INFO - [2024-05-03T10:47:46.366+0000] {dag.py:3096} INFO - Sync 1 DAGs
[2024-05-03T10:47:46.385+0000] {logging_mixin.py:188} INFO - [2024-05-03T10:47:46.385+0000] {dag.py:3954} INFO - Setting next_dagrun for tutorial to 2024-05-02 00:00:00+00:00, run_after=2024-05-03 00:00:00+00:00
[2024-05-03T10:47:46.531+0000] {processor.py:183} INFO - Processing /home/airflow/.local/lib/python3.12/site-packages/airflow/example_dags/tutorial.py took 0.195 seconds
[2024-05-03T10:48:16.914+0000] {processor.py:161} INFO - Started process (PID=1288) to work on /home/airflow/.local/lib/python3.12/site-packages/airflow/example_dags/tutorial.py
[2024-05-03T10:48:16.915+0000] {processor.py:830} INFO - Processing file /home/airflow/.local/lib/python3.12/site-packages/airflow/example_dags/tutorial.py for tasks to queue
[2024-05-03T10:48:16.916+0000] {logging_mixin.py:188} INFO - [2024-05-03T10:48:16.916+0000] {dagbag.py:540} INFO - Filling up the DagBag from /home/airflow/.local/lib/python3.12/site-packages/airflow/example_dags/tutorial.py
[2024-05-03T10:48:16.921+0000] {processor.py:840} INFO - DAG(s) 'tutorial' retrieved from /home/airflow/.local/lib/python3.12/site-packages/airflow/example_dags/tutorial.py
[2024-05-03T10:48:16.937+0000] {logging_mixin.py:188} INFO - [2024-05-03T10:48:16.937+0000] {dag.py:3096} INFO - Sync 1 DAGs
[2024-05-03T10:48:16.955+0000] {logging_mixin.py:188} INFO - [2024-05-03T10:48:16.955+0000] {dag.py:3954} INFO - Setting next_dagrun for tutorial to 2024-05-02 00:00:00+00:00, run_after=2024-05-03 00:00:00+00:00
[2024-05-03T10:48:16.971+0000] {processor.py:183} INFO - Processing /home/airflow/.local/lib/python3.12/site-packages/airflow/example_dags/tutorial.py took 0.062 seconds
[2024-05-03T10:48:47.113+0000] {processor.py:161} INFO - Started process (PID=1346) to work on /home/airflow/.local/lib/python3.12/site-packages/airflow/example_dags/tutorial.py
[2024-05-03T10:48:47.114+0000] {processor.py:830} INFO - Processing file /home/airflow/.local/lib/python3.12/site-packages/airflow/example_dags/tutorial.py for tasks to queue
[2024-05-03T10:48:47.115+0000] {logging_mixin.py:188} INFO - [2024-05-03T10:48:47.115+0000] {dagbag.py:540} INFO - Filling up the DagBag from /home/airflow/.local/lib/python3.12/site-packages/airflow/example_dags/tutorial.py
[2024-05-03T10:48:47.120+0000] {processor.py:840} INFO - DAG(s) 'tutorial' retrieved from /home/airflow/.local/lib/python3.12/site-packages/airflow/example_dags/tutorial.py
[2024-05-03T10:48:47.136+0000] {logging_mixin.py:188} INFO - [2024-05-03T10:48:47.136+0000] {dag.py:3096} INFO - Sync 1 DAGs
[2024-05-03T10:48:47.153+0000] {logging_mixin.py:188} INFO - [2024-05-03T10:48:47.152+0000] {dag.py:3954} INFO - Setting next_dagrun for tutorial to 2024-05-02 00:00:00+00:00, run_after=2024-05-03 00:00:00+00:00
[2024-05-03T10:48:47.169+0000] {processor.py:183} INFO - Processing /home/airflow/.local/lib/python3.12/site-packages/airflow/example_dags/tutorial.py took 0.061 seconds
[2024-05-03T10:49:17.464+0000] {processor.py:161} INFO - Started process (PID=1404) to work on /home/airflow/.local/lib/python3.12/site-packages/airflow/example_dags/tutorial.py
[2024-05-03T10:49:17.465+0000] {processor.py:830} INFO - Processing file /home/airflow/.local/lib/python3.12/site-packages/airflow/example_dags/tutorial.py for tasks to queue
[2024-05-03T10:49:17.468+0000] {logging_mixin.py:188} INFO - [2024-05-03T10:49:17.468+0000] {dagbag.py:540} INFO - Filling up the DagBag from /home/airflow/.local/lib/python3.12/site-packages/airflow/example_dags/tutorial.py
[2024-05-03T10:49:17.475+0000] {processor.py:840} INFO - DAG(s) 'tutorial' retrieved from /home/airflow/.local/lib/python3.12/site-packages/airflow/example_dags/tutorial.py
[2024-05-03T10:49:17.503+0000] {logging_mixin.py:188} INFO - [2024-05-03T10:49:17.502+0000] {dag.py:3096} INFO - Sync 1 DAGs
[2024-05-03T10:49:17.533+0000] {logging_mixin.py:188} INFO - [2024-05-03T10:49:17.532+0000] {dag.py:3954} INFO - Setting next_dagrun for tutorial to 2024-05-02 00:00:00+00:00, run_after=2024-05-03 00:00:00+00:00
[2024-05-03T10:49:17.565+0000] {processor.py:183} INFO - Processing /home/airflow/.local/lib/python3.12/site-packages/airflow/example_dags/tutorial.py took 0.107 seconds
[2024-05-03T10:49:47.830+0000] {processor.py:161} INFO - Started process (PID=1462) to work on /home/airflow/.local/lib/python3.12/site-packages/airflow/example_dags/tutorial.py
[2024-05-03T10:49:47.831+0000] {processor.py:830} INFO - Processing file /home/airflow/.local/lib/python3.12/site-packages/airflow/example_dags/tutorial.py for tasks to queue
[2024-05-03T10:49:47.833+0000] {logging_mixin.py:188} INFO - [2024-05-03T10:49:47.833+0000] {dagbag.py:540} INFO - Filling up the DagBag from /home/airflow/.local/lib/python3.12/site-packages/airflow/example_dags/tutorial.py
[2024-05-03T10:49:47.837+0000] {processor.py:840} INFO - DAG(s) 'tutorial' retrieved from /home/airflow/.local/lib/python3.12/site-packages/airflow/example_dags/tutorial.py
[2024-05-03T10:49:47.854+0000] {logging_mixin.py:188} INFO - [2024-05-03T10:49:47.854+0000] {dag.py:3096} INFO - Sync 1 DAGs
[2024-05-03T10:49:47.871+0000] {logging_mixin.py:188} INFO - [2024-05-03T10:49:47.871+0000] {dag.py:3954} INFO - Setting next_dagrun for tutorial to 2024-05-02 00:00:00+00:00, run_after=2024-05-03 00:00:00+00:00
[2024-05-03T10:49:47.888+0000] {processor.py:183} INFO - Processing /home/airflow/.local/lib/python3.12/site-packages/airflow/example_dags/tutorial.py took 0.063 seconds
[2024-05-03T10:50:18.014+0000] {processor.py:161} INFO - Started process (PID=1520) to work on /home/airflow/.local/lib/python3.12/site-packages/airflow/example_dags/tutorial.py
[2024-05-03T10:50:18.015+0000] {processor.py:830} INFO - Processing file /home/airflow/.local/lib/python3.12/site-packages/airflow/example_dags/tutorial.py for tasks to queue
[2024-05-03T10:50:18.016+0000] {logging_mixin.py:188} INFO - [2024-05-03T10:50:18.016+0000] {dagbag.py:540} INFO - Filling up the DagBag from /home/airflow/.local/lib/python3.12/site-packages/airflow/example_dags/tutorial.py
[2024-05-03T10:50:18.021+0000] {processor.py:840} INFO - DAG(s) 'tutorial' retrieved from /home/airflow/.local/lib/python3.12/site-packages/airflow/example_dags/tutorial.py
[2024-05-03T10:50:18.037+0000] {logging_mixin.py:188} INFO - [2024-05-03T10:50:18.037+0000] {dag.py:3096} INFO - Sync 1 DAGs
[2024-05-03T10:50:18.054+0000] {logging_mixin.py:188} INFO - [2024-05-03T10:50:18.054+0000] {dag.py:3954} INFO - Setting next_dagrun for tutorial to 2024-05-02 00:00:00+00:00, run_after=2024-05-03 00:00:00+00:00
[2024-05-03T10:50:18.071+0000] {processor.py:183} INFO - Processing /home/airflow/.local/lib/python3.12/site-packages/airflow/example_dags/tutorial.py took 0.061 seconds
[2024-05-03T10:50:48.247+0000] {processor.py:161} INFO - Started process (PID=1578) to work on /home/airflow/.local/lib/python3.12/site-packages/airflow/example_dags/tutorial.py
[2024-05-03T10:50:48.248+0000] {processor.py:830} INFO - Processing file /home/airflow/.local/lib/python3.12/site-packages/airflow/example_dags/tutorial.py for tasks to queue
[2024-05-03T10:50:48.249+0000] {logging_mixin.py:188} INFO - [2024-05-03T10:50:48.249+0000] {dagbag.py:540} INFO - Filling up the DagBag from /home/airflow/.local/lib/python3.12/site-packages/airflow/example_dags/tutorial.py
[2024-05-03T10:50:48.254+0000] {processor.py:840} INFO - DAG(s) 'tutorial' retrieved from /home/airflow/.local/lib/python3.12/site-packages/airflow/example_dags/tutorial.py
[2024-05-03T10:50:48.272+0000] {logging_mixin.py:188} INFO - [2024-05-03T10:50:48.271+0000] {dag.py:3096} INFO - Sync 1 DAGs
[2024-05-03T10:50:48.290+0000] {logging_mixin.py:188} INFO - [2024-05-03T10:50:48.290+0000] {dag.py:3954} INFO - Setting next_dagrun for tutorial to 2024-05-02 00:00:00+00:00, run_after=2024-05-03 00:00:00+00:00
[2024-05-03T10:50:48.307+0000] {processor.py:183} INFO - Processing /home/airflow/.local/lib/python3.12/site-packages/airflow/example_dags/tutorial.py took 0.064 seconds
[2024-05-03T10:51:18.520+0000] {processor.py:161} INFO - Started process (PID=1636) to work on /home/airflow/.local/lib/python3.12/site-packages/airflow/example_dags/tutorial.py
[2024-05-03T10:51:18.521+0000] {processor.py:830} INFO - Processing file /home/airflow/.local/lib/python3.12/site-packages/airflow/example_dags/tutorial.py for tasks to queue
[2024-05-03T10:51:18.523+0000] {logging_mixin.py:188} INFO - [2024-05-03T10:51:18.522+0000] {dagbag.py:540} INFO - Filling up the DagBag from /home/airflow/.local/lib/python3.12/site-packages/airflow/example_dags/tutorial.py
[2024-05-03T10:51:18.527+0000] {processor.py:840} INFO - DAG(s) 'tutorial' retrieved from /home/airflow/.local/lib/python3.12/site-packages/airflow/example_dags/tutorial.py
[2024-05-03T10:51:18.543+0000] {logging_mixin.py:188} INFO - [2024-05-03T10:51:18.543+0000] {dag.py:3096} INFO - Sync 1 DAGs
[2024-05-03T10:51:18.561+0000] {logging_mixin.py:188} INFO - [2024-05-03T10:51:18.561+0000] {dag.py:3954} INFO - Setting next_dagrun for tutorial to 2024-05-02 00:00:00+00:00, run_after=2024-05-03 00:00:00+00:00
[2024-05-03T10:51:18.577+0000] {processor.py:183} INFO - Processing /home/airflow/.local/lib/python3.12/site-packages/airflow/example_dags/tutorial.py took 0.061 seconds
[2024-05-03T10:51:48.744+0000] {processor.py:161} INFO - Started process (PID=1694) to work on /home/airflow/.local/lib/python3.12/site-packages/airflow/example_dags/tutorial.py
[2024-05-03T10:51:48.745+0000] {processor.py:830} INFO - Processing file /home/airflow/.local/lib/python3.12/site-packages/airflow/example_dags/tutorial.py for tasks to queue
[2024-05-03T10:51:48.746+0000] {logging_mixin.py:188} INFO - [2024-05-03T10:51:48.746+0000] {dagbag.py:540} INFO - Filling up the DagBag from /home/airflow/.local/lib/python3.12/site-packages/airflow/example_dags/tutorial.py
[2024-05-03T10:51:48.751+0000] {processor.py:840} INFO - DAG(s) 'tutorial' retrieved from /home/airflow/.local/lib/python3.12/site-packages/airflow/example_dags/tutorial.py
[2024-05-03T10:51:48.768+0000] {logging_mixin.py:188} INFO - [2024-05-03T10:51:48.768+0000] {dag.py:3096} INFO - Sync 1 DAGs
[2024-05-03T10:51:48.786+0000] {logging_mixin.py:188} INFO - [2024-05-03T10:51:48.786+0000] {dag.py:3954} INFO - Setting next_dagrun for tutorial to 2024-05-02 00:00:00+00:00, run_after=2024-05-03 00:00:00+00:00
[2024-05-03T10:51:48.803+0000] {processor.py:183} INFO - Processing /home/airflow/.local/lib/python3.12/site-packages/airflow/example_dags/tutorial.py took 0.064 seconds
[2024-05-03T10:52:19.037+0000] {processor.py:161} INFO - Started process (PID=1752) to work on /home/airflow/.local/lib/python3.12/site-packages/airflow/example_dags/tutorial.py
[2024-05-03T10:52:19.038+0000] {processor.py:830} INFO - Processing file /home/airflow/.local/lib/python3.12/site-packages/airflow/example_dags/tutorial.py for tasks to queue
[2024-05-03T10:52:19.039+0000] {logging_mixin.py:188} INFO - [2024-05-03T10:52:19.039+0000] {dagbag.py:540} INFO - Filling up the DagBag from /home/airflow/.local/lib/python3.12/site-packages/airflow/example_dags/tutorial.py
[2024-05-03T10:52:19.044+0000] {processor.py:840} INFO - DAG(s) 'tutorial' retrieved from /home/airflow/.local/lib/python3.12/site-packages/airflow/example_dags/tutorial.py
[2024-05-03T10:52:19.063+0000] {logging_mixin.py:188} INFO - [2024-05-03T10:52:19.063+0000] {dag.py:3096} INFO - Sync 1 DAGs
[2024-05-03T10:52:19.085+0000] {logging_mixin.py:188} INFO - [2024-05-03T10:52:19.085+0000] {dag.py:3954} INFO - Setting next_dagrun for tutorial to 2024-05-02 00:00:00+00:00, run_after=2024-05-03 00:00:00+00:00
[2024-05-03T10:52:19.103+0000] {processor.py:183} INFO - Processing /home/airflow/.local/lib/python3.12/site-packages/airflow/example_dags/tutorial.py took 0.071 seconds
[2024-05-03T10:52:49.321+0000] {processor.py:161} INFO - Started process (PID=1810) to work on /home/airflow/.local/lib/python3.12/site-packages/airflow/example_dags/tutorial.py
[2024-05-03T10:52:49.322+0000] {processor.py:830} INFO - Processing file /home/airflow/.local/lib/python3.12/site-packages/airflow/example_dags/tutorial.py for tasks to queue
[2024-05-03T10:52:49.323+0000] {logging_mixin.py:188} INFO - [2024-05-03T10:52:49.323+0000] {dagbag.py:540} INFO - Filling up the DagBag from /home/airflow/.local/lib/python3.12/site-packages/airflow/example_dags/tutorial.py
[2024-05-03T10:52:49.328+0000] {processor.py:840} INFO - DAG(s) 'tutorial' retrieved from /home/airflow/.local/lib/python3.12/site-packages/airflow/example_dags/tutorial.py
[2024-05-03T10:52:49.344+0000] {logging_mixin.py:188} INFO - [2024-05-03T10:52:49.344+0000] {dag.py:3096} INFO - Sync 1 DAGs
[2024-05-03T10:52:49.363+0000] {logging_mixin.py:188} INFO - [2024-05-03T10:52:49.363+0000] {dag.py:3954} INFO - Setting next_dagrun for tutorial to 2024-05-02 00:00:00+00:00, run_after=2024-05-03 00:00:00+00:00
[2024-05-03T10:52:49.379+0000] {processor.py:183} INFO - Processing /home/airflow/.local/lib/python3.12/site-packages/airflow/example_dags/tutorial.py took 0.063 seconds
[2024-05-03T10:53:19.480+0000] {processor.py:161} INFO - Started process (PID=1869) to work on /home/airflow/.local/lib/python3.12/site-packages/airflow/example_dags/tutorial.py
[2024-05-03T10:53:19.481+0000] {processor.py:830} INFO - Processing file /home/airflow/.local/lib/python3.12/site-packages/airflow/example_dags/tutorial.py for tasks to queue
[2024-05-03T10:53:19.483+0000] {logging_mixin.py:188} INFO - [2024-05-03T10:53:19.483+0000] {dagbag.py:540} INFO - Filling up the DagBag from /home/airflow/.local/lib/python3.12/site-packages/airflow/example_dags/tutorial.py
[2024-05-03T10:53:19.487+0000] {processor.py:840} INFO - DAG(s) 'tutorial' retrieved from /home/airflow/.local/lib/python3.12/site-packages/airflow/example_dags/tutorial.py
[2024-05-03T10:53:19.504+0000] {logging_mixin.py:188} INFO - [2024-05-03T10:53:19.504+0000] {dag.py:3096} INFO - Sync 1 DAGs
[2024-05-03T10:53:19.522+0000] {logging_mixin.py:188} INFO - [2024-05-03T10:53:19.522+0000] {dag.py:3954} INFO - Setting next_dagrun for tutorial to 2024-05-02 00:00:00+00:00, run_after=2024-05-03 00:00:00+00:00
[2024-05-03T10:53:19.539+0000] {processor.py:183} INFO - Processing /home/airflow/.local/lib/python3.12/site-packages/airflow/example_dags/tutorial.py took 0.063 seconds
[2024-05-03T10:53:49.843+0000] {processor.py:161} INFO - Started process (PID=1927) to work on /home/airflow/.local/lib/python3.12/site-packages/airflow/example_dags/tutorial.py
[2024-05-03T10:53:49.844+0000] {processor.py:830} INFO - Processing file /home/airflow/.local/lib/python3.12/site-packages/airflow/example_dags/tutorial.py for tasks to queue
[2024-05-03T10:53:49.847+0000] {logging_mixin.py:188} INFO - [2024-05-03T10:53:49.846+0000] {dagbag.py:540} INFO - Filling up the DagBag from /home/airflow/.local/lib/python3.12/site-packages/airflow/example_dags/tutorial.py
[2024-05-03T10:53:49.856+0000] {processor.py:840} INFO - DAG(s) 'tutorial' retrieved from /home/airflow/.local/lib/python3.12/site-packages/airflow/example_dags/tutorial.py
[2024-05-03T10:53:49.882+0000] {logging_mixin.py:188} INFO - [2024-05-03T10:53:49.882+0000] {dag.py:3096} INFO - Sync 1 DAGs
[2024-05-03T10:53:49.912+0000] {logging_mixin.py:188} INFO - [2024-05-03T10:53:49.912+0000] {dag.py:3954} INFO - Setting next_dagrun for tutorial to 2024-05-02 00:00:00+00:00, run_after=2024-05-03 00:00:00+00:00
[2024-05-03T10:53:49.939+0000] {processor.py:183} INFO - Processing /home/airflow/.local/lib/python3.12/site-packages/airflow/example_dags/tutorial.py took 0.103 seconds
[2024-05-03T10:54:20.413+0000] {processor.py:161} INFO - Started process (PID=1985) to work on /home/airflow/.local/lib/python3.12/site-packages/airflow/example_dags/tutorial.py
[2024-05-03T10:54:20.414+0000] {processor.py:830} INFO - Processing file /home/airflow/.local/lib/python3.12/site-packages/airflow/example_dags/tutorial.py for tasks to queue
[2024-05-03T10:54:20.416+0000] {logging_mixin.py:188} INFO - [2024-05-03T10:54:20.416+0000] {dagbag.py:540} INFO - Filling up the DagBag from /home/airflow/.local/lib/python3.12/site-packages/airflow/example_dags/tutorial.py
[2024-05-03T10:54:20.422+0000] {processor.py:840} INFO - DAG(s) 'tutorial' retrieved from /home/airflow/.local/lib/python3.12/site-packages/airflow/example_dags/tutorial.py
[2024-05-03T10:54:20.440+0000] {logging_mixin.py:188} INFO - [2024-05-03T10:54:20.440+0000] {dag.py:3096} INFO - Sync 1 DAGs
[2024-05-03T10:54:20.460+0000] {logging_mixin.py:188} INFO - [2024-05-03T10:54:20.460+0000] {dag.py:3954} INFO - Setting next_dagrun for tutorial to 2024-05-02 00:00:00+00:00, run_after=2024-05-03 00:00:00+00:00
[2024-05-03T10:54:20.477+0000] {processor.py:183} INFO - Processing /home/airflow/.local/lib/python3.12/site-packages/airflow/example_dags/tutorial.py took 0.068 seconds
[2024-05-03T10:54:50.609+0000] {processor.py:161} INFO - Started process (PID=2043) to work on /home/airflow/.local/lib/python3.12/site-packages/airflow/example_dags/tutorial.py
[2024-05-03T10:54:50.609+0000] {processor.py:830} INFO - Processing file /home/airflow/.local/lib/python3.12/site-packages/airflow/example_dags/tutorial.py for tasks to queue
[2024-05-03T10:54:50.611+0000] {logging_mixin.py:188} INFO - [2024-05-03T10:54:50.611+0000] {dagbag.py:540} INFO - Filling up the DagBag from /home/airflow/.local/lib/python3.12/site-packages/airflow/example_dags/tutorial.py
[2024-05-03T10:54:50.615+0000] {processor.py:840} INFO - DAG(s) 'tutorial' retrieved from /home/airflow/.local/lib/python3.12/site-packages/airflow/example_dags/tutorial.py
[2024-05-03T10:54:50.631+0000] {logging_mixin.py:188} INFO - [2024-05-03T10:54:50.631+0000] {dag.py:3096} INFO - Sync 1 DAGs
[2024-05-03T10:54:50.650+0000] {logging_mixin.py:188} INFO - [2024-05-03T10:54:50.650+0000] {dag.py:3954} INFO - Setting next_dagrun for tutorial to 2024-05-02 00:00:00+00:00, run_after=2024-05-03 00:00:00+00:00
[2024-05-03T10:54:50.666+0000] {processor.py:183} INFO - Processing /home/airflow/.local/lib/python3.12/site-packages/airflow/example_dags/tutorial.py took 0.061 seconds
[2024-05-03T10:55:20.766+0000] {processor.py:161} INFO - Started process (PID=2101) to work on /home/airflow/.local/lib/python3.12/site-packages/airflow/example_dags/tutorial.py
[2024-05-03T10:55:20.767+0000] {processor.py:830} INFO - Processing file /home/airflow/.local/lib/python3.12/site-packages/airflow/example_dags/tutorial.py for tasks to queue
[2024-05-03T10:55:20.768+0000] {logging_mixin.py:188} INFO - [2024-05-03T10:55:20.768+0000] {dagbag.py:540} INFO - Filling up the DagBag from /home/airflow/.local/lib/python3.12/site-packages/airflow/example_dags/tutorial.py
[2024-05-03T10:55:20.772+0000] {processor.py:840} INFO - DAG(s) 'tutorial' retrieved from /home/airflow/.local/lib/python3.12/site-packages/airflow/example_dags/tutorial.py
[2024-05-03T10:55:20.789+0000] {logging_mixin.py:188} INFO - [2024-05-03T10:55:20.789+0000] {dag.py:3096} INFO - Sync 1 DAGs
[2024-05-03T10:55:20.806+0000] {logging_mixin.py:188} INFO - [2024-05-03T10:55:20.806+0000] {dag.py:3954} INFO - Setting next_dagrun for tutorial to 2024-05-02 00:00:00+00:00, run_after=2024-05-03 00:00:00+00:00
[2024-05-03T10:55:20.821+0000] {processor.py:183} INFO - Processing /home/airflow/.local/lib/python3.12/site-packages/airflow/example_dags/tutorial.py took 0.060 seconds
[2024-05-03T10:55:51.024+0000] {processor.py:161} INFO - Started process (PID=2159) to work on /home/airflow/.local/lib/python3.12/site-packages/airflow/example_dags/tutorial.py
[2024-05-03T10:55:51.025+0000] {processor.py:830} INFO - Processing file /home/airflow/.local/lib/python3.12/site-packages/airflow/example_dags/tutorial.py for tasks to queue
[2024-05-03T10:55:51.027+0000] {logging_mixin.py:188} INFO - [2024-05-03T10:55:51.026+0000] {dagbag.py:540} INFO - Filling up the DagBag from /home/airflow/.local/lib/python3.12/site-packages/airflow/example_dags/tutorial.py
[2024-05-03T10:55:51.031+0000] {processor.py:840} INFO - DAG(s) 'tutorial' retrieved from /home/airflow/.local/lib/python3.12/site-packages/airflow/example_dags/tutorial.py
[2024-05-03T10:55:51.047+0000] {logging_mixin.py:188} INFO - [2024-05-03T10:55:51.047+0000] {dag.py:3096} INFO - Sync 1 DAGs
[2024-05-03T10:55:51.065+0000] {logging_mixin.py:188} INFO - [2024-05-03T10:55:51.064+0000] {dag.py:3954} INFO - Setting next_dagrun for tutorial to 2024-05-02 00:00:00+00:00, run_after=2024-05-03 00:00:00+00:00
[2024-05-03T10:55:51.082+0000] {processor.py:183} INFO - Processing /home/airflow/.local/lib/python3.12/site-packages/airflow/example_dags/tutorial.py took 0.063 seconds
[2024-05-03T10:56:21.253+0000] {processor.py:161} INFO - Started process (PID=2217) to work on /home/airflow/.local/lib/python3.12/site-packages/airflow/example_dags/tutorial.py
[2024-05-03T10:56:21.254+0000] {processor.py:830} INFO - Processing file /home/airflow/.local/lib/python3.12/site-packages/airflow/example_dags/tutorial.py for tasks to queue
[2024-05-03T10:56:21.255+0000] {logging_mixin.py:188} INFO - [2024-05-03T10:56:21.255+0000] {dagbag.py:540} INFO - Filling up the DagBag from /home/airflow/.local/lib/python3.12/site-packages/airflow/example_dags/tutorial.py
[2024-05-03T10:56:21.260+0000] {processor.py:840} INFO - DAG(s) 'tutorial' retrieved from /home/airflow/.local/lib/python3.12/site-packages/airflow/example_dags/tutorial.py
[2024-05-03T10:56:21.276+0000] {logging_mixin.py:188} INFO - [2024-05-03T10:56:21.276+0000] {dag.py:3096} INFO - Sync 1 DAGs
[2024-05-03T10:56:21.295+0000] {logging_mixin.py:188} INFO - [2024-05-03T10:56:21.295+0000] {dag.py:3954} INFO - Setting next_dagrun for tutorial to 2024-05-02 00:00:00+00:00, run_after=2024-05-03 00:00:00+00:00
[2024-05-03T10:56:21.313+0000] {processor.py:183} INFO - Processing /home/airflow/.local/lib/python3.12/site-packages/airflow/example_dags/tutorial.py took 0.065 seconds
[2024-05-03T10:56:51.444+0000] {processor.py:161} INFO - Started process (PID=2275) to work on /home/airflow/.local/lib/python3.12/site-packages/airflow/example_dags/tutorial.py
[2024-05-03T10:56:51.444+0000] {processor.py:830} INFO - Processing file /home/airflow/.local/lib/python3.12/site-packages/airflow/example_dags/tutorial.py for tasks to queue
[2024-05-03T10:56:51.446+0000] {logging_mixin.py:188} INFO - [2024-05-03T10:56:51.446+0000] {dagbag.py:540} INFO - Filling up the DagBag from /home/airflow/.local/lib/python3.12/site-packages/airflow/example_dags/tutorial.py
[2024-05-03T10:56:51.450+0000] {processor.py:840} INFO - DAG(s) 'tutorial' retrieved from /home/airflow/.local/lib/python3.12/site-packages/airflow/example_dags/tutorial.py
[2024-05-03T10:56:51.466+0000] {logging_mixin.py:188} INFO - [2024-05-03T10:56:51.466+0000] {dag.py:3096} INFO - Sync 1 DAGs
[2024-05-03T10:56:51.485+0000] {logging_mixin.py:188} INFO - [2024-05-03T10:56:51.485+0000] {dag.py:3954} INFO - Setting next_dagrun for tutorial to 2024-05-02 00:00:00+00:00, run_after=2024-05-03 00:00:00+00:00
[2024-05-03T10:56:51.501+0000] {processor.py:183} INFO - Processing /home/airflow/.local/lib/python3.12/site-packages/airflow/example_dags/tutorial.py took 0.062 seconds
[2024-05-03T10:57:21.604+0000] {processor.py:161} INFO - Started process (PID=2333) to work on /home/airflow/.local/lib/python3.12/site-packages/airflow/example_dags/tutorial.py
[2024-05-03T10:57:21.605+0000] {processor.py:830} INFO - Processing file /home/airflow/.local/lib/python3.12/site-packages/airflow/example_dags/tutorial.py for tasks to queue
[2024-05-03T10:57:21.607+0000] {logging_mixin.py:188} INFO - [2024-05-03T10:57:21.607+0000] {dagbag.py:540} INFO - Filling up the DagBag from /home/airflow/.local/lib/python3.12/site-packages/airflow/example_dags/tutorial.py
[2024-05-03T10:57:21.611+0000] {processor.py:840} INFO - DAG(s) 'tutorial' retrieved from /home/airflow/.local/lib/python3.12/site-packages/airflow/example_dags/tutorial.py
[2024-05-03T10:57:21.628+0000] {logging_mixin.py:188} INFO - [2024-05-03T10:57:21.628+0000] {dag.py:3096} INFO - Sync 1 DAGs
[2024-05-03T10:57:21.646+0000] {logging_mixin.py:188} INFO - [2024-05-03T10:57:21.646+0000] {dag.py:3954} INFO - Setting next_dagrun for tutorial to 2024-05-02 00:00:00+00:00, run_after=2024-05-03 00:00:00+00:00
[2024-05-03T10:57:21.663+0000] {processor.py:183} INFO - Processing /home/airflow/.local/lib/python3.12/site-packages/airflow/example_dags/tutorial.py took 0.063 seconds
[2024-05-03T10:57:51.822+0000] {processor.py:161} INFO - Started process (PID=2391) to work on /home/airflow/.local/lib/python3.12/site-packages/airflow/example_dags/tutorial.py
[2024-05-03T10:57:51.823+0000] {processor.py:830} INFO - Processing file /home/airflow/.local/lib/python3.12/site-packages/airflow/example_dags/tutorial.py for tasks to queue
[2024-05-03T10:57:51.824+0000] {logging_mixin.py:188} INFO - [2024-05-03T10:57:51.824+0000] {dagbag.py:540} INFO - Filling up the DagBag from /home/airflow/.local/lib/python3.12/site-packages/airflow/example_dags/tutorial.py
[2024-05-03T10:57:51.829+0000] {processor.py:840} INFO - DAG(s) 'tutorial' retrieved from /home/airflow/.local/lib/python3.12/site-packages/airflow/example_dags/tutorial.py
[2024-05-03T10:57:51.845+0000] {logging_mixin.py:188} INFO - [2024-05-03T10:57:51.844+0000] {dag.py:3096} INFO - Sync 1 DAGs
[2024-05-03T10:57:51.862+0000] {logging_mixin.py:188} INFO - [2024-05-03T10:57:51.862+0000] {dag.py:3954} INFO - Setting next_dagrun for tutorial to 2024-05-02 00:00:00+00:00, run_after=2024-05-03 00:00:00+00:00
[2024-05-03T10:57:51.878+0000] {processor.py:183} INFO - Processing /home/airflow/.local/lib/python3.12/site-packages/airflow/example_dags/tutorial.py took 0.061 seconds
[2024-05-03T10:58:22.037+0000] {processor.py:161} INFO - Started process (PID=2450) to work on /home/airflow/.local/lib/python3.12/site-packages/airflow/example_dags/tutorial.py
[2024-05-03T10:58:22.038+0000] {processor.py:830} INFO - Processing file /home/airflow/.local/lib/python3.12/site-packages/airflow/example_dags/tutorial.py for tasks to queue
[2024-05-03T10:58:22.039+0000] {logging_mixin.py:188} INFO - [2024-05-03T10:58:22.039+0000] {dagbag.py:540} INFO - Filling up the DagBag from /home/airflow/.local/lib/python3.12/site-packages/airflow/example_dags/tutorial.py
[2024-05-03T10:58:22.044+0000] {processor.py:840} INFO - DAG(s) 'tutorial' retrieved from /home/airflow/.local/lib/python3.12/site-packages/airflow/example_dags/tutorial.py
[2024-05-03T10:58:22.060+0000] {logging_mixin.py:188} INFO - [2024-05-03T10:58:22.060+0000] {dag.py:3096} INFO - Sync 1 DAGs
[2024-05-03T10:58:22.078+0000] {logging_mixin.py:188} INFO - [2024-05-03T10:58:22.078+0000] {dag.py:3954} INFO - Setting next_dagrun for tutorial to 2024-05-02 00:00:00+00:00, run_after=2024-05-03 00:00:00+00:00
[2024-05-03T10:58:22.096+0000] {processor.py:183} INFO - Processing /home/airflow/.local/lib/python3.12/site-packages/airflow/example_dags/tutorial.py took 0.064 seconds
