[2024-05-06T11:28:01.073+0000] {local_task_job_runner.py:120} INFO - ::group::Pre task execution logs
[2024-05-06T11:28:01.092+0000] {taskinstance.py:2073} INFO - Dependencies all met for dep_context=non-requeueable deps ti=<TaskInstance: postgres_operator_dag.get_birth_date manual__2024-05-06T11:27:57.972692+00:00 [queued]>
[2024-05-06T11:28:01.099+0000] {taskinstance.py:2073} INFO - Dependencies all met for dep_context=requeueable deps ti=<TaskInstance: postgres_operator_dag.get_birth_date manual__2024-05-06T11:27:57.972692+00:00 [queued]>
[2024-05-06T11:28:01.100+0000] {taskinstance.py:2303} INFO - Starting attempt 1 of 3
[2024-05-06T11:28:01.112+0000] {taskinstance.py:2327} INFO - Executing <Task(PostgresOperator): get_birth_date> on 2024-05-06 11:27:57.972692+00:00
[2024-05-06T11:28:01.117+0000] {warnings.py:110} WARNING - /home/***/.local/lib/python3.12/site-packages/***/task/task_runner/standard_task_runner.py:61: DeprecationWarning: This process (pid=1428) is multi-threaded, use of fork() may lead to deadlocks in the child.
  pid = os.fork()

[2024-05-06T11:28:01.119+0000] {standard_task_runner.py:63} INFO - Started process 1429 to run task
[2024-05-06T11:28:01.118+0000] {standard_task_runner.py:90} INFO - Running: ['***', 'tasks', 'run', 'postgres_operator_dag', 'get_birth_date', 'manual__2024-05-06T11:27:57.972692+00:00', '--job-id', '127', '--raw', '--subdir', 'DAGS_FOLDER/kachevo.py', '--cfg-path', '/tmp/tmpt169i5j0']
[2024-05-06T11:28:01.120+0000] {standard_task_runner.py:91} INFO - Job 127: Subtask get_birth_date
[2024-05-06T11:28:01.156+0000] {task_command.py:426} INFO - Running <TaskInstance: postgres_operator_dag.get_birth_date manual__2024-05-06T11:27:57.972692+00:00 [running]> on host db2363de7199
[2024-05-06T11:28:01.225+0000] {taskinstance.py:2644} INFO - Exporting env vars: AIRFLOW_CTX_DAG_OWNER='***' AIRFLOW_CTX_DAG_ID='postgres_operator_dag' AIRFLOW_CTX_TASK_ID='get_birth_date' AIRFLOW_CTX_EXECUTION_DATE='2024-05-06T11:27:57.972692+00:00' AIRFLOW_CTX_TRY_NUMBER='1' AIRFLOW_CTX_DAG_RUN_ID='manual__2024-05-06T11:27:57.972692+00:00'
[2024-05-06T11:28:01.226+0000] {taskinstance.py:430} INFO - ::endgroup::
[2024-05-06T11:28:01.236+0000] {sql.py:276} INFO - Executing: SELECT * FROM pet WHERE birth_date BETWEEN SYMMETRIC %(begin_date)s AND %(end_date)s
[2024-05-06T11:28:01.244+0000] {base.py:84} INFO - Using connection ID 'postgres' for task execution.
[2024-05-06T11:28:01.251+0000] {base.py:84} INFO - Using connection ID 'postgres' for task execution.
[2024-05-06T11:28:01.288+0000] {sql.py:457} INFO - Running statement: SELECT * FROM pet WHERE birth_date BETWEEN SYMMETRIC %(begin_date)s AND %(end_date)s, parameters: {'begin_date': '2020-01-01', 'end_date': '2020-12-31'}
[2024-05-06T11:28:01.291+0000] {sql.py:466} INFO - Rows affected: 0
[2024-05-06T11:28:01.291+0000] {warnings.py:110} WARNING - /home/***/.local/lib/python3.12/site-packages/***/providers/common/sql/hooks/sql.py:407: AirflowProviderDeprecationWarning: Call to deprecated method _make_common_data_structure. (The `_make_serializable` method is deprecated and support will be removed in a future version of the common.sql provider. Please update the DbApiHook's provider to a version based on common.sql >= 1.9.1.)
  result = self._make_common_data_structure(handler(cur))

[2024-05-06T11:28:01.293+0000] {taskinstance.py:441} INFO - ::group::Post task execution logs
[2024-05-06T11:28:01.310+0000] {taskinstance.py:1205} INFO - Marking task as SUCCESS. dag_id=postgres_operator_dag, task_id=get_birth_date, execution_date=20240506T112757, start_date=20240506T112801, end_date=20240506T112801
[2024-05-06T11:28:01.333+0000] {local_task_job_runner.py:240} INFO - Task exited with return code 0
[2024-05-06T11:28:01.341+0000] {warnings.py:110} WARNING - /home/***/.local/lib/python3.12/site-packages/***/models/baseoperator.py:1296: AirflowProviderDeprecationWarning: Call to deprecated class MySqlOperator. (Please use `***.providers.common.sql.operators.sql.SQLExecuteQueryOperator`.Also, you can provide `hook_params={'schema': <database>}`.)
  result = cls.__new__(cls)

[2024-05-06T11:28:01.342+0000] {warnings.py:110} WARNING - /home/***/.local/lib/python3.12/site-packages/***/models/baseoperator.py:1296: AirflowProviderDeprecationWarning: Call to deprecated class PostgresOperator. (Please use `***.providers.common.sql.operators.sql.SQLExecuteQueryOperator`.Also, you can provide `hook_params={'schema': <database>}`.)
  result = cls.__new__(cls)

[2024-05-06T11:28:01.355+0000] {taskinstance.py:3482} INFO - 1 downstream tasks scheduled from follow-on schedule check
[2024-05-06T11:28:01.357+0000] {local_task_job_runner.py:222} INFO - ::endgroup::
