[2024-05-06T12:10:08.472+0000] {local_task_job_runner.py:120} INFO - ::group::Pre task execution logs
[2024-05-06T12:10:08.491+0000] {taskinstance.py:2073} INFO - Dependencies all met for dep_context=non-requeueable deps ti=<TaskInstance: postgres_operator_dag.getfrommysql manual__2024-05-06T12:09:58.649390+00:00 [queued]>
[2024-05-06T12:10:08.499+0000] {taskinstance.py:2073} INFO - Dependencies all met for dep_context=requeueable deps ti=<TaskInstance: postgres_operator_dag.getfrommysql manual__2024-05-06T12:09:58.649390+00:00 [queued]>
[2024-05-06T12:10:08.500+0000] {taskinstance.py:2303} INFO - Starting attempt 1 of 3
[2024-05-06T12:10:08.513+0000] {taskinstance.py:2327} INFO - Executing <Task(MySqlOperator): getfrommysql> on 2024-05-06 12:09:58.649390+00:00
[2024-05-06T12:10:08.518+0000] {warnings.py:110} WARNING - /home/***/.local/lib/python3.12/site-packages/***/task/task_runner/standard_task_runner.py:61: DeprecationWarning: This process (pid=2132) is multi-threaded, use of fork() may lead to deadlocks in the child.
  pid = os.fork()

[2024-05-06T12:10:08.520+0000] {standard_task_runner.py:63} INFO - Started process 2133 to run task
[2024-05-06T12:10:08.519+0000] {standard_task_runner.py:90} INFO - Running: ['***', 'tasks', 'run', 'postgres_operator_dag', 'getfrommysql', 'manual__2024-05-06T12:09:58.649390+00:00', '--job-id', '204', '--raw', '--subdir', 'DAGS_FOLDER/kachevo.py', '--cfg-path', '/tmp/tmpn6zk9a7n']
[2024-05-06T12:10:08.522+0000] {standard_task_runner.py:91} INFO - Job 204: Subtask getfrommysql
[2024-05-06T12:10:08.559+0000] {task_command.py:426} INFO - Running <TaskInstance: postgres_operator_dag.getfrommysql manual__2024-05-06T12:09:58.649390+00:00 [running]> on host db2363de7199
[2024-05-06T12:10:08.630+0000] {taskinstance.py:2644} INFO - Exporting env vars: AIRFLOW_CTX_DAG_OWNER='***' AIRFLOW_CTX_DAG_ID='postgres_operator_dag' AIRFLOW_CTX_TASK_ID='getfrommysql' AIRFLOW_CTX_EXECUTION_DATE='2024-05-06T12:09:58.649390+00:00' AIRFLOW_CTX_TRY_NUMBER='1' AIRFLOW_CTX_DAG_RUN_ID='manual__2024-05-06T12:09:58.649390+00:00'
[2024-05-06T12:10:08.631+0000] {taskinstance.py:430} INFO - ::endgroup::
[2024-05-06T12:10:08.641+0000] {sql.py:276} INFO - Executing: select * from pet where name = "Samurai"
[2024-05-06T12:10:08.649+0000] {base.py:84} INFO - Using connection ID 'mysql' for task execution.
[2024-05-06T12:10:08.657+0000] {base.py:84} INFO - Using connection ID 'mysql' for task execution.
[2024-05-06T12:10:08.668+0000] {sql.py:457} INFO - Running statement: select * from pet where name = "Samurai", parameters: None
[2024-05-06T12:10:08.669+0000] {sql.py:466} INFO - Rows affected: 5
[2024-05-06T12:10:08.670+0000] {warnings.py:110} WARNING - /home/***/.local/lib/python3.12/site-packages/***/providers/common/sql/hooks/sql.py:407: AirflowProviderDeprecationWarning: Call to deprecated method _make_common_data_structure. (The `_make_serializable` method is deprecated and support will be removed in a future version of the common.sql provider. Please update the DbApiHook's provider to a version based on common.sql >= 1.9.1.)
  result = self._make_common_data_structure(handler(cur))

[2024-05-06T12:10:08.671+0000] {taskinstance.py:441} INFO - ::group::Post task execution logs
[2024-05-06T12:10:08.688+0000] {taskinstance.py:1205} INFO - Marking task as SUCCESS. dag_id=postgres_operator_dag, task_id=getfrommysql, execution_date=20240506T120958, start_date=20240506T121008, end_date=20240506T121008
[2024-05-06T12:10:08.734+0000] {local_task_job_runner.py:240} INFO - Task exited with return code 0
[2024-05-06T12:10:08.743+0000] {warnings.py:110} WARNING - /home/***/.local/lib/python3.12/site-packages/***/models/baseoperator.py:1296: AirflowProviderDeprecationWarning: Call to deprecated class MySqlOperator. (Please use `***.providers.common.sql.operators.sql.SQLExecuteQueryOperator`.Also, you can provide `hook_params={'schema': <database>}`.)
  result = cls.__new__(cls)

[2024-05-06T12:10:08.758+0000] {taskinstance.py:3482} INFO - 1 downstream tasks scheduled from follow-on schedule check
[2024-05-06T12:10:08.761+0000] {local_task_job_runner.py:222} INFO - ::endgroup::
