[2024-05-06T11:29:07.008+0000] {local_task_job_runner.py:120} INFO - ::group::Pre task execution logs
[2024-05-06T11:29:07.025+0000] {taskinstance.py:2073} INFO - Dependencies all met for dep_context=non-requeueable deps ti=<TaskInstance: postgres_operator_dag.getfrommysql manual__2024-05-06T11:29:02.907851+00:00 [queued]>
[2024-05-06T11:29:07.033+0000] {taskinstance.py:2073} INFO - Dependencies all met for dep_context=requeueable deps ti=<TaskInstance: postgres_operator_dag.getfrommysql manual__2024-05-06T11:29:02.907851+00:00 [queued]>
[2024-05-06T11:29:07.033+0000] {taskinstance.py:2303} INFO - Starting attempt 1 of 3
[2024-05-06T11:29:07.045+0000] {taskinstance.py:2327} INFO - Executing <Task(MySqlOperator): getfrommysql> on 2024-05-06 11:29:02.907851+00:00
[2024-05-06T11:29:07.050+0000] {warnings.py:110} WARNING - /home/***/.local/lib/python3.12/site-packages/***/task/task_runner/standard_task_runner.py:61: DeprecationWarning: This process (pid=1454) is multi-threaded, use of fork() may lead to deadlocks in the child.
  pid = os.fork()

[2024-05-06T11:29:07.051+0000] {standard_task_runner.py:63} INFO - Started process 1455 to run task
[2024-05-06T11:29:07.051+0000] {standard_task_runner.py:90} INFO - Running: ['***', 'tasks', 'run', 'postgres_operator_dag', 'getfrommysql', 'manual__2024-05-06T11:29:02.907851+00:00', '--job-id', '133', '--raw', '--subdir', 'DAGS_FOLDER/kachevo.py', '--cfg-path', '/tmp/tmpll4d1ogl']
[2024-05-06T11:29:07.054+0000] {standard_task_runner.py:91} INFO - Job 133: Subtask getfrommysql
[2024-05-06T11:29:07.094+0000] {task_command.py:426} INFO - Running <TaskInstance: postgres_operator_dag.getfrommysql manual__2024-05-06T11:29:02.907851+00:00 [running]> on host db2363de7199
[2024-05-06T11:29:07.184+0000] {taskinstance.py:2644} INFO - Exporting env vars: AIRFLOW_CTX_DAG_OWNER='***' AIRFLOW_CTX_DAG_ID='postgres_operator_dag' AIRFLOW_CTX_TASK_ID='getfrommysql' AIRFLOW_CTX_EXECUTION_DATE='2024-05-06T11:29:02.907851+00:00' AIRFLOW_CTX_TRY_NUMBER='1' AIRFLOW_CTX_DAG_RUN_ID='manual__2024-05-06T11:29:02.907851+00:00'
[2024-05-06T11:29:07.185+0000] {taskinstance.py:430} INFO - ::endgroup::
[2024-05-06T11:29:07.196+0000] {sql.py:276} INFO - Executing: select * from pet where name = "Samurai"
[2024-05-06T11:29:07.204+0000] {base.py:84} INFO - Using connection ID 'mysql' for task execution.
[2024-05-06T11:29:07.212+0000] {base.py:84} INFO - Using connection ID 'mysql' for task execution.
[2024-05-06T11:29:07.225+0000] {sql.py:457} INFO - Running statement: select * from pet where name = "Samurai", parameters: None
[2024-05-06T11:29:07.226+0000] {sql.py:466} INFO - Rows affected: 1
[2024-05-06T11:29:07.227+0000] {warnings.py:110} WARNING - /home/***/.local/lib/python3.12/site-packages/***/providers/common/sql/hooks/sql.py:407: AirflowProviderDeprecationWarning: Call to deprecated method _make_common_data_structure. (The `_make_serializable` method is deprecated and support will be removed in a future version of the common.sql provider. Please update the DbApiHook's provider to a version based on common.sql >= 1.9.1.)
  result = self._make_common_data_structure(handler(cur))

[2024-05-06T11:29:07.229+0000] {taskinstance.py:441} INFO - ::group::Post task execution logs
[2024-05-06T11:29:07.248+0000] {taskinstance.py:1205} INFO - Marking task as SUCCESS. dag_id=postgres_operator_dag, task_id=getfrommysql, execution_date=20240506T112902, start_date=20240506T112907, end_date=20240506T112907
[2024-05-06T11:29:07.265+0000] {local_task_job_runner.py:240} INFO - Task exited with return code 0
[2024-05-06T11:29:07.275+0000] {warnings.py:110} WARNING - /home/***/.local/lib/python3.12/site-packages/***/models/baseoperator.py:1296: AirflowProviderDeprecationWarning: Call to deprecated class MySqlOperator. (Please use `***.providers.common.sql.operators.sql.SQLExecuteQueryOperator`.Also, you can provide `hook_params={'schema': <database>}`.)
  result = cls.__new__(cls)

[2024-05-06T11:29:07.286+0000] {taskinstance.py:3482} INFO - 1 downstream tasks scheduled from follow-on schedule check
[2024-05-06T11:29:07.287+0000] {local_task_job_runner.py:222} INFO - ::endgroup::
