[2024-05-06T10:54:00.045+0000] {local_task_job_runner.py:120} INFO - ::group::Pre task execution logs
[2024-05-06T10:54:00.066+0000] {taskinstance.py:2073} INFO - Dependencies all met for dep_context=non-requeueable deps ti=<TaskInstance: postgres_operator_dag.getfrommysql manual__2024-05-06T10:53:55.551336+00:00 [queued]>
[2024-05-06T10:54:00.074+0000] {taskinstance.py:2073} INFO - Dependencies all met for dep_context=requeueable deps ti=<TaskInstance: postgres_operator_dag.getfrommysql manual__2024-05-06T10:53:55.551336+00:00 [queued]>
[2024-05-06T10:54:00.076+0000] {taskinstance.py:2303} INFO - Starting attempt 1 of 3
[2024-05-06T10:54:00.090+0000] {taskinstance.py:2327} INFO - Executing <Task(MySqlOperator): getfrommysql> on 2024-05-06 10:53:55.551336+00:00
[2024-05-06T10:54:00.096+0000] {warnings.py:110} WARNING - /home/***/.local/lib/python3.12/site-packages/***/task/task_runner/standard_task_runner.py:61: DeprecationWarning: This process (pid=915) is multi-threaded, use of fork() may lead to deadlocks in the child.
  pid = os.fork()

[2024-05-06T10:54:00.098+0000] {standard_task_runner.py:63} INFO - Started process 916 to run task
[2024-05-06T10:54:00.097+0000] {standard_task_runner.py:90} INFO - Running: ['***', 'tasks', 'run', 'postgres_operator_dag', 'getfrommysql', 'manual__2024-05-06T10:53:55.551336+00:00', '--job-id', '93', '--raw', '--subdir', 'DAGS_FOLDER/kachevo.py', '--cfg-path', '/tmp/tmp9fz7vajd']
[2024-05-06T10:54:00.100+0000] {standard_task_runner.py:91} INFO - Job 93: Subtask getfrommysql
[2024-05-06T10:54:00.140+0000] {task_command.py:426} INFO - Running <TaskInstance: postgres_operator_dag.getfrommysql manual__2024-05-06T10:53:55.551336+00:00 [running]> on host db2363de7199
[2024-05-06T10:54:00.220+0000] {taskinstance.py:2644} INFO - Exporting env vars: AIRFLOW_CTX_DAG_OWNER='***' AIRFLOW_CTX_DAG_ID='postgres_operator_dag' AIRFLOW_CTX_TASK_ID='getfrommysql' AIRFLOW_CTX_EXECUTION_DATE='2024-05-06T10:53:55.551336+00:00' AIRFLOW_CTX_TRY_NUMBER='1' AIRFLOW_CTX_DAG_RUN_ID='manual__2024-05-06T10:53:55.551336+00:00'
[2024-05-06T10:54:00.221+0000] {taskinstance.py:430} INFO - ::endgroup::
[2024-05-06T10:54:00.232+0000] {sql.py:276} INFO - Executing: select * from pet where name = "Samurai"
[2024-05-06T10:54:00.241+0000] {base.py:84} INFO - Using connection ID 'mysql' for task execution.
[2024-05-06T10:54:00.249+0000] {base.py:84} INFO - Using connection ID 'mysql' for task execution.
[2024-05-06T10:54:00.261+0000] {sql.py:457} INFO - Running statement: select * from pet where name = "Samurai", parameters: None
[2024-05-06T10:54:00.263+0000] {sql.py:466} INFO - Rows affected: 1
[2024-05-06T10:54:00.264+0000] {warnings.py:110} WARNING - /home/***/.local/lib/python3.12/site-packages/***/providers/common/sql/hooks/sql.py:407: AirflowProviderDeprecationWarning: Call to deprecated method _make_common_data_structure. (The `_make_serializable` method is deprecated and support will be removed in a future version of the common.sql provider. Please update the DbApiHook's provider to a version based on common.sql >= 1.9.1.)
  result = self._make_common_data_structure(handler(cur))

[2024-05-06T10:54:00.266+0000] {taskinstance.py:441} INFO - ::group::Post task execution logs
[2024-05-06T10:54:00.285+0000] {taskinstance.py:1205} INFO - Marking task as SUCCESS. dag_id=postgres_operator_dag, task_id=getfrommysql, execution_date=20240506T105355, start_date=20240506T105400, end_date=20240506T105400
[2024-05-06T10:54:00.312+0000] {local_task_job_runner.py:240} INFO - Task exited with return code 0
[2024-05-06T10:54:00.321+0000] {warnings.py:110} WARNING - /home/***/.local/lib/python3.12/site-packages/***/models/baseoperator.py:1296: AirflowProviderDeprecationWarning: Call to deprecated class MySqlOperator. (Please use `***.providers.common.sql.operators.sql.SQLExecuteQueryOperator`.Also, you can provide `hook_params={'schema': <database>}`.)
  result = cls.__new__(cls)

[2024-05-06T10:54:00.331+0000] {taskinstance.py:3482} INFO - 1 downstream tasks scheduled from follow-on schedule check
[2024-05-06T10:54:00.334+0000] {local_task_job_runner.py:222} INFO - ::endgroup::
