[2024-05-06T12:00:20.098+0000] {local_task_job_runner.py:120} INFO - ::group::Pre task execution logs
[2024-05-06T12:00:20.118+0000] {taskinstance.py:2073} INFO - Dependencies all met for dep_context=non-requeueable deps ti=<TaskInstance: postgres_operator_dag.populate_pet_table_mysql manual__2024-05-06T12:00:15.662328+00:00 [queued]>
[2024-05-06T12:00:20.125+0000] {taskinstance.py:2073} INFO - Dependencies all met for dep_context=requeueable deps ti=<TaskInstance: postgres_operator_dag.populate_pet_table_mysql manual__2024-05-06T12:00:15.662328+00:00 [queued]>
[2024-05-06T12:00:20.126+0000] {taskinstance.py:2303} INFO - Starting attempt 1 of 3
[2024-05-06T12:00:20.141+0000] {taskinstance.py:2327} INFO - Executing <Task(MySqlOperator): populate_pet_table_mysql> on 2024-05-06 12:00:15.662328+00:00
[2024-05-06T12:00:20.147+0000] {warnings.py:110} WARNING - /home/***/.local/lib/python3.12/site-packages/***/task/task_runner/standard_task_runner.py:61: DeprecationWarning: This process (pid=1938) is multi-threaded, use of fork() may lead to deadlocks in the child.
  pid = os.fork()

[2024-05-06T12:00:20.149+0000] {standard_task_runner.py:63} INFO - Started process 1939 to run task
[2024-05-06T12:00:20.148+0000] {standard_task_runner.py:90} INFO - Running: ['***', 'tasks', 'run', 'postgres_operator_dag', 'populate_pet_table_mysql', 'manual__2024-05-06T12:00:15.662328+00:00', '--job-id', '170', '--raw', '--subdir', 'DAGS_FOLDER/kachevo.py', '--cfg-path', '/tmp/tmp6l2h6ty0']
[2024-05-06T12:00:20.150+0000] {standard_task_runner.py:91} INFO - Job 170: Subtask populate_pet_table_mysql
[2024-05-06T12:00:20.185+0000] {task_command.py:426} INFO - Running <TaskInstance: postgres_operator_dag.populate_pet_table_mysql manual__2024-05-06T12:00:15.662328+00:00 [running]> on host db2363de7199
[2024-05-06T12:00:20.253+0000] {taskinstance.py:2644} INFO - Exporting env vars: AIRFLOW_CTX_DAG_OWNER='***' AIRFLOW_CTX_DAG_ID='postgres_operator_dag' AIRFLOW_CTX_TASK_ID='populate_pet_table_mysql' AIRFLOW_CTX_EXECUTION_DATE='2024-05-06T12:00:15.662328+00:00' AIRFLOW_CTX_TRY_NUMBER='1' AIRFLOW_CTX_DAG_RUN_ID='manual__2024-05-06T12:00:15.662328+00:00'
[2024-05-06T12:00:20.254+0000] {taskinstance.py:430} INFO - ::endgroup::
[2024-05-06T12:00:20.264+0000] {sql.py:276} INFO - Executing: 
            INSERT INTO pet (name, pet_type, birth_date, OWNER)
            VALUES ('Max', 'Dog', '2018-07-05', 'Jane');

            INSERT INTO pet (name, pet_type, birth_date, OWNER)
            VALUES ('Susie', 'Cat', '2019-05-01', 'Phil');

            INSERT INTO pet (name, pet_type, birth_date, OWNER)
            VALUES ('Lester', 'Hamster', '2020-06-23', 'Lily');

            INSERT INTO pet (name, pet_type, birth_date, OWNER)
            VALUES ('Quincy', 'Parrot', '2013-08-11', 'Anne');
            
            INSERT INTO pet (name, pet_type, birth_date, OWNER)
            VALUES ('Samurai', 'Dog', '2010-08-11', 'Lyudmila');
            
[2024-05-06T12:00:20.273+0000] {base.py:84} INFO - Using connection ID 'mysql' for task execution.
[2024-05-06T12:00:20.280+0000] {base.py:84} INFO - Using connection ID 'mysql' for task execution.
[2024-05-06T12:00:20.291+0000] {sql.py:457} INFO - Running statement: 
            INSERT INTO pet (name, pet_type, birth_date, OWNER)
            VALUES ('Max', 'Dog', '2018-07-05', 'Jane');

            INSERT INTO pet (name, pet_type, birth_date, OWNER)
            VALUES ('Susie', 'Cat', '2019-05-01', 'Phil');

            INSERT INTO pet (name, pet_type, birth_date, OWNER)
            VALUES ('Lester', 'Hamster', '2020-06-23', 'Lily');

            INSERT INTO pet (name, pet_type, birth_date, OWNER)
            VALUES ('Quincy', 'Parrot', '2013-08-11', 'Anne');
            
            INSERT INTO pet (name, pet_type, birth_date, OWNER)
            VALUES ('Samurai', 'Dog', '2010-08-11', 'Lyudmila');
            , parameters: None
[2024-05-06T12:00:20.295+0000] {sql.py:466} INFO - Rows affected: 1
[2024-05-06T12:00:20.296+0000] {warnings.py:110} WARNING - /home/***/.local/lib/python3.12/site-packages/***/providers/common/sql/hooks/sql.py:407: AirflowProviderDeprecationWarning: Call to deprecated method _make_common_data_structure. (The `_make_serializable` method is deprecated and support will be removed in a future version of the common.sql provider. Please update the DbApiHook's provider to a version based on common.sql >= 1.9.1.)
  result = self._make_common_data_structure(handler(cur))

[2024-05-06T12:00:20.299+0000] {taskinstance.py:441} INFO - ::group::Post task execution logs
[2024-05-06T12:00:20.306+0000] {taskinstance.py:1205} INFO - Marking task as SUCCESS. dag_id=postgres_operator_dag, task_id=populate_pet_table_mysql, execution_date=20240506T120015, start_date=20240506T120020, end_date=20240506T120020
[2024-05-06T12:00:20.323+0000] {local_task_job_runner.py:240} INFO - Task exited with return code 0
[2024-05-06T12:00:20.331+0000] {warnings.py:110} WARNING - /home/***/.local/lib/python3.12/site-packages/***/models/baseoperator.py:1296: AirflowProviderDeprecationWarning: Call to deprecated class PostgresOperator. (Please use `***.providers.common.sql.operators.sql.SQLExecuteQueryOperator`.Also, you can provide `hook_params={'schema': <database>}`.)
  result = cls.__new__(cls)

[2024-05-06T12:00:20.331+0000] {warnings.py:110} WARNING - /home/***/.local/lib/python3.12/site-packages/***/models/baseoperator.py:1296: AirflowProviderDeprecationWarning: Call to deprecated class MySqlOperator. (Please use `***.providers.common.sql.operators.sql.SQLExecuteQueryOperator`.Also, you can provide `hook_params={'schema': <database>}`.)
  result = cls.__new__(cls)

[2024-05-06T12:00:20.347+0000] {taskinstance.py:3482} INFO - 1 downstream tasks scheduled from follow-on schedule check
[2024-05-06T12:00:20.349+0000] {local_task_job_runner.py:222} INFO - ::endgroup::
