[2024-05-06T10:51:04.660+0000] {local_task_job_runner.py:120} INFO - ::group::Pre task execution logs
[2024-05-06T10:51:04.679+0000] {taskinstance.py:2073} INFO - Dependencies all met for dep_context=non-requeueable deps ti=<TaskInstance: postgres_operator_dag.get_all_pets manual__2024-05-06T10:51:01.351962+00:00 [queued]>
[2024-05-06T10:51:04.686+0000] {taskinstance.py:2073} INFO - Dependencies all met for dep_context=requeueable deps ti=<TaskInstance: postgres_operator_dag.get_all_pets manual__2024-05-06T10:51:01.351962+00:00 [queued]>
[2024-05-06T10:51:04.687+0000] {taskinstance.py:2303} INFO - Starting attempt 1 of 3
[2024-05-06T10:51:04.700+0000] {taskinstance.py:2327} INFO - Executing <Task(PostgresOperator): get_all_pets> on 2024-05-06 10:51:01.351962+00:00
[2024-05-06T10:51:04.706+0000] {warnings.py:110} WARNING - /home/***/.local/lib/python3.12/site-packages/***/task/task_runner/standard_task_runner.py:61: DeprecationWarning: This process (pid=859) is multi-threaded, use of fork() may lead to deadlocks in the child.
  pid = os.fork()

[2024-05-06T10:51:04.708+0000] {standard_task_runner.py:63} INFO - Started process 860 to run task
[2024-05-06T10:51:04.707+0000] {standard_task_runner.py:90} INFO - Running: ['***', 'tasks', 'run', 'postgres_operator_dag', 'get_all_pets', 'manual__2024-05-06T10:51:01.351962+00:00', '--job-id', '86', '--raw', '--subdir', 'DAGS_FOLDER/kachevo.py', '--cfg-path', '/tmp/tmpq2e5h55e']
[2024-05-06T10:51:04.710+0000] {standard_task_runner.py:91} INFO - Job 86: Subtask get_all_pets
[2024-05-06T10:51:04.744+0000] {task_command.py:426} INFO - Running <TaskInstance: postgres_operator_dag.get_all_pets manual__2024-05-06T10:51:01.351962+00:00 [running]> on host db2363de7199
[2024-05-06T10:51:04.813+0000] {taskinstance.py:2644} INFO - Exporting env vars: AIRFLOW_CTX_DAG_OWNER='***' AIRFLOW_CTX_DAG_ID='postgres_operator_dag' AIRFLOW_CTX_TASK_ID='get_all_pets' AIRFLOW_CTX_EXECUTION_DATE='2024-05-06T10:51:01.351962+00:00' AIRFLOW_CTX_TRY_NUMBER='1' AIRFLOW_CTX_DAG_RUN_ID='manual__2024-05-06T10:51:01.351962+00:00'
[2024-05-06T10:51:04.814+0000] {taskinstance.py:430} INFO - ::endgroup::
[2024-05-06T10:51:04.824+0000] {sql.py:276} INFO - Executing: SELECT * FROM pet;
[2024-05-06T10:51:04.833+0000] {base.py:84} INFO - Using connection ID 'postgres' for task execution.
[2024-05-06T10:51:04.839+0000] {base.py:84} INFO - Using connection ID 'postgres' for task execution.
[2024-05-06T10:51:04.879+0000] {sql.py:457} INFO - Running statement: SELECT * FROM pet;, parameters: None
[2024-05-06T10:51:04.881+0000] {sql.py:466} INFO - Rows affected: 40
[2024-05-06T10:51:04.882+0000] {warnings.py:110} WARNING - /home/***/.local/lib/python3.12/site-packages/***/providers/common/sql/hooks/sql.py:407: AirflowProviderDeprecationWarning: Call to deprecated method _make_common_data_structure. (The `_make_serializable` method is deprecated and support will be removed in a future version of the common.sql provider. Please update the DbApiHook's provider to a version based on common.sql >= 1.9.1.)
  result = self._make_common_data_structure(handler(cur))

[2024-05-06T10:51:04.883+0000] {taskinstance.py:441} INFO - ::group::Post task execution logs
[2024-05-06T10:51:04.901+0000] {taskinstance.py:1205} INFO - Marking task as SUCCESS. dag_id=postgres_operator_dag, task_id=get_all_pets, execution_date=20240506T105101, start_date=20240506T105104, end_date=20240506T105104
[2024-05-06T10:51:04.922+0000] {local_task_job_runner.py:240} INFO - Task exited with return code 0
[2024-05-06T10:51:04.930+0000] {warnings.py:110} WARNING - /home/***/.local/lib/python3.12/site-packages/***/models/baseoperator.py:1296: AirflowProviderDeprecationWarning: Call to deprecated class PostgresOperator. (Please use `***.providers.common.sql.operators.sql.SQLExecuteQueryOperator`.Also, you can provide `hook_params={'schema': <database>}`.)
  result = cls.__new__(cls)

[2024-05-06T10:51:04.931+0000] {warnings.py:110} WARNING - /home/***/.local/lib/python3.12/site-packages/***/models/baseoperator.py:1296: AirflowProviderDeprecationWarning: Call to deprecated class MySqlOperator. (Please use `***.providers.common.sql.operators.sql.SQLExecuteQueryOperator`.Also, you can provide `hook_params={'schema': <database>}`.)
  result = cls.__new__(cls)

[2024-05-06T10:51:04.944+0000] {taskinstance.py:3482} INFO - 1 downstream tasks scheduled from follow-on schedule check
[2024-05-06T10:51:04.946+0000] {local_task_job_runner.py:222} INFO - ::endgroup::
