[2024-05-06T12:20:34.257+0000] {local_task_job_runner.py:120} INFO - ::group::Pre task execution logs
[2024-05-06T12:20:34.278+0000] {taskinstance.py:2073} INFO - Dependencies all met for dep_context=non-requeueable deps ti=<TaskInstance: postgres_operator_dag.get_all_pets_pgsql manual__2024-05-06T12:20:27.245211+00:00 [queued]>
[2024-05-06T12:20:34.286+0000] {taskinstance.py:2073} INFO - Dependencies all met for dep_context=requeueable deps ti=<TaskInstance: postgres_operator_dag.get_all_pets_pgsql manual__2024-05-06T12:20:27.245211+00:00 [queued]>
[2024-05-06T12:20:34.287+0000] {taskinstance.py:2303} INFO - Starting attempt 1 of 3
[2024-05-06T12:20:34.304+0000] {taskinstance.py:2327} INFO - Executing <Task(PostgresOperator): get_all_pets_pgsql> on 2024-05-06 12:20:27.245211+00:00
[2024-05-06T12:20:34.310+0000] {warnings.py:110} WARNING - /home/***/.local/lib/python3.12/site-packages/***/task/task_runner/standard_task_runner.py:61: DeprecationWarning: This process (pid=2370) is multi-threaded, use of fork() may lead to deadlocks in the child.
  pid = os.fork()

[2024-05-06T12:20:34.311+0000] {standard_task_runner.py:63} INFO - Started process 2371 to run task
[2024-05-06T12:20:34.311+0000] {standard_task_runner.py:90} INFO - Running: ['***', 'tasks', 'run', 'postgres_operator_dag', 'get_all_pets_pgsql', 'manual__2024-05-06T12:20:27.245211+00:00', '--job-id', '253', '--raw', '--subdir', 'DAGS_FOLDER/kachevo.py', '--cfg-path', '/tmp/tmp4oq58dxy']
[2024-05-06T12:20:34.313+0000] {standard_task_runner.py:91} INFO - Job 253: Subtask get_all_pets_pgsql
[2024-05-06T12:20:34.354+0000] {task_command.py:426} INFO - Running <TaskInstance: postgres_operator_dag.get_all_pets_pgsql manual__2024-05-06T12:20:27.245211+00:00 [running]> on host db2363de7199
[2024-05-06T12:20:34.452+0000] {taskinstance.py:2644} INFO - Exporting env vars: AIRFLOW_CTX_DAG_OWNER='***' AIRFLOW_CTX_DAG_ID='postgres_operator_dag' AIRFLOW_CTX_TASK_ID='get_all_pets_pgsql' AIRFLOW_CTX_EXECUTION_DATE='2024-05-06T12:20:27.245211+00:00' AIRFLOW_CTX_TRY_NUMBER='1' AIRFLOW_CTX_DAG_RUN_ID='manual__2024-05-06T12:20:27.245211+00:00'
[2024-05-06T12:20:34.453+0000] {taskinstance.py:430} INFO - ::endgroup::
[2024-05-06T12:20:34.464+0000] {sql.py:276} INFO - Executing: SELECT * FROM pet;
[2024-05-06T12:20:34.474+0000] {base.py:84} INFO - Using connection ID 'postgres' for task execution.
[2024-05-06T12:20:34.481+0000] {base.py:84} INFO - Using connection ID 'postgres' for task execution.
[2024-05-06T12:20:34.519+0000] {sql.py:457} INFO - Running statement: SELECT * FROM pet;, parameters: None
[2024-05-06T12:20:34.527+0000] {sql.py:466} INFO - Rows affected: 4
[2024-05-06T12:20:34.528+0000] {warnings.py:110} WARNING - /home/***/.local/lib/python3.12/site-packages/***/providers/common/sql/hooks/sql.py:407: AirflowProviderDeprecationWarning: Call to deprecated method _make_common_data_structure. (The `_make_serializable` method is deprecated and support will be removed in a future version of the common.sql provider. Please update the DbApiHook's provider to a version based on common.sql >= 1.9.1.)
  result = self._make_common_data_structure(handler(cur))

[2024-05-06T12:20:34.530+0000] {taskinstance.py:441} INFO - ::group::Post task execution logs
[2024-05-06T12:20:34.549+0000] {taskinstance.py:1205} INFO - Marking task as SUCCESS. dag_id=postgres_operator_dag, task_id=get_all_pets_pgsql, execution_date=20240506T122027, start_date=20240506T122034, end_date=20240506T122034
[2024-05-06T12:20:34.606+0000] {local_task_job_runner.py:240} INFO - Task exited with return code 0
[2024-05-06T12:20:34.622+0000] {warnings.py:110} WARNING - /home/***/.local/lib/python3.12/site-packages/***/models/baseoperator.py:1296: AirflowProviderDeprecationWarning: Call to deprecated class MySqlOperator. (Please use `***.providers.common.sql.operators.sql.SQLExecuteQueryOperator`.Also, you can provide `hook_params={'schema': <database>}`.)
  result = cls.__new__(cls)

[2024-05-06T12:20:34.625+0000] {warnings.py:110} WARNING - /home/***/.local/lib/python3.12/site-packages/***/models/baseoperator.py:1296: AirflowProviderDeprecationWarning: Call to deprecated class PostgresOperator. (Please use `***.providers.common.sql.operators.sql.SQLExecuteQueryOperator`.Also, you can provide `hook_params={'schema': <database>}`.)
  result = cls.__new__(cls)

[2024-05-06T12:20:34.646+0000] {taskinstance.py:3482} INFO - 1 downstream tasks scheduled from follow-on schedule check
[2024-05-06T12:20:34.649+0000] {local_task_job_runner.py:222} INFO - ::endgroup::
