[2024-04-26T11:16:55.666+0000] {processor.py:161} INFO - Started process (PID=74) to work on /home/airflow/.local/lib/python3.12/site-packages/airflow/example_dags/example_latest_only.py
[2024-04-26T11:16:55.668+0000] {processor.py:830} INFO - Processing file /home/airflow/.local/lib/python3.12/site-packages/airflow/example_dags/example_latest_only.py for tasks to queue
[2024-04-26T11:16:55.671+0000] {logging_mixin.py:188} INFO - [2024-04-26T11:16:55.671+0000] {dagbag.py:540} INFO - Filling up the DagBag from /home/airflow/.local/lib/python3.12/site-packages/airflow/example_dags/example_latest_only.py
[2024-04-26T11:16:55.682+0000] {processor.py:840} INFO - DAG(s) 'latest_only' retrieved from /home/airflow/.local/lib/python3.12/site-packages/airflow/example_dags/example_latest_only.py
[2024-04-26T11:16:55.897+0000] {logging_mixin.py:188} INFO - [2024-04-26T11:16:55.895+0000] {override.py:1829} INFO - Created Permission View: can delete on DAG:latest_only
[2024-04-26T11:16:55.923+0000] {logging_mixin.py:188} INFO - [2024-04-26T11:16:55.922+0000] {override.py:1829} INFO - Created Permission View: can edit on DAG:latest_only
[2024-04-26T11:16:55.940+0000] {logging_mixin.py:188} INFO - [2024-04-26T11:16:55.939+0000] {override.py:1829} INFO - Created Permission View: can read on DAG:latest_only
[2024-04-26T11:16:55.941+0000] {logging_mixin.py:188} INFO - [2024-04-26T11:16:55.941+0000] {dag.py:3096} INFO - Sync 1 DAGs
[2024-04-26T11:16:55.969+0000] {logging_mixin.py:188} INFO - [2024-04-26T11:16:55.968+0000] {dag.py:3118} INFO - Creating ORM DAG for latest_only
[2024-04-26T11:16:55.987+0000] {logging_mixin.py:188} INFO - [2024-04-26T11:16:55.986+0000] {dag.py:3954} INFO - Setting next_dagrun for latest_only to 2024-04-26 04:00:00+00:00, run_after=2024-04-26 08:00:00+00:00
[2024-04-26T11:16:56.028+0000] {processor.py:183} INFO - Processing /home/airflow/.local/lib/python3.12/site-packages/airflow/example_dags/example_latest_only.py took 0.375 seconds
[2024-04-26T11:17:26.112+0000] {processor.py:161} INFO - Started process (PID=132) to work on /home/airflow/.local/lib/python3.12/site-packages/airflow/example_dags/example_latest_only.py
[2024-04-26T11:17:26.114+0000] {processor.py:830} INFO - Processing file /home/airflow/.local/lib/python3.12/site-packages/airflow/example_dags/example_latest_only.py for tasks to queue
[2024-04-26T11:17:26.116+0000] {logging_mixin.py:188} INFO - [2024-04-26T11:17:26.116+0000] {dagbag.py:540} INFO - Filling up the DagBag from /home/airflow/.local/lib/python3.12/site-packages/airflow/example_dags/example_latest_only.py
[2024-04-26T11:17:26.122+0000] {processor.py:840} INFO - DAG(s) 'latest_only' retrieved from /home/airflow/.local/lib/python3.12/site-packages/airflow/example_dags/example_latest_only.py
[2024-04-26T11:17:26.148+0000] {logging_mixin.py:188} INFO - [2024-04-26T11:17:26.147+0000] {dag.py:3096} INFO - Sync 1 DAGs
[2024-04-26T11:17:26.175+0000] {logging_mixin.py:188} INFO - [2024-04-26T11:17:26.175+0000] {dag.py:3954} INFO - Setting next_dagrun for latest_only to 2024-04-26 04:00:00+00:00, run_after=2024-04-26 08:00:00+00:00
[2024-04-26T11:17:26.197+0000] {processor.py:183} INFO - Processing /home/airflow/.local/lib/python3.12/site-packages/airflow/example_dags/example_latest_only.py took 0.092 seconds
[2024-04-26T11:17:57.201+0000] {processor.py:161} INFO - Started process (PID=190) to work on /home/airflow/.local/lib/python3.12/site-packages/airflow/example_dags/example_latest_only.py
[2024-04-26T11:17:57.202+0000] {processor.py:830} INFO - Processing file /home/airflow/.local/lib/python3.12/site-packages/airflow/example_dags/example_latest_only.py for tasks to queue
[2024-04-26T11:17:57.204+0000] {logging_mixin.py:188} INFO - [2024-04-26T11:17:57.204+0000] {dagbag.py:540} INFO - Filling up the DagBag from /home/airflow/.local/lib/python3.12/site-packages/airflow/example_dags/example_latest_only.py
[2024-04-26T11:17:57.211+0000] {processor.py:840} INFO - DAG(s) 'latest_only' retrieved from /home/airflow/.local/lib/python3.12/site-packages/airflow/example_dags/example_latest_only.py
[2024-04-26T11:17:57.247+0000] {logging_mixin.py:188} INFO - [2024-04-26T11:17:57.246+0000] {dag.py:3096} INFO - Sync 1 DAGs
[2024-04-26T11:17:57.275+0000] {logging_mixin.py:188} INFO - [2024-04-26T11:17:57.275+0000] {dag.py:3954} INFO - Setting next_dagrun for latest_only to 2024-04-26 04:00:00+00:00, run_after=2024-04-26 08:00:00+00:00
[2024-04-26T11:17:57.300+0000] {processor.py:183} INFO - Processing /home/airflow/.local/lib/python3.12/site-packages/airflow/example_dags/example_latest_only.py took 0.106 seconds
[2024-04-26T11:18:28.234+0000] {processor.py:161} INFO - Started process (PID=248) to work on /home/airflow/.local/lib/python3.12/site-packages/airflow/example_dags/example_latest_only.py
[2024-04-26T11:18:28.236+0000] {processor.py:830} INFO - Processing file /home/airflow/.local/lib/python3.12/site-packages/airflow/example_dags/example_latest_only.py for tasks to queue
[2024-04-26T11:18:28.238+0000] {logging_mixin.py:188} INFO - [2024-04-26T11:18:28.238+0000] {dagbag.py:540} INFO - Filling up the DagBag from /home/airflow/.local/lib/python3.12/site-packages/airflow/example_dags/example_latest_only.py
[2024-04-26T11:18:28.243+0000] {processor.py:840} INFO - DAG(s) 'latest_only' retrieved from /home/airflow/.local/lib/python3.12/site-packages/airflow/example_dags/example_latest_only.py
[2024-04-26T11:18:28.267+0000] {logging_mixin.py:188} INFO - [2024-04-26T11:18:28.266+0000] {dag.py:3096} INFO - Sync 1 DAGs
[2024-04-26T11:18:28.294+0000] {logging_mixin.py:188} INFO - [2024-04-26T11:18:28.293+0000] {dag.py:3954} INFO - Setting next_dagrun for latest_only to 2024-04-26 04:00:00+00:00, run_after=2024-04-26 08:00:00+00:00
[2024-04-26T11:18:28.319+0000] {processor.py:183} INFO - Processing /home/airflow/.local/lib/python3.12/site-packages/airflow/example_dags/example_latest_only.py took 0.090 seconds
[2024-04-26T11:18:58.434+0000] {processor.py:161} INFO - Started process (PID=306) to work on /home/airflow/.local/lib/python3.12/site-packages/airflow/example_dags/example_latest_only.py
[2024-04-26T11:18:58.436+0000] {processor.py:830} INFO - Processing file /home/airflow/.local/lib/python3.12/site-packages/airflow/example_dags/example_latest_only.py for tasks to queue
[2024-04-26T11:18:58.438+0000] {logging_mixin.py:188} INFO - [2024-04-26T11:18:58.438+0000] {dagbag.py:540} INFO - Filling up the DagBag from /home/airflow/.local/lib/python3.12/site-packages/airflow/example_dags/example_latest_only.py
[2024-04-26T11:18:58.444+0000] {processor.py:840} INFO - DAG(s) 'latest_only' retrieved from /home/airflow/.local/lib/python3.12/site-packages/airflow/example_dags/example_latest_only.py
[2024-04-26T11:18:58.470+0000] {logging_mixin.py:188} INFO - [2024-04-26T11:18:58.469+0000] {dag.py:3096} INFO - Sync 1 DAGs
[2024-04-26T11:18:58.495+0000] {logging_mixin.py:188} INFO - [2024-04-26T11:18:58.494+0000] {dag.py:3954} INFO - Setting next_dagrun for latest_only to 2024-04-26 04:00:00+00:00, run_after=2024-04-26 08:00:00+00:00
[2024-04-26T11:18:58.526+0000] {processor.py:183} INFO - Processing /home/airflow/.local/lib/python3.12/site-packages/airflow/example_dags/example_latest_only.py took 0.098 seconds
[2024-04-26T11:19:28.865+0000] {processor.py:161} INFO - Started process (PID=364) to work on /home/airflow/.local/lib/python3.12/site-packages/airflow/example_dags/example_latest_only.py
[2024-04-26T11:19:28.866+0000] {processor.py:830} INFO - Processing file /home/airflow/.local/lib/python3.12/site-packages/airflow/example_dags/example_latest_only.py for tasks to queue
[2024-04-26T11:19:28.870+0000] {logging_mixin.py:188} INFO - [2024-04-26T11:19:28.869+0000] {dagbag.py:540} INFO - Filling up the DagBag from /home/airflow/.local/lib/python3.12/site-packages/airflow/example_dags/example_latest_only.py
[2024-04-26T11:19:28.879+0000] {processor.py:840} INFO - DAG(s) 'latest_only' retrieved from /home/airflow/.local/lib/python3.12/site-packages/airflow/example_dags/example_latest_only.py
[2024-04-26T11:19:28.908+0000] {logging_mixin.py:188} INFO - [2024-04-26T11:19:28.908+0000] {dag.py:3096} INFO - Sync 1 DAGs
[2024-04-26T11:19:28.940+0000] {logging_mixin.py:188} INFO - [2024-04-26T11:19:28.940+0000] {dag.py:3954} INFO - Setting next_dagrun for latest_only to 2024-04-26 04:00:00+00:00, run_after=2024-04-26 08:00:00+00:00
[2024-04-26T11:19:28.978+0000] {processor.py:183} INFO - Processing /home/airflow/.local/lib/python3.12/site-packages/airflow/example_dags/example_latest_only.py took 0.120 seconds
[2024-04-26T11:19:59.167+0000] {processor.py:161} INFO - Started process (PID=422) to work on /home/airflow/.local/lib/python3.12/site-packages/airflow/example_dags/example_latest_only.py
[2024-04-26T11:19:59.168+0000] {processor.py:830} INFO - Processing file /home/airflow/.local/lib/python3.12/site-packages/airflow/example_dags/example_latest_only.py for tasks to queue
[2024-04-26T11:19:59.171+0000] {logging_mixin.py:188} INFO - [2024-04-26T11:19:59.171+0000] {dagbag.py:540} INFO - Filling up the DagBag from /home/airflow/.local/lib/python3.12/site-packages/airflow/example_dags/example_latest_only.py
[2024-04-26T11:19:59.177+0000] {processor.py:840} INFO - DAG(s) 'latest_only' retrieved from /home/airflow/.local/lib/python3.12/site-packages/airflow/example_dags/example_latest_only.py
[2024-04-26T11:19:59.219+0000] {logging_mixin.py:188} INFO - [2024-04-26T11:19:59.218+0000] {dag.py:3096} INFO - Sync 1 DAGs
[2024-04-26T11:19:59.250+0000] {logging_mixin.py:188} INFO - [2024-04-26T11:19:59.250+0000] {dag.py:3954} INFO - Setting next_dagrun for latest_only to 2024-04-26 04:00:00+00:00, run_after=2024-04-26 08:00:00+00:00
[2024-04-26T11:19:59.276+0000] {processor.py:183} INFO - Processing /home/airflow/.local/lib/python3.12/site-packages/airflow/example_dags/example_latest_only.py took 0.119 seconds
[2024-04-26T11:20:29.352+0000] {processor.py:161} INFO - Started process (PID=480) to work on /home/airflow/.local/lib/python3.12/site-packages/airflow/example_dags/example_latest_only.py
[2024-04-26T11:20:29.353+0000] {processor.py:830} INFO - Processing file /home/airflow/.local/lib/python3.12/site-packages/airflow/example_dags/example_latest_only.py for tasks to queue
[2024-04-26T11:20:29.355+0000] {logging_mixin.py:188} INFO - [2024-04-26T11:20:29.355+0000] {dagbag.py:540} INFO - Filling up the DagBag from /home/airflow/.local/lib/python3.12/site-packages/airflow/example_dags/example_latest_only.py
[2024-04-26T11:20:29.361+0000] {processor.py:840} INFO - DAG(s) 'latest_only' retrieved from /home/airflow/.local/lib/python3.12/site-packages/airflow/example_dags/example_latest_only.py
[2024-04-26T11:20:29.386+0000] {logging_mixin.py:188} INFO - [2024-04-26T11:20:29.385+0000] {dag.py:3096} INFO - Sync 1 DAGs
[2024-04-26T11:20:29.411+0000] {logging_mixin.py:188} INFO - [2024-04-26T11:20:29.411+0000] {dag.py:3954} INFO - Setting next_dagrun for latest_only to 2024-04-26 04:00:00+00:00, run_after=2024-04-26 08:00:00+00:00
[2024-04-26T11:20:29.436+0000] {processor.py:183} INFO - Processing /home/airflow/.local/lib/python3.12/site-packages/airflow/example_dags/example_latest_only.py took 0.090 seconds
[2024-04-26T11:21:49.078+0000] {processor.py:161} INFO - Started process (PID=68) to work on /home/airflow/.local/lib/python3.12/site-packages/airflow/example_dags/example_latest_only.py
[2024-04-26T11:21:49.080+0000] {processor.py:830} INFO - Processing file /home/airflow/.local/lib/python3.12/site-packages/airflow/example_dags/example_latest_only.py for tasks to queue
[2024-04-26T11:21:49.085+0000] {logging_mixin.py:188} INFO - [2024-04-26T11:21:49.084+0000] {dagbag.py:540} INFO - Filling up the DagBag from /home/airflow/.local/lib/python3.12/site-packages/airflow/example_dags/example_latest_only.py
[2024-04-26T11:21:49.092+0000] {processor.py:840} INFO - DAG(s) 'latest_only' retrieved from /home/airflow/.local/lib/python3.12/site-packages/airflow/example_dags/example_latest_only.py
[2024-04-26T11:21:49.112+0000] {logging_mixin.py:188} INFO - [2024-04-26T11:21:49.112+0000] {dag.py:3096} INFO - Sync 1 DAGs
[2024-04-26T11:21:49.150+0000] {logging_mixin.py:188} INFO - [2024-04-26T11:21:49.150+0000] {dag.py:3954} INFO - Setting next_dagrun for latest_only to 2024-04-26 04:00:00+00:00, run_after=2024-04-26 08:00:00+00:00
[2024-04-26T11:21:49.184+0000] {processor.py:183} INFO - Processing /home/airflow/.local/lib/python3.12/site-packages/airflow/example_dags/example_latest_only.py took 0.116 seconds
