[2024-04-26T11:16:52.869+0000] {processor.py:161} INFO - Started process (PID=61) to work on /home/airflow/.local/lib/python3.12/site-packages/airflow/example_dags/example_xcomargs.py
[2024-04-26T11:16:52.872+0000] {processor.py:830} INFO - Processing file /home/airflow/.local/lib/python3.12/site-packages/airflow/example_dags/example_xcomargs.py for tasks to queue
[2024-04-26T11:16:52.877+0000] {logging_mixin.py:188} INFO - [2024-04-26T11:16:52.876+0000] {dagbag.py:540} INFO - Filling up the DagBag from /home/airflow/.local/lib/python3.12/site-packages/airflow/example_dags/example_xcomargs.py
[2024-04-26T11:16:52.911+0000] {processor.py:840} INFO - DAG(s) 'example_xcom_args', 'example_xcom_args_with_operators' retrieved from /home/airflow/.local/lib/python3.12/site-packages/airflow/example_dags/example_xcomargs.py
[2024-04-26T11:16:53.101+0000] {logging_mixin.py:188} INFO - [2024-04-26T11:16:53.100+0000] {override.py:1829} INFO - Created Permission View: can delete on DAG:example_xcom_args
[2024-04-26T11:16:53.117+0000] {logging_mixin.py:188} INFO - [2024-04-26T11:16:53.116+0000] {override.py:1829} INFO - Created Permission View: can edit on DAG:example_xcom_args
[2024-04-26T11:16:53.127+0000] {logging_mixin.py:188} INFO - [2024-04-26T11:16:53.126+0000] {override.py:1829} INFO - Created Permission View: can read on DAG:example_xcom_args
[2024-04-26T11:16:53.150+0000] {logging_mixin.py:188} INFO - [2024-04-26T11:16:53.150+0000] {override.py:1829} INFO - Created Permission View: can delete on DAG:example_xcom_args_with_operators
[2024-04-26T11:16:53.160+0000] {logging_mixin.py:188} INFO - [2024-04-26T11:16:53.160+0000] {override.py:1829} INFO - Created Permission View: can edit on DAG:example_xcom_args_with_operators
[2024-04-26T11:16:53.169+0000] {logging_mixin.py:188} INFO - [2024-04-26T11:16:53.169+0000] {override.py:1829} INFO - Created Permission View: can read on DAG:example_xcom_args_with_operators
[2024-04-26T11:16:53.171+0000] {logging_mixin.py:188} INFO - [2024-04-26T11:16:53.170+0000] {dag.py:3096} INFO - Sync 2 DAGs
[2024-04-26T11:16:53.186+0000] {logging_mixin.py:188} INFO - [2024-04-26T11:16:53.185+0000] {dag.py:3118} INFO - Creating ORM DAG for example_xcom_args_with_operators
[2024-04-26T11:16:53.188+0000] {logging_mixin.py:188} INFO - [2024-04-26T11:16:53.187+0000] {dag.py:3118} INFO - Creating ORM DAG for example_xcom_args
[2024-04-26T11:16:53.189+0000] {logging_mixin.py:188} INFO - [2024-04-26T11:16:53.189+0000] {dag.py:3954} INFO - Setting next_dagrun for example_xcom_args to None, run_after=None
[2024-04-26T11:16:53.190+0000] {logging_mixin.py:188} INFO - [2024-04-26T11:16:53.190+0000] {dag.py:3954} INFO - Setting next_dagrun for example_xcom_args_with_operators to None, run_after=None
[2024-04-26T11:16:53.223+0000] {processor.py:183} INFO - Processing /home/airflow/.local/lib/python3.12/site-packages/airflow/example_dags/example_xcomargs.py took 0.370 seconds
[2024-04-26T11:17:23.266+0000] {processor.py:161} INFO - Started process (PID=119) to work on /home/airflow/.local/lib/python3.12/site-packages/airflow/example_dags/example_xcomargs.py
[2024-04-26T11:17:23.267+0000] {processor.py:830} INFO - Processing file /home/airflow/.local/lib/python3.12/site-packages/airflow/example_dags/example_xcomargs.py for tasks to queue
[2024-04-26T11:17:23.269+0000] {logging_mixin.py:188} INFO - [2024-04-26T11:17:23.269+0000] {dagbag.py:540} INFO - Filling up the DagBag from /home/airflow/.local/lib/python3.12/site-packages/airflow/example_dags/example_xcomargs.py
[2024-04-26T11:17:23.280+0000] {processor.py:840} INFO - DAG(s) 'example_xcom_args', 'example_xcom_args_with_operators' retrieved from /home/airflow/.local/lib/python3.12/site-packages/airflow/example_dags/example_xcomargs.py
[2024-04-26T11:17:23.312+0000] {logging_mixin.py:188} INFO - [2024-04-26T11:17:23.312+0000] {dag.py:3096} INFO - Sync 2 DAGs
[2024-04-26T11:17:23.328+0000] {logging_mixin.py:188} INFO - [2024-04-26T11:17:23.328+0000] {dag.py:3954} INFO - Setting next_dagrun for example_xcom_args to None, run_after=None
[2024-04-26T11:17:23.334+0000] {logging_mixin.py:188} INFO - [2024-04-26T11:17:23.333+0000] {dag.py:3954} INFO - Setting next_dagrun for example_xcom_args_with_operators to None, run_after=None
[2024-04-26T11:17:23.356+0000] {processor.py:183} INFO - Processing /home/airflow/.local/lib/python3.12/site-packages/airflow/example_dags/example_xcomargs.py took 0.096 seconds
[2024-04-26T11:17:53.451+0000] {processor.py:161} INFO - Started process (PID=177) to work on /home/airflow/.local/lib/python3.12/site-packages/airflow/example_dags/example_xcomargs.py
[2024-04-26T11:17:53.453+0000] {processor.py:830} INFO - Processing file /home/airflow/.local/lib/python3.12/site-packages/airflow/example_dags/example_xcomargs.py for tasks to queue
[2024-04-26T11:17:53.455+0000] {logging_mixin.py:188} INFO - [2024-04-26T11:17:53.454+0000] {dagbag.py:540} INFO - Filling up the DagBag from /home/airflow/.local/lib/python3.12/site-packages/airflow/example_dags/example_xcomargs.py
[2024-04-26T11:17:53.463+0000] {processor.py:840} INFO - DAG(s) 'example_xcom_args_with_operators', 'example_xcom_args' retrieved from /home/airflow/.local/lib/python3.12/site-packages/airflow/example_dags/example_xcomargs.py
[2024-04-26T11:17:53.491+0000] {logging_mixin.py:188} INFO - [2024-04-26T11:17:53.490+0000] {dag.py:3096} INFO - Sync 2 DAGs
[2024-04-26T11:17:53.507+0000] {logging_mixin.py:188} INFO - [2024-04-26T11:17:53.507+0000] {dag.py:3954} INFO - Setting next_dagrun for example_xcom_args to None, run_after=None
[2024-04-26T11:17:53.514+0000] {logging_mixin.py:188} INFO - [2024-04-26T11:17:53.513+0000] {dag.py:3954} INFO - Setting next_dagrun for example_xcom_args_with_operators to None, run_after=None
[2024-04-26T11:17:53.537+0000] {processor.py:183} INFO - Processing /home/airflow/.local/lib/python3.12/site-packages/airflow/example_dags/example_xcomargs.py took 0.092 seconds
[2024-04-26T11:18:24.419+0000] {processor.py:161} INFO - Started process (PID=235) to work on /home/airflow/.local/lib/python3.12/site-packages/airflow/example_dags/example_xcomargs.py
[2024-04-26T11:18:24.421+0000] {processor.py:830} INFO - Processing file /home/airflow/.local/lib/python3.12/site-packages/airflow/example_dags/example_xcomargs.py for tasks to queue
[2024-04-26T11:18:24.424+0000] {logging_mixin.py:188} INFO - [2024-04-26T11:18:24.423+0000] {dagbag.py:540} INFO - Filling up the DagBag from /home/airflow/.local/lib/python3.12/site-packages/airflow/example_dags/example_xcomargs.py
[2024-04-26T11:18:24.444+0000] {processor.py:840} INFO - DAG(s) 'example_xcom_args', 'example_xcom_args_with_operators' retrieved from /home/airflow/.local/lib/python3.12/site-packages/airflow/example_dags/example_xcomargs.py
[2024-04-26T11:18:24.499+0000] {logging_mixin.py:188} INFO - [2024-04-26T11:18:24.498+0000] {dag.py:3096} INFO - Sync 2 DAGs
[2024-04-26T11:18:24.539+0000] {logging_mixin.py:188} INFO - [2024-04-26T11:18:24.538+0000] {dag.py:3954} INFO - Setting next_dagrun for example_xcom_args to None, run_after=None
[2024-04-26T11:18:24.555+0000] {logging_mixin.py:188} INFO - [2024-04-26T11:18:24.554+0000] {dag.py:3954} INFO - Setting next_dagrun for example_xcom_args_with_operators to None, run_after=None
[2024-04-26T11:18:24.592+0000] {processor.py:183} INFO - Processing /home/airflow/.local/lib/python3.12/site-packages/airflow/example_dags/example_xcomargs.py took 0.185 seconds
[2024-04-26T11:18:54.729+0000] {processor.py:161} INFO - Started process (PID=293) to work on /home/airflow/.local/lib/python3.12/site-packages/airflow/example_dags/example_xcomargs.py
[2024-04-26T11:18:54.731+0000] {processor.py:830} INFO - Processing file /home/airflow/.local/lib/python3.12/site-packages/airflow/example_dags/example_xcomargs.py for tasks to queue
[2024-04-26T11:18:54.734+0000] {logging_mixin.py:188} INFO - [2024-04-26T11:18:54.733+0000] {dagbag.py:540} INFO - Filling up the DagBag from /home/airflow/.local/lib/python3.12/site-packages/airflow/example_dags/example_xcomargs.py
[2024-04-26T11:18:54.744+0000] {processor.py:840} INFO - DAG(s) 'example_xcom_args', 'example_xcom_args_with_operators' retrieved from /home/airflow/.local/lib/python3.12/site-packages/airflow/example_dags/example_xcomargs.py
[2024-04-26T11:18:54.769+0000] {logging_mixin.py:188} INFO - [2024-04-26T11:18:54.769+0000] {dag.py:3096} INFO - Sync 2 DAGs
[2024-04-26T11:18:54.782+0000] {logging_mixin.py:188} INFO - [2024-04-26T11:18:54.781+0000] {dag.py:3954} INFO - Setting next_dagrun for example_xcom_args to None, run_after=None
[2024-04-26T11:18:54.787+0000] {logging_mixin.py:188} INFO - [2024-04-26T11:18:54.786+0000] {dag.py:3954} INFO - Setting next_dagrun for example_xcom_args_with_operators to None, run_after=None
[2024-04-26T11:18:54.806+0000] {processor.py:183} INFO - Processing /home/airflow/.local/lib/python3.12/site-packages/airflow/example_dags/example_xcomargs.py took 0.083 seconds
[2024-04-26T11:19:25.050+0000] {processor.py:161} INFO - Started process (PID=351) to work on /home/airflow/.local/lib/python3.12/site-packages/airflow/example_dags/example_xcomargs.py
[2024-04-26T11:19:25.051+0000] {processor.py:830} INFO - Processing file /home/airflow/.local/lib/python3.12/site-packages/airflow/example_dags/example_xcomargs.py for tasks to queue
[2024-04-26T11:19:25.054+0000] {logging_mixin.py:188} INFO - [2024-04-26T11:19:25.054+0000] {dagbag.py:540} INFO - Filling up the DagBag from /home/airflow/.local/lib/python3.12/site-packages/airflow/example_dags/example_xcomargs.py
[2024-04-26T11:19:25.063+0000] {processor.py:840} INFO - DAG(s) 'example_xcom_args_with_operators', 'example_xcom_args' retrieved from /home/airflow/.local/lib/python3.12/site-packages/airflow/example_dags/example_xcomargs.py
[2024-04-26T11:19:25.091+0000] {logging_mixin.py:188} INFO - [2024-04-26T11:19:25.091+0000] {dag.py:3096} INFO - Sync 2 DAGs
[2024-04-26T11:19:25.107+0000] {logging_mixin.py:188} INFO - [2024-04-26T11:19:25.106+0000] {dag.py:3954} INFO - Setting next_dagrun for example_xcom_args to None, run_after=None
[2024-04-26T11:19:25.112+0000] {logging_mixin.py:188} INFO - [2024-04-26T11:19:25.112+0000] {dag.py:3954} INFO - Setting next_dagrun for example_xcom_args_with_operators to None, run_after=None
[2024-04-26T11:19:25.136+0000] {processor.py:183} INFO - Processing /home/airflow/.local/lib/python3.12/site-packages/airflow/example_dags/example_xcomargs.py took 0.092 seconds
[2024-04-26T11:19:56.232+0000] {processor.py:161} INFO - Started process (PID=409) to work on /home/airflow/.local/lib/python3.12/site-packages/airflow/example_dags/example_xcomargs.py
[2024-04-26T11:19:56.234+0000] {processor.py:830} INFO - Processing file /home/airflow/.local/lib/python3.12/site-packages/airflow/example_dags/example_xcomargs.py for tasks to queue
[2024-04-26T11:19:56.237+0000] {logging_mixin.py:188} INFO - [2024-04-26T11:19:56.236+0000] {dagbag.py:540} INFO - Filling up the DagBag from /home/airflow/.local/lib/python3.12/site-packages/airflow/example_dags/example_xcomargs.py
[2024-04-26T11:19:56.247+0000] {processor.py:840} INFO - DAG(s) 'example_xcom_args_with_operators', 'example_xcom_args' retrieved from /home/airflow/.local/lib/python3.12/site-packages/airflow/example_dags/example_xcomargs.py
[2024-04-26T11:19:56.280+0000] {logging_mixin.py:188} INFO - [2024-04-26T11:19:56.279+0000] {dag.py:3096} INFO - Sync 2 DAGs
[2024-04-26T11:19:56.294+0000] {logging_mixin.py:188} INFO - [2024-04-26T11:19:56.294+0000] {dag.py:3954} INFO - Setting next_dagrun for example_xcom_args to None, run_after=None
[2024-04-26T11:19:56.300+0000] {logging_mixin.py:188} INFO - [2024-04-26T11:19:56.300+0000] {dag.py:3954} INFO - Setting next_dagrun for example_xcom_args_with_operators to None, run_after=None
[2024-04-26T11:19:56.322+0000] {processor.py:183} INFO - Processing /home/airflow/.local/lib/python3.12/site-packages/airflow/example_dags/example_xcomargs.py took 0.097 seconds
[2024-04-26T11:20:26.594+0000] {processor.py:161} INFO - Started process (PID=467) to work on /home/airflow/.local/lib/python3.12/site-packages/airflow/example_dags/example_xcomargs.py
[2024-04-26T11:20:26.596+0000] {processor.py:830} INFO - Processing file /home/airflow/.local/lib/python3.12/site-packages/airflow/example_dags/example_xcomargs.py for tasks to queue
[2024-04-26T11:20:26.599+0000] {logging_mixin.py:188} INFO - [2024-04-26T11:20:26.598+0000] {dagbag.py:540} INFO - Filling up the DagBag from /home/airflow/.local/lib/python3.12/site-packages/airflow/example_dags/example_xcomargs.py
[2024-04-26T11:20:26.607+0000] {processor.py:840} INFO - DAG(s) 'example_xcom_args_with_operators', 'example_xcom_args' retrieved from /home/airflow/.local/lib/python3.12/site-packages/airflow/example_dags/example_xcomargs.py
[2024-04-26T11:20:26.640+0000] {logging_mixin.py:188} INFO - [2024-04-26T11:20:26.639+0000] {dag.py:3096} INFO - Sync 2 DAGs
[2024-04-26T11:20:26.665+0000] {logging_mixin.py:188} INFO - [2024-04-26T11:20:26.665+0000] {dag.py:3954} INFO - Setting next_dagrun for example_xcom_args to None, run_after=None
[2024-04-26T11:20:26.672+0000] {logging_mixin.py:188} INFO - [2024-04-26T11:20:26.672+0000] {dag.py:3954} INFO - Setting next_dagrun for example_xcom_args_with_operators to None, run_after=None
[2024-04-26T11:20:26.693+0000] {processor.py:183} INFO - Processing /home/airflow/.local/lib/python3.12/site-packages/airflow/example_dags/example_xcomargs.py took 0.105 seconds
[2024-04-26T11:21:48.038+0000] {processor.py:161} INFO - Started process (PID=55) to work on /home/airflow/.local/lib/python3.12/site-packages/airflow/example_dags/example_xcomargs.py
[2024-04-26T11:21:48.040+0000] {processor.py:830} INFO - Processing file /home/airflow/.local/lib/python3.12/site-packages/airflow/example_dags/example_xcomargs.py for tasks to queue
[2024-04-26T11:21:48.043+0000] {logging_mixin.py:188} INFO - [2024-04-26T11:21:48.043+0000] {dagbag.py:540} INFO - Filling up the DagBag from /home/airflow/.local/lib/python3.12/site-packages/airflow/example_dags/example_xcomargs.py
[2024-04-26T11:21:48.056+0000] {processor.py:840} INFO - DAG(s) 'example_xcom_args_with_operators', 'example_xcom_args' retrieved from /home/airflow/.local/lib/python3.12/site-packages/airflow/example_dags/example_xcomargs.py
[2024-04-26T11:21:48.078+0000] {logging_mixin.py:188} INFO - [2024-04-26T11:21:48.077+0000] {dag.py:3096} INFO - Sync 2 DAGs
[2024-04-26T11:21:48.107+0000] {logging_mixin.py:188} INFO - [2024-04-26T11:21:48.107+0000] {dag.py:3954} INFO - Setting next_dagrun for example_xcom_args to None, run_after=None
[2024-04-26T11:21:48.116+0000] {logging_mixin.py:188} INFO - [2024-04-26T11:21:48.115+0000] {dag.py:3954} INFO - Setting next_dagrun for example_xcom_args_with_operators to None, run_after=None
[2024-04-26T11:21:48.141+0000] {processor.py:183} INFO - Processing /home/airflow/.local/lib/python3.12/site-packages/airflow/example_dags/example_xcomargs.py took 0.113 seconds
