[2024-04-26T11:16:55.240+0000] {processor.py:161} INFO - Started process (PID=71) to work on /home/airflow/.local/lib/python3.12/site-packages/airflow/example_dags/example_short_circuit_operator.py
[2024-04-26T11:16:55.242+0000] {processor.py:830} INFO - Processing file /home/airflow/.local/lib/python3.12/site-packages/airflow/example_dags/example_short_circuit_operator.py for tasks to queue
[2024-04-26T11:16:55.245+0000] {logging_mixin.py:188} INFO - [2024-04-26T11:16:55.244+0000] {dagbag.py:540} INFO - Filling up the DagBag from /home/airflow/.local/lib/python3.12/site-packages/airflow/example_dags/example_short_circuit_operator.py
[2024-04-26T11:16:55.261+0000] {processor.py:840} INFO - DAG(s) 'example_short_circuit_operator' retrieved from /home/airflow/.local/lib/python3.12/site-packages/airflow/example_dags/example_short_circuit_operator.py
[2024-04-26T11:16:55.494+0000] {logging_mixin.py:188} INFO - [2024-04-26T11:16:55.492+0000] {override.py:1829} INFO - Created Permission View: can delete on DAG:example_short_circuit_operator
[2024-04-26T11:16:55.514+0000] {logging_mixin.py:188} INFO - [2024-04-26T11:16:55.513+0000] {override.py:1829} INFO - Created Permission View: can edit on DAG:example_short_circuit_operator
[2024-04-26T11:16:55.526+0000] {logging_mixin.py:188} INFO - [2024-04-26T11:16:55.525+0000] {override.py:1829} INFO - Created Permission View: can read on DAG:example_short_circuit_operator
[2024-04-26T11:16:55.527+0000] {logging_mixin.py:188} INFO - [2024-04-26T11:16:55.527+0000] {dag.py:3096} INFO - Sync 1 DAGs
[2024-04-26T11:16:55.552+0000] {logging_mixin.py:188} INFO - [2024-04-26T11:16:55.552+0000] {dag.py:3118} INFO - Creating ORM DAG for example_short_circuit_operator
[2024-04-26T11:16:55.574+0000] {logging_mixin.py:188} INFO - [2024-04-26T11:16:55.573+0000] {dag.py:3954} INFO - Setting next_dagrun for example_short_circuit_operator to 2024-04-25 00:00:00+00:00, run_after=2024-04-26 00:00:00+00:00
[2024-04-26T11:16:55.608+0000] {processor.py:183} INFO - Processing /home/airflow/.local/lib/python3.12/site-packages/airflow/example_dags/example_short_circuit_operator.py took 0.378 seconds
[2024-04-26T11:17:25.866+0000] {processor.py:161} INFO - Started process (PID=129) to work on /home/airflow/.local/lib/python3.12/site-packages/airflow/example_dags/example_short_circuit_operator.py
[2024-04-26T11:17:25.868+0000] {processor.py:830} INFO - Processing file /home/airflow/.local/lib/python3.12/site-packages/airflow/example_dags/example_short_circuit_operator.py for tasks to queue
[2024-04-26T11:17:25.870+0000] {logging_mixin.py:188} INFO - [2024-04-26T11:17:25.869+0000] {dagbag.py:540} INFO - Filling up the DagBag from /home/airflow/.local/lib/python3.12/site-packages/airflow/example_dags/example_short_circuit_operator.py
[2024-04-26T11:17:25.878+0000] {processor.py:840} INFO - DAG(s) 'example_short_circuit_operator' retrieved from /home/airflow/.local/lib/python3.12/site-packages/airflow/example_dags/example_short_circuit_operator.py
[2024-04-26T11:17:25.906+0000] {logging_mixin.py:188} INFO - [2024-04-26T11:17:25.905+0000] {dag.py:3096} INFO - Sync 1 DAGs
[2024-04-26T11:17:25.934+0000] {logging_mixin.py:188} INFO - [2024-04-26T11:17:25.934+0000] {dag.py:3954} INFO - Setting next_dagrun for example_short_circuit_operator to 2024-04-25 00:00:00+00:00, run_after=2024-04-26 00:00:00+00:00
[2024-04-26T11:17:25.965+0000] {processor.py:183} INFO - Processing /home/airflow/.local/lib/python3.12/site-packages/airflow/example_dags/example_short_circuit_operator.py took 0.105 seconds
[2024-04-26T11:17:56.741+0000] {processor.py:161} INFO - Started process (PID=187) to work on /home/airflow/.local/lib/python3.12/site-packages/airflow/example_dags/example_short_circuit_operator.py
[2024-04-26T11:17:56.743+0000] {processor.py:830} INFO - Processing file /home/airflow/.local/lib/python3.12/site-packages/airflow/example_dags/example_short_circuit_operator.py for tasks to queue
[2024-04-26T11:17:56.747+0000] {logging_mixin.py:188} INFO - [2024-04-26T11:17:56.747+0000] {dagbag.py:540} INFO - Filling up the DagBag from /home/airflow/.local/lib/python3.12/site-packages/airflow/example_dags/example_short_circuit_operator.py
[2024-04-26T11:17:56.799+0000] {processor.py:840} INFO - DAG(s) 'example_short_circuit_operator' retrieved from /home/airflow/.local/lib/python3.12/site-packages/airflow/example_dags/example_short_circuit_operator.py
[2024-04-26T11:17:56.953+0000] {logging_mixin.py:188} INFO - [2024-04-26T11:17:56.953+0000] {dag.py:3096} INFO - Sync 1 DAGs
[2024-04-26T11:17:57.010+0000] {logging_mixin.py:188} INFO - [2024-04-26T11:17:57.009+0000] {dag.py:3954} INFO - Setting next_dagrun for example_short_circuit_operator to 2024-04-25 00:00:00+00:00, run_after=2024-04-26 00:00:00+00:00
[2024-04-26T11:17:57.035+0000] {processor.py:183} INFO - Processing /home/airflow/.local/lib/python3.12/site-packages/airflow/example_dags/example_short_circuit_operator.py took 0.308 seconds
[2024-04-26T11:18:27.092+0000] {processor.py:161} INFO - Started process (PID=245) to work on /home/airflow/.local/lib/python3.12/site-packages/airflow/example_dags/example_short_circuit_operator.py
[2024-04-26T11:18:27.094+0000] {processor.py:830} INFO - Processing file /home/airflow/.local/lib/python3.12/site-packages/airflow/example_dags/example_short_circuit_operator.py for tasks to queue
[2024-04-26T11:18:27.097+0000] {logging_mixin.py:188} INFO - [2024-04-26T11:18:27.096+0000] {dagbag.py:540} INFO - Filling up the DagBag from /home/airflow/.local/lib/python3.12/site-packages/airflow/example_dags/example_short_circuit_operator.py
[2024-04-26T11:18:27.104+0000] {processor.py:840} INFO - DAG(s) 'example_short_circuit_operator' retrieved from /home/airflow/.local/lib/python3.12/site-packages/airflow/example_dags/example_short_circuit_operator.py
[2024-04-26T11:18:27.132+0000] {logging_mixin.py:188} INFO - [2024-04-26T11:18:27.132+0000] {dag.py:3096} INFO - Sync 1 DAGs
[2024-04-26T11:18:27.157+0000] {logging_mixin.py:188} INFO - [2024-04-26T11:18:27.157+0000] {dag.py:3954} INFO - Setting next_dagrun for example_short_circuit_operator to 2024-04-25 00:00:00+00:00, run_after=2024-04-26 00:00:00+00:00
[2024-04-26T11:18:27.185+0000] {processor.py:183} INFO - Processing /home/airflow/.local/lib/python3.12/site-packages/airflow/example_dags/example_short_circuit_operator.py took 0.099 seconds
[2024-04-26T11:18:57.299+0000] {processor.py:161} INFO - Started process (PID=303) to work on /home/airflow/.local/lib/python3.12/site-packages/airflow/example_dags/example_short_circuit_operator.py
[2024-04-26T11:18:57.301+0000] {processor.py:830} INFO - Processing file /home/airflow/.local/lib/python3.12/site-packages/airflow/example_dags/example_short_circuit_operator.py for tasks to queue
[2024-04-26T11:18:57.304+0000] {logging_mixin.py:188} INFO - [2024-04-26T11:18:57.303+0000] {dagbag.py:540} INFO - Filling up the DagBag from /home/airflow/.local/lib/python3.12/site-packages/airflow/example_dags/example_short_circuit_operator.py
[2024-04-26T11:18:57.311+0000] {processor.py:840} INFO - DAG(s) 'example_short_circuit_operator' retrieved from /home/airflow/.local/lib/python3.12/site-packages/airflow/example_dags/example_short_circuit_operator.py
[2024-04-26T11:18:57.335+0000] {logging_mixin.py:188} INFO - [2024-04-26T11:18:57.335+0000] {dag.py:3096} INFO - Sync 1 DAGs
[2024-04-26T11:18:57.359+0000] {logging_mixin.py:188} INFO - [2024-04-26T11:18:57.359+0000] {dag.py:3954} INFO - Setting next_dagrun for example_short_circuit_operator to 2024-04-25 00:00:00+00:00, run_after=2024-04-26 00:00:00+00:00
[2024-04-26T11:18:57.386+0000] {processor.py:183} INFO - Processing /home/airflow/.local/lib/python3.12/site-packages/airflow/example_dags/example_short_circuit_operator.py took 0.092 seconds
[2024-04-26T11:19:27.719+0000] {processor.py:161} INFO - Started process (PID=361) to work on /home/airflow/.local/lib/python3.12/site-packages/airflow/example_dags/example_short_circuit_operator.py
[2024-04-26T11:19:27.720+0000] {processor.py:830} INFO - Processing file /home/airflow/.local/lib/python3.12/site-packages/airflow/example_dags/example_short_circuit_operator.py for tasks to queue
[2024-04-26T11:19:27.722+0000] {logging_mixin.py:188} INFO - [2024-04-26T11:19:27.722+0000] {dagbag.py:540} INFO - Filling up the DagBag from /home/airflow/.local/lib/python3.12/site-packages/airflow/example_dags/example_short_circuit_operator.py
[2024-04-26T11:19:27.730+0000] {processor.py:840} INFO - DAG(s) 'example_short_circuit_operator' retrieved from /home/airflow/.local/lib/python3.12/site-packages/airflow/example_dags/example_short_circuit_operator.py
[2024-04-26T11:19:27.757+0000] {logging_mixin.py:188} INFO - [2024-04-26T11:19:27.756+0000] {dag.py:3096} INFO - Sync 1 DAGs
[2024-04-26T11:19:27.780+0000] {logging_mixin.py:188} INFO - [2024-04-26T11:19:27.780+0000] {dag.py:3954} INFO - Setting next_dagrun for example_short_circuit_operator to 2024-04-25 00:00:00+00:00, run_after=2024-04-26 00:00:00+00:00
[2024-04-26T11:19:27.808+0000] {processor.py:183} INFO - Processing /home/airflow/.local/lib/python3.12/site-packages/airflow/example_dags/example_short_circuit_operator.py took 0.096 seconds
[2024-04-26T11:19:57.974+0000] {processor.py:161} INFO - Started process (PID=419) to work on /home/airflow/.local/lib/python3.12/site-packages/airflow/example_dags/example_short_circuit_operator.py
[2024-04-26T11:19:57.975+0000] {processor.py:830} INFO - Processing file /home/airflow/.local/lib/python3.12/site-packages/airflow/example_dags/example_short_circuit_operator.py for tasks to queue
[2024-04-26T11:19:57.978+0000] {logging_mixin.py:188} INFO - [2024-04-26T11:19:57.977+0000] {dagbag.py:540} INFO - Filling up the DagBag from /home/airflow/.local/lib/python3.12/site-packages/airflow/example_dags/example_short_circuit_operator.py
[2024-04-26T11:19:57.989+0000] {processor.py:840} INFO - DAG(s) 'example_short_circuit_operator' retrieved from /home/airflow/.local/lib/python3.12/site-packages/airflow/example_dags/example_short_circuit_operator.py
[2024-04-26T11:19:58.023+0000] {logging_mixin.py:188} INFO - [2024-04-26T11:19:58.022+0000] {dag.py:3096} INFO - Sync 1 DAGs
[2024-04-26T11:19:58.060+0000] {logging_mixin.py:188} INFO - [2024-04-26T11:19:58.059+0000] {dag.py:3954} INFO - Setting next_dagrun for example_short_circuit_operator to 2024-04-25 00:00:00+00:00, run_after=2024-04-26 00:00:00+00:00
[2024-04-26T11:19:58.096+0000] {processor.py:183} INFO - Processing /home/airflow/.local/lib/python3.12/site-packages/airflow/example_dags/example_short_circuit_operator.py took 0.130 seconds
[2024-04-26T11:20:28.208+0000] {processor.py:161} INFO - Started process (PID=477) to work on /home/airflow/.local/lib/python3.12/site-packages/airflow/example_dags/example_short_circuit_operator.py
[2024-04-26T11:20:28.209+0000] {processor.py:830} INFO - Processing file /home/airflow/.local/lib/python3.12/site-packages/airflow/example_dags/example_short_circuit_operator.py for tasks to queue
[2024-04-26T11:20:28.213+0000] {logging_mixin.py:188} INFO - [2024-04-26T11:20:28.212+0000] {dagbag.py:540} INFO - Filling up the DagBag from /home/airflow/.local/lib/python3.12/site-packages/airflow/example_dags/example_short_circuit_operator.py
[2024-04-26T11:20:28.222+0000] {processor.py:840} INFO - DAG(s) 'example_short_circuit_operator' retrieved from /home/airflow/.local/lib/python3.12/site-packages/airflow/example_dags/example_short_circuit_operator.py
[2024-04-26T11:20:28.252+0000] {logging_mixin.py:188} INFO - [2024-04-26T11:20:28.251+0000] {dag.py:3096} INFO - Sync 1 DAGs
[2024-04-26T11:20:28.279+0000] {logging_mixin.py:188} INFO - [2024-04-26T11:20:28.278+0000] {dag.py:3954} INFO - Setting next_dagrun for example_short_circuit_operator to 2024-04-25 00:00:00+00:00, run_after=2024-04-26 00:00:00+00:00
[2024-04-26T11:20:28.304+0000] {processor.py:183} INFO - Processing /home/airflow/.local/lib/python3.12/site-packages/airflow/example_dags/example_short_circuit_operator.py took 0.103 seconds
[2024-04-26T11:21:48.932+0000] {processor.py:161} INFO - Started process (PID=65) to work on /home/airflow/.local/lib/python3.12/site-packages/airflow/example_dags/example_short_circuit_operator.py
[2024-04-26T11:21:48.935+0000] {processor.py:830} INFO - Processing file /home/airflow/.local/lib/python3.12/site-packages/airflow/example_dags/example_short_circuit_operator.py for tasks to queue
[2024-04-26T11:21:48.939+0000] {logging_mixin.py:188} INFO - [2024-04-26T11:21:48.938+0000] {dagbag.py:540} INFO - Filling up the DagBag from /home/airflow/.local/lib/python3.12/site-packages/airflow/example_dags/example_short_circuit_operator.py
[2024-04-26T11:21:48.956+0000] {processor.py:840} INFO - DAG(s) 'example_short_circuit_operator' retrieved from /home/airflow/.local/lib/python3.12/site-packages/airflow/example_dags/example_short_circuit_operator.py
[2024-04-26T11:21:48.976+0000] {logging_mixin.py:188} INFO - [2024-04-26T11:21:48.976+0000] {dag.py:3096} INFO - Sync 1 DAGs
[2024-04-26T11:21:49.007+0000] {logging_mixin.py:188} INFO - [2024-04-26T11:21:49.007+0000] {dag.py:3954} INFO - Setting next_dagrun for example_short_circuit_operator to 2024-04-25 00:00:00+00:00, run_after=2024-04-26 00:00:00+00:00
[2024-04-26T11:21:49.041+0000] {processor.py:183} INFO - Processing /home/airflow/.local/lib/python3.12/site-packages/airflow/example_dags/example_short_circuit_operator.py took 0.120 seconds
