[2024-04-26T11:16:52.582+0000] {processor.py:161} INFO - Started process (PID=54) to work on /home/airflow/.local/lib/python3.12/site-packages/airflow/example_dags/example_subdag_operator.py
[2024-04-26T11:16:52.585+0000] {processor.py:830} INFO - Processing file /home/airflow/.local/lib/python3.12/site-packages/airflow/example_dags/example_subdag_operator.py for tasks to queue
[2024-04-26T11:16:52.592+0000] {logging_mixin.py:188} INFO - [2024-04-26T11:16:52.591+0000] {dagbag.py:540} INFO - Filling up the DagBag from /home/airflow/.local/lib/python3.12/site-packages/airflow/example_dags/example_subdag_operator.py
[2024-04-26T11:16:52.658+0000] {processor.py:840} INFO - DAG(s) 'example_subdag_operator.section-1', 'example_subdag_operator.section-2', 'example_subdag_operator' retrieved from /home/airflow/.local/lib/python3.12/site-packages/airflow/example_dags/example_subdag_operator.py
[2024-04-26T11:16:52.902+0000] {logging_mixin.py:188} INFO - [2024-04-26T11:16:52.901+0000] {override.py:1829} INFO - Created Permission View: can delete on DAG:example_subdag_operator
[2024-04-26T11:16:52.933+0000] {logging_mixin.py:188} INFO - [2024-04-26T11:16:52.933+0000] {override.py:1829} INFO - Created Permission View: can edit on DAG:example_subdag_operator
[2024-04-26T11:16:52.945+0000] {logging_mixin.py:188} INFO - [2024-04-26T11:16:52.944+0000] {override.py:1829} INFO - Created Permission View: can read on DAG:example_subdag_operator
[2024-04-26T11:16:52.946+0000] {logging_mixin.py:188} INFO - [2024-04-26T11:16:52.946+0000] {dag.py:3096} INFO - Sync 3 DAGs
[2024-04-26T11:16:52.970+0000] {logging_mixin.py:188} INFO - [2024-04-26T11:16:52.970+0000] {dag.py:3118} INFO - Creating ORM DAG for example_subdag_operator.section-1
[2024-04-26T11:16:52.972+0000] {logging_mixin.py:188} INFO - [2024-04-26T11:16:52.972+0000] {dag.py:3118} INFO - Creating ORM DAG for example_subdag_operator
[2024-04-26T11:16:52.973+0000] {logging_mixin.py:188} INFO - [2024-04-26T11:16:52.973+0000] {dag.py:3118} INFO - Creating ORM DAG for example_subdag_operator.section-2
[2024-04-26T11:16:52.991+0000] {logging_mixin.py:188} INFO - [2024-04-26T11:16:52.990+0000] {dag.py:3954} INFO - Setting next_dagrun for example_subdag_operator to 2022-01-01 00:00:00+00:00, run_after=2022-01-01 00:00:00+00:00
[2024-04-26T11:16:52.993+0000] {logging_mixin.py:188} INFO - [2024-04-26T11:16:52.992+0000] {dag.py:3954} INFO - Setting next_dagrun for example_subdag_operator.section-1 to None, run_after=None
[2024-04-26T11:16:52.994+0000] {logging_mixin.py:188} INFO - [2024-04-26T11:16:52.993+0000] {dag.py:3954} INFO - Setting next_dagrun for example_subdag_operator.section-2 to None, run_after=None
[2024-04-26T11:16:53.010+0000] {logging_mixin.py:188} INFO - [2024-04-26T11:16:53.010+0000] {dag.py:3096} INFO - Sync 2 DAGs
[2024-04-26T11:16:53.019+0000] {logging_mixin.py:188} INFO - [2024-04-26T11:16:53.019+0000] {dag.py:3954} INFO - Setting next_dagrun for example_subdag_operator.section-1 to None, run_after=None
[2024-04-26T11:16:53.024+0000] {logging_mixin.py:188} INFO - [2024-04-26T11:16:53.024+0000] {dag.py:3954} INFO - Setting next_dagrun for example_subdag_operator.section-2 to None, run_after=None
[2024-04-26T11:16:53.042+0000] {processor.py:183} INFO - Processing /home/airflow/.local/lib/python3.12/site-packages/airflow/example_dags/example_subdag_operator.py took 0.471 seconds
[2024-04-26T11:17:23.116+0000] {processor.py:161} INFO - Started process (PID=118) to work on /home/airflow/.local/lib/python3.12/site-packages/airflow/example_dags/example_subdag_operator.py
[2024-04-26T11:17:23.117+0000] {processor.py:830} INFO - Processing file /home/airflow/.local/lib/python3.12/site-packages/airflow/example_dags/example_subdag_operator.py for tasks to queue
[2024-04-26T11:17:23.119+0000] {logging_mixin.py:188} INFO - [2024-04-26T11:17:23.119+0000] {dagbag.py:540} INFO - Filling up the DagBag from /home/airflow/.local/lib/python3.12/site-packages/airflow/example_dags/example_subdag_operator.py
[2024-04-26T11:17:23.143+0000] {processor.py:840} INFO - DAG(s) 'example_subdag_operator.section-1', 'example_subdag_operator.section-2', 'example_subdag_operator' retrieved from /home/airflow/.local/lib/python3.12/site-packages/airflow/example_dags/example_subdag_operator.py
[2024-04-26T11:17:23.162+0000] {logging_mixin.py:188} INFO - [2024-04-26T11:17:23.161+0000] {dag.py:3096} INFO - Sync 3 DAGs
[2024-04-26T11:17:23.189+0000] {logging_mixin.py:188} INFO - [2024-04-26T11:17:23.188+0000] {dag.py:3954} INFO - Setting next_dagrun for example_subdag_operator to 2022-01-01 00:00:00+00:00, run_after=2022-01-01 00:00:00+00:00
[2024-04-26T11:17:23.194+0000] {logging_mixin.py:188} INFO - [2024-04-26T11:17:23.193+0000] {dag.py:3954} INFO - Setting next_dagrun for example_subdag_operator.section-1 to None, run_after=None
[2024-04-26T11:17:23.196+0000] {logging_mixin.py:188} INFO - [2024-04-26T11:17:23.196+0000] {dag.py:3954} INFO - Setting next_dagrun for example_subdag_operator.section-2 to None, run_after=None
[2024-04-26T11:17:23.206+0000] {logging_mixin.py:188} INFO - [2024-04-26T11:17:23.206+0000] {dag.py:3096} INFO - Sync 2 DAGs
[2024-04-26T11:17:23.213+0000] {logging_mixin.py:188} INFO - [2024-04-26T11:17:23.213+0000] {dag.py:3954} INFO - Setting next_dagrun for example_subdag_operator.section-1 to None, run_after=None
[2024-04-26T11:17:23.214+0000] {logging_mixin.py:188} INFO - [2024-04-26T11:17:23.214+0000] {dag.py:3954} INFO - Setting next_dagrun for example_subdag_operator.section-2 to None, run_after=None
[2024-04-26T11:17:23.227+0000] {processor.py:183} INFO - Processing /home/airflow/.local/lib/python3.12/site-packages/airflow/example_dags/example_subdag_operator.py took 0.118 seconds
[2024-04-26T11:17:53.451+0000] {processor.py:161} INFO - Started process (PID=176) to work on /home/airflow/.local/lib/python3.12/site-packages/airflow/example_dags/example_subdag_operator.py
[2024-04-26T11:17:53.452+0000] {processor.py:830} INFO - Processing file /home/airflow/.local/lib/python3.12/site-packages/airflow/example_dags/example_subdag_operator.py for tasks to queue
[2024-04-26T11:17:53.455+0000] {logging_mixin.py:188} INFO - [2024-04-26T11:17:53.454+0000] {dagbag.py:540} INFO - Filling up the DagBag from /home/airflow/.local/lib/python3.12/site-packages/airflow/example_dags/example_subdag_operator.py
[2024-04-26T11:17:53.482+0000] {processor.py:840} INFO - DAG(s) 'example_subdag_operator.section-1', 'example_subdag_operator.section-2', 'example_subdag_operator' retrieved from /home/airflow/.local/lib/python3.12/site-packages/airflow/example_dags/example_subdag_operator.py
[2024-04-26T11:17:53.501+0000] {logging_mixin.py:188} INFO - [2024-04-26T11:17:53.500+0000] {dag.py:3096} INFO - Sync 3 DAGs
[2024-04-26T11:17:53.527+0000] {logging_mixin.py:188} INFO - [2024-04-26T11:17:53.526+0000] {dag.py:3954} INFO - Setting next_dagrun for example_subdag_operator to 2022-01-01 00:00:00+00:00, run_after=2022-01-01 00:00:00+00:00
[2024-04-26T11:17:53.533+0000] {logging_mixin.py:188} INFO - [2024-04-26T11:17:53.533+0000] {dag.py:3954} INFO - Setting next_dagrun for example_subdag_operator.section-1 to None, run_after=None
[2024-04-26T11:17:53.535+0000] {logging_mixin.py:188} INFO - [2024-04-26T11:17:53.535+0000] {dag.py:3954} INFO - Setting next_dagrun for example_subdag_operator.section-2 to None, run_after=None
[2024-04-26T11:17:53.546+0000] {logging_mixin.py:188} INFO - [2024-04-26T11:17:53.545+0000] {dag.py:3096} INFO - Sync 2 DAGs
[2024-04-26T11:17:53.554+0000] {logging_mixin.py:188} INFO - [2024-04-26T11:17:53.554+0000] {dag.py:3954} INFO - Setting next_dagrun for example_subdag_operator.section-1 to None, run_after=None
[2024-04-26T11:17:53.555+0000] {logging_mixin.py:188} INFO - [2024-04-26T11:17:53.555+0000] {dag.py:3954} INFO - Setting next_dagrun for example_subdag_operator.section-2 to None, run_after=None
[2024-04-26T11:17:53.571+0000] {processor.py:183} INFO - Processing /home/airflow/.local/lib/python3.12/site-packages/airflow/example_dags/example_subdag_operator.py took 0.126 seconds
[2024-04-26T11:18:24.258+0000] {processor.py:161} INFO - Started process (PID=234) to work on /home/airflow/.local/lib/python3.12/site-packages/airflow/example_dags/example_subdag_operator.py
[2024-04-26T11:18:24.259+0000] {processor.py:830} INFO - Processing file /home/airflow/.local/lib/python3.12/site-packages/airflow/example_dags/example_subdag_operator.py for tasks to queue
[2024-04-26T11:18:24.262+0000] {logging_mixin.py:188} INFO - [2024-04-26T11:18:24.262+0000] {dagbag.py:540} INFO - Filling up the DagBag from /home/airflow/.local/lib/python3.12/site-packages/airflow/example_dags/example_subdag_operator.py
[2024-04-26T11:18:24.291+0000] {processor.py:840} INFO - DAG(s) 'example_subdag_operator.section-1', 'example_subdag_operator.section-2', 'example_subdag_operator' retrieved from /home/airflow/.local/lib/python3.12/site-packages/airflow/example_dags/example_subdag_operator.py
[2024-04-26T11:18:24.316+0000] {logging_mixin.py:188} INFO - [2024-04-26T11:18:24.315+0000] {dag.py:3096} INFO - Sync 3 DAGs
[2024-04-26T11:18:24.354+0000] {logging_mixin.py:188} INFO - [2024-04-26T11:18:24.354+0000] {dag.py:3954} INFO - Setting next_dagrun for example_subdag_operator to 2022-01-01 00:00:00+00:00, run_after=2022-01-01 00:00:00+00:00
[2024-04-26T11:18:24.363+0000] {logging_mixin.py:188} INFO - [2024-04-26T11:18:24.362+0000] {dag.py:3954} INFO - Setting next_dagrun for example_subdag_operator.section-1 to None, run_after=None
[2024-04-26T11:18:24.367+0000] {logging_mixin.py:188} INFO - [2024-04-26T11:18:24.366+0000] {dag.py:3954} INFO - Setting next_dagrun for example_subdag_operator.section-2 to None, run_after=None
[2024-04-26T11:18:24.378+0000] {logging_mixin.py:188} INFO - [2024-04-26T11:18:24.378+0000] {dag.py:3096} INFO - Sync 2 DAGs
[2024-04-26T11:18:24.389+0000] {logging_mixin.py:188} INFO - [2024-04-26T11:18:24.388+0000] {dag.py:3954} INFO - Setting next_dagrun for example_subdag_operator.section-1 to None, run_after=None
[2024-04-26T11:18:24.390+0000] {logging_mixin.py:188} INFO - [2024-04-26T11:18:24.390+0000] {dag.py:3954} INFO - Setting next_dagrun for example_subdag_operator.section-2 to None, run_after=None
[2024-04-26T11:18:24.413+0000] {processor.py:183} INFO - Processing /home/airflow/.local/lib/python3.12/site-packages/airflow/example_dags/example_subdag_operator.py took 0.162 seconds
[2024-04-26T11:18:54.606+0000] {processor.py:161} INFO - Started process (PID=292) to work on /home/airflow/.local/lib/python3.12/site-packages/airflow/example_dags/example_subdag_operator.py
[2024-04-26T11:18:54.607+0000] {processor.py:830} INFO - Processing file /home/airflow/.local/lib/python3.12/site-packages/airflow/example_dags/example_subdag_operator.py for tasks to queue
[2024-04-26T11:18:54.610+0000] {logging_mixin.py:188} INFO - [2024-04-26T11:18:54.609+0000] {dagbag.py:540} INFO - Filling up the DagBag from /home/airflow/.local/lib/python3.12/site-packages/airflow/example_dags/example_subdag_operator.py
[2024-04-26T11:18:54.635+0000] {processor.py:840} INFO - DAG(s) 'example_subdag_operator.section-1', 'example_subdag_operator.section-2', 'example_subdag_operator' retrieved from /home/airflow/.local/lib/python3.12/site-packages/airflow/example_dags/example_subdag_operator.py
[2024-04-26T11:18:54.653+0000] {logging_mixin.py:188} INFO - [2024-04-26T11:18:54.652+0000] {dag.py:3096} INFO - Sync 3 DAGs
[2024-04-26T11:18:54.676+0000] {logging_mixin.py:188} INFO - [2024-04-26T11:18:54.676+0000] {dag.py:3954} INFO - Setting next_dagrun for example_subdag_operator to 2022-01-01 00:00:00+00:00, run_after=2022-01-01 00:00:00+00:00
[2024-04-26T11:18:54.682+0000] {logging_mixin.py:188} INFO - [2024-04-26T11:18:54.681+0000] {dag.py:3954} INFO - Setting next_dagrun for example_subdag_operator.section-1 to None, run_after=None
[2024-04-26T11:18:54.684+0000] {logging_mixin.py:188} INFO - [2024-04-26T11:18:54.684+0000] {dag.py:3954} INFO - Setting next_dagrun for example_subdag_operator.section-2 to None, run_after=None
[2024-04-26T11:18:54.695+0000] {logging_mixin.py:188} INFO - [2024-04-26T11:18:54.695+0000] {dag.py:3096} INFO - Sync 2 DAGs
[2024-04-26T11:18:54.703+0000] {logging_mixin.py:188} INFO - [2024-04-26T11:18:54.702+0000] {dag.py:3954} INFO - Setting next_dagrun for example_subdag_operator.section-1 to None, run_after=None
[2024-04-26T11:18:54.704+0000] {logging_mixin.py:188} INFO - [2024-04-26T11:18:54.704+0000] {dag.py:3954} INFO - Setting next_dagrun for example_subdag_operator.section-2 to None, run_after=None
[2024-04-26T11:18:54.719+0000] {processor.py:183} INFO - Processing /home/airflow/.local/lib/python3.12/site-packages/airflow/example_dags/example_subdag_operator.py took 0.120 seconds
[2024-04-26T11:19:25.011+0000] {processor.py:161} INFO - Started process (PID=350) to work on /home/airflow/.local/lib/python3.12/site-packages/airflow/example_dags/example_subdag_operator.py
[2024-04-26T11:19:25.012+0000] {processor.py:830} INFO - Processing file /home/airflow/.local/lib/python3.12/site-packages/airflow/example_dags/example_subdag_operator.py for tasks to queue
[2024-04-26T11:19:25.014+0000] {logging_mixin.py:188} INFO - [2024-04-26T11:19:25.014+0000] {dagbag.py:540} INFO - Filling up the DagBag from /home/airflow/.local/lib/python3.12/site-packages/airflow/example_dags/example_subdag_operator.py
[2024-04-26T11:19:25.043+0000] {processor.py:840} INFO - DAG(s) 'example_subdag_operator.section-1', 'example_subdag_operator.section-2', 'example_subdag_operator' retrieved from /home/airflow/.local/lib/python3.12/site-packages/airflow/example_dags/example_subdag_operator.py
[2024-04-26T11:19:25.062+0000] {logging_mixin.py:188} INFO - [2024-04-26T11:19:25.062+0000] {dag.py:3096} INFO - Sync 3 DAGs
[2024-04-26T11:19:25.087+0000] {logging_mixin.py:188} INFO - [2024-04-26T11:19:25.086+0000] {dag.py:3954} INFO - Setting next_dagrun for example_subdag_operator to 2022-01-01 00:00:00+00:00, run_after=2022-01-01 00:00:00+00:00
[2024-04-26T11:19:25.092+0000] {logging_mixin.py:188} INFO - [2024-04-26T11:19:25.092+0000] {dag.py:3954} INFO - Setting next_dagrun for example_subdag_operator.section-1 to None, run_after=None
[2024-04-26T11:19:25.094+0000] {logging_mixin.py:188} INFO - [2024-04-26T11:19:25.093+0000] {dag.py:3954} INFO - Setting next_dagrun for example_subdag_operator.section-2 to None, run_after=None
[2024-04-26T11:19:25.102+0000] {logging_mixin.py:188} INFO - [2024-04-26T11:19:25.101+0000] {dag.py:3096} INFO - Sync 2 DAGs
[2024-04-26T11:19:25.109+0000] {logging_mixin.py:188} INFO - [2024-04-26T11:19:25.108+0000] {dag.py:3954} INFO - Setting next_dagrun for example_subdag_operator.section-1 to None, run_after=None
[2024-04-26T11:19:25.110+0000] {logging_mixin.py:188} INFO - [2024-04-26T11:19:25.110+0000] {dag.py:3954} INFO - Setting next_dagrun for example_subdag_operator.section-2 to None, run_after=None
[2024-04-26T11:19:25.123+0000] {processor.py:183} INFO - Processing /home/airflow/.local/lib/python3.12/site-packages/airflow/example_dags/example_subdag_operator.py took 0.119 seconds
[2024-04-26T11:19:56.144+0000] {processor.py:161} INFO - Started process (PID=408) to work on /home/airflow/.local/lib/python3.12/site-packages/airflow/example_dags/example_subdag_operator.py
[2024-04-26T11:19:56.146+0000] {processor.py:830} INFO - Processing file /home/airflow/.local/lib/python3.12/site-packages/airflow/example_dags/example_subdag_operator.py for tasks to queue
[2024-04-26T11:19:56.149+0000] {logging_mixin.py:188} INFO - [2024-04-26T11:19:56.149+0000] {dagbag.py:540} INFO - Filling up the DagBag from /home/airflow/.local/lib/python3.12/site-packages/airflow/example_dags/example_subdag_operator.py
[2024-04-26T11:19:56.180+0000] {processor.py:840} INFO - DAG(s) 'example_subdag_operator.section-1', 'example_subdag_operator.section-2', 'example_subdag_operator' retrieved from /home/airflow/.local/lib/python3.12/site-packages/airflow/example_dags/example_subdag_operator.py
[2024-04-26T11:19:56.199+0000] {logging_mixin.py:188} INFO - [2024-04-26T11:19:56.198+0000] {dag.py:3096} INFO - Sync 3 DAGs
[2024-04-26T11:19:56.224+0000] {logging_mixin.py:188} INFO - [2024-04-26T11:19:56.223+0000] {dag.py:3954} INFO - Setting next_dagrun for example_subdag_operator to 2022-01-01 00:00:00+00:00, run_after=2022-01-01 00:00:00+00:00
[2024-04-26T11:19:56.229+0000] {logging_mixin.py:188} INFO - [2024-04-26T11:19:56.229+0000] {dag.py:3954} INFO - Setting next_dagrun for example_subdag_operator.section-1 to None, run_after=None
[2024-04-26T11:19:56.232+0000] {logging_mixin.py:188} INFO - [2024-04-26T11:19:56.232+0000] {dag.py:3954} INFO - Setting next_dagrun for example_subdag_operator.section-2 to None, run_after=None
[2024-04-26T11:19:56.241+0000] {logging_mixin.py:188} INFO - [2024-04-26T11:19:56.240+0000] {dag.py:3096} INFO - Sync 2 DAGs
[2024-04-26T11:19:56.247+0000] {logging_mixin.py:188} INFO - [2024-04-26T11:19:56.247+0000] {dag.py:3954} INFO - Setting next_dagrun for example_subdag_operator.section-1 to None, run_after=None
[2024-04-26T11:19:56.249+0000] {logging_mixin.py:188} INFO - [2024-04-26T11:19:56.248+0000] {dag.py:3954} INFO - Setting next_dagrun for example_subdag_operator.section-2 to None, run_after=None
[2024-04-26T11:19:56.267+0000] {processor.py:183} INFO - Processing /home/airflow/.local/lib/python3.12/site-packages/airflow/example_dags/example_subdag_operator.py took 0.128 seconds
[2024-04-26T11:20:26.434+0000] {processor.py:161} INFO - Started process (PID=466) to work on /home/airflow/.local/lib/python3.12/site-packages/airflow/example_dags/example_subdag_operator.py
[2024-04-26T11:20:26.436+0000] {processor.py:830} INFO - Processing file /home/airflow/.local/lib/python3.12/site-packages/airflow/example_dags/example_subdag_operator.py for tasks to queue
[2024-04-26T11:20:26.438+0000] {logging_mixin.py:188} INFO - [2024-04-26T11:20:26.437+0000] {dagbag.py:540} INFO - Filling up the DagBag from /home/airflow/.local/lib/python3.12/site-packages/airflow/example_dags/example_subdag_operator.py
[2024-04-26T11:20:26.467+0000] {processor.py:840} INFO - DAG(s) 'example_subdag_operator.section-1', 'example_subdag_operator.section-2', 'example_subdag_operator' retrieved from /home/airflow/.local/lib/python3.12/site-packages/airflow/example_dags/example_subdag_operator.py
[2024-04-26T11:20:26.485+0000] {logging_mixin.py:188} INFO - [2024-04-26T11:20:26.485+0000] {dag.py:3096} INFO - Sync 3 DAGs
[2024-04-26T11:20:26.510+0000] {logging_mixin.py:188} INFO - [2024-04-26T11:20:26.509+0000] {dag.py:3954} INFO - Setting next_dagrun for example_subdag_operator to 2022-01-01 00:00:00+00:00, run_after=2022-01-01 00:00:00+00:00
[2024-04-26T11:20:26.516+0000] {logging_mixin.py:188} INFO - [2024-04-26T11:20:26.516+0000] {dag.py:3954} INFO - Setting next_dagrun for example_subdag_operator.section-1 to None, run_after=None
[2024-04-26T11:20:26.519+0000] {logging_mixin.py:188} INFO - [2024-04-26T11:20:26.519+0000] {dag.py:3954} INFO - Setting next_dagrun for example_subdag_operator.section-2 to None, run_after=None
[2024-04-26T11:20:26.529+0000] {logging_mixin.py:188} INFO - [2024-04-26T11:20:26.529+0000] {dag.py:3096} INFO - Sync 2 DAGs
[2024-04-26T11:20:26.535+0000] {logging_mixin.py:188} INFO - [2024-04-26T11:20:26.535+0000] {dag.py:3954} INFO - Setting next_dagrun for example_subdag_operator.section-1 to None, run_after=None
[2024-04-26T11:20:26.536+0000] {logging_mixin.py:188} INFO - [2024-04-26T11:20:26.536+0000] {dag.py:3954} INFO - Setting next_dagrun for example_subdag_operator.section-2 to None, run_after=None
[2024-04-26T11:20:26.552+0000] {processor.py:183} INFO - Processing /home/airflow/.local/lib/python3.12/site-packages/airflow/example_dags/example_subdag_operator.py took 0.123 seconds
[2024-04-26T11:21:47.972+0000] {processor.py:161} INFO - Started process (PID=54) to work on /home/airflow/.local/lib/python3.12/site-packages/airflow/example_dags/example_subdag_operator.py
[2024-04-26T11:21:47.974+0000] {processor.py:830} INFO - Processing file /home/airflow/.local/lib/python3.12/site-packages/airflow/example_dags/example_subdag_operator.py for tasks to queue
[2024-04-26T11:21:47.977+0000] {logging_mixin.py:188} INFO - [2024-04-26T11:21:47.977+0000] {dagbag.py:540} INFO - Filling up the DagBag from /home/airflow/.local/lib/python3.12/site-packages/airflow/example_dags/example_subdag_operator.py
[2024-04-26T11:21:48.014+0000] {processor.py:840} INFO - DAG(s) 'example_subdag_operator.section-1', 'example_subdag_operator.section-2', 'example_subdag_operator' retrieved from /home/airflow/.local/lib/python3.12/site-packages/airflow/example_dags/example_subdag_operator.py
[2024-04-26T11:21:48.021+0000] {logging_mixin.py:188} INFO - [2024-04-26T11:21:48.021+0000] {dag.py:3096} INFO - Sync 3 DAGs
[2024-04-26T11:21:48.057+0000] {logging_mixin.py:188} INFO - [2024-04-26T11:21:48.057+0000] {dag.py:3954} INFO - Setting next_dagrun for example_subdag_operator to 2022-01-01 00:00:00+00:00, run_after=2022-01-01 00:00:00+00:00
[2024-04-26T11:21:48.063+0000] {logging_mixin.py:188} INFO - [2024-04-26T11:21:48.063+0000] {dag.py:3954} INFO - Setting next_dagrun for example_subdag_operator.section-1 to None, run_after=None
[2024-04-26T11:21:48.066+0000] {logging_mixin.py:188} INFO - [2024-04-26T11:21:48.066+0000] {dag.py:3954} INFO - Setting next_dagrun for example_subdag_operator.section-2 to None, run_after=None
[2024-04-26T11:21:48.078+0000] {logging_mixin.py:188} INFO - [2024-04-26T11:21:48.078+0000] {dag.py:3096} INFO - Sync 2 DAGs
[2024-04-26T11:21:48.086+0000] {logging_mixin.py:188} INFO - [2024-04-26T11:21:48.086+0000] {dag.py:3954} INFO - Setting next_dagrun for example_subdag_operator.section-1 to None, run_after=None
[2024-04-26T11:21:48.088+0000] {logging_mixin.py:188} INFO - [2024-04-26T11:21:48.087+0000] {dag.py:3954} INFO - Setting next_dagrun for example_subdag_operator.section-2 to None, run_after=None
[2024-04-26T11:21:48.106+0000] {processor.py:183} INFO - Processing /home/airflow/.local/lib/python3.12/site-packages/airflow/example_dags/example_subdag_operator.py took 0.143 seconds
