[2024-04-26T11:16:48.077+0000] {processor.py:161} INFO - Started process (PID=36) to work on /home/airflow/.local/lib/python3.12/site-packages/airflow/example_dags/example_datasets.py
[2024-04-26T11:16:48.078+0000] {processor.py:830} INFO - Processing file /home/airflow/.local/lib/python3.12/site-packages/airflow/example_dags/example_datasets.py for tasks to queue
[2024-04-26T11:16:48.082+0000] {logging_mixin.py:188} INFO - [2024-04-26T11:16:48.081+0000] {dagbag.py:540} INFO - Filling up the DagBag from /home/airflow/.local/lib/python3.12/site-packages/airflow/example_dags/example_datasets.py
[2024-04-26T11:16:48.115+0000] {processor.py:840} INFO - DAG(s) 'dataset_produces_2', 'consume_1_and_2_with_dataset_expressions', 'consume_1_or_2_with_dataset_expressions', 'dataset_consumes_unknown_never_scheduled', 'dataset_consumes_1', 'dataset_consumes_1_and_2', 'conditional_dataset_and_time_based_timetable', 'dataset_produces_1', 'dataset_consumes_1_never_scheduled', 'consume_1_or_both_2_and_3_with_dataset_expressions' retrieved from /home/airflow/.local/lib/python3.12/site-packages/airflow/example_dags/example_datasets.py
[2024-04-26T11:16:48.345+0000] {logging_mixin.py:188} INFO - [2024-04-26T11:16:48.344+0000] {override.py:1829} INFO - Created Permission View: can delete on DAG:dataset_produces_2
[2024-04-26T11:16:48.359+0000] {logging_mixin.py:188} INFO - [2024-04-26T11:16:48.359+0000] {override.py:1829} INFO - Created Permission View: can edit on DAG:dataset_produces_2
[2024-04-26T11:16:48.368+0000] {logging_mixin.py:188} INFO - [2024-04-26T11:16:48.368+0000] {override.py:1829} INFO - Created Permission View: can read on DAG:dataset_produces_2
[2024-04-26T11:16:48.387+0000] {logging_mixin.py:188} INFO - [2024-04-26T11:16:48.386+0000] {override.py:1829} INFO - Created Permission View: can delete on DAG:consume_1_and_2_with_dataset_expressions
[2024-04-26T11:16:48.395+0000] {logging_mixin.py:188} INFO - [2024-04-26T11:16:48.394+0000] {override.py:1829} INFO - Created Permission View: can edit on DAG:consume_1_and_2_with_dataset_expressions
[2024-04-26T11:16:48.403+0000] {logging_mixin.py:188} INFO - [2024-04-26T11:16:48.402+0000] {override.py:1829} INFO - Created Permission View: can read on DAG:consume_1_and_2_with_dataset_expressions
[2024-04-26T11:16:48.418+0000] {logging_mixin.py:188} INFO - [2024-04-26T11:16:48.418+0000] {override.py:1829} INFO - Created Permission View: can delete on DAG:consume_1_or_2_with_dataset_expressions
[2024-04-26T11:16:48.426+0000] {logging_mixin.py:188} INFO - [2024-04-26T11:16:48.426+0000] {override.py:1829} INFO - Created Permission View: can edit on DAG:consume_1_or_2_with_dataset_expressions
[2024-04-26T11:16:48.434+0000] {logging_mixin.py:188} INFO - [2024-04-26T11:16:48.433+0000] {override.py:1829} INFO - Created Permission View: can read on DAG:consume_1_or_2_with_dataset_expressions
[2024-04-26T11:16:48.448+0000] {logging_mixin.py:188} INFO - [2024-04-26T11:16:48.448+0000] {override.py:1829} INFO - Created Permission View: can delete on DAG:dataset_consumes_unknown_never_scheduled
[2024-04-26T11:16:48.456+0000] {logging_mixin.py:188} INFO - [2024-04-26T11:16:48.456+0000] {override.py:1829} INFO - Created Permission View: can edit on DAG:dataset_consumes_unknown_never_scheduled
[2024-04-26T11:16:48.468+0000] {logging_mixin.py:188} INFO - [2024-04-26T11:16:48.467+0000] {override.py:1829} INFO - Created Permission View: can read on DAG:dataset_consumes_unknown_never_scheduled
[2024-04-26T11:16:48.508+0000] {logging_mixin.py:188} INFO - [2024-04-26T11:16:48.507+0000] {override.py:1829} INFO - Created Permission View: can delete on DAG:dataset_consumes_1
[2024-04-26T11:16:48.523+0000] {logging_mixin.py:188} INFO - [2024-04-26T11:16:48.523+0000] {override.py:1829} INFO - Created Permission View: can edit on DAG:dataset_consumes_1
[2024-04-26T11:16:48.538+0000] {logging_mixin.py:188} INFO - [2024-04-26T11:16:48.536+0000] {override.py:1829} INFO - Created Permission View: can read on DAG:dataset_consumes_1
[2024-04-26T11:16:48.568+0000] {logging_mixin.py:188} INFO - [2024-04-26T11:16:48.568+0000] {override.py:1829} INFO - Created Permission View: can delete on DAG:dataset_consumes_1_and_2
[2024-04-26T11:16:48.584+0000] {logging_mixin.py:188} INFO - [2024-04-26T11:16:48.584+0000] {override.py:1829} INFO - Created Permission View: can edit on DAG:dataset_consumes_1_and_2
[2024-04-26T11:16:48.598+0000] {logging_mixin.py:188} INFO - [2024-04-26T11:16:48.598+0000] {override.py:1829} INFO - Created Permission View: can read on DAG:dataset_consumes_1_and_2
[2024-04-26T11:16:48.625+0000] {logging_mixin.py:188} INFO - [2024-04-26T11:16:48.625+0000] {override.py:1829} INFO - Created Permission View: can delete on DAG:conditional_dataset_and_time_based_timetable
[2024-04-26T11:16:48.635+0000] {logging_mixin.py:188} INFO - [2024-04-26T11:16:48.635+0000] {override.py:1829} INFO - Created Permission View: can edit on DAG:conditional_dataset_and_time_based_timetable
[2024-04-26T11:16:48.644+0000] {logging_mixin.py:188} INFO - [2024-04-26T11:16:48.643+0000] {override.py:1829} INFO - Created Permission View: can read on DAG:conditional_dataset_and_time_based_timetable
[2024-04-26T11:16:48.661+0000] {logging_mixin.py:188} INFO - [2024-04-26T11:16:48.660+0000] {override.py:1829} INFO - Created Permission View: can delete on DAG:dataset_produces_1
[2024-04-26T11:16:48.670+0000] {logging_mixin.py:188} INFO - [2024-04-26T11:16:48.670+0000] {override.py:1829} INFO - Created Permission View: can edit on DAG:dataset_produces_1
[2024-04-26T11:16:48.679+0000] {logging_mixin.py:188} INFO - [2024-04-26T11:16:48.679+0000] {override.py:1829} INFO - Created Permission View: can read on DAG:dataset_produces_1
[2024-04-26T11:16:48.696+0000] {logging_mixin.py:188} INFO - [2024-04-26T11:16:48.696+0000] {override.py:1829} INFO - Created Permission View: can delete on DAG:dataset_consumes_1_never_scheduled
[2024-04-26T11:16:48.706+0000] {logging_mixin.py:188} INFO - [2024-04-26T11:16:48.706+0000] {override.py:1829} INFO - Created Permission View: can edit on DAG:dataset_consumes_1_never_scheduled
[2024-04-26T11:16:48.715+0000] {logging_mixin.py:188} INFO - [2024-04-26T11:16:48.715+0000] {override.py:1829} INFO - Created Permission View: can read on DAG:dataset_consumes_1_never_scheduled
[2024-04-26T11:16:48.731+0000] {logging_mixin.py:188} INFO - [2024-04-26T11:16:48.731+0000] {override.py:1829} INFO - Created Permission View: can delete on DAG:consume_1_or_both_2_and_3_with_dataset_expressions
[2024-04-26T11:16:48.739+0000] {logging_mixin.py:188} INFO - [2024-04-26T11:16:48.739+0000] {override.py:1829} INFO - Created Permission View: can edit on DAG:consume_1_or_both_2_and_3_with_dataset_expressions
[2024-04-26T11:16:48.747+0000] {logging_mixin.py:188} INFO - [2024-04-26T11:16:48.747+0000] {override.py:1829} INFO - Created Permission View: can read on DAG:consume_1_or_both_2_and_3_with_dataset_expressions
[2024-04-26T11:16:48.748+0000] {logging_mixin.py:188} INFO - [2024-04-26T11:16:48.748+0000] {dag.py:3096} INFO - Sync 10 DAGs
[2024-04-26T11:16:48.775+0000] {logging_mixin.py:188} INFO - [2024-04-26T11:16:48.775+0000] {dag.py:3118} INFO - Creating ORM DAG for dataset_produces_2
[2024-04-26T11:16:48.777+0000] {logging_mixin.py:188} INFO - [2024-04-26T11:16:48.776+0000] {dag.py:3118} INFO - Creating ORM DAG for dataset_consumes_1
[2024-04-26T11:16:48.778+0000] {logging_mixin.py:188} INFO - [2024-04-26T11:16:48.778+0000] {dag.py:3118} INFO - Creating ORM DAG for dataset_consumes_1_never_scheduled
[2024-04-26T11:16:48.779+0000] {logging_mixin.py:188} INFO - [2024-04-26T11:16:48.779+0000] {dag.py:3118} INFO - Creating ORM DAG for dataset_produces_1
[2024-04-26T11:16:48.780+0000] {logging_mixin.py:188} INFO - [2024-04-26T11:16:48.780+0000] {dag.py:3118} INFO - Creating ORM DAG for dataset_consumes_1_and_2
[2024-04-26T11:16:48.781+0000] {logging_mixin.py:188} INFO - [2024-04-26T11:16:48.781+0000] {dag.py:3118} INFO - Creating ORM DAG for consume_1_and_2_with_dataset_expressions
[2024-04-26T11:16:48.782+0000] {logging_mixin.py:188} INFO - [2024-04-26T11:16:48.782+0000] {dag.py:3118} INFO - Creating ORM DAG for conditional_dataset_and_time_based_timetable
[2024-04-26T11:16:48.784+0000] {logging_mixin.py:188} INFO - [2024-04-26T11:16:48.784+0000] {dag.py:3118} INFO - Creating ORM DAG for consume_1_or_2_with_dataset_expressions
[2024-04-26T11:16:48.785+0000] {logging_mixin.py:188} INFO - [2024-04-26T11:16:48.785+0000] {dag.py:3118} INFO - Creating ORM DAG for consume_1_or_both_2_and_3_with_dataset_expressions
[2024-04-26T11:16:48.786+0000] {logging_mixin.py:188} INFO - [2024-04-26T11:16:48.786+0000] {dag.py:3118} INFO - Creating ORM DAG for dataset_consumes_unknown_never_scheduled
[2024-04-26T11:16:48.808+0000] {logging_mixin.py:188} INFO - [2024-04-26T11:16:48.808+0000] {dag.py:3954} INFO - Setting next_dagrun for conditional_dataset_and_time_based_timetable to 2024-04-24 01:00:00+00:00, run_after=2024-04-24 01:00:00+00:00
[2024-04-26T11:16:48.810+0000] {logging_mixin.py:188} INFO - [2024-04-26T11:16:48.810+0000] {dag.py:3954} INFO - Setting next_dagrun for consume_1_and_2_with_dataset_expressions to None, run_after=None
[2024-04-26T11:16:48.811+0000] {logging_mixin.py:188} INFO - [2024-04-26T11:16:48.811+0000] {dag.py:3954} INFO - Setting next_dagrun for consume_1_or_2_with_dataset_expressions to None, run_after=None
[2024-04-26T11:16:48.812+0000] {logging_mixin.py:188} INFO - [2024-04-26T11:16:48.812+0000] {dag.py:3954} INFO - Setting next_dagrun for consume_1_or_both_2_and_3_with_dataset_expressions to None, run_after=None
[2024-04-26T11:16:48.813+0000] {logging_mixin.py:188} INFO - [2024-04-26T11:16:48.813+0000] {dag.py:3954} INFO - Setting next_dagrun for dataset_consumes_1 to None, run_after=None
[2024-04-26T11:16:48.814+0000] {logging_mixin.py:188} INFO - [2024-04-26T11:16:48.814+0000] {dag.py:3954} INFO - Setting next_dagrun for dataset_consumes_1_and_2 to None, run_after=None
[2024-04-26T11:16:48.815+0000] {logging_mixin.py:188} INFO - [2024-04-26T11:16:48.815+0000] {dag.py:3954} INFO - Setting next_dagrun for dataset_consumes_1_never_scheduled to None, run_after=None
[2024-04-26T11:16:48.816+0000] {logging_mixin.py:188} INFO - [2024-04-26T11:16:48.816+0000] {dag.py:3954} INFO - Setting next_dagrun for dataset_consumes_unknown_never_scheduled to None, run_after=None
[2024-04-26T11:16:48.819+0000] {logging_mixin.py:188} INFO - [2024-04-26T11:16:48.819+0000] {dag.py:3954} INFO - Setting next_dagrun for dataset_produces_1 to 2024-04-25 00:00:00+00:00, run_after=2024-04-26 00:00:00+00:00
[2024-04-26T11:16:48.820+0000] {logging_mixin.py:188} INFO - [2024-04-26T11:16:48.820+0000] {dag.py:3954} INFO - Setting next_dagrun for dataset_produces_2 to None, run_after=None
[2024-04-26T11:16:48.900+0000] {processor.py:183} INFO - Processing /home/airflow/.local/lib/python3.12/site-packages/airflow/example_dags/example_datasets.py took 0.831 seconds
[2024-04-26T11:17:19.206+0000] {processor.py:161} INFO - Started process (PID=94) to work on /home/airflow/.local/lib/python3.12/site-packages/airflow/example_dags/example_datasets.py
[2024-04-26T11:17:19.207+0000] {processor.py:830} INFO - Processing file /home/airflow/.local/lib/python3.12/site-packages/airflow/example_dags/example_datasets.py for tasks to queue
[2024-04-26T11:17:19.209+0000] {logging_mixin.py:188} INFO - [2024-04-26T11:17:19.209+0000] {dagbag.py:540} INFO - Filling up the DagBag from /home/airflow/.local/lib/python3.12/site-packages/airflow/example_dags/example_datasets.py
[2024-04-26T11:17:19.227+0000] {processor.py:840} INFO - DAG(s) 'conditional_dataset_and_time_based_timetable', 'dataset_consumes_1', 'consume_1_and_2_with_dataset_expressions', 'dataset_produces_1', 'consume_1_or_2_with_dataset_expressions', 'dataset_consumes_unknown_never_scheduled', 'consume_1_or_both_2_and_3_with_dataset_expressions', 'dataset_produces_2', 'dataset_consumes_1_and_2', 'dataset_consumes_1_never_scheduled' retrieved from /home/airflow/.local/lib/python3.12/site-packages/airflow/example_dags/example_datasets.py
[2024-04-26T11:17:19.291+0000] {logging_mixin.py:188} INFO - [2024-04-26T11:17:19.291+0000] {dag.py:3096} INFO - Sync 10 DAGs
[2024-04-26T11:17:19.325+0000] {logging_mixin.py:188} INFO - [2024-04-26T11:17:19.325+0000] {dag.py:3954} INFO - Setting next_dagrun for conditional_dataset_and_time_based_timetable to 2024-04-24 01:00:00+00:00, run_after=2024-04-24 01:00:00+00:00
[2024-04-26T11:17:19.332+0000] {logging_mixin.py:188} INFO - [2024-04-26T11:17:19.331+0000] {dag.py:3954} INFO - Setting next_dagrun for consume_1_and_2_with_dataset_expressions to None, run_after=None
[2024-04-26T11:17:19.334+0000] {logging_mixin.py:188} INFO - [2024-04-26T11:17:19.334+0000] {dag.py:3954} INFO - Setting next_dagrun for consume_1_or_2_with_dataset_expressions to None, run_after=None
[2024-04-26T11:17:19.338+0000] {logging_mixin.py:188} INFO - [2024-04-26T11:17:19.337+0000] {dag.py:3954} INFO - Setting next_dagrun for consume_1_or_both_2_and_3_with_dataset_expressions to None, run_after=None
[2024-04-26T11:17:19.341+0000] {logging_mixin.py:188} INFO - [2024-04-26T11:17:19.341+0000] {dag.py:3954} INFO - Setting next_dagrun for dataset_consumes_1 to None, run_after=None
[2024-04-26T11:17:19.344+0000] {logging_mixin.py:188} INFO - [2024-04-26T11:17:19.344+0000] {dag.py:3954} INFO - Setting next_dagrun for dataset_consumes_1_and_2 to None, run_after=None
[2024-04-26T11:17:19.346+0000] {logging_mixin.py:188} INFO - [2024-04-26T11:17:19.346+0000] {dag.py:3954} INFO - Setting next_dagrun for dataset_consumes_1_never_scheduled to None, run_after=None
[2024-04-26T11:17:19.348+0000] {logging_mixin.py:188} INFO - [2024-04-26T11:17:19.348+0000] {dag.py:3954} INFO - Setting next_dagrun for dataset_consumes_unknown_never_scheduled to None, run_after=None
[2024-04-26T11:17:19.351+0000] {logging_mixin.py:188} INFO - [2024-04-26T11:17:19.351+0000] {dag.py:3954} INFO - Setting next_dagrun for dataset_produces_1 to 2024-04-25 00:00:00+00:00, run_after=2024-04-26 00:00:00+00:00
[2024-04-26T11:17:19.353+0000] {logging_mixin.py:188} INFO - [2024-04-26T11:17:19.353+0000] {dag.py:3954} INFO - Setting next_dagrun for dataset_produces_2 to None, run_after=None
[2024-04-26T11:17:19.398+0000] {processor.py:183} INFO - Processing /home/airflow/.local/lib/python3.12/site-packages/airflow/example_dags/example_datasets.py took 0.198 seconds
[2024-04-26T11:17:49.492+0000] {processor.py:161} INFO - Started process (PID=152) to work on /home/airflow/.local/lib/python3.12/site-packages/airflow/example_dags/example_datasets.py
[2024-04-26T11:17:49.493+0000] {processor.py:830} INFO - Processing file /home/airflow/.local/lib/python3.12/site-packages/airflow/example_dags/example_datasets.py for tasks to queue
[2024-04-26T11:17:49.495+0000] {logging_mixin.py:188} INFO - [2024-04-26T11:17:49.495+0000] {dagbag.py:540} INFO - Filling up the DagBag from /home/airflow/.local/lib/python3.12/site-packages/airflow/example_dags/example_datasets.py
[2024-04-26T11:17:49.509+0000] {processor.py:840} INFO - DAG(s) 'dataset_consumes_unknown_never_scheduled', 'dataset_produces_2', 'consume_1_or_2_with_dataset_expressions', 'dataset_produces_1', 'dataset_consumes_1_and_2', 'consume_1_or_both_2_and_3_with_dataset_expressions', 'conditional_dataset_and_time_based_timetable', 'dataset_consumes_1_never_scheduled', 'dataset_consumes_1', 'consume_1_and_2_with_dataset_expressions' retrieved from /home/airflow/.local/lib/python3.12/site-packages/airflow/example_dags/example_datasets.py
[2024-04-26T11:17:49.563+0000] {logging_mixin.py:188} INFO - [2024-04-26T11:17:49.562+0000] {dag.py:3096} INFO - Sync 10 DAGs
[2024-04-26T11:17:49.594+0000] {logging_mixin.py:188} INFO - [2024-04-26T11:17:49.594+0000] {dag.py:3954} INFO - Setting next_dagrun for conditional_dataset_and_time_based_timetable to 2024-04-24 01:00:00+00:00, run_after=2024-04-24 01:00:00+00:00
[2024-04-26T11:17:49.602+0000] {logging_mixin.py:188} INFO - [2024-04-26T11:17:49.601+0000] {dag.py:3954} INFO - Setting next_dagrun for consume_1_and_2_with_dataset_expressions to None, run_after=None
[2024-04-26T11:17:49.604+0000] {logging_mixin.py:188} INFO - [2024-04-26T11:17:49.603+0000] {dag.py:3954} INFO - Setting next_dagrun for consume_1_or_2_with_dataset_expressions to None, run_after=None
[2024-04-26T11:17:49.606+0000] {logging_mixin.py:188} INFO - [2024-04-26T11:17:49.606+0000] {dag.py:3954} INFO - Setting next_dagrun for consume_1_or_both_2_and_3_with_dataset_expressions to None, run_after=None
[2024-04-26T11:17:49.608+0000] {logging_mixin.py:188} INFO - [2024-04-26T11:17:49.608+0000] {dag.py:3954} INFO - Setting next_dagrun for dataset_consumes_1 to None, run_after=None
[2024-04-26T11:17:49.610+0000] {logging_mixin.py:188} INFO - [2024-04-26T11:17:49.609+0000] {dag.py:3954} INFO - Setting next_dagrun for dataset_consumes_1_and_2 to None, run_after=None
[2024-04-26T11:17:49.611+0000] {logging_mixin.py:188} INFO - [2024-04-26T11:17:49.611+0000] {dag.py:3954} INFO - Setting next_dagrun for dataset_consumes_1_never_scheduled to None, run_after=None
[2024-04-26T11:17:49.612+0000] {logging_mixin.py:188} INFO - [2024-04-26T11:17:49.612+0000] {dag.py:3954} INFO - Setting next_dagrun for dataset_consumes_unknown_never_scheduled to None, run_after=None
[2024-04-26T11:17:49.616+0000] {logging_mixin.py:188} INFO - [2024-04-26T11:17:49.616+0000] {dag.py:3954} INFO - Setting next_dagrun for dataset_produces_1 to 2024-04-25 00:00:00+00:00, run_after=2024-04-26 00:00:00+00:00
[2024-04-26T11:17:49.618+0000] {logging_mixin.py:188} INFO - [2024-04-26T11:17:49.618+0000] {dag.py:3954} INFO - Setting next_dagrun for dataset_produces_2 to None, run_after=None
[2024-04-26T11:17:49.666+0000] {processor.py:183} INFO - Processing /home/airflow/.local/lib/python3.12/site-packages/airflow/example_dags/example_datasets.py took 0.180 seconds
[2024-04-26T11:18:19.782+0000] {processor.py:161} INFO - Started process (PID=210) to work on /home/airflow/.local/lib/python3.12/site-packages/airflow/example_dags/example_datasets.py
[2024-04-26T11:18:19.784+0000] {processor.py:830} INFO - Processing file /home/airflow/.local/lib/python3.12/site-packages/airflow/example_dags/example_datasets.py for tasks to queue
[2024-04-26T11:18:19.786+0000] {logging_mixin.py:188} INFO - [2024-04-26T11:18:19.786+0000] {dagbag.py:540} INFO - Filling up the DagBag from /home/airflow/.local/lib/python3.12/site-packages/airflow/example_dags/example_datasets.py
[2024-04-26T11:18:19.803+0000] {processor.py:840} INFO - DAG(s) 'dataset_produces_1', 'consume_1_or_2_with_dataset_expressions', 'consume_1_or_both_2_and_3_with_dataset_expressions', 'conditional_dataset_and_time_based_timetable', 'dataset_consumes_1_never_scheduled', 'consume_1_and_2_with_dataset_expressions', 'dataset_consumes_1', 'dataset_produces_2', 'dataset_consumes_1_and_2', 'dataset_consumes_unknown_never_scheduled' retrieved from /home/airflow/.local/lib/python3.12/site-packages/airflow/example_dags/example_datasets.py
[2024-04-26T11:18:19.873+0000] {logging_mixin.py:188} INFO - [2024-04-26T11:18:19.873+0000] {dag.py:3096} INFO - Sync 10 DAGs
[2024-04-26T11:18:19.905+0000] {logging_mixin.py:188} INFO - [2024-04-26T11:18:19.905+0000] {dag.py:3954} INFO - Setting next_dagrun for conditional_dataset_and_time_based_timetable to 2024-04-24 01:00:00+00:00, run_after=2024-04-24 01:00:00+00:00
[2024-04-26T11:18:19.911+0000] {logging_mixin.py:188} INFO - [2024-04-26T11:18:19.910+0000] {dag.py:3954} INFO - Setting next_dagrun for consume_1_and_2_with_dataset_expressions to None, run_after=None
[2024-04-26T11:18:19.915+0000] {logging_mixin.py:188} INFO - [2024-04-26T11:18:19.914+0000] {dag.py:3954} INFO - Setting next_dagrun for consume_1_or_2_with_dataset_expressions to None, run_after=None
[2024-04-26T11:18:19.917+0000] {logging_mixin.py:188} INFO - [2024-04-26T11:18:19.917+0000] {dag.py:3954} INFO - Setting next_dagrun for consume_1_or_both_2_and_3_with_dataset_expressions to None, run_after=None
[2024-04-26T11:18:19.919+0000] {logging_mixin.py:188} INFO - [2024-04-26T11:18:19.919+0000] {dag.py:3954} INFO - Setting next_dagrun for dataset_consumes_1 to None, run_after=None
[2024-04-26T11:18:19.921+0000] {logging_mixin.py:188} INFO - [2024-04-26T11:18:19.920+0000] {dag.py:3954} INFO - Setting next_dagrun for dataset_consumes_1_and_2 to None, run_after=None
[2024-04-26T11:18:19.922+0000] {logging_mixin.py:188} INFO - [2024-04-26T11:18:19.922+0000] {dag.py:3954} INFO - Setting next_dagrun for dataset_consumes_1_never_scheduled to None, run_after=None
[2024-04-26T11:18:19.924+0000] {logging_mixin.py:188} INFO - [2024-04-26T11:18:19.924+0000] {dag.py:3954} INFO - Setting next_dagrun for dataset_consumes_unknown_never_scheduled to None, run_after=None
[2024-04-26T11:18:19.929+0000] {logging_mixin.py:188} INFO - [2024-04-26T11:18:19.929+0000] {dag.py:3954} INFO - Setting next_dagrun for dataset_produces_1 to 2024-04-25 00:00:00+00:00, run_after=2024-04-26 00:00:00+00:00
[2024-04-26T11:18:19.933+0000] {logging_mixin.py:188} INFO - [2024-04-26T11:18:19.933+0000] {dag.py:3954} INFO - Setting next_dagrun for dataset_produces_2 to None, run_after=None
[2024-04-26T11:18:19.985+0000] {processor.py:183} INFO - Processing /home/airflow/.local/lib/python3.12/site-packages/airflow/example_dags/example_datasets.py took 0.210 seconds
[2024-04-26T11:18:50.306+0000] {processor.py:161} INFO - Started process (PID=268) to work on /home/airflow/.local/lib/python3.12/site-packages/airflow/example_dags/example_datasets.py
[2024-04-26T11:18:50.308+0000] {processor.py:830} INFO - Processing file /home/airflow/.local/lib/python3.12/site-packages/airflow/example_dags/example_datasets.py for tasks to queue
[2024-04-26T11:18:50.310+0000] {logging_mixin.py:188} INFO - [2024-04-26T11:18:50.310+0000] {dagbag.py:540} INFO - Filling up the DagBag from /home/airflow/.local/lib/python3.12/site-packages/airflow/example_dags/example_datasets.py
[2024-04-26T11:18:50.325+0000] {processor.py:840} INFO - DAG(s) 'dataset_consumes_1', 'consume_1_or_2_with_dataset_expressions', 'consume_1_or_both_2_and_3_with_dataset_expressions', 'dataset_consumes_1_never_scheduled', 'dataset_consumes_1_and_2', 'dataset_consumes_unknown_never_scheduled', 'dataset_produces_1', 'dataset_produces_2', 'conditional_dataset_and_time_based_timetable', 'consume_1_and_2_with_dataset_expressions' retrieved from /home/airflow/.local/lib/python3.12/site-packages/airflow/example_dags/example_datasets.py
[2024-04-26T11:18:50.384+0000] {logging_mixin.py:188} INFO - [2024-04-26T11:18:50.384+0000] {dag.py:3096} INFO - Sync 10 DAGs
[2024-04-26T11:18:50.414+0000] {logging_mixin.py:188} INFO - [2024-04-26T11:18:50.413+0000] {dag.py:3954} INFO - Setting next_dagrun for conditional_dataset_and_time_based_timetable to 2024-04-24 01:00:00+00:00, run_after=2024-04-24 01:00:00+00:00
[2024-04-26T11:18:50.419+0000] {logging_mixin.py:188} INFO - [2024-04-26T11:18:50.418+0000] {dag.py:3954} INFO - Setting next_dagrun for consume_1_and_2_with_dataset_expressions to None, run_after=None
[2024-04-26T11:18:50.421+0000] {logging_mixin.py:188} INFO - [2024-04-26T11:18:50.420+0000] {dag.py:3954} INFO - Setting next_dagrun for consume_1_or_2_with_dataset_expressions to None, run_after=None
[2024-04-26T11:18:50.423+0000] {logging_mixin.py:188} INFO - [2024-04-26T11:18:50.422+0000] {dag.py:3954} INFO - Setting next_dagrun for consume_1_or_both_2_and_3_with_dataset_expressions to None, run_after=None
[2024-04-26T11:18:50.425+0000] {logging_mixin.py:188} INFO - [2024-04-26T11:18:50.424+0000] {dag.py:3954} INFO - Setting next_dagrun for dataset_consumes_1 to None, run_after=None
[2024-04-26T11:18:50.426+0000] {logging_mixin.py:188} INFO - [2024-04-26T11:18:50.426+0000] {dag.py:3954} INFO - Setting next_dagrun for dataset_consumes_1_and_2 to None, run_after=None
[2024-04-26T11:18:50.428+0000] {logging_mixin.py:188} INFO - [2024-04-26T11:18:50.428+0000] {dag.py:3954} INFO - Setting next_dagrun for dataset_consumes_1_never_scheduled to None, run_after=None
[2024-04-26T11:18:50.429+0000] {logging_mixin.py:188} INFO - [2024-04-26T11:18:50.429+0000] {dag.py:3954} INFO - Setting next_dagrun for dataset_consumes_unknown_never_scheduled to None, run_after=None
[2024-04-26T11:18:50.432+0000] {logging_mixin.py:188} INFO - [2024-04-26T11:18:50.432+0000] {dag.py:3954} INFO - Setting next_dagrun for dataset_produces_1 to 2024-04-25 00:00:00+00:00, run_after=2024-04-26 00:00:00+00:00
[2024-04-26T11:18:50.434+0000] {logging_mixin.py:188} INFO - [2024-04-26T11:18:50.434+0000] {dag.py:3954} INFO - Setting next_dagrun for dataset_produces_2 to None, run_after=None
[2024-04-26T11:18:50.477+0000] {processor.py:183} INFO - Processing /home/airflow/.local/lib/python3.12/site-packages/airflow/example_dags/example_datasets.py took 0.177 seconds
[2024-04-26T11:19:20.642+0000] {processor.py:161} INFO - Started process (PID=326) to work on /home/airflow/.local/lib/python3.12/site-packages/airflow/example_dags/example_datasets.py
[2024-04-26T11:19:20.643+0000] {processor.py:830} INFO - Processing file /home/airflow/.local/lib/python3.12/site-packages/airflow/example_dags/example_datasets.py for tasks to queue
[2024-04-26T11:19:20.645+0000] {logging_mixin.py:188} INFO - [2024-04-26T11:19:20.645+0000] {dagbag.py:540} INFO - Filling up the DagBag from /home/airflow/.local/lib/python3.12/site-packages/airflow/example_dags/example_datasets.py
[2024-04-26T11:19:20.661+0000] {processor.py:840} INFO - DAG(s) 'dataset_produces_2', 'dataset_consumes_1_never_scheduled', 'dataset_consumes_unknown_never_scheduled', 'dataset_consumes_1_and_2', 'dataset_consumes_1', 'dataset_produces_1', 'consume_1_or_both_2_and_3_with_dataset_expressions', 'consume_1_and_2_with_dataset_expressions', 'conditional_dataset_and_time_based_timetable', 'consume_1_or_2_with_dataset_expressions' retrieved from /home/airflow/.local/lib/python3.12/site-packages/airflow/example_dags/example_datasets.py
[2024-04-26T11:19:20.721+0000] {logging_mixin.py:188} INFO - [2024-04-26T11:19:20.720+0000] {dag.py:3096} INFO - Sync 10 DAGs
[2024-04-26T11:19:20.751+0000] {logging_mixin.py:188} INFO - [2024-04-26T11:19:20.750+0000] {dag.py:3954} INFO - Setting next_dagrun for conditional_dataset_and_time_based_timetable to 2024-04-24 01:00:00+00:00, run_after=2024-04-24 01:00:00+00:00
[2024-04-26T11:19:20.757+0000] {logging_mixin.py:188} INFO - [2024-04-26T11:19:20.757+0000] {dag.py:3954} INFO - Setting next_dagrun for consume_1_and_2_with_dataset_expressions to None, run_after=None
[2024-04-26T11:19:20.759+0000] {logging_mixin.py:188} INFO - [2024-04-26T11:19:20.759+0000] {dag.py:3954} INFO - Setting next_dagrun for consume_1_or_2_with_dataset_expressions to None, run_after=None
[2024-04-26T11:19:20.761+0000] {logging_mixin.py:188} INFO - [2024-04-26T11:19:20.761+0000] {dag.py:3954} INFO - Setting next_dagrun for consume_1_or_both_2_and_3_with_dataset_expressions to None, run_after=None
[2024-04-26T11:19:20.763+0000] {logging_mixin.py:188} INFO - [2024-04-26T11:19:20.763+0000] {dag.py:3954} INFO - Setting next_dagrun for dataset_consumes_1 to None, run_after=None
[2024-04-26T11:19:20.765+0000] {logging_mixin.py:188} INFO - [2024-04-26T11:19:20.765+0000] {dag.py:3954} INFO - Setting next_dagrun for dataset_consumes_1_and_2 to None, run_after=None
[2024-04-26T11:19:20.767+0000] {logging_mixin.py:188} INFO - [2024-04-26T11:19:20.766+0000] {dag.py:3954} INFO - Setting next_dagrun for dataset_consumes_1_never_scheduled to None, run_after=None
[2024-04-26T11:19:20.769+0000] {logging_mixin.py:188} INFO - [2024-04-26T11:19:20.768+0000] {dag.py:3954} INFO - Setting next_dagrun for dataset_consumes_unknown_never_scheduled to None, run_after=None
[2024-04-26T11:19:20.773+0000] {logging_mixin.py:188} INFO - [2024-04-26T11:19:20.772+0000] {dag.py:3954} INFO - Setting next_dagrun for dataset_produces_1 to 2024-04-25 00:00:00+00:00, run_after=2024-04-26 00:00:00+00:00
[2024-04-26T11:19:20.774+0000] {logging_mixin.py:188} INFO - [2024-04-26T11:19:20.774+0000] {dag.py:3954} INFO - Setting next_dagrun for dataset_produces_2 to None, run_after=None
[2024-04-26T11:19:20.817+0000] {processor.py:183} INFO - Processing /home/airflow/.local/lib/python3.12/site-packages/airflow/example_dags/example_datasets.py took 0.184 seconds
[2024-04-26T11:19:50.943+0000] {processor.py:161} INFO - Started process (PID=384) to work on /home/airflow/.local/lib/python3.12/site-packages/airflow/example_dags/example_datasets.py
[2024-04-26T11:19:50.945+0000] {processor.py:830} INFO - Processing file /home/airflow/.local/lib/python3.12/site-packages/airflow/example_dags/example_datasets.py for tasks to queue
[2024-04-26T11:19:50.947+0000] {logging_mixin.py:188} INFO - [2024-04-26T11:19:50.946+0000] {dagbag.py:540} INFO - Filling up the DagBag from /home/airflow/.local/lib/python3.12/site-packages/airflow/example_dags/example_datasets.py
[2024-04-26T11:19:50.960+0000] {processor.py:840} INFO - DAG(s) 'dataset_consumes_1_never_scheduled', 'consume_1_and_2_with_dataset_expressions', 'dataset_consumes_1', 'dataset_produces_2', 'consume_1_or_both_2_and_3_with_dataset_expressions', 'dataset_consumes_unknown_never_scheduled', 'dataset_consumes_1_and_2', 'consume_1_or_2_with_dataset_expressions', 'conditional_dataset_and_time_based_timetable', 'dataset_produces_1' retrieved from /home/airflow/.local/lib/python3.12/site-packages/airflow/example_dags/example_datasets.py
[2024-04-26T11:19:51.014+0000] {logging_mixin.py:188} INFO - [2024-04-26T11:19:51.013+0000] {dag.py:3096} INFO - Sync 10 DAGs
[2024-04-26T11:19:51.044+0000] {logging_mixin.py:188} INFO - [2024-04-26T11:19:51.043+0000] {dag.py:3954} INFO - Setting next_dagrun for conditional_dataset_and_time_based_timetable to 2024-04-24 01:00:00+00:00, run_after=2024-04-24 01:00:00+00:00
[2024-04-26T11:19:51.049+0000] {logging_mixin.py:188} INFO - [2024-04-26T11:19:51.049+0000] {dag.py:3954} INFO - Setting next_dagrun for consume_1_and_2_with_dataset_expressions to None, run_after=None
[2024-04-26T11:19:51.052+0000] {logging_mixin.py:188} INFO - [2024-04-26T11:19:51.052+0000] {dag.py:3954} INFO - Setting next_dagrun for consume_1_or_2_with_dataset_expressions to None, run_after=None
[2024-04-26T11:19:51.055+0000] {logging_mixin.py:188} INFO - [2024-04-26T11:19:51.055+0000] {dag.py:3954} INFO - Setting next_dagrun for consume_1_or_both_2_and_3_with_dataset_expressions to None, run_after=None
[2024-04-26T11:19:51.058+0000] {logging_mixin.py:188} INFO - [2024-04-26T11:19:51.057+0000] {dag.py:3954} INFO - Setting next_dagrun for dataset_consumes_1 to None, run_after=None
[2024-04-26T11:19:51.060+0000] {logging_mixin.py:188} INFO - [2024-04-26T11:19:51.059+0000] {dag.py:3954} INFO - Setting next_dagrun for dataset_consumes_1_and_2 to None, run_after=None
[2024-04-26T11:19:51.061+0000] {logging_mixin.py:188} INFO - [2024-04-26T11:19:51.061+0000] {dag.py:3954} INFO - Setting next_dagrun for dataset_consumes_1_never_scheduled to None, run_after=None
[2024-04-26T11:19:51.064+0000] {logging_mixin.py:188} INFO - [2024-04-26T11:19:51.063+0000] {dag.py:3954} INFO - Setting next_dagrun for dataset_consumes_unknown_never_scheduled to None, run_after=None
[2024-04-26T11:19:51.067+0000] {logging_mixin.py:188} INFO - [2024-04-26T11:19:51.067+0000] {dag.py:3954} INFO - Setting next_dagrun for dataset_produces_1 to 2024-04-25 00:00:00+00:00, run_after=2024-04-26 00:00:00+00:00
[2024-04-26T11:19:51.069+0000] {logging_mixin.py:188} INFO - [2024-04-26T11:19:51.069+0000] {dag.py:3954} INFO - Setting next_dagrun for dataset_produces_2 to None, run_after=None
[2024-04-26T11:19:51.111+0000] {processor.py:183} INFO - Processing /home/airflow/.local/lib/python3.12/site-packages/airflow/example_dags/example_datasets.py took 0.174 seconds
[2024-04-26T11:20:21.156+0000] {processor.py:161} INFO - Started process (PID=442) to work on /home/airflow/.local/lib/python3.12/site-packages/airflow/example_dags/example_datasets.py
[2024-04-26T11:20:21.157+0000] {processor.py:830} INFO - Processing file /home/airflow/.local/lib/python3.12/site-packages/airflow/example_dags/example_datasets.py for tasks to queue
[2024-04-26T11:20:21.159+0000] {logging_mixin.py:188} INFO - [2024-04-26T11:20:21.159+0000] {dagbag.py:540} INFO - Filling up the DagBag from /home/airflow/.local/lib/python3.12/site-packages/airflow/example_dags/example_datasets.py
[2024-04-26T11:20:21.172+0000] {processor.py:840} INFO - DAG(s) 'dataset_consumes_1_and_2', 'dataset_produces_1', 'dataset_consumes_unknown_never_scheduled', 'consume_1_or_2_with_dataset_expressions', 'consume_1_and_2_with_dataset_expressions', 'dataset_consumes_1', 'conditional_dataset_and_time_based_timetable', 'dataset_produces_2', 'consume_1_or_both_2_and_3_with_dataset_expressions', 'dataset_consumes_1_never_scheduled' retrieved from /home/airflow/.local/lib/python3.12/site-packages/airflow/example_dags/example_datasets.py
[2024-04-26T11:20:21.233+0000] {logging_mixin.py:188} INFO - [2024-04-26T11:20:21.233+0000] {dag.py:3096} INFO - Sync 10 DAGs
[2024-04-26T11:20:21.261+0000] {logging_mixin.py:188} INFO - [2024-04-26T11:20:21.261+0000] {dag.py:3954} INFO - Setting next_dagrun for conditional_dataset_and_time_based_timetable to 2024-04-24 01:00:00+00:00, run_after=2024-04-24 01:00:00+00:00
[2024-04-26T11:20:21.267+0000] {logging_mixin.py:188} INFO - [2024-04-26T11:20:21.267+0000] {dag.py:3954} INFO - Setting next_dagrun for consume_1_and_2_with_dataset_expressions to None, run_after=None
[2024-04-26T11:20:21.271+0000] {logging_mixin.py:188} INFO - [2024-04-26T11:20:21.270+0000] {dag.py:3954} INFO - Setting next_dagrun for consume_1_or_2_with_dataset_expressions to None, run_after=None
[2024-04-26T11:20:21.273+0000] {logging_mixin.py:188} INFO - [2024-04-26T11:20:21.273+0000] {dag.py:3954} INFO - Setting next_dagrun for consume_1_or_both_2_and_3_with_dataset_expressions to None, run_after=None
[2024-04-26T11:20:21.276+0000] {logging_mixin.py:188} INFO - [2024-04-26T11:20:21.275+0000] {dag.py:3954} INFO - Setting next_dagrun for dataset_consumes_1 to None, run_after=None
[2024-04-26T11:20:21.279+0000] {logging_mixin.py:188} INFO - [2024-04-26T11:20:21.278+0000] {dag.py:3954} INFO - Setting next_dagrun for dataset_consumes_1_and_2 to None, run_after=None
[2024-04-26T11:20:21.281+0000] {logging_mixin.py:188} INFO - [2024-04-26T11:20:21.280+0000] {dag.py:3954} INFO - Setting next_dagrun for dataset_consumes_1_never_scheduled to None, run_after=None
[2024-04-26T11:20:21.283+0000] {logging_mixin.py:188} INFO - [2024-04-26T11:20:21.282+0000] {dag.py:3954} INFO - Setting next_dagrun for dataset_consumes_unknown_never_scheduled to None, run_after=None
[2024-04-26T11:20:21.286+0000] {logging_mixin.py:188} INFO - [2024-04-26T11:20:21.286+0000] {dag.py:3954} INFO - Setting next_dagrun for dataset_produces_1 to 2024-04-25 00:00:00+00:00, run_after=2024-04-26 00:00:00+00:00
[2024-04-26T11:20:21.289+0000] {logging_mixin.py:188} INFO - [2024-04-26T11:20:21.288+0000] {dag.py:3954} INFO - Setting next_dagrun for dataset_produces_2 to None, run_after=None
[2024-04-26T11:20:21.326+0000] {processor.py:183} INFO - Processing /home/airflow/.local/lib/python3.12/site-packages/airflow/example_dags/example_datasets.py took 0.177 seconds
[2024-04-26T11:21:46.480+0000] {processor.py:161} INFO - Started process (PID=36) to work on /home/airflow/.local/lib/python3.12/site-packages/airflow/example_dags/example_datasets.py
[2024-04-26T11:21:46.481+0000] {processor.py:830} INFO - Processing file /home/airflow/.local/lib/python3.12/site-packages/airflow/example_dags/example_datasets.py for tasks to queue
[2024-04-26T11:21:46.484+0000] {logging_mixin.py:188} INFO - [2024-04-26T11:21:46.483+0000] {dagbag.py:540} INFO - Filling up the DagBag from /home/airflow/.local/lib/python3.12/site-packages/airflow/example_dags/example_datasets.py
[2024-04-26T11:21:46.502+0000] {processor.py:840} INFO - DAG(s) 'dataset_consumes_1_never_scheduled', 'conditional_dataset_and_time_based_timetable', 'dataset_consumes_1', 'consume_1_and_2_with_dataset_expressions', 'dataset_consumes_unknown_never_scheduled', 'dataset_consumes_1_and_2', 'dataset_produces_1', 'dataset_produces_2', 'consume_1_or_2_with_dataset_expressions', 'consume_1_or_both_2_and_3_with_dataset_expressions' retrieved from /home/airflow/.local/lib/python3.12/site-packages/airflow/example_dags/example_datasets.py
[2024-04-26T11:21:46.523+0000] {logging_mixin.py:188} INFO - [2024-04-26T11:21:46.523+0000] {dag.py:3096} INFO - Sync 10 DAGs
[2024-04-26T11:21:46.557+0000] {logging_mixin.py:188} INFO - [2024-04-26T11:21:46.557+0000] {dag.py:3954} INFO - Setting next_dagrun for conditional_dataset_and_time_based_timetable to 2024-04-24 01:00:00+00:00, run_after=2024-04-24 01:00:00+00:00
[2024-04-26T11:21:46.564+0000] {logging_mixin.py:188} INFO - [2024-04-26T11:21:46.564+0000] {dag.py:3954} INFO - Setting next_dagrun for consume_1_and_2_with_dataset_expressions to None, run_after=None
[2024-04-26T11:21:46.567+0000] {logging_mixin.py:188} INFO - [2024-04-26T11:21:46.567+0000] {dag.py:3954} INFO - Setting next_dagrun for consume_1_or_2_with_dataset_expressions to None, run_after=None
[2024-04-26T11:21:46.570+0000] {logging_mixin.py:188} INFO - [2024-04-26T11:21:46.569+0000] {dag.py:3954} INFO - Setting next_dagrun for consume_1_or_both_2_and_3_with_dataset_expressions to None, run_after=None
[2024-04-26T11:21:46.572+0000] {logging_mixin.py:188} INFO - [2024-04-26T11:21:46.572+0000] {dag.py:3954} INFO - Setting next_dagrun for dataset_consumes_1 to None, run_after=None
[2024-04-26T11:21:46.575+0000] {logging_mixin.py:188} INFO - [2024-04-26T11:21:46.574+0000] {dag.py:3954} INFO - Setting next_dagrun for dataset_consumes_1_and_2 to None, run_after=None
[2024-04-26T11:21:46.577+0000] {logging_mixin.py:188} INFO - [2024-04-26T11:21:46.577+0000] {dag.py:3954} INFO - Setting next_dagrun for dataset_consumes_1_never_scheduled to None, run_after=None
[2024-04-26T11:21:46.579+0000] {logging_mixin.py:188} INFO - [2024-04-26T11:21:46.579+0000] {dag.py:3954} INFO - Setting next_dagrun for dataset_consumes_unknown_never_scheduled to None, run_after=None
[2024-04-26T11:21:46.583+0000] {logging_mixin.py:188} INFO - [2024-04-26T11:21:46.583+0000] {dag.py:3954} INFO - Setting next_dagrun for dataset_produces_1 to 2024-04-25 00:00:00+00:00, run_after=2024-04-26 00:00:00+00:00
[2024-04-26T11:21:46.586+0000] {logging_mixin.py:188} INFO - [2024-04-26T11:21:46.585+0000] {dag.py:3954} INFO - Setting next_dagrun for dataset_produces_2 to None, run_after=None
[2024-04-26T11:21:46.635+0000] {processor.py:183} INFO - Processing /home/airflow/.local/lib/python3.12/site-packages/airflow/example_dags/example_datasets.py took 0.162 seconds
