[2024-04-26T11:16:50.965+0000] {processor.py:161} INFO - Started process (PID=46) to work on /home/airflow/.local/lib/python3.12/site-packages/airflow/example_dags/example_display_name.py
[2024-04-26T11:16:50.966+0000] {processor.py:830} INFO - Processing file /home/airflow/.local/lib/python3.12/site-packages/airflow/example_dags/example_display_name.py for tasks to queue
[2024-04-26T11:16:50.969+0000] {logging_mixin.py:188} INFO - [2024-04-26T11:16:50.969+0000] {dagbag.py:540} INFO - Filling up the DagBag from /home/airflow/.local/lib/python3.12/site-packages/airflow/example_dags/example_display_name.py
[2024-04-26T11:16:50.987+0000] {processor.py:840} INFO - DAG(s) 'example_display_name' retrieved from /home/airflow/.local/lib/python3.12/site-packages/airflow/example_dags/example_display_name.py
[2024-04-26T11:16:51.243+0000] {logging_mixin.py:188} INFO - [2024-04-26T11:16:51.242+0000] {override.py:1829} INFO - Created Permission View: can delete on DAG:example_display_name
[2024-04-26T11:16:51.265+0000] {logging_mixin.py:188} INFO - [2024-04-26T11:16:51.265+0000] {override.py:1829} INFO - Created Permission View: can edit on DAG:example_display_name
[2024-04-26T11:16:51.282+0000] {logging_mixin.py:188} INFO - [2024-04-26T11:16:51.282+0000] {override.py:1829} INFO - Created Permission View: can read on DAG:example_display_name
[2024-04-26T11:16:51.283+0000] {logging_mixin.py:188} INFO - [2024-04-26T11:16:51.283+0000] {dag.py:3096} INFO - Sync 1 DAGs
[2024-04-26T11:16:51.305+0000] {logging_mixin.py:188} INFO - [2024-04-26T11:16:51.304+0000] {dag.py:3118} INFO - Creating ORM DAG for example_display_name
[2024-04-26T11:16:51.307+0000] {logging_mixin.py:188} INFO - [2024-04-26T11:16:51.306+0000] {dag.py:3954} INFO - Setting next_dagrun for example_display_name to None, run_after=None
[2024-04-26T11:16:51.341+0000] {processor.py:183} INFO - Processing /home/airflow/.local/lib/python3.12/site-packages/airflow/example_dags/example_display_name.py took 0.384 seconds
[2024-04-26T11:17:21.536+0000] {processor.py:161} INFO - Started process (PID=104) to work on /home/airflow/.local/lib/python3.12/site-packages/airflow/example_dags/example_display_name.py
[2024-04-26T11:17:21.538+0000] {processor.py:830} INFO - Processing file /home/airflow/.local/lib/python3.12/site-packages/airflow/example_dags/example_display_name.py for tasks to queue
[2024-04-26T11:17:21.541+0000] {logging_mixin.py:188} INFO - [2024-04-26T11:17:21.541+0000] {dagbag.py:540} INFO - Filling up the DagBag from /home/airflow/.local/lib/python3.12/site-packages/airflow/example_dags/example_display_name.py
[2024-04-26T11:17:21.549+0000] {processor.py:840} INFO - DAG(s) 'example_display_name' retrieved from /home/airflow/.local/lib/python3.12/site-packages/airflow/example_dags/example_display_name.py
[2024-04-26T11:17:21.571+0000] {logging_mixin.py:188} INFO - [2024-04-26T11:17:21.571+0000] {dag.py:3096} INFO - Sync 1 DAGs
[2024-04-26T11:17:21.584+0000] {logging_mixin.py:188} INFO - [2024-04-26T11:17:21.584+0000] {dag.py:3954} INFO - Setting next_dagrun for example_display_name to None, run_after=None
[2024-04-26T11:17:21.609+0000] {processor.py:183} INFO - Processing /home/airflow/.local/lib/python3.12/site-packages/airflow/example_dags/example_display_name.py took 0.082 seconds
[2024-04-26T11:17:51.776+0000] {processor.py:161} INFO - Started process (PID=162) to work on /home/airflow/.local/lib/python3.12/site-packages/airflow/example_dags/example_display_name.py
[2024-04-26T11:17:51.779+0000] {processor.py:830} INFO - Processing file /home/airflow/.local/lib/python3.12/site-packages/airflow/example_dags/example_display_name.py for tasks to queue
[2024-04-26T11:17:51.783+0000] {logging_mixin.py:188} INFO - [2024-04-26T11:17:51.782+0000] {dagbag.py:540} INFO - Filling up the DagBag from /home/airflow/.local/lib/python3.12/site-packages/airflow/example_dags/example_display_name.py
[2024-04-26T11:17:51.793+0000] {processor.py:840} INFO - DAG(s) 'example_display_name' retrieved from /home/airflow/.local/lib/python3.12/site-packages/airflow/example_dags/example_display_name.py
[2024-04-26T11:17:51.822+0000] {logging_mixin.py:188} INFO - [2024-04-26T11:17:51.822+0000] {dag.py:3096} INFO - Sync 1 DAGs
[2024-04-26T11:17:51.837+0000] {logging_mixin.py:188} INFO - [2024-04-26T11:17:51.836+0000] {dag.py:3954} INFO - Setting next_dagrun for example_display_name to None, run_after=None
[2024-04-26T11:17:51.859+0000] {processor.py:183} INFO - Processing /home/airflow/.local/lib/python3.12/site-packages/airflow/example_dags/example_display_name.py took 0.098 seconds
[2024-04-26T11:18:22.612+0000] {processor.py:161} INFO - Started process (PID=220) to work on /home/airflow/.local/lib/python3.12/site-packages/airflow/example_dags/example_display_name.py
[2024-04-26T11:18:22.613+0000] {processor.py:830} INFO - Processing file /home/airflow/.local/lib/python3.12/site-packages/airflow/example_dags/example_display_name.py for tasks to queue
[2024-04-26T11:18:22.615+0000] {logging_mixin.py:188} INFO - [2024-04-26T11:18:22.615+0000] {dagbag.py:540} INFO - Filling up the DagBag from /home/airflow/.local/lib/python3.12/site-packages/airflow/example_dags/example_display_name.py
[2024-04-26T11:18:22.621+0000] {processor.py:840} INFO - DAG(s) 'example_display_name' retrieved from /home/airflow/.local/lib/python3.12/site-packages/airflow/example_dags/example_display_name.py
[2024-04-26T11:18:22.646+0000] {logging_mixin.py:188} INFO - [2024-04-26T11:18:22.645+0000] {dag.py:3096} INFO - Sync 1 DAGs
[2024-04-26T11:18:22.660+0000] {logging_mixin.py:188} INFO - [2024-04-26T11:18:22.660+0000] {dag.py:3954} INFO - Setting next_dagrun for example_display_name to None, run_after=None
[2024-04-26T11:18:22.684+0000] {processor.py:183} INFO - Processing /home/airflow/.local/lib/python3.12/site-packages/airflow/example_dags/example_display_name.py took 0.079 seconds
[2024-04-26T11:18:52.950+0000] {processor.py:161} INFO - Started process (PID=284) to work on /home/airflow/.local/lib/python3.12/site-packages/airflow/example_dags/example_display_name.py
[2024-04-26T11:18:52.951+0000] {processor.py:830} INFO - Processing file /home/airflow/.local/lib/python3.12/site-packages/airflow/example_dags/example_display_name.py for tasks to queue
[2024-04-26T11:18:52.955+0000] {logging_mixin.py:188} INFO - [2024-04-26T11:18:52.954+0000] {dagbag.py:540} INFO - Filling up the DagBag from /home/airflow/.local/lib/python3.12/site-packages/airflow/example_dags/example_display_name.py
[2024-04-26T11:18:52.963+0000] {processor.py:840} INFO - DAG(s) 'example_display_name' retrieved from /home/airflow/.local/lib/python3.12/site-packages/airflow/example_dags/example_display_name.py
[2024-04-26T11:18:52.989+0000] {logging_mixin.py:188} INFO - [2024-04-26T11:18:52.989+0000] {dag.py:3096} INFO - Sync 1 DAGs
[2024-04-26T11:18:53.006+0000] {logging_mixin.py:188} INFO - [2024-04-26T11:18:53.005+0000] {dag.py:3954} INFO - Setting next_dagrun for example_display_name to None, run_after=None
[2024-04-26T11:18:53.032+0000] {processor.py:183} INFO - Processing /home/airflow/.local/lib/python3.12/site-packages/airflow/example_dags/example_display_name.py took 0.088 seconds
[2024-04-26T11:19:23.299+0000] {processor.py:161} INFO - Started process (PID=341) to work on /home/airflow/.local/lib/python3.12/site-packages/airflow/example_dags/example_display_name.py
[2024-04-26T11:19:23.300+0000] {processor.py:830} INFO - Processing file /home/airflow/.local/lib/python3.12/site-packages/airflow/example_dags/example_display_name.py for tasks to queue
[2024-04-26T11:19:23.303+0000] {logging_mixin.py:188} INFO - [2024-04-26T11:19:23.303+0000] {dagbag.py:540} INFO - Filling up the DagBag from /home/airflow/.local/lib/python3.12/site-packages/airflow/example_dags/example_display_name.py
[2024-04-26T11:19:23.309+0000] {processor.py:840} INFO - DAG(s) 'example_display_name' retrieved from /home/airflow/.local/lib/python3.12/site-packages/airflow/example_dags/example_display_name.py
[2024-04-26T11:19:23.333+0000] {logging_mixin.py:188} INFO - [2024-04-26T11:19:23.332+0000] {dag.py:3096} INFO - Sync 1 DAGs
[2024-04-26T11:19:23.346+0000] {logging_mixin.py:188} INFO - [2024-04-26T11:19:23.346+0000] {dag.py:3954} INFO - Setting next_dagrun for example_display_name to None, run_after=None
[2024-04-26T11:19:23.372+0000] {processor.py:183} INFO - Processing /home/airflow/.local/lib/python3.12/site-packages/airflow/example_dags/example_display_name.py took 0.079 seconds
[2024-04-26T11:19:53.443+0000] {processor.py:161} INFO - Started process (PID=399) to work on /home/airflow/.local/lib/python3.12/site-packages/airflow/example_dags/example_display_name.py
[2024-04-26T11:19:53.445+0000] {processor.py:830} INFO - Processing file /home/airflow/.local/lib/python3.12/site-packages/airflow/example_dags/example_display_name.py for tasks to queue
[2024-04-26T11:19:53.448+0000] {logging_mixin.py:188} INFO - [2024-04-26T11:19:53.447+0000] {dagbag.py:540} INFO - Filling up the DagBag from /home/airflow/.local/lib/python3.12/site-packages/airflow/example_dags/example_display_name.py
[2024-04-26T11:19:53.456+0000] {processor.py:840} INFO - DAG(s) 'example_display_name' retrieved from /home/airflow/.local/lib/python3.12/site-packages/airflow/example_dags/example_display_name.py
[2024-04-26T11:19:53.486+0000] {logging_mixin.py:188} INFO - [2024-04-26T11:19:53.485+0000] {dag.py:3096} INFO - Sync 1 DAGs
[2024-04-26T11:19:53.502+0000] {logging_mixin.py:188} INFO - [2024-04-26T11:19:53.502+0000] {dag.py:3954} INFO - Setting next_dagrun for example_display_name to None, run_after=None
[2024-04-26T11:19:53.529+0000] {processor.py:183} INFO - Processing /home/airflow/.local/lib/python3.12/site-packages/airflow/example_dags/example_display_name.py took 0.093 seconds
[2024-04-26T11:20:23.761+0000] {processor.py:161} INFO - Started process (PID=457) to work on /home/airflow/.local/lib/python3.12/site-packages/airflow/example_dags/example_display_name.py
[2024-04-26T11:20:23.763+0000] {processor.py:830} INFO - Processing file /home/airflow/.local/lib/python3.12/site-packages/airflow/example_dags/example_display_name.py for tasks to queue
[2024-04-26T11:20:23.765+0000] {logging_mixin.py:188} INFO - [2024-04-26T11:20:23.765+0000] {dagbag.py:540} INFO - Filling up the DagBag from /home/airflow/.local/lib/python3.12/site-packages/airflow/example_dags/example_display_name.py
[2024-04-26T11:20:23.771+0000] {processor.py:840} INFO - DAG(s) 'example_display_name' retrieved from /home/airflow/.local/lib/python3.12/site-packages/airflow/example_dags/example_display_name.py
[2024-04-26T11:20:23.792+0000] {logging_mixin.py:188} INFO - [2024-04-26T11:20:23.792+0000] {dag.py:3096} INFO - Sync 1 DAGs
[2024-04-26T11:20:23.806+0000] {logging_mixin.py:188} INFO - [2024-04-26T11:20:23.805+0000] {dag.py:3954} INFO - Setting next_dagrun for example_display_name to None, run_after=None
[2024-04-26T11:20:23.831+0000] {processor.py:183} INFO - Processing /home/airflow/.local/lib/python3.12/site-packages/airflow/example_dags/example_display_name.py took 0.076 seconds
[2024-04-26T11:21:47.321+0000] {processor.py:161} INFO - Started process (PID=46) to work on /home/airflow/.local/lib/python3.12/site-packages/airflow/example_dags/example_display_name.py
[2024-04-26T11:21:47.323+0000] {processor.py:830} INFO - Processing file /home/airflow/.local/lib/python3.12/site-packages/airflow/example_dags/example_display_name.py for tasks to queue
[2024-04-26T11:21:47.327+0000] {logging_mixin.py:188} INFO - [2024-04-26T11:21:47.326+0000] {dagbag.py:540} INFO - Filling up the DagBag from /home/airflow/.local/lib/python3.12/site-packages/airflow/example_dags/example_display_name.py
[2024-04-26T11:21:47.339+0000] {processor.py:840} INFO - DAG(s) 'example_display_name' retrieved from /home/airflow/.local/lib/python3.12/site-packages/airflow/example_dags/example_display_name.py
[2024-04-26T11:21:47.354+0000] {logging_mixin.py:188} INFO - [2024-04-26T11:21:47.354+0000] {dag.py:3096} INFO - Sync 1 DAGs
[2024-04-26T11:21:47.375+0000] {logging_mixin.py:188} INFO - [2024-04-26T11:21:47.375+0000] {dag.py:3954} INFO - Setting next_dagrun for example_display_name to None, run_after=None
[2024-04-26T11:21:47.408+0000] {processor.py:183} INFO - Processing /home/airflow/.local/lib/python3.12/site-packages/airflow/example_dags/example_display_name.py took 0.095 seconds
