[2024-04-26T11:16:56.089+0000] {processor.py:161} INFO - Started process (PID=76) to work on /home/airflow/.local/lib/python3.12/site-packages/airflow/example_dags/example_external_task_marker_dag.py
[2024-04-26T11:16:56.091+0000] {processor.py:830} INFO - Processing file /home/airflow/.local/lib/python3.12/site-packages/airflow/example_dags/example_external_task_marker_dag.py for tasks to queue
[2024-04-26T11:16:56.095+0000] {logging_mixin.py:188} INFO - [2024-04-26T11:16:56.094+0000] {dagbag.py:540} INFO - Filling up the DagBag from /home/airflow/.local/lib/python3.12/site-packages/airflow/example_dags/example_external_task_marker_dag.py
[2024-04-26T11:16:56.107+0000] {processor.py:840} INFO - DAG(s) 'example_external_task_marker_parent', 'example_external_task_marker_child' retrieved from /home/airflow/.local/lib/python3.12/site-packages/airflow/example_dags/example_external_task_marker_dag.py
[2024-04-26T11:16:56.308+0000] {logging_mixin.py:188} INFO - [2024-04-26T11:16:56.306+0000] {override.py:1829} INFO - Created Permission View: can delete on DAG:example_external_task_marker_parent
[2024-04-26T11:16:56.327+0000] {logging_mixin.py:188} INFO - [2024-04-26T11:16:56.326+0000] {override.py:1829} INFO - Created Permission View: can edit on DAG:example_external_task_marker_parent
[2024-04-26T11:16:56.341+0000] {logging_mixin.py:188} INFO - [2024-04-26T11:16:56.340+0000] {override.py:1829} INFO - Created Permission View: can read on DAG:example_external_task_marker_parent
[2024-04-26T11:16:56.372+0000] {logging_mixin.py:188} INFO - [2024-04-26T11:16:56.371+0000] {override.py:1829} INFO - Created Permission View: can delete on DAG:example_external_task_marker_child
[2024-04-26T11:16:56.388+0000] {logging_mixin.py:188} INFO - [2024-04-26T11:16:56.387+0000] {override.py:1829} INFO - Created Permission View: can edit on DAG:example_external_task_marker_child
[2024-04-26T11:16:56.403+0000] {logging_mixin.py:188} INFO - [2024-04-26T11:16:56.402+0000] {override.py:1829} INFO - Created Permission View: can read on DAG:example_external_task_marker_child
[2024-04-26T11:16:56.405+0000] {logging_mixin.py:188} INFO - [2024-04-26T11:16:56.404+0000] {dag.py:3096} INFO - Sync 2 DAGs
[2024-04-26T11:16:56.433+0000] {logging_mixin.py:188} INFO - [2024-04-26T11:16:56.432+0000] {dag.py:3118} INFO - Creating ORM DAG for example_external_task_marker_child
[2024-04-26T11:16:56.434+0000] {logging_mixin.py:188} INFO - [2024-04-26T11:16:56.434+0000] {dag.py:3118} INFO - Creating ORM DAG for example_external_task_marker_parent
[2024-04-26T11:16:56.436+0000] {logging_mixin.py:188} INFO - [2024-04-26T11:16:56.436+0000] {dag.py:3954} INFO - Setting next_dagrun for example_external_task_marker_child to None, run_after=None
[2024-04-26T11:16:56.438+0000] {logging_mixin.py:188} INFO - [2024-04-26T11:16:56.437+0000] {dag.py:3954} INFO - Setting next_dagrun for example_external_task_marker_parent to None, run_after=None
[2024-04-26T11:16:56.475+0000] {processor.py:183} INFO - Processing /home/airflow/.local/lib/python3.12/site-packages/airflow/example_dags/example_external_task_marker_dag.py took 0.396 seconds
[2024-04-26T11:17:27.248+0000] {processor.py:161} INFO - Started process (PID=134) to work on /home/airflow/.local/lib/python3.12/site-packages/airflow/example_dags/example_external_task_marker_dag.py
[2024-04-26T11:17:27.250+0000] {processor.py:830} INFO - Processing file /home/airflow/.local/lib/python3.12/site-packages/airflow/example_dags/example_external_task_marker_dag.py for tasks to queue
[2024-04-26T11:17:27.252+0000] {logging_mixin.py:188} INFO - [2024-04-26T11:17:27.252+0000] {dagbag.py:540} INFO - Filling up the DagBag from /home/airflow/.local/lib/python3.12/site-packages/airflow/example_dags/example_external_task_marker_dag.py
[2024-04-26T11:17:27.259+0000] {processor.py:840} INFO - DAG(s) 'example_external_task_marker_parent', 'example_external_task_marker_child' retrieved from /home/airflow/.local/lib/python3.12/site-packages/airflow/example_dags/example_external_task_marker_dag.py
[2024-04-26T11:17:27.291+0000] {logging_mixin.py:188} INFO - [2024-04-26T11:17:27.290+0000] {dag.py:3096} INFO - Sync 2 DAGs
[2024-04-26T11:17:27.309+0000] {logging_mixin.py:188} INFO - [2024-04-26T11:17:27.308+0000] {dag.py:3954} INFO - Setting next_dagrun for example_external_task_marker_child to None, run_after=None
[2024-04-26T11:17:27.315+0000] {logging_mixin.py:188} INFO - [2024-04-26T11:17:27.314+0000] {dag.py:3954} INFO - Setting next_dagrun for example_external_task_marker_parent to None, run_after=None
[2024-04-26T11:17:27.338+0000] {processor.py:183} INFO - Processing /home/airflow/.local/lib/python3.12/site-packages/airflow/example_dags/example_external_task_marker_dag.py took 0.095 seconds
[2024-04-26T11:17:58.369+0000] {processor.py:161} INFO - Started process (PID=192) to work on /home/airflow/.local/lib/python3.12/site-packages/airflow/example_dags/example_external_task_marker_dag.py
[2024-04-26T11:17:58.371+0000] {processor.py:830} INFO - Processing file /home/airflow/.local/lib/python3.12/site-packages/airflow/example_dags/example_external_task_marker_dag.py for tasks to queue
[2024-04-26T11:17:58.374+0000] {logging_mixin.py:188} INFO - [2024-04-26T11:17:58.373+0000] {dagbag.py:540} INFO - Filling up the DagBag from /home/airflow/.local/lib/python3.12/site-packages/airflow/example_dags/example_external_task_marker_dag.py
[2024-04-26T11:17:58.384+0000] {processor.py:840} INFO - DAG(s) 'example_external_task_marker_child', 'example_external_task_marker_parent' retrieved from /home/airflow/.local/lib/python3.12/site-packages/airflow/example_dags/example_external_task_marker_dag.py
[2024-04-26T11:17:58.423+0000] {logging_mixin.py:188} INFO - [2024-04-26T11:17:58.423+0000] {dag.py:3096} INFO - Sync 2 DAGs
[2024-04-26T11:17:58.440+0000] {logging_mixin.py:188} INFO - [2024-04-26T11:17:58.440+0000] {dag.py:3954} INFO - Setting next_dagrun for example_external_task_marker_child to None, run_after=None
[2024-04-26T11:17:58.447+0000] {logging_mixin.py:188} INFO - [2024-04-26T11:17:58.446+0000] {dag.py:3954} INFO - Setting next_dagrun for example_external_task_marker_parent to None, run_after=None
[2024-04-26T11:17:58.472+0000] {processor.py:183} INFO - Processing /home/airflow/.local/lib/python3.12/site-packages/airflow/example_dags/example_external_task_marker_dag.py took 0.113 seconds
[2024-04-26T11:18:29.371+0000] {processor.py:161} INFO - Started process (PID=250) to work on /home/airflow/.local/lib/python3.12/site-packages/airflow/example_dags/example_external_task_marker_dag.py
[2024-04-26T11:18:29.372+0000] {processor.py:830} INFO - Processing file /home/airflow/.local/lib/python3.12/site-packages/airflow/example_dags/example_external_task_marker_dag.py for tasks to queue
[2024-04-26T11:18:29.375+0000] {logging_mixin.py:188} INFO - [2024-04-26T11:18:29.374+0000] {dagbag.py:540} INFO - Filling up the DagBag from /home/airflow/.local/lib/python3.12/site-packages/airflow/example_dags/example_external_task_marker_dag.py
[2024-04-26T11:18:29.381+0000] {processor.py:840} INFO - DAG(s) 'example_external_task_marker_parent', 'example_external_task_marker_child' retrieved from /home/airflow/.local/lib/python3.12/site-packages/airflow/example_dags/example_external_task_marker_dag.py
[2024-04-26T11:18:29.410+0000] {logging_mixin.py:188} INFO - [2024-04-26T11:18:29.410+0000] {dag.py:3096} INFO - Sync 2 DAGs
[2024-04-26T11:18:29.426+0000] {logging_mixin.py:188} INFO - [2024-04-26T11:18:29.426+0000] {dag.py:3954} INFO - Setting next_dagrun for example_external_task_marker_child to None, run_after=None
[2024-04-26T11:18:29.432+0000] {logging_mixin.py:188} INFO - [2024-04-26T11:18:29.432+0000] {dag.py:3954} INFO - Setting next_dagrun for example_external_task_marker_parent to None, run_after=None
[2024-04-26T11:18:29.459+0000] {processor.py:183} INFO - Processing /home/airflow/.local/lib/python3.12/site-packages/airflow/example_dags/example_external_task_marker_dag.py took 0.095 seconds
[2024-04-26T11:18:59.542+0000] {processor.py:161} INFO - Started process (PID=308) to work on /home/airflow/.local/lib/python3.12/site-packages/airflow/example_dags/example_external_task_marker_dag.py
[2024-04-26T11:18:59.544+0000] {processor.py:830} INFO - Processing file /home/airflow/.local/lib/python3.12/site-packages/airflow/example_dags/example_external_task_marker_dag.py for tasks to queue
[2024-04-26T11:18:59.546+0000] {logging_mixin.py:188} INFO - [2024-04-26T11:18:59.546+0000] {dagbag.py:540} INFO - Filling up the DagBag from /home/airflow/.local/lib/python3.12/site-packages/airflow/example_dags/example_external_task_marker_dag.py
[2024-04-26T11:18:59.553+0000] {processor.py:840} INFO - DAG(s) 'example_external_task_marker_child', 'example_external_task_marker_parent' retrieved from /home/airflow/.local/lib/python3.12/site-packages/airflow/example_dags/example_external_task_marker_dag.py
[2024-04-26T11:18:59.581+0000] {logging_mixin.py:188} INFO - [2024-04-26T11:18:59.581+0000] {dag.py:3096} INFO - Sync 2 DAGs
[2024-04-26T11:18:59.596+0000] {logging_mixin.py:188} INFO - [2024-04-26T11:18:59.595+0000] {dag.py:3954} INFO - Setting next_dagrun for example_external_task_marker_child to None, run_after=None
[2024-04-26T11:18:59.600+0000] {logging_mixin.py:188} INFO - [2024-04-26T11:18:59.600+0000] {dag.py:3954} INFO - Setting next_dagrun for example_external_task_marker_parent to None, run_after=None
[2024-04-26T11:18:59.626+0000] {processor.py:183} INFO - Processing /home/airflow/.local/lib/python3.12/site-packages/airflow/example_dags/example_external_task_marker_dag.py took 0.089 seconds
[2024-04-26T11:19:29.960+0000] {processor.py:161} INFO - Started process (PID=366) to work on /home/airflow/.local/lib/python3.12/site-packages/airflow/example_dags/example_external_task_marker_dag.py
[2024-04-26T11:19:29.962+0000] {processor.py:830} INFO - Processing file /home/airflow/.local/lib/python3.12/site-packages/airflow/example_dags/example_external_task_marker_dag.py for tasks to queue
[2024-04-26T11:19:29.965+0000] {logging_mixin.py:188} INFO - [2024-04-26T11:19:29.964+0000] {dagbag.py:540} INFO - Filling up the DagBag from /home/airflow/.local/lib/python3.12/site-packages/airflow/example_dags/example_external_task_marker_dag.py
[2024-04-26T11:19:29.974+0000] {processor.py:840} INFO - DAG(s) 'example_external_task_marker_child', 'example_external_task_marker_parent' retrieved from /home/airflow/.local/lib/python3.12/site-packages/airflow/example_dags/example_external_task_marker_dag.py
[2024-04-26T11:19:30.011+0000] {logging_mixin.py:188} INFO - [2024-04-26T11:19:30.010+0000] {dag.py:3096} INFO - Sync 2 DAGs
[2024-04-26T11:19:30.035+0000] {logging_mixin.py:188} INFO - [2024-04-26T11:19:30.035+0000] {dag.py:3954} INFO - Setting next_dagrun for example_external_task_marker_child to None, run_after=None
[2024-04-26T11:19:30.043+0000] {logging_mixin.py:188} INFO - [2024-04-26T11:19:30.042+0000] {dag.py:3954} INFO - Setting next_dagrun for example_external_task_marker_parent to None, run_after=None
[2024-04-26T11:19:30.072+0000] {processor.py:183} INFO - Processing /home/airflow/.local/lib/python3.12/site-packages/airflow/example_dags/example_external_task_marker_dag.py took 0.122 seconds
[2024-04-26T11:20:00.338+0000] {processor.py:161} INFO - Started process (PID=424) to work on /home/airflow/.local/lib/python3.12/site-packages/airflow/example_dags/example_external_task_marker_dag.py
[2024-04-26T11:20:00.339+0000] {processor.py:830} INFO - Processing file /home/airflow/.local/lib/python3.12/site-packages/airflow/example_dags/example_external_task_marker_dag.py for tasks to queue
[2024-04-26T11:20:00.341+0000] {logging_mixin.py:188} INFO - [2024-04-26T11:20:00.341+0000] {dagbag.py:540} INFO - Filling up the DagBag from /home/airflow/.local/lib/python3.12/site-packages/airflow/example_dags/example_external_task_marker_dag.py
[2024-04-26T11:20:00.353+0000] {processor.py:840} INFO - DAG(s) 'example_external_task_marker_child', 'example_external_task_marker_parent' retrieved from /home/airflow/.local/lib/python3.12/site-packages/airflow/example_dags/example_external_task_marker_dag.py
[2024-04-26T11:20:00.385+0000] {logging_mixin.py:188} INFO - [2024-04-26T11:20:00.385+0000] {dag.py:3096} INFO - Sync 2 DAGs
[2024-04-26T11:20:00.401+0000] {logging_mixin.py:188} INFO - [2024-04-26T11:20:00.401+0000] {dag.py:3954} INFO - Setting next_dagrun for example_external_task_marker_child to None, run_after=None
[2024-04-26T11:20:00.407+0000] {logging_mixin.py:188} INFO - [2024-04-26T11:20:00.407+0000] {dag.py:3954} INFO - Setting next_dagrun for example_external_task_marker_parent to None, run_after=None
[2024-04-26T11:20:00.432+0000] {processor.py:183} INFO - Processing /home/airflow/.local/lib/python3.12/site-packages/airflow/example_dags/example_external_task_marker_dag.py took 0.101 seconds
[2024-04-26T11:20:30.486+0000] {processor.py:161} INFO - Started process (PID=482) to work on /home/airflow/.local/lib/python3.12/site-packages/airflow/example_dags/example_external_task_marker_dag.py
[2024-04-26T11:20:30.488+0000] {processor.py:830} INFO - Processing file /home/airflow/.local/lib/python3.12/site-packages/airflow/example_dags/example_external_task_marker_dag.py for tasks to queue
[2024-04-26T11:20:30.490+0000] {logging_mixin.py:188} INFO - [2024-04-26T11:20:30.490+0000] {dagbag.py:540} INFO - Filling up the DagBag from /home/airflow/.local/lib/python3.12/site-packages/airflow/example_dags/example_external_task_marker_dag.py
[2024-04-26T11:20:30.496+0000] {processor.py:840} INFO - DAG(s) 'example_external_task_marker_parent', 'example_external_task_marker_child' retrieved from /home/airflow/.local/lib/python3.12/site-packages/airflow/example_dags/example_external_task_marker_dag.py
[2024-04-26T11:20:30.523+0000] {logging_mixin.py:188} INFO - [2024-04-26T11:20:30.522+0000] {dag.py:3096} INFO - Sync 2 DAGs
[2024-04-26T11:20:30.539+0000] {logging_mixin.py:188} INFO - [2024-04-26T11:20:30.538+0000] {dag.py:3954} INFO - Setting next_dagrun for example_external_task_marker_child to None, run_after=None
[2024-04-26T11:20:30.545+0000] {logging_mixin.py:188} INFO - [2024-04-26T11:20:30.545+0000] {dag.py:3954} INFO - Setting next_dagrun for example_external_task_marker_parent to None, run_after=None
[2024-04-26T11:20:30.568+0000] {processor.py:183} INFO - Processing /home/airflow/.local/lib/python3.12/site-packages/airflow/example_dags/example_external_task_marker_dag.py took 0.087 seconds
[2024-04-26T11:21:49.236+0000] {processor.py:161} INFO - Started process (PID=70) to work on /home/airflow/.local/lib/python3.12/site-packages/airflow/example_dags/example_external_task_marker_dag.py
[2024-04-26T11:21:49.237+0000] {processor.py:830} INFO - Processing file /home/airflow/.local/lib/python3.12/site-packages/airflow/example_dags/example_external_task_marker_dag.py for tasks to queue
[2024-04-26T11:21:49.241+0000] {logging_mixin.py:188} INFO - [2024-04-26T11:21:49.241+0000] {dagbag.py:540} INFO - Filling up the DagBag from /home/airflow/.local/lib/python3.12/site-packages/airflow/example_dags/example_external_task_marker_dag.py
[2024-04-26T11:21:49.253+0000] {processor.py:840} INFO - DAG(s) 'example_external_task_marker_child', 'example_external_task_marker_parent' retrieved from /home/airflow/.local/lib/python3.12/site-packages/airflow/example_dags/example_external_task_marker_dag.py
[2024-04-26T11:21:49.276+0000] {logging_mixin.py:188} INFO - [2024-04-26T11:21:49.276+0000] {dag.py:3096} INFO - Sync 2 DAGs
[2024-04-26T11:21:49.305+0000] {logging_mixin.py:188} INFO - [2024-04-26T11:21:49.304+0000] {dag.py:3954} INFO - Setting next_dagrun for example_external_task_marker_child to None, run_after=None
[2024-04-26T11:21:49.313+0000] {logging_mixin.py:188} INFO - [2024-04-26T11:21:49.312+0000] {dag.py:3954} INFO - Setting next_dagrun for example_external_task_marker_parent to None, run_after=None
[2024-04-26T11:21:49.344+0000] {processor.py:183} INFO - Processing /home/airflow/.local/lib/python3.12/site-packages/airflow/example_dags/example_external_task_marker_dag.py took 0.117 seconds
