[2024-04-26T11:16:54.007+0000] {processor.py:161} INFO - Started process (PID=67) to work on /home/airflow/.local/lib/python3.12/site-packages/airflow/example_dags/example_params_trigger_ui.py
[2024-04-26T11:16:54.010+0000] {processor.py:830} INFO - Processing file /home/airflow/.local/lib/python3.12/site-packages/airflow/example_dags/example_params_trigger_ui.py for tasks to queue
[2024-04-26T11:16:54.015+0000] {logging_mixin.py:188} INFO - [2024-04-26T11:16:54.013+0000] {dagbag.py:540} INFO - Filling up the DagBag from /home/airflow/.local/lib/python3.12/site-packages/airflow/example_dags/example_params_trigger_ui.py
[2024-04-26T11:16:54.049+0000] {processor.py:840} INFO - DAG(s) 'example_params_trigger_ui' retrieved from /home/airflow/.local/lib/python3.12/site-packages/airflow/example_dags/example_params_trigger_ui.py
[2024-04-26T11:16:54.315+0000] {logging_mixin.py:188} INFO - [2024-04-26T11:16:54.314+0000] {override.py:1829} INFO - Created Permission View: can delete on DAG:example_params_trigger_ui
[2024-04-26T11:16:54.334+0000] {logging_mixin.py:188} INFO - [2024-04-26T11:16:54.334+0000] {override.py:1829} INFO - Created Permission View: can edit on DAG:example_params_trigger_ui
[2024-04-26T11:16:54.346+0000] {logging_mixin.py:188} INFO - [2024-04-26T11:16:54.345+0000] {override.py:1829} INFO - Created Permission View: can read on DAG:example_params_trigger_ui
[2024-04-26T11:16:54.347+0000] {logging_mixin.py:188} INFO - [2024-04-26T11:16:54.346+0000] {dag.py:3096} INFO - Sync 1 DAGs
[2024-04-26T11:16:54.372+0000] {logging_mixin.py:188} INFO - [2024-04-26T11:16:54.371+0000] {dag.py:3118} INFO - Creating ORM DAG for example_params_trigger_ui
[2024-04-26T11:16:54.373+0000] {logging_mixin.py:188} INFO - [2024-04-26T11:16:54.373+0000] {dag.py:3954} INFO - Setting next_dagrun for example_params_trigger_ui to None, run_after=None
[2024-04-26T11:16:54.405+0000] {processor.py:183} INFO - Processing /home/airflow/.local/lib/python3.12/site-packages/airflow/example_dags/example_params_trigger_ui.py took 0.412 seconds
[2024-04-26T11:17:24.677+0000] {processor.py:161} INFO - Started process (PID=125) to work on /home/airflow/.local/lib/python3.12/site-packages/airflow/example_dags/example_params_trigger_ui.py
[2024-04-26T11:17:24.678+0000] {processor.py:830} INFO - Processing file /home/airflow/.local/lib/python3.12/site-packages/airflow/example_dags/example_params_trigger_ui.py for tasks to queue
[2024-04-26T11:17:24.681+0000] {logging_mixin.py:188} INFO - [2024-04-26T11:17:24.680+0000] {dagbag.py:540} INFO - Filling up the DagBag from /home/airflow/.local/lib/python3.12/site-packages/airflow/example_dags/example_params_trigger_ui.py
[2024-04-26T11:17:24.699+0000] {processor.py:840} INFO - DAG(s) 'example_params_trigger_ui' retrieved from /home/airflow/.local/lib/python3.12/site-packages/airflow/example_dags/example_params_trigger_ui.py
[2024-04-26T11:17:24.764+0000] {logging_mixin.py:188} INFO - [2024-04-26T11:17:24.763+0000] {dag.py:3096} INFO - Sync 1 DAGs
[2024-04-26T11:17:24.781+0000] {logging_mixin.py:188} INFO - [2024-04-26T11:17:24.781+0000] {dag.py:3954} INFO - Setting next_dagrun for example_params_trigger_ui to None, run_after=None
[2024-04-26T11:17:24.804+0000] {processor.py:183} INFO - Processing /home/airflow/.local/lib/python3.12/site-packages/airflow/example_dags/example_params_trigger_ui.py took 0.134 seconds
[2024-04-26T11:17:55.134+0000] {processor.py:161} INFO - Started process (PID=183) to work on /home/airflow/.local/lib/python3.12/site-packages/airflow/example_dags/example_params_trigger_ui.py
[2024-04-26T11:17:55.135+0000] {processor.py:830} INFO - Processing file /home/airflow/.local/lib/python3.12/site-packages/airflow/example_dags/example_params_trigger_ui.py for tasks to queue
[2024-04-26T11:17:55.138+0000] {logging_mixin.py:188} INFO - [2024-04-26T11:17:55.138+0000] {dagbag.py:540} INFO - Filling up the DagBag from /home/airflow/.local/lib/python3.12/site-packages/airflow/example_dags/example_params_trigger_ui.py
[2024-04-26T11:17:55.154+0000] {processor.py:840} INFO - DAG(s) 'example_params_trigger_ui' retrieved from /home/airflow/.local/lib/python3.12/site-packages/airflow/example_dags/example_params_trigger_ui.py
[2024-04-26T11:17:55.228+0000] {logging_mixin.py:188} INFO - [2024-04-26T11:17:55.228+0000] {dag.py:3096} INFO - Sync 1 DAGs
[2024-04-26T11:17:55.270+0000] {logging_mixin.py:188} INFO - [2024-04-26T11:17:55.269+0000] {dag.py:3954} INFO - Setting next_dagrun for example_params_trigger_ui to None, run_after=None
[2024-04-26T11:17:55.500+0000] {processor.py:183} INFO - Processing /home/airflow/.local/lib/python3.12/site-packages/airflow/example_dags/example_params_trigger_ui.py took 0.373 seconds
[2024-04-26T11:18:25.849+0000] {processor.py:161} INFO - Started process (PID=241) to work on /home/airflow/.local/lib/python3.12/site-packages/airflow/example_dags/example_params_trigger_ui.py
[2024-04-26T11:18:25.851+0000] {processor.py:830} INFO - Processing file /home/airflow/.local/lib/python3.12/site-packages/airflow/example_dags/example_params_trigger_ui.py for tasks to queue
[2024-04-26T11:18:25.853+0000] {logging_mixin.py:188} INFO - [2024-04-26T11:18:25.853+0000] {dagbag.py:540} INFO - Filling up the DagBag from /home/airflow/.local/lib/python3.12/site-packages/airflow/example_dags/example_params_trigger_ui.py
[2024-04-26T11:18:25.870+0000] {processor.py:840} INFO - DAG(s) 'example_params_trigger_ui' retrieved from /home/airflow/.local/lib/python3.12/site-packages/airflow/example_dags/example_params_trigger_ui.py
[2024-04-26T11:18:25.922+0000] {logging_mixin.py:188} INFO - [2024-04-26T11:18:25.922+0000] {dag.py:3096} INFO - Sync 1 DAGs
[2024-04-26T11:18:25.938+0000] {logging_mixin.py:188} INFO - [2024-04-26T11:18:25.938+0000] {dag.py:3954} INFO - Setting next_dagrun for example_params_trigger_ui to None, run_after=None
[2024-04-26T11:18:25.964+0000] {processor.py:183} INFO - Processing /home/airflow/.local/lib/python3.12/site-packages/airflow/example_dags/example_params_trigger_ui.py took 0.122 seconds
[2024-04-26T11:18:56.140+0000] {processor.py:161} INFO - Started process (PID=299) to work on /home/airflow/.local/lib/python3.12/site-packages/airflow/example_dags/example_params_trigger_ui.py
[2024-04-26T11:18:56.141+0000] {processor.py:830} INFO - Processing file /home/airflow/.local/lib/python3.12/site-packages/airflow/example_dags/example_params_trigger_ui.py for tasks to queue
[2024-04-26T11:18:56.144+0000] {logging_mixin.py:188} INFO - [2024-04-26T11:18:56.143+0000] {dagbag.py:540} INFO - Filling up the DagBag from /home/airflow/.local/lib/python3.12/site-packages/airflow/example_dags/example_params_trigger_ui.py
[2024-04-26T11:18:56.159+0000] {processor.py:840} INFO - DAG(s) 'example_params_trigger_ui' retrieved from /home/airflow/.local/lib/python3.12/site-packages/airflow/example_dags/example_params_trigger_ui.py
[2024-04-26T11:18:56.208+0000] {logging_mixin.py:188} INFO - [2024-04-26T11:18:56.207+0000] {dag.py:3096} INFO - Sync 1 DAGs
[2024-04-26T11:18:56.223+0000] {logging_mixin.py:188} INFO - [2024-04-26T11:18:56.223+0000] {dag.py:3954} INFO - Setting next_dagrun for example_params_trigger_ui to None, run_after=None
[2024-04-26T11:18:56.250+0000] {processor.py:183} INFO - Processing /home/airflow/.local/lib/python3.12/site-packages/airflow/example_dags/example_params_trigger_ui.py took 0.116 seconds
[2024-04-26T11:19:26.548+0000] {processor.py:161} INFO - Started process (PID=357) to work on /home/airflow/.local/lib/python3.12/site-packages/airflow/example_dags/example_params_trigger_ui.py
[2024-04-26T11:19:26.549+0000] {processor.py:830} INFO - Processing file /home/airflow/.local/lib/python3.12/site-packages/airflow/example_dags/example_params_trigger_ui.py for tasks to queue
[2024-04-26T11:19:26.553+0000] {logging_mixin.py:188} INFO - [2024-04-26T11:19:26.552+0000] {dagbag.py:540} INFO - Filling up the DagBag from /home/airflow/.local/lib/python3.12/site-packages/airflow/example_dags/example_params_trigger_ui.py
[2024-04-26T11:19:26.566+0000] {processor.py:840} INFO - DAG(s) 'example_params_trigger_ui' retrieved from /home/airflow/.local/lib/python3.12/site-packages/airflow/example_dags/example_params_trigger_ui.py
[2024-04-26T11:19:26.615+0000] {logging_mixin.py:188} INFO - [2024-04-26T11:19:26.615+0000] {dag.py:3096} INFO - Sync 1 DAGs
[2024-04-26T11:19:26.630+0000] {logging_mixin.py:188} INFO - [2024-04-26T11:19:26.630+0000] {dag.py:3954} INFO - Setting next_dagrun for example_params_trigger_ui to None, run_after=None
[2024-04-26T11:19:26.655+0000] {processor.py:183} INFO - Processing /home/airflow/.local/lib/python3.12/site-packages/airflow/example_dags/example_params_trigger_ui.py took 0.113 seconds
[2024-04-26T11:19:56.699+0000] {processor.py:161} INFO - Started process (PID=415) to work on /home/airflow/.local/lib/python3.12/site-packages/airflow/example_dags/example_params_trigger_ui.py
[2024-04-26T11:19:56.701+0000] {processor.py:830} INFO - Processing file /home/airflow/.local/lib/python3.12/site-packages/airflow/example_dags/example_params_trigger_ui.py for tasks to queue
[2024-04-26T11:19:56.703+0000] {logging_mixin.py:188} INFO - [2024-04-26T11:19:56.703+0000] {dagbag.py:540} INFO - Filling up the DagBag from /home/airflow/.local/lib/python3.12/site-packages/airflow/example_dags/example_params_trigger_ui.py
[2024-04-26T11:19:56.715+0000] {processor.py:840} INFO - DAG(s) 'example_params_trigger_ui' retrieved from /home/airflow/.local/lib/python3.12/site-packages/airflow/example_dags/example_params_trigger_ui.py
[2024-04-26T11:19:56.761+0000] {logging_mixin.py:188} INFO - [2024-04-26T11:19:56.761+0000] {dag.py:3096} INFO - Sync 1 DAGs
[2024-04-26T11:19:56.775+0000] {logging_mixin.py:188} INFO - [2024-04-26T11:19:56.775+0000] {dag.py:3954} INFO - Setting next_dagrun for example_params_trigger_ui to None, run_after=None
[2024-04-26T11:19:56.799+0000] {processor.py:183} INFO - Processing /home/airflow/.local/lib/python3.12/site-packages/airflow/example_dags/example_params_trigger_ui.py took 0.105 seconds
[2024-04-26T11:20:26.992+0000] {processor.py:161} INFO - Started process (PID=473) to work on /home/airflow/.local/lib/python3.12/site-packages/airflow/example_dags/example_params_trigger_ui.py
[2024-04-26T11:20:26.993+0000] {processor.py:830} INFO - Processing file /home/airflow/.local/lib/python3.12/site-packages/airflow/example_dags/example_params_trigger_ui.py for tasks to queue
[2024-04-26T11:20:26.996+0000] {logging_mixin.py:188} INFO - [2024-04-26T11:20:26.996+0000] {dagbag.py:540} INFO - Filling up the DagBag from /home/airflow/.local/lib/python3.12/site-packages/airflow/example_dags/example_params_trigger_ui.py
[2024-04-26T11:20:27.013+0000] {processor.py:840} INFO - DAG(s) 'example_params_trigger_ui' retrieved from /home/airflow/.local/lib/python3.12/site-packages/airflow/example_dags/example_params_trigger_ui.py
[2024-04-26T11:20:27.067+0000] {logging_mixin.py:188} INFO - [2024-04-26T11:20:27.067+0000] {dag.py:3096} INFO - Sync 1 DAGs
[2024-04-26T11:20:27.082+0000] {logging_mixin.py:188} INFO - [2024-04-26T11:20:27.082+0000] {dag.py:3954} INFO - Setting next_dagrun for example_params_trigger_ui to None, run_after=None
[2024-04-26T11:20:27.109+0000] {processor.py:183} INFO - Processing /home/airflow/.local/lib/python3.12/site-packages/airflow/example_dags/example_params_trigger_ui.py took 0.124 seconds
[2024-04-26T11:21:48.464+0000] {processor.py:161} INFO - Started process (PID=61) to work on /home/airflow/.local/lib/python3.12/site-packages/airflow/example_dags/example_params_trigger_ui.py
[2024-04-26T11:21:48.466+0000] {processor.py:830} INFO - Processing file /home/airflow/.local/lib/python3.12/site-packages/airflow/example_dags/example_params_trigger_ui.py for tasks to queue
[2024-04-26T11:21:48.469+0000] {logging_mixin.py:188} INFO - [2024-04-26T11:21:48.468+0000] {dagbag.py:540} INFO - Filling up the DagBag from /home/airflow/.local/lib/python3.12/site-packages/airflow/example_dags/example_params_trigger_ui.py
[2024-04-26T11:21:48.491+0000] {processor.py:840} INFO - DAG(s) 'example_params_trigger_ui' retrieved from /home/airflow/.local/lib/python3.12/site-packages/airflow/example_dags/example_params_trigger_ui.py
[2024-04-26T11:21:48.507+0000] {logging_mixin.py:188} INFO - [2024-04-26T11:21:48.507+0000] {dag.py:3096} INFO - Sync 1 DAGs
[2024-04-26T11:21:48.530+0000] {logging_mixin.py:188} INFO - [2024-04-26T11:21:48.530+0000] {dag.py:3954} INFO - Setting next_dagrun for example_params_trigger_ui to None, run_after=None
[2024-04-26T11:21:48.555+0000] {processor.py:183} INFO - Processing /home/airflow/.local/lib/python3.12/site-packages/airflow/example_dags/example_params_trigger_ui.py took 0.098 seconds
