[2024-04-26T11:16:52.200+0000] {processor.py:161} INFO - Started process (PID=52) to work on /home/airflow/.local/lib/python3.12/site-packages/airflow/example_dags/example_branch_python_dop_operator_3.py
[2024-04-26T11:16:52.202+0000] {processor.py:830} INFO - Processing file /home/airflow/.local/lib/python3.12/site-packages/airflow/example_dags/example_branch_python_dop_operator_3.py for tasks to queue
[2024-04-26T11:16:52.205+0000] {logging_mixin.py:188} INFO - [2024-04-26T11:16:52.205+0000] {dagbag.py:540} INFO - Filling up the DagBag from /home/airflow/.local/lib/python3.12/site-packages/airflow/example_dags/example_branch_python_dop_operator_3.py
[2024-04-26T11:16:52.229+0000] {processor.py:840} INFO - DAG(s) 'example_branch_dop_operator_v3' retrieved from /home/airflow/.local/lib/python3.12/site-packages/airflow/example_dags/example_branch_python_dop_operator_3.py
[2024-04-26T11:16:52.422+0000] {logging_mixin.py:188} INFO - [2024-04-26T11:16:52.419+0000] {override.py:1829} INFO - Created Permission View: can delete on DAG:example_branch_dop_operator_v3
[2024-04-26T11:16:52.441+0000] {logging_mixin.py:188} INFO - [2024-04-26T11:16:52.440+0000] {override.py:1829} INFO - Created Permission View: can edit on DAG:example_branch_dop_operator_v3
[2024-04-26T11:16:52.452+0000] {logging_mixin.py:188} INFO - [2024-04-26T11:16:52.451+0000] {override.py:1829} INFO - Created Permission View: can read on DAG:example_branch_dop_operator_v3
[2024-04-26T11:16:52.453+0000] {logging_mixin.py:188} INFO - [2024-04-26T11:16:52.453+0000] {dag.py:3096} INFO - Sync 1 DAGs
[2024-04-26T11:16:52.476+0000] {logging_mixin.py:188} INFO - [2024-04-26T11:16:52.475+0000] {dag.py:3118} INFO - Creating ORM DAG for example_branch_dop_operator_v3
[2024-04-26T11:16:52.499+0000] {logging_mixin.py:188} INFO - [2024-04-26T11:16:52.499+0000] {dag.py:3954} INFO - Setting next_dagrun for example_branch_dop_operator_v3 to 2024-04-26 11:15:00+00:00, run_after=2024-04-26 11:16:00+00:00
[2024-04-26T11:16:52.523+0000] {processor.py:183} INFO - Processing /home/airflow/.local/lib/python3.12/site-packages/airflow/example_dags/example_branch_python_dop_operator_3.py took 0.332 seconds
[2024-04-26T11:17:22.968+0000] {processor.py:161} INFO - Started process (PID=116) to work on /home/airflow/.local/lib/python3.12/site-packages/airflow/example_dags/example_branch_python_dop_operator_3.py
[2024-04-26T11:17:22.970+0000] {processor.py:830} INFO - Processing file /home/airflow/.local/lib/python3.12/site-packages/airflow/example_dags/example_branch_python_dop_operator_3.py for tasks to queue
[2024-04-26T11:17:22.972+0000] {logging_mixin.py:188} INFO - [2024-04-26T11:17:22.972+0000] {dagbag.py:540} INFO - Filling up the DagBag from /home/airflow/.local/lib/python3.12/site-packages/airflow/example_dags/example_branch_python_dop_operator_3.py
[2024-04-26T11:17:22.991+0000] {processor.py:840} INFO - DAG(s) 'example_branch_dop_operator_v3' retrieved from /home/airflow/.local/lib/python3.12/site-packages/airflow/example_dags/example_branch_python_dop_operator_3.py
[2024-04-26T11:17:23.021+0000] {logging_mixin.py:188} INFO - [2024-04-26T11:17:23.021+0000] {dag.py:3096} INFO - Sync 1 DAGs
[2024-04-26T11:17:23.062+0000] {logging_mixin.py:188} INFO - [2024-04-26T11:17:23.062+0000] {dag.py:3954} INFO - Setting next_dagrun for example_branch_dop_operator_v3 to 2024-04-26 11:16:00+00:00, run_after=2024-04-26 11:17:00+00:00
[2024-04-26T11:17:23.090+0000] {processor.py:183} INFO - Processing /home/airflow/.local/lib/python3.12/site-packages/airflow/example_dags/example_branch_python_dop_operator_3.py took 0.131 seconds
[2024-04-26T11:17:53.196+0000] {processor.py:161} INFO - Started process (PID=174) to work on /home/airflow/.local/lib/python3.12/site-packages/airflow/example_dags/example_branch_python_dop_operator_3.py
[2024-04-26T11:17:53.197+0000] {processor.py:830} INFO - Processing file /home/airflow/.local/lib/python3.12/site-packages/airflow/example_dags/example_branch_python_dop_operator_3.py for tasks to queue
[2024-04-26T11:17:53.200+0000] {logging_mixin.py:188} INFO - [2024-04-26T11:17:53.199+0000] {dagbag.py:540} INFO - Filling up the DagBag from /home/airflow/.local/lib/python3.12/site-packages/airflow/example_dags/example_branch_python_dop_operator_3.py
[2024-04-26T11:17:53.209+0000] {processor.py:840} INFO - DAG(s) 'example_branch_dop_operator_v3' retrieved from /home/airflow/.local/lib/python3.12/site-packages/airflow/example_dags/example_branch_python_dop_operator_3.py
[2024-04-26T11:17:53.233+0000] {logging_mixin.py:188} INFO - [2024-04-26T11:17:53.232+0000] {dag.py:3096} INFO - Sync 1 DAGs
[2024-04-26T11:17:53.259+0000] {logging_mixin.py:188} INFO - [2024-04-26T11:17:53.259+0000] {dag.py:3954} INFO - Setting next_dagrun for example_branch_dop_operator_v3 to 2024-04-26 11:16:00+00:00, run_after=2024-04-26 11:17:00+00:00
[2024-04-26T11:17:53.286+0000] {processor.py:183} INFO - Processing /home/airflow/.local/lib/python3.12/site-packages/airflow/example_dags/example_branch_python_dop_operator_3.py took 0.097 seconds
[2024-04-26T11:18:24.118+0000] {processor.py:161} INFO - Started process (PID=232) to work on /home/airflow/.local/lib/python3.12/site-packages/airflow/example_dags/example_branch_python_dop_operator_3.py
[2024-04-26T11:18:24.119+0000] {processor.py:830} INFO - Processing file /home/airflow/.local/lib/python3.12/site-packages/airflow/example_dags/example_branch_python_dop_operator_3.py for tasks to queue
[2024-04-26T11:18:24.122+0000] {logging_mixin.py:188} INFO - [2024-04-26T11:18:24.121+0000] {dagbag.py:540} INFO - Filling up the DagBag from /home/airflow/.local/lib/python3.12/site-packages/airflow/example_dags/example_branch_python_dop_operator_3.py
[2024-04-26T11:18:24.132+0000] {processor.py:840} INFO - DAG(s) 'example_branch_dop_operator_v3' retrieved from /home/airflow/.local/lib/python3.12/site-packages/airflow/example_dags/example_branch_python_dop_operator_3.py
[2024-04-26T11:18:24.157+0000] {logging_mixin.py:188} INFO - [2024-04-26T11:18:24.156+0000] {dag.py:3096} INFO - Sync 1 DAGs
[2024-04-26T11:18:24.187+0000] {logging_mixin.py:188} INFO - [2024-04-26T11:18:24.186+0000] {dag.py:3954} INFO - Setting next_dagrun for example_branch_dop_operator_v3 to 2024-04-26 11:17:00+00:00, run_after=2024-04-26 11:18:00+00:00
[2024-04-26T11:18:24.212+0000] {processor.py:183} INFO - Processing /home/airflow/.local/lib/python3.12/site-packages/airflow/example_dags/example_branch_python_dop_operator_3.py took 0.100 seconds
[2024-04-26T11:18:54.479+0000] {processor.py:161} INFO - Started process (PID=290) to work on /home/airflow/.local/lib/python3.12/site-packages/airflow/example_dags/example_branch_python_dop_operator_3.py
[2024-04-26T11:18:54.480+0000] {processor.py:830} INFO - Processing file /home/airflow/.local/lib/python3.12/site-packages/airflow/example_dags/example_branch_python_dop_operator_3.py for tasks to queue
[2024-04-26T11:18:54.482+0000] {logging_mixin.py:188} INFO - [2024-04-26T11:18:54.482+0000] {dagbag.py:540} INFO - Filling up the DagBag from /home/airflow/.local/lib/python3.12/site-packages/airflow/example_dags/example_branch_python_dop_operator_3.py
[2024-04-26T11:18:54.490+0000] {processor.py:840} INFO - DAG(s) 'example_branch_dop_operator_v3' retrieved from /home/airflow/.local/lib/python3.12/site-packages/airflow/example_dags/example_branch_python_dop_operator_3.py
[2024-04-26T11:18:54.511+0000] {logging_mixin.py:188} INFO - [2024-04-26T11:18:54.511+0000] {dag.py:3096} INFO - Sync 1 DAGs
[2024-04-26T11:18:54.537+0000] {logging_mixin.py:188} INFO - [2024-04-26T11:18:54.537+0000] {dag.py:3954} INFO - Setting next_dagrun for example_branch_dop_operator_v3 to 2024-04-26 11:17:00+00:00, run_after=2024-04-26 11:18:00+00:00
[2024-04-26T11:18:54.560+0000] {processor.py:183} INFO - Processing /home/airflow/.local/lib/python3.12/site-packages/airflow/example_dags/example_branch_python_dop_operator_3.py took 0.087 seconds
[2024-04-26T11:19:24.875+0000] {processor.py:161} INFO - Started process (PID=348) to work on /home/airflow/.local/lib/python3.12/site-packages/airflow/example_dags/example_branch_python_dop_operator_3.py
[2024-04-26T11:19:24.876+0000] {processor.py:830} INFO - Processing file /home/airflow/.local/lib/python3.12/site-packages/airflow/example_dags/example_branch_python_dop_operator_3.py for tasks to queue
[2024-04-26T11:19:24.879+0000] {logging_mixin.py:188} INFO - [2024-04-26T11:19:24.879+0000] {dagbag.py:540} INFO - Filling up the DagBag from /home/airflow/.local/lib/python3.12/site-packages/airflow/example_dags/example_branch_python_dop_operator_3.py
[2024-04-26T11:19:24.891+0000] {processor.py:840} INFO - DAG(s) 'example_branch_dop_operator_v3' retrieved from /home/airflow/.local/lib/python3.12/site-packages/airflow/example_dags/example_branch_python_dop_operator_3.py
[2024-04-26T11:19:24.917+0000] {logging_mixin.py:188} INFO - [2024-04-26T11:19:24.916+0000] {dag.py:3096} INFO - Sync 1 DAGs
[2024-04-26T11:19:24.948+0000] {logging_mixin.py:188} INFO - [2024-04-26T11:19:24.947+0000] {dag.py:3954} INFO - Setting next_dagrun for example_branch_dop_operator_v3 to 2024-04-26 11:18:00+00:00, run_after=2024-04-26 11:19:00+00:00
[2024-04-26T11:19:24.972+0000] {processor.py:183} INFO - Processing /home/airflow/.local/lib/python3.12/site-packages/airflow/example_dags/example_branch_python_dop_operator_3.py took 0.106 seconds
[2024-04-26T11:19:56.012+0000] {processor.py:161} INFO - Started process (PID=406) to work on /home/airflow/.local/lib/python3.12/site-packages/airflow/example_dags/example_branch_python_dop_operator_3.py
[2024-04-26T11:19:56.013+0000] {processor.py:830} INFO - Processing file /home/airflow/.local/lib/python3.12/site-packages/airflow/example_dags/example_branch_python_dop_operator_3.py for tasks to queue
[2024-04-26T11:19:56.016+0000] {logging_mixin.py:188} INFO - [2024-04-26T11:19:56.016+0000] {dagbag.py:540} INFO - Filling up the DagBag from /home/airflow/.local/lib/python3.12/site-packages/airflow/example_dags/example_branch_python_dop_operator_3.py
[2024-04-26T11:19:56.025+0000] {processor.py:840} INFO - DAG(s) 'example_branch_dop_operator_v3' retrieved from /home/airflow/.local/lib/python3.12/site-packages/airflow/example_dags/example_branch_python_dop_operator_3.py
[2024-04-26T11:19:56.052+0000] {logging_mixin.py:188} INFO - [2024-04-26T11:19:56.052+0000] {dag.py:3096} INFO - Sync 1 DAGs
[2024-04-26T11:19:56.082+0000] {logging_mixin.py:188} INFO - [2024-04-26T11:19:56.082+0000] {dag.py:3954} INFO - Setting next_dagrun for example_branch_dop_operator_v3 to 2024-04-26 11:18:00+00:00, run_after=2024-04-26 11:19:00+00:00
[2024-04-26T11:19:56.107+0000] {processor.py:183} INFO - Processing /home/airflow/.local/lib/python3.12/site-packages/airflow/example_dags/example_branch_python_dop_operator_3.py took 0.101 seconds
[2024-04-26T11:20:26.146+0000] {processor.py:161} INFO - Started process (PID=464) to work on /home/airflow/.local/lib/python3.12/site-packages/airflow/example_dags/example_branch_python_dop_operator_3.py
[2024-04-26T11:20:26.147+0000] {processor.py:830} INFO - Processing file /home/airflow/.local/lib/python3.12/site-packages/airflow/example_dags/example_branch_python_dop_operator_3.py for tasks to queue
[2024-04-26T11:20:26.150+0000] {logging_mixin.py:188} INFO - [2024-04-26T11:20:26.149+0000] {dagbag.py:540} INFO - Filling up the DagBag from /home/airflow/.local/lib/python3.12/site-packages/airflow/example_dags/example_branch_python_dop_operator_3.py
[2024-04-26T11:20:26.160+0000] {processor.py:840} INFO - DAG(s) 'example_branch_dop_operator_v3' retrieved from /home/airflow/.local/lib/python3.12/site-packages/airflow/example_dags/example_branch_python_dop_operator_3.py
[2024-04-26T11:20:26.189+0000] {logging_mixin.py:188} INFO - [2024-04-26T11:20:26.189+0000] {dag.py:3096} INFO - Sync 1 DAGs
[2024-04-26T11:20:26.221+0000] {logging_mixin.py:188} INFO - [2024-04-26T11:20:26.221+0000] {dag.py:3954} INFO - Setting next_dagrun for example_branch_dop_operator_v3 to 2024-04-26 11:19:00+00:00, run_after=2024-04-26 11:20:00+00:00
[2024-04-26T11:20:26.248+0000] {processor.py:183} INFO - Processing /home/airflow/.local/lib/python3.12/site-packages/airflow/example_dags/example_branch_python_dop_operator_3.py took 0.107 seconds
[2024-04-26T11:21:47.792+0000] {processor.py:161} INFO - Started process (PID=52) to work on /home/airflow/.local/lib/python3.12/site-packages/airflow/example_dags/example_branch_python_dop_operator_3.py
[2024-04-26T11:21:47.793+0000] {processor.py:830} INFO - Processing file /home/airflow/.local/lib/python3.12/site-packages/airflow/example_dags/example_branch_python_dop_operator_3.py for tasks to queue
[2024-04-26T11:21:47.797+0000] {logging_mixin.py:188} INFO - [2024-04-26T11:21:47.797+0000] {dagbag.py:540} INFO - Filling up the DagBag from /home/airflow/.local/lib/python3.12/site-packages/airflow/example_dags/example_branch_python_dop_operator_3.py
[2024-04-26T11:21:47.816+0000] {processor.py:840} INFO - DAG(s) 'example_branch_dop_operator_v3' retrieved from /home/airflow/.local/lib/python3.12/site-packages/airflow/example_dags/example_branch_python_dop_operator_3.py
[2024-04-26T11:21:47.844+0000] {logging_mixin.py:188} INFO - [2024-04-26T11:21:47.843+0000] {dag.py:3096} INFO - Sync 1 DAGs
[2024-04-26T11:21:47.904+0000] {logging_mixin.py:188} INFO - [2024-04-26T11:21:47.903+0000] {dag.py:3954} INFO - Setting next_dagrun for example_branch_dop_operator_v3 to 2024-04-26 11:20:00+00:00, run_after=2024-04-26 11:21:00+00:00
[2024-04-26T11:21:47.931+0000] {processor.py:183} INFO - Processing /home/airflow/.local/lib/python3.12/site-packages/airflow/example_dags/example_branch_python_dop_operator_3.py took 0.148 seconds
