[2024-04-26T11:16:50.385+0000] {processor.py:161} INFO - Started process (PID=43) to work on /home/airflow/.local/lib/python3.12/site-packages/airflow/example_dags/example_sensors.py
[2024-04-26T11:16:50.389+0000] {processor.py:830} INFO - Processing file /home/airflow/.local/lib/python3.12/site-packages/airflow/example_dags/example_sensors.py for tasks to queue
[2024-04-26T11:16:50.398+0000] {logging_mixin.py:188} INFO - [2024-04-26T11:16:50.397+0000] {dagbag.py:540} INFO - Filling up the DagBag from /home/airflow/.local/lib/python3.12/site-packages/airflow/example_dags/example_sensors.py
[2024-04-26T11:16:50.444+0000] {processor.py:840} INFO - DAG(s) 'example_sensors' retrieved from /home/airflow/.local/lib/python3.12/site-packages/airflow/example_dags/example_sensors.py
[2024-04-26T11:16:50.700+0000] {logging_mixin.py:188} INFO - [2024-04-26T11:16:50.698+0000] {override.py:1829} INFO - Created Permission View: can delete on DAG:example_sensors
[2024-04-26T11:16:50.714+0000] {logging_mixin.py:188} INFO - [2024-04-26T11:16:50.713+0000] {override.py:1829} INFO - Created Permission View: can edit on DAG:example_sensors
[2024-04-26T11:16:50.723+0000] {logging_mixin.py:188} INFO - [2024-04-26T11:16:50.723+0000] {override.py:1829} INFO - Created Permission View: can read on DAG:example_sensors
[2024-04-26T11:16:50.725+0000] {logging_mixin.py:188} INFO - [2024-04-26T11:16:50.725+0000] {dag.py:3096} INFO - Sync 1 DAGs
[2024-04-26T11:16:50.751+0000] {logging_mixin.py:188} INFO - [2024-04-26T11:16:50.750+0000] {dag.py:3118} INFO - Creating ORM DAG for example_sensors
[2024-04-26T11:16:50.753+0000] {logging_mixin.py:188} INFO - [2024-04-26T11:16:50.753+0000] {dag.py:3954} INFO - Setting next_dagrun for example_sensors to None, run_after=None
[2024-04-26T11:16:50.786+0000] {processor.py:183} INFO - Processing /home/airflow/.local/lib/python3.12/site-packages/airflow/example_dags/example_sensors.py took 0.420 seconds
[2024-04-26T11:17:21.151+0000] {processor.py:161} INFO - Started process (PID=101) to work on /home/airflow/.local/lib/python3.12/site-packages/airflow/example_dags/example_sensors.py
[2024-04-26T11:17:21.157+0000] {processor.py:830} INFO - Processing file /home/airflow/.local/lib/python3.12/site-packages/airflow/example_dags/example_sensors.py for tasks to queue
[2024-04-26T11:17:21.161+0000] {logging_mixin.py:188} INFO - [2024-04-26T11:17:21.160+0000] {dagbag.py:540} INFO - Filling up the DagBag from /home/airflow/.local/lib/python3.12/site-packages/airflow/example_dags/example_sensors.py
[2024-04-26T11:17:21.211+0000] {processor.py:840} INFO - DAG(s) 'example_sensors' retrieved from /home/airflow/.local/lib/python3.12/site-packages/airflow/example_dags/example_sensors.py
[2024-04-26T11:17:21.282+0000] {logging_mixin.py:188} INFO - [2024-04-26T11:17:21.282+0000] {dag.py:3096} INFO - Sync 1 DAGs
[2024-04-26T11:17:21.303+0000] {logging_mixin.py:188} INFO - [2024-04-26T11:17:21.303+0000] {dag.py:3954} INFO - Setting next_dagrun for example_sensors to None, run_after=None
[2024-04-26T11:17:21.332+0000] {processor.py:183} INFO - Processing /home/airflow/.local/lib/python3.12/site-packages/airflow/example_dags/example_sensors.py took 0.198 seconds
[2024-04-26T11:17:51.467+0000] {processor.py:161} INFO - Started process (PID=159) to work on /home/airflow/.local/lib/python3.12/site-packages/airflow/example_dags/example_sensors.py
[2024-04-26T11:17:51.469+0000] {processor.py:830} INFO - Processing file /home/airflow/.local/lib/python3.12/site-packages/airflow/example_dags/example_sensors.py for tasks to queue
[2024-04-26T11:17:51.472+0000] {logging_mixin.py:188} INFO - [2024-04-26T11:17:51.472+0000] {dagbag.py:540} INFO - Filling up the DagBag from /home/airflow/.local/lib/python3.12/site-packages/airflow/example_dags/example_sensors.py
[2024-04-26T11:17:51.485+0000] {processor.py:840} INFO - DAG(s) 'example_sensors' retrieved from /home/airflow/.local/lib/python3.12/site-packages/airflow/example_dags/example_sensors.py
[2024-04-26T11:17:51.523+0000] {logging_mixin.py:188} INFO - [2024-04-26T11:17:51.523+0000] {dag.py:3096} INFO - Sync 1 DAGs
[2024-04-26T11:17:51.543+0000] {logging_mixin.py:188} INFO - [2024-04-26T11:17:51.542+0000] {dag.py:3954} INFO - Setting next_dagrun for example_sensors to None, run_after=None
[2024-04-26T11:17:51.575+0000] {processor.py:183} INFO - Processing /home/airflow/.local/lib/python3.12/site-packages/airflow/example_dags/example_sensors.py took 0.119 seconds
[2024-04-26T11:18:22.199+0000] {processor.py:161} INFO - Started process (PID=217) to work on /home/airflow/.local/lib/python3.12/site-packages/airflow/example_dags/example_sensors.py
[2024-04-26T11:18:22.200+0000] {processor.py:830} INFO - Processing file /home/airflow/.local/lib/python3.12/site-packages/airflow/example_dags/example_sensors.py for tasks to queue
[2024-04-26T11:18:22.203+0000] {logging_mixin.py:188} INFO - [2024-04-26T11:18:22.203+0000] {dagbag.py:540} INFO - Filling up the DagBag from /home/airflow/.local/lib/python3.12/site-packages/airflow/example_dags/example_sensors.py
[2024-04-26T11:18:22.217+0000] {processor.py:840} INFO - DAG(s) 'example_sensors' retrieved from /home/airflow/.local/lib/python3.12/site-packages/airflow/example_dags/example_sensors.py
[2024-04-26T11:18:22.277+0000] {logging_mixin.py:188} INFO - [2024-04-26T11:18:22.276+0000] {dag.py:3096} INFO - Sync 1 DAGs
[2024-04-26T11:18:22.299+0000] {logging_mixin.py:188} INFO - [2024-04-26T11:18:22.298+0000] {dag.py:3954} INFO - Setting next_dagrun for example_sensors to None, run_after=None
[2024-04-26T11:18:22.331+0000] {processor.py:183} INFO - Processing /home/airflow/.local/lib/python3.12/site-packages/airflow/example_dags/example_sensors.py took 0.143 seconds
[2024-04-26T11:18:52.672+0000] {processor.py:161} INFO - Started process (PID=274) to work on /home/airflow/.local/lib/python3.12/site-packages/airflow/example_dags/example_sensors.py
[2024-04-26T11:18:52.673+0000] {processor.py:830} INFO - Processing file /home/airflow/.local/lib/python3.12/site-packages/airflow/example_dags/example_sensors.py for tasks to queue
[2024-04-26T11:18:52.677+0000] {logging_mixin.py:188} INFO - [2024-04-26T11:18:52.676+0000] {dagbag.py:540} INFO - Filling up the DagBag from /home/airflow/.local/lib/python3.12/site-packages/airflow/example_dags/example_sensors.py
[2024-04-26T11:18:52.690+0000] {processor.py:840} INFO - DAG(s) 'example_sensors' retrieved from /home/airflow/.local/lib/python3.12/site-packages/airflow/example_dags/example_sensors.py
[2024-04-26T11:18:52.726+0000] {logging_mixin.py:188} INFO - [2024-04-26T11:18:52.726+0000] {dag.py:3096} INFO - Sync 1 DAGs
[2024-04-26T11:18:52.745+0000] {logging_mixin.py:188} INFO - [2024-04-26T11:18:52.745+0000] {dag.py:3954} INFO - Setting next_dagrun for example_sensors to None, run_after=None
[2024-04-26T11:18:52.771+0000] {processor.py:183} INFO - Processing /home/airflow/.local/lib/python3.12/site-packages/airflow/example_dags/example_sensors.py took 0.107 seconds
[2024-04-26T11:19:23.020+0000] {processor.py:161} INFO - Started process (PID=338) to work on /home/airflow/.local/lib/python3.12/site-packages/airflow/example_dags/example_sensors.py
[2024-04-26T11:19:23.022+0000] {processor.py:830} INFO - Processing file /home/airflow/.local/lib/python3.12/site-packages/airflow/example_dags/example_sensors.py for tasks to queue
[2024-04-26T11:19:23.025+0000] {logging_mixin.py:188} INFO - [2024-04-26T11:19:23.025+0000] {dagbag.py:540} INFO - Filling up the DagBag from /home/airflow/.local/lib/python3.12/site-packages/airflow/example_dags/example_sensors.py
[2024-04-26T11:19:23.037+0000] {processor.py:840} INFO - DAG(s) 'example_sensors' retrieved from /home/airflow/.local/lib/python3.12/site-packages/airflow/example_dags/example_sensors.py
[2024-04-26T11:19:23.070+0000] {logging_mixin.py:188} INFO - [2024-04-26T11:19:23.070+0000] {dag.py:3096} INFO - Sync 1 DAGs
[2024-04-26T11:19:23.090+0000] {logging_mixin.py:188} INFO - [2024-04-26T11:19:23.090+0000] {dag.py:3954} INFO - Setting next_dagrun for example_sensors to None, run_after=None
[2024-04-26T11:19:23.115+0000] {processor.py:183} INFO - Processing /home/airflow/.local/lib/python3.12/site-packages/airflow/example_dags/example_sensors.py took 0.102 seconds
[2024-04-26T11:19:53.314+0000] {processor.py:161} INFO - Started process (PID=396) to work on /home/airflow/.local/lib/python3.12/site-packages/airflow/example_dags/example_sensors.py
[2024-04-26T11:19:53.315+0000] {processor.py:830} INFO - Processing file /home/airflow/.local/lib/python3.12/site-packages/airflow/example_dags/example_sensors.py for tasks to queue
[2024-04-26T11:19:53.318+0000] {logging_mixin.py:188} INFO - [2024-04-26T11:19:53.318+0000] {dagbag.py:540} INFO - Filling up the DagBag from /home/airflow/.local/lib/python3.12/site-packages/airflow/example_dags/example_sensors.py
[2024-04-26T11:19:53.328+0000] {processor.py:840} INFO - DAG(s) 'example_sensors' retrieved from /home/airflow/.local/lib/python3.12/site-packages/airflow/example_dags/example_sensors.py
[2024-04-26T11:19:53.359+0000] {logging_mixin.py:188} INFO - [2024-04-26T11:19:53.359+0000] {dag.py:3096} INFO - Sync 1 DAGs
[2024-04-26T11:19:53.374+0000] {logging_mixin.py:188} INFO - [2024-04-26T11:19:53.373+0000] {dag.py:3954} INFO - Setting next_dagrun for example_sensors to None, run_after=None
[2024-04-26T11:19:53.402+0000] {processor.py:183} INFO - Processing /home/airflow/.local/lib/python3.12/site-packages/airflow/example_dags/example_sensors.py took 0.095 seconds
[2024-04-26T11:20:23.531+0000] {processor.py:161} INFO - Started process (PID=454) to work on /home/airflow/.local/lib/python3.12/site-packages/airflow/example_dags/example_sensors.py
[2024-04-26T11:20:23.532+0000] {processor.py:830} INFO - Processing file /home/airflow/.local/lib/python3.12/site-packages/airflow/example_dags/example_sensors.py for tasks to queue
[2024-04-26T11:20:23.534+0000] {logging_mixin.py:188} INFO - [2024-04-26T11:20:23.534+0000] {dagbag.py:540} INFO - Filling up the DagBag from /home/airflow/.local/lib/python3.12/site-packages/airflow/example_dags/example_sensors.py
[2024-04-26T11:20:23.544+0000] {processor.py:840} INFO - DAG(s) 'example_sensors' retrieved from /home/airflow/.local/lib/python3.12/site-packages/airflow/example_dags/example_sensors.py
[2024-04-26T11:20:23.575+0000] {logging_mixin.py:188} INFO - [2024-04-26T11:20:23.575+0000] {dag.py:3096} INFO - Sync 1 DAGs
[2024-04-26T11:20:23.591+0000] {logging_mixin.py:188} INFO - [2024-04-26T11:20:23.591+0000] {dag.py:3954} INFO - Setting next_dagrun for example_sensors to None, run_after=None
[2024-04-26T11:20:23.619+0000] {processor.py:183} INFO - Processing /home/airflow/.local/lib/python3.12/site-packages/airflow/example_dags/example_sensors.py took 0.095 seconds
[2024-04-26T11:21:47.050+0000] {processor.py:161} INFO - Started process (PID=43) to work on /home/airflow/.local/lib/python3.12/site-packages/airflow/example_dags/example_sensors.py
[2024-04-26T11:21:47.052+0000] {processor.py:830} INFO - Processing file /home/airflow/.local/lib/python3.12/site-packages/airflow/example_dags/example_sensors.py for tasks to queue
[2024-04-26T11:21:47.057+0000] {logging_mixin.py:188} INFO - [2024-04-26T11:21:47.056+0000] {dagbag.py:540} INFO - Filling up the DagBag from /home/airflow/.local/lib/python3.12/site-packages/airflow/example_dags/example_sensors.py
[2024-04-26T11:21:47.083+0000] {processor.py:840} INFO - DAG(s) 'example_sensors' retrieved from /home/airflow/.local/lib/python3.12/site-packages/airflow/example_dags/example_sensors.py
[2024-04-26T11:21:47.109+0000] {logging_mixin.py:188} INFO - [2024-04-26T11:21:47.108+0000] {dag.py:3096} INFO - Sync 1 DAGs
[2024-04-26T11:21:47.132+0000] {logging_mixin.py:188} INFO - [2024-04-26T11:21:47.132+0000] {dag.py:3954} INFO - Setting next_dagrun for example_sensors to None, run_after=None
[2024-04-26T11:21:47.161+0000] {processor.py:183} INFO - Processing /home/airflow/.local/lib/python3.12/site-packages/airflow/example_dags/example_sensors.py took 0.118 seconds
