[2024-04-26T11:16:47.591+0000] {processor.py:161} INFO - Started process (PID=35) to work on /home/airflow/.local/lib/python3.12/site-packages/airflow/example_dags/example_bash_decorator.py
[2024-04-26T11:16:47.592+0000] {processor.py:830} INFO - Processing file /home/airflow/.local/lib/python3.12/site-packages/airflow/example_dags/example_bash_decorator.py for tasks to queue
[2024-04-26T11:16:47.595+0000] {logging_mixin.py:188} INFO - [2024-04-26T11:16:47.595+0000] {dagbag.py:540} INFO - Filling up the DagBag from /home/airflow/.local/lib/python3.12/site-packages/airflow/example_dags/example_bash_decorator.py
[2024-04-26T11:16:47.627+0000] {processor.py:840} INFO - DAG(s) 'example_bash_decorator' retrieved from /home/airflow/.local/lib/python3.12/site-packages/airflow/example_dags/example_bash_decorator.py
[2024-04-26T11:16:47.946+0000] {logging_mixin.py:188} INFO - [2024-04-26T11:16:47.946+0000] {override.py:1829} INFO - Created Permission View: can delete on DAG:example_bash_decorator
[2024-04-26T11:16:47.963+0000] {logging_mixin.py:188} INFO - [2024-04-26T11:16:47.962+0000] {override.py:1829} INFO - Created Permission View: can edit on DAG:example_bash_decorator
[2024-04-26T11:16:47.973+0000] {logging_mixin.py:188} INFO - [2024-04-26T11:16:47.973+0000] {override.py:1829} INFO - Created Permission View: can read on DAG:example_bash_decorator
[2024-04-26T11:16:47.975+0000] {logging_mixin.py:188} INFO - [2024-04-26T11:16:47.974+0000] {dag.py:3096} INFO - Sync 1 DAGs
[2024-04-26T11:16:47.994+0000] {logging_mixin.py:188} INFO - [2024-04-26T11:16:47.993+0000] {dag.py:3118} INFO - Creating ORM DAG for example_bash_decorator
[2024-04-26T11:16:47.996+0000] {logging_mixin.py:188} INFO - [2024-04-26T11:16:47.995+0000] {dag.py:3954} INFO - Setting next_dagrun for example_bash_decorator to None, run_after=None
[2024-04-26T11:16:48.026+0000] {processor.py:183} INFO - Processing /home/airflow/.local/lib/python3.12/site-packages/airflow/example_dags/example_bash_decorator.py took 0.442 seconds
[2024-04-26T11:17:18.071+0000] {processor.py:161} INFO - Started process (PID=92) to work on /home/airflow/.local/lib/python3.12/site-packages/airflow/example_dags/example_bash_decorator.py
[2024-04-26T11:17:18.072+0000] {processor.py:830} INFO - Processing file /home/airflow/.local/lib/python3.12/site-packages/airflow/example_dags/example_bash_decorator.py for tasks to queue
[2024-04-26T11:17:18.074+0000] {logging_mixin.py:188} INFO - [2024-04-26T11:17:18.074+0000] {dagbag.py:540} INFO - Filling up the DagBag from /home/airflow/.local/lib/python3.12/site-packages/airflow/example_dags/example_bash_decorator.py
[2024-04-26T11:17:18.087+0000] {processor.py:840} INFO - DAG(s) 'example_bash_decorator' retrieved from /home/airflow/.local/lib/python3.12/site-packages/airflow/example_dags/example_bash_decorator.py
[2024-04-26T11:17:18.114+0000] {logging_mixin.py:188} INFO - [2024-04-26T11:17:18.113+0000] {dag.py:3096} INFO - Sync 1 DAGs
[2024-04-26T11:17:18.126+0000] {logging_mixin.py:188} INFO - [2024-04-26T11:17:18.126+0000] {dag.py:3954} INFO - Setting next_dagrun for example_bash_decorator to None, run_after=None
[2024-04-26T11:17:18.151+0000] {processor.py:183} INFO - Processing /home/airflow/.local/lib/python3.12/site-packages/airflow/example_dags/example_bash_decorator.py took 0.086 seconds
[2024-04-26T11:17:48.462+0000] {processor.py:161} INFO - Started process (PID=151) to work on /home/airflow/.local/lib/python3.12/site-packages/airflow/example_dags/example_bash_decorator.py
[2024-04-26T11:17:48.463+0000] {processor.py:830} INFO - Processing file /home/airflow/.local/lib/python3.12/site-packages/airflow/example_dags/example_bash_decorator.py for tasks to queue
[2024-04-26T11:17:48.466+0000] {logging_mixin.py:188} INFO - [2024-04-26T11:17:48.465+0000] {dagbag.py:540} INFO - Filling up the DagBag from /home/airflow/.local/lib/python3.12/site-packages/airflow/example_dags/example_bash_decorator.py
[2024-04-26T11:17:48.484+0000] {processor.py:840} INFO - DAG(s) 'example_bash_decorator' retrieved from /home/airflow/.local/lib/python3.12/site-packages/airflow/example_dags/example_bash_decorator.py
[2024-04-26T11:17:48.513+0000] {logging_mixin.py:188} INFO - [2024-04-26T11:17:48.513+0000] {dag.py:3096} INFO - Sync 1 DAGs
[2024-04-26T11:17:48.529+0000] {logging_mixin.py:188} INFO - [2024-04-26T11:17:48.529+0000] {dag.py:3954} INFO - Setting next_dagrun for example_bash_decorator to None, run_after=None
[2024-04-26T11:17:48.562+0000] {processor.py:183} INFO - Processing /home/airflow/.local/lib/python3.12/site-packages/airflow/example_dags/example_bash_decorator.py took 0.107 seconds
[2024-04-26T11:18:18.641+0000] {processor.py:161} INFO - Started process (PID=209) to work on /home/airflow/.local/lib/python3.12/site-packages/airflow/example_dags/example_bash_decorator.py
[2024-04-26T11:18:18.642+0000] {processor.py:830} INFO - Processing file /home/airflow/.local/lib/python3.12/site-packages/airflow/example_dags/example_bash_decorator.py for tasks to queue
[2024-04-26T11:18:18.644+0000] {logging_mixin.py:188} INFO - [2024-04-26T11:18:18.644+0000] {dagbag.py:540} INFO - Filling up the DagBag from /home/airflow/.local/lib/python3.12/site-packages/airflow/example_dags/example_bash_decorator.py
[2024-04-26T11:18:18.660+0000] {processor.py:840} INFO - DAG(s) 'example_bash_decorator' retrieved from /home/airflow/.local/lib/python3.12/site-packages/airflow/example_dags/example_bash_decorator.py
[2024-04-26T11:18:18.695+0000] {logging_mixin.py:188} INFO - [2024-04-26T11:18:18.694+0000] {dag.py:3096} INFO - Sync 1 DAGs
[2024-04-26T11:18:18.711+0000] {logging_mixin.py:188} INFO - [2024-04-26T11:18:18.710+0000] {dag.py:3954} INFO - Setting next_dagrun for example_bash_decorator to None, run_after=None
[2024-04-26T11:18:18.733+0000] {processor.py:183} INFO - Processing /home/airflow/.local/lib/python3.12/site-packages/airflow/example_dags/example_bash_decorator.py took 0.099 seconds
[2024-04-26T11:18:49.271+0000] {processor.py:161} INFO - Started process (PID=267) to work on /home/airflow/.local/lib/python3.12/site-packages/airflow/example_dags/example_bash_decorator.py
[2024-04-26T11:18:49.273+0000] {processor.py:830} INFO - Processing file /home/airflow/.local/lib/python3.12/site-packages/airflow/example_dags/example_bash_decorator.py for tasks to queue
[2024-04-26T11:18:49.275+0000] {logging_mixin.py:188} INFO - [2024-04-26T11:18:49.275+0000] {dagbag.py:540} INFO - Filling up the DagBag from /home/airflow/.local/lib/python3.12/site-packages/airflow/example_dags/example_bash_decorator.py
[2024-04-26T11:18:49.289+0000] {processor.py:840} INFO - DAG(s) 'example_bash_decorator' retrieved from /home/airflow/.local/lib/python3.12/site-packages/airflow/example_dags/example_bash_decorator.py
[2024-04-26T11:18:49.318+0000] {logging_mixin.py:188} INFO - [2024-04-26T11:18:49.317+0000] {dag.py:3096} INFO - Sync 1 DAGs
[2024-04-26T11:18:49.334+0000] {logging_mixin.py:188} INFO - [2024-04-26T11:18:49.333+0000] {dag.py:3954} INFO - Setting next_dagrun for example_bash_decorator to None, run_after=None
[2024-04-26T11:18:49.359+0000] {processor.py:183} INFO - Processing /home/airflow/.local/lib/python3.12/site-packages/airflow/example_dags/example_bash_decorator.py took 0.095 seconds
[2024-04-26T11:19:19.605+0000] {processor.py:161} INFO - Started process (PID=325) to work on /home/airflow/.local/lib/python3.12/site-packages/airflow/example_dags/example_bash_decorator.py
[2024-04-26T11:19:19.606+0000] {processor.py:830} INFO - Processing file /home/airflow/.local/lib/python3.12/site-packages/airflow/example_dags/example_bash_decorator.py for tasks to queue
[2024-04-26T11:19:19.608+0000] {logging_mixin.py:188} INFO - [2024-04-26T11:19:19.608+0000] {dagbag.py:540} INFO - Filling up the DagBag from /home/airflow/.local/lib/python3.12/site-packages/airflow/example_dags/example_bash_decorator.py
[2024-04-26T11:19:19.621+0000] {processor.py:840} INFO - DAG(s) 'example_bash_decorator' retrieved from /home/airflow/.local/lib/python3.12/site-packages/airflow/example_dags/example_bash_decorator.py
[2024-04-26T11:19:19.649+0000] {logging_mixin.py:188} INFO - [2024-04-26T11:19:19.649+0000] {dag.py:3096} INFO - Sync 1 DAGs
[2024-04-26T11:19:19.663+0000] {logging_mixin.py:188} INFO - [2024-04-26T11:19:19.662+0000] {dag.py:3954} INFO - Setting next_dagrun for example_bash_decorator to None, run_after=None
[2024-04-26T11:19:19.687+0000] {processor.py:183} INFO - Processing /home/airflow/.local/lib/python3.12/site-packages/airflow/example_dags/example_bash_decorator.py took 0.089 seconds
[2024-04-26T11:19:49.810+0000] {processor.py:161} INFO - Started process (PID=383) to work on /home/airflow/.local/lib/python3.12/site-packages/airflow/example_dags/example_bash_decorator.py
[2024-04-26T11:19:49.811+0000] {processor.py:830} INFO - Processing file /home/airflow/.local/lib/python3.12/site-packages/airflow/example_dags/example_bash_decorator.py for tasks to queue
[2024-04-26T11:19:49.814+0000] {logging_mixin.py:188} INFO - [2024-04-26T11:19:49.813+0000] {dagbag.py:540} INFO - Filling up the DagBag from /home/airflow/.local/lib/python3.12/site-packages/airflow/example_dags/example_bash_decorator.py
[2024-04-26T11:19:49.829+0000] {processor.py:840} INFO - DAG(s) 'example_bash_decorator' retrieved from /home/airflow/.local/lib/python3.12/site-packages/airflow/example_dags/example_bash_decorator.py
[2024-04-26T11:19:49.859+0000] {logging_mixin.py:188} INFO - [2024-04-26T11:19:49.859+0000] {dag.py:3096} INFO - Sync 1 DAGs
[2024-04-26T11:19:49.874+0000] {logging_mixin.py:188} INFO - [2024-04-26T11:19:49.874+0000] {dag.py:3954} INFO - Setting next_dagrun for example_bash_decorator to None, run_after=None
[2024-04-26T11:19:49.902+0000] {processor.py:183} INFO - Processing /home/airflow/.local/lib/python3.12/site-packages/airflow/example_dags/example_bash_decorator.py took 0.100 seconds
[2024-04-26T11:20:20.122+0000] {processor.py:161} INFO - Started process (PID=441) to work on /home/airflow/.local/lib/python3.12/site-packages/airflow/example_dags/example_bash_decorator.py
[2024-04-26T11:20:20.123+0000] {processor.py:830} INFO - Processing file /home/airflow/.local/lib/python3.12/site-packages/airflow/example_dags/example_bash_decorator.py for tasks to queue
[2024-04-26T11:20:20.126+0000] {logging_mixin.py:188} INFO - [2024-04-26T11:20:20.126+0000] {dagbag.py:540} INFO - Filling up the DagBag from /home/airflow/.local/lib/python3.12/site-packages/airflow/example_dags/example_bash_decorator.py
[2024-04-26T11:20:20.143+0000] {processor.py:840} INFO - DAG(s) 'example_bash_decorator' retrieved from /home/airflow/.local/lib/python3.12/site-packages/airflow/example_dags/example_bash_decorator.py
[2024-04-26T11:20:20.174+0000] {logging_mixin.py:188} INFO - [2024-04-26T11:20:20.174+0000] {dag.py:3096} INFO - Sync 1 DAGs
[2024-04-26T11:20:20.190+0000] {logging_mixin.py:188} INFO - [2024-04-26T11:20:20.190+0000] {dag.py:3954} INFO - Setting next_dagrun for example_bash_decorator to None, run_after=None
[2024-04-26T11:20:20.219+0000] {processor.py:183} INFO - Processing /home/airflow/.local/lib/python3.12/site-packages/airflow/example_dags/example_bash_decorator.py took 0.103 seconds
[2024-04-26T11:21:46.316+0000] {processor.py:161} INFO - Started process (PID=35) to work on /home/airflow/.local/lib/python3.12/site-packages/airflow/example_dags/example_bash_decorator.py
[2024-04-26T11:21:46.320+0000] {processor.py:830} INFO - Processing file /home/airflow/.local/lib/python3.12/site-packages/airflow/example_dags/example_bash_decorator.py for tasks to queue
[2024-04-26T11:21:46.325+0000] {logging_mixin.py:188} INFO - [2024-04-26T11:21:46.325+0000] {dagbag.py:540} INFO - Filling up the DagBag from /home/airflow/.local/lib/python3.12/site-packages/airflow/example_dags/example_bash_decorator.py
[2024-04-26T11:21:46.370+0000] {processor.py:840} INFO - DAG(s) 'example_bash_decorator' retrieved from /home/airflow/.local/lib/python3.12/site-packages/airflow/example_dags/example_bash_decorator.py
[2024-04-26T11:21:46.402+0000] {logging_mixin.py:188} INFO - [2024-04-26T11:21:46.402+0000] {dag.py:3096} INFO - Sync 1 DAGs
[2024-04-26T11:21:46.418+0000] {logging_mixin.py:188} INFO - [2024-04-26T11:21:46.418+0000] {dag.py:3954} INFO - Setting next_dagrun for example_bash_decorator to None, run_after=None
[2024-04-26T11:21:46.444+0000] {processor.py:183} INFO - Processing /home/airflow/.local/lib/python3.12/site-packages/airflow/example_dags/example_bash_decorator.py took 0.142 seconds
