[2024-04-26T11:16:54.156+0000] {processor.py:161} INFO - Started process (PID=68) to work on /home/airflow/.local/lib/python3.12/site-packages/airflow/example_dags/example_trigger_target_dag.py
[2024-04-26T11:16:54.158+0000] {processor.py:830} INFO - Processing file /home/airflow/.local/lib/python3.12/site-packages/airflow/example_dags/example_trigger_target_dag.py for tasks to queue
[2024-04-26T11:16:54.163+0000] {logging_mixin.py:188} INFO - [2024-04-26T11:16:54.163+0000] {dagbag.py:540} INFO - Filling up the DagBag from /home/airflow/.local/lib/python3.12/site-packages/airflow/example_dags/example_trigger_target_dag.py
[2024-04-26T11:16:54.177+0000] {processor.py:840} INFO - DAG(s) 'example_trigger_target_dag' retrieved from /home/airflow/.local/lib/python3.12/site-packages/airflow/example_dags/example_trigger_target_dag.py
[2024-04-26T11:16:54.421+0000] {logging_mixin.py:188} INFO - [2024-04-26T11:16:54.420+0000] {override.py:1829} INFO - Created Permission View: can delete on DAG:example_trigger_target_dag
[2024-04-26T11:16:54.439+0000] {logging_mixin.py:188} INFO - [2024-04-26T11:16:54.438+0000] {override.py:1829} INFO - Created Permission View: can edit on DAG:example_trigger_target_dag
[2024-04-26T11:16:54.452+0000] {logging_mixin.py:188} INFO - [2024-04-26T11:16:54.451+0000] {override.py:1829} INFO - Created Permission View: can read on DAG:example_trigger_target_dag
[2024-04-26T11:16:54.453+0000] {logging_mixin.py:188} INFO - [2024-04-26T11:16:54.453+0000] {dag.py:3096} INFO - Sync 1 DAGs
[2024-04-26T11:16:54.475+0000] {logging_mixin.py:188} INFO - [2024-04-26T11:16:54.474+0000] {dag.py:3118} INFO - Creating ORM DAG for example_trigger_target_dag
[2024-04-26T11:16:54.477+0000] {logging_mixin.py:188} INFO - [2024-04-26T11:16:54.476+0000] {dag.py:3954} INFO - Setting next_dagrun for example_trigger_target_dag to None, run_after=None
[2024-04-26T11:16:54.508+0000] {processor.py:183} INFO - Processing /home/airflow/.local/lib/python3.12/site-packages/airflow/example_dags/example_trigger_target_dag.py took 0.362 seconds
[2024-04-26T11:17:24.679+0000] {processor.py:161} INFO - Started process (PID=126) to work on /home/airflow/.local/lib/python3.12/site-packages/airflow/example_dags/example_trigger_target_dag.py
[2024-04-26T11:17:24.680+0000] {processor.py:830} INFO - Processing file /home/airflow/.local/lib/python3.12/site-packages/airflow/example_dags/example_trigger_target_dag.py for tasks to queue
[2024-04-26T11:17:24.683+0000] {logging_mixin.py:188} INFO - [2024-04-26T11:17:24.682+0000] {dagbag.py:540} INFO - Filling up the DagBag from /home/airflow/.local/lib/python3.12/site-packages/airflow/example_dags/example_trigger_target_dag.py
[2024-04-26T11:17:24.690+0000] {processor.py:840} INFO - DAG(s) 'example_trigger_target_dag' retrieved from /home/airflow/.local/lib/python3.12/site-packages/airflow/example_dags/example_trigger_target_dag.py
[2024-04-26T11:17:24.713+0000] {logging_mixin.py:188} INFO - [2024-04-26T11:17:24.713+0000] {dag.py:3096} INFO - Sync 1 DAGs
[2024-04-26T11:17:24.732+0000] {logging_mixin.py:188} INFO - [2024-04-26T11:17:24.731+0000] {dag.py:3954} INFO - Setting next_dagrun for example_trigger_target_dag to None, run_after=None
[2024-04-26T11:17:24.764+0000] {processor.py:183} INFO - Processing /home/airflow/.local/lib/python3.12/site-packages/airflow/example_dags/example_trigger_target_dag.py took 0.092 seconds
[2024-04-26T11:17:55.578+0000] {processor.py:161} INFO - Started process (PID=184) to work on /home/airflow/.local/lib/python3.12/site-packages/airflow/example_dags/example_trigger_target_dag.py
[2024-04-26T11:17:55.580+0000] {processor.py:830} INFO - Processing file /home/airflow/.local/lib/python3.12/site-packages/airflow/example_dags/example_trigger_target_dag.py for tasks to queue
[2024-04-26T11:17:55.583+0000] {logging_mixin.py:188} INFO - [2024-04-26T11:17:55.582+0000] {dagbag.py:540} INFO - Filling up the DagBag from /home/airflow/.local/lib/python3.12/site-packages/airflow/example_dags/example_trigger_target_dag.py
[2024-04-26T11:17:55.591+0000] {processor.py:840} INFO - DAG(s) 'example_trigger_target_dag' retrieved from /home/airflow/.local/lib/python3.12/site-packages/airflow/example_dags/example_trigger_target_dag.py
[2024-04-26T11:17:55.619+0000] {logging_mixin.py:188} INFO - [2024-04-26T11:17:55.618+0000] {dag.py:3096} INFO - Sync 1 DAGs
[2024-04-26T11:17:55.636+0000] {logging_mixin.py:188} INFO - [2024-04-26T11:17:55.636+0000] {dag.py:3954} INFO - Setting next_dagrun for example_trigger_target_dag to None, run_after=None
[2024-04-26T11:17:55.665+0000] {processor.py:183} INFO - Processing /home/airflow/.local/lib/python3.12/site-packages/airflow/example_dags/example_trigger_target_dag.py took 0.095 seconds
[2024-04-26T11:18:25.851+0000] {processor.py:161} INFO - Started process (PID=242) to work on /home/airflow/.local/lib/python3.12/site-packages/airflow/example_dags/example_trigger_target_dag.py
[2024-04-26T11:18:25.852+0000] {processor.py:830} INFO - Processing file /home/airflow/.local/lib/python3.12/site-packages/airflow/example_dags/example_trigger_target_dag.py for tasks to queue
[2024-04-26T11:18:25.855+0000] {logging_mixin.py:188} INFO - [2024-04-26T11:18:25.854+0000] {dagbag.py:540} INFO - Filling up the DagBag from /home/airflow/.local/lib/python3.12/site-packages/airflow/example_dags/example_trigger_target_dag.py
[2024-04-26T11:18:25.862+0000] {processor.py:840} INFO - DAG(s) 'example_trigger_target_dag' retrieved from /home/airflow/.local/lib/python3.12/site-packages/airflow/example_dags/example_trigger_target_dag.py
[2024-04-26T11:18:25.889+0000] {logging_mixin.py:188} INFO - [2024-04-26T11:18:25.888+0000] {dag.py:3096} INFO - Sync 1 DAGs
[2024-04-26T11:18:25.903+0000] {logging_mixin.py:188} INFO - [2024-04-26T11:18:25.902+0000] {dag.py:3954} INFO - Setting next_dagrun for example_trigger_target_dag to None, run_after=None
[2024-04-26T11:18:25.929+0000] {processor.py:183} INFO - Processing /home/airflow/.local/lib/python3.12/site-packages/airflow/example_dags/example_trigger_target_dag.py took 0.084 seconds
[2024-04-26T11:18:56.141+0000] {processor.py:161} INFO - Started process (PID=300) to work on /home/airflow/.local/lib/python3.12/site-packages/airflow/example_dags/example_trigger_target_dag.py
[2024-04-26T11:18:56.142+0000] {processor.py:830} INFO - Processing file /home/airflow/.local/lib/python3.12/site-packages/airflow/example_dags/example_trigger_target_dag.py for tasks to queue
[2024-04-26T11:18:56.144+0000] {logging_mixin.py:188} INFO - [2024-04-26T11:18:56.143+0000] {dagbag.py:540} INFO - Filling up the DagBag from /home/airflow/.local/lib/python3.12/site-packages/airflow/example_dags/example_trigger_target_dag.py
[2024-04-26T11:18:56.150+0000] {processor.py:840} INFO - DAG(s) 'example_trigger_target_dag' retrieved from /home/airflow/.local/lib/python3.12/site-packages/airflow/example_dags/example_trigger_target_dag.py
[2024-04-26T11:18:56.175+0000] {logging_mixin.py:188} INFO - [2024-04-26T11:18:56.174+0000] {dag.py:3096} INFO - Sync 1 DAGs
[2024-04-26T11:18:56.188+0000] {logging_mixin.py:188} INFO - [2024-04-26T11:18:56.188+0000] {dag.py:3954} INFO - Setting next_dagrun for example_trigger_target_dag to None, run_after=None
[2024-04-26T11:18:56.214+0000] {processor.py:183} INFO - Processing /home/airflow/.local/lib/python3.12/site-packages/airflow/example_dags/example_trigger_target_dag.py took 0.080 seconds
[2024-04-26T11:19:26.696+0000] {processor.py:161} INFO - Started process (PID=358) to work on /home/airflow/.local/lib/python3.12/site-packages/airflow/example_dags/example_trigger_target_dag.py
[2024-04-26T11:19:26.697+0000] {processor.py:830} INFO - Processing file /home/airflow/.local/lib/python3.12/site-packages/airflow/example_dags/example_trigger_target_dag.py for tasks to queue
[2024-04-26T11:19:26.699+0000] {logging_mixin.py:188} INFO - [2024-04-26T11:19:26.699+0000] {dagbag.py:540} INFO - Filling up the DagBag from /home/airflow/.local/lib/python3.12/site-packages/airflow/example_dags/example_trigger_target_dag.py
[2024-04-26T11:19:26.706+0000] {processor.py:840} INFO - DAG(s) 'example_trigger_target_dag' retrieved from /home/airflow/.local/lib/python3.12/site-packages/airflow/example_dags/example_trigger_target_dag.py
[2024-04-26T11:19:26.731+0000] {logging_mixin.py:188} INFO - [2024-04-26T11:19:26.730+0000] {dag.py:3096} INFO - Sync 1 DAGs
[2024-04-26T11:19:26.745+0000] {logging_mixin.py:188} INFO - [2024-04-26T11:19:26.745+0000] {dag.py:3954} INFO - Setting next_dagrun for example_trigger_target_dag to None, run_after=None
[2024-04-26T11:19:26.774+0000] {processor.py:183} INFO - Processing /home/airflow/.local/lib/python3.12/site-packages/airflow/example_dags/example_trigger_target_dag.py took 0.084 seconds
[2024-04-26T11:19:56.843+0000] {processor.py:161} INFO - Started process (PID=416) to work on /home/airflow/.local/lib/python3.12/site-packages/airflow/example_dags/example_trigger_target_dag.py
[2024-04-26T11:19:56.845+0000] {processor.py:830} INFO - Processing file /home/airflow/.local/lib/python3.12/site-packages/airflow/example_dags/example_trigger_target_dag.py for tasks to queue
[2024-04-26T11:19:56.847+0000] {logging_mixin.py:188} INFO - [2024-04-26T11:19:56.847+0000] {dagbag.py:540} INFO - Filling up the DagBag from /home/airflow/.local/lib/python3.12/site-packages/airflow/example_dags/example_trigger_target_dag.py
[2024-04-26T11:19:56.854+0000] {processor.py:840} INFO - DAG(s) 'example_trigger_target_dag' retrieved from /home/airflow/.local/lib/python3.12/site-packages/airflow/example_dags/example_trigger_target_dag.py
[2024-04-26T11:19:56.877+0000] {logging_mixin.py:188} INFO - [2024-04-26T11:19:56.877+0000] {dag.py:3096} INFO - Sync 1 DAGs
[2024-04-26T11:19:56.892+0000] {logging_mixin.py:188} INFO - [2024-04-26T11:19:56.892+0000] {dag.py:3954} INFO - Setting next_dagrun for example_trigger_target_dag to None, run_after=None
[2024-04-26T11:19:56.920+0000] {processor.py:183} INFO - Processing /home/airflow/.local/lib/python3.12/site-packages/airflow/example_dags/example_trigger_target_dag.py took 0.083 seconds
[2024-04-26T11:20:27.076+0000] {processor.py:161} INFO - Started process (PID=474) to work on /home/airflow/.local/lib/python3.12/site-packages/airflow/example_dags/example_trigger_target_dag.py
[2024-04-26T11:20:27.078+0000] {processor.py:830} INFO - Processing file /home/airflow/.local/lib/python3.12/site-packages/airflow/example_dags/example_trigger_target_dag.py for tasks to queue
[2024-04-26T11:20:27.081+0000] {logging_mixin.py:188} INFO - [2024-04-26T11:20:27.081+0000] {dagbag.py:540} INFO - Filling up the DagBag from /home/airflow/.local/lib/python3.12/site-packages/airflow/example_dags/example_trigger_target_dag.py
[2024-04-26T11:20:27.088+0000] {processor.py:840} INFO - DAG(s) 'example_trigger_target_dag' retrieved from /home/airflow/.local/lib/python3.12/site-packages/airflow/example_dags/example_trigger_target_dag.py
[2024-04-26T11:20:27.111+0000] {logging_mixin.py:188} INFO - [2024-04-26T11:20:27.111+0000] {dag.py:3096} INFO - Sync 1 DAGs
[2024-04-26T11:20:27.127+0000] {logging_mixin.py:188} INFO - [2024-04-26T11:20:27.126+0000] {dag.py:3954} INFO - Setting next_dagrun for example_trigger_target_dag to None, run_after=None
[2024-04-26T11:20:27.153+0000] {processor.py:183} INFO - Processing /home/airflow/.local/lib/python3.12/site-packages/airflow/example_dags/example_trigger_target_dag.py took 0.083 seconds
[2024-04-26T11:21:48.582+0000] {processor.py:161} INFO - Started process (PID=62) to work on /home/airflow/.local/lib/python3.12/site-packages/airflow/example_dags/example_trigger_target_dag.py
[2024-04-26T11:21:48.583+0000] {processor.py:830} INFO - Processing file /home/airflow/.local/lib/python3.12/site-packages/airflow/example_dags/example_trigger_target_dag.py for tasks to queue
[2024-04-26T11:21:48.586+0000] {logging_mixin.py:188} INFO - [2024-04-26T11:21:48.586+0000] {dagbag.py:540} INFO - Filling up the DagBag from /home/airflow/.local/lib/python3.12/site-packages/airflow/example_dags/example_trigger_target_dag.py
[2024-04-26T11:21:48.592+0000] {processor.py:840} INFO - DAG(s) 'example_trigger_target_dag' retrieved from /home/airflow/.local/lib/python3.12/site-packages/airflow/example_dags/example_trigger_target_dag.py
[2024-04-26T11:21:48.607+0000] {logging_mixin.py:188} INFO - [2024-04-26T11:21:48.607+0000] {dag.py:3096} INFO - Sync 1 DAGs
[2024-04-26T11:21:48.631+0000] {logging_mixin.py:188} INFO - [2024-04-26T11:21:48.631+0000] {dag.py:3954} INFO - Setting next_dagrun for example_trigger_target_dag to None, run_after=None
[2024-04-26T11:21:48.661+0000] {processor.py:183} INFO - Processing /home/airflow/.local/lib/python3.12/site-packages/airflow/example_dags/example_trigger_target_dag.py took 0.086 seconds
