[2024-04-26T11:16:53.272+0000] {processor.py:161} INFO - Started process (PID=63) to work on /home/airflow/.local/lib/python3.12/site-packages/airflow/example_dags/example_python_operator.py
[2024-04-26T11:16:53.273+0000] {processor.py:830} INFO - Processing file /home/airflow/.local/lib/python3.12/site-packages/airflow/example_dags/example_python_operator.py for tasks to queue
[2024-04-26T11:16:53.277+0000] {logging_mixin.py:188} INFO - [2024-04-26T11:16:53.276+0000] {dagbag.py:540} INFO - Filling up the DagBag from /home/airflow/.local/lib/python3.12/site-packages/airflow/example_dags/example_python_operator.py
[2024-04-26T11:16:53.298+0000] {processor.py:840} INFO - DAG(s) 'example_python_operator' retrieved from /home/airflow/.local/lib/python3.12/site-packages/airflow/example_dags/example_python_operator.py
[2024-04-26T11:16:53.483+0000] {logging_mixin.py:188} INFO - [2024-04-26T11:16:53.482+0000] {override.py:1829} INFO - Created Permission View: can delete on DAG:example_python_operator
[2024-04-26T11:16:53.500+0000] {logging_mixin.py:188} INFO - [2024-04-26T11:16:53.499+0000] {override.py:1829} INFO - Created Permission View: can edit on DAG:example_python_operator
[2024-04-26T11:16:53.510+0000] {logging_mixin.py:188} INFO - [2024-04-26T11:16:53.509+0000] {override.py:1829} INFO - Created Permission View: can read on DAG:example_python_operator
[2024-04-26T11:16:53.511+0000] {logging_mixin.py:188} INFO - [2024-04-26T11:16:53.511+0000] {dag.py:3096} INFO - Sync 1 DAGs
[2024-04-26T11:16:53.532+0000] {logging_mixin.py:188} INFO - [2024-04-26T11:16:53.532+0000] {dag.py:3118} INFO - Creating ORM DAG for example_python_operator
[2024-04-26T11:16:53.534+0000] {logging_mixin.py:188} INFO - [2024-04-26T11:16:53.533+0000] {dag.py:3954} INFO - Setting next_dagrun for example_python_operator to None, run_after=None
[2024-04-26T11:16:53.567+0000] {processor.py:183} INFO - Processing /home/airflow/.local/lib/python3.12/site-packages/airflow/example_dags/example_python_operator.py took 0.305 seconds
[2024-04-26T11:17:24.283+0000] {processor.py:161} INFO - Started process (PID=121) to work on /home/airflow/.local/lib/python3.12/site-packages/airflow/example_dags/example_python_operator.py
[2024-04-26T11:17:24.284+0000] {processor.py:830} INFO - Processing file /home/airflow/.local/lib/python3.12/site-packages/airflow/example_dags/example_python_operator.py for tasks to queue
[2024-04-26T11:17:24.286+0000] {logging_mixin.py:188} INFO - [2024-04-26T11:17:24.286+0000] {dagbag.py:540} INFO - Filling up the DagBag from /home/airflow/.local/lib/python3.12/site-packages/airflow/example_dags/example_python_operator.py
[2024-04-26T11:17:24.297+0000] {processor.py:840} INFO - DAG(s) 'example_python_operator' retrieved from /home/airflow/.local/lib/python3.12/site-packages/airflow/example_dags/example_python_operator.py
[2024-04-26T11:17:24.323+0000] {logging_mixin.py:188} INFO - [2024-04-26T11:17:24.323+0000] {dag.py:3096} INFO - Sync 1 DAGs
[2024-04-26T11:17:24.337+0000] {logging_mixin.py:188} INFO - [2024-04-26T11:17:24.337+0000] {dag.py:3954} INFO - Setting next_dagrun for example_python_operator to None, run_after=None
[2024-04-26T11:17:24.362+0000] {processor.py:183} INFO - Processing /home/airflow/.local/lib/python3.12/site-packages/airflow/example_dags/example_python_operator.py took 0.086 seconds
[2024-04-26T11:17:54.598+0000] {processor.py:161} INFO - Started process (PID=179) to work on /home/airflow/.local/lib/python3.12/site-packages/airflow/example_dags/example_python_operator.py
[2024-04-26T11:17:54.599+0000] {processor.py:830} INFO - Processing file /home/airflow/.local/lib/python3.12/site-packages/airflow/example_dags/example_python_operator.py for tasks to queue
[2024-04-26T11:17:54.603+0000] {logging_mixin.py:188} INFO - [2024-04-26T11:17:54.602+0000] {dagbag.py:540} INFO - Filling up the DagBag from /home/airflow/.local/lib/python3.12/site-packages/airflow/example_dags/example_python_operator.py
[2024-04-26T11:17:54.617+0000] {processor.py:840} INFO - DAG(s) 'example_python_operator' retrieved from /home/airflow/.local/lib/python3.12/site-packages/airflow/example_dags/example_python_operator.py
[2024-04-26T11:17:54.654+0000] {logging_mixin.py:188} INFO - [2024-04-26T11:17:54.653+0000] {dag.py:3096} INFO - Sync 1 DAGs
[2024-04-26T11:17:54.671+0000] {logging_mixin.py:188} INFO - [2024-04-26T11:17:54.671+0000] {dag.py:3954} INFO - Setting next_dagrun for example_python_operator to None, run_after=None
[2024-04-26T11:17:54.707+0000] {processor.py:183} INFO - Processing /home/airflow/.local/lib/python3.12/site-packages/airflow/example_dags/example_python_operator.py took 0.116 seconds
[2024-04-26T11:18:25.479+0000] {processor.py:161} INFO - Started process (PID=237) to work on /home/airflow/.local/lib/python3.12/site-packages/airflow/example_dags/example_python_operator.py
[2024-04-26T11:18:25.481+0000] {processor.py:830} INFO - Processing file /home/airflow/.local/lib/python3.12/site-packages/airflow/example_dags/example_python_operator.py for tasks to queue
[2024-04-26T11:18:25.483+0000] {logging_mixin.py:188} INFO - [2024-04-26T11:18:25.483+0000] {dagbag.py:540} INFO - Filling up the DagBag from /home/airflow/.local/lib/python3.12/site-packages/airflow/example_dags/example_python_operator.py
[2024-04-26T11:18:25.495+0000] {processor.py:840} INFO - DAG(s) 'example_python_operator' retrieved from /home/airflow/.local/lib/python3.12/site-packages/airflow/example_dags/example_python_operator.py
[2024-04-26T11:18:25.522+0000] {logging_mixin.py:188} INFO - [2024-04-26T11:18:25.521+0000] {dag.py:3096} INFO - Sync 1 DAGs
[2024-04-26T11:18:25.536+0000] {logging_mixin.py:188} INFO - [2024-04-26T11:18:25.536+0000] {dag.py:3954} INFO - Setting next_dagrun for example_python_operator to None, run_after=None
[2024-04-26T11:18:25.561+0000] {processor.py:183} INFO - Processing /home/airflow/.local/lib/python3.12/site-packages/airflow/example_dags/example_python_operator.py took 0.089 seconds
[2024-04-26T11:18:55.774+0000] {processor.py:161} INFO - Started process (PID=295) to work on /home/airflow/.local/lib/python3.12/site-packages/airflow/example_dags/example_python_operator.py
[2024-04-26T11:18:55.776+0000] {processor.py:830} INFO - Processing file /home/airflow/.local/lib/python3.12/site-packages/airflow/example_dags/example_python_operator.py for tasks to queue
[2024-04-26T11:18:55.778+0000] {logging_mixin.py:188} INFO - [2024-04-26T11:18:55.777+0000] {dagbag.py:540} INFO - Filling up the DagBag from /home/airflow/.local/lib/python3.12/site-packages/airflow/example_dags/example_python_operator.py
[2024-04-26T11:18:55.788+0000] {processor.py:840} INFO - DAG(s) 'example_python_operator' retrieved from /home/airflow/.local/lib/python3.12/site-packages/airflow/example_dags/example_python_operator.py
[2024-04-26T11:18:55.814+0000] {logging_mixin.py:188} INFO - [2024-04-26T11:18:55.813+0000] {dag.py:3096} INFO - Sync 1 DAGs
[2024-04-26T11:18:55.828+0000] {logging_mixin.py:188} INFO - [2024-04-26T11:18:55.828+0000] {dag.py:3954} INFO - Setting next_dagrun for example_python_operator to None, run_after=None
[2024-04-26T11:18:55.850+0000] {processor.py:183} INFO - Processing /home/airflow/.local/lib/python3.12/site-packages/airflow/example_dags/example_python_operator.py took 0.082 seconds
[2024-04-26T11:19:26.175+0000] {processor.py:161} INFO - Started process (PID=353) to work on /home/airflow/.local/lib/python3.12/site-packages/airflow/example_dags/example_python_operator.py
[2024-04-26T11:19:26.176+0000] {processor.py:830} INFO - Processing file /home/airflow/.local/lib/python3.12/site-packages/airflow/example_dags/example_python_operator.py for tasks to queue
[2024-04-26T11:19:26.178+0000] {logging_mixin.py:188} INFO - [2024-04-26T11:19:26.178+0000] {dagbag.py:540} INFO - Filling up the DagBag from /home/airflow/.local/lib/python3.12/site-packages/airflow/example_dags/example_python_operator.py
[2024-04-26T11:19:26.188+0000] {processor.py:840} INFO - DAG(s) 'example_python_operator' retrieved from /home/airflow/.local/lib/python3.12/site-packages/airflow/example_dags/example_python_operator.py
[2024-04-26T11:19:26.215+0000] {logging_mixin.py:188} INFO - [2024-04-26T11:19:26.215+0000] {dag.py:3096} INFO - Sync 1 DAGs
[2024-04-26T11:19:26.229+0000] {logging_mixin.py:188} INFO - [2024-04-26T11:19:26.228+0000] {dag.py:3954} INFO - Setting next_dagrun for example_python_operator to None, run_after=None
[2024-04-26T11:19:26.254+0000] {processor.py:183} INFO - Processing /home/airflow/.local/lib/python3.12/site-packages/airflow/example_dags/example_python_operator.py took 0.085 seconds
[2024-04-26T11:19:56.364+0000] {processor.py:161} INFO - Started process (PID=411) to work on /home/airflow/.local/lib/python3.12/site-packages/airflow/example_dags/example_python_operator.py
[2024-04-26T11:19:56.365+0000] {processor.py:830} INFO - Processing file /home/airflow/.local/lib/python3.12/site-packages/airflow/example_dags/example_python_operator.py for tasks to queue
[2024-04-26T11:19:56.368+0000] {logging_mixin.py:188} INFO - [2024-04-26T11:19:56.367+0000] {dagbag.py:540} INFO - Filling up the DagBag from /home/airflow/.local/lib/python3.12/site-packages/airflow/example_dags/example_python_operator.py
[2024-04-26T11:19:56.379+0000] {processor.py:840} INFO - DAG(s) 'example_python_operator' retrieved from /home/airflow/.local/lib/python3.12/site-packages/airflow/example_dags/example_python_operator.py
[2024-04-26T11:19:56.408+0000] {logging_mixin.py:188} INFO - [2024-04-26T11:19:56.408+0000] {dag.py:3096} INFO - Sync 1 DAGs
[2024-04-26T11:19:56.425+0000] {logging_mixin.py:188} INFO - [2024-04-26T11:19:56.424+0000] {dag.py:3954} INFO - Setting next_dagrun for example_python_operator to None, run_after=None
[2024-04-26T11:19:56.450+0000] {processor.py:183} INFO - Processing /home/airflow/.local/lib/python3.12/site-packages/airflow/example_dags/example_python_operator.py took 0.092 seconds
[2024-04-26T11:20:26.737+0000] {processor.py:161} INFO - Started process (PID=469) to work on /home/airflow/.local/lib/python3.12/site-packages/airflow/example_dags/example_python_operator.py
[2024-04-26T11:20:26.739+0000] {processor.py:830} INFO - Processing file /home/airflow/.local/lib/python3.12/site-packages/airflow/example_dags/example_python_operator.py for tasks to queue
[2024-04-26T11:20:26.742+0000] {logging_mixin.py:188} INFO - [2024-04-26T11:20:26.742+0000] {dagbag.py:540} INFO - Filling up the DagBag from /home/airflow/.local/lib/python3.12/site-packages/airflow/example_dags/example_python_operator.py
[2024-04-26T11:20:26.754+0000] {processor.py:840} INFO - DAG(s) 'example_python_operator' retrieved from /home/airflow/.local/lib/python3.12/site-packages/airflow/example_dags/example_python_operator.py
[2024-04-26T11:20:26.784+0000] {logging_mixin.py:188} INFO - [2024-04-26T11:20:26.784+0000] {dag.py:3096} INFO - Sync 1 DAGs
[2024-04-26T11:20:26.799+0000] {logging_mixin.py:188} INFO - [2024-04-26T11:20:26.798+0000] {dag.py:3954} INFO - Setting next_dagrun for example_python_operator to None, run_after=None
[2024-04-26T11:20:26.823+0000] {processor.py:183} INFO - Processing /home/airflow/.local/lib/python3.12/site-packages/airflow/example_dags/example_python_operator.py took 0.093 seconds
[2024-04-26T11:21:48.178+0000] {processor.py:161} INFO - Started process (PID=57) to work on /home/airflow/.local/lib/python3.12/site-packages/airflow/example_dags/example_python_operator.py
[2024-04-26T11:21:48.180+0000] {processor.py:830} INFO - Processing file /home/airflow/.local/lib/python3.12/site-packages/airflow/example_dags/example_python_operator.py for tasks to queue
[2024-04-26T11:21:48.182+0000] {logging_mixin.py:188} INFO - [2024-04-26T11:21:48.182+0000] {dagbag.py:540} INFO - Filling up the DagBag from /home/airflow/.local/lib/python3.12/site-packages/airflow/example_dags/example_python_operator.py
[2024-04-26T11:21:48.195+0000] {processor.py:840} INFO - DAG(s) 'example_python_operator' retrieved from /home/airflow/.local/lib/python3.12/site-packages/airflow/example_dags/example_python_operator.py
[2024-04-26T11:21:48.213+0000] {logging_mixin.py:188} INFO - [2024-04-26T11:21:48.213+0000] {dag.py:3096} INFO - Sync 1 DAGs
[2024-04-26T11:21:48.235+0000] {logging_mixin.py:188} INFO - [2024-04-26T11:21:48.234+0000] {dag.py:3954} INFO - Setting next_dagrun for example_python_operator to None, run_after=None
[2024-04-26T11:21:48.263+0000] {processor.py:183} INFO - Processing /home/airflow/.local/lib/python3.12/site-packages/airflow/example_dags/example_python_operator.py took 0.092 seconds
