[2024-04-26T11:16:53.411+0000] {processor.py:161} INFO - Started process (PID=64) to work on /home/airflow/.local/lib/python3.12/site-packages/airflow/example_dags/example_task_group.py
[2024-04-26T11:16:53.412+0000] {processor.py:830} INFO - Processing file /home/airflow/.local/lib/python3.12/site-packages/airflow/example_dags/example_task_group.py for tasks to queue
[2024-04-26T11:16:53.415+0000] {logging_mixin.py:188} INFO - [2024-04-26T11:16:53.415+0000] {dagbag.py:540} INFO - Filling up the DagBag from /home/airflow/.local/lib/python3.12/site-packages/airflow/example_dags/example_task_group.py
[2024-04-26T11:16:53.435+0000] {processor.py:840} INFO - DAG(s) 'example_task_group' retrieved from /home/airflow/.local/lib/python3.12/site-packages/airflow/example_dags/example_task_group.py
[2024-04-26T11:16:53.610+0000] {logging_mixin.py:188} INFO - [2024-04-26T11:16:53.609+0000] {override.py:1829} INFO - Created Permission View: can delete on DAG:example_task_group
[2024-04-26T11:16:53.627+0000] {logging_mixin.py:188} INFO - [2024-04-26T11:16:53.626+0000] {override.py:1829} INFO - Created Permission View: can edit on DAG:example_task_group
[2024-04-26T11:16:53.637+0000] {logging_mixin.py:188} INFO - [2024-04-26T11:16:53.637+0000] {override.py:1829} INFO - Created Permission View: can read on DAG:example_task_group
[2024-04-26T11:16:53.638+0000] {logging_mixin.py:188} INFO - [2024-04-26T11:16:53.638+0000] {dag.py:3096} INFO - Sync 1 DAGs
[2024-04-26T11:16:53.654+0000] {logging_mixin.py:188} INFO - [2024-04-26T11:16:53.653+0000] {dag.py:3118} INFO - Creating ORM DAG for example_task_group
[2024-04-26T11:16:53.672+0000] {logging_mixin.py:188} INFO - [2024-04-26T11:16:53.671+0000] {dag.py:3954} INFO - Setting next_dagrun for example_task_group to 2024-04-25 00:00:00+00:00, run_after=2024-04-26 00:00:00+00:00
[2024-04-26T11:16:53.703+0000] {processor.py:183} INFO - Processing /home/airflow/.local/lib/python3.12/site-packages/airflow/example_dags/example_task_group.py took 0.299 seconds
[2024-04-26T11:17:24.403+0000] {processor.py:161} INFO - Started process (PID=122) to work on /home/airflow/.local/lib/python3.12/site-packages/airflow/example_dags/example_task_group.py
[2024-04-26T11:17:24.404+0000] {processor.py:830} INFO - Processing file /home/airflow/.local/lib/python3.12/site-packages/airflow/example_dags/example_task_group.py for tasks to queue
[2024-04-26T11:17:24.406+0000] {logging_mixin.py:188} INFO - [2024-04-26T11:17:24.406+0000] {dagbag.py:540} INFO - Filling up the DagBag from /home/airflow/.local/lib/python3.12/site-packages/airflow/example_dags/example_task_group.py
[2024-04-26T11:17:24.413+0000] {processor.py:840} INFO - DAG(s) 'example_task_group' retrieved from /home/airflow/.local/lib/python3.12/site-packages/airflow/example_dags/example_task_group.py
[2024-04-26T11:17:24.440+0000] {logging_mixin.py:188} INFO - [2024-04-26T11:17:24.440+0000] {dag.py:3096} INFO - Sync 1 DAGs
[2024-04-26T11:17:24.465+0000] {logging_mixin.py:188} INFO - [2024-04-26T11:17:24.465+0000] {dag.py:3954} INFO - Setting next_dagrun for example_task_group to 2024-04-25 00:00:00+00:00, run_after=2024-04-26 00:00:00+00:00
[2024-04-26T11:17:24.488+0000] {processor.py:183} INFO - Processing /home/airflow/.local/lib/python3.12/site-packages/airflow/example_dags/example_task_group.py took 0.092 seconds
[2024-04-26T11:17:54.756+0000] {processor.py:161} INFO - Started process (PID=180) to work on /home/airflow/.local/lib/python3.12/site-packages/airflow/example_dags/example_task_group.py
[2024-04-26T11:17:54.758+0000] {processor.py:830} INFO - Processing file /home/airflow/.local/lib/python3.12/site-packages/airflow/example_dags/example_task_group.py for tasks to queue
[2024-04-26T11:17:54.760+0000] {logging_mixin.py:188} INFO - [2024-04-26T11:17:54.760+0000] {dagbag.py:540} INFO - Filling up the DagBag from /home/airflow/.local/lib/python3.12/site-packages/airflow/example_dags/example_task_group.py
[2024-04-26T11:17:54.771+0000] {processor.py:840} INFO - DAG(s) 'example_task_group' retrieved from /home/airflow/.local/lib/python3.12/site-packages/airflow/example_dags/example_task_group.py
[2024-04-26T11:17:54.803+0000] {logging_mixin.py:188} INFO - [2024-04-26T11:17:54.803+0000] {dag.py:3096} INFO - Sync 1 DAGs
[2024-04-26T11:17:54.832+0000] {logging_mixin.py:188} INFO - [2024-04-26T11:17:54.832+0000] {dag.py:3954} INFO - Setting next_dagrun for example_task_group to 2024-04-25 00:00:00+00:00, run_after=2024-04-26 00:00:00+00:00
[2024-04-26T11:17:54.861+0000] {processor.py:183} INFO - Processing /home/airflow/.local/lib/python3.12/site-packages/airflow/example_dags/example_task_group.py took 0.113 seconds
[2024-04-26T11:18:25.602+0000] {processor.py:161} INFO - Started process (PID=238) to work on /home/airflow/.local/lib/python3.12/site-packages/airflow/example_dags/example_task_group.py
[2024-04-26T11:18:25.603+0000] {processor.py:830} INFO - Processing file /home/airflow/.local/lib/python3.12/site-packages/airflow/example_dags/example_task_group.py for tasks to queue
[2024-04-26T11:18:25.606+0000] {logging_mixin.py:188} INFO - [2024-04-26T11:18:25.605+0000] {dagbag.py:540} INFO - Filling up the DagBag from /home/airflow/.local/lib/python3.12/site-packages/airflow/example_dags/example_task_group.py
[2024-04-26T11:18:25.614+0000] {processor.py:840} INFO - DAG(s) 'example_task_group' retrieved from /home/airflow/.local/lib/python3.12/site-packages/airflow/example_dags/example_task_group.py
[2024-04-26T11:18:25.637+0000] {logging_mixin.py:188} INFO - [2024-04-26T11:18:25.636+0000] {dag.py:3096} INFO - Sync 1 DAGs
[2024-04-26T11:18:25.661+0000] {logging_mixin.py:188} INFO - [2024-04-26T11:18:25.661+0000] {dag.py:3954} INFO - Setting next_dagrun for example_task_group to 2024-04-25 00:00:00+00:00, run_after=2024-04-26 00:00:00+00:00
[2024-04-26T11:18:25.688+0000] {processor.py:183} INFO - Processing /home/airflow/.local/lib/python3.12/site-packages/airflow/example_dags/example_task_group.py took 0.092 seconds
[2024-04-26T11:18:55.893+0000] {processor.py:161} INFO - Started process (PID=296) to work on /home/airflow/.local/lib/python3.12/site-packages/airflow/example_dags/example_task_group.py
[2024-04-26T11:18:55.894+0000] {processor.py:830} INFO - Processing file /home/airflow/.local/lib/python3.12/site-packages/airflow/example_dags/example_task_group.py for tasks to queue
[2024-04-26T11:18:55.897+0000] {logging_mixin.py:188} INFO - [2024-04-26T11:18:55.896+0000] {dagbag.py:540} INFO - Filling up the DagBag from /home/airflow/.local/lib/python3.12/site-packages/airflow/example_dags/example_task_group.py
[2024-04-26T11:18:55.904+0000] {processor.py:840} INFO - DAG(s) 'example_task_group' retrieved from /home/airflow/.local/lib/python3.12/site-packages/airflow/example_dags/example_task_group.py
[2024-04-26T11:18:55.930+0000] {logging_mixin.py:188} INFO - [2024-04-26T11:18:55.930+0000] {dag.py:3096} INFO - Sync 1 DAGs
[2024-04-26T11:18:55.955+0000] {logging_mixin.py:188} INFO - [2024-04-26T11:18:55.955+0000] {dag.py:3954} INFO - Setting next_dagrun for example_task_group to 2024-04-25 00:00:00+00:00, run_after=2024-04-26 00:00:00+00:00
[2024-04-26T11:18:55.979+0000] {processor.py:183} INFO - Processing /home/airflow/.local/lib/python3.12/site-packages/airflow/example_dags/example_task_group.py took 0.093 seconds
[2024-04-26T11:19:26.291+0000] {processor.py:161} INFO - Started process (PID=354) to work on /home/airflow/.local/lib/python3.12/site-packages/airflow/example_dags/example_task_group.py
[2024-04-26T11:19:26.292+0000] {processor.py:830} INFO - Processing file /home/airflow/.local/lib/python3.12/site-packages/airflow/example_dags/example_task_group.py for tasks to queue
[2024-04-26T11:19:26.294+0000] {logging_mixin.py:188} INFO - [2024-04-26T11:19:26.294+0000] {dagbag.py:540} INFO - Filling up the DagBag from /home/airflow/.local/lib/python3.12/site-packages/airflow/example_dags/example_task_group.py
[2024-04-26T11:19:26.301+0000] {processor.py:840} INFO - DAG(s) 'example_task_group' retrieved from /home/airflow/.local/lib/python3.12/site-packages/airflow/example_dags/example_task_group.py
[2024-04-26T11:19:26.325+0000] {logging_mixin.py:188} INFO - [2024-04-26T11:19:26.325+0000] {dag.py:3096} INFO - Sync 1 DAGs
[2024-04-26T11:19:26.350+0000] {logging_mixin.py:188} INFO - [2024-04-26T11:19:26.350+0000] {dag.py:3954} INFO - Setting next_dagrun for example_task_group to 2024-04-25 00:00:00+00:00, run_after=2024-04-26 00:00:00+00:00
[2024-04-26T11:19:26.373+0000] {processor.py:183} INFO - Processing /home/airflow/.local/lib/python3.12/site-packages/airflow/example_dags/example_task_group.py took 0.088 seconds
[2024-04-26T11:19:56.448+0000] {processor.py:161} INFO - Started process (PID=412) to work on /home/airflow/.local/lib/python3.12/site-packages/airflow/example_dags/example_task_group.py
[2024-04-26T11:19:56.450+0000] {processor.py:830} INFO - Processing file /home/airflow/.local/lib/python3.12/site-packages/airflow/example_dags/example_task_group.py for tasks to queue
[2024-04-26T11:19:56.452+0000] {logging_mixin.py:188} INFO - [2024-04-26T11:19:56.452+0000] {dagbag.py:540} INFO - Filling up the DagBag from /home/airflow/.local/lib/python3.12/site-packages/airflow/example_dags/example_task_group.py
[2024-04-26T11:19:56.461+0000] {processor.py:840} INFO - DAG(s) 'example_task_group' retrieved from /home/airflow/.local/lib/python3.12/site-packages/airflow/example_dags/example_task_group.py
[2024-04-26T11:19:56.484+0000] {logging_mixin.py:188} INFO - [2024-04-26T11:19:56.484+0000] {dag.py:3096} INFO - Sync 1 DAGs
[2024-04-26T11:19:56.511+0000] {logging_mixin.py:188} INFO - [2024-04-26T11:19:56.511+0000] {dag.py:3954} INFO - Setting next_dagrun for example_task_group to 2024-04-25 00:00:00+00:00, run_after=2024-04-26 00:00:00+00:00
[2024-04-26T11:19:56.535+0000] {processor.py:183} INFO - Processing /home/airflow/.local/lib/python3.12/site-packages/airflow/example_dags/example_task_group.py took 0.093 seconds
[2024-04-26T11:20:26.817+0000] {processor.py:161} INFO - Started process (PID=470) to work on /home/airflow/.local/lib/python3.12/site-packages/airflow/example_dags/example_task_group.py
[2024-04-26T11:20:26.818+0000] {processor.py:830} INFO - Processing file /home/airflow/.local/lib/python3.12/site-packages/airflow/example_dags/example_task_group.py for tasks to queue
[2024-04-26T11:20:26.820+0000] {logging_mixin.py:188} INFO - [2024-04-26T11:20:26.820+0000] {dagbag.py:540} INFO - Filling up the DagBag from /home/airflow/.local/lib/python3.12/site-packages/airflow/example_dags/example_task_group.py
[2024-04-26T11:20:26.829+0000] {processor.py:840} INFO - DAG(s) 'example_task_group' retrieved from /home/airflow/.local/lib/python3.12/site-packages/airflow/example_dags/example_task_group.py
[2024-04-26T11:20:26.855+0000] {logging_mixin.py:188} INFO - [2024-04-26T11:20:26.855+0000] {dag.py:3096} INFO - Sync 1 DAGs
[2024-04-26T11:20:26.883+0000] {logging_mixin.py:188} INFO - [2024-04-26T11:20:26.883+0000] {dag.py:3954} INFO - Setting next_dagrun for example_task_group to 2024-04-25 00:00:00+00:00, run_after=2024-04-26 00:00:00+00:00
[2024-04-26T11:20:26.911+0000] {processor.py:183} INFO - Processing /home/airflow/.local/lib/python3.12/site-packages/airflow/example_dags/example_task_group.py took 0.101 seconds
[2024-04-26T11:21:48.288+0000] {processor.py:161} INFO - Started process (PID=58) to work on /home/airflow/.local/lib/python3.12/site-packages/airflow/example_dags/example_task_group.py
[2024-04-26T11:21:48.289+0000] {processor.py:830} INFO - Processing file /home/airflow/.local/lib/python3.12/site-packages/airflow/example_dags/example_task_group.py for tasks to queue
[2024-04-26T11:21:48.292+0000] {logging_mixin.py:188} INFO - [2024-04-26T11:21:48.291+0000] {dagbag.py:540} INFO - Filling up the DagBag from /home/airflow/.local/lib/python3.12/site-packages/airflow/example_dags/example_task_group.py
[2024-04-26T11:21:48.302+0000] {processor.py:840} INFO - DAG(s) 'example_task_group' retrieved from /home/airflow/.local/lib/python3.12/site-packages/airflow/example_dags/example_task_group.py
[2024-04-26T11:21:48.318+0000] {logging_mixin.py:188} INFO - [2024-04-26T11:21:48.318+0000] {dag.py:3096} INFO - Sync 1 DAGs
[2024-04-26T11:21:48.356+0000] {logging_mixin.py:188} INFO - [2024-04-26T11:21:48.356+0000] {dag.py:3954} INFO - Setting next_dagrun for example_task_group to 2024-04-25 00:00:00+00:00, run_after=2024-04-26 00:00:00+00:00
[2024-04-26T11:21:48.397+0000] {processor.py:183} INFO - Processing /home/airflow/.local/lib/python3.12/site-packages/airflow/example_dags/example_task_group.py took 0.119 seconds
