[2024-04-26T11:16:51.841+0000] {processor.py:161} INFO - Started process (PID=50) to work on /home/airflow/.local/lib/python3.12/site-packages/airflow/example_dags/example_complex.py
[2024-04-26T11:16:51.843+0000] {processor.py:830} INFO - Processing file /home/airflow/.local/lib/python3.12/site-packages/airflow/example_dags/example_complex.py for tasks to queue
[2024-04-26T11:16:51.846+0000] {logging_mixin.py:188} INFO - [2024-04-26T11:16:51.846+0000] {dagbag.py:540} INFO - Filling up the DagBag from /home/airflow/.local/lib/python3.12/site-packages/airflow/example_dags/example_complex.py
[2024-04-26T11:16:51.870+0000] {processor.py:840} INFO - DAG(s) 'example_complex' retrieved from /home/airflow/.local/lib/python3.12/site-packages/airflow/example_dags/example_complex.py
[2024-04-26T11:16:52.085+0000] {logging_mixin.py:188} INFO - [2024-04-26T11:16:52.084+0000] {override.py:1829} INFO - Created Permission View: can delete on DAG:example_complex
[2024-04-26T11:16:52.100+0000] {logging_mixin.py:188} INFO - [2024-04-26T11:16:52.099+0000] {override.py:1829} INFO - Created Permission View: can edit on DAG:example_complex
[2024-04-26T11:16:52.108+0000] {logging_mixin.py:188} INFO - [2024-04-26T11:16:52.107+0000] {override.py:1829} INFO - Created Permission View: can read on DAG:example_complex
[2024-04-26T11:16:52.109+0000] {logging_mixin.py:188} INFO - [2024-04-26T11:16:52.109+0000] {dag.py:3096} INFO - Sync 1 DAGs
[2024-04-26T11:16:52.127+0000] {logging_mixin.py:188} INFO - [2024-04-26T11:16:52.127+0000] {dag.py:3118} INFO - Creating ORM DAG for example_complex
[2024-04-26T11:16:52.129+0000] {logging_mixin.py:188} INFO - [2024-04-26T11:16:52.129+0000] {dag.py:3954} INFO - Setting next_dagrun for example_complex to None, run_after=None
[2024-04-26T11:16:52.156+0000] {processor.py:183} INFO - Processing /home/airflow/.local/lib/python3.12/site-packages/airflow/example_dags/example_complex.py took 0.336 seconds
[2024-04-26T11:17:22.693+0000] {processor.py:161} INFO - Started process (PID=108) to work on /home/airflow/.local/lib/python3.12/site-packages/airflow/example_dags/example_complex.py
[2024-04-26T11:17:22.695+0000] {processor.py:830} INFO - Processing file /home/airflow/.local/lib/python3.12/site-packages/airflow/example_dags/example_complex.py for tasks to queue
[2024-04-26T11:17:22.697+0000] {logging_mixin.py:188} INFO - [2024-04-26T11:17:22.697+0000] {dagbag.py:540} INFO - Filling up the DagBag from /home/airflow/.local/lib/python3.12/site-packages/airflow/example_dags/example_complex.py
[2024-04-26T11:17:22.710+0000] {processor.py:840} INFO - DAG(s) 'example_complex' retrieved from /home/airflow/.local/lib/python3.12/site-packages/airflow/example_dags/example_complex.py
[2024-04-26T11:17:22.750+0000] {logging_mixin.py:188} INFO - [2024-04-26T11:17:22.750+0000] {dag.py:3096} INFO - Sync 1 DAGs
[2024-04-26T11:17:22.767+0000] {logging_mixin.py:188} INFO - [2024-04-26T11:17:22.766+0000] {dag.py:3954} INFO - Setting next_dagrun for example_complex to None, run_after=None
[2024-04-26T11:17:22.792+0000] {processor.py:183} INFO - Processing /home/airflow/.local/lib/python3.12/site-packages/airflow/example_dags/example_complex.py took 0.110 seconds
[2024-04-26T11:17:53.046+0000] {processor.py:161} INFO - Started process (PID=172) to work on /home/airflow/.local/lib/python3.12/site-packages/airflow/example_dags/example_complex.py
[2024-04-26T11:17:53.047+0000] {processor.py:830} INFO - Processing file /home/airflow/.local/lib/python3.12/site-packages/airflow/example_dags/example_complex.py for tasks to queue
[2024-04-26T11:17:53.050+0000] {logging_mixin.py:188} INFO - [2024-04-26T11:17:53.049+0000] {dagbag.py:540} INFO - Filling up the DagBag from /home/airflow/.local/lib/python3.12/site-packages/airflow/example_dags/example_complex.py
[2024-04-26T11:17:53.063+0000] {processor.py:840} INFO - DAG(s) 'example_complex' retrieved from /home/airflow/.local/lib/python3.12/site-packages/airflow/example_dags/example_complex.py
[2024-04-26T11:17:53.108+0000] {logging_mixin.py:188} INFO - [2024-04-26T11:17:53.108+0000] {dag.py:3096} INFO - Sync 1 DAGs
[2024-04-26T11:17:53.122+0000] {logging_mixin.py:188} INFO - [2024-04-26T11:17:53.122+0000] {dag.py:3954} INFO - Setting next_dagrun for example_complex to None, run_after=None
[2024-04-26T11:17:53.148+0000] {processor.py:183} INFO - Processing /home/airflow/.local/lib/python3.12/site-packages/airflow/example_dags/example_complex.py took 0.111 seconds
[2024-04-26T11:18:23.983+0000] {processor.py:161} INFO - Started process (PID=230) to work on /home/airflow/.local/lib/python3.12/site-packages/airflow/example_dags/example_complex.py
[2024-04-26T11:18:23.984+0000] {processor.py:830} INFO - Processing file /home/airflow/.local/lib/python3.12/site-packages/airflow/example_dags/example_complex.py for tasks to queue
[2024-04-26T11:18:23.986+0000] {logging_mixin.py:188} INFO - [2024-04-26T11:18:23.986+0000] {dagbag.py:540} INFO - Filling up the DagBag from /home/airflow/.local/lib/python3.12/site-packages/airflow/example_dags/example_complex.py
[2024-04-26T11:18:23.998+0000] {processor.py:840} INFO - DAG(s) 'example_complex' retrieved from /home/airflow/.local/lib/python3.12/site-packages/airflow/example_dags/example_complex.py
[2024-04-26T11:18:24.037+0000] {logging_mixin.py:188} INFO - [2024-04-26T11:18:24.036+0000] {dag.py:3096} INFO - Sync 1 DAGs
[2024-04-26T11:18:24.052+0000] {logging_mixin.py:188} INFO - [2024-04-26T11:18:24.052+0000] {dag.py:3954} INFO - Setting next_dagrun for example_complex to None, run_after=None
[2024-04-26T11:18:24.079+0000] {processor.py:183} INFO - Processing /home/airflow/.local/lib/python3.12/site-packages/airflow/example_dags/example_complex.py took 0.103 seconds
[2024-04-26T11:18:54.346+0000] {processor.py:161} INFO - Started process (PID=288) to work on /home/airflow/.local/lib/python3.12/site-packages/airflow/example_dags/example_complex.py
[2024-04-26T11:18:54.348+0000] {processor.py:830} INFO - Processing file /home/airflow/.local/lib/python3.12/site-packages/airflow/example_dags/example_complex.py for tasks to queue
[2024-04-26T11:18:54.350+0000] {logging_mixin.py:188} INFO - [2024-04-26T11:18:54.349+0000] {dagbag.py:540} INFO - Filling up the DagBag from /home/airflow/.local/lib/python3.12/site-packages/airflow/example_dags/example_complex.py
[2024-04-26T11:18:54.362+0000] {processor.py:840} INFO - DAG(s) 'example_complex' retrieved from /home/airflow/.local/lib/python3.12/site-packages/airflow/example_dags/example_complex.py
[2024-04-26T11:18:54.399+0000] {logging_mixin.py:188} INFO - [2024-04-26T11:18:54.399+0000] {dag.py:3096} INFO - Sync 1 DAGs
[2024-04-26T11:18:54.413+0000] {logging_mixin.py:188} INFO - [2024-04-26T11:18:54.413+0000] {dag.py:3954} INFO - Setting next_dagrun for example_complex to None, run_after=None
[2024-04-26T11:18:54.436+0000] {processor.py:183} INFO - Processing /home/airflow/.local/lib/python3.12/site-packages/airflow/example_dags/example_complex.py took 0.096 seconds
[2024-04-26T11:19:24.730+0000] {processor.py:161} INFO - Started process (PID=346) to work on /home/airflow/.local/lib/python3.12/site-packages/airflow/example_dags/example_complex.py
[2024-04-26T11:19:24.732+0000] {processor.py:830} INFO - Processing file /home/airflow/.local/lib/python3.12/site-packages/airflow/example_dags/example_complex.py for tasks to queue
[2024-04-26T11:19:24.734+0000] {logging_mixin.py:188} INFO - [2024-04-26T11:19:24.733+0000] {dagbag.py:540} INFO - Filling up the DagBag from /home/airflow/.local/lib/python3.12/site-packages/airflow/example_dags/example_complex.py
[2024-04-26T11:19:24.745+0000] {processor.py:840} INFO - DAG(s) 'example_complex' retrieved from /home/airflow/.local/lib/python3.12/site-packages/airflow/example_dags/example_complex.py
[2024-04-26T11:19:24.788+0000] {logging_mixin.py:188} INFO - [2024-04-26T11:19:24.788+0000] {dag.py:3096} INFO - Sync 1 DAGs
[2024-04-26T11:19:24.806+0000] {logging_mixin.py:188} INFO - [2024-04-26T11:19:24.806+0000] {dag.py:3954} INFO - Setting next_dagrun for example_complex to None, run_after=None
[2024-04-26T11:19:24.831+0000] {processor.py:183} INFO - Processing /home/airflow/.local/lib/python3.12/site-packages/airflow/example_dags/example_complex.py took 0.107 seconds
[2024-04-26T11:19:55.765+0000] {processor.py:161} INFO - Started process (PID=404) to work on /home/airflow/.local/lib/python3.12/site-packages/airflow/example_dags/example_complex.py
[2024-04-26T11:19:55.766+0000] {processor.py:830} INFO - Processing file /home/airflow/.local/lib/python3.12/site-packages/airflow/example_dags/example_complex.py for tasks to queue
[2024-04-26T11:19:55.768+0000] {logging_mixin.py:188} INFO - [2024-04-26T11:19:55.768+0000] {dagbag.py:540} INFO - Filling up the DagBag from /home/airflow/.local/lib/python3.12/site-packages/airflow/example_dags/example_complex.py
[2024-04-26T11:19:55.780+0000] {processor.py:840} INFO - DAG(s) 'example_complex' retrieved from /home/airflow/.local/lib/python3.12/site-packages/airflow/example_dags/example_complex.py
[2024-04-26T11:19:55.815+0000] {logging_mixin.py:188} INFO - [2024-04-26T11:19:55.815+0000] {dag.py:3096} INFO - Sync 1 DAGs
[2024-04-26T11:19:55.831+0000] {logging_mixin.py:188} INFO - [2024-04-26T11:19:55.830+0000] {dag.py:3954} INFO - Setting next_dagrun for example_complex to None, run_after=None
[2024-04-26T11:19:55.857+0000] {processor.py:183} INFO - Processing /home/airflow/.local/lib/python3.12/site-packages/airflow/example_dags/example_complex.py took 0.102 seconds
[2024-04-26T11:20:25.923+0000] {processor.py:161} INFO - Started process (PID=461) to work on /home/airflow/.local/lib/python3.12/site-packages/airflow/example_dags/example_complex.py
[2024-04-26T11:20:25.925+0000] {processor.py:830} INFO - Processing file /home/airflow/.local/lib/python3.12/site-packages/airflow/example_dags/example_complex.py for tasks to queue
[2024-04-26T11:20:25.927+0000] {logging_mixin.py:188} INFO - [2024-04-26T11:20:25.927+0000] {dagbag.py:540} INFO - Filling up the DagBag from /home/airflow/.local/lib/python3.12/site-packages/airflow/example_dags/example_complex.py
[2024-04-26T11:20:25.938+0000] {processor.py:840} INFO - DAG(s) 'example_complex' retrieved from /home/airflow/.local/lib/python3.12/site-packages/airflow/example_dags/example_complex.py
[2024-04-26T11:20:25.974+0000] {logging_mixin.py:188} INFO - [2024-04-26T11:20:25.974+0000] {dag.py:3096} INFO - Sync 1 DAGs
[2024-04-26T11:20:25.989+0000] {logging_mixin.py:188} INFO - [2024-04-26T11:20:25.988+0000] {dag.py:3954} INFO - Setting next_dagrun for example_complex to None, run_after=None
[2024-04-26T11:20:26.017+0000] {processor.py:183} INFO - Processing /home/airflow/.local/lib/python3.12/site-packages/airflow/example_dags/example_complex.py took 0.100 seconds
[2024-04-26T11:21:47.654+0000] {processor.py:161} INFO - Started process (PID=50) to work on /home/airflow/.local/lib/python3.12/site-packages/airflow/example_dags/example_complex.py
[2024-04-26T11:21:47.655+0000] {processor.py:830} INFO - Processing file /home/airflow/.local/lib/python3.12/site-packages/airflow/example_dags/example_complex.py for tasks to queue
[2024-04-26T11:21:47.658+0000] {logging_mixin.py:188} INFO - [2024-04-26T11:21:47.657+0000] {dagbag.py:540} INFO - Filling up the DagBag from /home/airflow/.local/lib/python3.12/site-packages/airflow/example_dags/example_complex.py
[2024-04-26T11:21:47.681+0000] {processor.py:840} INFO - DAG(s) 'example_complex' retrieved from /home/airflow/.local/lib/python3.12/site-packages/airflow/example_dags/example_complex.py
[2024-04-26T11:21:47.699+0000] {logging_mixin.py:188} INFO - [2024-04-26T11:21:47.698+0000] {dag.py:3096} INFO - Sync 1 DAGs
[2024-04-26T11:21:47.719+0000] {logging_mixin.py:188} INFO - [2024-04-26T11:21:47.719+0000] {dag.py:3954} INFO - Setting next_dagrun for example_complex to None, run_after=None
[2024-04-26T11:21:47.756+0000] {processor.py:183} INFO - Processing /home/airflow/.local/lib/python3.12/site-packages/airflow/example_dags/example_complex.py took 0.113 seconds
