[2024-04-26T11:16:53.089+0000] {processor.py:161} INFO - Started process (PID=62) to work on /home/airflow/.local/lib/python3.12/site-packages/airflow/example_dags/example_sla_dag.py
[2024-04-26T11:16:53.091+0000] {processor.py:830} INFO - Processing file /home/airflow/.local/lib/python3.12/site-packages/airflow/example_dags/example_sla_dag.py for tasks to queue
[2024-04-26T11:16:53.094+0000] {logging_mixin.py:188} INFO - [2024-04-26T11:16:53.093+0000] {dagbag.py:540} INFO - Filling up the DagBag from /home/airflow/.local/lib/python3.12/site-packages/airflow/example_dags/example_sla_dag.py
[2024-04-26T11:16:53.107+0000] {processor.py:840} INFO - DAG(s) 'example_sla_dag' retrieved from /home/airflow/.local/lib/python3.12/site-packages/airflow/example_dags/example_sla_dag.py
[2024-04-26T11:16:53.276+0000] {logging_mixin.py:188} INFO - [2024-04-26T11:16:53.274+0000] {override.py:1829} INFO - Created Permission View: can delete on DAG:example_sla_dag
[2024-04-26T11:16:53.295+0000] {logging_mixin.py:188} INFO - [2024-04-26T11:16:53.295+0000] {override.py:1829} INFO - Created Permission View: can edit on DAG:example_sla_dag
[2024-04-26T11:16:53.306+0000] {logging_mixin.py:188} INFO - [2024-04-26T11:16:53.306+0000] {override.py:1829} INFO - Created Permission View: can read on DAG:example_sla_dag
[2024-04-26T11:16:53.308+0000] {logging_mixin.py:188} INFO - [2024-04-26T11:16:53.307+0000] {dag.py:3096} INFO - Sync 1 DAGs
[2024-04-26T11:16:53.329+0000] {logging_mixin.py:188} INFO - [2024-04-26T11:16:53.329+0000] {dag.py:3118} INFO - Creating ORM DAG for example_sla_dag
[2024-04-26T11:16:53.348+0000] {logging_mixin.py:188} INFO - [2024-04-26T11:16:53.348+0000] {dag.py:3954} INFO - Setting next_dagrun for example_sla_dag to 2024-04-26 11:14:00+00:00, run_after=2024-04-26 11:16:00+00:00
[2024-04-26T11:16:53.371+0000] {processor.py:183} INFO - Processing /home/airflow/.local/lib/python3.12/site-packages/airflow/example_dags/example_sla_dag.py took 0.291 seconds
[2024-04-26T11:17:24.283+0000] {processor.py:161} INFO - Started process (PID=120) to work on /home/airflow/.local/lib/python3.12/site-packages/airflow/example_dags/example_sla_dag.py
[2024-04-26T11:17:24.284+0000] {processor.py:830} INFO - Processing file /home/airflow/.local/lib/python3.12/site-packages/airflow/example_dags/example_sla_dag.py for tasks to queue
[2024-04-26T11:17:24.286+0000] {logging_mixin.py:188} INFO - [2024-04-26T11:17:24.286+0000] {dagbag.py:540} INFO - Filling up the DagBag from /home/airflow/.local/lib/python3.12/site-packages/airflow/example_dags/example_sla_dag.py
[2024-04-26T11:17:24.295+0000] {processor.py:840} INFO - DAG(s) 'example_sla_dag' retrieved from /home/airflow/.local/lib/python3.12/site-packages/airflow/example_dags/example_sla_dag.py
[2024-04-26T11:17:24.319+0000] {logging_mixin.py:188} INFO - [2024-04-26T11:17:24.319+0000] {dag.py:3096} INFO - Sync 1 DAGs
[2024-04-26T11:17:24.346+0000] {logging_mixin.py:188} INFO - [2024-04-26T11:17:24.346+0000] {dag.py:3954} INFO - Setting next_dagrun for example_sla_dag to 2024-04-26 11:14:00+00:00, run_after=2024-04-26 11:16:00+00:00
[2024-04-26T11:17:24.372+0000] {processor.py:183} INFO - Processing /home/airflow/.local/lib/python3.12/site-packages/airflow/example_dags/example_sla_dag.py took 0.096 seconds
[2024-04-26T11:17:54.594+0000] {processor.py:161} INFO - Started process (PID=178) to work on /home/airflow/.local/lib/python3.12/site-packages/airflow/example_dags/example_sla_dag.py
[2024-04-26T11:17:54.595+0000] {processor.py:830} INFO - Processing file /home/airflow/.local/lib/python3.12/site-packages/airflow/example_dags/example_sla_dag.py for tasks to queue
[2024-04-26T11:17:54.599+0000] {logging_mixin.py:188} INFO - [2024-04-26T11:17:54.599+0000] {dagbag.py:540} INFO - Filling up the DagBag from /home/airflow/.local/lib/python3.12/site-packages/airflow/example_dags/example_sla_dag.py
[2024-04-26T11:17:54.611+0000] {processor.py:840} INFO - DAG(s) 'example_sla_dag' retrieved from /home/airflow/.local/lib/python3.12/site-packages/airflow/example_dags/example_sla_dag.py
[2024-04-26T11:17:54.643+0000] {logging_mixin.py:188} INFO - [2024-04-26T11:17:54.643+0000] {dag.py:3096} INFO - Sync 1 DAGs
[2024-04-26T11:17:54.679+0000] {logging_mixin.py:188} INFO - [2024-04-26T11:17:54.679+0000] {dag.py:3954} INFO - Setting next_dagrun for example_sla_dag to 2024-04-26 11:14:00+00:00, run_after=2024-04-26 11:16:00+00:00
[2024-04-26T11:17:54.713+0000] {processor.py:183} INFO - Processing /home/airflow/.local/lib/python3.12/site-packages/airflow/example_dags/example_sla_dag.py took 0.127 seconds
[2024-04-26T11:18:25.476+0000] {processor.py:161} INFO - Started process (PID=236) to work on /home/airflow/.local/lib/python3.12/site-packages/airflow/example_dags/example_sla_dag.py
[2024-04-26T11:18:25.478+0000] {processor.py:830} INFO - Processing file /home/airflow/.local/lib/python3.12/site-packages/airflow/example_dags/example_sla_dag.py for tasks to queue
[2024-04-26T11:18:25.481+0000] {logging_mixin.py:188} INFO - [2024-04-26T11:18:25.481+0000] {dagbag.py:540} INFO - Filling up the DagBag from /home/airflow/.local/lib/python3.12/site-packages/airflow/example_dags/example_sla_dag.py
[2024-04-26T11:18:25.491+0000] {processor.py:840} INFO - DAG(s) 'example_sla_dag' retrieved from /home/airflow/.local/lib/python3.12/site-packages/airflow/example_dags/example_sla_dag.py
[2024-04-26T11:18:25.518+0000] {logging_mixin.py:188} INFO - [2024-04-26T11:18:25.518+0000] {dag.py:3096} INFO - Sync 1 DAGs
[2024-04-26T11:18:25.547+0000] {logging_mixin.py:188} INFO - [2024-04-26T11:18:25.547+0000] {dag.py:3954} INFO - Setting next_dagrun for example_sla_dag to 2024-04-26 11:16:00+00:00, run_after=2024-04-26 11:18:00+00:00
[2024-04-26T11:18:25.571+0000] {processor.py:183} INFO - Processing /home/airflow/.local/lib/python3.12/site-packages/airflow/example_dags/example_sla_dag.py took 0.103 seconds
[2024-04-26T11:18:55.773+0000] {processor.py:161} INFO - Started process (PID=294) to work on /home/airflow/.local/lib/python3.12/site-packages/airflow/example_dags/example_sla_dag.py
[2024-04-26T11:18:55.774+0000] {processor.py:830} INFO - Processing file /home/airflow/.local/lib/python3.12/site-packages/airflow/example_dags/example_sla_dag.py for tasks to queue
[2024-04-26T11:18:55.776+0000] {logging_mixin.py:188} INFO - [2024-04-26T11:18:55.776+0000] {dagbag.py:540} INFO - Filling up the DagBag from /home/airflow/.local/lib/python3.12/site-packages/airflow/example_dags/example_sla_dag.py
[2024-04-26T11:18:55.785+0000] {processor.py:840} INFO - DAG(s) 'example_sla_dag' retrieved from /home/airflow/.local/lib/python3.12/site-packages/airflow/example_dags/example_sla_dag.py
[2024-04-26T11:18:55.810+0000] {logging_mixin.py:188} INFO - [2024-04-26T11:18:55.809+0000] {dag.py:3096} INFO - Sync 1 DAGs
[2024-04-26T11:18:55.837+0000] {logging_mixin.py:188} INFO - [2024-04-26T11:18:55.837+0000] {dag.py:3954} INFO - Setting next_dagrun for example_sla_dag to 2024-04-26 11:16:00+00:00, run_after=2024-04-26 11:18:00+00:00
[2024-04-26T11:18:55.864+0000] {processor.py:183} INFO - Processing /home/airflow/.local/lib/python3.12/site-packages/airflow/example_dags/example_sla_dag.py took 0.098 seconds
[2024-04-26T11:19:26.174+0000] {processor.py:161} INFO - Started process (PID=352) to work on /home/airflow/.local/lib/python3.12/site-packages/airflow/example_dags/example_sla_dag.py
[2024-04-26T11:19:26.175+0000] {processor.py:830} INFO - Processing file /home/airflow/.local/lib/python3.12/site-packages/airflow/example_dags/example_sla_dag.py for tasks to queue
[2024-04-26T11:19:26.178+0000] {logging_mixin.py:188} INFO - [2024-04-26T11:19:26.177+0000] {dagbag.py:540} INFO - Filling up the DagBag from /home/airflow/.local/lib/python3.12/site-packages/airflow/example_dags/example_sla_dag.py
[2024-04-26T11:19:26.186+0000] {processor.py:840} INFO - DAG(s) 'example_sla_dag' retrieved from /home/airflow/.local/lib/python3.12/site-packages/airflow/example_dags/example_sla_dag.py
[2024-04-26T11:19:26.209+0000] {logging_mixin.py:188} INFO - [2024-04-26T11:19:26.209+0000] {dag.py:3096} INFO - Sync 1 DAGs
[2024-04-26T11:19:26.235+0000] {logging_mixin.py:188} INFO - [2024-04-26T11:19:26.235+0000] {dag.py:3954} INFO - Setting next_dagrun for example_sla_dag to 2024-04-26 11:16:00+00:00, run_after=2024-04-26 11:18:00+00:00
[2024-04-26T11:19:26.258+0000] {processor.py:183} INFO - Processing /home/airflow/.local/lib/python3.12/site-packages/airflow/example_dags/example_sla_dag.py took 0.090 seconds
[2024-04-26T11:19:56.310+0000] {processor.py:161} INFO - Started process (PID=410) to work on /home/airflow/.local/lib/python3.12/site-packages/airflow/example_dags/example_sla_dag.py
[2024-04-26T11:19:56.312+0000] {processor.py:830} INFO - Processing file /home/airflow/.local/lib/python3.12/site-packages/airflow/example_dags/example_sla_dag.py for tasks to queue
[2024-04-26T11:19:56.315+0000] {logging_mixin.py:188} INFO - [2024-04-26T11:19:56.315+0000] {dagbag.py:540} INFO - Filling up the DagBag from /home/airflow/.local/lib/python3.12/site-packages/airflow/example_dags/example_sla_dag.py
[2024-04-26T11:19:56.326+0000] {processor.py:840} INFO - DAG(s) 'example_sla_dag' retrieved from /home/airflow/.local/lib/python3.12/site-packages/airflow/example_dags/example_sla_dag.py
[2024-04-26T11:19:56.352+0000] {logging_mixin.py:188} INFO - [2024-04-26T11:19:56.352+0000] {dag.py:3096} INFO - Sync 1 DAGs
[2024-04-26T11:19:56.381+0000] {logging_mixin.py:188} INFO - [2024-04-26T11:19:56.380+0000] {dag.py:3954} INFO - Setting next_dagrun for example_sla_dag to 2024-04-26 11:16:00+00:00, run_after=2024-04-26 11:18:00+00:00
[2024-04-26T11:19:56.407+0000] {processor.py:183} INFO - Processing /home/airflow/.local/lib/python3.12/site-packages/airflow/example_dags/example_sla_dag.py took 0.103 seconds
[2024-04-26T11:20:26.681+0000] {processor.py:161} INFO - Started process (PID=468) to work on /home/airflow/.local/lib/python3.12/site-packages/airflow/example_dags/example_sla_dag.py
[2024-04-26T11:20:26.683+0000] {processor.py:830} INFO - Processing file /home/airflow/.local/lib/python3.12/site-packages/airflow/example_dags/example_sla_dag.py for tasks to queue
[2024-04-26T11:20:26.685+0000] {logging_mixin.py:188} INFO - [2024-04-26T11:20:26.685+0000] {dagbag.py:540} INFO - Filling up the DagBag from /home/airflow/.local/lib/python3.12/site-packages/airflow/example_dags/example_sla_dag.py
[2024-04-26T11:20:26.696+0000] {processor.py:840} INFO - DAG(s) 'example_sla_dag' retrieved from /home/airflow/.local/lib/python3.12/site-packages/airflow/example_dags/example_sla_dag.py
[2024-04-26T11:20:26.722+0000] {logging_mixin.py:188} INFO - [2024-04-26T11:20:26.722+0000] {dag.py:3096} INFO - Sync 1 DAGs
[2024-04-26T11:20:26.748+0000] {logging_mixin.py:188} INFO - [2024-04-26T11:20:26.748+0000] {dag.py:3954} INFO - Setting next_dagrun for example_sla_dag to 2024-04-26 11:18:00+00:00, run_after=2024-04-26 11:20:00+00:00
[2024-04-26T11:20:26.773+0000] {processor.py:183} INFO - Processing /home/airflow/.local/lib/python3.12/site-packages/airflow/example_dags/example_sla_dag.py took 0.099 seconds
[2024-04-26T11:21:48.142+0000] {processor.py:161} INFO - Started process (PID=56) to work on /home/airflow/.local/lib/python3.12/site-packages/airflow/example_dags/example_sla_dag.py
[2024-04-26T11:21:48.143+0000] {processor.py:830} INFO - Processing file /home/airflow/.local/lib/python3.12/site-packages/airflow/example_dags/example_sla_dag.py for tasks to queue
[2024-04-26T11:21:48.147+0000] {logging_mixin.py:188} INFO - [2024-04-26T11:21:48.147+0000] {dagbag.py:540} INFO - Filling up the DagBag from /home/airflow/.local/lib/python3.12/site-packages/airflow/example_dags/example_sla_dag.py
[2024-04-26T11:21:48.159+0000] {processor.py:840} INFO - DAG(s) 'example_sla_dag' retrieved from /home/airflow/.local/lib/python3.12/site-packages/airflow/example_dags/example_sla_dag.py
[2024-04-26T11:21:48.173+0000] {logging_mixin.py:188} INFO - [2024-04-26T11:21:48.173+0000] {dag.py:3096} INFO - Sync 1 DAGs
[2024-04-26T11:21:48.218+0000] {logging_mixin.py:188} INFO - [2024-04-26T11:21:48.218+0000] {dag.py:3954} INFO - Setting next_dagrun for example_sla_dag to 2024-04-26 11:18:00+00:00, run_after=2024-04-26 11:20:00+00:00
[2024-04-26T11:21:48.246+0000] {processor.py:183} INFO - Processing /home/airflow/.local/lib/python3.12/site-packages/airflow/example_dags/example_sla_dag.py took 0.112 seconds
