[2024-04-26T11:16:51.328+0000] {processor.py:161} INFO - Started process (PID=47) to work on /home/airflow/.local/lib/python3.12/site-packages/airflow/example_dags/example_branch_labels.py
[2024-04-26T11:16:51.331+0000] {processor.py:830} INFO - Processing file /home/airflow/.local/lib/python3.12/site-packages/airflow/example_dags/example_branch_labels.py for tasks to queue
[2024-04-26T11:16:51.336+0000] {logging_mixin.py:188} INFO - [2024-04-26T11:16:51.335+0000] {dagbag.py:540} INFO - Filling up the DagBag from /home/airflow/.local/lib/python3.12/site-packages/airflow/example_dags/example_branch_labels.py
[2024-04-26T11:16:51.354+0000] {processor.py:840} INFO - DAG(s) 'example_branch_labels' retrieved from /home/airflow/.local/lib/python3.12/site-packages/airflow/example_dags/example_branch_labels.py
[2024-04-26T11:16:51.548+0000] {logging_mixin.py:188} INFO - [2024-04-26T11:16:51.547+0000] {override.py:1829} INFO - Created Permission View: can delete on DAG:example_branch_labels
[2024-04-26T11:16:51.568+0000] {logging_mixin.py:188} INFO - [2024-04-26T11:16:51.567+0000] {override.py:1829} INFO - Created Permission View: can edit on DAG:example_branch_labels
[2024-04-26T11:16:51.582+0000] {logging_mixin.py:188} INFO - [2024-04-26T11:16:51.582+0000] {override.py:1829} INFO - Created Permission View: can read on DAG:example_branch_labels
[2024-04-26T11:16:51.583+0000] {logging_mixin.py:188} INFO - [2024-04-26T11:16:51.583+0000] {dag.py:3096} INFO - Sync 1 DAGs
[2024-04-26T11:16:51.610+0000] {logging_mixin.py:188} INFO - [2024-04-26T11:16:51.609+0000] {dag.py:3118} INFO - Creating ORM DAG for example_branch_labels
[2024-04-26T11:16:51.627+0000] {logging_mixin.py:188} INFO - [2024-04-26T11:16:51.627+0000] {dag.py:3954} INFO - Setting next_dagrun for example_branch_labels to 2024-04-25 00:00:00+00:00, run_after=2024-04-26 00:00:00+00:00
[2024-04-26T11:16:51.650+0000] {processor.py:183} INFO - Processing /home/airflow/.local/lib/python3.12/site-packages/airflow/example_dags/example_branch_labels.py took 0.345 seconds
[2024-04-26T11:17:22.546+0000] {processor.py:161} INFO - Started process (PID=105) to work on /home/airflow/.local/lib/python3.12/site-packages/airflow/example_dags/example_branch_labels.py
[2024-04-26T11:17:22.547+0000] {processor.py:830} INFO - Processing file /home/airflow/.local/lib/python3.12/site-packages/airflow/example_dags/example_branch_labels.py for tasks to queue
[2024-04-26T11:17:22.550+0000] {logging_mixin.py:188} INFO - [2024-04-26T11:17:22.549+0000] {dagbag.py:540} INFO - Filling up the DagBag from /home/airflow/.local/lib/python3.12/site-packages/airflow/example_dags/example_branch_labels.py
[2024-04-26T11:17:22.558+0000] {processor.py:840} INFO - DAG(s) 'example_branch_labels' retrieved from /home/airflow/.local/lib/python3.12/site-packages/airflow/example_dags/example_branch_labels.py
[2024-04-26T11:17:22.583+0000] {logging_mixin.py:188} INFO - [2024-04-26T11:17:22.583+0000] {dag.py:3096} INFO - Sync 1 DAGs
[2024-04-26T11:17:22.609+0000] {logging_mixin.py:188} INFO - [2024-04-26T11:17:22.609+0000] {dag.py:3954} INFO - Setting next_dagrun for example_branch_labels to 2024-04-25 00:00:00+00:00, run_after=2024-04-26 00:00:00+00:00
[2024-04-26T11:17:22.637+0000] {processor.py:183} INFO - Processing /home/airflow/.local/lib/python3.12/site-packages/airflow/example_dags/example_branch_labels.py took 0.098 seconds
[2024-04-26T11:17:52.778+0000] {processor.py:161} INFO - Started process (PID=169) to work on /home/airflow/.local/lib/python3.12/site-packages/airflow/example_dags/example_branch_labels.py
[2024-04-26T11:17:52.780+0000] {processor.py:830} INFO - Processing file /home/airflow/.local/lib/python3.12/site-packages/airflow/example_dags/example_branch_labels.py for tasks to queue
[2024-04-26T11:17:52.782+0000] {logging_mixin.py:188} INFO - [2024-04-26T11:17:52.782+0000] {dagbag.py:540} INFO - Filling up the DagBag from /home/airflow/.local/lib/python3.12/site-packages/airflow/example_dags/example_branch_labels.py
[2024-04-26T11:17:52.790+0000] {processor.py:840} INFO - DAG(s) 'example_branch_labels' retrieved from /home/airflow/.local/lib/python3.12/site-packages/airflow/example_dags/example_branch_labels.py
[2024-04-26T11:17:52.816+0000] {logging_mixin.py:188} INFO - [2024-04-26T11:17:52.816+0000] {dag.py:3096} INFO - Sync 1 DAGs
[2024-04-26T11:17:52.842+0000] {logging_mixin.py:188} INFO - [2024-04-26T11:17:52.842+0000] {dag.py:3954} INFO - Setting next_dagrun for example_branch_labels to 2024-04-25 00:00:00+00:00, run_after=2024-04-26 00:00:00+00:00
[2024-04-26T11:17:52.870+0000] {processor.py:183} INFO - Processing /home/airflow/.local/lib/python3.12/site-packages/airflow/example_dags/example_branch_labels.py took 0.099 seconds
[2024-04-26T11:18:23.734+0000] {processor.py:161} INFO - Started process (PID=227) to work on /home/airflow/.local/lib/python3.12/site-packages/airflow/example_dags/example_branch_labels.py
[2024-04-26T11:18:23.736+0000] {processor.py:830} INFO - Processing file /home/airflow/.local/lib/python3.12/site-packages/airflow/example_dags/example_branch_labels.py for tasks to queue
[2024-04-26T11:18:23.738+0000] {logging_mixin.py:188} INFO - [2024-04-26T11:18:23.738+0000] {dagbag.py:540} INFO - Filling up the DagBag from /home/airflow/.local/lib/python3.12/site-packages/airflow/example_dags/example_branch_labels.py
[2024-04-26T11:18:23.748+0000] {processor.py:840} INFO - DAG(s) 'example_branch_labels' retrieved from /home/airflow/.local/lib/python3.12/site-packages/airflow/example_dags/example_branch_labels.py
[2024-04-26T11:18:23.773+0000] {logging_mixin.py:188} INFO - [2024-04-26T11:18:23.773+0000] {dag.py:3096} INFO - Sync 1 DAGs
[2024-04-26T11:18:23.800+0000] {logging_mixin.py:188} INFO - [2024-04-26T11:18:23.800+0000] {dag.py:3954} INFO - Setting next_dagrun for example_branch_labels to 2024-04-25 00:00:00+00:00, run_after=2024-04-26 00:00:00+00:00
[2024-04-26T11:18:23.825+0000] {processor.py:183} INFO - Processing /home/airflow/.local/lib/python3.12/site-packages/airflow/example_dags/example_branch_labels.py took 0.097 seconds
[2024-04-26T11:18:54.087+0000] {processor.py:161} INFO - Started process (PID=285) to work on /home/airflow/.local/lib/python3.12/site-packages/airflow/example_dags/example_branch_labels.py
[2024-04-26T11:18:54.089+0000] {processor.py:830} INFO - Processing file /home/airflow/.local/lib/python3.12/site-packages/airflow/example_dags/example_branch_labels.py for tasks to queue
[2024-04-26T11:18:54.092+0000] {logging_mixin.py:188} INFO - [2024-04-26T11:18:54.092+0000] {dagbag.py:540} INFO - Filling up the DagBag from /home/airflow/.local/lib/python3.12/site-packages/airflow/example_dags/example_branch_labels.py
[2024-04-26T11:18:54.100+0000] {processor.py:840} INFO - DAG(s) 'example_branch_labels' retrieved from /home/airflow/.local/lib/python3.12/site-packages/airflow/example_dags/example_branch_labels.py
[2024-04-26T11:18:54.128+0000] {logging_mixin.py:188} INFO - [2024-04-26T11:18:54.127+0000] {dag.py:3096} INFO - Sync 1 DAGs
[2024-04-26T11:18:54.155+0000] {logging_mixin.py:188} INFO - [2024-04-26T11:18:54.155+0000] {dag.py:3954} INFO - Setting next_dagrun for example_branch_labels to 2024-04-25 00:00:00+00:00, run_after=2024-04-26 00:00:00+00:00
[2024-04-26T11:18:54.181+0000] {processor.py:183} INFO - Processing /home/airflow/.local/lib/python3.12/site-packages/airflow/example_dags/example_branch_labels.py took 0.100 seconds
[2024-04-26T11:19:24.316+0000] {processor.py:161} INFO - Started process (PID=343) to work on /home/airflow/.local/lib/python3.12/site-packages/airflow/example_dags/example_branch_labels.py
[2024-04-26T11:19:24.317+0000] {processor.py:830} INFO - Processing file /home/airflow/.local/lib/python3.12/site-packages/airflow/example_dags/example_branch_labels.py for tasks to queue
[2024-04-26T11:19:24.320+0000] {logging_mixin.py:188} INFO - [2024-04-26T11:19:24.320+0000] {dagbag.py:540} INFO - Filling up the DagBag from /home/airflow/.local/lib/python3.12/site-packages/airflow/example_dags/example_branch_labels.py
[2024-04-26T11:19:24.329+0000] {processor.py:840} INFO - DAG(s) 'example_branch_labels' retrieved from /home/airflow/.local/lib/python3.12/site-packages/airflow/example_dags/example_branch_labels.py
[2024-04-26T11:19:24.358+0000] {logging_mixin.py:188} INFO - [2024-04-26T11:19:24.358+0000] {dag.py:3096} INFO - Sync 1 DAGs
[2024-04-26T11:19:24.388+0000] {logging_mixin.py:188} INFO - [2024-04-26T11:19:24.388+0000] {dag.py:3954} INFO - Setting next_dagrun for example_branch_labels to 2024-04-25 00:00:00+00:00, run_after=2024-04-26 00:00:00+00:00
[2024-04-26T11:19:24.415+0000] {processor.py:183} INFO - Processing /home/airflow/.local/lib/python3.12/site-packages/airflow/example_dags/example_branch_labels.py took 0.106 seconds
[2024-04-26T11:19:54.464+0000] {processor.py:161} INFO - Started process (PID=400) to work on /home/airflow/.local/lib/python3.12/site-packages/airflow/example_dags/example_branch_labels.py
[2024-04-26T11:19:54.466+0000] {processor.py:830} INFO - Processing file /home/airflow/.local/lib/python3.12/site-packages/airflow/example_dags/example_branch_labels.py for tasks to queue
[2024-04-26T11:19:54.468+0000] {logging_mixin.py:188} INFO - [2024-04-26T11:19:54.468+0000] {dagbag.py:540} INFO - Filling up the DagBag from /home/airflow/.local/lib/python3.12/site-packages/airflow/example_dags/example_branch_labels.py
[2024-04-26T11:19:54.477+0000] {processor.py:840} INFO - DAG(s) 'example_branch_labels' retrieved from /home/airflow/.local/lib/python3.12/site-packages/airflow/example_dags/example_branch_labels.py
[2024-04-26T11:19:54.503+0000] {logging_mixin.py:188} INFO - [2024-04-26T11:19:54.503+0000] {dag.py:3096} INFO - Sync 1 DAGs
[2024-04-26T11:19:54.529+0000] {logging_mixin.py:188} INFO - [2024-04-26T11:19:54.528+0000] {dag.py:3954} INFO - Setting next_dagrun for example_branch_labels to 2024-04-25 00:00:00+00:00, run_after=2024-04-26 00:00:00+00:00
[2024-04-26T11:19:54.554+0000] {processor.py:183} INFO - Processing /home/airflow/.local/lib/python3.12/site-packages/airflow/example_dags/example_branch_labels.py took 0.096 seconds
[2024-04-26T11:20:24.777+0000] {processor.py:161} INFO - Started process (PID=458) to work on /home/airflow/.local/lib/python3.12/site-packages/airflow/example_dags/example_branch_labels.py
[2024-04-26T11:20:24.778+0000] {processor.py:830} INFO - Processing file /home/airflow/.local/lib/python3.12/site-packages/airflow/example_dags/example_branch_labels.py for tasks to queue
[2024-04-26T11:20:24.780+0000] {logging_mixin.py:188} INFO - [2024-04-26T11:20:24.780+0000] {dagbag.py:540} INFO - Filling up the DagBag from /home/airflow/.local/lib/python3.12/site-packages/airflow/example_dags/example_branch_labels.py
[2024-04-26T11:20:24.789+0000] {processor.py:840} INFO - DAG(s) 'example_branch_labels' retrieved from /home/airflow/.local/lib/python3.12/site-packages/airflow/example_dags/example_branch_labels.py
[2024-04-26T11:20:24.817+0000] {logging_mixin.py:188} INFO - [2024-04-26T11:20:24.816+0000] {dag.py:3096} INFO - Sync 1 DAGs
[2024-04-26T11:20:24.850+0000] {logging_mixin.py:188} INFO - [2024-04-26T11:20:24.850+0000] {dag.py:3954} INFO - Setting next_dagrun for example_branch_labels to 2024-04-25 00:00:00+00:00, run_after=2024-04-26 00:00:00+00:00
[2024-04-26T11:20:24.876+0000] {processor.py:183} INFO - Processing /home/airflow/.local/lib/python3.12/site-packages/airflow/example_dags/example_branch_labels.py took 0.106 seconds
[2024-04-26T11:21:47.356+0000] {processor.py:161} INFO - Started process (PID=47) to work on /home/airflow/.local/lib/python3.12/site-packages/airflow/example_dags/example_branch_labels.py
[2024-04-26T11:21:47.357+0000] {processor.py:830} INFO - Processing file /home/airflow/.local/lib/python3.12/site-packages/airflow/example_dags/example_branch_labels.py for tasks to queue
[2024-04-26T11:21:47.359+0000] {logging_mixin.py:188} INFO - [2024-04-26T11:21:47.359+0000] {dagbag.py:540} INFO - Filling up the DagBag from /home/airflow/.local/lib/python3.12/site-packages/airflow/example_dags/example_branch_labels.py
[2024-04-26T11:21:47.373+0000] {processor.py:840} INFO - DAG(s) 'example_branch_labels' retrieved from /home/airflow/.local/lib/python3.12/site-packages/airflow/example_dags/example_branch_labels.py
[2024-04-26T11:21:47.392+0000] {logging_mixin.py:188} INFO - [2024-04-26T11:21:47.392+0000] {dag.py:3096} INFO - Sync 1 DAGs
[2024-04-26T11:21:47.440+0000] {logging_mixin.py:188} INFO - [2024-04-26T11:21:47.439+0000] {dag.py:3954} INFO - Setting next_dagrun for example_branch_labels to 2024-04-25 00:00:00+00:00, run_after=2024-04-26 00:00:00+00:00
[2024-04-26T11:21:47.472+0000] {processor.py:183} INFO - Processing /home/airflow/.local/lib/python3.12/site-packages/airflow/example_dags/example_branch_labels.py took 0.125 seconds
