[2024-04-26T11:16:56.533+0000] {processor.py:161} INFO - Started process (PID=78) to work on /home/airflow/.local/lib/python3.12/site-packages/airflow/example_dags/example_params_ui_tutorial.py
[2024-04-26T11:16:56.535+0000] {processor.py:830} INFO - Processing file /home/airflow/.local/lib/python3.12/site-packages/airflow/example_dags/example_params_ui_tutorial.py for tasks to queue
[2024-04-26T11:16:56.538+0000] {logging_mixin.py:188} INFO - [2024-04-26T11:16:56.538+0000] {dagbag.py:540} INFO - Filling up the DagBag from /home/airflow/.local/lib/python3.12/site-packages/airflow/example_dags/example_params_ui_tutorial.py
[2024-04-26T11:16:56.570+0000] {processor.py:840} INFO - DAG(s) 'example_params_ui_tutorial' retrieved from /home/airflow/.local/lib/python3.12/site-packages/airflow/example_dags/example_params_ui_tutorial.py
[2024-04-26T11:16:56.886+0000] {logging_mixin.py:188} INFO - [2024-04-26T11:16:56.884+0000] {override.py:1829} INFO - Created Permission View: can delete on DAG:example_params_ui_tutorial
[2024-04-26T11:16:56.922+0000] {logging_mixin.py:188} INFO - [2024-04-26T11:16:56.921+0000] {override.py:1829} INFO - Created Permission View: can edit on DAG:example_params_ui_tutorial
[2024-04-26T11:16:56.950+0000] {logging_mixin.py:188} INFO - [2024-04-26T11:16:56.949+0000] {override.py:1829} INFO - Created Permission View: can read on DAG:example_params_ui_tutorial
[2024-04-26T11:16:56.951+0000] {logging_mixin.py:188} INFO - [2024-04-26T11:16:56.951+0000] {dag.py:3096} INFO - Sync 1 DAGs
[2024-04-26T11:16:56.970+0000] {logging_mixin.py:188} INFO - [2024-04-26T11:16:56.970+0000] {dag.py:3118} INFO - Creating ORM DAG for example_params_ui_tutorial
[2024-04-26T11:16:56.972+0000] {logging_mixin.py:188} INFO - [2024-04-26T11:16:56.972+0000] {dag.py:3954} INFO - Setting next_dagrun for example_params_ui_tutorial to None, run_after=None
[2024-04-26T11:16:57.012+0000] {processor.py:183} INFO - Processing /home/airflow/.local/lib/python3.12/site-packages/airflow/example_dags/example_params_ui_tutorial.py took 0.491 seconds
[2024-04-26T11:17:27.496+0000] {processor.py:161} INFO - Started process (PID=136) to work on /home/airflow/.local/lib/python3.12/site-packages/airflow/example_dags/example_params_ui_tutorial.py
[2024-04-26T11:17:27.497+0000] {processor.py:830} INFO - Processing file /home/airflow/.local/lib/python3.12/site-packages/airflow/example_dags/example_params_ui_tutorial.py for tasks to queue
[2024-04-26T11:17:27.500+0000] {logging_mixin.py:188} INFO - [2024-04-26T11:17:27.499+0000] {dagbag.py:540} INFO - Filling up the DagBag from /home/airflow/.local/lib/python3.12/site-packages/airflow/example_dags/example_params_ui_tutorial.py
[2024-04-26T11:17:27.512+0000] {processor.py:840} INFO - DAG(s) 'example_params_ui_tutorial' retrieved from /home/airflow/.local/lib/python3.12/site-packages/airflow/example_dags/example_params_ui_tutorial.py
[2024-04-26T11:17:27.575+0000] {logging_mixin.py:188} INFO - [2024-04-26T11:17:27.575+0000] {dag.py:3096} INFO - Sync 1 DAGs
[2024-04-26T11:17:27.590+0000] {logging_mixin.py:188} INFO - [2024-04-26T11:17:27.590+0000] {dag.py:3954} INFO - Setting next_dagrun for example_params_ui_tutorial to None, run_after=None
[2024-04-26T11:17:27.620+0000] {processor.py:183} INFO - Processing /home/airflow/.local/lib/python3.12/site-packages/airflow/example_dags/example_params_ui_tutorial.py took 0.132 seconds
[2024-04-26T11:17:58.657+0000] {processor.py:161} INFO - Started process (PID=194) to work on /home/airflow/.local/lib/python3.12/site-packages/airflow/example_dags/example_params_ui_tutorial.py
[2024-04-26T11:17:58.659+0000] {processor.py:830} INFO - Processing file /home/airflow/.local/lib/python3.12/site-packages/airflow/example_dags/example_params_ui_tutorial.py for tasks to queue
[2024-04-26T11:17:58.661+0000] {logging_mixin.py:188} INFO - [2024-04-26T11:17:58.661+0000] {dagbag.py:540} INFO - Filling up the DagBag from /home/airflow/.local/lib/python3.12/site-packages/airflow/example_dags/example_params_ui_tutorial.py
[2024-04-26T11:17:58.678+0000] {processor.py:840} INFO - DAG(s) 'example_params_ui_tutorial' retrieved from /home/airflow/.local/lib/python3.12/site-packages/airflow/example_dags/example_params_ui_tutorial.py
[2024-04-26T11:17:58.752+0000] {logging_mixin.py:188} INFO - [2024-04-26T11:17:58.751+0000] {dag.py:3096} INFO - Sync 1 DAGs
[2024-04-26T11:17:58.772+0000] {logging_mixin.py:188} INFO - [2024-04-26T11:17:58.772+0000] {dag.py:3954} INFO - Setting next_dagrun for example_params_ui_tutorial to None, run_after=None
[2024-04-26T11:17:58.803+0000] {processor.py:183} INFO - Processing /home/airflow/.local/lib/python3.12/site-packages/airflow/example_dags/example_params_ui_tutorial.py took 0.153 seconds
[2024-04-26T11:18:29.612+0000] {processor.py:161} INFO - Started process (PID=252) to work on /home/airflow/.local/lib/python3.12/site-packages/airflow/example_dags/example_params_ui_tutorial.py
[2024-04-26T11:18:29.613+0000] {processor.py:830} INFO - Processing file /home/airflow/.local/lib/python3.12/site-packages/airflow/example_dags/example_params_ui_tutorial.py for tasks to queue
[2024-04-26T11:18:29.615+0000] {logging_mixin.py:188} INFO - [2024-04-26T11:18:29.615+0000] {dagbag.py:540} INFO - Filling up the DagBag from /home/airflow/.local/lib/python3.12/site-packages/airflow/example_dags/example_params_ui_tutorial.py
[2024-04-26T11:18:29.628+0000] {processor.py:840} INFO - DAG(s) 'example_params_ui_tutorial' retrieved from /home/airflow/.local/lib/python3.12/site-packages/airflow/example_dags/example_params_ui_tutorial.py
[2024-04-26T11:18:29.687+0000] {logging_mixin.py:188} INFO - [2024-04-26T11:18:29.687+0000] {dag.py:3096} INFO - Sync 1 DAGs
[2024-04-26T11:18:29.704+0000] {logging_mixin.py:188} INFO - [2024-04-26T11:18:29.704+0000] {dag.py:3954} INFO - Setting next_dagrun for example_params_ui_tutorial to None, run_after=None
[2024-04-26T11:18:29.729+0000] {processor.py:183} INFO - Processing /home/airflow/.local/lib/python3.12/site-packages/airflow/example_dags/example_params_ui_tutorial.py took 0.124 seconds
[2024-04-26T11:18:59.784+0000] {processor.py:161} INFO - Started process (PID=310) to work on /home/airflow/.local/lib/python3.12/site-packages/airflow/example_dags/example_params_ui_tutorial.py
[2024-04-26T11:18:59.785+0000] {processor.py:830} INFO - Processing file /home/airflow/.local/lib/python3.12/site-packages/airflow/example_dags/example_params_ui_tutorial.py for tasks to queue
[2024-04-26T11:18:59.788+0000] {logging_mixin.py:188} INFO - [2024-04-26T11:18:59.788+0000] {dagbag.py:540} INFO - Filling up the DagBag from /home/airflow/.local/lib/python3.12/site-packages/airflow/example_dags/example_params_ui_tutorial.py
[2024-04-26T11:18:59.802+0000] {processor.py:840} INFO - DAG(s) 'example_params_ui_tutorial' retrieved from /home/airflow/.local/lib/python3.12/site-packages/airflow/example_dags/example_params_ui_tutorial.py
[2024-04-26T11:18:59.856+0000] {logging_mixin.py:188} INFO - [2024-04-26T11:18:59.855+0000] {dag.py:3096} INFO - Sync 1 DAGs
[2024-04-26T11:18:59.870+0000] {logging_mixin.py:188} INFO - [2024-04-26T11:18:59.870+0000] {dag.py:3954} INFO - Setting next_dagrun for example_params_ui_tutorial to None, run_after=None
[2024-04-26T11:18:59.895+0000] {processor.py:183} INFO - Processing /home/airflow/.local/lib/python3.12/site-packages/airflow/example_dags/example_params_ui_tutorial.py took 0.118 seconds
[2024-04-26T11:19:30.300+0000] {processor.py:161} INFO - Started process (PID=368) to work on /home/airflow/.local/lib/python3.12/site-packages/airflow/example_dags/example_params_ui_tutorial.py
[2024-04-26T11:19:30.305+0000] {processor.py:830} INFO - Processing file /home/airflow/.local/lib/python3.12/site-packages/airflow/example_dags/example_params_ui_tutorial.py for tasks to queue
[2024-04-26T11:19:30.310+0000] {logging_mixin.py:188} INFO - [2024-04-26T11:19:30.309+0000] {dagbag.py:540} INFO - Filling up the DagBag from /home/airflow/.local/lib/python3.12/site-packages/airflow/example_dags/example_params_ui_tutorial.py
[2024-04-26T11:19:30.346+0000] {processor.py:840} INFO - DAG(s) 'example_params_ui_tutorial' retrieved from /home/airflow/.local/lib/python3.12/site-packages/airflow/example_dags/example_params_ui_tutorial.py
[2024-04-26T11:19:30.500+0000] {logging_mixin.py:188} INFO - [2024-04-26T11:19:30.499+0000] {dag.py:3096} INFO - Sync 1 DAGs
[2024-04-26T11:19:30.527+0000] {logging_mixin.py:188} INFO - [2024-04-26T11:19:30.526+0000] {dag.py:3954} INFO - Setting next_dagrun for example_params_ui_tutorial to None, run_after=None
[2024-04-26T11:19:30.561+0000] {processor.py:183} INFO - Processing /home/airflow/.local/lib/python3.12/site-packages/airflow/example_dags/example_params_ui_tutorial.py took 0.274 seconds
[2024-04-26T11:20:00.715+0000] {processor.py:161} INFO - Started process (PID=427) to work on /home/airflow/.local/lib/python3.12/site-packages/airflow/example_dags/example_params_ui_tutorial.py
[2024-04-26T11:20:00.716+0000] {processor.py:830} INFO - Processing file /home/airflow/.local/lib/python3.12/site-packages/airflow/example_dags/example_params_ui_tutorial.py for tasks to queue
[2024-04-26T11:20:00.718+0000] {logging_mixin.py:188} INFO - [2024-04-26T11:20:00.717+0000] {dagbag.py:540} INFO - Filling up the DagBag from /home/airflow/.local/lib/python3.12/site-packages/airflow/example_dags/example_params_ui_tutorial.py
[2024-04-26T11:20:00.729+0000] {processor.py:840} INFO - DAG(s) 'example_params_ui_tutorial' retrieved from /home/airflow/.local/lib/python3.12/site-packages/airflow/example_dags/example_params_ui_tutorial.py
[2024-04-26T11:20:00.788+0000] {logging_mixin.py:188} INFO - [2024-04-26T11:20:00.787+0000] {dag.py:3096} INFO - Sync 1 DAGs
[2024-04-26T11:20:00.804+0000] {logging_mixin.py:188} INFO - [2024-04-26T11:20:00.804+0000] {dag.py:3954} INFO - Setting next_dagrun for example_params_ui_tutorial to None, run_after=None
[2024-04-26T11:20:00.834+0000] {processor.py:183} INFO - Processing /home/airflow/.local/lib/python3.12/site-packages/airflow/example_dags/example_params_ui_tutorial.py took 0.126 seconds
[2024-04-26T11:20:31.740+0000] {processor.py:161} INFO - Started process (PID=485) to work on /home/airflow/.local/lib/python3.12/site-packages/airflow/example_dags/example_params_ui_tutorial.py
[2024-04-26T11:20:31.742+0000] {processor.py:830} INFO - Processing file /home/airflow/.local/lib/python3.12/site-packages/airflow/example_dags/example_params_ui_tutorial.py for tasks to queue
[2024-04-26T11:20:31.744+0000] {logging_mixin.py:188} INFO - [2024-04-26T11:20:31.744+0000] {dagbag.py:540} INFO - Filling up the DagBag from /home/airflow/.local/lib/python3.12/site-packages/airflow/example_dags/example_params_ui_tutorial.py
[2024-04-26T11:20:31.755+0000] {processor.py:840} INFO - DAG(s) 'example_params_ui_tutorial' retrieved from /home/airflow/.local/lib/python3.12/site-packages/airflow/example_dags/example_params_ui_tutorial.py
[2024-04-26T11:20:31.813+0000] {logging_mixin.py:188} INFO - [2024-04-26T11:20:31.813+0000] {dag.py:3096} INFO - Sync 1 DAGs
[2024-04-26T11:20:31.828+0000] {logging_mixin.py:188} INFO - [2024-04-26T11:20:31.828+0000] {dag.py:3954} INFO - Setting next_dagrun for example_params_ui_tutorial to None, run_after=None
[2024-04-26T11:20:31.853+0000] {processor.py:183} INFO - Processing /home/airflow/.local/lib/python3.12/site-packages/airflow/example_dags/example_params_ui_tutorial.py took 0.118 seconds
[2024-04-26T11:21:49.388+0000] {processor.py:161} INFO - Started process (PID=72) to work on /home/airflow/.local/lib/python3.12/site-packages/airflow/example_dags/example_params_ui_tutorial.py
[2024-04-26T11:21:49.390+0000] {processor.py:830} INFO - Processing file /home/airflow/.local/lib/python3.12/site-packages/airflow/example_dags/example_params_ui_tutorial.py for tasks to queue
[2024-04-26T11:21:49.393+0000] {logging_mixin.py:188} INFO - [2024-04-26T11:21:49.393+0000] {dagbag.py:540} INFO - Filling up the DagBag from /home/airflow/.local/lib/python3.12/site-packages/airflow/example_dags/example_params_ui_tutorial.py
[2024-04-26T11:21:49.411+0000] {processor.py:840} INFO - DAG(s) 'example_params_ui_tutorial' retrieved from /home/airflow/.local/lib/python3.12/site-packages/airflow/example_dags/example_params_ui_tutorial.py
[2024-04-26T11:21:49.433+0000] {logging_mixin.py:188} INFO - [2024-04-26T11:21:49.432+0000] {dag.py:3096} INFO - Sync 1 DAGs
[2024-04-26T11:21:49.461+0000] {logging_mixin.py:188} INFO - [2024-04-26T11:21:49.461+0000] {dag.py:3954} INFO - Setting next_dagrun for example_params_ui_tutorial to None, run_after=None
[2024-04-26T11:21:49.505+0000] {processor.py:183} INFO - Processing /home/airflow/.local/lib/python3.12/site-packages/airflow/example_dags/example_params_ui_tutorial.py took 0.126 seconds
