[2024-04-26T11:16:57.778+0000] {processor.py:161} INFO - Started process (PID=84) to work on /home/airflow/.local/lib/python3.12/site-packages/airflow/example_dags/example_branch_operator.py
[2024-04-26T11:16:57.780+0000] {processor.py:830} INFO - Processing file /home/airflow/.local/lib/python3.12/site-packages/airflow/example_dags/example_branch_operator.py for tasks to queue
[2024-04-26T11:16:57.783+0000] {logging_mixin.py:188} INFO - [2024-04-26T11:16:57.782+0000] {dagbag.py:540} INFO - Filling up the DagBag from /home/airflow/.local/lib/python3.12/site-packages/airflow/example_dags/example_branch_operator.py
[2024-04-26T11:16:57.816+0000] {processor.py:840} INFO - DAG(s) 'example_branch_operator' retrieved from /home/airflow/.local/lib/python3.12/site-packages/airflow/example_dags/example_branch_operator.py
[2024-04-26T11:16:57.992+0000] {logging_mixin.py:188} INFO - [2024-04-26T11:16:57.991+0000] {override.py:1829} INFO - Created Permission View: can delete on DAG:example_branch_operator
[2024-04-26T11:16:58.006+0000] {logging_mixin.py:188} INFO - [2024-04-26T11:16:58.006+0000] {override.py:1829} INFO - Created Permission View: can edit on DAG:example_branch_operator
[2024-04-26T11:16:58.017+0000] {logging_mixin.py:188} INFO - [2024-04-26T11:16:58.017+0000] {override.py:1829} INFO - Created Permission View: can read on DAG:example_branch_operator
[2024-04-26T11:16:58.019+0000] {logging_mixin.py:188} INFO - [2024-04-26T11:16:58.018+0000] {dag.py:3096} INFO - Sync 1 DAGs
[2024-04-26T11:16:58.034+0000] {logging_mixin.py:188} INFO - [2024-04-26T11:16:58.034+0000] {dag.py:3118} INFO - Creating ORM DAG for example_branch_operator
[2024-04-26T11:16:58.051+0000] {logging_mixin.py:188} INFO - [2024-04-26T11:16:58.051+0000] {dag.py:3954} INFO - Setting next_dagrun for example_branch_operator to 2024-04-25 00:00:00+00:00, run_after=2024-04-26 00:00:00+00:00
[2024-04-26T11:16:58.080+0000] {processor.py:183} INFO - Processing /home/airflow/.local/lib/python3.12/site-packages/airflow/example_dags/example_branch_operator.py took 0.310 seconds
[2024-04-26T11:17:28.983+0000] {processor.py:161} INFO - Started process (PID=142) to work on /home/airflow/.local/lib/python3.12/site-packages/airflow/example_dags/example_branch_operator.py
[2024-04-26T11:17:28.984+0000] {processor.py:830} INFO - Processing file /home/airflow/.local/lib/python3.12/site-packages/airflow/example_dags/example_branch_operator.py for tasks to queue
[2024-04-26T11:17:28.987+0000] {logging_mixin.py:188} INFO - [2024-04-26T11:17:28.987+0000] {dagbag.py:540} INFO - Filling up the DagBag from /home/airflow/.local/lib/python3.12/site-packages/airflow/example_dags/example_branch_operator.py
[2024-04-26T11:17:29.015+0000] {processor.py:840} INFO - DAG(s) 'example_branch_operator' retrieved from /home/airflow/.local/lib/python3.12/site-packages/airflow/example_dags/example_branch_operator.py
[2024-04-26T11:17:29.055+0000] {logging_mixin.py:188} INFO - [2024-04-26T11:17:29.054+0000] {dag.py:3096} INFO - Sync 1 DAGs
[2024-04-26T11:17:29.086+0000] {logging_mixin.py:188} INFO - [2024-04-26T11:17:29.086+0000] {dag.py:3954} INFO - Setting next_dagrun for example_branch_operator to 2024-04-25 00:00:00+00:00, run_after=2024-04-26 00:00:00+00:00
[2024-04-26T11:17:29.110+0000] {processor.py:183} INFO - Processing /home/airflow/.local/lib/python3.12/site-packages/airflow/example_dags/example_branch_operator.py took 0.135 seconds
[2024-04-26T11:18:00.130+0000] {processor.py:161} INFO - Started process (PID=200) to work on /home/airflow/.local/lib/python3.12/site-packages/airflow/example_dags/example_branch_operator.py
[2024-04-26T11:18:00.132+0000] {processor.py:830} INFO - Processing file /home/airflow/.local/lib/python3.12/site-packages/airflow/example_dags/example_branch_operator.py for tasks to queue
[2024-04-26T11:18:00.135+0000] {logging_mixin.py:188} INFO - [2024-04-26T11:18:00.135+0000] {dagbag.py:540} INFO - Filling up the DagBag from /home/airflow/.local/lib/python3.12/site-packages/airflow/example_dags/example_branch_operator.py
[2024-04-26T11:18:00.172+0000] {processor.py:840} INFO - DAG(s) 'example_branch_operator' retrieved from /home/airflow/.local/lib/python3.12/site-packages/airflow/example_dags/example_branch_operator.py
[2024-04-26T11:18:00.218+0000] {logging_mixin.py:188} INFO - [2024-04-26T11:18:00.218+0000] {dag.py:3096} INFO - Sync 1 DAGs
[2024-04-26T11:18:00.259+0000] {logging_mixin.py:188} INFO - [2024-04-26T11:18:00.259+0000] {dag.py:3954} INFO - Setting next_dagrun for example_branch_operator to 2024-04-25 00:00:00+00:00, run_after=2024-04-26 00:00:00+00:00
[2024-04-26T11:18:00.295+0000] {processor.py:183} INFO - Processing /home/airflow/.local/lib/python3.12/site-packages/airflow/example_dags/example_branch_operator.py took 0.173 seconds
[2024-04-26T11:18:31.032+0000] {processor.py:161} INFO - Started process (PID=258) to work on /home/airflow/.local/lib/python3.12/site-packages/airflow/example_dags/example_branch_operator.py
[2024-04-26T11:18:31.033+0000] {processor.py:830} INFO - Processing file /home/airflow/.local/lib/python3.12/site-packages/airflow/example_dags/example_branch_operator.py for tasks to queue
[2024-04-26T11:18:31.035+0000] {logging_mixin.py:188} INFO - [2024-04-26T11:18:31.035+0000] {dagbag.py:540} INFO - Filling up the DagBag from /home/airflow/.local/lib/python3.12/site-packages/airflow/example_dags/example_branch_operator.py
[2024-04-26T11:18:31.055+0000] {processor.py:840} INFO - DAG(s) 'example_branch_operator' retrieved from /home/airflow/.local/lib/python3.12/site-packages/airflow/example_dags/example_branch_operator.py
[2024-04-26T11:18:31.090+0000] {logging_mixin.py:188} INFO - [2024-04-26T11:18:31.090+0000] {dag.py:3096} INFO - Sync 1 DAGs
[2024-04-26T11:18:31.121+0000] {logging_mixin.py:188} INFO - [2024-04-26T11:18:31.120+0000] {dag.py:3954} INFO - Setting next_dagrun for example_branch_operator to 2024-04-25 00:00:00+00:00, run_after=2024-04-26 00:00:00+00:00
[2024-04-26T11:18:31.149+0000] {processor.py:183} INFO - Processing /home/airflow/.local/lib/python3.12/site-packages/airflow/example_dags/example_branch_operator.py took 0.124 seconds
[2024-04-26T11:19:01.206+0000] {processor.py:161} INFO - Started process (PID=317) to work on /home/airflow/.local/lib/python3.12/site-packages/airflow/example_dags/example_branch_operator.py
[2024-04-26T11:19:01.208+0000] {processor.py:830} INFO - Processing file /home/airflow/.local/lib/python3.12/site-packages/airflow/example_dags/example_branch_operator.py for tasks to queue
[2024-04-26T11:19:01.210+0000] {logging_mixin.py:188} INFO - [2024-04-26T11:19:01.210+0000] {dagbag.py:540} INFO - Filling up the DagBag from /home/airflow/.local/lib/python3.12/site-packages/airflow/example_dags/example_branch_operator.py
[2024-04-26T11:19:01.227+0000] {processor.py:840} INFO - DAG(s) 'example_branch_operator' retrieved from /home/airflow/.local/lib/python3.12/site-packages/airflow/example_dags/example_branch_operator.py
[2024-04-26T11:19:01.265+0000] {logging_mixin.py:188} INFO - [2024-04-26T11:19:01.264+0000] {dag.py:3096} INFO - Sync 1 DAGs
[2024-04-26T11:19:01.293+0000] {logging_mixin.py:188} INFO - [2024-04-26T11:19:01.293+0000] {dag.py:3954} INFO - Setting next_dagrun for example_branch_operator to 2024-04-25 00:00:00+00:00, run_after=2024-04-26 00:00:00+00:00
[2024-04-26T11:19:01.321+0000] {processor.py:183} INFO - Processing /home/airflow/.local/lib/python3.12/site-packages/airflow/example_dags/example_branch_operator.py took 0.122 seconds
[2024-04-26T11:19:31.928+0000] {processor.py:161} INFO - Started process (PID=374) to work on /home/airflow/.local/lib/python3.12/site-packages/airflow/example_dags/example_branch_operator.py
[2024-04-26T11:19:31.930+0000] {processor.py:830} INFO - Processing file /home/airflow/.local/lib/python3.12/site-packages/airflow/example_dags/example_branch_operator.py for tasks to queue
[2024-04-26T11:19:31.932+0000] {logging_mixin.py:188} INFO - [2024-04-26T11:19:31.932+0000] {dagbag.py:540} INFO - Filling up the DagBag from /home/airflow/.local/lib/python3.12/site-packages/airflow/example_dags/example_branch_operator.py
[2024-04-26T11:19:31.950+0000] {processor.py:840} INFO - DAG(s) 'example_branch_operator' retrieved from /home/airflow/.local/lib/python3.12/site-packages/airflow/example_dags/example_branch_operator.py
[2024-04-26T11:19:31.986+0000] {logging_mixin.py:188} INFO - [2024-04-26T11:19:31.985+0000] {dag.py:3096} INFO - Sync 1 DAGs
[2024-04-26T11:19:32.016+0000] {logging_mixin.py:188} INFO - [2024-04-26T11:19:32.016+0000] {dag.py:3954} INFO - Setting next_dagrun for example_branch_operator to 2024-04-25 00:00:00+00:00, run_after=2024-04-26 00:00:00+00:00
[2024-04-26T11:19:32.045+0000] {processor.py:183} INFO - Processing /home/airflow/.local/lib/python3.12/site-packages/airflow/example_dags/example_branch_operator.py took 0.124 seconds
[2024-04-26T11:20:02.176+0000] {processor.py:161} INFO - Started process (PID=432) to work on /home/airflow/.local/lib/python3.12/site-packages/airflow/example_dags/example_branch_operator.py
[2024-04-26T11:20:02.178+0000] {processor.py:830} INFO - Processing file /home/airflow/.local/lib/python3.12/site-packages/airflow/example_dags/example_branch_operator.py for tasks to queue
[2024-04-26T11:20:02.181+0000] {logging_mixin.py:188} INFO - [2024-04-26T11:20:02.181+0000] {dagbag.py:540} INFO - Filling up the DagBag from /home/airflow/.local/lib/python3.12/site-packages/airflow/example_dags/example_branch_operator.py
[2024-04-26T11:20:02.209+0000] {processor.py:840} INFO - DAG(s) 'example_branch_operator' retrieved from /home/airflow/.local/lib/python3.12/site-packages/airflow/example_dags/example_branch_operator.py
[2024-04-26T11:20:02.256+0000] {logging_mixin.py:188} INFO - [2024-04-26T11:20:02.256+0000] {dag.py:3096} INFO - Sync 1 DAGs
[2024-04-26T11:20:02.292+0000] {logging_mixin.py:188} INFO - [2024-04-26T11:20:02.292+0000] {dag.py:3954} INFO - Setting next_dagrun for example_branch_operator to 2024-04-25 00:00:00+00:00, run_after=2024-04-26 00:00:00+00:00
[2024-04-26T11:20:02.322+0000] {processor.py:183} INFO - Processing /home/airflow/.local/lib/python3.12/site-packages/airflow/example_dags/example_branch_operator.py took 0.154 seconds
[2024-04-26T11:20:33.058+0000] {processor.py:161} INFO - Started process (PID=490) to work on /home/airflow/.local/lib/python3.12/site-packages/airflow/example_dags/example_branch_operator.py
[2024-04-26T11:20:33.060+0000] {processor.py:830} INFO - Processing file /home/airflow/.local/lib/python3.12/site-packages/airflow/example_dags/example_branch_operator.py for tasks to queue
[2024-04-26T11:20:33.062+0000] {logging_mixin.py:188} INFO - [2024-04-26T11:20:33.062+0000] {dagbag.py:540} INFO - Filling up the DagBag from /home/airflow/.local/lib/python3.12/site-packages/airflow/example_dags/example_branch_operator.py
[2024-04-26T11:20:33.078+0000] {processor.py:840} INFO - DAG(s) 'example_branch_operator' retrieved from /home/airflow/.local/lib/python3.12/site-packages/airflow/example_dags/example_branch_operator.py
[2024-04-26T11:20:33.112+0000] {logging_mixin.py:188} INFO - [2024-04-26T11:20:33.111+0000] {dag.py:3096} INFO - Sync 1 DAGs
[2024-04-26T11:20:33.140+0000] {logging_mixin.py:188} INFO - [2024-04-26T11:20:33.140+0000] {dag.py:3954} INFO - Setting next_dagrun for example_branch_operator to 2024-04-25 00:00:00+00:00, run_after=2024-04-26 00:00:00+00:00
[2024-04-26T11:20:33.171+0000] {processor.py:183} INFO - Processing /home/airflow/.local/lib/python3.12/site-packages/airflow/example_dags/example_branch_operator.py took 0.118 seconds
[2024-04-26T11:21:49.845+0000] {processor.py:161} INFO - Started process (PID=78) to work on /home/airflow/.local/lib/python3.12/site-packages/airflow/example_dags/example_branch_operator.py
[2024-04-26T11:21:49.847+0000] {processor.py:830} INFO - Processing file /home/airflow/.local/lib/python3.12/site-packages/airflow/example_dags/example_branch_operator.py for tasks to queue
[2024-04-26T11:21:49.850+0000] {logging_mixin.py:188} INFO - [2024-04-26T11:21:49.850+0000] {dagbag.py:540} INFO - Filling up the DagBag from /home/airflow/.local/lib/python3.12/site-packages/airflow/example_dags/example_branch_operator.py
[2024-04-26T11:21:49.876+0000] {processor.py:840} INFO - DAG(s) 'example_branch_operator' retrieved from /home/airflow/.local/lib/python3.12/site-packages/airflow/example_dags/example_branch_operator.py
[2024-04-26T11:21:49.894+0000] {logging_mixin.py:188} INFO - [2024-04-26T11:21:49.894+0000] {dag.py:3096} INFO - Sync 1 DAGs
[2024-04-26T11:21:49.943+0000] {logging_mixin.py:188} INFO - [2024-04-26T11:21:49.943+0000] {dag.py:3954} INFO - Setting next_dagrun for example_branch_operator to 2024-04-25 00:00:00+00:00, run_after=2024-04-26 00:00:00+00:00
[2024-04-26T11:21:49.975+0000] {processor.py:183} INFO - Processing /home/airflow/.local/lib/python3.12/site-packages/airflow/example_dags/example_branch_operator.py took 0.139 seconds
