[2024-04-26T11:16:53.749+0000] {processor.py:161} INFO - Started process (PID=66) to work on /home/airflow/.local/lib/python3.12/site-packages/airflow/example_dags/example_python_decorator.py
[2024-04-26T11:16:53.750+0000] {processor.py:830} INFO - Processing file /home/airflow/.local/lib/python3.12/site-packages/airflow/example_dags/example_python_decorator.py for tasks to queue
[2024-04-26T11:16:53.754+0000] {logging_mixin.py:188} INFO - [2024-04-26T11:16:53.753+0000] {dagbag.py:540} INFO - Filling up the DagBag from /home/airflow/.local/lib/python3.12/site-packages/airflow/example_dags/example_python_decorator.py
[2024-04-26T11:16:53.781+0000] {processor.py:840} INFO - DAG(s) 'example_python_decorator' retrieved from /home/airflow/.local/lib/python3.12/site-packages/airflow/example_dags/example_python_decorator.py
[2024-04-26T11:16:54.016+0000] {logging_mixin.py:188} INFO - [2024-04-26T11:16:54.015+0000] {override.py:1829} INFO - Created Permission View: can delete on DAG:example_python_decorator
[2024-04-26T11:16:54.034+0000] {logging_mixin.py:188} INFO - [2024-04-26T11:16:54.033+0000] {override.py:1829} INFO - Created Permission View: can edit on DAG:example_python_decorator
[2024-04-26T11:16:54.045+0000] {logging_mixin.py:188} INFO - [2024-04-26T11:16:54.044+0000] {override.py:1829} INFO - Created Permission View: can read on DAG:example_python_decorator
[2024-04-26T11:16:54.046+0000] {logging_mixin.py:188} INFO - [2024-04-26T11:16:54.046+0000] {dag.py:3096} INFO - Sync 1 DAGs
[2024-04-26T11:16:54.070+0000] {logging_mixin.py:188} INFO - [2024-04-26T11:16:54.070+0000] {dag.py:3118} INFO - Creating ORM DAG for example_python_decorator
[2024-04-26T11:16:54.072+0000] {logging_mixin.py:188} INFO - [2024-04-26T11:16:54.072+0000] {dag.py:3954} INFO - Setting next_dagrun for example_python_decorator to None, run_after=None
[2024-04-26T11:16:54.104+0000] {processor.py:183} INFO - Processing /home/airflow/.local/lib/python3.12/site-packages/airflow/example_dags/example_python_decorator.py took 0.363 seconds
[2024-04-26T11:17:24.536+0000] {processor.py:161} INFO - Started process (PID=124) to work on /home/airflow/.local/lib/python3.12/site-packages/airflow/example_dags/example_python_decorator.py
[2024-04-26T11:17:24.538+0000] {processor.py:830} INFO - Processing file /home/airflow/.local/lib/python3.12/site-packages/airflow/example_dags/example_python_decorator.py for tasks to queue
[2024-04-26T11:17:24.541+0000] {logging_mixin.py:188} INFO - [2024-04-26T11:17:24.540+0000] {dagbag.py:540} INFO - Filling up the DagBag from /home/airflow/.local/lib/python3.12/site-packages/airflow/example_dags/example_python_decorator.py
[2024-04-26T11:17:24.558+0000] {processor.py:840} INFO - DAG(s) 'example_python_decorator' retrieved from /home/airflow/.local/lib/python3.12/site-packages/airflow/example_dags/example_python_decorator.py
[2024-04-26T11:17:24.587+0000] {logging_mixin.py:188} INFO - [2024-04-26T11:17:24.587+0000] {dag.py:3096} INFO - Sync 1 DAGs
[2024-04-26T11:17:24.602+0000] {logging_mixin.py:188} INFO - [2024-04-26T11:17:24.602+0000] {dag.py:3954} INFO - Setting next_dagrun for example_python_decorator to None, run_after=None
[2024-04-26T11:17:24.629+0000] {processor.py:183} INFO - Processing /home/airflow/.local/lib/python3.12/site-packages/airflow/example_dags/example_python_decorator.py took 0.101 seconds
[2024-04-26T11:17:54.936+0000] {processor.py:161} INFO - Started process (PID=182) to work on /home/airflow/.local/lib/python3.12/site-packages/airflow/example_dags/example_python_decorator.py
[2024-04-26T11:17:54.938+0000] {processor.py:830} INFO - Processing file /home/airflow/.local/lib/python3.12/site-packages/airflow/example_dags/example_python_decorator.py for tasks to queue
[2024-04-26T11:17:54.941+0000] {logging_mixin.py:188} INFO - [2024-04-26T11:17:54.940+0000] {dagbag.py:540} INFO - Filling up the DagBag from /home/airflow/.local/lib/python3.12/site-packages/airflow/example_dags/example_python_decorator.py
[2024-04-26T11:17:54.957+0000] {processor.py:840} INFO - DAG(s) 'example_python_decorator' retrieved from /home/airflow/.local/lib/python3.12/site-packages/airflow/example_dags/example_python_decorator.py
[2024-04-26T11:17:55.029+0000] {logging_mixin.py:188} INFO - [2024-04-26T11:17:55.028+0000] {dag.py:3096} INFO - Sync 1 DAGs
[2024-04-26T11:17:55.063+0000] {logging_mixin.py:188} INFO - [2024-04-26T11:17:55.062+0000] {dag.py:3954} INFO - Setting next_dagrun for example_python_decorator to None, run_after=None
[2024-04-26T11:17:55.091+0000] {processor.py:183} INFO - Processing /home/airflow/.local/lib/python3.12/site-packages/airflow/example_dags/example_python_decorator.py took 0.162 seconds
[2024-04-26T11:18:25.726+0000] {processor.py:161} INFO - Started process (PID=240) to work on /home/airflow/.local/lib/python3.12/site-packages/airflow/example_dags/example_python_decorator.py
[2024-04-26T11:18:25.727+0000] {processor.py:830} INFO - Processing file /home/airflow/.local/lib/python3.12/site-packages/airflow/example_dags/example_python_decorator.py for tasks to queue
[2024-04-26T11:18:25.730+0000] {logging_mixin.py:188} INFO - [2024-04-26T11:18:25.729+0000] {dagbag.py:540} INFO - Filling up the DagBag from /home/airflow/.local/lib/python3.12/site-packages/airflow/example_dags/example_python_decorator.py
[2024-04-26T11:18:25.741+0000] {processor.py:840} INFO - DAG(s) 'example_python_decorator' retrieved from /home/airflow/.local/lib/python3.12/site-packages/airflow/example_dags/example_python_decorator.py
[2024-04-26T11:18:25.767+0000] {logging_mixin.py:188} INFO - [2024-04-26T11:18:25.766+0000] {dag.py:3096} INFO - Sync 1 DAGs
[2024-04-26T11:18:25.779+0000] {logging_mixin.py:188} INFO - [2024-04-26T11:18:25.779+0000] {dag.py:3954} INFO - Setting next_dagrun for example_python_decorator to None, run_after=None
[2024-04-26T11:18:25.802+0000] {processor.py:183} INFO - Processing /home/airflow/.local/lib/python3.12/site-packages/airflow/example_dags/example_python_decorator.py took 0.082 seconds
[2024-04-26T11:18:56.022+0000] {processor.py:161} INFO - Started process (PID=298) to work on /home/airflow/.local/lib/python3.12/site-packages/airflow/example_dags/example_python_decorator.py
[2024-04-26T11:18:56.023+0000] {processor.py:830} INFO - Processing file /home/airflow/.local/lib/python3.12/site-packages/airflow/example_dags/example_python_decorator.py for tasks to queue
[2024-04-26T11:18:56.026+0000] {logging_mixin.py:188} INFO - [2024-04-26T11:18:56.026+0000] {dagbag.py:540} INFO - Filling up the DagBag from /home/airflow/.local/lib/python3.12/site-packages/airflow/example_dags/example_python_decorator.py
[2024-04-26T11:18:56.039+0000] {processor.py:840} INFO - DAG(s) 'example_python_decorator' retrieved from /home/airflow/.local/lib/python3.12/site-packages/airflow/example_dags/example_python_decorator.py
[2024-04-26T11:18:56.066+0000] {logging_mixin.py:188} INFO - [2024-04-26T11:18:56.065+0000] {dag.py:3096} INFO - Sync 1 DAGs
[2024-04-26T11:18:56.079+0000] {logging_mixin.py:188} INFO - [2024-04-26T11:18:56.078+0000] {dag.py:3954} INFO - Setting next_dagrun for example_python_decorator to None, run_after=None
[2024-04-26T11:18:56.099+0000] {processor.py:183} INFO - Processing /home/airflow/.local/lib/python3.12/site-packages/airflow/example_dags/example_python_decorator.py took 0.083 seconds
[2024-04-26T11:19:26.415+0000] {processor.py:161} INFO - Started process (PID=356) to work on /home/airflow/.local/lib/python3.12/site-packages/airflow/example_dags/example_python_decorator.py
[2024-04-26T11:19:26.416+0000] {processor.py:830} INFO - Processing file /home/airflow/.local/lib/python3.12/site-packages/airflow/example_dags/example_python_decorator.py for tasks to queue
[2024-04-26T11:19:26.419+0000] {logging_mixin.py:188} INFO - [2024-04-26T11:19:26.419+0000] {dagbag.py:540} INFO - Filling up the DagBag from /home/airflow/.local/lib/python3.12/site-packages/airflow/example_dags/example_python_decorator.py
[2024-04-26T11:19:26.434+0000] {processor.py:840} INFO - DAG(s) 'example_python_decorator' retrieved from /home/airflow/.local/lib/python3.12/site-packages/airflow/example_dags/example_python_decorator.py
[2024-04-26T11:19:26.460+0000] {logging_mixin.py:188} INFO - [2024-04-26T11:19:26.460+0000] {dag.py:3096} INFO - Sync 1 DAGs
[2024-04-26T11:19:26.477+0000] {logging_mixin.py:188} INFO - [2024-04-26T11:19:26.477+0000] {dag.py:3954} INFO - Setting next_dagrun for example_python_decorator to None, run_after=None
[2024-04-26T11:19:26.502+0000] {processor.py:183} INFO - Processing /home/airflow/.local/lib/python3.12/site-packages/airflow/example_dags/example_python_decorator.py took 0.094 seconds
[2024-04-26T11:19:56.577+0000] {processor.py:161} INFO - Started process (PID=414) to work on /home/airflow/.local/lib/python3.12/site-packages/airflow/example_dags/example_python_decorator.py
[2024-04-26T11:19:56.578+0000] {processor.py:830} INFO - Processing file /home/airflow/.local/lib/python3.12/site-packages/airflow/example_dags/example_python_decorator.py for tasks to queue
[2024-04-26T11:19:56.581+0000] {logging_mixin.py:188} INFO - [2024-04-26T11:19:56.581+0000] {dagbag.py:540} INFO - Filling up the DagBag from /home/airflow/.local/lib/python3.12/site-packages/airflow/example_dags/example_python_decorator.py
[2024-04-26T11:19:56.596+0000] {processor.py:840} INFO - DAG(s) 'example_python_decorator' retrieved from /home/airflow/.local/lib/python3.12/site-packages/airflow/example_dags/example_python_decorator.py
[2024-04-26T11:19:56.623+0000] {logging_mixin.py:188} INFO - [2024-04-26T11:19:56.622+0000] {dag.py:3096} INFO - Sync 1 DAGs
[2024-04-26T11:19:56.639+0000] {logging_mixin.py:188} INFO - [2024-04-26T11:19:56.638+0000] {dag.py:3954} INFO - Setting next_dagrun for example_python_decorator to None, run_after=None
[2024-04-26T11:19:56.661+0000] {processor.py:183} INFO - Processing /home/airflow/.local/lib/python3.12/site-packages/airflow/example_dags/example_python_decorator.py took 0.089 seconds
[2024-04-26T11:20:26.952+0000] {processor.py:161} INFO - Started process (PID=472) to work on /home/airflow/.local/lib/python3.12/site-packages/airflow/example_dags/example_python_decorator.py
[2024-04-26T11:20:26.953+0000] {processor.py:830} INFO - Processing file /home/airflow/.local/lib/python3.12/site-packages/airflow/example_dags/example_python_decorator.py for tasks to queue
[2024-04-26T11:20:26.956+0000] {logging_mixin.py:188} INFO - [2024-04-26T11:20:26.955+0000] {dagbag.py:540} INFO - Filling up the DagBag from /home/airflow/.local/lib/python3.12/site-packages/airflow/example_dags/example_python_decorator.py
[2024-04-26T11:20:26.971+0000] {processor.py:840} INFO - DAG(s) 'example_python_decorator' retrieved from /home/airflow/.local/lib/python3.12/site-packages/airflow/example_dags/example_python_decorator.py
[2024-04-26T11:20:27.000+0000] {logging_mixin.py:188} INFO - [2024-04-26T11:20:27.000+0000] {dag.py:3096} INFO - Sync 1 DAGs
[2024-04-26T11:20:27.016+0000] {logging_mixin.py:188} INFO - [2024-04-26T11:20:27.015+0000] {dag.py:3954} INFO - Setting next_dagrun for example_python_decorator to None, run_after=None
[2024-04-26T11:20:27.042+0000] {processor.py:183} INFO - Processing /home/airflow/.local/lib/python3.12/site-packages/airflow/example_dags/example_python_decorator.py took 0.097 seconds
[2024-04-26T11:21:48.442+0000] {processor.py:161} INFO - Started process (PID=60) to work on /home/airflow/.local/lib/python3.12/site-packages/airflow/example_dags/example_python_decorator.py
[2024-04-26T11:21:48.445+0000] {processor.py:830} INFO - Processing file /home/airflow/.local/lib/python3.12/site-packages/airflow/example_dags/example_python_decorator.py for tasks to queue
[2024-04-26T11:21:48.449+0000] {logging_mixin.py:188} INFO - [2024-04-26T11:21:48.449+0000] {dagbag.py:540} INFO - Filling up the DagBag from /home/airflow/.local/lib/python3.12/site-packages/airflow/example_dags/example_python_decorator.py
[2024-04-26T11:21:48.468+0000] {processor.py:840} INFO - DAG(s) 'example_python_decorator' retrieved from /home/airflow/.local/lib/python3.12/site-packages/airflow/example_dags/example_python_decorator.py
[2024-04-26T11:21:48.488+0000] {logging_mixin.py:188} INFO - [2024-04-26T11:21:48.488+0000] {dag.py:3096} INFO - Sync 1 DAGs
[2024-04-26T11:21:48.513+0000] {logging_mixin.py:188} INFO - [2024-04-26T11:21:48.513+0000] {dag.py:3954} INFO - Setting next_dagrun for example_python_decorator to None, run_after=None
[2024-04-26T11:21:48.543+0000] {processor.py:183} INFO - Processing /home/airflow/.local/lib/python3.12/site-packages/airflow/example_dags/example_python_decorator.py took 0.107 seconds
