[2024-04-26T11:16:53.618+0000] {processor.py:161} INFO - Started process (PID=65) to work on /home/airflow/.local/lib/python3.12/site-packages/airflow/example_dags/example_skip_dag.py
[2024-04-26T11:16:53.621+0000] {processor.py:830} INFO - Processing file /home/airflow/.local/lib/python3.12/site-packages/airflow/example_dags/example_skip_dag.py for tasks to queue
[2024-04-26T11:16:53.624+0000] {logging_mixin.py:188} INFO - [2024-04-26T11:16:53.623+0000] {dagbag.py:540} INFO - Filling up the DagBag from /home/airflow/.local/lib/python3.12/site-packages/airflow/example_dags/example_skip_dag.py
[2024-04-26T11:16:53.638+0000] {processor.py:840} INFO - DAG(s) 'example_skip_dag' retrieved from /home/airflow/.local/lib/python3.12/site-packages/airflow/example_dags/example_skip_dag.py
[2024-04-26T11:16:53.820+0000] {logging_mixin.py:188} INFO - [2024-04-26T11:16:53.818+0000] {override.py:1829} INFO - Created Permission View: can delete on DAG:example_skip_dag
[2024-04-26T11:16:53.840+0000] {logging_mixin.py:188} INFO - [2024-04-26T11:16:53.839+0000] {override.py:1829} INFO - Created Permission View: can edit on DAG:example_skip_dag
[2024-04-26T11:16:53.851+0000] {logging_mixin.py:188} INFO - [2024-04-26T11:16:53.850+0000] {override.py:1829} INFO - Created Permission View: can read on DAG:example_skip_dag
[2024-04-26T11:16:53.852+0000] {logging_mixin.py:188} INFO - [2024-04-26T11:16:53.851+0000] {dag.py:3096} INFO - Sync 1 DAGs
[2024-04-26T11:16:53.875+0000] {logging_mixin.py:188} INFO - [2024-04-26T11:16:53.874+0000] {dag.py:3118} INFO - Creating ORM DAG for example_skip_dag
[2024-04-26T11:16:53.903+0000] {logging_mixin.py:188} INFO - [2024-04-26T11:16:53.902+0000] {dag.py:3954} INFO - Setting next_dagrun for example_skip_dag to 2024-04-25 00:00:00+00:00, run_after=2024-04-26 00:00:00+00:00
[2024-04-26T11:16:53.945+0000] {processor.py:183} INFO - Processing /home/airflow/.local/lib/python3.12/site-packages/airflow/example_dags/example_skip_dag.py took 0.336 seconds
[2024-04-26T11:17:24.534+0000] {processor.py:161} INFO - Started process (PID=123) to work on /home/airflow/.local/lib/python3.12/site-packages/airflow/example_dags/example_skip_dag.py
[2024-04-26T11:17:24.535+0000] {processor.py:830} INFO - Processing file /home/airflow/.local/lib/python3.12/site-packages/airflow/example_dags/example_skip_dag.py for tasks to queue
[2024-04-26T11:17:24.538+0000] {logging_mixin.py:188} INFO - [2024-04-26T11:17:24.538+0000] {dagbag.py:540} INFO - Filling up the DagBag from /home/airflow/.local/lib/python3.12/site-packages/airflow/example_dags/example_skip_dag.py
[2024-04-26T11:17:24.548+0000] {processor.py:840} INFO - DAG(s) 'example_skip_dag' retrieved from /home/airflow/.local/lib/python3.12/site-packages/airflow/example_dags/example_skip_dag.py
[2024-04-26T11:17:24.576+0000] {logging_mixin.py:188} INFO - [2024-04-26T11:17:24.575+0000] {dag.py:3096} INFO - Sync 1 DAGs
[2024-04-26T11:17:24.603+0000] {logging_mixin.py:188} INFO - [2024-04-26T11:17:24.603+0000] {dag.py:3954} INFO - Setting next_dagrun for example_skip_dag to 2024-04-25 00:00:00+00:00, run_after=2024-04-26 00:00:00+00:00
[2024-04-26T11:17:24.630+0000] {processor.py:183} INFO - Processing /home/airflow/.local/lib/python3.12/site-packages/airflow/example_dags/example_skip_dag.py took 0.103 seconds
[2024-04-26T11:17:54.934+0000] {processor.py:161} INFO - Started process (PID=181) to work on /home/airflow/.local/lib/python3.12/site-packages/airflow/example_dags/example_skip_dag.py
[2024-04-26T11:17:54.936+0000] {processor.py:830} INFO - Processing file /home/airflow/.local/lib/python3.12/site-packages/airflow/example_dags/example_skip_dag.py for tasks to queue
[2024-04-26T11:17:54.939+0000] {logging_mixin.py:188} INFO - [2024-04-26T11:17:54.939+0000] {dagbag.py:540} INFO - Filling up the DagBag from /home/airflow/.local/lib/python3.12/site-packages/airflow/example_dags/example_skip_dag.py
[2024-04-26T11:17:54.948+0000] {processor.py:840} INFO - DAG(s) 'example_skip_dag' retrieved from /home/airflow/.local/lib/python3.12/site-packages/airflow/example_dags/example_skip_dag.py
[2024-04-26T11:17:55.013+0000] {logging_mixin.py:188} INFO - [2024-04-26T11:17:55.013+0000] {dag.py:3096} INFO - Sync 1 DAGs
[2024-04-26T11:17:55.072+0000] {logging_mixin.py:188} INFO - [2024-04-26T11:17:55.072+0000] {dag.py:3954} INFO - Setting next_dagrun for example_skip_dag to 2024-04-25 00:00:00+00:00, run_after=2024-04-26 00:00:00+00:00
[2024-04-26T11:17:55.100+0000] {processor.py:183} INFO - Processing /home/airflow/.local/lib/python3.12/site-packages/airflow/example_dags/example_skip_dag.py took 0.173 seconds
[2024-04-26T11:18:25.611+0000] {processor.py:161} INFO - Started process (PID=239) to work on /home/airflow/.local/lib/python3.12/site-packages/airflow/example_dags/example_skip_dag.py
[2024-04-26T11:18:25.612+0000] {processor.py:830} INFO - Processing file /home/airflow/.local/lib/python3.12/site-packages/airflow/example_dags/example_skip_dag.py for tasks to queue
[2024-04-26T11:18:25.615+0000] {logging_mixin.py:188} INFO - [2024-04-26T11:18:25.614+0000] {dagbag.py:540} INFO - Filling up the DagBag from /home/airflow/.local/lib/python3.12/site-packages/airflow/example_dags/example_skip_dag.py
[2024-04-26T11:18:25.622+0000] {processor.py:840} INFO - DAG(s) 'example_skip_dag' retrieved from /home/airflow/.local/lib/python3.12/site-packages/airflow/example_dags/example_skip_dag.py
[2024-04-26T11:18:25.646+0000] {logging_mixin.py:188} INFO - [2024-04-26T11:18:25.646+0000] {dag.py:3096} INFO - Sync 1 DAGs
[2024-04-26T11:18:25.669+0000] {logging_mixin.py:188} INFO - [2024-04-26T11:18:25.669+0000] {dag.py:3954} INFO - Setting next_dagrun for example_skip_dag to 2024-04-25 00:00:00+00:00, run_after=2024-04-26 00:00:00+00:00
[2024-04-26T11:18:25.694+0000] {processor.py:183} INFO - Processing /home/airflow/.local/lib/python3.12/site-packages/airflow/example_dags/example_skip_dag.py took 0.089 seconds
[2024-04-26T11:18:55.900+0000] {processor.py:161} INFO - Started process (PID=297) to work on /home/airflow/.local/lib/python3.12/site-packages/airflow/example_dags/example_skip_dag.py
[2024-04-26T11:18:55.901+0000] {processor.py:830} INFO - Processing file /home/airflow/.local/lib/python3.12/site-packages/airflow/example_dags/example_skip_dag.py for tasks to queue
[2024-04-26T11:18:55.904+0000] {logging_mixin.py:188} INFO - [2024-04-26T11:18:55.903+0000] {dagbag.py:540} INFO - Filling up the DagBag from /home/airflow/.local/lib/python3.12/site-packages/airflow/example_dags/example_skip_dag.py
[2024-04-26T11:18:55.911+0000] {processor.py:840} INFO - DAG(s) 'example_skip_dag' retrieved from /home/airflow/.local/lib/python3.12/site-packages/airflow/example_dags/example_skip_dag.py
[2024-04-26T11:18:55.937+0000] {logging_mixin.py:188} INFO - [2024-04-26T11:18:55.937+0000] {dag.py:3096} INFO - Sync 1 DAGs
[2024-04-26T11:18:55.961+0000] {logging_mixin.py:188} INFO - [2024-04-26T11:18:55.961+0000] {dag.py:3954} INFO - Setting next_dagrun for example_skip_dag to 2024-04-25 00:00:00+00:00, run_after=2024-04-26 00:00:00+00:00
[2024-04-26T11:18:55.984+0000] {processor.py:183} INFO - Processing /home/airflow/.local/lib/python3.12/site-packages/airflow/example_dags/example_skip_dag.py took 0.089 seconds
[2024-04-26T11:19:26.415+0000] {processor.py:161} INFO - Started process (PID=355) to work on /home/airflow/.local/lib/python3.12/site-packages/airflow/example_dags/example_skip_dag.py
[2024-04-26T11:19:26.416+0000] {processor.py:830} INFO - Processing file /home/airflow/.local/lib/python3.12/site-packages/airflow/example_dags/example_skip_dag.py for tasks to queue
[2024-04-26T11:19:26.419+0000] {logging_mixin.py:188} INFO - [2024-04-26T11:19:26.418+0000] {dagbag.py:540} INFO - Filling up the DagBag from /home/airflow/.local/lib/python3.12/site-packages/airflow/example_dags/example_skip_dag.py
[2024-04-26T11:19:26.426+0000] {processor.py:840} INFO - DAG(s) 'example_skip_dag' retrieved from /home/airflow/.local/lib/python3.12/site-packages/airflow/example_dags/example_skip_dag.py
[2024-04-26T11:19:26.454+0000] {logging_mixin.py:188} INFO - [2024-04-26T11:19:26.454+0000] {dag.py:3096} INFO - Sync 1 DAGs
[2024-04-26T11:19:26.480+0000] {logging_mixin.py:188} INFO - [2024-04-26T11:19:26.479+0000] {dag.py:3954} INFO - Setting next_dagrun for example_skip_dag to 2024-04-25 00:00:00+00:00, run_after=2024-04-26 00:00:00+00:00
[2024-04-26T11:19:26.506+0000] {processor.py:183} INFO - Processing /home/airflow/.local/lib/python3.12/site-packages/airflow/example_dags/example_skip_dag.py took 0.099 seconds
[2024-04-26T11:19:56.574+0000] {processor.py:161} INFO - Started process (PID=413) to work on /home/airflow/.local/lib/python3.12/site-packages/airflow/example_dags/example_skip_dag.py
[2024-04-26T11:19:56.576+0000] {processor.py:830} INFO - Processing file /home/airflow/.local/lib/python3.12/site-packages/airflow/example_dags/example_skip_dag.py for tasks to queue
[2024-04-26T11:19:56.579+0000] {logging_mixin.py:188} INFO - [2024-04-26T11:19:56.578+0000] {dagbag.py:540} INFO - Filling up the DagBag from /home/airflow/.local/lib/python3.12/site-packages/airflow/example_dags/example_skip_dag.py
[2024-04-26T11:19:56.586+0000] {processor.py:840} INFO - DAG(s) 'example_skip_dag' retrieved from /home/airflow/.local/lib/python3.12/site-packages/airflow/example_dags/example_skip_dag.py
[2024-04-26T11:19:56.613+0000] {logging_mixin.py:188} INFO - [2024-04-26T11:19:56.613+0000] {dag.py:3096} INFO - Sync 1 DAGs
[2024-04-26T11:19:56.642+0000] {logging_mixin.py:188} INFO - [2024-04-26T11:19:56.641+0000] {dag.py:3954} INFO - Setting next_dagrun for example_skip_dag to 2024-04-25 00:00:00+00:00, run_after=2024-04-26 00:00:00+00:00
[2024-04-26T11:19:56.668+0000] {processor.py:183} INFO - Processing /home/airflow/.local/lib/python3.12/site-packages/airflow/example_dags/example_skip_dag.py took 0.100 seconds
[2024-04-26T11:20:26.860+0000] {processor.py:161} INFO - Started process (PID=471) to work on /home/airflow/.local/lib/python3.12/site-packages/airflow/example_dags/example_skip_dag.py
[2024-04-26T11:20:26.861+0000] {processor.py:830} INFO - Processing file /home/airflow/.local/lib/python3.12/site-packages/airflow/example_dags/example_skip_dag.py for tasks to queue
[2024-04-26T11:20:26.864+0000] {logging_mixin.py:188} INFO - [2024-04-26T11:20:26.863+0000] {dagbag.py:540} INFO - Filling up the DagBag from /home/airflow/.local/lib/python3.12/site-packages/airflow/example_dags/example_skip_dag.py
[2024-04-26T11:20:26.871+0000] {processor.py:840} INFO - DAG(s) 'example_skip_dag' retrieved from /home/airflow/.local/lib/python3.12/site-packages/airflow/example_dags/example_skip_dag.py
[2024-04-26T11:20:26.898+0000] {logging_mixin.py:188} INFO - [2024-04-26T11:20:26.898+0000] {dag.py:3096} INFO - Sync 1 DAGs
[2024-04-26T11:20:26.926+0000] {logging_mixin.py:188} INFO - [2024-04-26T11:20:26.926+0000] {dag.py:3954} INFO - Setting next_dagrun for example_skip_dag to 2024-04-25 00:00:00+00:00, run_after=2024-04-26 00:00:00+00:00
[2024-04-26T11:20:26.953+0000] {processor.py:183} INFO - Processing /home/airflow/.local/lib/python3.12/site-packages/airflow/example_dags/example_skip_dag.py took 0.101 seconds
[2024-04-26T11:21:48.308+0000] {processor.py:161} INFO - Started process (PID=59) to work on /home/airflow/.local/lib/python3.12/site-packages/airflow/example_dags/example_skip_dag.py
[2024-04-26T11:21:48.310+0000] {processor.py:830} INFO - Processing file /home/airflow/.local/lib/python3.12/site-packages/airflow/example_dags/example_skip_dag.py for tasks to queue
[2024-04-26T11:21:48.314+0000] {logging_mixin.py:188} INFO - [2024-04-26T11:21:48.313+0000] {dagbag.py:540} INFO - Filling up the DagBag from /home/airflow/.local/lib/python3.12/site-packages/airflow/example_dags/example_skip_dag.py
[2024-04-26T11:21:48.324+0000] {processor.py:840} INFO - DAG(s) 'example_skip_dag' retrieved from /home/airflow/.local/lib/python3.12/site-packages/airflow/example_dags/example_skip_dag.py
[2024-04-26T11:21:48.341+0000] {logging_mixin.py:188} INFO - [2024-04-26T11:21:48.341+0000] {dag.py:3096} INFO - Sync 1 DAGs
[2024-04-26T11:21:48.376+0000] {logging_mixin.py:188} INFO - [2024-04-26T11:21:48.375+0000] {dag.py:3954} INFO - Setting next_dagrun for example_skip_dag to 2024-04-25 00:00:00+00:00, run_after=2024-04-26 00:00:00+00:00
[2024-04-26T11:21:48.421+0000] {processor.py:183} INFO - Processing /home/airflow/.local/lib/python3.12/site-packages/airflow/example_dags/example_skip_dag.py took 0.124 seconds
