[2024-04-26T11:16:56.814+0000] {processor.py:161} INFO - Started process (PID=79) to work on /home/airflow/.local/lib/python3.12/site-packages/airflow/example_dags/tutorial_dag.py
[2024-04-26T11:16:56.817+0000] {processor.py:830} INFO - Processing file /home/airflow/.local/lib/python3.12/site-packages/airflow/example_dags/tutorial_dag.py for tasks to queue
[2024-04-26T11:16:56.821+0000] {logging_mixin.py:188} INFO - [2024-04-26T11:16:56.820+0000] {dagbag.py:540} INFO - Filling up the DagBag from /home/airflow/.local/lib/python3.12/site-packages/airflow/example_dags/tutorial_dag.py
[2024-04-26T11:16:56.831+0000] {processor.py:840} INFO - DAG(s) 'tutorial_dag' retrieved from /home/airflow/.local/lib/python3.12/site-packages/airflow/example_dags/tutorial_dag.py
[2024-04-26T11:16:57.038+0000] {logging_mixin.py:188} INFO - [2024-04-26T11:16:57.036+0000] {override.py:1829} INFO - Created Permission View: can delete on DAG:tutorial_dag
[2024-04-26T11:16:57.070+0000] {logging_mixin.py:188} INFO - [2024-04-26T11:16:57.070+0000] {override.py:1829} INFO - Created Permission View: can edit on DAG:tutorial_dag
[2024-04-26T11:16:57.097+0000] {logging_mixin.py:188} INFO - [2024-04-26T11:16:57.097+0000] {override.py:1829} INFO - Created Permission View: can read on DAG:tutorial_dag
[2024-04-26T11:16:57.098+0000] {logging_mixin.py:188} INFO - [2024-04-26T11:16:57.098+0000] {dag.py:3096} INFO - Sync 1 DAGs
[2024-04-26T11:16:57.119+0000] {logging_mixin.py:188} INFO - [2024-04-26T11:16:57.119+0000] {dag.py:3118} INFO - Creating ORM DAG for tutorial_dag
[2024-04-26T11:16:57.121+0000] {logging_mixin.py:188} INFO - [2024-04-26T11:16:57.121+0000] {dag.py:3954} INFO - Setting next_dagrun for tutorial_dag to None, run_after=None
[2024-04-26T11:16:57.186+0000] {processor.py:183} INFO - Processing /home/airflow/.local/lib/python3.12/site-packages/airflow/example_dags/tutorial_dag.py took 0.380 seconds
[2024-04-26T11:17:27.499+0000] {processor.py:161} INFO - Started process (PID=137) to work on /home/airflow/.local/lib/python3.12/site-packages/airflow/example_dags/tutorial_dag.py
[2024-04-26T11:17:27.500+0000] {processor.py:830} INFO - Processing file /home/airflow/.local/lib/python3.12/site-packages/airflow/example_dags/tutorial_dag.py for tasks to queue
[2024-04-26T11:17:27.502+0000] {logging_mixin.py:188} INFO - [2024-04-26T11:17:27.502+0000] {dagbag.py:540} INFO - Filling up the DagBag from /home/airflow/.local/lib/python3.12/site-packages/airflow/example_dags/tutorial_dag.py
[2024-04-26T11:17:27.508+0000] {processor.py:840} INFO - DAG(s) 'tutorial_dag' retrieved from /home/airflow/.local/lib/python3.12/site-packages/airflow/example_dags/tutorial_dag.py
[2024-04-26T11:17:27.535+0000] {logging_mixin.py:188} INFO - [2024-04-26T11:17:27.535+0000] {dag.py:3096} INFO - Sync 1 DAGs
[2024-04-26T11:17:27.551+0000] {logging_mixin.py:188} INFO - [2024-04-26T11:17:27.550+0000] {dag.py:3954} INFO - Setting next_dagrun for tutorial_dag to None, run_after=None
[2024-04-26T11:17:27.575+0000] {processor.py:183} INFO - Processing /home/airflow/.local/lib/python3.12/site-packages/airflow/example_dags/tutorial_dag.py took 0.083 seconds
[2024-04-26T11:17:58.659+0000] {processor.py:161} INFO - Started process (PID=195) to work on /home/airflow/.local/lib/python3.12/site-packages/airflow/example_dags/tutorial_dag.py
[2024-04-26T11:17:58.660+0000] {processor.py:830} INFO - Processing file /home/airflow/.local/lib/python3.12/site-packages/airflow/example_dags/tutorial_dag.py for tasks to queue
[2024-04-26T11:17:58.665+0000] {logging_mixin.py:188} INFO - [2024-04-26T11:17:58.664+0000] {dagbag.py:540} INFO - Filling up the DagBag from /home/airflow/.local/lib/python3.12/site-packages/airflow/example_dags/tutorial_dag.py
[2024-04-26T11:17:58.673+0000] {processor.py:840} INFO - DAG(s) 'tutorial_dag' retrieved from /home/airflow/.local/lib/python3.12/site-packages/airflow/example_dags/tutorial_dag.py
[2024-04-26T11:17:58.702+0000] {logging_mixin.py:188} INFO - [2024-04-26T11:17:58.702+0000] {dag.py:3096} INFO - Sync 1 DAGs
[2024-04-26T11:17:58.722+0000] {logging_mixin.py:188} INFO - [2024-04-26T11:17:58.721+0000] {dag.py:3954} INFO - Setting next_dagrun for tutorial_dag to None, run_after=None
[2024-04-26T11:17:58.756+0000] {processor.py:183} INFO - Processing /home/airflow/.local/lib/python3.12/site-packages/airflow/example_dags/tutorial_dag.py took 0.103 seconds
[2024-04-26T11:18:29.612+0000] {processor.py:161} INFO - Started process (PID=253) to work on /home/airflow/.local/lib/python3.12/site-packages/airflow/example_dags/tutorial_dag.py
[2024-04-26T11:18:29.613+0000] {processor.py:830} INFO - Processing file /home/airflow/.local/lib/python3.12/site-packages/airflow/example_dags/tutorial_dag.py for tasks to queue
[2024-04-26T11:18:29.615+0000] {logging_mixin.py:188} INFO - [2024-04-26T11:18:29.615+0000] {dagbag.py:540} INFO - Filling up the DagBag from /home/airflow/.local/lib/python3.12/site-packages/airflow/example_dags/tutorial_dag.py
[2024-04-26T11:18:29.621+0000] {processor.py:840} INFO - DAG(s) 'tutorial_dag' retrieved from /home/airflow/.local/lib/python3.12/site-packages/airflow/example_dags/tutorial_dag.py
[2024-04-26T11:18:29.650+0000] {logging_mixin.py:188} INFO - [2024-04-26T11:18:29.649+0000] {dag.py:3096} INFO - Sync 1 DAGs
[2024-04-26T11:18:29.665+0000] {logging_mixin.py:188} INFO - [2024-04-26T11:18:29.665+0000] {dag.py:3954} INFO - Setting next_dagrun for tutorial_dag to None, run_after=None
[2024-04-26T11:18:29.691+0000] {processor.py:183} INFO - Processing /home/airflow/.local/lib/python3.12/site-packages/airflow/example_dags/tutorial_dag.py took 0.086 seconds
[2024-04-26T11:18:59.784+0000] {processor.py:161} INFO - Started process (PID=311) to work on /home/airflow/.local/lib/python3.12/site-packages/airflow/example_dags/tutorial_dag.py
[2024-04-26T11:18:59.785+0000] {processor.py:830} INFO - Processing file /home/airflow/.local/lib/python3.12/site-packages/airflow/example_dags/tutorial_dag.py for tasks to queue
[2024-04-26T11:18:59.788+0000] {logging_mixin.py:188} INFO - [2024-04-26T11:18:59.788+0000] {dagbag.py:540} INFO - Filling up the DagBag from /home/airflow/.local/lib/python3.12/site-packages/airflow/example_dags/tutorial_dag.py
[2024-04-26T11:18:59.794+0000] {processor.py:840} INFO - DAG(s) 'tutorial_dag' retrieved from /home/airflow/.local/lib/python3.12/site-packages/airflow/example_dags/tutorial_dag.py
[2024-04-26T11:18:59.818+0000] {logging_mixin.py:188} INFO - [2024-04-26T11:18:59.818+0000] {dag.py:3096} INFO - Sync 1 DAGs
[2024-04-26T11:18:59.832+0000] {logging_mixin.py:188} INFO - [2024-04-26T11:18:59.832+0000] {dag.py:3954} INFO - Setting next_dagrun for tutorial_dag to None, run_after=None
[2024-04-26T11:18:59.854+0000] {processor.py:183} INFO - Processing /home/airflow/.local/lib/python3.12/site-packages/airflow/example_dags/tutorial_dag.py took 0.076 seconds
[2024-04-26T11:19:30.309+0000] {processor.py:161} INFO - Started process (PID=369) to work on /home/airflow/.local/lib/python3.12/site-packages/airflow/example_dags/tutorial_dag.py
[2024-04-26T11:19:30.312+0000] {processor.py:830} INFO - Processing file /home/airflow/.local/lib/python3.12/site-packages/airflow/example_dags/tutorial_dag.py for tasks to queue
[2024-04-26T11:19:30.317+0000] {logging_mixin.py:188} INFO - [2024-04-26T11:19:30.316+0000] {dagbag.py:540} INFO - Filling up the DagBag from /home/airflow/.local/lib/python3.12/site-packages/airflow/example_dags/tutorial_dag.py
[2024-04-26T11:19:30.328+0000] {processor.py:840} INFO - DAG(s) 'tutorial_dag' retrieved from /home/airflow/.local/lib/python3.12/site-packages/airflow/example_dags/tutorial_dag.py
[2024-04-26T11:19:30.384+0000] {logging_mixin.py:188} INFO - [2024-04-26T11:19:30.378+0000] {dag.py:3096} INFO - Sync 1 DAGs
[2024-04-26T11:19:30.439+0000] {logging_mixin.py:188} INFO - [2024-04-26T11:19:30.438+0000] {dag.py:3954} INFO - Setting next_dagrun for tutorial_dag to None, run_after=None
[2024-04-26T11:19:30.495+0000] {processor.py:183} INFO - Processing /home/airflow/.local/lib/python3.12/site-packages/airflow/example_dags/tutorial_dag.py took 0.205 seconds
[2024-04-26T11:20:00.594+0000] {processor.py:161} INFO - Started process (PID=426) to work on /home/airflow/.local/lib/python3.12/site-packages/airflow/example_dags/tutorial_dag.py
[2024-04-26T11:20:00.596+0000] {processor.py:830} INFO - Processing file /home/airflow/.local/lib/python3.12/site-packages/airflow/example_dags/tutorial_dag.py for tasks to queue
[2024-04-26T11:20:00.600+0000] {logging_mixin.py:188} INFO - [2024-04-26T11:20:00.599+0000] {dagbag.py:540} INFO - Filling up the DagBag from /home/airflow/.local/lib/python3.12/site-packages/airflow/example_dags/tutorial_dag.py
[2024-04-26T11:20:00.605+0000] {processor.py:840} INFO - DAG(s) 'tutorial_dag' retrieved from /home/airflow/.local/lib/python3.12/site-packages/airflow/example_dags/tutorial_dag.py
[2024-04-26T11:20:00.628+0000] {logging_mixin.py:188} INFO - [2024-04-26T11:20:00.628+0000] {dag.py:3096} INFO - Sync 1 DAGs
[2024-04-26T11:20:00.641+0000] {logging_mixin.py:188} INFO - [2024-04-26T11:20:00.641+0000] {dag.py:3954} INFO - Setting next_dagrun for tutorial_dag to None, run_after=None
[2024-04-26T11:20:00.667+0000] {processor.py:183} INFO - Processing /home/airflow/.local/lib/python3.12/site-packages/airflow/example_dags/tutorial_dag.py took 0.080 seconds
[2024-04-26T11:20:30.720+0000] {processor.py:161} INFO - Started process (PID=484) to work on /home/airflow/.local/lib/python3.12/site-packages/airflow/example_dags/tutorial_dag.py
[2024-04-26T11:20:30.721+0000] {processor.py:830} INFO - Processing file /home/airflow/.local/lib/python3.12/site-packages/airflow/example_dags/tutorial_dag.py for tasks to queue
[2024-04-26T11:20:30.723+0000] {logging_mixin.py:188} INFO - [2024-04-26T11:20:30.723+0000] {dagbag.py:540} INFO - Filling up the DagBag from /home/airflow/.local/lib/python3.12/site-packages/airflow/example_dags/tutorial_dag.py
[2024-04-26T11:20:30.728+0000] {processor.py:840} INFO - DAG(s) 'tutorial_dag' retrieved from /home/airflow/.local/lib/python3.12/site-packages/airflow/example_dags/tutorial_dag.py
[2024-04-26T11:20:30.749+0000] {logging_mixin.py:188} INFO - [2024-04-26T11:20:30.749+0000] {dag.py:3096} INFO - Sync 1 DAGs
[2024-04-26T11:20:30.762+0000] {logging_mixin.py:188} INFO - [2024-04-26T11:20:30.762+0000] {dag.py:3954} INFO - Setting next_dagrun for tutorial_dag to None, run_after=None
[2024-04-26T11:20:30.784+0000] {processor.py:183} INFO - Processing /home/airflow/.local/lib/python3.12/site-packages/airflow/example_dags/tutorial_dag.py took 0.070 seconds
[2024-04-26T11:21:49.462+0000] {processor.py:161} INFO - Started process (PID=73) to work on /home/airflow/.local/lib/python3.12/site-packages/airflow/example_dags/tutorial_dag.py
[2024-04-26T11:21:49.465+0000] {processor.py:830} INFO - Processing file /home/airflow/.local/lib/python3.12/site-packages/airflow/example_dags/tutorial_dag.py for tasks to queue
[2024-04-26T11:21:49.470+0000] {logging_mixin.py:188} INFO - [2024-04-26T11:21:49.468+0000] {dagbag.py:540} INFO - Filling up the DagBag from /home/airflow/.local/lib/python3.12/site-packages/airflow/example_dags/tutorial_dag.py
[2024-04-26T11:21:49.481+0000] {processor.py:840} INFO - DAG(s) 'tutorial_dag' retrieved from /home/airflow/.local/lib/python3.12/site-packages/airflow/example_dags/tutorial_dag.py
[2024-04-26T11:21:49.505+0000] {logging_mixin.py:188} INFO - [2024-04-26T11:21:49.505+0000] {dag.py:3096} INFO - Sync 1 DAGs
[2024-04-26T11:21:49.526+0000] {logging_mixin.py:188} INFO - [2024-04-26T11:21:49.526+0000] {dag.py:3954} INFO - Setting next_dagrun for tutorial_dag to None, run_after=None
[2024-04-26T11:21:49.556+0000] {processor.py:183} INFO - Processing /home/airflow/.local/lib/python3.12/site-packages/airflow/example_dags/tutorial_dag.py took 0.102 seconds
