[2024-04-26T11:16:54.459+0000] {processor.py:161} INFO - Started process (PID=69) to work on /home/airflow/.local/lib/python3.12/site-packages/airflow/example_dags/tutorial.py
[2024-04-26T11:16:54.461+0000] {processor.py:830} INFO - Processing file /home/airflow/.local/lib/python3.12/site-packages/airflow/example_dags/tutorial.py for tasks to queue
[2024-04-26T11:16:54.465+0000] {logging_mixin.py:188} INFO - [2024-04-26T11:16:54.464+0000] {dagbag.py:540} INFO - Filling up the DagBag from /home/airflow/.local/lib/python3.12/site-packages/airflow/example_dags/tutorial.py
[2024-04-26T11:16:54.482+0000] {processor.py:840} INFO - DAG(s) 'tutorial' retrieved from /home/airflow/.local/lib/python3.12/site-packages/airflow/example_dags/tutorial.py
[2024-04-26T11:16:54.682+0000] {logging_mixin.py:188} INFO - [2024-04-26T11:16:54.680+0000] {override.py:1829} INFO - Created Permission View: can delete on DAG:tutorial
[2024-04-26T11:16:54.702+0000] {logging_mixin.py:188} INFO - [2024-04-26T11:16:54.701+0000] {override.py:1829} INFO - Created Permission View: can edit on DAG:tutorial
[2024-04-26T11:16:54.719+0000] {logging_mixin.py:188} INFO - [2024-04-26T11:16:54.719+0000] {override.py:1829} INFO - Created Permission View: can read on DAG:tutorial
[2024-04-26T11:16:54.721+0000] {logging_mixin.py:188} INFO - [2024-04-26T11:16:54.720+0000] {dag.py:3096} INFO - Sync 1 DAGs
[2024-04-26T11:16:54.744+0000] {logging_mixin.py:188} INFO - [2024-04-26T11:16:54.743+0000] {dag.py:3118} INFO - Creating ORM DAG for tutorial
[2024-04-26T11:16:54.761+0000] {logging_mixin.py:188} INFO - [2024-04-26T11:16:54.761+0000] {dag.py:3954} INFO - Setting next_dagrun for tutorial to 2024-04-25 00:00:00+00:00, run_after=2024-04-26 00:00:00+00:00
[2024-04-26T11:16:54.791+0000] {processor.py:183} INFO - Processing /home/airflow/.local/lib/python3.12/site-packages/airflow/example_dags/tutorial.py took 0.343 seconds
[2024-04-26T11:17:24.851+0000] {processor.py:161} INFO - Started process (PID=127) to work on /home/airflow/.local/lib/python3.12/site-packages/airflow/example_dags/tutorial.py
[2024-04-26T11:17:24.852+0000] {processor.py:830} INFO - Processing file /home/airflow/.local/lib/python3.12/site-packages/airflow/example_dags/tutorial.py for tasks to queue
[2024-04-26T11:17:24.855+0000] {logging_mixin.py:188} INFO - [2024-04-26T11:17:24.855+0000] {dagbag.py:540} INFO - Filling up the DagBag from /home/airflow/.local/lib/python3.12/site-packages/airflow/example_dags/tutorial.py
[2024-04-26T11:17:24.861+0000] {processor.py:840} INFO - DAG(s) 'tutorial' retrieved from /home/airflow/.local/lib/python3.12/site-packages/airflow/example_dags/tutorial.py
[2024-04-26T11:17:24.885+0000] {logging_mixin.py:188} INFO - [2024-04-26T11:17:24.885+0000] {dag.py:3096} INFO - Sync 1 DAGs
[2024-04-26T11:17:24.912+0000] {logging_mixin.py:188} INFO - [2024-04-26T11:17:24.912+0000] {dag.py:3954} INFO - Setting next_dagrun for tutorial to 2024-04-25 00:00:00+00:00, run_after=2024-04-26 00:00:00+00:00
[2024-04-26T11:17:24.938+0000] {processor.py:183} INFO - Processing /home/airflow/.local/lib/python3.12/site-packages/airflow/example_dags/tutorial.py took 0.094 seconds
[2024-04-26T11:17:55.712+0000] {processor.py:161} INFO - Started process (PID=185) to work on /home/airflow/.local/lib/python3.12/site-packages/airflow/example_dags/tutorial.py
[2024-04-26T11:17:55.713+0000] {processor.py:830} INFO - Processing file /home/airflow/.local/lib/python3.12/site-packages/airflow/example_dags/tutorial.py for tasks to queue
[2024-04-26T11:17:55.715+0000] {logging_mixin.py:188} INFO - [2024-04-26T11:17:55.715+0000] {dagbag.py:540} INFO - Filling up the DagBag from /home/airflow/.local/lib/python3.12/site-packages/airflow/example_dags/tutorial.py
[2024-04-26T11:17:55.722+0000] {processor.py:840} INFO - DAG(s) 'tutorial' retrieved from /home/airflow/.local/lib/python3.12/site-packages/airflow/example_dags/tutorial.py
[2024-04-26T11:17:55.747+0000] {logging_mixin.py:188} INFO - [2024-04-26T11:17:55.747+0000] {dag.py:3096} INFO - Sync 1 DAGs
[2024-04-26T11:17:55.775+0000] {logging_mixin.py:188} INFO - [2024-04-26T11:17:55.775+0000] {dag.py:3954} INFO - Setting next_dagrun for tutorial to 2024-04-25 00:00:00+00:00, run_after=2024-04-26 00:00:00+00:00
[2024-04-26T11:17:55.800+0000] {processor.py:183} INFO - Processing /home/airflow/.local/lib/python3.12/site-packages/airflow/example_dags/tutorial.py took 0.096 seconds
[2024-04-26T11:18:25.968+0000] {processor.py:161} INFO - Started process (PID=243) to work on /home/airflow/.local/lib/python3.12/site-packages/airflow/example_dags/tutorial.py
[2024-04-26T11:18:25.970+0000] {processor.py:830} INFO - Processing file /home/airflow/.local/lib/python3.12/site-packages/airflow/example_dags/tutorial.py for tasks to queue
[2024-04-26T11:18:25.972+0000] {logging_mixin.py:188} INFO - [2024-04-26T11:18:25.972+0000] {dagbag.py:540} INFO - Filling up the DagBag from /home/airflow/.local/lib/python3.12/site-packages/airflow/example_dags/tutorial.py
[2024-04-26T11:18:25.979+0000] {processor.py:840} INFO - DAG(s) 'tutorial' retrieved from /home/airflow/.local/lib/python3.12/site-packages/airflow/example_dags/tutorial.py
[2024-04-26T11:18:25.998+0000] {logging_mixin.py:188} INFO - [2024-04-26T11:18:25.998+0000] {dag.py:3096} INFO - Sync 1 DAGs
[2024-04-26T11:18:26.020+0000] {logging_mixin.py:188} INFO - [2024-04-26T11:18:26.020+0000] {dag.py:3954} INFO - Setting next_dagrun for tutorial to 2024-04-25 00:00:00+00:00, run_after=2024-04-26 00:00:00+00:00
[2024-04-26T11:18:26.041+0000] {processor.py:183} INFO - Processing /home/airflow/.local/lib/python3.12/site-packages/airflow/example_dags/tutorial.py took 0.079 seconds
[2024-04-26T11:18:56.256+0000] {processor.py:161} INFO - Started process (PID=301) to work on /home/airflow/.local/lib/python3.12/site-packages/airflow/example_dags/tutorial.py
[2024-04-26T11:18:56.257+0000] {processor.py:830} INFO - Processing file /home/airflow/.local/lib/python3.12/site-packages/airflow/example_dags/tutorial.py for tasks to queue
[2024-04-26T11:18:56.260+0000] {logging_mixin.py:188} INFO - [2024-04-26T11:18:56.259+0000] {dagbag.py:540} INFO - Filling up the DagBag from /home/airflow/.local/lib/python3.12/site-packages/airflow/example_dags/tutorial.py
[2024-04-26T11:18:56.266+0000] {processor.py:840} INFO - DAG(s) 'tutorial' retrieved from /home/airflow/.local/lib/python3.12/site-packages/airflow/example_dags/tutorial.py
[2024-04-26T11:18:56.284+0000] {logging_mixin.py:188} INFO - [2024-04-26T11:18:56.284+0000] {dag.py:3096} INFO - Sync 1 DAGs
[2024-04-26T11:18:56.304+0000] {logging_mixin.py:188} INFO - [2024-04-26T11:18:56.304+0000] {dag.py:3954} INFO - Setting next_dagrun for tutorial to 2024-04-25 00:00:00+00:00, run_after=2024-04-26 00:00:00+00:00
[2024-04-26T11:18:56.327+0000] {processor.py:183} INFO - Processing /home/airflow/.local/lib/python3.12/site-packages/airflow/example_dags/tutorial.py took 0.077 seconds
[2024-04-26T11:19:26.697+0000] {processor.py:161} INFO - Started process (PID=359) to work on /home/airflow/.local/lib/python3.12/site-packages/airflow/example_dags/tutorial.py
[2024-04-26T11:19:26.698+0000] {processor.py:830} INFO - Processing file /home/airflow/.local/lib/python3.12/site-packages/airflow/example_dags/tutorial.py for tasks to queue
[2024-04-26T11:19:26.700+0000] {logging_mixin.py:188} INFO - [2024-04-26T11:19:26.700+0000] {dagbag.py:540} INFO - Filling up the DagBag from /home/airflow/.local/lib/python3.12/site-packages/airflow/example_dags/tutorial.py
[2024-04-26T11:19:26.707+0000] {processor.py:840} INFO - DAG(s) 'tutorial' retrieved from /home/airflow/.local/lib/python3.12/site-packages/airflow/example_dags/tutorial.py
[2024-04-26T11:19:26.729+0000] {logging_mixin.py:188} INFO - [2024-04-26T11:19:26.728+0000] {dag.py:3096} INFO - Sync 1 DAGs
[2024-04-26T11:19:26.752+0000] {logging_mixin.py:188} INFO - [2024-04-26T11:19:26.752+0000] {dag.py:3954} INFO - Setting next_dagrun for tutorial to 2024-04-25 00:00:00+00:00, run_after=2024-04-26 00:00:00+00:00
[2024-04-26T11:19:26.776+0000] {processor.py:183} INFO - Processing /home/airflow/.local/lib/python3.12/site-packages/airflow/example_dags/tutorial.py took 0.084 seconds
[2024-04-26T11:19:56.845+0000] {processor.py:161} INFO - Started process (PID=417) to work on /home/airflow/.local/lib/python3.12/site-packages/airflow/example_dags/tutorial.py
[2024-04-26T11:19:56.847+0000] {processor.py:830} INFO - Processing file /home/airflow/.local/lib/python3.12/site-packages/airflow/example_dags/tutorial.py for tasks to queue
[2024-04-26T11:19:56.850+0000] {logging_mixin.py:188} INFO - [2024-04-26T11:19:56.849+0000] {dagbag.py:540} INFO - Filling up the DagBag from /home/airflow/.local/lib/python3.12/site-packages/airflow/example_dags/tutorial.py
[2024-04-26T11:19:56.856+0000] {processor.py:840} INFO - DAG(s) 'tutorial' retrieved from /home/airflow/.local/lib/python3.12/site-packages/airflow/example_dags/tutorial.py
[2024-04-26T11:19:56.881+0000] {logging_mixin.py:188} INFO - [2024-04-26T11:19:56.880+0000] {dag.py:3096} INFO - Sync 1 DAGs
[2024-04-26T11:19:56.911+0000] {logging_mixin.py:188} INFO - [2024-04-26T11:19:56.911+0000] {dag.py:3954} INFO - Setting next_dagrun for tutorial to 2024-04-25 00:00:00+00:00, run_after=2024-04-26 00:00:00+00:00
[2024-04-26T11:19:56.938+0000] {processor.py:183} INFO - Processing /home/airflow/.local/lib/python3.12/site-packages/airflow/example_dags/tutorial.py took 0.099 seconds
[2024-04-26T11:20:27.151+0000] {processor.py:161} INFO - Started process (PID=475) to work on /home/airflow/.local/lib/python3.12/site-packages/airflow/example_dags/tutorial.py
[2024-04-26T11:20:27.153+0000] {processor.py:830} INFO - Processing file /home/airflow/.local/lib/python3.12/site-packages/airflow/example_dags/tutorial.py for tasks to queue
[2024-04-26T11:20:27.155+0000] {logging_mixin.py:188} INFO - [2024-04-26T11:20:27.155+0000] {dagbag.py:540} INFO - Filling up the DagBag from /home/airflow/.local/lib/python3.12/site-packages/airflow/example_dags/tutorial.py
[2024-04-26T11:20:27.161+0000] {processor.py:840} INFO - DAG(s) 'tutorial' retrieved from /home/airflow/.local/lib/python3.12/site-packages/airflow/example_dags/tutorial.py
[2024-04-26T11:20:27.183+0000] {logging_mixin.py:188} INFO - [2024-04-26T11:20:27.183+0000] {dag.py:3096} INFO - Sync 1 DAGs
[2024-04-26T11:20:27.204+0000] {logging_mixin.py:188} INFO - [2024-04-26T11:20:27.203+0000] {dag.py:3954} INFO - Setting next_dagrun for tutorial to 2024-04-25 00:00:00+00:00, run_after=2024-04-26 00:00:00+00:00
[2024-04-26T11:20:27.224+0000] {processor.py:183} INFO - Processing /home/airflow/.local/lib/python3.12/site-packages/airflow/example_dags/tutorial.py took 0.079 seconds
[2024-04-26T11:21:48.591+0000] {processor.py:161} INFO - Started process (PID=63) to work on /home/airflow/.local/lib/python3.12/site-packages/airflow/example_dags/tutorial.py
[2024-04-26T11:21:48.592+0000] {processor.py:830} INFO - Processing file /home/airflow/.local/lib/python3.12/site-packages/airflow/example_dags/tutorial.py for tasks to queue
[2024-04-26T11:21:48.595+0000] {logging_mixin.py:188} INFO - [2024-04-26T11:21:48.594+0000] {dagbag.py:540} INFO - Filling up the DagBag from /home/airflow/.local/lib/python3.12/site-packages/airflow/example_dags/tutorial.py
[2024-04-26T11:21:48.604+0000] {processor.py:840} INFO - DAG(s) 'tutorial' retrieved from /home/airflow/.local/lib/python3.12/site-packages/airflow/example_dags/tutorial.py
[2024-04-26T11:21:48.620+0000] {logging_mixin.py:188} INFO - [2024-04-26T11:21:48.620+0000] {dag.py:3096} INFO - Sync 1 DAGs
[2024-04-26T11:21:48.651+0000] {logging_mixin.py:188} INFO - [2024-04-26T11:21:48.651+0000] {dag.py:3954} INFO - Setting next_dagrun for tutorial to 2024-04-25 00:00:00+00:00, run_after=2024-04-26 00:00:00+00:00
[2024-04-26T11:21:48.679+0000] {processor.py:183} INFO - Processing /home/airflow/.local/lib/python3.12/site-packages/airflow/example_dags/tutorial.py took 0.097 seconds
