[2024-04-26T11:16:54.852+0000] {processor.py:161} INFO - Started process (PID=70) to work on /home/airflow/.local/lib/python3.12/site-packages/airflow/example_dags/tutorial_objectstorage.py
[2024-04-26T11:16:54.854+0000] {processor.py:830} INFO - Processing file /home/airflow/.local/lib/python3.12/site-packages/airflow/example_dags/tutorial_objectstorage.py for tasks to queue
[2024-04-26T11:16:54.858+0000] {logging_mixin.py:188} INFO - [2024-04-26T11:16:54.857+0000] {dagbag.py:540} INFO - Filling up the DagBag from /home/airflow/.local/lib/python3.12/site-packages/airflow/example_dags/tutorial_objectstorage.py
[2024-04-26T11:16:54.874+0000] {processor.py:840} INFO - DAG(s) 'tutorial_objectstorage' retrieved from /home/airflow/.local/lib/python3.12/site-packages/airflow/example_dags/tutorial_objectstorage.py
[2024-04-26T11:16:55.091+0000] {logging_mixin.py:188} INFO - [2024-04-26T11:16:55.090+0000] {override.py:1829} INFO - Created Permission View: can delete on DAG:tutorial_objectstorage
[2024-04-26T11:16:55.110+0000] {logging_mixin.py:188} INFO - [2024-04-26T11:16:55.109+0000] {override.py:1829} INFO - Created Permission View: can edit on DAG:tutorial_objectstorage
[2024-04-26T11:16:55.121+0000] {logging_mixin.py:188} INFO - [2024-04-26T11:16:55.120+0000] {override.py:1829} INFO - Created Permission View: can read on DAG:tutorial_objectstorage
[2024-04-26T11:16:55.122+0000] {logging_mixin.py:188} INFO - [2024-04-26T11:16:55.122+0000] {dag.py:3096} INFO - Sync 1 DAGs
[2024-04-26T11:16:55.145+0000] {logging_mixin.py:188} INFO - [2024-04-26T11:16:55.144+0000] {dag.py:3118} INFO - Creating ORM DAG for tutorial_objectstorage
[2024-04-26T11:16:55.147+0000] {logging_mixin.py:188} INFO - [2024-04-26T11:16:55.146+0000] {dag.py:3954} INFO - Setting next_dagrun for tutorial_objectstorage to None, run_after=None
[2024-04-26T11:16:55.178+0000] {processor.py:183} INFO - Processing /home/airflow/.local/lib/python3.12/site-packages/airflow/example_dags/tutorial_objectstorage.py took 0.339 seconds
[2024-04-26T11:17:25.866+0000] {processor.py:161} INFO - Started process (PID=128) to work on /home/airflow/.local/lib/python3.12/site-packages/airflow/example_dags/tutorial_objectstorage.py
[2024-04-26T11:17:25.868+0000] {processor.py:830} INFO - Processing file /home/airflow/.local/lib/python3.12/site-packages/airflow/example_dags/tutorial_objectstorage.py for tasks to queue
[2024-04-26T11:17:25.870+0000] {logging_mixin.py:188} INFO - [2024-04-26T11:17:25.870+0000] {dagbag.py:540} INFO - Filling up the DagBag from /home/airflow/.local/lib/python3.12/site-packages/airflow/example_dags/tutorial_objectstorage.py
[2024-04-26T11:17:25.877+0000] {processor.py:840} INFO - DAG(s) 'tutorial_objectstorage' retrieved from /home/airflow/.local/lib/python3.12/site-packages/airflow/example_dags/tutorial_objectstorage.py
[2024-04-26T11:17:25.904+0000] {logging_mixin.py:188} INFO - [2024-04-26T11:17:25.903+0000] {dag.py:3096} INFO - Sync 1 DAGs
[2024-04-26T11:17:25.922+0000] {logging_mixin.py:188} INFO - [2024-04-26T11:17:25.921+0000] {dag.py:3954} INFO - Setting next_dagrun for tutorial_objectstorage to None, run_after=None
[2024-04-26T11:17:25.950+0000] {processor.py:183} INFO - Processing /home/airflow/.local/lib/python3.12/site-packages/airflow/example_dags/tutorial_objectstorage.py took 0.090 seconds
[2024-04-26T11:17:56.740+0000] {processor.py:161} INFO - Started process (PID=186) to work on /home/airflow/.local/lib/python3.12/site-packages/airflow/example_dags/tutorial_objectstorage.py
[2024-04-26T11:17:56.747+0000] {processor.py:830} INFO - Processing file /home/airflow/.local/lib/python3.12/site-packages/airflow/example_dags/tutorial_objectstorage.py for tasks to queue
[2024-04-26T11:17:56.762+0000] {logging_mixin.py:188} INFO - [2024-04-26T11:17:56.762+0000] {dagbag.py:540} INFO - Filling up the DagBag from /home/airflow/.local/lib/python3.12/site-packages/airflow/example_dags/tutorial_objectstorage.py
[2024-04-26T11:17:56.800+0000] {processor.py:840} INFO - DAG(s) 'tutorial_objectstorage' retrieved from /home/airflow/.local/lib/python3.12/site-packages/airflow/example_dags/tutorial_objectstorage.py
[2024-04-26T11:17:56.995+0000] {logging_mixin.py:188} INFO - [2024-04-26T11:17:56.994+0000] {dag.py:3096} INFO - Sync 1 DAGs
[2024-04-26T11:17:57.014+0000] {logging_mixin.py:188} INFO - [2024-04-26T11:17:57.013+0000] {dag.py:3954} INFO - Setting next_dagrun for tutorial_objectstorage to None, run_after=None
[2024-04-26T11:17:57.039+0000] {processor.py:183} INFO - Processing /home/airflow/.local/lib/python3.12/site-packages/airflow/example_dags/tutorial_objectstorage.py took 0.314 seconds
[2024-04-26T11:18:27.090+0000] {processor.py:161} INFO - Started process (PID=244) to work on /home/airflow/.local/lib/python3.12/site-packages/airflow/example_dags/tutorial_objectstorage.py
[2024-04-26T11:18:27.091+0000] {processor.py:830} INFO - Processing file /home/airflow/.local/lib/python3.12/site-packages/airflow/example_dags/tutorial_objectstorage.py for tasks to queue
[2024-04-26T11:18:27.094+0000] {logging_mixin.py:188} INFO - [2024-04-26T11:18:27.094+0000] {dagbag.py:540} INFO - Filling up the DagBag from /home/airflow/.local/lib/python3.12/site-packages/airflow/example_dags/tutorial_objectstorage.py
[2024-04-26T11:18:27.102+0000] {processor.py:840} INFO - DAG(s) 'tutorial_objectstorage' retrieved from /home/airflow/.local/lib/python3.12/site-packages/airflow/example_dags/tutorial_objectstorage.py
[2024-04-26T11:18:27.128+0000] {logging_mixin.py:188} INFO - [2024-04-26T11:18:27.128+0000] {dag.py:3096} INFO - Sync 1 DAGs
[2024-04-26T11:18:27.144+0000] {logging_mixin.py:188} INFO - [2024-04-26T11:18:27.143+0000] {dag.py:3954} INFO - Setting next_dagrun for tutorial_objectstorage to None, run_after=None
[2024-04-26T11:18:27.169+0000] {processor.py:183} INFO - Processing /home/airflow/.local/lib/python3.12/site-packages/airflow/example_dags/tutorial_objectstorage.py took 0.085 seconds
[2024-04-26T11:18:57.299+0000] {processor.py:161} INFO - Started process (PID=302) to work on /home/airflow/.local/lib/python3.12/site-packages/airflow/example_dags/tutorial_objectstorage.py
[2024-04-26T11:18:57.301+0000] {processor.py:830} INFO - Processing file /home/airflow/.local/lib/python3.12/site-packages/airflow/example_dags/tutorial_objectstorage.py for tasks to queue
[2024-04-26T11:18:57.303+0000] {logging_mixin.py:188} INFO - [2024-04-26T11:18:57.303+0000] {dagbag.py:540} INFO - Filling up the DagBag from /home/airflow/.local/lib/python3.12/site-packages/airflow/example_dags/tutorial_objectstorage.py
[2024-04-26T11:18:57.310+0000] {processor.py:840} INFO - DAG(s) 'tutorial_objectstorage' retrieved from /home/airflow/.local/lib/python3.12/site-packages/airflow/example_dags/tutorial_objectstorage.py
[2024-04-26T11:18:57.333+0000] {logging_mixin.py:188} INFO - [2024-04-26T11:18:57.332+0000] {dag.py:3096} INFO - Sync 1 DAGs
[2024-04-26T11:18:57.347+0000] {logging_mixin.py:188} INFO - [2024-04-26T11:18:57.347+0000] {dag.py:3954} INFO - Setting next_dagrun for tutorial_objectstorage to None, run_after=None
[2024-04-26T11:18:57.373+0000] {processor.py:183} INFO - Processing /home/airflow/.local/lib/python3.12/site-packages/airflow/example_dags/tutorial_objectstorage.py took 0.079 seconds
[2024-04-26T11:19:27.719+0000] {processor.py:161} INFO - Started process (PID=360) to work on /home/airflow/.local/lib/python3.12/site-packages/airflow/example_dags/tutorial_objectstorage.py
[2024-04-26T11:19:27.720+0000] {processor.py:830} INFO - Processing file /home/airflow/.local/lib/python3.12/site-packages/airflow/example_dags/tutorial_objectstorage.py for tasks to queue
[2024-04-26T11:19:27.723+0000] {logging_mixin.py:188} INFO - [2024-04-26T11:19:27.722+0000] {dagbag.py:540} INFO - Filling up the DagBag from /home/airflow/.local/lib/python3.12/site-packages/airflow/example_dags/tutorial_objectstorage.py
[2024-04-26T11:19:27.730+0000] {processor.py:840} INFO - DAG(s) 'tutorial_objectstorage' retrieved from /home/airflow/.local/lib/python3.12/site-packages/airflow/example_dags/tutorial_objectstorage.py
[2024-04-26T11:19:27.754+0000] {logging_mixin.py:188} INFO - [2024-04-26T11:19:27.754+0000] {dag.py:3096} INFO - Sync 1 DAGs
[2024-04-26T11:19:27.768+0000] {logging_mixin.py:188} INFO - [2024-04-26T11:19:27.767+0000] {dag.py:3954} INFO - Setting next_dagrun for tutorial_objectstorage to None, run_after=None
[2024-04-26T11:19:27.792+0000] {processor.py:183} INFO - Processing /home/airflow/.local/lib/python3.12/site-packages/airflow/example_dags/tutorial_objectstorage.py took 0.080 seconds
[2024-04-26T11:19:57.971+0000] {processor.py:161} INFO - Started process (PID=418) to work on /home/airflow/.local/lib/python3.12/site-packages/airflow/example_dags/tutorial_objectstorage.py
[2024-04-26T11:19:57.973+0000] {processor.py:830} INFO - Processing file /home/airflow/.local/lib/python3.12/site-packages/airflow/example_dags/tutorial_objectstorage.py for tasks to queue
[2024-04-26T11:19:57.975+0000] {logging_mixin.py:188} INFO - [2024-04-26T11:19:57.975+0000] {dagbag.py:540} INFO - Filling up the DagBag from /home/airflow/.local/lib/python3.12/site-packages/airflow/example_dags/tutorial_objectstorage.py
[2024-04-26T11:19:57.986+0000] {processor.py:840} INFO - DAG(s) 'tutorial_objectstorage' retrieved from /home/airflow/.local/lib/python3.12/site-packages/airflow/example_dags/tutorial_objectstorage.py
[2024-04-26T11:19:58.014+0000] {logging_mixin.py:188} INFO - [2024-04-26T11:19:58.013+0000] {dag.py:3096} INFO - Sync 1 DAGs
[2024-04-26T11:19:58.034+0000] {logging_mixin.py:188} INFO - [2024-04-26T11:19:58.033+0000] {dag.py:3954} INFO - Setting next_dagrun for tutorial_objectstorage to None, run_after=None
[2024-04-26T11:19:58.072+0000] {processor.py:183} INFO - Processing /home/airflow/.local/lib/python3.12/site-packages/airflow/example_dags/tutorial_objectstorage.py took 0.108 seconds
[2024-04-26T11:20:28.205+0000] {processor.py:161} INFO - Started process (PID=476) to work on /home/airflow/.local/lib/python3.12/site-packages/airflow/example_dags/tutorial_objectstorage.py
[2024-04-26T11:20:28.206+0000] {processor.py:830} INFO - Processing file /home/airflow/.local/lib/python3.12/site-packages/airflow/example_dags/tutorial_objectstorage.py for tasks to queue
[2024-04-26T11:20:28.210+0000] {logging_mixin.py:188} INFO - [2024-04-26T11:20:28.209+0000] {dagbag.py:540} INFO - Filling up the DagBag from /home/airflow/.local/lib/python3.12/site-packages/airflow/example_dags/tutorial_objectstorage.py
[2024-04-26T11:20:28.222+0000] {processor.py:840} INFO - DAG(s) 'tutorial_objectstorage' retrieved from /home/airflow/.local/lib/python3.12/site-packages/airflow/example_dags/tutorial_objectstorage.py
[2024-04-26T11:20:28.249+0000] {logging_mixin.py:188} INFO - [2024-04-26T11:20:28.249+0000] {dag.py:3096} INFO - Sync 1 DAGs
[2024-04-26T11:20:28.268+0000] {logging_mixin.py:188} INFO - [2024-04-26T11:20:28.267+0000] {dag.py:3954} INFO - Setting next_dagrun for tutorial_objectstorage to None, run_after=None
[2024-04-26T11:20:28.295+0000] {processor.py:183} INFO - Processing /home/airflow/.local/lib/python3.12/site-packages/airflow/example_dags/tutorial_objectstorage.py took 0.099 seconds
[2024-04-26T11:21:48.799+0000] {processor.py:161} INFO - Started process (PID=64) to work on /home/airflow/.local/lib/python3.12/site-packages/airflow/example_dags/tutorial_objectstorage.py
[2024-04-26T11:21:48.800+0000] {processor.py:830} INFO - Processing file /home/airflow/.local/lib/python3.12/site-packages/airflow/example_dags/tutorial_objectstorage.py for tasks to queue
[2024-04-26T11:21:48.804+0000] {logging_mixin.py:188} INFO - [2024-04-26T11:21:48.803+0000] {dagbag.py:540} INFO - Filling up the DagBag from /home/airflow/.local/lib/python3.12/site-packages/airflow/example_dags/tutorial_objectstorage.py
[2024-04-26T11:21:48.812+0000] {processor.py:840} INFO - DAG(s) 'tutorial_objectstorage' retrieved from /home/airflow/.local/lib/python3.12/site-packages/airflow/example_dags/tutorial_objectstorage.py
[2024-04-26T11:21:48.835+0000] {logging_mixin.py:188} INFO - [2024-04-26T11:21:48.834+0000] {dag.py:3096} INFO - Sync 1 DAGs
[2024-04-26T11:21:48.857+0000] {logging_mixin.py:188} INFO - [2024-04-26T11:21:48.856+0000] {dag.py:3954} INFO - Setting next_dagrun for tutorial_objectstorage to None, run_after=None
[2024-04-26T11:21:48.890+0000] {processor.py:183} INFO - Processing /home/airflow/.local/lib/python3.12/site-packages/airflow/example_dags/tutorial_objectstorage.py took 0.098 seconds
