[2024-05-06T12:10:00.626+0000] {local_task_job_runner.py:120} INFO - ::group::Pre task execution logs
[2024-05-06T12:10:00.643+0000] {taskinstance.py:2073} INFO - Dependencies all met for dep_context=non-requeueable deps ti=<TaskInstance: postgres_operator_dag.create_pet_table_mysql manual__2024-05-06T12:09:58.649390+00:00 [queued]>
[2024-05-06T12:10:00.651+0000] {taskinstance.py:2073} INFO - Dependencies all met for dep_context=requeueable deps ti=<TaskInstance: postgres_operator_dag.create_pet_table_mysql manual__2024-05-06T12:09:58.649390+00:00 [queued]>
[2024-05-06T12:10:00.651+0000] {taskinstance.py:2303} INFO - Starting attempt 1 of 3
[2024-05-06T12:10:00.665+0000] {taskinstance.py:2327} INFO - Executing <Task(MySqlOperator): create_pet_table_mysql> on 2024-05-06 12:09:58.649390+00:00
[2024-05-06T12:10:00.671+0000] {warnings.py:110} WARNING - /home/***/.local/lib/python3.12/site-packages/***/task/task_runner/standard_task_runner.py:61: DeprecationWarning: This process (pid=2118) is multi-threaded, use of fork() may lead to deadlocks in the child.
  pid = os.fork()

[2024-05-06T12:10:00.672+0000] {standard_task_runner.py:63} INFO - Started process 2119 to run task
[2024-05-06T12:10:00.672+0000] {standard_task_runner.py:90} INFO - Running: ['***', 'tasks', 'run', 'postgres_operator_dag', 'create_pet_table_mysql', 'manual__2024-05-06T12:09:58.649390+00:00', '--job-id', '197', '--raw', '--subdir', 'DAGS_FOLDER/kachevo.py', '--cfg-path', '/tmp/tmpvoao86yj']
[2024-05-06T12:10:00.674+0000] {standard_task_runner.py:91} INFO - Job 197: Subtask create_pet_table_mysql
[2024-05-06T12:10:00.713+0000] {task_command.py:426} INFO - Running <TaskInstance: postgres_operator_dag.create_pet_table_mysql manual__2024-05-06T12:09:58.649390+00:00 [running]> on host db2363de7199
[2024-05-06T12:10:00.786+0000] {taskinstance.py:2644} INFO - Exporting env vars: AIRFLOW_CTX_DAG_OWNER='***' AIRFLOW_CTX_DAG_ID='postgres_operator_dag' AIRFLOW_CTX_TASK_ID='create_pet_table_mysql' AIRFLOW_CTX_EXECUTION_DATE='2024-05-06T12:09:58.649390+00:00' AIRFLOW_CTX_TRY_NUMBER='1' AIRFLOW_CTX_DAG_RUN_ID='manual__2024-05-06T12:09:58.649390+00:00'
[2024-05-06T12:10:00.787+0000] {taskinstance.py:430} INFO - ::endgroup::
[2024-05-06T12:10:00.798+0000] {sql.py:276} INFO - Executing: 
            CREATE TABLE IF NOT EXISTS pet (
                pet_id INT AUTO_INCREMENT PRIMARY KEY,
                name VARCHAR(255) NOT NULL,
                pet_type VARCHAR(255) NOT NULL,
                birth_date DATE NOT NULL,
                OWNER VARCHAR(255) NOT NULL
            );
            
[2024-05-06T12:10:00.807+0000] {base.py:84} INFO - Using connection ID 'mysql' for task execution.
[2024-05-06T12:10:00.815+0000] {base.py:84} INFO - Using connection ID 'mysql' for task execution.
[2024-05-06T12:10:00.826+0000] {sql.py:457} INFO - Running statement: 
            CREATE TABLE IF NOT EXISTS pet (
                pet_id INT AUTO_INCREMENT PRIMARY KEY,
                name VARCHAR(255) NOT NULL,
                pet_type VARCHAR(255) NOT NULL,
                birth_date DATE NOT NULL,
                OWNER VARCHAR(255) NOT NULL
            );
            , parameters: None
[2024-05-06T12:10:00.828+0000] {sql.py:466} INFO - Rows affected: 0
[2024-05-06T12:10:00.828+0000] {warnings.py:110} WARNING - /home/***/.local/lib/python3.12/site-packages/***/providers/common/sql/hooks/sql.py:407: AirflowProviderDeprecationWarning: Call to deprecated method _make_common_data_structure. (The `_make_serializable` method is deprecated and support will be removed in a future version of the common.sql provider. Please update the DbApiHook's provider to a version based on common.sql >= 1.9.1.)
  result = self._make_common_data_structure(handler(cur))

[2024-05-06T12:10:00.830+0000] {taskinstance.py:441} INFO - ::group::Post task execution logs
[2024-05-06T12:10:00.838+0000] {taskinstance.py:1205} INFO - Marking task as SUCCESS. dag_id=postgres_operator_dag, task_id=create_pet_table_mysql, execution_date=20240506T120958, start_date=20240506T121000, end_date=20240506T121000
[2024-05-06T12:10:00.886+0000] {local_task_job_runner.py:240} INFO - Task exited with return code 0
[2024-05-06T12:10:00.895+0000] {warnings.py:110} WARNING - /home/***/.local/lib/python3.12/site-packages/***/models/baseoperator.py:1296: AirflowProviderDeprecationWarning: Call to deprecated class PostgresOperator. (Please use `***.providers.common.sql.operators.sql.SQLExecuteQueryOperator`.Also, you can provide `hook_params={'schema': <database>}`.)
  result = cls.__new__(cls)

[2024-05-06T12:10:00.896+0000] {warnings.py:110} WARNING - /home/***/.local/lib/python3.12/site-packages/***/models/baseoperator.py:1296: AirflowProviderDeprecationWarning: Call to deprecated class MySqlOperator. (Please use `***.providers.common.sql.operators.sql.SQLExecuteQueryOperator`.Also, you can provide `hook_params={'schema': <database>}`.)
  result = cls.__new__(cls)

[2024-05-06T12:10:00.911+0000] {taskinstance.py:3482} INFO - 1 downstream tasks scheduled from follow-on schedule check
[2024-05-06T12:10:00.914+0000] {local_task_job_runner.py:222} INFO - ::endgroup::
