[2024-05-06T10:12:51.726+0000] {local_task_job_runner.py:120} INFO - ::group::Pre task execution logs
[2024-05-06T10:12:51.745+0000] {taskinstance.py:2073} INFO - Dependencies all met for dep_context=non-requeueable deps ti=<TaskInstance: postgres_operator_dag.getfrommysql manual__2024-05-06T10:12:45.872884+00:00 [queued]>
[2024-05-06T10:12:51.753+0000] {taskinstance.py:2073} INFO - Dependencies all met for dep_context=requeueable deps ti=<TaskInstance: postgres_operator_dag.getfrommysql manual__2024-05-06T10:12:45.872884+00:00 [queued]>
[2024-05-06T10:12:51.753+0000] {taskinstance.py:2303} INFO - Starting attempt 1 of 1
[2024-05-06T10:12:51.765+0000] {taskinstance.py:2327} INFO - Executing <Task(MySqlOperator): getfrommysql> on 2024-05-06 10:12:45.872884+00:00
[2024-05-06T10:12:51.771+0000] {warnings.py:110} WARNING - /home/***/.local/lib/python3.12/site-packages/***/task/task_runner/standard_task_runner.py:61: DeprecationWarning: This process (pid=322) is multi-threaded, use of fork() may lead to deadlocks in the child.
  pid = os.fork()

[2024-05-06T10:12:51.773+0000] {standard_task_runner.py:63} INFO - Started process 323 to run task
[2024-05-06T10:12:51.772+0000] {standard_task_runner.py:90} INFO - Running: ['***', 'tasks', 'run', 'postgres_operator_dag', 'getfrommysql', 'manual__2024-05-06T10:12:45.872884+00:00', '--job-id', '67', '--raw', '--subdir', 'DAGS_FOLDER/kachevo.py', '--cfg-path', '/tmp/tmpqrbj1jz8']
[2024-05-06T10:12:51.774+0000] {standard_task_runner.py:91} INFO - Job 67: Subtask getfrommysql
[2024-05-06T10:12:51.808+0000] {task_command.py:426} INFO - Running <TaskInstance: postgres_operator_dag.getfrommysql manual__2024-05-06T10:12:45.872884+00:00 [running]> on host db2363de7199
[2024-05-06T10:12:51.880+0000] {taskinstance.py:2644} INFO - Exporting env vars: AIRFLOW_CTX_DAG_OWNER='***' AIRFLOW_CTX_DAG_ID='postgres_operator_dag' AIRFLOW_CTX_TASK_ID='getfrommysql' AIRFLOW_CTX_EXECUTION_DATE='2024-05-06T10:12:45.872884+00:00' AIRFLOW_CTX_TRY_NUMBER='1' AIRFLOW_CTX_DAG_RUN_ID='manual__2024-05-06T10:12:45.872884+00:00'
[2024-05-06T10:12:51.881+0000] {taskinstance.py:430} INFO - ::endgroup::
[2024-05-06T10:12:51.891+0000] {sql.py:276} INFO - Executing: select * from pet where name = "Samurai"
[2024-05-06T10:12:51.898+0000] {base.py:84} INFO - Using connection ID 'mysql' for task execution.
[2024-05-06T10:12:51.904+0000] {base.py:84} INFO - Using connection ID 'mysql' for task execution.
[2024-05-06T10:12:51.917+0000] {sql.py:457} INFO - Running statement: select * from pet where name = "Samurai", parameters: None
[2024-05-06T10:12:51.919+0000] {sql.py:466} INFO - Rows affected: 1
[2024-05-06T10:12:51.920+0000] {warnings.py:110} WARNING - /home/***/.local/lib/python3.12/site-packages/***/providers/common/sql/hooks/sql.py:407: AirflowProviderDeprecationWarning: Call to deprecated method _make_common_data_structure. (The `_make_serializable` method is deprecated and support will be removed in a future version of the common.sql provider. Please update the DbApiHook's provider to a version based on common.sql >= 1.9.1.)
  result = self._make_common_data_structure(handler(cur))

[2024-05-06T10:12:51.921+0000] {taskinstance.py:441} INFO - ::group::Post task execution logs
[2024-05-06T10:12:51.938+0000] {taskinstance.py:1205} INFO - Marking task as SUCCESS. dag_id=postgres_operator_dag, task_id=getfrommysql, execution_date=20240506T101245, start_date=20240506T101251, end_date=20240506T101251
[2024-05-06T10:12:51.987+0000] {local_task_job_runner.py:240} INFO - Task exited with return code 0
[2024-05-06T10:12:52.000+0000] {taskinstance.py:3482} INFO - 0 downstream tasks scheduled from follow-on schedule check
[2024-05-06T10:12:52.002+0000] {local_task_job_runner.py:222} INFO - ::endgroup::
