[2024-05-06T12:28:23.987+0000] {local_task_job_runner.py:120} INFO - ::group::Pre task execution logs
[2024-05-06T12:28:24.017+0000] {taskinstance.py:2073} INFO - Dependencies all met for dep_context=non-requeueable deps ti=<TaskInstance: postgres_operator_dag.get_all_pets_mysql manual__2024-05-06T12:28:15.391308+00:00 [queued]>
[2024-05-06T12:28:24.031+0000] {taskinstance.py:2073} INFO - Dependencies all met for dep_context=requeueable deps ti=<TaskInstance: postgres_operator_dag.get_all_pets_mysql manual__2024-05-06T12:28:15.391308+00:00 [queued]>
[2024-05-06T12:28:24.033+0000] {taskinstance.py:2303} INFO - Starting attempt 1 of 3
[2024-05-06T12:28:24.051+0000] {taskinstance.py:2327} INFO - Executing <Task(MySqlOperator): get_all_pets_mysql> on 2024-05-06 12:28:15.391308+00:00
[2024-05-06T12:28:24.061+0000] {warnings.py:110} WARNING - /home/***/.local/lib/python3.12/site-packages/***/task/task_runner/standard_task_runner.py:61: DeprecationWarning: This process (pid=2504) is multi-threaded, use of fork() may lead to deadlocks in the child.
  pid = os.fork()

[2024-05-06T12:28:24.063+0000] {standard_task_runner.py:63} INFO - Started process 2507 to run task
[2024-05-06T12:28:24.063+0000] {standard_task_runner.py:90} INFO - Running: ['***', 'tasks', 'run', 'postgres_operator_dag', 'get_all_pets_mysql', 'manual__2024-05-06T12:28:15.391308+00:00', '--job-id', '272', '--raw', '--subdir', 'DAGS_FOLDER/kachevo.py', '--cfg-path', '/tmp/tmpbh7uk0v8']
[2024-05-06T12:28:24.066+0000] {standard_task_runner.py:91} INFO - Job 272: Subtask get_all_pets_mysql
[2024-05-06T12:28:24.123+0000] {task_command.py:426} INFO - Running <TaskInstance: postgres_operator_dag.get_all_pets_mysql manual__2024-05-06T12:28:15.391308+00:00 [running]> on host db2363de7199
[2024-05-06T12:28:24.203+0000] {taskinstance.py:2644} INFO - Exporting env vars: AIRFLOW_CTX_DAG_OWNER='***' AIRFLOW_CTX_DAG_ID='postgres_operator_dag' AIRFLOW_CTX_TASK_ID='get_all_pets_mysql' AIRFLOW_CTX_EXECUTION_DATE='2024-05-06T12:28:15.391308+00:00' AIRFLOW_CTX_TRY_NUMBER='1' AIRFLOW_CTX_DAG_RUN_ID='manual__2024-05-06T12:28:15.391308+00:00'
[2024-05-06T12:28:24.204+0000] {taskinstance.py:430} INFO - ::endgroup::
[2024-05-06T12:28:24.216+0000] {sql.py:276} INFO - Executing: SELECT * FROM pet;
[2024-05-06T12:28:24.225+0000] {base.py:84} INFO - Using connection ID 'mysql' for task execution.
[2024-05-06T12:28:24.233+0000] {base.py:84} INFO - Using connection ID 'mysql' for task execution.
[2024-05-06T12:28:24.245+0000] {sql.py:457} INFO - Running statement: SELECT * FROM pet;, parameters: None
[2024-05-06T12:28:24.247+0000] {sql.py:466} INFO - Rows affected: 5
[2024-05-06T12:28:24.248+0000] {warnings.py:110} WARNING - /home/***/.local/lib/python3.12/site-packages/***/providers/common/sql/hooks/sql.py:407: AirflowProviderDeprecationWarning: Call to deprecated method _make_common_data_structure. (The `_make_serializable` method is deprecated and support will be removed in a future version of the common.sql provider. Please update the DbApiHook's provider to a version based on common.sql >= 1.9.1.)
  result = self._make_common_data_structure(handler(cur))

[2024-05-06T12:28:24.250+0000] {taskinstance.py:441} INFO - ::group::Post task execution logs
[2024-05-06T12:28:24.271+0000] {taskinstance.py:1205} INFO - Marking task as SUCCESS. dag_id=postgres_operator_dag, task_id=get_all_pets_mysql, execution_date=20240506T122815, start_date=20240506T122824, end_date=20240506T122824
[2024-05-06T12:28:24.318+0000] {local_task_job_runner.py:240} INFO - Task exited with return code 0
[2024-05-06T12:28:24.327+0000] {warnings.py:110} WARNING - /home/***/.local/lib/python3.12/site-packages/***/models/baseoperator.py:1296: AirflowProviderDeprecationWarning: Call to deprecated class PostgresOperator. (Please use `***.providers.common.sql.operators.sql.SQLExecuteQueryOperator`.Also, you can provide `hook_params={'schema': <database>}`.)
  result = cls.__new__(cls)

[2024-05-06T12:28:24.328+0000] {warnings.py:110} WARNING - /home/***/.local/lib/python3.12/site-packages/***/models/baseoperator.py:1296: AirflowProviderDeprecationWarning: Call to deprecated class MySqlOperator. (Please use `***.providers.common.sql.operators.sql.SQLExecuteQueryOperator`.Also, you can provide `hook_params={'schema': <database>}`.)
  result = cls.__new__(cls)

[2024-05-06T12:28:24.345+0000] {taskinstance.py:3482} INFO - 1 downstream tasks scheduled from follow-on schedule check
[2024-05-06T12:28:24.347+0000] {local_task_job_runner.py:222} INFO - ::endgroup::
