[2024-05-06T10:54:45.623+0000] {local_task_job_runner.py:120} INFO - ::group::Pre task execution logs
[2024-05-06T10:54:45.648+0000] {taskinstance.py:2073} INFO - Dependencies all met for dep_context=non-requeueable deps ti=<TaskInstance: postgres_operator_dag.create_pet_table manual__2024-05-06T10:54:44.289137+00:00 [queued]>
[2024-05-06T10:54:45.660+0000] {taskinstance.py:2073} INFO - Dependencies all met for dep_context=requeueable deps ti=<TaskInstance: postgres_operator_dag.create_pet_table manual__2024-05-06T10:54:44.289137+00:00 [queued]>
[2024-05-06T10:54:45.661+0000] {taskinstance.py:2303} INFO - Starting attempt 1 of 3
[2024-05-06T10:54:45.678+0000] {taskinstance.py:2327} INFO - Executing <Task(PostgresOperator): create_pet_table> on 2024-05-06 10:54:44.289137+00:00
[2024-05-06T10:54:45.685+0000] {warnings.py:110} WARNING - /home/***/.local/lib/python3.12/site-packages/***/task/task_runner/standard_task_runner.py:61: DeprecationWarning: This process (pid=926) is multi-threaded, use of fork() may lead to deadlocks in the child.
  pid = os.fork()

[2024-05-06T10:54:45.688+0000] {standard_task_runner.py:63} INFO - Started process 927 to run task
[2024-05-06T10:54:45.687+0000] {standard_task_runner.py:90} INFO - Running: ['***', 'tasks', 'run', 'postgres_operator_dag', 'create_pet_table', 'manual__2024-05-06T10:54:44.289137+00:00', '--job-id', '95', '--raw', '--subdir', 'DAGS_FOLDER/kachevo.py', '--cfg-path', '/tmp/tmpay3_11i0']
[2024-05-06T10:54:45.689+0000] {standard_task_runner.py:91} INFO - Job 95: Subtask create_pet_table
[2024-05-06T10:54:45.740+0000] {task_command.py:426} INFO - Running <TaskInstance: postgres_operator_dag.create_pet_table manual__2024-05-06T10:54:44.289137+00:00 [running]> on host db2363de7199
[2024-05-06T10:54:45.829+0000] {taskinstance.py:2644} INFO - Exporting env vars: AIRFLOW_CTX_DAG_OWNER='***' AIRFLOW_CTX_DAG_ID='postgres_operator_dag' AIRFLOW_CTX_TASK_ID='create_pet_table' AIRFLOW_CTX_EXECUTION_DATE='2024-05-06T10:54:44.289137+00:00' AIRFLOW_CTX_TRY_NUMBER='1' AIRFLOW_CTX_DAG_RUN_ID='manual__2024-05-06T10:54:44.289137+00:00'
[2024-05-06T10:54:45.830+0000] {taskinstance.py:430} INFO - ::endgroup::
[2024-05-06T10:54:45.842+0000] {sql.py:276} INFO - Executing: 
            CREATE TABLE IF NOT EXISTS pet (
            pet_id SERIAL PRIMARY KEY,
            name VARCHAR NOT NULL,
            pet_type VARCHAR NOT NULL,
            birth_date DATE NOT NULL,
            OWNER VARCHAR NOT NULL);
          
[2024-05-06T10:54:45.852+0000] {base.py:84} INFO - Using connection ID 'postgres' for task execution.
[2024-05-06T10:54:45.860+0000] {base.py:84} INFO - Using connection ID 'postgres' for task execution.
[2024-05-06T10:54:45.904+0000] {sql.py:457} INFO - Running statement: 
            CREATE TABLE IF NOT EXISTS pet (
            pet_id SERIAL PRIMARY KEY,
            name VARCHAR NOT NULL,
            pet_type VARCHAR NOT NULL,
            birth_date DATE NOT NULL,
            OWNER VARCHAR NOT NULL);
          , parameters: None
[2024-05-06T10:54:45.908+0000] {warnings.py:110} WARNING - /home/***/.local/lib/python3.12/site-packages/***/providers/common/sql/hooks/sql.py:407: AirflowProviderDeprecationWarning: Call to deprecated method _make_common_data_structure. (The `_make_serializable` method is deprecated and support will be removed in a future version of the common.sql provider. Please update the DbApiHook's provider to a version based on common.sql >= 1.9.1.)
  result = self._make_common_data_structure(handler(cur))

[2024-05-06T10:54:45.910+0000] {taskinstance.py:441} INFO - ::group::Post task execution logs
[2024-05-06T10:54:45.918+0000] {taskinstance.py:1205} INFO - Marking task as SUCCESS. dag_id=postgres_operator_dag, task_id=create_pet_table, execution_date=20240506T105444, start_date=20240506T105445, end_date=20240506T105445
[2024-05-06T10:54:45.942+0000] {local_task_job_runner.py:240} INFO - Task exited with return code 0
[2024-05-06T10:54:45.950+0000] {warnings.py:110} WARNING - /home/***/.local/lib/python3.12/site-packages/***/models/baseoperator.py:1296: AirflowProviderDeprecationWarning: Call to deprecated class PostgresOperator. (Please use `***.providers.common.sql.operators.sql.SQLExecuteQueryOperator`.Also, you can provide `hook_params={'schema': <database>}`.)
  result = cls.__new__(cls)

[2024-05-06T10:54:45.952+0000] {warnings.py:110} WARNING - /home/***/.local/lib/python3.12/site-packages/***/models/baseoperator.py:1296: AirflowProviderDeprecationWarning: Call to deprecated class MySqlOperator. (Please use `***.providers.common.sql.operators.sql.SQLExecuteQueryOperator`.Also, you can provide `hook_params={'schema': <database>}`.)
  result = cls.__new__(cls)

[2024-05-06T10:54:45.964+0000] {taskinstance.py:3482} INFO - 1 downstream tasks scheduled from follow-on schedule check
[2024-05-06T10:54:45.966+0000] {local_task_job_runner.py:222} INFO - ::endgroup::
