[2024-05-06T12:46:18.993+0000] {local_task_job_runner.py:120} INFO - ::group::Pre task execution logs
[2024-05-06T12:46:19.022+0000] {taskinstance.py:2073} INFO - Dependencies all met for dep_context=non-requeueable deps ti=<TaskInstance: postgres_operator_dag.getfrommysql manual__2024-05-06T12:46:06.302795+00:00 [queued]>
[2024-05-06T12:46:19.034+0000] {taskinstance.py:2073} INFO - Dependencies all met for dep_context=requeueable deps ti=<TaskInstance: postgres_operator_dag.getfrommysql manual__2024-05-06T12:46:06.302795+00:00 [queued]>
[2024-05-06T12:46:19.035+0000] {taskinstance.py:2303} INFO - Starting attempt 1 of 3
[2024-05-06T12:46:19.051+0000] {taskinstance.py:2327} INFO - Executing <Task(MySqlOperator): getfrommysql> on 2024-05-06 12:46:06.302795+00:00
[2024-05-06T12:46:19.057+0000] {warnings.py:110} WARNING - /home/***/.local/lib/python3.12/site-packages/***/task/task_runner/standard_task_runner.py:61: DeprecationWarning: This process (pid=75) is multi-threaded, use of fork() may lead to deadlocks in the child.
  pid = os.fork()

[2024-05-06T12:46:19.059+0000] {standard_task_runner.py:63} INFO - Started process 76 to run task
[2024-05-06T12:46:19.059+0000] {standard_task_runner.py:90} INFO - Running: ['***', 'tasks', 'run', 'postgres_operator_dag', 'getfrommysql', 'manual__2024-05-06T12:46:06.302795+00:00', '--job-id', '323', '--raw', '--subdir', 'DAGS_FOLDER/kachevo.py', '--cfg-path', '/tmp/tmpd83bi3ya']
[2024-05-06T12:46:19.062+0000] {standard_task_runner.py:91} INFO - Job 323: Subtask getfrommysql
[2024-05-06T12:46:19.103+0000] {task_command.py:426} INFO - Running <TaskInstance: postgres_operator_dag.getfrommysql manual__2024-05-06T12:46:06.302795+00:00 [running]> on host db2363de7199
[2024-05-06T12:46:19.188+0000] {taskinstance.py:2644} INFO - Exporting env vars: AIRFLOW_CTX_DAG_OWNER='***' AIRFLOW_CTX_DAG_ID='postgres_operator_dag' AIRFLOW_CTX_TASK_ID='getfrommysql' AIRFLOW_CTX_EXECUTION_DATE='2024-05-06T12:46:06.302795+00:00' AIRFLOW_CTX_TRY_NUMBER='1' AIRFLOW_CTX_DAG_RUN_ID='manual__2024-05-06T12:46:06.302795+00:00'
[2024-05-06T12:46:19.190+0000] {taskinstance.py:430} INFO - ::endgroup::
[2024-05-06T12:46:19.200+0000] {sql.py:276} INFO - Executing: select * from pet where name = "Samurai"
[2024-05-06T12:46:19.208+0000] {base.py:84} INFO - Using connection ID 'mysql' for task execution.
[2024-05-06T12:46:19.216+0000] {base.py:84} INFO - Using connection ID 'mysql' for task execution.
[2024-05-06T12:46:19.228+0000] {sql.py:457} INFO - Running statement: select * from pet where name = "Samurai", parameters: None
[2024-05-06T12:46:19.231+0000] {sql.py:466} INFO - Rows affected: 1
[2024-05-06T12:46:19.232+0000] {warnings.py:110} WARNING - /home/***/.local/lib/python3.12/site-packages/***/providers/common/sql/hooks/sql.py:407: AirflowProviderDeprecationWarning: Call to deprecated method _make_common_data_structure. (The `_make_serializable` method is deprecated and support will be removed in a future version of the common.sql provider. Please update the DbApiHook's provider to a version based on common.sql >= 1.9.1.)
  result = self._make_common_data_structure(handler(cur))

[2024-05-06T12:46:19.234+0000] {taskinstance.py:441} INFO - ::group::Post task execution logs
[2024-05-06T12:46:19.256+0000] {taskinstance.py:1205} INFO - Marking task as SUCCESS. dag_id=postgres_operator_dag, task_id=getfrommysql, execution_date=20240506T124606, start_date=20240506T124619, end_date=20240506T124619
[2024-05-06T12:46:19.274+0000] {local_task_job_runner.py:240} INFO - Task exited with return code 0
[2024-05-06T12:46:19.285+0000] {warnings.py:110} WARNING - /home/***/.local/lib/python3.12/site-packages/***/models/baseoperator.py:1296: AirflowProviderDeprecationWarning: Call to deprecated class MySqlOperator. (Please use `***.providers.common.sql.operators.sql.SQLExecuteQueryOperator`.Also, you can provide `hook_params={'schema': <database>}`.)
  result = cls.__new__(cls)

[2024-05-06T12:46:19.302+0000] {taskinstance.py:3482} INFO - 1 downstream tasks scheduled from follow-on schedule check
[2024-05-06T12:46:19.304+0000] {local_task_job_runner.py:222} INFO - ::endgroup::
