[2024-05-06T12:30:09.874+0000] {local_task_job_runner.py:120} INFO - ::group::Pre task execution logs
[2024-05-06T12:30:09.895+0000] {taskinstance.py:2073} INFO - Dependencies all met for dep_context=non-requeueable deps ti=<TaskInstance: postgres_operator_dag.get_birth_date_mysql manual__2024-05-06T12:30:00.108316+00:00 [queued]>
[2024-05-06T12:30:09.904+0000] {taskinstance.py:2073} INFO - Dependencies all met for dep_context=requeueable deps ti=<TaskInstance: postgres_operator_dag.get_birth_date_mysql manual__2024-05-06T12:30:00.108316+00:00 [queued]>
[2024-05-06T12:30:09.905+0000] {taskinstance.py:2303} INFO - Starting attempt 1 of 3
[2024-05-06T12:30:09.920+0000] {taskinstance.py:2327} INFO - Executing <Task(MySqlOperator): get_birth_date_mysql> on 2024-05-06 12:30:00.108316+00:00
[2024-05-06T12:30:09.926+0000] {warnings.py:110} WARNING - /home/***/.local/lib/python3.12/site-packages/***/task/task_runner/standard_task_runner.py:61: DeprecationWarning: This process (pid=2553) is multi-threaded, use of fork() may lead to deadlocks in the child.
  pid = os.fork()

[2024-05-06T12:30:09.928+0000] {standard_task_runner.py:63} INFO - Started process 2554 to run task
[2024-05-06T12:30:09.927+0000] {standard_task_runner.py:90} INFO - Running: ['***', 'tasks', 'run', 'postgres_operator_dag', 'get_birth_date_mysql', 'manual__2024-05-06T12:30:00.108316+00:00', '--job-id', '285', '--raw', '--subdir', 'DAGS_FOLDER/kachevo.py', '--cfg-path', '/tmp/tmpfvo4m1vn']
[2024-05-06T12:30:09.929+0000] {standard_task_runner.py:91} INFO - Job 285: Subtask get_birth_date_mysql
[2024-05-06T12:30:09.973+0000] {task_command.py:426} INFO - Running <TaskInstance: postgres_operator_dag.get_birth_date_mysql manual__2024-05-06T12:30:00.108316+00:00 [running]> on host db2363de7199
[2024-05-06T12:30:10.052+0000] {taskinstance.py:2644} INFO - Exporting env vars: AIRFLOW_CTX_DAG_OWNER='***' AIRFLOW_CTX_DAG_ID='postgres_operator_dag' AIRFLOW_CTX_TASK_ID='get_birth_date_mysql' AIRFLOW_CTX_EXECUTION_DATE='2024-05-06T12:30:00.108316+00:00' AIRFLOW_CTX_TRY_NUMBER='1' AIRFLOW_CTX_DAG_RUN_ID='manual__2024-05-06T12:30:00.108316+00:00'
[2024-05-06T12:30:10.053+0000] {taskinstance.py:430} INFO - ::endgroup::
[2024-05-06T12:30:10.064+0000] {sql.py:276} INFO - Executing: SELECT birth_date FROM pet
[2024-05-06T12:30:10.073+0000] {base.py:84} INFO - Using connection ID 'mysql' for task execution.
[2024-05-06T12:30:10.081+0000] {base.py:84} INFO - Using connection ID 'mysql' for task execution.
[2024-05-06T12:30:10.092+0000] {sql.py:457} INFO - Running statement: SELECT birth_date FROM pet, parameters: {'begin_date': '2020-01-01', 'end_date': '2020-12-31'}
[2024-05-06T12:30:10.094+0000] {sql.py:466} INFO - Rows affected: 5
[2024-05-06T12:30:10.095+0000] {warnings.py:110} WARNING - /home/***/.local/lib/python3.12/site-packages/***/providers/common/sql/hooks/sql.py:407: AirflowProviderDeprecationWarning: Call to deprecated method _make_common_data_structure. (The `_make_serializable` method is deprecated and support will be removed in a future version of the common.sql provider. Please update the DbApiHook's provider to a version based on common.sql >= 1.9.1.)
  result = self._make_common_data_structure(handler(cur))

[2024-05-06T12:30:10.096+0000] {taskinstance.py:441} INFO - ::group::Post task execution logs
[2024-05-06T12:30:10.115+0000] {taskinstance.py:1205} INFO - Marking task as SUCCESS. dag_id=postgres_operator_dag, task_id=get_birth_date_mysql, execution_date=20240506T123000, start_date=20240506T123009, end_date=20240506T123010
[2024-05-06T12:30:10.142+0000] {local_task_job_runner.py:240} INFO - Task exited with return code 0
[2024-05-06T12:30:10.151+0000] {warnings.py:110} WARNING - /home/***/.local/lib/python3.12/site-packages/***/models/baseoperator.py:1296: AirflowProviderDeprecationWarning: Call to deprecated class MySqlOperator. (Please use `***.providers.common.sql.operators.sql.SQLExecuteQueryOperator`.Also, you can provide `hook_params={'schema': <database>}`.)
  result = cls.__new__(cls)

[2024-05-06T12:30:10.167+0000] {taskinstance.py:3482} INFO - 1 downstream tasks scheduled from follow-on schedule check
[2024-05-06T12:30:10.169+0000] {local_task_job_runner.py:222} INFO - ::endgroup::
