[2024-05-06T12:09:12.695+0000] {local_task_job_runner.py:120} INFO - ::group::Pre task execution logs
[2024-05-06T12:09:12.714+0000] {taskinstance.py:2073} INFO - Dependencies all met for dep_context=non-requeueable deps ti=<TaskInstance: postgres_operator_dag.get_all_pets_pgsql manual__2024-05-06T12:09:08.420302+00:00 [queued]>
[2024-05-06T12:09:12.721+0000] {taskinstance.py:2073} INFO - Dependencies all met for dep_context=requeueable deps ti=<TaskInstance: postgres_operator_dag.get_all_pets_pgsql manual__2024-05-06T12:09:08.420302+00:00 [queued]>
[2024-05-06T12:09:12.722+0000] {taskinstance.py:2303} INFO - Starting attempt 1 of 3
[2024-05-06T12:09:12.732+0000] {taskinstance.py:2327} INFO - Executing <Task(PostgresOperator): get_all_pets_pgsql> on 2024-05-06 12:09:08.420302+00:00
[2024-05-06T12:09:12.738+0000] {warnings.py:110} WARNING - /home/***/.local/lib/python3.12/site-packages/***/task/task_runner/standard_task_runner.py:61: DeprecationWarning: This process (pid=2094) is multi-threaded, use of fork() may lead to deadlocks in the child.
  pid = os.fork()

[2024-05-06T12:09:12.739+0000] {standard_task_runner.py:63} INFO - Started process 2095 to run task
[2024-05-06T12:09:12.739+0000] {standard_task_runner.py:90} INFO - Running: ['***', 'tasks', 'run', 'postgres_operator_dag', 'get_all_pets_pgsql', 'manual__2024-05-06T12:09:08.420302+00:00', '--job-id', '192', '--raw', '--subdir', 'DAGS_FOLDER/kachevo.py', '--cfg-path', '/tmp/tmpfzz2e3rb']
[2024-05-06T12:09:12.741+0000] {standard_task_runner.py:91} INFO - Job 192: Subtask get_all_pets_pgsql
[2024-05-06T12:09:12.776+0000] {task_command.py:426} INFO - Running <TaskInstance: postgres_operator_dag.get_all_pets_pgsql manual__2024-05-06T12:09:08.420302+00:00 [running]> on host db2363de7199
[2024-05-06T12:09:12.862+0000] {taskinstance.py:2644} INFO - Exporting env vars: AIRFLOW_CTX_DAG_OWNER='***' AIRFLOW_CTX_DAG_ID='postgres_operator_dag' AIRFLOW_CTX_TASK_ID='get_all_pets_pgsql' AIRFLOW_CTX_EXECUTION_DATE='2024-05-06T12:09:08.420302+00:00' AIRFLOW_CTX_TRY_NUMBER='1' AIRFLOW_CTX_DAG_RUN_ID='manual__2024-05-06T12:09:08.420302+00:00'
[2024-05-06T12:09:12.863+0000] {taskinstance.py:430} INFO - ::endgroup::
[2024-05-06T12:09:12.875+0000] {sql.py:276} INFO - Executing: SELECT * FROM pet;
[2024-05-06T12:09:12.884+0000] {base.py:84} INFO - Using connection ID 'postgres' for task execution.
[2024-05-06T12:09:12.891+0000] {base.py:84} INFO - Using connection ID 'postgres' for task execution.
[2024-05-06T12:09:12.934+0000] {sql.py:457} INFO - Running statement: SELECT * FROM pet;, parameters: None
[2024-05-06T12:09:12.936+0000] {sql.py:466} INFO - Rows affected: 24
[2024-05-06T12:09:12.937+0000] {warnings.py:110} WARNING - /home/***/.local/lib/python3.12/site-packages/***/providers/common/sql/hooks/sql.py:407: AirflowProviderDeprecationWarning: Call to deprecated method _make_common_data_structure. (The `_make_serializable` method is deprecated and support will be removed in a future version of the common.sql provider. Please update the DbApiHook's provider to a version based on common.sql >= 1.9.1.)
  result = self._make_common_data_structure(handler(cur))

[2024-05-06T12:09:12.938+0000] {taskinstance.py:441} INFO - ::group::Post task execution logs
[2024-05-06T12:09:12.957+0000] {taskinstance.py:1205} INFO - Marking task as SUCCESS. dag_id=postgres_operator_dag, task_id=get_all_pets_pgsql, execution_date=20240506T120908, start_date=20240506T120912, end_date=20240506T120912
[2024-05-06T12:09:12.994+0000] {local_task_job_runner.py:240} INFO - Task exited with return code 0
[2024-05-06T12:09:13.002+0000] {warnings.py:110} WARNING - /home/***/.local/lib/python3.12/site-packages/***/models/baseoperator.py:1296: AirflowProviderDeprecationWarning: Call to deprecated class MySqlOperator. (Please use `***.providers.common.sql.operators.sql.SQLExecuteQueryOperator`.Also, you can provide `hook_params={'schema': <database>}`.)
  result = cls.__new__(cls)

[2024-05-06T12:09:13.003+0000] {warnings.py:110} WARNING - /home/***/.local/lib/python3.12/site-packages/***/models/baseoperator.py:1296: AirflowProviderDeprecationWarning: Call to deprecated class PostgresOperator. (Please use `***.providers.common.sql.operators.sql.SQLExecuteQueryOperator`.Also, you can provide `hook_params={'schema': <database>}`.)
  result = cls.__new__(cls)

[2024-05-06T12:09:13.018+0000] {taskinstance.py:3482} INFO - 1 downstream tasks scheduled from follow-on schedule check
[2024-05-06T12:09:13.020+0000] {local_task_job_runner.py:222} INFO - ::endgroup::
