[2024-05-06T10:01:29.460+0000] {local_task_job_runner.py:120} INFO - ::group::Pre task execution logs
[2024-05-06T10:01:29.480+0000] {taskinstance.py:2073} INFO - Dependencies all met for dep_context=non-requeueable deps ti=<TaskInstance: postgres_operator_dag.get_birth_date manual__2024-05-06T10:01:24.851160+00:00 [queued]>
[2024-05-06T10:01:29.487+0000] {taskinstance.py:2073} INFO - Dependencies all met for dep_context=requeueable deps ti=<TaskInstance: postgres_operator_dag.get_birth_date manual__2024-05-06T10:01:24.851160+00:00 [queued]>
[2024-05-06T10:01:29.488+0000] {taskinstance.py:2303} INFO - Starting attempt 1 of 1
[2024-05-06T10:01:29.499+0000] {taskinstance.py:2327} INFO - Executing <Task(PostgresOperator): get_birth_date> on 2024-05-06 10:01:24.851160+00:00
[2024-05-06T10:01:29.503+0000] {warnings.py:110} WARNING - /home/***/.local/lib/python3.12/site-packages/***/task/task_runner/standard_task_runner.py:61: DeprecationWarning: This process (pid=152) is multi-threaded, use of fork() may lead to deadlocks in the child.
  pid = os.fork()

[2024-05-06T10:01:29.505+0000] {standard_task_runner.py:63} INFO - Started process 153 to run task
[2024-05-06T10:01:29.505+0000] {standard_task_runner.py:90} INFO - Running: ['***', 'tasks', 'run', 'postgres_operator_dag', 'get_birth_date', 'manual__2024-05-06T10:01:24.851160+00:00', '--job-id', '56', '--raw', '--subdir', 'DAGS_FOLDER/kachevo.py', '--cfg-path', '/tmp/tmpwe_ati53']
[2024-05-06T10:01:29.507+0000] {standard_task_runner.py:91} INFO - Job 56: Subtask get_birth_date
[2024-05-06T10:01:29.542+0000] {task_command.py:426} INFO - Running <TaskInstance: postgres_operator_dag.get_birth_date manual__2024-05-06T10:01:24.851160+00:00 [running]> on host db2363de7199
[2024-05-06T10:01:29.611+0000] {taskinstance.py:2644} INFO - Exporting env vars: AIRFLOW_CTX_DAG_OWNER='***' AIRFLOW_CTX_DAG_ID='postgres_operator_dag' AIRFLOW_CTX_TASK_ID='get_birth_date' AIRFLOW_CTX_EXECUTION_DATE='2024-05-06T10:01:24.851160+00:00' AIRFLOW_CTX_TRY_NUMBER='1' AIRFLOW_CTX_DAG_RUN_ID='manual__2024-05-06T10:01:24.851160+00:00'
[2024-05-06T10:01:29.612+0000] {taskinstance.py:430} INFO - ::endgroup::
[2024-05-06T10:01:29.622+0000] {sql.py:276} INFO - Executing: SELECT * FROM pet WHERE birth_date BETWEEN SYMMETRIC %(begin_date)s AND %(end_date)s
[2024-05-06T10:01:29.629+0000] {base.py:84} INFO - Using connection ID 'postgres' for task execution.
[2024-05-06T10:01:29.637+0000] {base.py:84} INFO - Using connection ID 'postgres' for task execution.
[2024-05-06T10:01:29.673+0000] {sql.py:457} INFO - Running statement: SELECT * FROM pet WHERE birth_date BETWEEN SYMMETRIC %(begin_date)s AND %(end_date)s, parameters: {'begin_date': '2020-01-01', 'end_date': '2020-12-31'}
[2024-05-06T10:01:29.676+0000] {sql.py:466} INFO - Rows affected: 5
[2024-05-06T10:01:29.677+0000] {warnings.py:110} WARNING - /home/***/.local/lib/python3.12/site-packages/***/providers/common/sql/hooks/sql.py:407: AirflowProviderDeprecationWarning: Call to deprecated method _make_common_data_structure. (The `_make_serializable` method is deprecated and support will be removed in a future version of the common.sql provider. Please update the DbApiHook's provider to a version based on common.sql >= 1.9.1.)
  result = self._make_common_data_structure(handler(cur))

[2024-05-06T10:01:29.679+0000] {taskinstance.py:441} INFO - ::group::Post task execution logs
[2024-05-06T10:01:29.696+0000] {taskinstance.py:1205} INFO - Marking task as SUCCESS. dag_id=postgres_operator_dag, task_id=get_birth_date, execution_date=20240506T100124, start_date=20240506T100129, end_date=20240506T100129
[2024-05-06T10:01:29.719+0000] {local_task_job_runner.py:240} INFO - Task exited with return code 0
[2024-05-06T10:01:29.727+0000] {warnings.py:110} WARNING - /home/***/.local/lib/python3.12/site-packages/***/models/baseoperator.py:1296: AirflowProviderDeprecationWarning: Call to deprecated class MySqlOperator. (Please use `***.providers.common.sql.operators.sql.SQLExecuteQueryOperator`.Also, you can provide `hook_params={'schema': <database>}`.)
  result = cls.__new__(cls)

[2024-05-06T10:01:29.728+0000] {warnings.py:110} WARNING - /home/***/.local/lib/python3.12/site-packages/***/models/baseoperator.py:1296: AirflowProviderDeprecationWarning: Call to deprecated class PostgresOperator. (Please use `***.providers.common.sql.operators.sql.SQLExecuteQueryOperator`.Also, you can provide `hook_params={'schema': <database>}`.)
  result = cls.__new__(cls)

[2024-05-06T10:01:29.737+0000] {taskinstance.py:3482} INFO - 1 downstream tasks scheduled from follow-on schedule check
[2024-05-06T10:01:29.739+0000] {local_task_job_runner.py:222} INFO - ::endgroup::
