[2024-05-06T12:08:06.593+0000] {local_task_job_runner.py:120} INFO - ::group::Pre task execution logs
[2024-05-06T12:08:06.614+0000] {taskinstance.py:2073} INFO - Dependencies all met for dep_context=non-requeueable deps ti=<TaskInstance: postgres_operator_dag.get_birth_date_pgsql manual__2024-05-06T12:07:58.579599+00:00 [queued]>
[2024-05-06T12:08:06.623+0000] {taskinstance.py:2073} INFO - Dependencies all met for dep_context=requeueable deps ti=<TaskInstance: postgres_operator_dag.get_birth_date_pgsql manual__2024-05-06T12:07:58.579599+00:00 [queued]>
[2024-05-06T12:08:06.623+0000] {taskinstance.py:2303} INFO - Starting attempt 1 of 3
[2024-05-06T12:08:06.639+0000] {taskinstance.py:2327} INFO - Executing <Task(PostgresOperator): get_birth_date_pgsql> on 2024-05-06 12:07:58.579599+00:00
[2024-05-06T12:08:06.646+0000] {warnings.py:110} WARNING - /home/***/.local/lib/python3.12/site-packages/***/task/task_runner/standard_task_runner.py:61: DeprecationWarning: This process (pid=2068) is multi-threaded, use of fork() may lead to deadlocks in the child.
  pid = os.fork()

[2024-05-06T12:08:06.648+0000] {standard_task_runner.py:63} INFO - Started process 2069 to run task
[2024-05-06T12:08:06.648+0000] {standard_task_runner.py:90} INFO - Running: ['***', 'tasks', 'run', 'postgres_operator_dag', 'get_birth_date_pgsql', 'manual__2024-05-06T12:07:58.579599+00:00', '--job-id', '186', '--raw', '--subdir', 'DAGS_FOLDER/kachevo.py', '--cfg-path', '/tmp/tmpu8h_ku23']
[2024-05-06T12:08:06.650+0000] {standard_task_runner.py:91} INFO - Job 186: Subtask get_birth_date_pgsql
[2024-05-06T12:08:06.687+0000] {task_command.py:426} INFO - Running <TaskInstance: postgres_operator_dag.get_birth_date_pgsql manual__2024-05-06T12:07:58.579599+00:00 [running]> on host db2363de7199
[2024-05-06T12:08:06.763+0000] {taskinstance.py:2644} INFO - Exporting env vars: AIRFLOW_CTX_DAG_OWNER='***' AIRFLOW_CTX_DAG_ID='postgres_operator_dag' AIRFLOW_CTX_TASK_ID='get_birth_date_pgsql' AIRFLOW_CTX_EXECUTION_DATE='2024-05-06T12:07:58.579599+00:00' AIRFLOW_CTX_TRY_NUMBER='1' AIRFLOW_CTX_DAG_RUN_ID='manual__2024-05-06T12:07:58.579599+00:00'
[2024-05-06T12:08:06.764+0000] {taskinstance.py:430} INFO - ::endgroup::
[2024-05-06T12:08:06.775+0000] {sql.py:276} INFO - Executing: SELECT * FROM pet WHERE birth_date BETWEEN SYMMETRIC %(begin_date)s AND %(end_date)s
[2024-05-06T12:08:06.783+0000] {base.py:84} INFO - Using connection ID 'postgres' for task execution.
[2024-05-06T12:08:06.791+0000] {base.py:84} INFO - Using connection ID 'postgres' for task execution.
[2024-05-06T12:08:06.829+0000] {sql.py:457} INFO - Running statement: SELECT * FROM pet WHERE birth_date BETWEEN SYMMETRIC %(begin_date)s AND %(end_date)s, parameters: {'begin_date': '2020-01-01', 'end_date': '2020-12-31'}
[2024-05-06T12:08:06.832+0000] {sql.py:466} INFO - Rows affected: 5
[2024-05-06T12:08:06.833+0000] {warnings.py:110} WARNING - /home/***/.local/lib/python3.12/site-packages/***/providers/common/sql/hooks/sql.py:407: AirflowProviderDeprecationWarning: Call to deprecated method _make_common_data_structure. (The `_make_serializable` method is deprecated and support will be removed in a future version of the common.sql provider. Please update the DbApiHook's provider to a version based on common.sql >= 1.9.1.)
  result = self._make_common_data_structure(handler(cur))

[2024-05-06T12:08:06.835+0000] {taskinstance.py:441} INFO - ::group::Post task execution logs
[2024-05-06T12:08:06.854+0000] {taskinstance.py:1205} INFO - Marking task as SUCCESS. dag_id=postgres_operator_dag, task_id=get_birth_date_pgsql, execution_date=20240506T120758, start_date=20240506T120806, end_date=20240506T120806
[2024-05-06T12:08:06.902+0000] {local_task_job_runner.py:240} INFO - Task exited with return code 0
[2024-05-06T12:08:06.912+0000] {warnings.py:110} WARNING - /home/***/.local/lib/python3.12/site-packages/***/models/baseoperator.py:1296: AirflowProviderDeprecationWarning: Call to deprecated class MySqlOperator. (Please use `***.providers.common.sql.operators.sql.SQLExecuteQueryOperator`.Also, you can provide `hook_params={'schema': <database>}`.)
  result = cls.__new__(cls)

[2024-05-06T12:08:06.913+0000] {warnings.py:110} WARNING - /home/***/.local/lib/python3.12/site-packages/***/models/baseoperator.py:1296: AirflowProviderDeprecationWarning: Call to deprecated class PostgresOperator. (Please use `***.providers.common.sql.operators.sql.SQLExecuteQueryOperator`.Also, you can provide `hook_params={'schema': <database>}`.)
  result = cls.__new__(cls)

[2024-05-06T12:08:06.929+0000] {taskinstance.py:3482} INFO - 1 downstream tasks scheduled from follow-on schedule check
[2024-05-06T12:08:06.931+0000] {local_task_job_runner.py:222} INFO - ::endgroup::
